<?xml version="1.0" encoding="UTF-8"?><TestRun id="fad38b0c-f1df-4f42-b0ba-1597460f8494" name="pranayp@PRANAY-TEST 2014-08-08 11:37:31" runUser="REDMOND\pranayp" xmlns="http://microsoft.com/schemas/VisualStudio/TeamTest/2010">  <Times creation="2014-08-08T11:37:31.2168691-07:00" queuing="2014-08-08T11:37:31.2168691-07:00" start="2014-08-08T11:37:31.2218691-07:00" finish="2014-08-08T11:42:12.4008691-07:00" />  <TestSettings name="default" id="7548d65d-cfab-4d87-b042-b00e548d4e26">    <Execution>      <TestTypeSpecific />    </Execution>    <Deployment runDeploymentRoot="pranayp_PRANAY-TEST 2014-08-08 11_37_31" />  </TestSettings>  <Results>    <UnitTestResult executionId="0c6320d6-5a36-4f7e-ad52-73aea908096f" testId="15cb34d8-a0e5-4392-2cc5-88a008dfc7e7" testName="TestAzureExternalNames" computerName="PRANAY-TEST" duration="00:00:00.0869401" startTime="2014-08-08T11:37:31.0048691-07:00" endTime="2014-08-08T11:37:31.1428691-07:00" testType="13cdc9d9-ddb5-4fa4-a97d-d965ccfc6d4b" outcome="Passed" testListId="8c84fa94-04c1-424b-9868-57a2d4851a1d" relativeResultsDirectory="0c6320d6-5a36-4f7e-ad52-73aea908096f" />    <UnitTestResult executionId="3c209d38-486b-43c3-8581-69cb3cdd1ed7" testId="d35e3170-b1ad-05a5-2590-a4f4ebea3c18" testName="TestSyncFabricGraph" computerName="PRANAY-TEST" duration="00:00:32.7973642" startTime="2014-08-08T11:37:31.1638691-07:00" endTime="2014-08-08T11:38:03.9598691-07:00" testType="13cdc9d9-ddb5-4fa4-a97d-d965ccfc6d4b" outcome="Passed" testListId="8c84fa94-04c1-424b-9868-57a2d4851a1d" relativeResultsDirectory="3c209d38-486b-43c3-8581-69cb3cdd1ed7" />    <UnitTestResult executionId="1c785e66-7c91-4bec-b28c-e93b81078423" testId="4759d957-76b0-dd02-0544-53db89b17c13" testName="TestCancellation" computerName="PRANAY-TEST" duration="00:00:01.2732957" startTime="2014-08-08T11:37:31.2728691-07:00" endTime="2014-08-08T11:37:32.5958691-07:00" testType="13cdc9d9-ddb5-4fa4-a97d-d965ccfc6d4b" outcome="Passed" testListId="8c84fa94-04c1-424b-9868-57a2d4851a1d" relativeResultsDirectory="1c785e66-7c91-4bec-b28c-e93b81078423" />    <UnitTestResult executionId="187eb6f3-1055-40d1-a120-10f8cabe0817" testId="513e1d13-bc54-06ff-ce58-63e069de757e" testName="TestDeferment" computerName="PRANAY-TEST" duration="00:00:11.9900230" startTime="2014-08-08T11:37:32.6148691-07:00" endTime="2014-08-08T11:37:44.6048691-07:00" testType="13cdc9d9-ddb5-4fa4-a97d-d965ccfc6d4b" outcome="Passed" testListId="8c84fa94-04c1-424b-9868-57a2d4851a1d" relativeResultsDirectory="187eb6f3-1055-40d1-a120-10f8cabe0817" />    <UnitTestResult executionId="86d1b3f6-dc7d-4e4f-940c-049a97a1cdc0" testId="f2924994-b9f3-8f93-4999-d913b3b479db" testName="TestDefermentMinimum" computerName="PRANAY-TEST" duration="00:00:00.1614743" startTime="2014-08-08T11:37:44.6058691-07:00" endTime="2014-08-08T11:37:44.7678691-07:00" testType="13cdc9d9-ddb5-4fa4-a97d-d965ccfc6d4b" outcome="Passed" testListId="8c84fa94-04c1-424b-9868-57a2d4851a1d" relativeResultsDirectory="86d1b3f6-dc7d-4e4f-940c-049a97a1cdc0" />    <UnitTestResult executionId="ead612a7-01da-485e-b0e4-f59cf2cc6b99" testId="9bee1e3e-0b58-16d5-2690-5dc5243a9d09" testName="TestEnqueue" computerName="PRANAY-TEST" duration="00:00:00.1103104" startTime="2014-08-08T11:37:44.7678691-07:00" endTime="2014-08-08T11:37:44.8778691-07:00" testType="13cdc9d9-ddb5-4fa4-a97d-d965ccfc6d4b" outcome="Passed" testListId="8c84fa94-04c1-424b-9868-57a2d4851a1d" relativeResultsDirectory="ead612a7-01da-485e-b0e4-f59cf2cc6b99" />    <UnitTestResult executionId="148aa0fd-e661-448e-81a3-a8d07de4d176" testId="551afdef-aee4-3d80-7a14-c0434deb5f78" testName="TestUpdate" computerName="PRANAY-TEST" duration="00:00:00.1116316" startTime="2014-08-08T11:37:44.8778691-07:00" endTime="2014-08-08T11:37:44.9898691-07:00" testType="13cdc9d9-ddb5-4fa4-a97d-d965ccfc6d4b" outcome="Passed" testListId="8c84fa94-04c1-424b-9868-57a2d4851a1d" relativeResultsDirectory="148aa0fd-e661-448e-81a3-a8d07de4d176" />    <UnitTestResult executionId="66b4aa5c-88e1-4893-a304-4f9a285e719c" testId="4970fbbb-83fc-b503-3769-d340eb13a0b4" testName="TestEvaluationDeltaAddEntrySoftDeleteUnspecified" computerName="PRANAY-TEST" duration="00:00:25.3699822" startTime="2014-08-08T11:37:21.0828691-07:00" endTime="2014-08-08T11:37:46.5048691-07:00" testType="13cdc9d9-ddb5-4fa4-a97d-d965ccfc6d4b" outcome="Passed" testListId="8c84fa94-04c1-424b-9868-57a2d4851a1d" relativeResultsDirectory="66b4aa5c-88e1-4893-a304-4f9a285e719c" />    <UnitTestResult executionId="0ee03bfe-1d9d-49b1-acd1-6eb2f2fc481b" testId="09f12975-9a0d-fce8-c101-382eca057836" testName="TestEvaluationDeltaAddEntry" computerName="PRANAY-TEST" duration="00:00:07.6447242" startTime="2014-08-08T11:37:46.5238691-07:00" endTime="2014-08-08T11:37:54.1688691-07:00" testType="13cdc9d9-ddb5-4fa4-a97d-d965ccfc6d4b" outcome="Passed" testListId="8c84fa94-04c1-424b-9868-57a2d4851a1d" relativeResultsDirectory="0ee03bfe-1d9d-49b1-acd1-6eb2f2fc481b" />    <UnitTestResult executionId="42e2f67c-f3f3-4dd5-9456-89b2fdba164e" testId="a12da05e-386c-d963-205f-d22afd97c64d" testName="TestEvaluationDeltaUpdateEntry" computerName="PRANAY-TEST" duration="00:00:09.7735273" startTime="2014-08-08T11:37:54.1698691-07:00" endTime="2014-08-08T11:38:03.9428691-07:00" testType="13cdc9d9-ddb5-4fa4-a97d-d965ccfc6d4b" outcome="Passed" testListId="8c84fa94-04c1-424b-9868-57a2d4851a1d" relativeResultsDirectory="42e2f67c-f3f3-4dd5-9456-89b2fdba164e" />    <UnitTestResult executionId="e2db3958-cb30-4052-9143-1f17580cf518" testId="ab1d1200-c9ce-cd2b-f079-fc16717eee2d" testName="TestEvaluationDeltaUpdateEntryNoUserName" computerName="PRANAY-TEST" duration="00:00:19.1090081" startTime="2014-08-08T11:38:03.9438691-07:00" endTime="2014-08-08T11:38:23.0518691-07:00" testType="13cdc9d9-ddb5-4fa4-a97d-d965ccfc6d4b" outcome="Passed" testListId="8c84fa94-04c1-424b-9868-57a2d4851a1d" relativeResultsDirectory="e2db3958-cb30-4052-9143-1f17580cf518" />    <UnitTestResult executionId="c6eeb941-dc51-44ee-ba1d-1b4590abe574" testId="13181342-9e51-1fd2-e42d-fe5aaca2a84d" testName="TestEvaluationDeltaDeleteEntry" computerName="PRANAY-TEST" duration="00:00:15.6131339" startTime="2014-08-08T11:38:23.0528691-07:00" endTime="2014-08-08T11:38:38.6648691-07:00" testType="13cdc9d9-ddb5-4fa4-a97d-d965ccfc6d4b" outcome="Passed" testListId="8c84fa94-04c1-424b-9868-57a2d4851a1d" relativeResultsDirectory="c6eeb941-dc51-44ee-ba1d-1b4590abe574" />    <UnitTestResult executionId="e60ca775-5387-4b16-bbed-d8a6ea47c08f" testId="4e87804c-92d3-e11c-2aa7-7757ec1ad9b4" testName="TestEvaluationDeltaEntitlementGrants" computerName="PRANAY-TEST" duration="00:00:12.3612999" startTime="2014-08-08T11:38:38.6658691-07:00" endTime="2014-08-08T11:38:51.0268691-07:00" testType="13cdc9d9-ddb5-4fa4-a97d-d965ccfc6d4b" outcome="Passed" testListId="8c84fa94-04c1-424b-9868-57a2d4851a1d" relativeResultsDirectory="e60ca775-5387-4b16-bbed-d8a6ea47c08f" />    <UnitTestResult executionId="91e12b2d-9533-443b-8b1d-cee1ba6f66f5" testId="169ee8de-30b5-3246-1822-e0d2c0fbc2c1" testName="TestEvaluationUpdateEntryModifyJoiningPropertyBox" computerName="PRANAY-TEST" duration="00:00:18.7160836" startTime="2014-08-08T11:38:51.0268691-07:00" endTime="2014-08-08T11:39:10.0378691-07:00" testType="13cdc9d9-ddb5-4fa4-a97d-d965ccfc6d4b" outcome="Passed" testListId="8c84fa94-04c1-424b-9868-57a2d4851a1d" relativeResultsDirectory="91e12b2d-9533-443b-8b1d-cee1ba6f66f5" />    <UnitTestResult executionId="d98ea427-ec24-446e-9a7b-2302e1457191" testId="525c64de-27e3-4b6a-b1fc-4003890433f9" testName="TestEvaluationDeltaAddEntryWithCustomSchema" computerName="PRANAY-TEST" duration="00:00:41.3159193" startTime="2014-08-08T11:39:10.0378691-07:00" endTime="2014-08-08T11:39:51.3518691-07:00" testType="13cdc9d9-ddb5-4fa4-a97d-d965ccfc6d4b" outcome="Passed" testListId="8c84fa94-04c1-424b-9868-57a2d4851a1d" relativeResultsDirectory="d98ea427-ec24-446e-9a7b-2302e1457191" />    <UnitTestResult executionId="a96166c0-d729-45a8-ab08-ad3390dae75b" testId="81c66a64-3176-f482-1e71-085c4d24bfcd" testName="TestEvaluationDeltaAddEntrySoftDeleteUnspecified" computerName="PRANAY-TEST" duration="00:00:34.8672630" startTime="2014-08-08T11:39:51.3528691-07:00" endTime="2014-08-08T11:40:26.2178691-07:00" testType="13cdc9d9-ddb5-4fa4-a97d-d965ccfc6d4b" outcome="Failed" testListId="8c84fa94-04c1-424b-9868-57a2d4851a1d" relativeResultsDirectory="a96166c0-d729-45a8-ab08-ad3390dae75b">      <Output>        <ErrorInfo>          <Message>Assert.AreEqual failed. Expected:&lt;2&gt;. Actual:&lt;3&gt;. </Message>          <StackTrace>   at Microsoft.ActiveDirectory.Connector.Test.ServiceNowOutboundDeltaSyncRuleUnitTest.&lt;&gt;c__DisplayClass44.&lt;TestEvaluationDeltaAddEntrySoftDeleteUnspecified&gt;b__38(IEnumerable`1 results) in f:\src\Adiam_Cloud_Nightly_Tester\sources\test\Services\SyncFabric\Controller\UnitTests\TestRuleProcessor\ServiceNowOutboundDeltaSyncRuleUnitTest.cs:line 489   at Microsoft.ActiveDirectory.Connector.Test.RuleEvaluationTest.Execute(ISynchronizationRule rule, Guid tenantIdentifier, Boolean fullImport, String runProfileIdentifier) in f:\src\Adiam_Cloud_Nightly_Tester\sources\test\Services\SyncFabric\Controller\UnitTests\TestRuleProcessor\RuleEvaluationTest.cs:line 256   at Microsoft.ActiveDirectory.Connector.Test.ServiceNowOutboundDeltaSyncRuleUnitTest.TestEvaluationDeltaAddEntrySoftDeleteUnspecified() in f:\src\Adiam_Cloud_Nightly_Tester\sources\test\Services\SyncFabric\Controller\UnitTests\TestRuleProcessor\ServiceNowOutboundDeltaSyncRuleUnitTest.cs:line 562   at Microsoft.ActiveDirectory.Connector.Test.ServiceNowOutboundDeltaSyncRuleUnitTestReal.TestEvaluationDeltaAddEntrySoftDeleteUnspecified() in f:\src\Adiam_Cloud_Nightly_Tester\sources\test\Services\SyncFabric\Controller\UnitTests\TestRuleProcessorWithRealProxies\ServiceNowOutboundDeltaSyncRuleUnitTestReal.cs:line 69</StackTrace>        </ErrorInfo>      </Output>    </UnitTestResult>    <UnitTestResult executionId="17b20f1a-91e2-49bd-a0ba-b38a21834eeb" testId="ea91d8db-11d2-9582-9fdc-6a6ee6550842" testName="TestEvaluationDeltaAddUser" computerName="PRANAY-TEST" duration="00:00:27.5449477" startTime="2014-08-08T11:40:26.2188691-07:00" endTime="2014-08-08T11:40:53.7628691-07:00" testType="13cdc9d9-ddb5-4fa4-a97d-d965ccfc6d4b" outcome="Failed" testListId="8c84fa94-04c1-424b-9868-57a2d4851a1d" relativeResultsDirectory="17b20f1a-91e2-49bd-a0ba-b38a21834eeb">      <Output>        <ErrorInfo>          <Message>Assert.AreEqual failed. Expected:&lt;1&gt;. Actual:&lt;2&gt;. </Message>          <StackTrace>   at Microsoft.ActiveDirectory.Connector.Test.ServiceNowOutboundDeltaSyncRuleUnitTest.&lt;&gt;c__DisplayClass68.&lt;TestEvaluationDeltaAddUser&gt;b__5d(IEnumerable`1 results) in f:\src\Adiam_Cloud_Nightly_Tester\sources\test\Services\SyncFabric\Controller\UnitTests\TestRuleProcessor\ServiceNowOutboundDeltaSyncRuleUnitTest.cs:line 723   at Microsoft.ActiveDirectory.Connector.Test.RuleEvaluationTest.Execute(ISynchronizationRule rule, Guid tenantIdentifier, Boolean fullImport, String runProfileIdentifier) in f:\src\Adiam_Cloud_Nightly_Tester\sources\test\Services\SyncFabric\Controller\UnitTests\TestRuleProcessor\RuleEvaluationTest.cs:line 256   at Microsoft.ActiveDirectory.Connector.Test.ServiceNowOutboundDeltaSyncRuleUnitTest.TestEvaluationDeltaAddUser() in f:\src\Adiam_Cloud_Nightly_Tester\sources\test\Services\SyncFabric\Controller\UnitTests\TestRuleProcessor\ServiceNowOutboundDeltaSyncRuleUnitTest.cs:line 775   at Microsoft.ActiveDirectory.Connector.Test.ServiceNowOutboundDeltaSyncRuleUnitTestReal.TestEvaluationDeltaAddUser() in f:\src\Adiam_Cloud_Nightly_Tester\sources\test\Services\SyncFabric\Controller\UnitTests\TestRuleProcessorWithRealProxies\ServiceNowOutboundDeltaSyncRuleUnitTestReal.cs:line 89</StackTrace>        </ErrorInfo>      </Output>    </UnitTestResult>    <UnitTestResult executionId="854dca39-3b5e-4fd0-be8f-270c182b6479" testId="e219f0e1-9a95-7896-18d6-f90edf6632e1" testName="TestEvaluationDeltaUpdateEntry" computerName="PRANAY-TEST" duration="00:00:32.3100999" startTime="2014-08-08T11:40:53.7628691-07:00" endTime="2014-08-08T11:41:26.0708691-07:00" testType="13cdc9d9-ddb5-4fa4-a97d-d965ccfc6d4b" outcome="Failed" testListId="8c84fa94-04c1-424b-9868-57a2d4851a1d" relativeResultsDirectory="854dca39-3b5e-4fd0-be8f-270c182b6479">      <Output>        <ErrorInfo>          <Message>Assert.IsFalse failed. </Message>          <StackTrace>   at Microsoft.ActiveDirectory.Connector.Test.RuleEvaluationTest.Execute(ISynchronizationRule rule, Guid tenantIdentifier, Boolean fullImport, String runProfileIdentifier) in f:\src\Adiam_Cloud_Nightly_Tester\sources\test\Services\SyncFabric\Controller\UnitTests\TestRuleProcessor\RuleEvaluationTest.cs:line 251   at Microsoft.ActiveDirectory.Connector.Test.ServiceNowOutboundDeltaSyncRuleUnitTest.TestEvaluationDeltaUpdateEntry() in f:\src\Adiam_Cloud_Nightly_Tester\sources\test\Services\SyncFabric\Controller\UnitTests\TestRuleProcessor\ServiceNowOutboundDeltaSyncRuleUnitTest.cs:line 962   at Microsoft.ActiveDirectory.Connector.Test.ServiceNowOutboundDeltaSyncRuleUnitTestReal.TestEvaluationDeltaUpdateEntry() in f:\src\Adiam_Cloud_Nightly_Tester\sources\test\Services\SyncFabric\Controller\UnitTests\TestRuleProcessorWithRealProxies\ServiceNowOutboundDeltaSyncRuleUnitTestReal.cs:line 109</StackTrace>        </ErrorInfo>      </Output>    </UnitTestResult>    <UnitTestResult executionId="832bc607-f3c9-4ec2-937e-d6e712438791" testId="c216cd42-c5e4-89d7-4a6c-d6a49c527ebc" testName="TestEvaluationDeltaUpdateEntryNoUserName" computerName="PRANAY-TEST" duration="00:01:05.6285587" startTime="2014-08-08T11:41:26.0718691-07:00" endTime="2014-08-08T11:42:31.6968691-07:00" testType="13cdc9d9-ddb5-4fa4-a97d-d965ccfc6d4b" outcome="Passed" testListId="8c84fa94-04c1-424b-9868-57a2d4851a1d" relativeResultsDirectory="832bc607-f3c9-4ec2-937e-d6e712438791" />    <UnitTestResult executionId="e66b26b6-908f-4982-8897-ec6302915c78" testId="31c30cd7-4531-fb5a-d21e-42f4fef8a3f7" testName="TestEvaluationDeltaDeleteEntry" computerName="PRANAY-TEST" duration="00:00:20.5266861" startTime="2014-08-08T11:42:31.6968691-07:00" endTime="2014-08-08T11:42:52.2228691-07:00" testType="13cdc9d9-ddb5-4fa4-a97d-d965ccfc6d4b" outcome="Failed" testListId="8c84fa94-04c1-424b-9868-57a2d4851a1d" relativeResultsDirectory="e66b26b6-908f-4982-8897-ec6302915c78">      <Output>        <ErrorInfo>          <Message>Assert.AreEqual failed. Expected:&lt;GivenName'1FamilyName1@testing.com&gt;. Actual:&lt;GivenName'1FamilyName1@testing.com_Deleted_3f1b6178-f65f-472d-9cb2-dff3d8384c02&gt;. </Message>          <StackTrace>   at Microsoft.ActiveDirectory.Connector.Test.ServiceNowOutboundDeltaSyncRuleUnitTest.&lt;&gt;c__DisplayClassd3.&lt;TestEvaluationDeltaDeleteEntryReal&gt;b__c9(IEnumerable`1 results) in f:\src\Adiam_Cloud_Nightly_Tester\sources\test\Services\SyncFabric\Controller\UnitTests\TestRuleProcessor\ServiceNowOutboundDeltaSyncRuleUnitTest.cs:line 1360   at Microsoft.ActiveDirectory.Connector.Test.RuleEvaluationTest.Execute(ISynchronizationRule rule, Guid tenantIdentifier, Boolean fullImport, String runProfileIdentifier) in f:\src\Adiam_Cloud_Nightly_Tester\sources\test\Services\SyncFabric\Controller\UnitTests\TestRuleProcessor\RuleEvaluationTest.cs:line 256   at Microsoft.ActiveDirectory.Connector.Test.ServiceNowOutboundDeltaSyncRuleUnitTest.TestEvaluationDeltaDeleteEntryReal() in f:\src\Adiam_Cloud_Nightly_Tester\sources\test\Services\SyncFabric\Controller\UnitTests\TestRuleProcessor\ServiceNowOutboundDeltaSyncRuleUnitTest.cs:line 1390   at Microsoft.ActiveDirectory.Connector.Test.ServiceNowOutboundDeltaSyncRuleUnitTestReal.TestEvaluationDeltaDeleteEntry() in f:\src\Adiam_Cloud_Nightly_Tester\sources\test\Services\SyncFabric\Controller\UnitTests\TestRuleProcessorWithRealProxies\ServiceNowOutboundDeltaSyncRuleUnitTestReal.cs:line 151</StackTrace>        </ErrorInfo>      </Output>    </UnitTestResult>    <UnitTestResult executionId="042068a5-8852-4762-a2c8-caf20d6754c8" testId="c907f7ac-fb4b-f160-15cc-eaa66b9b984e" testName="TestEvaluationDeltaRuleAddEntriesFullImport" computerName="PRANAY-TEST" duration="00:02:11.2889084" startTime="2014-08-08T11:42:52.2228691-07:00" endTime="2014-08-08T11:45:03.5058691-07:00" testType="13cdc9d9-ddb5-4fa4-a97d-d965ccfc6d4b" outcome="Passed" testListId="8c84fa94-04c1-424b-9868-57a2d4851a1d" relativeResultsDirectory="042068a5-8852-4762-a2c8-caf20d6754c8" />    <UnitTestResult executionId="22caf04b-8a0d-4ba8-8036-9ba33c5fe21d" testId="02923289-b603-df04-2e31-dd3780c3e91b" testName="TestEvaluationDeltaRuleAddEntry" computerName="PRANAY-TEST" duration="00:01:06.4823922" startTime="2014-08-08T11:45:03.5058691-07:00" endTime="2014-08-08T11:46:09.9848691-07:00" testType="13cdc9d9-ddb5-4fa4-a97d-d965ccfc6d4b" outcome="Passed" testListId="8c84fa94-04c1-424b-9868-57a2d4851a1d" relativeResultsDirectory="22caf04b-8a0d-4ba8-8036-9ba33c5fe21d" />    <UnitTestResult executionId="fc80568e-24d2-4bfb-9d7c-67c8021beb33" testId="292dbb6e-fb23-aac3-e4f8-5b44ae6e6362" testName="TestEvaluationDeltaRuleUpdateEntry" computerName="PRANAY-TEST" duration="00:02:08.9647187" startTime="2014-08-08T11:46:09.9848691-07:00" endTime="2014-08-08T11:48:18.9428691-07:00" testType="13cdc9d9-ddb5-4fa4-a97d-d965ccfc6d4b" outcome="Passed" testListId="8c84fa94-04c1-424b-9868-57a2d4851a1d" relativeResultsDirectory="fc80568e-24d2-4bfb-9d7c-67c8021beb33" />    <UnitTestResult executionId="2ab0f9dc-2f15-4085-a289-99903cd213cc" testId="4dd4c439-4453-5158-d4fd-176a2bc1ff83" testName="TestEvaluationDeltaRuleUpdateEntrySuspendUser" computerName="PRANAY-TEST" duration="00:03:12.6350476" startTime="2014-08-08T11:48:18.9428691-07:00" endTime="2014-08-08T11:51:31.5678691-07:00" testType="13cdc9d9-ddb5-4fa4-a97d-d965ccfc6d4b" outcome="Passed" testListId="8c84fa94-04c1-424b-9868-57a2d4851a1d" relativeResultsDirectory="2ab0f9dc-2f15-4085-a289-99903cd213cc" />    <UnitTestResult executionId="c8dafa66-9b3f-4bb8-ba87-38bb3a2117d1" testId="27097705-5d32-a8b2-de56-c3f74c7a6f12" testName="TestEvaluationDeltaRuleUpdateEntryModifyJoiningProperty" computerName="PRANAY-TEST" duration="00:03:14.1335637" startTime="2014-08-08T11:51:31.5678691-07:00" endTime="2014-08-08T11:54:45.6908691-07:00" testType="13cdc9d9-ddb5-4fa4-a97d-d965ccfc6d4b" outcome="Passed" testListId="8c84fa94-04c1-424b-9868-57a2d4851a1d" relativeResultsDirectory="c8dafa66-9b3f-4bb8-ba87-38bb3a2117d1" />    <UnitTestResult executionId="035ca9b0-a493-4c56-a26a-00440b29d6aa" testId="695eddaf-1ea6-a810-71f8-7bf8f31ee3db" testName="TestEvaluationDeltaRuleDeleteEntry" computerName="PRANAY-TEST" duration="00:00:07.2537430" startTime="2014-08-08T11:54:45.6908691-07:00" endTime="2014-08-08T11:54:52.9448691-07:00" testType="13cdc9d9-ddb5-4fa4-a97d-d965ccfc6d4b" outcome="Passed" testListId="8c84fa94-04c1-424b-9868-57a2d4851a1d" relativeResultsDirectory="035ca9b0-a493-4c56-a26a-00440b29d6aa" />    <UnitTestResult executionId="e6953cb1-1b2c-4ae6-b604-8b77c567c47f" testId="93616a37-f469-4ec9-5252-7f1b57b3202e" testName="TestEvaluationAddUserEmptyFamilyAndGivenNameGoogleApps" computerName="PRANAY-TEST" duration="00:00:28.7716625" startTime="2014-08-08T11:54:52.9448691-07:00" endTime="2014-08-08T11:55:21.9728691-07:00" testType="13cdc9d9-ddb5-4fa4-a97d-d965ccfc6d4b" outcome="Passed" testListId="8c84fa94-04c1-424b-9868-57a2d4851a1d" relativeResultsDirectory="e6953cb1-1b2c-4ae6-b604-8b77c567c47f" />    <UnitTestResult executionId="313a3799-405f-43d1-be0c-699fea4a7c05" testId="8f767e44-4994-e58c-2f79-7d414fa9f3f3" testName="TestEvaluationAddUserMissingFamilyAndGivenNameGoogleApps" computerName="PRANAY-TEST" duration="00:00:07.4482789" startTime="2014-08-08T11:55:21.9728691-07:00" endTime="2014-08-08T11:55:29.6558691-07:00" testType="13cdc9d9-ddb5-4fa4-a97d-d965ccfc6d4b" outcome="Passed" testListId="8c84fa94-04c1-424b-9868-57a2d4851a1d" relativeResultsDirectory="313a3799-405f-43d1-be0c-699fea4a7c05" />    <UnitTestResult executionId="cba941aa-ae94-4951-901b-4a0aa67b132a" testId="95ed299e-020a-4d41-8b39-9b307b384307" testName="TestEvaluationAddEntriesFullImport" computerName="PRANAY-TEST" duration="00:00:09.8766991" startTime="2014-08-08T11:55:29.6558691-07:00" endTime="2014-08-08T11:55:39.5328691-07:00" testType="13cdc9d9-ddb5-4fa4-a97d-d965ccfc6d4b" outcome="Passed" testListId="8c84fa94-04c1-424b-9868-57a2d4851a1d" relativeResultsDirectory="cba941aa-ae94-4951-901b-4a0aa67b132a" />    <UnitTestResult executionId="b63d2056-a767-4322-9747-cbd62d5c1bcf" testId="1652264c-8ee9-4003-8734-6b5b3ecd2ded" testName="TestEvaluationAddEntry" computerName="PRANAY-TEST" duration="00:00:02.6484186" startTime="2014-08-08T11:55:39.5328691-07:00" endTime="2014-08-08T11:55:42.1808691-07:00" testType="13cdc9d9-ddb5-4fa4-a97d-d965ccfc6d4b" outcome="Passed" testListId="8c84fa94-04c1-424b-9868-57a2d4851a1d" relativeResultsDirectory="b63d2056-a767-4322-9747-cbd62d5c1bcf" />    <UnitTestResult executionId="fa6629fa-89be-409c-9f9f-e82085b7b85b" testId="b1afc68b-e911-99cd-1477-ff2c98c96be2" testName="TestEvaluationAddUpdateEntryWithLastNameEmpty" computerName="PRANAY-TEST" duration="00:00:03.6064295" startTime="2014-08-08T11:55:42.1808691-07:00" endTime="2014-08-08T11:55:45.7878691-07:00" testType="13cdc9d9-ddb5-4fa4-a97d-d965ccfc6d4b" outcome="Passed" testListId="8c84fa94-04c1-424b-9868-57a2d4851a1d" relativeResultsDirectory="fa6629fa-89be-409c-9f9f-e82085b7b85b" />    <UnitTestResult executionId="b02990fd-5326-4597-995e-9302f7dd3178" testId="cab39cf9-5984-b317-863b-1b65e8c30eb9" testName="TestEvaluationAddEntryForExistingSoftDeletedUser" computerName="PRANAY-TEST" duration="00:00:02.6935564" startTime="2014-08-08T11:55:45.7878691-07:00" endTime="2014-08-08T11:55:48.4818691-07:00" testType="13cdc9d9-ddb5-4fa4-a97d-d965ccfc6d4b" outcome="Passed" testListId="8c84fa94-04c1-424b-9868-57a2d4851a1d" relativeResultsDirectory="b02990fd-5326-4597-995e-9302f7dd3178" />    <UnitTestResult executionId="9adad31a-163e-4815-849b-c7c3b075638a" testId="18e3cf6c-9984-0c70-1787-e37621f81c99" testName="TestEvaluationAddUpdateEntryWithEntitlements" computerName="PRANAY-TEST" duration="00:00:06.5316497" startTime="2014-08-08T11:55:48.4818691-07:00" endTime="2014-08-08T11:55:55.0128691-07:00" testType="13cdc9d9-ddb5-4fa4-a97d-d965ccfc6d4b" outcome="Passed" testListId="8c84fa94-04c1-424b-9868-57a2d4851a1d" relativeResultsDirectory="9adad31a-163e-4815-849b-c7c3b075638a" />    <UnitTestResult executionId="e5aa3768-fb58-4878-bc5b-d60b1f627440" testId="de2995e4-e433-a29c-ba2f-f62f1d0f5dca" testName="TestEvaluationDeleteEntry" computerName="PRANAY-TEST" duration="00:00:03.1818358" startTime="2014-08-08T11:55:55.0128691-07:00" endTime="2014-08-08T11:55:58.1948691-07:00" testType="13cdc9d9-ddb5-4fa4-a97d-d965ccfc6d4b" outcome="Passed" testListId="8c84fa94-04c1-424b-9868-57a2d4851a1d" relativeResultsDirectory="e5aa3768-fb58-4878-bc5b-d60b1f627440" />    <UnitTestResult executionId="24ac4a74-4c82-424f-a25d-1770c47f6bfa" testId="a77f831c-92f8-b67c-4844-5d3be7056e01" testName="TestEvaluationUpdateEntry" computerName="PRANAY-TEST" duration="00:00:05.3711317" startTime="2014-08-08T11:55:58.1958691-07:00" endTime="2014-08-08T11:56:03.5668691-07:00" testType="13cdc9d9-ddb5-4fa4-a97d-d965ccfc6d4b" outcome="Passed" testListId="8c84fa94-04c1-424b-9868-57a2d4851a1d" relativeResultsDirectory="24ac4a74-4c82-424f-a25d-1770c47f6bfa" />    <UnitTestResult executionId="c7992898-d67f-4ac1-af83-036e6c5eba85" testId="9667aae0-3c98-e813-e369-893e11c50f02" testName="TestEvaluationDeltaUpdateEntryAddModifyRemoveSingleValued" computerName="PRANAY-TEST" duration="00:00:04.6025576" startTime="2014-08-08T11:56:03.5668691-07:00" endTime="2014-08-08T11:56:08.1698691-07:00" testType="13cdc9d9-ddb5-4fa4-a97d-d965ccfc6d4b" outcome="Passed" testListId="8c84fa94-04c1-424b-9868-57a2d4851a1d" relativeResultsDirectory="c7992898-d67f-4ac1-af83-036e6c5eba85" />    <UnitTestResult executionId="64d27304-94b8-47c7-8a4b-6f9b3195c704" testId="f8eead5b-18e9-701e-20a6-80578dc7ea1b" testName="TestEvaluationDeltaAddEntryAddModifyRemoveSingleValued" computerName="PRANAY-TEST" duration="00:00:03.0121950" startTime="2014-08-08T11:56:08.1698691-07:00" endTime="2014-08-08T11:56:11.1818691-07:00" testType="13cdc9d9-ddb5-4fa4-a97d-d965ccfc6d4b" outcome="Passed" testListId="8c84fa94-04c1-424b-9868-57a2d4851a1d" relativeResultsDirectory="64d27304-94b8-47c7-8a4b-6f9b3195c704" />    <UnitTestResult executionId="a91add3e-808e-429d-9982-adcbc080b29e" testId="aced851a-c8de-50fb-74d3-a9c231d575db" testName="TestEvaluationDeltaAddEntry" computerName="PRANAY-TEST" duration="00:00:02.9610112" startTime="2014-08-08T11:56:11.1818691-07:00" endTime="2014-08-08T11:56:14.1438691-07:00" testType="13cdc9d9-ddb5-4fa4-a97d-d965ccfc6d4b" outcome="Passed" testListId="8c84fa94-04c1-424b-9868-57a2d4851a1d" relativeResultsDirectory="a91add3e-808e-429d-9982-adcbc080b29e" />    <UnitTestResult executionId="04f5e93f-06a1-43a6-8280-1fa179ed5bda" testId="8eb73f68-35cc-16e8-a459-c8824d163c29" testName="TestEvaluationDeltaAddUpdateEntryWithEmptyLast" computerName="PRANAY-TEST" duration="00:00:05.8755281" startTime="2014-08-08T11:56:14.1438691-07:00" endTime="2014-08-08T11:56:20.0188691-07:00" testType="13cdc9d9-ddb5-4fa4-a97d-d965ccfc6d4b" outcome="Passed" testListId="8c84fa94-04c1-424b-9868-57a2d4851a1d" relativeResultsDirectory="04f5e93f-06a1-43a6-8280-1fa179ed5bda" />    <UnitTestResult executionId="19617558-2914-49d4-bdaf-d46df650446c" testId="7caafb94-3b81-c9c0-ebcf-430f354013ee" testName="TestEvaluationDeltaDeleteEntry" computerName="PRANAY-TEST" duration="00:00:04.4132706" startTime="2014-08-08T11:56:20.0188691-07:00" endTime="2014-08-08T11:56:24.4318691-07:00" testType="13cdc9d9-ddb5-4fa4-a97d-d965ccfc6d4b" outcome="Passed" testListId="8c84fa94-04c1-424b-9868-57a2d4851a1d" relativeResultsDirectory="19617558-2914-49d4-bdaf-d46df650446c" />    <UnitTestResult executionId="e425d944-dc58-433c-97a7-4de2c5bb3a64" testId="d16f8a8d-228b-cf4b-09b8-cbc732ae3091" testName="TestEvaluationDeltaAddEntrySoftDeleteReactivation" computerName="PRANAY-TEST" duration="00:00:04.5591287" startTime="2014-08-08T11:56:24.4328691-07:00" endTime="2014-08-08T11:56:28.9918691-07:00" testType="13cdc9d9-ddb5-4fa4-a97d-d965ccfc6d4b" outcome="Passed" testListId="8c84fa94-04c1-424b-9868-57a2d4851a1d" relativeResultsDirectory="e425d944-dc58-433c-97a7-4de2c5bb3a64" />    <UnitTestResult executionId="7527940f-4db1-4c8c-b3e5-fc0fd8afdc3d" testId="a28f9d51-ad52-6dbd-aefb-6e9cf4aa315b" testName="TestSendMessage" computerName="PRANAY-TEST" duration="00:00:01.5453172" startTime="2014-08-08T11:37:51.7348691-07:00" endTime="2014-08-08T11:37:53.5758691-07:00" testType="13cdc9d9-ddb5-4fa4-a97d-d965ccfc6d4b" outcome="Passed" testListId="8c84fa94-04c1-424b-9868-57a2d4851a1d" relativeResultsDirectory="7527940f-4db1-4c8c-b3e5-fc0fd8afdc3d">      <Output>        <StdOut>"To: someName@someDomain.com Body: e6846386-99a5-4005-9278-81b3dadc6f7e"Debug Trace:"To: someName@someDomain.com Body: e6846386-99a5-4005-9278-81b3dadc6f7e"</StdOut>      </Output>    </UnitTestResult>    <UnitTestResult executionId="75fd41dc-996c-4b46-80aa-6ec3dee0bd56" testId="5503110d-12a1-058a-c6af-253f7c815c7e" testName="TestDeleteLockedProfile" computerName="PRANAY-TEST" duration="00:00:13.1353496" startTime="2014-08-08T11:37:53.5998691-07:00" endTime="2014-08-08T11:38:06.7358691-07:00" testType="13cdc9d9-ddb5-4fa4-a97d-d965ccfc6d4b" outcome="Passed" testListId="8c84fa94-04c1-424b-9868-57a2d4851a1d" relativeResultsDirectory="75fd41dc-996c-4b46-80aa-6ec3dee0bd56" />    <UnitTestResult executionId="7aea7b7a-bb5a-4332-8484-e02847d7f59d" testId="1605dfa0-8640-12ea-c982-2875fad35cfb" testName="TestDeleteProfile" computerName="PRANAY-TEST" duration="00:00:00.3518727" startTime="2014-08-08T11:38:06.7358691-07:00" endTime="2014-08-08T11:38:07.0888691-07:00" testType="13cdc9d9-ddb5-4fa4-a97d-d965ccfc6d4b" outcome="Passed" testListId="8c84fa94-04c1-424b-9868-57a2d4851a1d" relativeResultsDirectory="7aea7b7a-bb5a-4332-8484-e02847d7f59d" />    <UnitTestResult executionId="45d877f3-5fc5-4d10-b817-d1dee989df32" testId="81a5e050-8363-6273-dc8c-c1ed9eb96adf" testName="TestGetProfile" computerName="PRANAY-TEST" duration="00:00:01.7211300" startTime="2014-08-08T11:38:07.0888691-07:00" endTime="2014-08-08T11:38:08.8098691-07:00" testType="13cdc9d9-ddb5-4fa4-a97d-d965ccfc6d4b" outcome="Passed" testListId="8c84fa94-04c1-424b-9868-57a2d4851a1d" relativeResultsDirectory="45d877f3-5fc5-4d10-b817-d1dee989df32" />    <UnitTestResult executionId="d8a33d5d-0853-4563-92aa-111beb31403d" testId="0c5cf71a-16e1-849b-473a-b22c997c4529" testName="TestGetTenantInformation" computerName="PRANAY-TEST" duration="00:00:00.2709582" startTime="2014-08-08T11:38:08.8098691-07:00" endTime="2014-08-08T11:38:09.0818691-07:00" testType="13cdc9d9-ddb5-4fa4-a97d-d965ccfc6d4b" outcome="Passed" testListId="8c84fa94-04c1-424b-9868-57a2d4851a1d" relativeResultsDirectory="d8a33d5d-0853-4563-92aa-111beb31403d" />    <UnitTestResult executionId="cd452e4e-777c-4d57-ba0f-3875ae596625" testId="74062545-51a6-8363-ce39-23d047f55b76" testName="TestLockProfile" computerName="PRANAY-TEST" duration="00:00:01.8458186" startTime="2014-08-08T11:38:09.0818691-07:00" endTime="2014-08-08T11:38:10.9278691-07:00" testType="13cdc9d9-ddb5-4fa4-a97d-d965ccfc6d4b" outcome="Passed" testListId="8c84fa94-04c1-424b-9868-57a2d4851a1d" relativeResultsDirectory="cd452e4e-777c-4d57-ba0f-3875ae596625" />    <UnitTestResult executionId="0855456f-c9f1-4ee2-ba06-7432b28f9095" testId="5c271379-e927-0652-646f-186eed4d3186" testName="TestLockTenant" computerName="PRANAY-TEST" duration="00:00:00.7461684" startTime="2014-08-08T11:38:10.9288691-07:00" endTime="2014-08-08T11:38:11.6748691-07:00" testType="13cdc9d9-ddb5-4fa4-a97d-d965ccfc6d4b" outcome="Passed" testListId="8c84fa94-04c1-424b-9868-57a2d4851a1d" relativeResultsDirectory="0855456f-c9f1-4ee2-ba06-7432b28f9095" />    <UnitTestResult executionId="77c1523e-ecdd-4c69-a123-c5e451c7930e" testId="36f71f40-452a-dfc2-0fdf-20ec4da4207c" testName="TestUnlockProfile" computerName="PRANAY-TEST" duration="00:00:03.2377361" startTime="2014-08-08T11:38:11.6758691-07:00" endTime="2014-08-08T11:38:15.0878691-07:00" testType="13cdc9d9-ddb5-4fa4-a97d-d965ccfc6d4b" outcome="Passed" testListId="8c84fa94-04c1-424b-9868-57a2d4851a1d" relativeResultsDirectory="77c1523e-ecdd-4c69-a123-c5e451c7930e" />    <UnitTestResult executionId="e46d7bda-b1e8-438b-a28a-93f117ba58ce" testId="2cfc7ce1-ca4b-c48e-dce5-222b9dcb43f6" testName="TestUpdateProfile" computerName="PRANAY-TEST" duration="00:00:04.1468832" startTime="2014-08-08T11:38:15.0888691-07:00" endTime="2014-08-08T11:38:19.2358691-07:00" testType="13cdc9d9-ddb5-4fa4-a97d-d965ccfc6d4b" outcome="Passed" testListId="8c84fa94-04c1-424b-9868-57a2d4851a1d" relativeResultsDirectory="e46d7bda-b1e8-438b-a28a-93f117ba58ce" />    <UnitTestResult executionId="421f7bc3-2948-4cb9-9f5e-1fa7e2bd134f" testId="05e68277-ee1c-c451-1dce-47c30fcca06e" testName="TestUpdateTenant" computerName="PRANAY-TEST" duration="00:00:00.6902380" startTime="2014-08-08T11:38:19.2368691-07:00" endTime="2014-08-08T11:38:19.9278691-07:00" testType="13cdc9d9-ddb5-4fa4-a97d-d965ccfc6d4b" outcome="Passed" testListId="8c84fa94-04c1-424b-9868-57a2d4851a1d" relativeResultsDirectory="421f7bc3-2948-4cb9-9f5e-1fa7e2bd134f" />    <UnitTestResult executionId="556a9729-a7df-4ed7-90a5-15c7a2d63b01" testId="7bf253a5-4dc6-2ca4-5780-4151dc256608" testName="TestUpdateWithInboundProfile" computerName="PRANAY-TEST" duration="00:00:05.3452991" startTime="2014-08-08T11:38:19.9278691-07:00" endTime="2014-08-08T11:38:25.2738691-07:00" testType="13cdc9d9-ddb5-4fa4-a97d-d965ccfc6d4b" outcome="Passed" testListId="8c84fa94-04c1-424b-9868-57a2d4851a1d" relativeResultsDirectory="556a9729-a7df-4ed7-90a5-15c7a2d63b01">      <Output>        <StdOut>"To: craigmcm@microsoft.com Body: &lt;?xml version="1.0" encoding="utf-16"?&gt;&lt;Fault xmlns="http://schemas.microsoft.com/ws/2005/05/envelope/none"&gt;&lt;Code&gt;&lt;Value xmlns:a="http://schemas.microsoft.com/2006/11/IdentityManagement/DirectoryAccess/fault"&gt;a:UnwillingToPerform&lt;/Value&gt;&lt;/Code&gt;&lt;Reason&gt;&lt;Text xml:lang=""&gt;An error occurred executing the run profile with this identifier: QBOInMock.52e5937e28b549db8eec4e0de038d8f6  Time: 08/08/2014 11:38:24  Thread: 7&lt;/Text&gt;&lt;/Reason&gt;&lt;Detail&gt;&lt;FaultDetail xmlns:i="http://www.w3.org/2001/XMLSchema-instance" xmlns="http://schemas.datacontract.org/2004/07/Microsoft.ActiveDirectory.Connector"&gt;&lt;ErrorCode&gt;UnSpecified&lt;/ErrorCode&gt;&lt;ErrorSource&gt;None&lt;/ErrorSource&gt;&lt;Exception i:nil="true" /&gt;&lt;ExceptionMessage&gt;&lt;/ExceptionMessage&gt;&lt;Scope&gt;None&lt;/Scope&gt;&lt;TenantActionable&gt;false&lt;/TenantActionable&gt;&lt;Transient&gt;false&lt;/Transient&gt;&lt;/FaultDetail&gt;&lt;/Detail&gt;&lt;/Fault&gt;""To: craigmcm@microsoft.com Body: &lt;?xml version="1.0" encoding="utf-16"?&gt;&lt;Fault xmlns="http://schemas.microsoft.com/ws/2005/05/envelope/none"&gt;&lt;Code&gt;&lt;Value xmlns:a="http://schemas.microsoft.com/2006/11/IdentityManagement/DirectoryAccess/fault"&gt;a:UnwillingToPerform&lt;/Value&gt;&lt;/Code&gt;&lt;Reason&gt;&lt;Text xml:lang=""&gt;An error occurred executing the run profile with this identifier: QBOInMock.52e5937e28b549db8eec4e0de038d8f6  Time: 08/08/2014 11:38:24  Thread: 7&lt;/Text&gt;&lt;/Reason&gt;&lt;Detail&gt;&lt;FaultDetail xmlns:i="http://www.w3.org/2001/XMLSchema-instance" xmlns="http://schemas.datacontract.org/2004/07/Microsoft.ActiveDirectory.Connector"&gt;&lt;ErrorCode&gt;UnSpecified&lt;/ErrorCode&gt;&lt;ErrorSource&gt;None&lt;/ErrorSource&gt;&lt;Exception i:nil="true" /&gt;&lt;ExceptionMessage&gt;&lt;/ExceptionMessage&gt;&lt;Scope&gt;None&lt;/Scope&gt;&lt;TenantActionable&gt;false&lt;/TenantActionable&gt;&lt;Transient&gt;false&lt;/Transient&gt;&lt;/FaultDetail&gt;&lt;/Detail&gt;&lt;/Fault&gt;"Debug Trace:"To: craigmcm@microsoft.com Body: &lt;?xml version="1.0" encoding="utf-16"?&gt;&lt;Fault xmlns="http://schemas.microsoft.com/ws/2005/05/envelope/none"&gt;&lt;Code&gt;&lt;Value xmlns:a="http://schemas.microsoft.com/2006/11/IdentityManagement/DirectoryAccess/fault"&gt;a:UnwillingToPerform&lt;/Value&gt;&lt;/Code&gt;&lt;Reason&gt;&lt;Text xml:lang=""&gt;An error occurred executing the run profile with this identifier: QBOInMock.52e5937e28b549db8eec4e0de038d8f6  Time: 08/08/2014 11:38:24  Thread: 7&lt;/Text&gt;&lt;/Reason&gt;&lt;Detail&gt;&lt;FaultDetail xmlns:i="http://www.w3.org/2001/XMLSchema-instance" xmlns="http://schemas.datacontract.org/2004/07/Microsoft.ActiveDirectory.Connector"&gt;&lt;ErrorCode&gt;UnSpecified&lt;/ErrorCode&gt;&lt;ErrorSource&gt;None&lt;/ErrorSource&gt;&lt;Exception i:nil="true" /&gt;&lt;ExceptionMessage&gt;&lt;/ExceptionMessage&gt;&lt;Scope&gt;None&lt;/Scope&gt;&lt;TenantActionable&gt;false&lt;/TenantActionable&gt;&lt;Transient&gt;false&lt;/Transient&gt;&lt;/FaultDetail&gt;&lt;/Detail&gt;&lt;/Fault&gt;""To: craigmcm@microsoft.com Body: &lt;?xml version="1.0" encoding="utf-16"?&gt;&lt;Fault xmlns="http://schemas.microsoft.com/ws/2005/05/envelope/none"&gt;&lt;Code&gt;&lt;Value xmlns:a="http://schemas.microsoft.com/2006/11/IdentityManagement/DirectoryAccess/fault"&gt;a:UnwillingToPerform&lt;/Value&gt;&lt;/Code&gt;&lt;Reason&gt;&lt;Text xml:lang=""&gt;An error occurred executing the run profile with this identifier: QBOInMock.52e5937e28b549db8eec4e0de038d8f6  Time: 08/08/2014 11:38:24  Thread: 7&lt;/Text&gt;&lt;/Reason&gt;&lt;Detail&gt;&lt;FaultDetail xmlns:i="http://www.w3.org/2001/XMLSchema-instance" xmlns="http://schemas.datacontract.org/2004/07/Microsoft.ActiveDirectory.Connector"&gt;&lt;ErrorCode&gt;UnSpecified&lt;/ErrorCode&gt;&lt;ErrorSource&gt;None&lt;/ErrorSource&gt;&lt;Exception i:nil="true" /&gt;&lt;ExceptionMessage&gt;&lt;/ExceptionMessage&gt;&lt;Scope&gt;None&lt;/Scope&gt;&lt;TenantActionable&gt;false&lt;/TenantActionable&gt;&lt;Transient&gt;false&lt;/Transient&gt;&lt;/FaultDetail&gt;&lt;/Detail&gt;&lt;/Fault&gt;"</StdOut>      </Output>    </UnitTestResult>    <UnitTestResult executionId="38158846-f0e1-4caa-a66d-7c991bf859d3" testId="f83dd1e5-c982-3e03-7bb7-a885fbdc71dc" testName="TestUpdateWithObsoleteProfile" computerName="PRANAY-TEST" duration="00:00:01.1867767" startTime="2014-08-08T11:38:25.2748691-07:00" endTime="2014-08-08T11:38:26.4618691-07:00" testType="13cdc9d9-ddb5-4fa4-a97d-d965ccfc6d4b" outcome="Passed" testListId="8c84fa94-04c1-424b-9868-57a2d4851a1d" relativeResultsDirectory="38158846-f0e1-4caa-a66d-7c991bf859d3" />    <UnitTestResult executionId="bcc557c3-4dad-4efa-9dff-3f71a99fb2ed" testId="2bde9850-fde2-4637-0e0a-947e09897723" testName="TestUpdateWithOutboundProfile" computerName="PRANAY-TEST" duration="00:00:01.5200006" startTime="2014-08-08T11:38:26.4618691-07:00" endTime="2014-08-08T11:38:27.9818691-07:00" testType="13cdc9d9-ddb5-4fa4-a97d-d965ccfc6d4b" outcome="Passed" testListId="8c84fa94-04c1-424b-9868-57a2d4851a1d" relativeResultsDirectory="bcc557c3-4dad-4efa-9dff-3f71a99fb2ed" />    <UnitTestResult executionId="6610fc4a-0793-4761-9a7c-f640a163f125" testId="31a973ea-dffe-fa0f-f696-e70f8fe5ba6e" testName="TestUpdateWithSingleExecutionProfile" computerName="PRANAY-TEST" duration="00:00:01.5072789" startTime="2014-08-08T11:38:27.9818691-07:00" endTime="2014-08-08T11:38:29.4898691-07:00" testType="13cdc9d9-ddb5-4fa4-a97d-d965ccfc6d4b" outcome="Passed" testListId="8c84fa94-04c1-424b-9868-57a2d4851a1d" relativeResultsDirectory="6610fc4a-0793-4761-9a7c-f640a163f125" />    <UnitTestResult executionId="2c01d5e8-fafa-4093-be88-241deee10e72" testId="f9f5e9cf-77a3-044e-f334-7f46f1a2b1b7" testName="TestDeserialize" computerName="PRANAY-TEST" duration="00:00:14.3823224" startTime="2014-08-08T11:37:42.0328691-07:00" endTime="2014-08-08T11:37:56.7328691-07:00" testType="13cdc9d9-ddb5-4fa4-a97d-d965ccfc6d4b" outcome="Passed" testListId="8c84fa94-04c1-424b-9868-57a2d4851a1d" relativeResultsDirectory="2c01d5e8-fafa-4093-be88-241deee10e72" />    <UnitTestResult executionId="40832ab4-51f8-4bfe-afcb-704b7ce6f30a" testId="28d5d07c-01de-0904-82c1-ac180a5203c2" testName="TestSerialize" computerName="PRANAY-TEST" duration="00:00:01.0129318" startTime="2014-08-08T11:37:56.7928691-07:00" endTime="2014-08-08T11:37:57.8058691-07:00" testType="13cdc9d9-ddb5-4fa4-a97d-d965ccfc6d4b" outcome="Passed" testListId="8c84fa94-04c1-424b-9868-57a2d4851a1d" relativeResultsDirectory="40832ab4-51f8-4bfe-afcb-704b7ce6f30a" />    <UnitTestResult executionId="689a552a-e07f-4b8c-a461-60610bd80617" testId="8f2791d3-9770-6d20-251f-4fac2d4c521e" testName="TestExecutePreviewRunProfile" computerName="PRANAY-TEST" duration="00:01:31.5685159" startTime="2014-08-08T11:37:57.8068691-07:00" endTime="2014-08-08T11:39:29.4128691-07:00" testType="13cdc9d9-ddb5-4fa4-a97d-d965ccfc6d4b" outcome="Passed" testListId="8c84fa94-04c1-424b-9868-57a2d4851a1d" relativeResultsDirectory="689a552a-e07f-4b8c-a461-60610bd80617" />    <UnitTestResult executionId="3bd53fde-363e-41dc-ace0-105b929b366b" testId="5599880a-251c-6214-45e4-911a1bb9646c" testName="TestExecutePreviewRunProfileForSchemaWithWithNullSourceNames" computerName="PRANAY-TEST" duration="00:00:32.9848558" startTime="2014-08-08T11:39:29.4138691-07:00" endTime="2014-08-08T11:40:02.3968691-07:00" testType="13cdc9d9-ddb5-4fa4-a97d-d965ccfc6d4b" outcome="Passed" testListId="8c84fa94-04c1-424b-9868-57a2d4851a1d" relativeResultsDirectory="3bd53fde-363e-41dc-ace0-105b929b366b" />    <UnitTestResult executionId="e5793072-f86f-4362-8d6f-0a1c01b90a4a" testId="853abd7b-ee31-d683-d6d2-37099e454b94" testName="TestExecuteInvalidPreviewRunProfile" computerName="PRANAY-TEST" duration="00:00:00.4146595" startTime="2014-08-08T11:40:02.3968691-07:00" endTime="2014-08-08T11:40:02.8118691-07:00" testType="13cdc9d9-ddb5-4fa4-a97d-d965ccfc6d4b" outcome="Passed" testListId="8c84fa94-04c1-424b-9868-57a2d4851a1d" relativeResultsDirectory="e5793072-f86f-4362-8d6f-0a1c01b90a4a" />    <UnitTestResult executionId="0fa45708-f6d5-438c-91e2-6739386a3c11" testId="fc18ea1e-6b3e-4f7c-b0d3-d9e6efabdeac" testName="TestEntryMappingFunctionDateFormatHyphenatedYearMonthDayFormat" computerName="PRANAY-TEST" duration="00:00:00.0025110" startTime="2014-08-08T11:40:02.8118691-07:00" endTime="2014-08-08T11:40:02.8158691-07:00" testType="13cdc9d9-ddb5-4fa4-a97d-d965ccfc6d4b" outcome="Passed" testListId="8c84fa94-04c1-424b-9868-57a2d4851a1d" relativeResultsDirectory="0fa45708-f6d5-438c-91e2-6739386a3c11" />    <UnitTestResult executionId="982c0b8b-e8c6-4445-ac47-18e7c2becc72" testId="a9c12a84-ba82-52df-8378-c9af1dfb8403" testName="TestEntryMappingFunctionDateFormatInvalidFormat" computerName="PRANAY-TEST" duration="00:00:00.0014816" startTime="2014-08-08T11:40:02.8158691-07:00" endTime="2014-08-08T11:40:02.8178691-07:00" testType="13cdc9d9-ddb5-4fa4-a97d-d965ccfc6d4b" outcome="Passed" testListId="8c84fa94-04c1-424b-9868-57a2d4851a1d" relativeResultsDirectory="982c0b8b-e8c6-4445-ac47-18e7c2becc72" />    <UnitTestResult executionId="9b78b86d-251e-43f9-af17-ef163a3a528d" testId="17e1148f-9cb9-30f1-449a-ba3931933ae7" testName="TestEntryMappingFunctionReplaceWithBackupRegularExpression" computerName="PRANAY-TEST" duration="00:00:00.0048793" startTime="2014-08-08T11:40:02.8178691-07:00" endTime="2014-08-08T11:40:02.8228691-07:00" testType="13cdc9d9-ddb5-4fa4-a97d-d965ccfc6d4b" outcome="Passed" testListId="8c84fa94-04c1-424b-9868-57a2d4851a1d" relativeResultsDirectory="9b78b86d-251e-43f9-af17-ef163a3a528d" />    <UnitTestResult executionId="496b672e-331d-44f1-8049-6cb5602aee8a" testId="7941fc65-96b0-9d89-61ac-0cfdfa8afe41" testName="TestEntryMappingFunctionReplace" computerName="PRANAY-TEST" duration="00:00:00.0008800" startTime="2014-08-08T11:40:02.8228691-07:00" endTime="2014-08-08T11:40:02.8238691-07:00" testType="13cdc9d9-ddb5-4fa4-a97d-d965ccfc6d4b" outcome="Passed" testListId="8c84fa94-04c1-424b-9868-57a2d4851a1d" relativeResultsDirectory="496b672e-331d-44f1-8049-6cb5602aee8a" />    <UnitTestResult executionId="27d377d7-dfcc-4b23-95c3-0a5bb515c324" testId="46e210ff-108a-db8a-d82a-217f1bea6d01" testName="TestEntryMappingFunctionReplaceCostcoEmailMapping" computerName="PRANAY-TEST" duration="00:00:00.0016938" startTime="2014-08-08T11:40:02.8238691-07:00" endTime="2014-08-08T11:40:02.8258691-07:00" testType="13cdc9d9-ddb5-4fa4-a97d-d965ccfc6d4b" outcome="Passed" testListId="8c84fa94-04c1-424b-9868-57a2d4851a1d" relativeResultsDirectory="27d377d7-dfcc-4b23-95c3-0a5bb515c324" />    <UnitTestResult executionId="93f3c9f3-49c3-4eb5-994b-564617976c13" testId="523b454a-6300-effd-fea9-5c4fc00a2f50" testName="TestEqualityComparison" computerName="PRANAY-TEST" duration="00:00:00.0043881" startTime="2014-08-08T11:40:02.8258691-07:00" endTime="2014-08-08T11:40:02.8308691-07:00" testType="13cdc9d9-ddb5-4fa4-a97d-d965ccfc6d4b" outcome="Passed" testListId="8c84fa94-04c1-424b-9868-57a2d4851a1d" relativeResultsDirectory="93f3c9f3-49c3-4eb5-994b-564617976c13" />    <UnitTestResult executionId="f5303b7c-4e87-41b1-bb37-98b018f2579d" testId="bb158ed2-d162-4013-4727-09aaf50c6872" testName="TestEqualityComparisonByDirectoryIdentifier" computerName="PRANAY-TEST" duration="00:00:00.0041148" startTime="2014-08-08T11:40:02.8308691-07:00" endTime="2014-08-08T11:40:02.8358691-07:00" testType="13cdc9d9-ddb5-4fa4-a97d-d965ccfc6d4b" outcome="Passed" testListId="8c84fa94-04c1-424b-9868-57a2d4851a1d" relativeResultsDirectory="f5303b7c-4e87-41b1-bb37-98b018f2579d" />    <UnitTestResult executionId="0f1f36fa-2bb2-4595-954e-2b1a774afe7b" testId="1aa68fa2-c2a1-63dc-75bb-32ae90005e07" testName="TestComplexValue" computerName="PRANAY-TEST" duration="00:00:00.0139843" startTime="2014-08-08T11:40:02.8358691-07:00" endTime="2014-08-08T11:40:02.8508691-07:00" testType="13cdc9d9-ddb5-4fa4-a97d-d965ccfc6d4b" outcome="Passed" testListId="8c84fa94-04c1-424b-9868-57a2d4851a1d" relativeResultsDirectory="0f1f36fa-2bb2-4595-954e-2b1a774afe7b" />    <UnitTestResult executionId="1bda5247-e8dd-461b-a51c-84ac6f5e5e67" testId="a8b1c482-9544-1ec7-b283-a3c167a9f977" testName="TestAliasedRunProfileFactories" computerName="PRANAY-TEST" duration="00:00:46.3227357" startTime="2014-08-08T11:40:02.8508691-07:00" endTime="2014-08-08T11:40:49.1718691-07:00" testType="13cdc9d9-ddb5-4fa4-a97d-d965ccfc6d4b" outcome="Passed" testListId="8c84fa94-04c1-424b-9868-57a2d4851a1d" relativeResultsDirectory="1bda5247-e8dd-461b-a51c-84ac6f5e5e67" />    <UnitTestResult executionId="4cda4778-833f-436e-a020-e18dfbdffff1" testId="5e6ab9be-2026-1b39-d160-f37bce9b58ba" testName="TestCreateRunProfile" computerName="PRANAY-TEST" duration="00:00:00.2638562" startTime="2014-08-08T11:40:49.1718691-07:00" endTime="2014-08-08T11:40:49.4358691-07:00" testType="13cdc9d9-ddb5-4fa4-a97d-d965ccfc6d4b" outcome="Passed" testListId="8c84fa94-04c1-424b-9868-57a2d4851a1d" relativeResultsDirectory="4cda4778-833f-436e-a020-e18dfbdffff1" />    <UnitTestResult executionId="cdcfe1cf-1cfd-4d57-8049-8086c61283d5" testId="de825c03-6f03-5d15-170c-3df85d0a6a26" testName="TestCreateRunProfileWithCustomSchema" computerName="PRANAY-TEST" duration="00:00:00.2214982" startTime="2014-08-08T11:40:49.4358691-07:00" endTime="2014-08-08T11:40:49.6578691-07:00" testType="13cdc9d9-ddb5-4fa4-a97d-d965ccfc6d4b" outcome="Passed" testListId="8c84fa94-04c1-424b-9868-57a2d4851a1d" relativeResultsDirectory="cdcfe1cf-1cfd-4d57-8049-8086c61283d5" />    <UnitTestResult executionId="120f5573-5533-4a9c-8f9e-b61c07b1ce77" testId="1ba69f03-4c54-adb7-d4d5-95c7280e48fb" testName="TestCreateRunProfileWithCustomSchemaForMultiInstance" computerName="PRANAY-TEST" duration="00:00:00.1514715" startTime="2014-08-08T11:40:49.6578691-07:00" endTime="2014-08-08T11:40:49.8098691-07:00" testType="13cdc9d9-ddb5-4fa4-a97d-d965ccfc6d4b" outcome="Passed" testListId="8c84fa94-04c1-424b-9868-57a2d4851a1d" relativeResultsDirectory="120f5573-5533-4a9c-8f9e-b61c07b1ce77" />    <UnitTestResult executionId="f348e7c0-1681-40d9-af80-9b7ba7bfa66e" testId="dce90559-5c26-13ca-7e93-da2caaab92ee" testName="TestCreateAndExecuteNoOpRunProfile" computerName="PRANAY-TEST" duration="00:00:00.0067432" startTime="2014-08-08T11:40:49.8098691-07:00" endTime="2014-08-08T11:40:49.8168691-07:00" testType="13cdc9d9-ddb5-4fa4-a97d-d965ccfc6d4b" outcome="Passed" testListId="8c84fa94-04c1-424b-9868-57a2d4851a1d" relativeResultsDirectory="f348e7c0-1681-40d9-af80-9b7ba7bfa66e" />    <UnitTestResult executionId="19b60c0c-54d1-4f24-9528-8b14259a6cf3" testId="ada4a13e-50a6-96b8-c7f0-ae6a94d7fe4e" testName="TestCreateAndExecuteNoOpRunProfileSpecificInstance" computerName="PRANAY-TEST" duration="00:00:00.0046833" startTime="2014-08-08T11:40:49.8168691-07:00" endTime="2014-08-08T11:40:49.8218691-07:00" testType="13cdc9d9-ddb5-4fa4-a97d-d965ccfc6d4b" outcome="Passed" testListId="8c84fa94-04c1-424b-9868-57a2d4851a1d" relativeResultsDirectory="19b60c0c-54d1-4f24-9528-8b14259a6cf3" />    <UnitTestResult executionId="88738828-d4e2-48d0-894b-9393a66dcb55" testId="05eebf05-11c8-1deb-04c7-76a3bcc362f3" testName="TestUpgradeRunProfileScenarioSyncRuleChanges" computerName="PRANAY-TEST" duration="00:00:00.5854963" startTime="2014-08-08T11:40:49.8218691-07:00" endTime="2014-08-08T11:40:50.4078691-07:00" testType="13cdc9d9-ddb5-4fa4-a97d-d965ccfc6d4b" outcome="Passed" testListId="8c84fa94-04c1-424b-9868-57a2d4851a1d" relativeResultsDirectory="88738828-d4e2-48d0-894b-9393a66dcb55" />    <UnitTestResult executionId="c8ea1927-2b80-4b21-afd1-8f59c38c065e" testId="94f0b2a7-1d61-9f85-d48b-8e6b8c878b28" testName="TestPreviewRunProfileInitialization" computerName="PRANAY-TEST" duration="00:00:00.0094645" startTime="2014-08-08T11:40:50.4078691-07:00" endTime="2014-08-08T11:40:50.4178691-07:00" testType="13cdc9d9-ddb5-4fa4-a97d-d965ccfc6d4b" outcome="Passed" testListId="8c84fa94-04c1-424b-9868-57a2d4851a1d" relativeResultsDirectory="c8ea1927-2b80-4b21-afd1-8f59c38c065e" />    <UnitTestResult executionId="a3623583-7ee2-435f-a3c9-c61c1e2ab5e7" testId="e9bb32c6-9418-3162-3f7c-b054d003e0ec" testName="TestConnectorDataStorePrefixForExistingRunProfile" computerName="PRANAY-TEST" duration="00:00:00.5534248" startTime="2014-08-08T11:40:50.4178691-07:00" endTime="2014-08-08T11:40:50.9718691-07:00" testType="13cdc9d9-ddb5-4fa4-a97d-d965ccfc6d4b" outcome="Passed" testListId="8c84fa94-04c1-424b-9868-57a2d4851a1d" relativeResultsDirectory="a3623583-7ee2-435f-a3c9-c61c1e2ab5e7" />    <UnitTestResult executionId="e9ace4e2-53cb-4997-b0de-42ca77104b4e" testId="b6f84d84-1b99-8981-a141-9a6a943e0e61" testName="TestUpgradeRunProfileScenarioSyncRuleChangesFromRunProfileXml" computerName="PRANAY-TEST" duration="00:00:00.9345404" startTime="2014-08-08T11:40:50.9718691-07:00" endTime="2014-08-08T11:40:51.9068691-07:00" testType="13cdc9d9-ddb5-4fa4-a97d-d965ccfc6d4b" outcome="Passed" testListId="8c84fa94-04c1-424b-9868-57a2d4851a1d" relativeResultsDirectory="e9ace4e2-53cb-4997-b0de-42ca77104b4e" />    <UnitTestResult executionId="f540ea12-6019-4867-b814-5febfcce1661" testId="76474685-2af2-33ba-2c90-02e19c5d0a1f" testName="TestAddModificationAddEntry" computerName="PRANAY-TEST" duration="00:00:00.0465682" startTime="2014-08-08T11:40:51.9068691-07:00" endTime="2014-08-08T11:40:51.9538691-07:00" testType="13cdc9d9-ddb5-4fa4-a97d-d965ccfc6d4b" outcome="Passed" testListId="8c84fa94-04c1-424b-9868-57a2d4851a1d" relativeResultsDirectory="f540ea12-6019-4867-b814-5febfcce1661" />    <UnitTestResult executionId="405080ec-36b6-4172-bda7-68ea584d8945" testId="78dcb742-f031-1d5b-b982-87aa6e1e6446" testName="TestAddModificationDeleteEntry" computerName="PRANAY-TEST" duration="00:00:00.0664181" startTime="2014-08-08T11:40:51.9538691-07:00" endTime="2014-08-08T11:40:52.0208691-07:00" testType="13cdc9d9-ddb5-4fa4-a97d-d965ccfc6d4b" outcome="Passed" testListId="8c84fa94-04c1-424b-9868-57a2d4851a1d" relativeResultsDirectory="405080ec-36b6-4172-bda7-68ea584d8945" />    <UnitTestResult executionId="98eeb9d7-7525-4f08-9a05-951a31953d07" testId="ffecb73a-db60-90a7-f0c2-d60f5b178046" testName="TestAddModificationUpdateEntryAddProperty" computerName="PRANAY-TEST" duration="00:00:00.0635517" startTime="2014-08-08T11:40:52.0208691-07:00" endTime="2014-08-08T11:40:52.0848691-07:00" testType="13cdc9d9-ddb5-4fa4-a97d-d965ccfc6d4b" outcome="Passed" testListId="8c84fa94-04c1-424b-9868-57a2d4851a1d" relativeResultsDirectory="98eeb9d7-7525-4f08-9a05-951a31953d07" />    <UnitTestResult executionId="0a7f4c44-d9a9-4f6f-a3b5-931b5a8c8777" testId="3e8b8c1d-ced9-6c82-77fa-ed9b1560e71c" testName="TestAddModificationUpdateEntryRemoveProperty" computerName="PRANAY-TEST" duration="00:00:00.0824900" startTime="2014-08-08T11:40:52.0848691-07:00" endTime="2014-08-08T11:40:52.1678691-07:00" testType="13cdc9d9-ddb5-4fa4-a97d-d965ccfc6d4b" outcome="Passed" testListId="8c84fa94-04c1-424b-9868-57a2d4851a1d" relativeResultsDirectory="0a7f4c44-d9a9-4f6f-a3b5-931b5a8c8777" />    <UnitTestResult executionId="ce2d36e0-7f2d-46d8-9e31-adb0430ba367" testId="06f11a04-819d-d6c3-8bf7-32401b1b9605" testName="TestAddModificationUpdateEntryReplaceProperty" computerName="PRANAY-TEST" duration="00:00:00.0885650" startTime="2014-08-08T11:40:52.1678691-07:00" endTime="2014-08-08T11:40:52.2568691-07:00" testType="13cdc9d9-ddb5-4fa4-a97d-d965ccfc6d4b" outcome="Passed" testListId="8c84fa94-04c1-424b-9868-57a2d4851a1d" relativeResultsDirectory="ce2d36e0-7f2d-46d8-9e31-adb0430ba367" />    <UnitTestResult executionId="a0b72ae2-12c6-4316-b61f-79294831c085" testId="a45c2967-286b-7c37-f401-359209262feb" testName="TestAddModificationUpdateEntryModifyPropertyAddValue" computerName="PRANAY-TEST" duration="00:00:00.0809625" startTime="2014-08-08T11:40:52.2568691-07:00" endTime="2014-08-08T11:40:52.3378691-07:00" testType="13cdc9d9-ddb5-4fa4-a97d-d965ccfc6d4b" outcome="Passed" testListId="8c84fa94-04c1-424b-9868-57a2d4851a1d" relativeResultsDirectory="a0b72ae2-12c6-4316-b61f-79294831c085" />    <UnitTestResult executionId="3765cec7-e92d-4aeb-9511-21217a192a1e" testId="5cd67ce4-99c6-7674-3400-719523694478" testName="TestAddModificationUpdateEntryModifyPropertyChangeValue" computerName="PRANAY-TEST" duration="00:00:00.0855589" startTime="2014-08-08T11:40:52.3378691-07:00" endTime="2014-08-08T11:40:52.4238691-07:00" testType="13cdc9d9-ddb5-4fa4-a97d-d965ccfc6d4b" outcome="Passed" testListId="8c84fa94-04c1-424b-9868-57a2d4851a1d" relativeResultsDirectory="3765cec7-e92d-4aeb-9511-21217a192a1e" />    <UnitTestResult executionId="33047fe4-c43d-4f39-ba25-0d38ba096746" testId="787dcca7-5c2b-2e8e-1388-23167085f2b0" testName="TestAddModificationUpdateEntryModifyPropertyRemoveValue" computerName="PRANAY-TEST" duration="00:00:00.0569250" startTime="2014-08-08T11:40:52.4238691-07:00" endTime="2014-08-08T11:40:52.4808691-07:00" testType="13cdc9d9-ddb5-4fa4-a97d-d965ccfc6d4b" outcome="Passed" testListId="8c84fa94-04c1-424b-9868-57a2d4851a1d" relativeResultsDirectory="33047fe4-c43d-4f39-ba25-0d38ba096746" />    <UnitTestResult executionId="abf5311e-709f-46e5-ab20-ad28b5df9f22" testId="d69e4c11-b254-1ecd-28cb-95e371dce10a" testName="TestEntries" computerName="PRANAY-TEST" duration="00:00:00.0688094" startTime="2014-08-08T11:40:52.4818691-07:00" endTime="2014-08-08T11:40:52.5508691-07:00" testType="13cdc9d9-ddb5-4fa4-a97d-d965ccfc6d4b" outcome="Passed" testListId="8c84fa94-04c1-424b-9868-57a2d4851a1d" relativeResultsDirectory="abf5311e-709f-46e5-ab20-ad28b5df9f22" />    <UnitTestResult executionId="05ea3f3d-6aed-453c-be96-6588a1c947df" testId="959c0057-799d-03df-ec56-e2335203dfa3" testName="TestFictitiousUserEntries" computerName="PRANAY-TEST" duration="00:00:00.1153976" startTime="2014-08-08T11:40:52.5508691-07:00" endTime="2014-08-08T11:40:52.6668691-07:00" testType="13cdc9d9-ddb5-4fa4-a97d-d965ccfc6d4b" outcome="Passed" testListId="8c84fa94-04c1-424b-9868-57a2d4851a1d" relativeResultsDirectory="05ea3f3d-6aed-453c-be96-6588a1c947df" />    <UnitTestResult executionId="598c14cd-34c3-471c-94e8-0047103a820c" testId="75cc9708-40f0-0027-3fe2-020475f2ffd1" testName="TestModifications" computerName="PRANAY-TEST" duration="00:00:00.0602457" startTime="2014-08-08T11:40:52.6668691-07:00" endTime="2014-08-08T11:40:52.7268691-07:00" testType="13cdc9d9-ddb5-4fa4-a97d-d965ccfc6d4b" outcome="Passed" testListId="8c84fa94-04c1-424b-9868-57a2d4851a1d" relativeResultsDirectory="598c14cd-34c3-471c-94e8-0047103a820c" />    <UnitTestResult executionId="1730976d-c911-419c-a53f-65c60eaf5a0e" testId="a4ea69ff-9527-d13d-d388-b37035301378" testName="TestExport" computerName="PRANAY-TEST" duration="00:00:00.0323844" startTime="2014-08-08T11:40:52.7268691-07:00" endTime="2014-08-08T11:40:52.7598691-07:00" testType="13cdc9d9-ddb5-4fa4-a97d-d965ccfc6d4b" outcome="Passed" testListId="8c84fa94-04c1-424b-9868-57a2d4851a1d" relativeResultsDirectory="1730976d-c911-419c-a53f-65c60eaf5a0e" />    <UnitTestResult executionId="7dc5fb37-34d8-4b94-9ba8-4253db4651fd" testId="56fb6329-543b-5aed-4800-814beb2dd128" testName="TestImportByAnchor" computerName="PRANAY-TEST" duration="00:00:00.0130993" startTime="2014-08-08T11:40:52.7608691-07:00" endTime="2014-08-08T11:40:52.7738691-07:00" testType="13cdc9d9-ddb5-4fa4-a97d-d965ccfc6d4b" outcome="Passed" testListId="8c84fa94-04c1-424b-9868-57a2d4851a1d" relativeResultsDirectory="7dc5fb37-34d8-4b94-9ba8-4253db4651fd" />    <UnitTestResult executionId="27085a83-64f0-4031-afe2-8441e438a241" testId="8419adf9-bc34-8240-c945-4587eeaf6525" testName="TestImportByJoiningPropertyValue" computerName="PRANAY-TEST" duration="00:00:00.0057373" startTime="2014-08-08T11:40:52.7738691-07:00" endTime="2014-08-08T11:40:52.7798691-07:00" testType="13cdc9d9-ddb5-4fa4-a97d-d965ccfc6d4b" outcome="Passed" testListId="8c84fa94-04c1-424b-9868-57a2d4851a1d" relativeResultsDirectory="27085a83-64f0-4031-afe2-8441e438a241" />    <UnitTestResult executionId="1c6aeca7-4bcf-4d1a-a6f6-4ce030a99def" testId="f25986ac-0cda-aa59-3b5d-791997d447b3" testName="TestDeserialize" computerName="PRANAY-TEST" duration="00:00:01.2393741" startTime="2014-08-08T11:40:52.7798691-07:00" endTime="2014-08-08T11:40:54.0198691-07:00" testType="13cdc9d9-ddb5-4fa4-a97d-d965ccfc6d4b" outcome="Passed" testListId="8c84fa94-04c1-424b-9868-57a2d4851a1d" relativeResultsDirectory="1c6aeca7-4bcf-4d1a-a6f6-4ce030a99def" />    <UnitTestResult executionId="aedcb655-d5ce-47a7-b3cd-56136788f833" testId="dc279dc7-7352-6c97-b480-4e7a5f8da47c" testName="TestDeserializeLegacyConnectorStatus" computerName="PRANAY-TEST" duration="00:00:00.1710023" startTime="2014-08-08T11:40:54.0208691-07:00" endTime="2014-08-08T11:40:54.1918691-07:00" testType="13cdc9d9-ddb5-4fa4-a97d-d965ccfc6d4b" outcome="Passed" testListId="8c84fa94-04c1-424b-9868-57a2d4851a1d" relativeResultsDirectory="aedcb655-d5ce-47a7-b3cd-56136788f833" />    <UnitTestResult executionId="e69af30b-0b89-4448-a6a1-c8066683052b" testId="772c1756-d080-2db9-6dd9-316a7e57de68" testName="TestDeserializeNoVersion" computerName="PRANAY-TEST" duration="00:01:24.4078839" startTime="2014-08-08T11:40:54.1918691-07:00" endTime="2014-08-08T11:42:18.5948691-07:00" testType="13cdc9d9-ddb5-4fa4-a97d-d965ccfc6d4b" outcome="Passed" testListId="8c84fa94-04c1-424b-9868-57a2d4851a1d" relativeResultsDirectory="e69af30b-0b89-4448-a6a1-c8066683052b" />    <UnitTestResult executionId="5a5dade6-b127-45e5-b22f-2fcd8e72726a" testId="f07bf4fc-9608-5eef-1829-77aa6cf157aa" testName="TestMessage" computerName="PRANAY-TEST" duration="00:00:00.7518773" startTime="2014-08-08T11:42:18.5958691-07:00" endTime="2014-08-08T11:42:19.3478691-07:00" testType="13cdc9d9-ddb5-4fa4-a97d-d965ccfc6d4b" outcome="Passed" testListId="8c84fa94-04c1-424b-9868-57a2d4851a1d" relativeResultsDirectory="5a5dade6-b127-45e5-b22f-2fcd8e72726a" />    <UnitTestResult executionId="0806fd20-9610-458c-8514-1b02174d03eb" testId="539ccdc7-34e0-6e6a-622c-0fba7623f8e9" testName="TestExporterPaging" computerName="PRANAY-TEST" duration="00:00:00.1683057" startTime="2014-08-08T11:42:19.3478691-07:00" endTime="2014-08-08T11:42:19.5168691-07:00" testType="13cdc9d9-ddb5-4fa4-a97d-d965ccfc6d4b" outcome="Passed" testListId="8c84fa94-04c1-424b-9868-57a2d4851a1d" relativeResultsDirectory="0806fd20-9610-458c-8514-1b02174d03eb" />    <UnitTestResult executionId="d7936c79-2649-4e19-b527-7b540a88d3f1" testId="7f039267-543a-fa27-c064-dcfb93ec4a81" testName="TestSerialize" computerName="PRANAY-TEST" duration="00:00:00.3728686" startTime="2014-08-08T11:42:19.5168691-07:00" endTime="2014-08-08T11:42:19.8908691-07:00" testType="13cdc9d9-ddb5-4fa4-a97d-d965ccfc6d4b" outcome="Passed" testListId="8c84fa94-04c1-424b-9868-57a2d4851a1d" relativeResultsDirectory="d7936c79-2649-4e19-b527-7b540a88d3f1" />    <UnitTestResult executionId="5c978370-4bdd-452f-82fb-3305702d7304" testId="f3a22ae9-62f6-6b29-34d3-3e501f2bf4b0" testName="TestWatermarkReset" computerName="PRANAY-TEST" duration="00:00:00.3058850" startTime="2014-08-08T11:42:19.8908691-07:00" endTime="2014-08-08T11:42:20.1968691-07:00" testType="13cdc9d9-ddb5-4fa4-a97d-d965ccfc6d4b" outcome="Passed" testListId="8c84fa94-04c1-424b-9868-57a2d4851a1d" relativeResultsDirectory="5c978370-4bdd-452f-82fb-3305702d7304" />    <UnitTestResult executionId="4879d86b-103d-445c-863e-09691c713348" testId="6cae51db-cb1d-4bef-6d96-8aec681fb27b" testName="TestVersioning" computerName="PRANAY-TEST" duration="00:00:00.0152492" startTime="2014-08-08T11:42:20.1968691-07:00" endTime="2014-08-08T11:42:20.2128691-07:00" testType="13cdc9d9-ddb5-4fa4-a97d-d965ccfc6d4b" outcome="Passed" testListId="8c84fa94-04c1-424b-9868-57a2d4851a1d" relativeResultsDirectory="4879d86b-103d-445c-863e-09691c713348" />    <UnitTestResult executionId="c821d1ed-de52-41e9-8d56-3cb521745586" testId="c84cd775-8597-263e-8d25-5495a1a4be47" testName="TestDeserializeQuickBooksOnline" computerName="PRANAY-TEST" duration="00:00:00.0040408" startTime="2014-08-08T11:42:20.2128691-07:00" endTime="2014-08-08T11:42:20.2168691-07:00" testType="13cdc9d9-ddb5-4fa4-a97d-d965ccfc6d4b" outcome="Passed" testListId="8c84fa94-04c1-424b-9868-57a2d4851a1d" relativeResultsDirectory="c821d1ed-de52-41e9-8d56-3cb521745586" />    <UnitTestResult executionId="c510d1ed-ec56-4278-b353-40f94233f4fe" testId="1235b514-c144-0c70-8ed1-8e44f69a90ff" testName="TestDeserializeSalesForce" computerName="PRANAY-TEST" duration="00:00:00.0007930" startTime="2014-08-08T11:42:20.2168691-07:00" endTime="2014-08-08T11:42:20.2178691-07:00" testType="13cdc9d9-ddb5-4fa4-a97d-d965ccfc6d4b" outcome="Passed" testListId="8c84fa94-04c1-424b-9868-57a2d4851a1d" relativeResultsDirectory="c510d1ed-ec56-4278-b353-40f94233f4fe" />    <UnitTestResult executionId="9bf5db7f-46d0-4616-9f16-6dd7d0faeb87" testId="72ca6348-e3e1-ffab-55f7-81b5a55416b5" testName="TestSerializeQuickBooksOnline" computerName="PRANAY-TEST" duration="00:00:00.0003287" startTime="2014-08-08T11:42:20.2178691-07:00" endTime="2014-08-08T11:42:20.2188691-07:00" testType="13cdc9d9-ddb5-4fa4-a97d-d965ccfc6d4b" outcome="Passed" testListId="8c84fa94-04c1-424b-9868-57a2d4851a1d" relativeResultsDirectory="9bf5db7f-46d0-4616-9f16-6dd7d0faeb87" />    <UnitTestResult executionId="f6f934d5-41e1-42bb-8407-5a4dc390c4fb" testId="dfc190d4-e3cc-e599-4219-0478ddd2c871" testName="TestSerializeSalesForce" computerName="PRANAY-TEST" duration="00:00:00.0003626" startTime="2014-08-08T11:42:20.2188691-07:00" endTime="2014-08-08T11:42:20.2198691-07:00" testType="13cdc9d9-ddb5-4fa4-a97d-d965ccfc6d4b" outcome="Passed" testListId="8c84fa94-04c1-424b-9868-57a2d4851a1d" relativeResultsDirectory="f6f934d5-41e1-42bb-8407-5a4dc390c4fb" />    <UnitTestResult executionId="8295a542-731c-4d34-8e59-b18e29804317" testId="b6ca8dcf-6172-e862-6a18-cdb23bb6c687" testName="TestDeserialize" computerName="PRANAY-TEST" duration="00:00:00.0041613" startTime="2014-08-08T11:42:20.2198691-07:00" endTime="2014-08-08T11:42:20.2238691-07:00" testType="13cdc9d9-ddb5-4fa4-a97d-d965ccfc6d4b" outcome="Passed" testListId="8c84fa94-04c1-424b-9868-57a2d4851a1d" relativeResultsDirectory="8295a542-731c-4d34-8e59-b18e29804317" />    <UnitTestResult executionId="97b9801a-0d79-4cc5-bde0-aed84f9e3ac8" testId="b3020c94-f365-f694-6bcf-1496fd071604" testName="TestSerialize" computerName="PRANAY-TEST" duration="00:00:00.0003880" startTime="2014-08-08T11:42:20.2238691-07:00" endTime="2014-08-08T11:42:20.2248691-07:00" testType="13cdc9d9-ddb5-4fa4-a97d-d965ccfc6d4b" outcome="Passed" testListId="8c84fa94-04c1-424b-9868-57a2d4851a1d" relativeResultsDirectory="97b9801a-0d79-4cc5-bde0-aed84f9e3ac8" />    <UnitTestResult executionId="ec55e96d-f808-4313-bd6d-1da580b134cc" testId="c89abfa0-b55a-24c6-c97d-0e4769696f83" testName="TestCreation" computerName="PRANAY-TEST" duration="00:00:00.0179135" startTime="2014-08-08T11:42:20.2248691-07:00" endTime="2014-08-08T11:42:20.2428691-07:00" testType="13cdc9d9-ddb5-4fa4-a97d-d965ccfc6d4b" outcome="Passed" testListId="8c84fa94-04c1-424b-9868-57a2d4851a1d" relativeResultsDirectory="ec55e96d-f808-4313-bd6d-1da580b134cc" />    <UnitTestResult executionId="d0e3e0da-fa34-44db-8dca-fe8151632dc9" testId="ec6200fc-c3cb-8017-c7df-ba5489248b4c" testName="TestGetEntries" computerName="PRANAY-TEST" duration="00:00:01.9874353" startTime="2014-08-08T11:42:20.2428691-07:00" endTime="2014-08-08T11:42:22.2308691-07:00" testType="13cdc9d9-ddb5-4fa4-a97d-d965ccfc6d4b" outcome="Passed" testListId="8c84fa94-04c1-424b-9868-57a2d4851a1d" relativeResultsDirectory="d0e3e0da-fa34-44db-8dca-fe8151632dc9" />    <UnitTestResult executionId="0cfa515c-7ef5-4407-972e-019143770a09" testId="a748cff0-f727-2f92-e63c-97ade7e3f150" testName="TestPutExportEntries" computerName="PRANAY-TEST" duration="00:00:00.2532333" startTime="2014-08-08T11:42:22.2308691-07:00" endTime="2014-08-08T11:42:22.4848691-07:00" testType="13cdc9d9-ddb5-4fa4-a97d-d965ccfc6d4b" outcome="Passed" testListId="8c84fa94-04c1-424b-9868-57a2d4851a1d" relativeResultsDirectory="0cfa515c-7ef5-4407-972e-019143770a09" />    <UnitTestResult executionId="85c2f444-1b08-4f88-bfcf-43e052cdbf42" testId="078c4570-fe14-6243-4d53-73f71257145f" testName="TestSynchronizeDelta" computerName="PRANAY-TEST" duration="00:00:00.1538417" startTime="2014-08-08T11:42:22.4848691-07:00" endTime="2014-08-08T11:42:22.6388691-07:00" testType="13cdc9d9-ddb5-4fa4-a97d-d965ccfc6d4b" outcome="Passed" testListId="8c84fa94-04c1-424b-9868-57a2d4851a1d" relativeResultsDirectory="85c2f444-1b08-4f88-bfcf-43e052cdbf42" />    <UnitTestResult executionId="046145dd-9a28-46bc-bcc7-edc62f9c1e82" testId="ea41c9ae-eee2-2dcc-3fab-596c10c52245" testName="TestSynchronizeFull" computerName="PRANAY-TEST" duration="00:00:00.3192083" startTime="2014-08-08T11:42:22.6388691-07:00" endTime="2014-08-08T11:42:22.9588691-07:00" testType="13cdc9d9-ddb5-4fa4-a97d-d965ccfc6d4b" outcome="Passed" testListId="8c84fa94-04c1-424b-9868-57a2d4851a1d" relativeResultsDirectory="046145dd-9a28-46bc-bcc7-edc62f9c1e82" />    <UnitTestResult executionId="1a9a07f7-6ec3-4524-b552-9b321656c93a" testId="ec1b7b2e-36db-791a-fcaf-3e98657c626e" testName="TestDeletion" computerName="PRANAY-TEST" duration="00:00:13.3898991" startTime="2014-08-08T11:37:44.4748691-07:00" endTime="2014-08-08T11:37:57.9658691-07:00" testType="13cdc9d9-ddb5-4fa4-a97d-d965ccfc6d4b" outcome="Passed" testListId="8c84fa94-04c1-424b-9868-57a2d4851a1d" relativeResultsDirectory="1a9a07f7-6ec3-4524-b552-9b321656c93a" />    <UnitTestResult executionId="dbff8d86-6b57-477e-a365-88cd13afad9e" testId="24f7fbbd-432b-e9dc-4e35-a8ebc1b7e000" testName="TestIdentifiedSchedule" computerName="PRANAY-TEST" duration="00:00:00.6096847" startTime="2014-08-08T11:37:57.9858691-07:00" endTime="2014-08-08T11:37:58.5968691-07:00" testType="13cdc9d9-ddb5-4fa4-a97d-d965ccfc6d4b" outcome="Passed" testListId="8c84fa94-04c1-424b-9868-57a2d4851a1d" relativeResultsDirectory="dbff8d86-6b57-477e-a365-88cd13afad9e" />    <UnitTestResult executionId="542ce915-8147-4a2f-8c7e-4110a3fdd642" testId="a72cec22-9282-aeca-6266-d9441431ad13" testName="TestIdentifiedScheduleSupplementary" computerName="PRANAY-TEST" duration="00:00:00.3743241" startTime="2014-08-08T11:37:58.5978691-07:00" endTime="2014-08-08T11:37:58.9718691-07:00" testType="13cdc9d9-ddb5-4fa4-a97d-d965ccfc6d4b" outcome="Passed" testListId="8c84fa94-04c1-424b-9868-57a2d4851a1d" relativeResultsDirectory="542ce915-8147-4a2f-8c7e-4110a3fdd642" />    <UnitTestResult executionId="eae21277-6104-4d92-bb4d-7621a6c7c2f3" testId="d5ed6388-cea9-6f5d-d505-4a4623406645" testName="TestSchedule" computerName="PRANAY-TEST" duration="00:00:10.6462756" startTime="2014-08-08T11:37:58.9718691-07:00" endTime="2014-08-08T11:38:09.6188691-07:00" testType="13cdc9d9-ddb5-4fa4-a97d-d965ccfc6d4b" outcome="Failed" testListId="8c84fa94-04c1-424b-9868-57a2d4851a1d" relativeResultsDirectory="eae21277-6104-4d92-bb4d-7621a6c7c2f3">      <Output>        <ErrorInfo>          <Message>Assert.IsTrue failed. </Message>          <StackTrace>   at Microsoft.ActiveDirectory.Connector.Test.SchedulerUnitTest.TestSchedule() in f:\src\Adiam_Cloud_Nightly_Tester\sources\test\Services\SyncFabric\Controller\UnitTests\TestScheduler\SchedulerUnitTest.cs:line 443</StackTrace>        </ErrorInfo>      </Output>    </UnitTestResult>    <UnitTestResult executionId="8bb6664c-b20a-46c7-ac88-e843969dca3b" testId="3adf6ecf-0445-b2fe-b3dc-6c8ce5e12e28" testName="TestUpdate" computerName="PRANAY-TEST" duration="00:00:02.2088443" startTime="2014-08-08T11:38:09.6188691-07:00" endTime="2014-08-08T11:38:11.8288691-07:00" testType="13cdc9d9-ddb5-4fa4-a97d-d965ccfc6d4b" outcome="Passed" testListId="8c84fa94-04c1-424b-9868-57a2d4851a1d" relativeResultsDirectory="8bb6664c-b20a-46c7-ac88-e843969dca3b" />    <UnitTestResult executionId="269fffd4-7d30-40a1-ab7e-7859838ddc06" testId="c799fae2-9ce5-5086-20a0-1d50daa2e434" testName="TestUpgrade" computerName="PRANAY-TEST" duration="00:00:02.7689917" startTime="2014-08-08T11:38:11.8298691-07:00" endTime="2014-08-08T11:38:14.5998691-07:00" testType="13cdc9d9-ddb5-4fa4-a97d-d965ccfc6d4b" outcome="Passed" testListId="8c84fa94-04c1-424b-9868-57a2d4851a1d" relativeResultsDirectory="269fffd4-7d30-40a1-ab7e-7859838ddc06" />    <UnitTestResult executionId="e6e4b0e5-743e-4151-b5b2-d1b485b977f7" testId="1f593a90-111c-3721-321a-0c6f9489efee" testName="TestOutboundProvisioning" computerName="PRANAY-TEST" duration="00:00:00.2297405" startTime="2014-08-08T11:37:52.2428691-07:00" endTime="2014-08-08T11:38:04.9978691-07:00" testType="13cdc9d9-ddb5-4fa4-a97d-d965ccfc6d4b" outcome="Failed" testListId="8c84fa94-04c1-424b-9868-57a2d4851a1d" relativeResultsDirectory="e6e4b0e5-743e-4151-b5b2-d1b485b977f7">      <Output>        <ErrorInfo>          <Message>Initialization method Microsoft.ActiveDirectory.Connector.Test.CloudQueueScenarioTest.Initialize threw exception. System.TypeInitializationException: System.TypeInitializationException: The type initializer for 'Microsoft.WindowsAzure.ServiceRuntime.RoleEnvironment' threw an exception. ---&gt; System.IO.FileNotFoundException: Could not load file or assembly 'msshrtmi, Version=2.3.0.0, Culture=neutral, PublicKeyToken=31bf3856ad364e35' or one of its dependencies. The system cannot find the file specified.WRN: Assembly binding logging is turned OFF.To enable assembly bind failure logging, set the registry value [HKLM\Software\Microsoft\Fusion!EnableLog] (DWORD) to 1.Note: There is some performance penalty associated with assembly bind failure logging.To turn this feature off, remove the registry value [HKLM\Software\Microsoft\Fusion!EnableLog]..</Message>          <StackTrace>    at Microsoft.WindowsAzure.ServiceRuntime.RoleEnvironment.InitializeEnvironment()   at Microsoft.WindowsAzure.ServiceRuntime.RoleEnvironment..cctor() --- End of inner exception stack trace ---    at Microsoft.WindowsAzure.ServiceRuntime.RoleEnvironment.get_IsAvailable()   at Microsoft.ActiveDirectory.Connector.Host.ResetWebServer() in f:\src\Adiam_Cloud_Nightly_Tester\sources\dev\Services\SyncFabric\Controller\Utility\Host.cs:line 236   at Microsoft.ActiveDirectory.Connector.Test.CloudQueueScenarioTest.Initialize() in f:\src\Adiam_Cloud_Nightly_Tester\sources\test\Services\SyncFabric\Controller\ScenarioTests\TestScenarioWithCloudQueue\CloudQueueScenarioTest.cs:line 86</StackTrace>        </ErrorInfo>      </Output>    </UnitTestResult>    <UnitTestResult executionId="f390bb0c-4237-4d3d-ac7b-5517966d08ef" testId="56e4822c-67dc-e287-68b1-635ea983221d" testName="TestUpdate" computerName="PRANAY-TEST" duration="00:00:32.4280040" startTime="2014-08-08T11:37:38.0218691-07:00" endTime="2014-08-08T11:38:10.6038691-07:00" testType="13cdc9d9-ddb5-4fa4-a97d-d965ccfc6d4b" outcome="Passed" testListId="8c84fa94-04c1-424b-9868-57a2d4851a1d" relativeResultsDirectory="f390bb0c-4237-4d3d-ac7b-5517966d08ef" />    <UnitTestResult executionId="f284a4ec-a131-49d7-bccc-6ce77a7d1a5b" testId="bd4c1bcc-2110-8a63-3270-3eb25d652b5f" testName="TestAuthentication" computerName="PRANAY-TEST" duration="00:00:34.9442367" startTime="2014-08-08T11:37:38.2008691-07:00" endTime="2014-08-08T11:38:13.2368691-07:00" testType="13cdc9d9-ddb5-4fa4-a97d-d965ccfc6d4b" outcome="Passed" testListId="8c84fa94-04c1-424b-9868-57a2d4851a1d" relativeResultsDirectory="f284a4ec-a131-49d7-bccc-6ce77a7d1a5b" />    <UnitTestResult executionId="734155b7-5e7f-4ddd-828e-157414139ad1" testId="b663b28e-2efe-9bdc-3671-e97ae3be48a5" testName="TestParsingCompanies" computerName="PRANAY-TEST" duration="00:00:01.1274302" startTime="2014-08-08T11:38:13.2578691-07:00" endTime="2014-08-08T11:38:14.4048691-07:00" testType="13cdc9d9-ddb5-4fa4-a97d-d965ccfc6d4b" outcome="Passed" testListId="8c84fa94-04c1-424b-9868-57a2d4851a1d" relativeResultsDirectory="734155b7-5e7f-4ddd-828e-157414139ad1" />    <UnitTestResult executionId="902a96e3-bbe4-4ef8-88b0-bb42bc9bdb62" testId="e730d1dc-1d3d-43fd-33ff-4a1176abe636" testName="TestRawGraphProxy" computerName="PRANAY-TEST" duration="00:03:03.6082584" startTime="2014-08-08T11:38:14.4048691-07:00" endTime="2014-08-08T11:41:18.0028691-07:00" testType="13cdc9d9-ddb5-4fa4-a97d-d965ccfc6d4b" outcome="Passed" testListId="8c84fa94-04c1-424b-9868-57a2d4851a1d" relativeResultsDirectory="902a96e3-bbe4-4ef8-88b0-bb42bc9bdb62" />    <UnitTestResult executionId="b2516d1d-289a-43a7-9822-323cb7e54bb0" testId="8bba806a-ef9f-63b1-8a84-bb8b3dd16858" testName="TestRawGraphProxyBatches" computerName="PRANAY-TEST" duration="00:00:53.6300054" startTime="2014-08-08T11:41:18.0038691-07:00" endTime="2014-08-08T11:42:11.6308691-07:00" testType="13cdc9d9-ddb5-4fa4-a97d-d965ccfc6d4b" outcome="Passed" testListId="8c84fa94-04c1-424b-9868-57a2d4851a1d" relativeResultsDirectory="b2516d1d-289a-43a7-9822-323cb7e54bb0" />    <UnitTestResult executionId="b375864b-3172-47ad-a86a-e4facd461d1a" testId="bfcb452d-d63a-d378-eb12-d5d2fbc6ea05" testName="TestQuickBooksProxyAdapterImportByAnchor" computerName="PRANAY-TEST" duration="00:00:22.8763973" startTime="2014-08-08T11:37:51.7198691-07:00" endTime="2014-08-08T11:38:14.6648691-07:00" testType="13cdc9d9-ddb5-4fa4-a97d-d965ccfc6d4b" outcome="Passed" testListId="8c84fa94-04c1-424b-9868-57a2d4851a1d" relativeResultsDirectory="b375864b-3172-47ad-a86a-e4facd461d1a" />    <UnitTestResult executionId="18f119c7-04ab-4826-87be-3ad517591464" testId="cd9413f3-cd78-f1b8-b53d-707a8795850e" testName="TestETWManifestInstallation" computerName="PRANAY-TEST" duration="00:00:14.6523267" startTime="2014-08-08T11:38:03.6918691-07:00" endTime="2014-08-08T11:38:18.6028691-07:00" testType="13cdc9d9-ddb5-4fa4-a97d-d965ccfc6d4b" outcome="Failed" testListId="8c84fa94-04c1-424b-9868-57a2d4851a1d" relativeResultsDirectory="18f119c7-04ab-4826-87be-3ad517591464">      <Output>        <ErrorInfo>          <Message>Test method Microsoft.ActiveDirectory.Connector.Test.MonitoringInstallerUnitTest.TestETWManifestInstallation threw exception: System.ArgumentException: WevUtil did not finish in the stipulated time with these arguments: im MonitoringAdapterTraceSpecification.man</Message>          <StackTrace>    at Microsoft.ActiveDirectory.Connector.MonitoringAdapterTraceSpecificationInstaller.ExecuteWevtutil(String arguments) in f:\src\Adiam_Cloud_Nightly_Tester\sources\dev\Services\SyncFabric\Controller\MonitoringAdapter\MonitoringAdapterTraceSpecificationInstaller.cs:line 56   at Microsoft.ActiveDirectory.Connector.MonitoringAdapterTraceSpecificationInstaller.Install() in f:\src\Adiam_Cloud_Nightly_Tester\sources\dev\Services\SyncFabric\Controller\MonitoringAdapter\MonitoringAdapterTraceSpecificationInstaller.cs:line 103   at Microsoft.ActiveDirectory.Connector.Test.MonitoringInstallerUnitTest.TestETWManifestInstallation() in f:\src\Adiam_Cloud_Nightly_Tester\sources\test\Services\SyncFabric\Controller\UnitTests\TestMonitoring\MonitoringInstallerUnitTest.cs:line 20</StackTrace>        </ErrorInfo>      </Output>    </UnitTestResult>    <UnitTestResult executionId="a50f3f18-cf3a-419e-b6fc-3619fc45cc43" testId="259d1ce1-fdb8-909a-90d9-6e804528f429" testName="TestCriticalErrorEmission" computerName="PRANAY-TEST" duration="00:00:10.7290347" startTime="2014-08-08T11:38:18.6608691-07:00" endTime="2014-08-08T11:38:29.3908691-07:00" testType="13cdc9d9-ddb5-4fa4-a97d-d965ccfc6d4b" outcome="Passed" testListId="8c84fa94-04c1-424b-9868-57a2d4851a1d" relativeResultsDirectory="a50f3f18-cf3a-419e-b6fc-3619fc45cc43" />    <UnitTestResult executionId="81670c9a-d04b-409f-986e-161d63dda7a3" testId="a7b273e0-2999-2341-10e8-f8aa44944872" testName="TestEmissionMetadata" computerName="PRANAY-TEST" duration="00:00:00.0035050" startTime="2014-08-08T11:38:29.3918691-07:00" endTime="2014-08-08T11:38:29.3958691-07:00" testType="13cdc9d9-ddb5-4fa4-a97d-d965ccfc6d4b" outcome="Passed" testListId="8c84fa94-04c1-424b-9868-57a2d4851a1d" relativeResultsDirectory="81670c9a-d04b-409f-986e-161d63dda7a3" />    <UnitTestResult executionId="3dae9af0-90c3-496c-8129-9f1279383041" testId="9863179c-272a-b23d-7dee-1e1cfee1927f" testName="TestEmissionContainsSecrets" computerName="PRANAY-TEST" duration="00:00:00.0058540" startTime="2014-08-08T11:38:29.3958691-07:00" endTime="2014-08-08T11:38:29.4018691-07:00" testType="13cdc9d9-ddb5-4fa4-a97d-d965ccfc6d4b" outcome="Passed" testListId="8c84fa94-04c1-424b-9868-57a2d4851a1d" relativeResultsDirectory="3dae9af0-90c3-496c-8129-9f1279383041" />    <UnitTestResult executionId="abfd0441-74c1-4346-8bd2-23ee8a305d03" testId="5cbc4369-c490-f77c-7bd7-7aa365b037f0" testName="TestErrorEmission" computerName="PRANAY-TEST" duration="00:00:00.2235046" startTime="2014-08-08T11:38:29.4028691-07:00" endTime="2014-08-08T11:38:29.6258691-07:00" testType="13cdc9d9-ddb5-4fa4-a97d-d965ccfc6d4b" outcome="Passed" testListId="8c84fa94-04c1-424b-9868-57a2d4851a1d" relativeResultsDirectory="abfd0441-74c1-4346-8bd2-23ee8a305d03" />    <UnitTestResult executionId="8a033764-083d-4fb9-9c61-cf7bd78f9587" testId="17fadc5f-bc6f-27ee-d038-d3341be9a0c2" testName="TestInformationEmission" computerName="PRANAY-TEST" duration="00:00:00.0062470" startTime="2014-08-08T11:38:29.6258691-07:00" endTime="2014-08-08T11:38:29.6328691-07:00" testType="13cdc9d9-ddb5-4fa4-a97d-d965ccfc6d4b" outcome="Passed" testListId="8c84fa94-04c1-424b-9868-57a2d4851a1d" relativeResultsDirectory="8a033764-083d-4fb9-9c61-cf7bd78f9587" />    <UnitTestResult executionId="7f144f7d-e8d4-4617-9e34-9a49eb20584f" testId="ee8f64dc-2147-ad36-bbf3-b9abd414090a" testName="TestOperationTracker" computerName="PRANAY-TEST" duration="00:00:05.2544736" startTime="2014-08-08T11:38:29.6328691-07:00" endTime="2014-08-08T11:38:34.8878691-07:00" testType="13cdc9d9-ddb5-4fa4-a97d-d965ccfc6d4b" outcome="Passed" testListId="8c84fa94-04c1-424b-9868-57a2d4851a1d" relativeResultsDirectory="7f144f7d-e8d4-4617-9e34-9a49eb20584f" />    <UnitTestResult executionId="8718646b-5bed-43a0-bbc6-8bedeefcd157" testId="d622cb79-30b3-81d8-86a1-43538721ce2d" testName="TestSplittingEmission" computerName="PRANAY-TEST" duration="00:00:00.0375844" startTime="2014-08-08T11:38:34.8888691-07:00" endTime="2014-08-08T11:38:34.9268691-07:00" testType="13cdc9d9-ddb5-4fa4-a97d-d965ccfc6d4b" outcome="Passed" testListId="8c84fa94-04c1-424b-9868-57a2d4851a1d" relativeResultsDirectory="8718646b-5bed-43a0-bbc6-8bedeefcd157" />    <UnitTestResult executionId="cef1ec68-0c81-409c-a26c-b7d801d38f6f" testId="82726b63-af00-05a0-ea65-8a4a07f9d9dd" testName="TestEmitRunProfileStatisticsEmission" computerName="PRANAY-TEST" duration="00:00:00.0085394" startTime="2014-08-08T11:38:34.9268691-07:00" endTime="2014-08-08T11:38:34.9358691-07:00" testType="13cdc9d9-ddb5-4fa4-a97d-d965ccfc6d4b" outcome="Passed" testListId="8c84fa94-04c1-424b-9868-57a2d4851a1d" relativeResultsDirectory="cef1ec68-0c81-409c-a26c-b7d801d38f6f" />    <UnitTestResult executionId="36ecfedd-2da6-4d52-89dc-8cf996f5e8c8" testId="b9deaf76-e752-369a-84d5-87982beda926" testName="TestEmitMetricEmission" computerName="PRANAY-TEST" duration="00:00:00.0080217" startTime="2014-08-08T11:38:34.9358691-07:00" endTime="2014-08-08T11:38:34.9438691-07:00" testType="13cdc9d9-ddb5-4fa4-a97d-d965ccfc6d4b" outcome="Passed" testListId="8c84fa94-04c1-424b-9868-57a2d4851a1d" relativeResultsDirectory="36ecfedd-2da6-4d52-89dc-8cf996f5e8c8" />    <UnitTestResult executionId="ed268bfb-ed04-4fc3-a4db-74cbf9870d79" testId="9aeec150-0375-d597-e089-fd38a184c221" testName="TestEmitOperationMetricEmission" computerName="PRANAY-TEST" duration="00:00:00.9162815" startTime="2014-08-08T11:38:34.9438691-07:00" endTime="2014-08-08T11:38:35.8608691-07:00" testType="13cdc9d9-ddb5-4fa4-a97d-d965ccfc6d4b" outcome="Passed" testListId="8c84fa94-04c1-424b-9868-57a2d4851a1d" relativeResultsDirectory="ed268bfb-ed04-4fc3-a4db-74cbf9870d79" />    <UnitTestResult executionId="4b7dec19-fcdd-4d74-b71e-2700f80161ef" testId="9c44ca8d-1807-7017-8e45-bff4f8c2989b" testName="TestUsageEmission" computerName="PRANAY-TEST" duration="00:00:00.0068152" startTime="2014-08-08T11:38:35.8608691-07:00" endTime="2014-08-08T11:38:35.8678691-07:00" testType="13cdc9d9-ddb5-4fa4-a97d-d965ccfc6d4b" outcome="Passed" testListId="8c84fa94-04c1-424b-9868-57a2d4851a1d" relativeResultsDirectory="4b7dec19-fcdd-4d74-b71e-2700f80161ef" />    <UnitTestResult executionId="80e2fe20-51b1-4564-be9c-bf507234abb1" testId="af38a6ff-7475-dbd1-751f-211e79a189b0" testName="TestVerboseMessageEmission" computerName="PRANAY-TEST" duration="00:00:00.0014874" startTime="2014-08-08T11:38:35.8678691-07:00" endTime="2014-08-08T11:38:35.8698691-07:00" testType="13cdc9d9-ddb5-4fa4-a97d-d965ccfc6d4b" outcome="Passed" testListId="8c84fa94-04c1-424b-9868-57a2d4851a1d" relativeResultsDirectory="80e2fe20-51b1-4564-be9c-bf507234abb1" />    <UnitTestResult executionId="39d4791b-cbf2-4a24-bea8-c71e27a6163c" testId="ea40065e-cc4e-a1d4-954b-5fbf4a249a8e" testName="TestWarningEmission" computerName="PRANAY-TEST" duration="00:00:00.0039904" startTime="2014-08-08T11:38:35.8698691-07:00" endTime="2014-08-08T11:38:35.8738691-07:00" testType="13cdc9d9-ddb5-4fa4-a97d-d965ccfc6d4b" outcome="Passed" testListId="8c84fa94-04c1-424b-9868-57a2d4851a1d" relativeResultsDirectory="39d4791b-cbf2-4a24-bea8-c71e27a6163c" />    <UnitTestResult executionId="ad7cb931-8243-4c65-90a3-49d3f3abcc2a" testId="5dbf5956-c002-fd4c-16ad-369bfa4a7c61" testName="TestEndToEndTracingIdentifier" computerName="PRANAY-TEST" duration="00:00:00.0165423" startTime="2014-08-08T11:38:35.8738691-07:00" endTime="2014-08-08T11:38:35.8908691-07:00" testType="13cdc9d9-ddb5-4fa4-a97d-d965ccfc6d4b" outcome="Passed" testListId="8c84fa94-04c1-424b-9868-57a2d4851a1d" relativeResultsDirectory="ad7cb931-8243-4c65-90a3-49d3f3abcc2a" />    <UnitTestResult executionId="7b1213f9-84b2-4885-8c24-f0e056a4835d" testId="3c6fc8dd-a0f7-770c-7be5-2621883e9ed5" testName="TestLockExpiry" computerName="PRANAY-TEST" duration="00:00:43.9503733" startTime="2014-08-08T11:37:40.3628691-07:00" endTime="2014-08-08T11:38:28.1238691-07:00" testType="13cdc9d9-ddb5-4fa4-a97d-d965ccfc6d4b" outcome="Passed" testListId="8c84fa94-04c1-424b-9868-57a2d4851a1d" relativeResultsDirectory="7b1213f9-84b2-4885-8c24-f0e056a4835d" />    <UnitTestResult executionId="7f812b42-f2fc-4e35-97d1-751ea9f7d568" testId="31c48218-bd5d-82fb-9c79-f0e23544a95a" testName="TestCancel" computerName="PRANAY-TEST" duration="00:00:00.1512202" startTime="2014-08-08T11:38:28.1428691-07:00" endTime="2014-08-08T11:38:28.2948691-07:00" testType="13cdc9d9-ddb5-4fa4-a97d-d965ccfc6d4b" outcome="Passed" testListId="8c84fa94-04c1-424b-9868-57a2d4851a1d" relativeResultsDirectory="7f812b42-f2fc-4e35-97d1-751ea9f7d568" />    <UnitTestResult executionId="7444c937-7e69-4be3-8be9-9ee64538e9e8" testId="71805b26-5f9e-ea04-2848-ecbf2d8b57fe" testName="TestEnqueue" computerName="PRANAY-TEST" duration="00:00:00.1402443" startTime="2014-08-08T11:38:28.2948691-07:00" endTime="2014-08-08T11:38:28.4358691-07:00" testType="13cdc9d9-ddb5-4fa4-a97d-d965ccfc6d4b" outcome="Passed" testListId="8c84fa94-04c1-424b-9868-57a2d4851a1d" relativeResultsDirectory="7444c937-7e69-4be3-8be9-9ee64538e9e8" />    <UnitTestResult executionId="299d2547-596b-4dc2-8d45-c4352f953140" testId="8b498694-8dba-50d1-a332-7ee3f54d8309" testName="TestUpdate" computerName="PRANAY-TEST" duration="00:00:00.1504091" startTime="2014-08-08T11:38:28.4358691-07:00" endTime="2014-08-08T11:38:28.5858691-07:00" testType="13cdc9d9-ddb5-4fa4-a97d-d965ccfc6d4b" outcome="Passed" testListId="8c84fa94-04c1-424b-9868-57a2d4851a1d" relativeResultsDirectory="299d2547-596b-4dc2-8d45-c4352f953140" />    <UnitTestResult executionId="4991e0df-ba3c-49a4-afbf-d44d6a1e6b12" testId="13035342-b9f5-b508-3606-fa47ddfe9979" testName="TestMicrosoftOnlineDirectoryServiceExport" computerName="PRANAY-TEST" duration="00:00:00.1031930" startTime="2014-08-08T11:38:28.5858691-07:00" endTime="2014-08-08T11:38:28.6898691-07:00" testType="13cdc9d9-ddb5-4fa4-a97d-d965ccfc6d4b" outcome="Passed" testListId="8c84fa94-04c1-424b-9868-57a2d4851a1d" relativeResultsDirectory="4991e0df-ba3c-49a4-afbf-d44d6a1e6b12" />    <UnitTestResult executionId="bd392f93-24f2-4d82-b7e3-9c27d1eb292d" testId="590befe5-e81a-9a33-24b9-50c1c6016a4d" testName="TestMicrosoftOnlineDirectoryServiceSynchronize" computerName="PRANAY-TEST" duration="00:00:00.0039985" startTime="2014-08-08T11:38:28.6898691-07:00" endTime="2014-08-08T11:38:28.6938691-07:00" testType="13cdc9d9-ddb5-4fa4-a97d-d965ccfc6d4b" outcome="Passed" testListId="8c84fa94-04c1-424b-9868-57a2d4851a1d" relativeResultsDirectory="bd392f93-24f2-4d82-b7e3-9c27d1eb292d" />    <UnitTestResult executionId="cf9d80ef-95ac-4bb6-834e-3314d1bb4d2a" testId="1748545f-33f5-413e-74be-23b4056eed04" testName="TestQuickBooksOnlineSynchronizeDelta" computerName="PRANAY-TEST" duration="00:00:00.0474081" startTime="2014-08-08T11:38:28.6938691-07:00" endTime="2014-08-08T11:38:28.7418691-07:00" testType="13cdc9d9-ddb5-4fa4-a97d-d965ccfc6d4b" outcome="Passed" testListId="8c84fa94-04c1-424b-9868-57a2d4851a1d" relativeResultsDirectory="cf9d80ef-95ac-4bb6-834e-3314d1bb4d2a" />    <UnitTestResult executionId="752446bb-0d5f-4668-b94c-48a445b2ebde" testId="1cb02df9-7a01-a979-af44-798276e5f12e" testName="TestQuickBooksOnlineSynchronizeFull" computerName="PRANAY-TEST" duration="00:00:00.0042599" startTime="2014-08-08T11:38:28.7418691-07:00" endTime="2014-08-08T11:38:28.7458691-07:00" testType="13cdc9d9-ddb5-4fa4-a97d-d965ccfc6d4b" outcome="Passed" testListId="8c84fa94-04c1-424b-9868-57a2d4851a1d" relativeResultsDirectory="752446bb-0d5f-4668-b94c-48a445b2ebde" />    <UnitTestResult executionId="e4e0d19b-be7c-4c54-ac31-c4b24837d4b3" testId="563dfa21-e0d7-853a-b9ef-929881f22d62" testName="TestSalesForceExport" computerName="PRANAY-TEST" duration="00:00:00.0126800" startTime="2014-08-08T11:38:28.7468691-07:00" endTime="2014-08-08T11:38:28.7588691-07:00" testType="13cdc9d9-ddb5-4fa4-a97d-d965ccfc6d4b" outcome="Passed" testListId="8c84fa94-04c1-424b-9868-57a2d4851a1d" relativeResultsDirectory="e4e0d19b-be7c-4c54-ac31-c4b24837d4b3" />    <UnitTestResult executionId="211dd54f-305f-42e5-93f5-8f33ce47dda1" testId="aa1bf518-52c9-3b75-b6a2-a405529e2793" testName="TestSalesForceSynchronize" computerName="PRANAY-TEST" duration="00:00:00.0075844" startTime="2014-08-08T11:38:28.7588691-07:00" endTime="2014-08-08T11:38:28.7668691-07:00" testType="13cdc9d9-ddb5-4fa4-a97d-d965ccfc6d4b" outcome="Passed" testListId="8c84fa94-04c1-424b-9868-57a2d4851a1d" relativeResultsDirectory="211dd54f-305f-42e5-93f5-8f33ce47dda1" />    <UnitTestResult executionId="6ea23b39-78ab-4401-bfc2-d9e8276d99ea" testId="3d6e7b84-5848-1b2f-28b1-e0ddb274bea1" testName="TestGoogleAppsExport" computerName="PRANAY-TEST" duration="00:00:00.0142803" startTime="2014-08-08T11:38:28.7668691-07:00" endTime="2014-08-08T11:38:28.7818691-07:00" testType="13cdc9d9-ddb5-4fa4-a97d-d965ccfc6d4b" outcome="Passed" testListId="8c84fa94-04c1-424b-9868-57a2d4851a1d" relativeResultsDirectory="6ea23b39-78ab-4401-bfc2-d9e8276d99ea" />    <UnitTestResult executionId="180d72e2-3c02-4982-a0a3-e7739ee466a2" testId="f88c9099-6883-ec06-512c-5f60d243978a" testName="TestGoogleAppsSynchronizeFull" computerName="PRANAY-TEST" duration="00:00:00.0042318" startTime="2014-08-08T11:38:28.7818691-07:00" endTime="2014-08-08T11:38:28.7858691-07:00" testType="13cdc9d9-ddb5-4fa4-a97d-d965ccfc6d4b" outcome="Passed" testListId="8c84fa94-04c1-424b-9868-57a2d4851a1d" relativeResultsDirectory="180d72e2-3c02-4982-a0a3-e7739ee466a2" />    <UnitTestResult executionId="75013fac-f74a-43bf-b400-dd3c77f923ad" testId="950ee49f-3394-dbcf-88bf-015f69dfadf1" testName="TestGetProfile" computerName="PRANAY-TEST" duration="00:00:30.8705717" startTime="2014-08-08T11:38:28.7858691-07:00" endTime="2014-08-08T11:38:59.6578691-07:00" testType="13cdc9d9-ddb5-4fa4-a97d-d965ccfc6d4b" outcome="Passed" testListId="8c84fa94-04c1-424b-9868-57a2d4851a1d" relativeResultsDirectory="75013fac-f74a-43bf-b400-dd3c77f923ad" />    <UnitTestResult executionId="320e8c0d-a1ff-4ecf-9b9c-a0a83e93a4d1" testId="e7e11dc3-d90b-7544-4ef2-7d676941b8a1" testName="TestGetTenantInformation" computerName="PRANAY-TEST" duration="00:00:00.0814772" startTime="2014-08-08T11:38:59.6588691-07:00" endTime="2014-08-08T11:38:59.7408691-07:00" testType="13cdc9d9-ddb5-4fa4-a97d-d965ccfc6d4b" outcome="Passed" testListId="8c84fa94-04c1-424b-9868-57a2d4851a1d" relativeResultsDirectory="320e8c0d-a1ff-4ecf-9b9c-a0a83e93a4d1" />    <UnitTestResult executionId="27b4f73c-a2c6-4474-8830-b0fbe45c978b" testId="88d97e03-9100-6494-6bbc-9a5afc137dad" testName="TestTryGetProfile" computerName="PRANAY-TEST" duration="00:00:00.0694215" startTime="2014-08-08T11:38:59.7408691-07:00" endTime="2014-08-08T11:38:59.8108691-07:00" testType="13cdc9d9-ddb5-4fa4-a97d-d965ccfc6d4b" outcome="Passed" testListId="8c84fa94-04c1-424b-9868-57a2d4851a1d" relativeResultsDirectory="27b4f73c-a2c6-4474-8830-b0fbe45c978b" />    <UnitTestResult executionId="6c175d6f-18f4-4b9b-8fc8-a9cadbd8a4f7" testId="061e9f88-1cd9-ca64-6f20-8e280d9ce507" testName="TestTryLockProfile" computerName="PRANAY-TEST" duration="00:00:30.0961652" startTime="2014-08-08T11:38:59.8108691-07:00" endTime="2014-08-08T11:39:29.9058691-07:00" testType="13cdc9d9-ddb5-4fa4-a97d-d965ccfc6d4b" outcome="Passed" testListId="8c84fa94-04c1-424b-9868-57a2d4851a1d" relativeResultsDirectory="6c175d6f-18f4-4b9b-8fc8-a9cadbd8a4f7" />    <UnitTestResult executionId="0c092c85-f509-4479-8413-c7fbbb32e8de" testId="fba19ea5-9911-c550-e246-1cc83564bbd2" testName="TestUnlockProfile" computerName="PRANAY-TEST" duration="00:00:00.0742315" startTime="2014-08-08T11:39:29.9058691-07:00" endTime="2014-08-08T11:39:29.9808691-07:00" testType="13cdc9d9-ddb5-4fa4-a97d-d965ccfc6d4b" outcome="Passed" testListId="8c84fa94-04c1-424b-9868-57a2d4851a1d" relativeResultsDirectory="0c092c85-f509-4479-8413-c7fbbb32e8de" />    <UnitTestResult executionId="2f207e78-6b21-4180-be23-ac9bbee10605" testId="058b4a23-eb7c-5d6e-dd14-3d7bff1496ec" testName="TestUpdateProfile" computerName="PRANAY-TEST" duration="00:00:00.0763473" startTime="2014-08-08T11:39:29.9808691-07:00" endTime="2014-08-08T11:39:30.0568691-07:00" testType="13cdc9d9-ddb5-4fa4-a97d-d965ccfc6d4b" outcome="Passed" testListId="8c84fa94-04c1-424b-9868-57a2d4851a1d" relativeResultsDirectory="2f207e78-6b21-4180-be23-ac9bbee10605" />    <UnitTestResult executionId="52f41612-51b1-482a-a529-7b7742a14e27" testId="4c555c5a-19ca-67d4-e9ae-113ac04838f2" testName="TestSendMessage" computerName="PRANAY-TEST" duration="00:00:30.1099982" startTime="2014-08-08T11:39:30.0578691-07:00" endTime="2014-08-08T11:40:00.1668691-07:00" testType="13cdc9d9-ddb5-4fa4-a97d-d965ccfc6d4b" outcome="Passed" testListId="8c84fa94-04c1-424b-9868-57a2d4851a1d" relativeResultsDirectory="52f41612-51b1-482a-a529-7b7742a14e27" />    <UnitTestResult executionId="0e7d2b1f-cb1d-4b35-8bba-41219e542c82" testId="095ab7cc-844b-f1a8-51b3-7e45d0588e81" testName="TestErrorEmission" computerName="PRANAY-TEST" duration="00:00:00.0008041" startTime="2014-08-08T11:40:00.1668691-07:00" endTime="2014-08-08T11:40:00.1688691-07:00" testType="13cdc9d9-ddb5-4fa4-a97d-d965ccfc6d4b" outcome="Passed" testListId="8c84fa94-04c1-424b-9868-57a2d4851a1d" relativeResultsDirectory="0e7d2b1f-cb1d-4b35-8bba-41219e542c82" />    <UnitTestResult executionId="6a6f9e93-7c8e-43b7-985e-2b6d57872f2e" testId="947540de-dbe4-43ad-0ffb-2e52459b5762" testName="TestExceptionWarningEmission" computerName="PRANAY-TEST" duration="00:00:00.0001847" startTime="2014-08-08T11:40:00.1688691-07:00" endTime="2014-08-08T11:40:00.1688691-07:00" testType="13cdc9d9-ddb5-4fa4-a97d-d965ccfc6d4b" outcome="Passed" testListId="8c84fa94-04c1-424b-9868-57a2d4851a1d" relativeResultsDirectory="6a6f9e93-7c8e-43b7-985e-2b6d57872f2e" />    <UnitTestResult executionId="bc5541b7-4aa8-43f7-8e35-8c80cb0ab53f" testId="23935d59-c9d2-2734-582e-d2c5385ac29e" testName="TestInformationEmission" computerName="PRANAY-TEST" duration="00:00:00.0001497" startTime="2014-08-08T11:40:00.1688691-07:00" endTime="2014-08-08T11:40:00.1698691-07:00" testType="13cdc9d9-ddb5-4fa4-a97d-d965ccfc6d4b" outcome="Passed" testListId="8c84fa94-04c1-424b-9868-57a2d4851a1d" relativeResultsDirectory="bc5541b7-4aa8-43f7-8e35-8c80cb0ab53f" />    <UnitTestResult executionId="6de42204-cb9d-4dbe-8e74-e6f99b4e0c65" testId="7e59c172-c88f-95d8-1506-bf769ec14e2f" testName="TestWarningEmission" computerName="PRANAY-TEST" duration="00:00:00.0001470" startTime="2014-08-08T11:40:00.1698691-07:00" endTime="2014-08-08T11:40:00.1698691-07:00" testType="13cdc9d9-ddb5-4fa4-a97d-d965ccfc6d4b" outcome="Passed" testListId="8c84fa94-04c1-424b-9868-57a2d4851a1d" relativeResultsDirectory="6de42204-cb9d-4dbe-8e74-e6f99b4e0c65" />    <UnitTestResult executionId="f4637dea-cd52-4d70-adbe-a93a090c0dc1" testId="18937c0a-d430-3ed7-5de0-9efef451b17f" testName="TestEvaluationAddEntriesDeltaImport" computerName="PRANAY-TEST" duration="00:00:48.9776039" startTime="2014-08-08T11:37:41.9558691-07:00" endTime="2014-08-08T11:38:31.0828691-07:00" testType="13cdc9d9-ddb5-4fa4-a97d-d965ccfc6d4b" outcome="Passed" testListId="8c84fa94-04c1-424b-9868-57a2d4851a1d" relativeResultsDirectory="f4637dea-cd52-4d70-adbe-a93a090c0dc1" />    <UnitTestResult executionId="fee14607-43a6-4726-8a27-5a34264495f0" testId="84683915-914e-76d2-ff0c-f63d0945f016" testName="TestEvaluationAddEntriesFullImport" computerName="PRANAY-TEST" duration="00:00:03.3035479" startTime="2014-08-08T11:38:31.1048691-07:00" endTime="2014-08-08T11:38:34.4088691-07:00" testType="13cdc9d9-ddb5-4fa4-a97d-d965ccfc6d4b" outcome="Passed" testListId="8c84fa94-04c1-424b-9868-57a2d4851a1d" relativeResultsDirectory="fee14607-43a6-4726-8a27-5a34264495f0" />    <UnitTestResult executionId="612d64c3-20ce-4177-a1c6-fc218505d580" testId="8576ec24-f4a9-8a72-a8dd-0b5d2d599876" testName="TestEvaluationAddEntry" computerName="PRANAY-TEST" duration="00:00:06.9505392" startTime="2014-08-08T11:38:34.4098691-07:00" endTime="2014-08-08T11:38:41.3598691-07:00" testType="13cdc9d9-ddb5-4fa4-a97d-d965ccfc6d4b" outcome="Passed" testListId="8c84fa94-04c1-424b-9868-57a2d4851a1d" relativeResultsDirectory="612d64c3-20ce-4177-a1c6-fc218505d580" />    <UnitTestResult executionId="415b88b7-552b-4319-bf84-b5afbc83fea1" testId="152450e7-856e-bb2b-4d6f-e40c7f9dbd2e" testName="TestEvaluationDeleteEntry" computerName="PRANAY-TEST" duration="00:00:14.7358261" startTime="2014-08-08T11:38:41.3598691-07:00" endTime="2014-08-08T11:38:56.0958691-07:00" testType="13cdc9d9-ddb5-4fa4-a97d-d965ccfc6d4b" outcome="Passed" testListId="8c84fa94-04c1-424b-9868-57a2d4851a1d" relativeResultsDirectory="415b88b7-552b-4319-bf84-b5afbc83fea1" />    <UnitTestResult executionId="4b2baf37-9576-4a12-8dfe-eafdd7631dcd" testId="75e1b7c2-c3d2-5af1-49c9-bc11b2cb5db1" testName="TestEvaluationUpdateEntryAddProperty" computerName="PRANAY-TEST" duration="00:00:06.9978939" startTime="2014-08-08T11:38:56.0958691-07:00" endTime="2014-08-08T11:39:03.0938691-07:00" testType="13cdc9d9-ddb5-4fa4-a97d-d965ccfc6d4b" outcome="Passed" testListId="8c84fa94-04c1-424b-9868-57a2d4851a1d" relativeResultsDirectory="4b2baf37-9576-4a12-8dfe-eafdd7631dcd" />    <UnitTestResult executionId="2eb981a3-9e83-49b8-b95d-3807e3d3e385" testId="2f810a59-157a-f704-15fd-a9dd60cf128c" testName="TestEvaluationUpdateEntryModifyPropertyAddValue" computerName="PRANAY-TEST" duration="00:00:02.3591099" startTime="2014-08-08T11:39:03.0938691-07:00" endTime="2014-08-08T11:39:05.4538691-07:00" testType="13cdc9d9-ddb5-4fa4-a97d-d965ccfc6d4b" outcome="Passed" testListId="8c84fa94-04c1-424b-9868-57a2d4851a1d" relativeResultsDirectory="2eb981a3-9e83-49b8-b95d-3807e3d3e385" />    <UnitTestResult executionId="5fee7c46-31a2-437e-882c-33aba0f0da09" testId="65269f3e-1491-3b2f-bd10-253000701cf6" testName="TestEvaluationUpdateEntryModifyPropertyChangeEmptyPluralValue" computerName="PRANAY-TEST" duration="00:00:02.5015638" startTime="2014-08-08T11:39:05.4538691-07:00" endTime="2014-08-08T11:39:07.9558691-07:00" testType="13cdc9d9-ddb5-4fa4-a97d-d965ccfc6d4b" outcome="Passed" testListId="8c84fa94-04c1-424b-9868-57a2d4851a1d" relativeResultsDirectory="5fee7c46-31a2-437e-882c-33aba0f0da09" />    <UnitTestResult executionId="2ad21e88-969a-4073-a391-e9718c323eff" testId="4654d6da-37d7-1d53-bc61-35b74b53b63e" testName="TestEvaluationUpdateEntryModifyPropertyChangeEmptySingleValue" computerName="PRANAY-TEST" duration="00:00:01.9859279" startTime="2014-08-08T11:39:07.9558691-07:00" endTime="2014-08-08T11:39:09.9418691-07:00" testType="13cdc9d9-ddb5-4fa4-a97d-d965ccfc6d4b" outcome="Passed" testListId="8c84fa94-04c1-424b-9868-57a2d4851a1d" relativeResultsDirectory="2ad21e88-969a-4073-a391-e9718c323eff" />    <UnitTestResult executionId="007f6985-68ff-4095-8447-80714f2331a5" testId="2c9ca260-1974-fd99-a3d8-7b2db4c5155e" testName="TestEvaluationUpdateEntryModifyPropertyChangePluralValue" computerName="PRANAY-TEST" duration="00:00:02.5201203" startTime="2014-08-08T11:39:09.9418691-07:00" endTime="2014-08-08T11:39:12.4628691-07:00" testType="13cdc9d9-ddb5-4fa4-a97d-d965ccfc6d4b" outcome="Passed" testListId="8c84fa94-04c1-424b-9868-57a2d4851a1d" relativeResultsDirectory="007f6985-68ff-4095-8447-80714f2331a5" />    <UnitTestResult executionId="b0a98392-560f-4db6-922e-8d17a06b6719" testId="890975dc-e36b-8502-958d-b3fe8d105766" testName="TestEvaluationUpdateEntryModifyPropertyChangeSingleValue" computerName="PRANAY-TEST" duration="00:00:05.5951918" startTime="2014-08-08T11:39:12.4628691-07:00" endTime="2014-08-08T11:39:18.0578691-07:00" testType="13cdc9d9-ddb5-4fa4-a97d-d965ccfc6d4b" outcome="Passed" testListId="8c84fa94-04c1-424b-9868-57a2d4851a1d" relativeResultsDirectory="b0a98392-560f-4db6-922e-8d17a06b6719" />    <UnitTestResult executionId="090d643e-2929-4782-9748-4999946da6e9" testId="ce5bd05d-a8c3-1b66-15c0-5b93557a4c49" testName="TestEvaluationUpdateEntryModifyPropertyRemoveValue" computerName="PRANAY-TEST" duration="00:00:10.3928652" startTime="2014-08-08T11:39:18.0588691-07:00" endTime="2014-08-08T11:39:28.4508691-07:00" testType="13cdc9d9-ddb5-4fa4-a97d-d965ccfc6d4b" outcome="Passed" testListId="8c84fa94-04c1-424b-9868-57a2d4851a1d" relativeResultsDirectory="090d643e-2929-4782-9748-4999946da6e9" />    <UnitTestResult executionId="b88b43aa-dc68-4d6d-a904-7d62489f3ead" testId="2afd2ba9-14ba-3668-2fcb-28ad6ed00319" testName="TestEvaluationUpdateEntryRemoveProperty" computerName="PRANAY-TEST" duration="00:00:03.8210898" startTime="2014-08-08T11:39:28.4518691-07:00" endTime="2014-08-08T11:39:32.2728691-07:00" testType="13cdc9d9-ddb5-4fa4-a97d-d965ccfc6d4b" outcome="Passed" testListId="8c84fa94-04c1-424b-9868-57a2d4851a1d" relativeResultsDirectory="b88b43aa-dc68-4d6d-a904-7d62489f3ead" />    <UnitTestResult executionId="ab8db66e-de57-4ebd-805c-188aef5141de" testId="8fb9cdd4-4f56-c18b-ad3d-10e70bdaef42" testName="TestEvaluationUpdateEntryReplaceProperty" computerName="PRANAY-TEST" duration="00:00:02.3342336" startTime="2014-08-08T11:39:32.2728691-07:00" endTime="2014-08-08T11:39:34.6078691-07:00" testType="13cdc9d9-ddb5-4fa4-a97d-d965ccfc6d4b" outcome="Passed" testListId="8c84fa94-04c1-424b-9868-57a2d4851a1d" relativeResultsDirectory="ab8db66e-de57-4ebd-805c-188aef5141de" />    <UnitTestResult executionId="405b2759-afeb-42ae-9772-3893db4568e9" testId="ea94627c-f4b2-2f4c-d9d5-1994d9b12500" testName="TestEvaluationUpdateEntryModifyJoiningPropertyWithoutManagerReference" computerName="PRANAY-TEST" duration="00:00:02.2892052" startTime="2014-08-08T11:39:34.6078691-07:00" endTime="2014-08-08T11:39:36.8968691-07:00" testType="13cdc9d9-ddb5-4fa4-a97d-d965ccfc6d4b" outcome="Passed" testListId="8c84fa94-04c1-424b-9868-57a2d4851a1d" relativeResultsDirectory="405b2759-afeb-42ae-9772-3893db4568e9" />    <UnitTestResult executionId="00bb3d96-2a0f-4116-849f-2f8d64f7cdce" testId="05f352d4-54bd-c75f-3dc5-be368a48575f" testName="TestEvaluationDeltaAddEntrySoftDeleteUnspecified" computerName="PRANAY-TEST" duration="00:00:03.1960426" startTime="2014-08-08T11:39:36.8968691-07:00" endTime="2014-08-08T11:39:40.0938691-07:00" testType="13cdc9d9-ddb5-4fa4-a97d-d965ccfc6d4b" outcome="Passed" testListId="8c84fa94-04c1-424b-9868-57a2d4851a1d" relativeResultsDirectory="00bb3d96-2a0f-4116-849f-2f8d64f7cdce" />    <UnitTestResult executionId="cfd140b1-50a6-44cc-b70b-74395e82572f" testId="c6e7a9d1-346e-8f82-6b70-c791122e8bda" testName="TestEvaluationDeltaAddEntry" computerName="PRANAY-TEST" duration="00:00:02.2173195" startTime="2014-08-08T11:39:40.0938691-07:00" endTime="2014-08-08T11:39:42.3118691-07:00" testType="13cdc9d9-ddb5-4fa4-a97d-d965ccfc6d4b" outcome="Passed" testListId="8c84fa94-04c1-424b-9868-57a2d4851a1d" relativeResultsDirectory="cfd140b1-50a6-44cc-b70b-74395e82572f" />    <UnitTestResult executionId="c4c784d1-ba7d-4e70-8fbc-fbbb80232e2b" testId="37b734e0-fef5-050d-bbbe-df6e268c0dcc" testName="TestEvaluationDeltaUpdateEntry" computerName="PRANAY-TEST" duration="00:00:02.5109433" startTime="2014-08-08T11:39:42.3118691-07:00" endTime="2014-08-08T11:39:44.8228691-07:00" testType="13cdc9d9-ddb5-4fa4-a97d-d965ccfc6d4b" outcome="Passed" testListId="8c84fa94-04c1-424b-9868-57a2d4851a1d" relativeResultsDirectory="c4c784d1-ba7d-4e70-8fbc-fbbb80232e2b" />    <UnitTestResult executionId="cf5990c0-1eeb-4cdd-8fb2-8de7863e425c" testId="2474952d-c670-3e8c-72e9-c0b3be0677b1" testName="TestEvaluationDeltaUpdateEntryJoiningProperty" computerName="PRANAY-TEST" duration="00:00:01.6287058" startTime="2014-08-08T11:39:44.8228691-07:00" endTime="2014-08-08T11:39:46.4518691-07:00" testType="13cdc9d9-ddb5-4fa4-a97d-d965ccfc6d4b" outcome="Passed" testListId="8c84fa94-04c1-424b-9868-57a2d4851a1d" relativeResultsDirectory="cf5990c0-1eeb-4cdd-8fb2-8de7863e425c" />    <UnitTestResult executionId="68a4c337-471d-43e7-93a4-b274f8d4fb67" testId="ff50d17a-b66a-6f4c-9dd4-9f583155128a" testName="TestEvaluationDeltaUpdateEntryNoUserName" computerName="PRANAY-TEST" duration="00:00:01.9070064" startTime="2014-08-08T11:39:46.4518691-07:00" endTime="2014-08-08T11:39:48.3598691-07:00" testType="13cdc9d9-ddb5-4fa4-a97d-d965ccfc6d4b" outcome="Passed" testListId="8c84fa94-04c1-424b-9868-57a2d4851a1d" relativeResultsDirectory="68a4c337-471d-43e7-93a4-b274f8d4fb67" />    <UnitTestResult executionId="c1ff1e3d-7446-4805-a907-7fc9bc66cc64" testId="002e6f13-965d-d5ef-bc1c-0f880453d010" testName="TestEvaluationDeltaDeleteEntry" computerName="PRANAY-TEST" duration="00:00:02.8458945" startTime="2014-08-08T11:39:48.3598691-07:00" endTime="2014-08-08T11:39:51.2058691-07:00" testType="13cdc9d9-ddb5-4fa4-a97d-d965ccfc6d4b" outcome="Passed" testListId="8c84fa94-04c1-424b-9868-57a2d4851a1d" relativeResultsDirectory="c1ff1e3d-7446-4805-a907-7fc9bc66cc64" />    <UnitTestResult executionId="14be331a-cb39-4e3a-83b3-690b67fd1153" testId="3efdb477-5d53-9fd3-f42e-1bf54675bfaa" testName="TestEvaluationDeltaEntitlementGrants" computerName="PRANAY-TEST" duration="00:00:05.2543970" startTime="2014-08-08T11:39:51.2058691-07:00" endTime="2014-08-08T11:39:56.4598691-07:00" testType="13cdc9d9-ddb5-4fa4-a97d-d965ccfc6d4b" outcome="Passed" testListId="8c84fa94-04c1-424b-9868-57a2d4851a1d" relativeResultsDirectory="14be331a-cb39-4e3a-83b3-690b67fd1153" />    <UnitTestResult executionId="d50e3498-bad6-4e33-835d-25cc3e89e443" testId="cfc2c358-16e3-9d73-fae1-8379e04fd4e3" testName="CitrixDelta_TestEvaluationDeltaRuleAddEntriesFullImport" computerName="PRANAY-TEST" duration="00:00:02.8227979" startTime="2014-08-08T11:39:56.4608691-07:00" endTime="2014-08-08T11:39:59.2838691-07:00" testType="13cdc9d9-ddb5-4fa4-a97d-d965ccfc6d4b" outcome="Passed" testListId="8c84fa94-04c1-424b-9868-57a2d4851a1d" relativeResultsDirectory="d50e3498-bad6-4e33-835d-25cc3e89e443" />    <UnitTestResult executionId="0d2cac7e-126a-4a6d-8f0c-00c31f0ac47c" testId="126f8bca-a9f9-80ac-0ed9-3394be2bb930" testName="CitrixDelta_TestGetMathingEntries" computerName="PRANAY-TEST" duration="00:00:02.2851820" startTime="2014-08-08T11:39:59.2838691-07:00" endTime="2014-08-08T11:40:01.5698691-07:00" testType="13cdc9d9-ddb5-4fa4-a97d-d965ccfc6d4b" outcome="Passed" testListId="8c84fa94-04c1-424b-9868-57a2d4851a1d" relativeResultsDirectory="0d2cac7e-126a-4a6d-8f0c-00c31f0ac47c" />    <UnitTestResult executionId="fdaa3daa-658e-419b-bfa5-cea4a2f34d86" testId="9e4ee257-d36b-633c-8276-a01eccf4756c" testName="CitrixDelta_TestEvaluationDeltaRuleAddEntry" computerName="PRANAY-TEST" duration="00:00:01.6925289" startTime="2014-08-08T11:40:01.5698691-07:00" endTime="2014-08-08T11:40:03.2618691-07:00" testType="13cdc9d9-ddb5-4fa4-a97d-d965ccfc6d4b" outcome="Passed" testListId="8c84fa94-04c1-424b-9868-57a2d4851a1d" relativeResultsDirectory="fdaa3daa-658e-419b-bfa5-cea4a2f34d86" />    <UnitTestResult executionId="8f2d687f-7d0b-46a5-9075-15bb1e24e1f6" testId="fd3133ec-7f92-6cdf-c2a3-ed7ff2bb616a" testName="CitrixDelta_TestEvaluationDeltaRuleAddEntryConflictingJoiningProperty" computerName="PRANAY-TEST" duration="00:00:03.2292959" startTime="2014-08-08T11:40:03.2628691-07:00" endTime="2014-08-08T11:40:06.4918691-07:00" testType="13cdc9d9-ddb5-4fa4-a97d-d965ccfc6d4b" outcome="Passed" testListId="8c84fa94-04c1-424b-9868-57a2d4851a1d" relativeResultsDirectory="8f2d687f-7d0b-46a5-9075-15bb1e24e1f6" />    <UnitTestResult executionId="95e6ed00-e525-4145-b33e-212e39e15c58" testId="406c5b1d-26a1-5fa1-c181-5a849b1c97c1" testName="CitrixDelta_TestEvaluationDeltaRuleUpdateEntry" computerName="PRANAY-TEST" duration="00:00:01.6399069" startTime="2014-08-08T11:40:06.4918691-07:00" endTime="2014-08-08T11:40:08.1318691-07:00" testType="13cdc9d9-ddb5-4fa4-a97d-d965ccfc6d4b" outcome="Passed" testListId="8c84fa94-04c1-424b-9868-57a2d4851a1d" relativeResultsDirectory="95e6ed00-e525-4145-b33e-212e39e15c58" />    <UnitTestResult executionId="4e4fade9-c919-4168-94d0-fe460b5ba3ca" testId="b744f138-0453-946a-992b-c472627fc573" testName="CitrixDelta_TestEvaluationAddEntryWithIgnorableProperties" computerName="PRANAY-TEST" duration="00:00:00.4207137" startTime="2014-08-08T11:40:08.1328691-07:00" endTime="2014-08-08T11:40:08.5538691-07:00" testType="13cdc9d9-ddb5-4fa4-a97d-d965ccfc6d4b" outcome="Passed" testListId="8c84fa94-04c1-424b-9868-57a2d4851a1d" relativeResultsDirectory="4e4fade9-c919-4168-94d0-fe460b5ba3ca" />    <UnitTestResult executionId="5f14c98f-7ad1-43d8-a2ab-777d3b4fa48e" testId="a9d733c8-d48e-f6bb-b4d3-7976700bfbf0" testName="CitrixDelta_TestEvaluationDeltaRuleUpdateEntryJoiningProperty" computerName="PRANAY-TEST" duration="00:00:02.2218081" startTime="2014-08-08T11:40:08.5538691-07:00" endTime="2014-08-08T11:40:10.7758691-07:00" testType="13cdc9d9-ddb5-4fa4-a97d-d965ccfc6d4b" outcome="Passed" testListId="8c84fa94-04c1-424b-9868-57a2d4851a1d" relativeResultsDirectory="5f14c98f-7ad1-43d8-a2ab-777d3b4fa48e" />    <UnitTestResult executionId="c0e5b212-6779-40b1-b7f0-8f89fc324715" testId="7b755a4b-dc89-c521-9a30-86e418521e16" testName="CitrixDelta_TestEvaluationDeltaRuleAddEntryRequiredFieldsAsMissing" computerName="PRANAY-TEST" duration="00:00:01.4977189" startTime="2014-08-08T11:40:10.7758691-07:00" endTime="2014-08-08T11:40:12.2738691-07:00" testType="13cdc9d9-ddb5-4fa4-a97d-d965ccfc6d4b" outcome="Passed" testListId="8c84fa94-04c1-424b-9868-57a2d4851a1d" relativeResultsDirectory="c0e5b212-6779-40b1-b7f0-8f89fc324715" />    <UnitTestResult executionId="c6dcfcc6-e95b-4381-8faf-00e2100872cc" testId="6c06d0f5-3471-313b-e10e-b9f12b637ff2" testName="CitrixDelta_TestEvaluationDeltaRuleUpdateEntryRequiredFieldsAsMissing" computerName="PRANAY-TEST" duration="00:00:01.8627614" startTime="2014-08-08T11:40:12.2738691-07:00" endTime="2014-08-08T11:40:14.1368691-07:00" testType="13cdc9d9-ddb5-4fa4-a97d-d965ccfc6d4b" outcome="Passed" testListId="8c84fa94-04c1-424b-9868-57a2d4851a1d" relativeResultsDirectory="c6dcfcc6-e95b-4381-8faf-00e2100872cc" />    <UnitTestResult executionId="d8f9679d-4c93-4f52-a224-a8e7faa16b18" testId="c802827e-efe3-51e2-97c1-33d93500f3a2" testName="CitrixDelta_TestEvaluationDeltaRuleDeleteEntry" computerName="PRANAY-TEST" duration="00:00:01.9174098" startTime="2014-08-08T11:40:14.1368691-07:00" endTime="2014-08-08T11:40:16.0538691-07:00" testType="13cdc9d9-ddb5-4fa4-a97d-d965ccfc6d4b" outcome="Passed" testListId="8c84fa94-04c1-424b-9868-57a2d4851a1d" relativeResultsDirectory="d8f9679d-4c93-4f52-a224-a8e7faa16b18" />    <UnitTestResult executionId="7dd2a869-a0ea-4caf-85fd-84ccbdb04865" testId="37c47701-80c6-3896-9990-8d0409fca0c7" testName="CitrixFullTest_EvaluationAddEntriesFullImport" computerName="PRANAY-TEST" duration="00:00:01.9661573" startTime="2014-08-08T11:40:16.0548691-07:00" endTime="2014-08-08T11:40:18.0208691-07:00" testType="13cdc9d9-ddb5-4fa4-a97d-d965ccfc6d4b" outcome="Passed" testListId="8c84fa94-04c1-424b-9868-57a2d4851a1d" relativeResultsDirectory="7dd2a869-a0ea-4caf-85fd-84ccbdb04865" />    <UnitTestResult executionId="0c3abf2f-b10d-4994-afbf-3a3dbcda9376" testId="c217fbff-c242-d81e-c53e-034951fa27a1" testName="CitrixFullTest_EvaluationAddEntry" computerName="PRANAY-TEST" duration="00:00:01.5478556" startTime="2014-08-08T11:40:18.0208691-07:00" endTime="2014-08-08T11:40:19.5698691-07:00" testType="13cdc9d9-ddb5-4fa4-a97d-d965ccfc6d4b" outcome="Passed" testListId="8c84fa94-04c1-424b-9868-57a2d4851a1d" relativeResultsDirectory="0c3abf2f-b10d-4994-afbf-3a3dbcda9376" />    <UnitTestResult executionId="c55c80e7-308a-4a9f-a005-d3f4b46a63e4" testId="0fe007d5-ed59-ac2c-7270-c00726184183" testName="CitrixFullTest_EvaluationAddEntryWithIgnorableProperties" computerName="PRANAY-TEST" duration="00:00:00.8917551" startTime="2014-08-08T11:40:19.5698691-07:00" endTime="2014-08-08T11:40:20.4618691-07:00" testType="13cdc9d9-ddb5-4fa4-a97d-d965ccfc6d4b" outcome="Passed" testListId="8c84fa94-04c1-424b-9868-57a2d4851a1d" relativeResultsDirectory="c55c80e7-308a-4a9f-a005-d3f4b46a63e4" />    <UnitTestResult executionId="f3c9660f-ad65-49f8-84ec-d84d3c17cc78" testId="aec71a0d-2f7a-fc59-beff-f8db211207f9" testName="CitrixFullTest_EvaluationAddEntryWithRequiredFieldsAsEmpty" computerName="PRANAY-TEST" duration="00:00:01.1065694" startTime="2014-08-08T11:40:20.4618691-07:00" endTime="2014-08-08T11:40:21.5688691-07:00" testType="13cdc9d9-ddb5-4fa4-a97d-d965ccfc6d4b" outcome="Passed" testListId="8c84fa94-04c1-424b-9868-57a2d4851a1d" relativeResultsDirectory="f3c9660f-ad65-49f8-84ec-d84d3c17cc78" />    <UnitTestResult executionId="e4988d57-2b9c-4f43-ba3a-ae1f1428387f" testId="dc875d05-0ec9-5c9d-1997-10ead1823883" testName="CitrixFullTest_EvaluationUpdateEntryWithRequiredFieldsAsEmpty" computerName="PRANAY-TEST" duration="00:00:02.7660060" startTime="2014-08-08T11:40:21.5688691-07:00" endTime="2014-08-08T11:40:24.3348691-07:00" testType="13cdc9d9-ddb5-4fa4-a97d-d965ccfc6d4b" outcome="Passed" testListId="8c84fa94-04c1-424b-9868-57a2d4851a1d" relativeResultsDirectory="e4988d57-2b9c-4f43-ba3a-ae1f1428387f" />    <UnitTestResult executionId="bcd090b3-2888-47e2-853c-cb6a2d97c1f1" testId="c15a4323-c865-61a1-f1c0-7db6671dd0c5" testName="CitrixFullTest_EvaluationDeleteEntry" computerName="PRANAY-TEST" duration="00:00:00.1995295" startTime="2014-08-08T11:40:24.3348691-07:00" endTime="2014-08-08T11:40:24.5348691-07:00" testType="13cdc9d9-ddb5-4fa4-a97d-d965ccfc6d4b" outcome="Passed" testListId="8c84fa94-04c1-424b-9868-57a2d4851a1d" relativeResultsDirectory="bcd090b3-2888-47e2-853c-cb6a2d97c1f1" />    <UnitTestResult executionId="9e79b5ff-c36e-4f4e-b317-5a1d4d14eee3" testId="3a2aa1a8-e750-6b03-adca-533240319bbe" testName="CitrixFullTest_EvaluationUpdateEntry" computerName="PRANAY-TEST" duration="00:00:02.9026529" startTime="2014-08-08T11:40:24.5348691-07:00" endTime="2014-08-08T11:40:27.4378691-07:00" testType="13cdc9d9-ddb5-4fa4-a97d-d965ccfc6d4b" outcome="Passed" testListId="8c84fa94-04c1-424b-9868-57a2d4851a1d" relativeResultsDirectory="9e79b5ff-c36e-4f4e-b317-5a1d4d14eee3" />    <UnitTestResult executionId="059f79e5-9231-4410-b142-b26ea82dd8f3" testId="3aca52fc-b36b-3ce6-3854-24e5ad3b633e" testName="CitrixFullTest_EvaluationUpdateEntryWithIgnorableProperties" computerName="PRANAY-TEST" duration="00:00:02.0736506" startTime="2014-08-08T11:40:27.4378691-07:00" endTime="2014-08-08T11:40:29.5118691-07:00" testType="13cdc9d9-ddb5-4fa4-a97d-d965ccfc6d4b" outcome="Passed" testListId="8c84fa94-04c1-424b-9868-57a2d4851a1d" relativeResultsDirectory="059f79e5-9231-4410-b142-b26ea82dd8f3" />    <UnitTestResult executionId="3c936d07-3d6d-41f0-b76d-f09e0ea38e03" testId="617543fe-8bb1-69ac-e202-c14b90120b82" testName="GoogleAppsV2TestRuleEvaluationDeltaRuleAddUsersFullImport" computerName="PRANAY-TEST" duration="00:00:02.4048831" startTime="2014-08-08T11:40:29.5118691-07:00" endTime="2014-08-08T11:40:31.9178691-07:00" testType="13cdc9d9-ddb5-4fa4-a97d-d965ccfc6d4b" outcome="Passed" testListId="8c84fa94-04c1-424b-9868-57a2d4851a1d" relativeResultsDirectory="3c936d07-3d6d-41f0-b76d-f09e0ea38e03" />    <UnitTestResult executionId="b1ea457d-e276-4dd7-8e4a-b2912bbbacc5" testId="ec7a6886-8f1f-9c98-788a-f1395deea79c" testName="GoogleAppsV2TestRuleEvaluationDeltaRuleAddUser" computerName="PRANAY-TEST" duration="00:00:01.6791878" startTime="2014-08-08T11:40:31.9178691-07:00" endTime="2014-08-08T11:40:33.5968691-07:00" testType="13cdc9d9-ddb5-4fa4-a97d-d965ccfc6d4b" outcome="Passed" testListId="8c84fa94-04c1-424b-9868-57a2d4851a1d" relativeResultsDirectory="b1ea457d-e276-4dd7-8e4a-b2912bbbacc5" />    <UnitTestResult executionId="f279f54a-1f06-4da6-a8db-a71202dc6286" testId="f10fea4f-210b-311c-2d9a-d938a65ef8bd" testName="GoogleAppsV2TestRuleEvaluationDeltaRuleAddGroups" computerName="PRANAY-TEST" duration="00:00:04.6765621" startTime="2014-08-08T11:40:33.5968691-07:00" endTime="2014-08-08T11:40:38.2738691-07:00" testType="13cdc9d9-ddb5-4fa4-a97d-d965ccfc6d4b" outcome="Passed" testListId="8c84fa94-04c1-424b-9868-57a2d4851a1d" relativeResultsDirectory="f279f54a-1f06-4da6-a8db-a71202dc6286" />    <UnitTestResult executionId="080300b3-29ed-4e7a-8195-11acb8fceb7b" testId="69287587-ff02-4952-5676-76aac7f0a850" testName="GoogleAppsV2TestRuleEvaluationDeltaRuleDeleteGroup" computerName="PRANAY-TEST" duration="00:00:03.8020868" startTime="2014-08-08T11:40:38.2738691-07:00" endTime="2014-08-08T11:40:42.0758691-07:00" testType="13cdc9d9-ddb5-4fa4-a97d-d965ccfc6d4b" outcome="Passed" testListId="8c84fa94-04c1-424b-9868-57a2d4851a1d" relativeResultsDirectory="080300b3-29ed-4e7a-8195-11acb8fceb7b" />    <UnitTestResult executionId="214ce1fe-f5ee-4655-8262-c81c4ac81a15" testId="536eabeb-7113-6b80-aee1-bb4cd40b2e5c" testName="GoogleAppsV2TestRuleEvaluationDeltaRuleUpdateGroup" computerName="PRANAY-TEST" duration="00:00:06.3246220" startTime="2014-08-08T11:40:42.0758691-07:00" endTime="2014-08-08T11:40:48.4008691-07:00" testType="13cdc9d9-ddb5-4fa4-a97d-d965ccfc6d4b" outcome="Passed" testListId="8c84fa94-04c1-424b-9868-57a2d4851a1d" relativeResultsDirectory="214ce1fe-f5ee-4655-8262-c81c4ac81a15" />    <UnitTestResult executionId="0c01651d-7c21-4c2a-b06d-4361a57f3f3b" testId="edd2811f-67dc-6d8e-5162-b9fb7b189687" testName="GoogleAppsV2TestRuleEvaluationDeltaRuleAddUserConflictingJoiningProperty" computerName="PRANAY-TEST" duration="00:00:03.3579292" startTime="2014-08-08T11:40:48.4008691-07:00" endTime="2014-08-08T11:40:51.7588691-07:00" testType="13cdc9d9-ddb5-4fa4-a97d-d965ccfc6d4b" outcome="Passed" testListId="8c84fa94-04c1-424b-9868-57a2d4851a1d" relativeResultsDirectory="0c01651d-7c21-4c2a-b06d-4361a57f3f3b" />    <UnitTestResult executionId="f98f2749-d7a4-4b13-90d7-e4469dab1546" testId="b1caa5ee-fb23-be77-dff8-022592d0566f" testName="GoogleAppsV2TestRuleEvaluationDeltaRuleUpdateUser" computerName="PRANAY-TEST" duration="00:00:05.7249142" startTime="2014-08-08T11:40:51.7588691-07:00" endTime="2014-08-08T11:40:57.4838691-07:00" testType="13cdc9d9-ddb5-4fa4-a97d-d965ccfc6d4b" outcome="Passed" testListId="8c84fa94-04c1-424b-9868-57a2d4851a1d" relativeResultsDirectory="f98f2749-d7a4-4b13-90d7-e4469dab1546" />    <UnitTestResult executionId="91b80890-2085-48ae-bb90-20de510108a4" testId="255be184-a8f2-05c0-34eb-c01f1a136cdf" testName="GoogleAppsV2TestRuleEvaluationDeltaRuleUpdateEntrySuspendUser" computerName="PRANAY-TEST" duration="00:00:03.0830917" startTime="2014-08-08T11:40:57.4838691-07:00" endTime="2014-08-08T11:41:00.5678691-07:00" testType="13cdc9d9-ddb5-4fa4-a97d-d965ccfc6d4b" outcome="Passed" testListId="8c84fa94-04c1-424b-9868-57a2d4851a1d" relativeResultsDirectory="91b80890-2085-48ae-bb90-20de510108a4" />    <UnitTestResult executionId="9e8eea06-3319-478f-934b-9cf7e791a1db" testId="7296fedb-95e2-a60f-f7e7-1363c18db812" testName="GoogleAppsV2TestRuleEvaluationDeltaRuleUpdateUserModifyJoiningProperty" computerName="PRANAY-TEST" duration="00:00:03.5141219" startTime="2014-08-08T11:41:00.5678691-07:00" endTime="2014-08-08T11:41:04.0818691-07:00" testType="13cdc9d9-ddb5-4fa4-a97d-d965ccfc6d4b" outcome="Passed" testListId="8c84fa94-04c1-424b-9868-57a2d4851a1d" relativeResultsDirectory="9e8eea06-3319-478f-934b-9cf7e791a1db" />    <UnitTestResult executionId="e9091612-5066-4ee3-913f-6b913e1652ef" testId="20b90c17-d2ea-0339-d20d-c9c11ecafa4e" testName="GoogleAppsV2TestRuleEvaluationDeltaRuleDeleteUser" computerName="PRANAY-TEST" duration="00:00:01.6041074" startTime="2014-08-08T11:41:04.0818691-07:00" endTime="2014-08-08T11:41:05.6868691-07:00" testType="13cdc9d9-ddb5-4fa4-a97d-d965ccfc6d4b" outcome="Passed" testListId="8c84fa94-04c1-424b-9868-57a2d4851a1d" relativeResultsDirectory="e9091612-5066-4ee3-913f-6b913e1652ef" />    <UnitTestResult executionId="55a9fabb-b244-431e-9950-f15ed5ba3c03" testId="4aa00cac-a2e3-36c9-07fb-79e3809de0f2" testName="GoogleAppsV2TestRuleEvaluationDeltaRuleAddGroupMember" computerName="PRANAY-TEST" duration="00:00:03.0310024" startTime="2014-08-08T11:41:05.6868691-07:00" endTime="2014-08-08T11:41:08.7178691-07:00" testType="13cdc9d9-ddb5-4fa4-a97d-d965ccfc6d4b" outcome="Passed" testListId="8c84fa94-04c1-424b-9868-57a2d4851a1d" relativeResultsDirectory="55a9fabb-b244-431e-9950-f15ed5ba3c03" />    <UnitTestResult executionId="82431c33-1c07-41dd-8fe1-7d65b2649bc6" testId="2b48c906-4187-e2cf-7c11-cfe6d2116fd3" testName="GoogleAppsV2TestRuleEvaluationDeltaRuleDeleteGroupMember" computerName="PRANAY-TEST" duration="00:00:03.3987823" startTime="2014-08-08T11:41:08.7178691-07:00" endTime="2014-08-08T11:41:12.1168691-07:00" testType="13cdc9d9-ddb5-4fa4-a97d-d965ccfc6d4b" outcome="Passed" testListId="8c84fa94-04c1-424b-9868-57a2d4851a1d" relativeResultsDirectory="82431c33-1c07-41dd-8fe1-7d65b2649bc6" />    <UnitTestResult executionId="b387e4d7-6ed0-4196-b50d-acd98cafaf6f" testId="ce357d0d-f0ab-105f-4d84-ddc1116e418c" testName="SalesforceSandbox_TestEvaluationDeltaUpdateEntryJoiningProperty" computerName="PRANAY-TEST" duration="00:00:08.5776201" startTime="2014-08-08T11:41:12.1168691-07:00" endTime="2014-08-08T11:41:20.6948691-07:00" testType="13cdc9d9-ddb5-4fa4-a97d-d965ccfc6d4b" outcome="Passed" testListId="8c84fa94-04c1-424b-9868-57a2d4851a1d" relativeResultsDirectory="b387e4d7-6ed0-4196-b50d-acd98cafaf6f" />    <UnitTestResult executionId="2f262a3d-4176-4d05-bd11-6d72ccac3b3b" testId="bd7e38d7-1ecd-5bcc-d01d-cf56415c37af" testName="SalesforceSandbox_TestEvaluationDeltaAddEntryConflictingJoiningPropertyDeleteOldEntry" computerName="PRANAY-TEST" duration="00:00:02.8966737" startTime="2014-08-08T11:41:20.6948691-07:00" endTime="2014-08-08T11:41:23.5918691-07:00" testType="13cdc9d9-ddb5-4fa4-a97d-d965ccfc6d4b" outcome="Passed" testListId="8c84fa94-04c1-424b-9868-57a2d4851a1d" relativeResultsDirectory="2f262a3d-4176-4d05-bd11-6d72ccac3b3b" />    <UnitTestResult executionId="44d59012-f70b-480a-9f1d-ada01338b57d" testId="9014f1c5-7947-0520-ff2b-03002839a696" testName="SalesforceSandbox_TestEvaluationDeltaAddEntry" computerName="PRANAY-TEST" duration="00:00:04.1940732" startTime="2014-08-08T11:41:23.5918691-07:00" endTime="2014-08-08T11:41:27.7868691-07:00" testType="13cdc9d9-ddb5-4fa4-a97d-d965ccfc6d4b" outcome="Passed" testListId="8c84fa94-04c1-424b-9868-57a2d4851a1d" relativeResultsDirectory="44d59012-f70b-480a-9f1d-ada01338b57d" />    <UnitTestResult executionId="81450e2a-dfbd-408e-a7c6-593bad69c497" testId="d13e5f44-ac9c-f72b-0cff-385f1c33e0f1" testName="SalesforceSandbox_TestEvaluationDeltaUpdateEntryWithNoProperties" computerName="PRANAY-TEST" duration="00:00:02.7897690" startTime="2014-08-08T11:41:27.7868691-07:00" endTime="2014-08-08T11:41:30.5768691-07:00" testType="13cdc9d9-ddb5-4fa4-a97d-d965ccfc6d4b" outcome="Passed" testListId="8c84fa94-04c1-424b-9868-57a2d4851a1d" relativeResultsDirectory="81450e2a-dfbd-408e-a7c6-593bad69c497" />    <UnitTestResult executionId="729eea4c-b696-4ad4-864d-6720d50ff21e" testId="c6857374-f4ca-c972-9b8c-9192da29d384" testName="SalesforceSandbox_TestEvaluationDeltaAddEntryWithEmptyLast" computerName="PRANAY-TEST" duration="00:00:03.8075570" startTime="2014-08-08T11:41:30.5768691-07:00" endTime="2014-08-08T11:41:34.3838691-07:00" testType="13cdc9d9-ddb5-4fa4-a97d-d965ccfc6d4b" outcome="Passed" testListId="8c84fa94-04c1-424b-9868-57a2d4851a1d" relativeResultsDirectory="729eea4c-b696-4ad4-864d-6720d50ff21e" />    <UnitTestResult executionId="36253586-f337-4529-b14e-2b894f918d4a" testId="e552f827-28a3-e618-7d69-9b6a4a5837a9" testName="SalesforceSandbox_TestEvaluationDeltaAddUpdateEntryWithEmptyLast" computerName="PRANAY-TEST" duration="00:00:10.3945467" startTime="2014-08-08T11:41:34.3838691-07:00" endTime="2014-08-08T11:41:44.7788691-07:00" testType="13cdc9d9-ddb5-4fa4-a97d-d965ccfc6d4b" outcome="Passed" testListId="8c84fa94-04c1-424b-9868-57a2d4851a1d" relativeResultsDirectory="36253586-f337-4529-b14e-2b894f918d4a" />    <UnitTestResult executionId="a35d5883-078f-4f3f-a344-057843ee205c" testId="bb30121b-75dd-99c1-e175-00f6bd200252" testName="SalesforceSandbox_TestEvaluationDeltaAddUpdateEntrySoftMatchEmail" computerName="PRANAY-TEST" duration="00:00:04.4539763" startTime="2014-08-08T11:41:44.7788691-07:00" endTime="2014-08-08T11:41:49.2328691-07:00" testType="13cdc9d9-ddb5-4fa4-a97d-d965ccfc6d4b" outcome="Passed" testListId="8c84fa94-04c1-424b-9868-57a2d4851a1d" relativeResultsDirectory="a35d5883-078f-4f3f-a344-057843ee205c" />    <UnitTestResult executionId="abd6038c-d881-4a08-a768-f4057d33d4ba" testId="a13cfe5a-143d-0ce3-436a-3d02afb6c98d" testName="SalesforceSandbox_TestEvaluationDeltaAddEntrySoftDeleteReactivation" computerName="PRANAY-TEST" duration="00:00:19.6663299" startTime="2014-08-08T11:41:49.2328691-07:00" endTime="2014-08-08T11:42:08.8988691-07:00" testType="13cdc9d9-ddb5-4fa4-a97d-d965ccfc6d4b" outcome="Passed" testListId="8c84fa94-04c1-424b-9868-57a2d4851a1d" relativeResultsDirectory="abd6038c-d881-4a08-a768-f4057d33d4ba" />    <UnitTestResult executionId="e38394bb-23c7-4655-bddf-c75c80877e90" testId="5799fda4-5ed8-b192-d1e6-37760c261b21" testName="SalesforceSandbox_TestEvaluationDeltaDeleteEntry" computerName="PRANAY-TEST" duration="00:00:06.4042225" startTime="2014-08-08T11:42:08.8988691-07:00" endTime="2014-08-08T11:42:15.3028691-07:00" testType="13cdc9d9-ddb5-4fa4-a97d-d965ccfc6d4b" outcome="Passed" testListId="8c84fa94-04c1-424b-9868-57a2d4851a1d" relativeResultsDirectory="e38394bb-23c7-4655-bddf-c75c80877e90" />    <UnitTestResult executionId="f73509aa-bab1-44e6-97e4-ea4a8f7ca7f2" testId="6ffc6326-ee2e-2fd1-658f-19cd53cf4b99" testName="JiveTestEvaluationDeltaUpdateEntryAddModifySingleValued" computerName="PRANAY-TEST" duration="00:00:33.2869655" startTime="2014-08-08T11:42:15.3028691-07:00" endTime="2014-08-08T11:42:48.5918691-07:00" testType="13cdc9d9-ddb5-4fa4-a97d-d965ccfc6d4b" outcome="Passed" testListId="8c84fa94-04c1-424b-9868-57a2d4851a1d" relativeResultsDirectory="f73509aa-bab1-44e6-97e4-ea4a8f7ca7f2" />    <UnitTestResult executionId="54eec3b9-6cb1-4f0a-a4d2-c619ef7531cf" testId="6e756866-f482-035c-c92d-6eaa313addc1" testName="JiveTestEvaluationDeltaUpdateEntryJoiningProperty" computerName="PRANAY-TEST" duration="00:00:16.9530680" startTime="2014-08-08T11:42:48.5918691-07:00" endTime="2014-08-08T11:43:05.5448691-07:00" testType="13cdc9d9-ddb5-4fa4-a97d-d965ccfc6d4b" outcome="Passed" testListId="8c84fa94-04c1-424b-9868-57a2d4851a1d" relativeResultsDirectory="54eec3b9-6cb1-4f0a-a4d2-c619ef7531cf" />    <UnitTestResult executionId="9ca4acfc-9066-46e6-8f9c-2d94edfa15d7" testId="34e8b2d1-ec07-9235-70d0-8cfe5f413feb" testName="JiveTestEvaluationDeltaAddAndUpdateEntryInSamePage" computerName="PRANAY-TEST" duration="00:00:05.0718864" startTime="2014-08-08T11:43:05.5448691-07:00" endTime="2014-08-08T11:43:10.6168691-07:00" testType="13cdc9d9-ddb5-4fa4-a97d-d965ccfc6d4b" outcome="Passed" testListId="8c84fa94-04c1-424b-9868-57a2d4851a1d" relativeResultsDirectory="9ca4acfc-9066-46e6-8f9c-2d94edfa15d7" />    <UnitTestResult executionId="1994dc0a-6ce9-492b-9995-c505c35cb607" testId="3017499b-38c0-64e9-550e-c64d4f114a48" testName="JiveTestEvaluationDeltaUpdateEntryWithIndependentTargetDirectoryUpdateToJoiningProperty" computerName="PRANAY-TEST" duration="00:00:14.6677554" startTime="2014-08-08T11:43:10.6168691-07:00" endTime="2014-08-08T11:43:25.2848691-07:00" testType="13cdc9d9-ddb5-4fa4-a97d-d965ccfc6d4b" outcome="Passed" testListId="8c84fa94-04c1-424b-9868-57a2d4851a1d" relativeResultsDirectory="1994dc0a-6ce9-492b-9995-c505c35cb607" />    <UnitTestResult executionId="2f444759-5ac3-43ca-94f0-a4020afdb3a4" testId="952c029d-df7c-0071-1a76-7284a18f486c" testName="JiveTestEvaluationDeltaUpdateEntryNoEntitledAddModifySingleValued" computerName="PRANAY-TEST" duration="00:00:14.9999076" startTime="2014-08-08T11:43:25.2848691-07:00" endTime="2014-08-08T11:43:40.2888691-07:00" testType="13cdc9d9-ddb5-4fa4-a97d-d965ccfc6d4b" outcome="Passed" testListId="8c84fa94-04c1-424b-9868-57a2d4851a1d" relativeResultsDirectory="2f444759-5ac3-43ca-94f0-a4020afdb3a4" />    <UnitTestResult executionId="c1c8f95d-3194-428d-a662-7bbb1ccbf11f" testId="0d930d5a-5674-621c-a13b-ed02061faa99" testName="JiveTestEvaluationDeltaAddEntryAddModifySingleValued" computerName="PRANAY-TEST" duration="00:00:14.4988988" startTime="2014-08-08T11:43:40.2888691-07:00" endTime="2014-08-08T11:43:54.7878691-07:00" testType="13cdc9d9-ddb5-4fa4-a97d-d965ccfc6d4b" outcome="Passed" testListId="8c84fa94-04c1-424b-9868-57a2d4851a1d" relativeResultsDirectory="c1c8f95d-3194-428d-a662-7bbb1ccbf11f" />    <UnitTestResult executionId="b740a75b-1b7a-4146-bd40-d8d5c3b5b856" testId="091337bf-85b5-b841-b436-68e3b6e70561" testName="JiveTestEvaluationDeltaAddEntry" computerName="PRANAY-TEST" duration="00:00:15.6562390" startTime="2014-08-08T11:43:54.7878691-07:00" endTime="2014-08-08T11:44:10.4438691-07:00" testType="13cdc9d9-ddb5-4fa4-a97d-d965ccfc6d4b" outcome="Passed" testListId="8c84fa94-04c1-424b-9868-57a2d4851a1d" relativeResultsDirectory="b740a75b-1b7a-4146-bd40-d8d5c3b5b856" />    <UnitTestResult executionId="54aed78c-8690-498c-960a-a864a950cf30" testId="eaf97ccf-ef19-7f33-04a4-bf5e20ab7e1e" testName="JiveTestEvaluationDeltaAddEntryWithEmptyLast" computerName="PRANAY-TEST" duration="00:00:14.7712552" startTime="2014-08-08T11:44:10.4438691-07:00" endTime="2014-08-08T11:44:25.2148691-07:00" testType="13cdc9d9-ddb5-4fa4-a97d-d965ccfc6d4b" outcome="Passed" testListId="8c84fa94-04c1-424b-9868-57a2d4851a1d" relativeResultsDirectory="54aed78c-8690-498c-960a-a864a950cf30" />    <UnitTestResult executionId="23f2bf4f-5b95-4a20-885c-25df355ef9e3" testId="b396295e-5023-b10a-8e18-6df79e1b4d7d" testName="JiveTestEvaluationDeltaAddUpdateEntryWithEmptyLast" computerName="PRANAY-TEST" duration="00:00:15.9305072" startTime="2014-08-08T11:44:25.2198691-07:00" endTime="2014-08-08T11:44:41.1508691-07:00" testType="13cdc9d9-ddb5-4fa4-a97d-d965ccfc6d4b" outcome="Passed" testListId="8c84fa94-04c1-424b-9868-57a2d4851a1d" relativeResultsDirectory="23f2bf4f-5b95-4a20-885c-25df355ef9e3" />    <UnitTestResult executionId="416c762c-9a73-4691-a426-5904221a71cb" testId="3d4889c7-64dd-93f6-2c30-51016d55f4cf" testName="JiveTestEvaluationDeltaAddEntrySoftDeleteReactivation" computerName="PRANAY-TEST" duration="00:00:15.4408635" startTime="2014-08-08T11:44:41.1508691-07:00" endTime="2014-08-08T11:44:56.5918691-07:00" testType="13cdc9d9-ddb5-4fa4-a97d-d965ccfc6d4b" outcome="Passed" testListId="8c84fa94-04c1-424b-9868-57a2d4851a1d" relativeResultsDirectory="416c762c-9a73-4691-a426-5904221a71cb" />    <UnitTestResult executionId="d51aec5e-b12e-496b-8578-478a88f94edb" testId="47681b42-15a9-9c7b-a929-e1193ac0421c" testName="JiveTestEvaluationDeltaDeleteEntry" computerName="PRANAY-TEST" duration="00:00:24.0248347" startTime="2014-08-08T11:44:56.5918691-07:00" endTime="2014-08-08T11:45:20.6158691-07:00" testType="13cdc9d9-ddb5-4fa4-a97d-d965ccfc6d4b" outcome="Passed" testListId="8c84fa94-04c1-424b-9868-57a2d4851a1d" relativeResultsDirectory="d51aec5e-b12e-496b-8578-478a88f94edb" />    <UnitTestResult executionId="6698e476-dde2-42f8-82f6-d4f95962ee07" testId="85748b08-7dc9-64b7-3b53-8114bfc53f7d" testName="Docusign_TestEvaluationDeltaRuleAddEntriesFullImport" computerName="PRANAY-TEST" duration="00:00:01.3516694" startTime="2014-08-08T11:45:20.6158691-07:00" endTime="2014-08-08T11:45:21.9678691-07:00" testType="13cdc9d9-ddb5-4fa4-a97d-d965ccfc6d4b" outcome="Passed" testListId="8c84fa94-04c1-424b-9868-57a2d4851a1d" relativeResultsDirectory="6698e476-dde2-42f8-82f6-d4f95962ee07" />    <UnitTestResult executionId="b3946703-e4d9-416c-97ba-4fc8cef5e1d3" testId="5162f402-29f5-262c-91de-627391be3a72" testName="Docusign_TestEvaluationDeltaRuleAddEntry" computerName="PRANAY-TEST" duration="00:00:00.5229324" startTime="2014-08-08T11:45:21.9678691-07:00" endTime="2014-08-08T11:45:22.4918691-07:00" testType="13cdc9d9-ddb5-4fa4-a97d-d965ccfc6d4b" outcome="Passed" testListId="8c84fa94-04c1-424b-9868-57a2d4851a1d" relativeResultsDirectory="b3946703-e4d9-416c-97ba-4fc8cef5e1d3" />    <UnitTestResult executionId="224acc76-2d1b-475e-87da-06aec881e380" testId="8b88ae79-ba8c-368b-c8b4-a1e8180902d4" testName="Docusign_TestEvaluationAddEntryWithIgnorableProperties" computerName="PRANAY-TEST" duration="00:00:00.2448578" startTime="2014-08-08T11:45:22.4918691-07:00" endTime="2014-08-08T11:45:22.7368691-07:00" testType="13cdc9d9-ddb5-4fa4-a97d-d965ccfc6d4b" outcome="Passed" testListId="8c84fa94-04c1-424b-9868-57a2d4851a1d" relativeResultsDirectory="224acc76-2d1b-475e-87da-06aec881e380" />    <UnitTestResult executionId="dba8b213-4282-4923-9108-2e7ceea1c724" testId="3d8365c0-0f15-3f62-703a-11d9cbdffa3a" testName="Docusign_TestEvaluationDeltaRuleUpdateEntry" computerName="PRANAY-TEST" duration="00:00:01.2022219" startTime="2014-08-08T11:45:22.7368691-07:00" endTime="2014-08-08T11:45:23.9388691-07:00" testType="13cdc9d9-ddb5-4fa4-a97d-d965ccfc6d4b" outcome="Passed" testListId="8c84fa94-04c1-424b-9868-57a2d4851a1d" relativeResultsDirectory="dba8b213-4282-4923-9108-2e7ceea1c724" />    <UnitTestResult executionId="21f7fae3-ebc0-4604-9843-2f7645feee17" testId="95457a60-b298-1c36-92a6-31b400395a2f" testName="Docusign_TestEvaluationDeltaRuleUpdateEntryJoiningProperty" computerName="PRANAY-TEST" duration="00:00:01.3543010" startTime="2014-08-08T11:45:23.9388691-07:00" endTime="2014-08-08T11:45:25.2938691-07:00" testType="13cdc9d9-ddb5-4fa4-a97d-d965ccfc6d4b" outcome="Passed" testListId="8c84fa94-04c1-424b-9868-57a2d4851a1d" relativeResultsDirectory="21f7fae3-ebc0-4604-9843-2f7645feee17" />    <UnitTestResult executionId="226d08a5-dcca-45c7-a69c-48490bb14c4e" testId="d7e373c2-9659-4f2a-6daf-4d79aaa69015" testName="Docusign_TestEvaluationDeltaRuleAddEntryRequiredFieldsAsMissing" computerName="PRANAY-TEST" duration="00:00:00.4879387" startTime="2014-08-08T11:45:25.2938691-07:00" endTime="2014-08-08T11:45:25.7818691-07:00" testType="13cdc9d9-ddb5-4fa4-a97d-d965ccfc6d4b" outcome="Passed" testListId="8c84fa94-04c1-424b-9868-57a2d4851a1d" relativeResultsDirectory="226d08a5-dcca-45c7-a69c-48490bb14c4e" />    <UnitTestResult executionId="e11f925e-e736-4e34-b40e-a9fd6e9327f6" testId="d6d8a4b0-d6c2-3a37-54f3-f8cced528ca8" testName="Docusign_TestEvaluationDeltaRuleUpdateEntryRequiredFieldsAsMissing" computerName="PRANAY-TEST" duration="00:00:00.8864258" startTime="2014-08-08T11:45:25.7818691-07:00" endTime="2014-08-08T11:45:26.6688691-07:00" testType="13cdc9d9-ddb5-4fa4-a97d-d965ccfc6d4b" outcome="Passed" testListId="8c84fa94-04c1-424b-9868-57a2d4851a1d" relativeResultsDirectory="e11f925e-e736-4e34-b40e-a9fd6e9327f6" />    <UnitTestResult executionId="e70c336e-5fee-48b7-9a12-5353bcc2fba6" testId="b792b0dd-b3be-a3f1-3bcd-c107590d6fc8" testName="Docusign_TestEvaluationDeltaRuleDeleteEntry" computerName="PRANAY-TEST" duration="00:00:00.8260350" startTime="2014-08-08T11:45:26.6688691-07:00" endTime="2014-08-08T11:45:27.4948691-07:00" testType="13cdc9d9-ddb5-4fa4-a97d-d965ccfc6d4b" outcome="Passed" testListId="8c84fa94-04c1-424b-9868-57a2d4851a1d" relativeResultsDirectory="e70c336e-5fee-48b7-9a12-5353bcc2fba6" />    <UnitTestResult executionId="2dfae999-fac7-4e39-995b-a550f8fbc955" testId="91a628cf-6390-b172-ec50-f63ad9c3c70a" testName="TestLookupResolution" computerName="PRANAY-TEST" duration="00:00:02.7664787" startTime="2014-08-08T11:45:27.4948691-07:00" endTime="2014-08-08T11:45:30.2618691-07:00" testType="13cdc9d9-ddb5-4fa4-a97d-d965ccfc6d4b" outcome="Passed" testListId="8c84fa94-04c1-424b-9868-57a2d4851a1d" relativeResultsDirectory="2dfae999-fac7-4e39-995b-a550f8fbc955" />    <UnitTestResult executionId="2becc5ae-9b29-486b-8c96-7cb06c769945" testId="5227561d-0c30-e557-2058-442448cccced" testName="TestMinimizingExports" computerName="PRANAY-TEST" duration="00:00:01.7258527" startTime="2014-08-08T11:45:30.2628691-07:00" endTime="2014-08-08T11:45:31.9888691-07:00" testType="13cdc9d9-ddb5-4fa4-a97d-d965ccfc6d4b" outcome="Passed" testListId="8c84fa94-04c1-424b-9868-57a2d4851a1d" relativeResultsDirectory="2becc5ae-9b29-486b-8c96-7cb06c769945" />    <UnitTestResult executionId="f8b44914-f1a1-4c05-a73d-022efc396c75" testId="6065a504-a92c-35a8-bdda-2f7c8a7a04be" testName="TestMinimizingExports" computerName="PRANAY-TEST" duration="00:00:00.9423180" startTime="2014-08-08T11:45:31.9888691-07:00" endTime="2014-08-08T11:45:32.9318691-07:00" testType="13cdc9d9-ddb5-4fa4-a97d-d965ccfc6d4b" outcome="Passed" testListId="8c84fa94-04c1-424b-9868-57a2d4851a1d" relativeResultsDirectory="f8b44914-f1a1-4c05-a73d-022efc396c75" />    <UnitTestResult executionId="eb0d4be0-c75d-409b-8aa6-a3f55e9d8d39" testId="f1ecc676-796a-bab7-4397-5b1a209a370e" testName="TestResolvingReferencesAgainstExportedEntries" computerName="PRANAY-TEST" duration="00:00:00.8137464" startTime="2014-08-08T11:45:32.9318691-07:00" endTime="2014-08-08T11:45:33.7458691-07:00" testType="13cdc9d9-ddb5-4fa4-a97d-d965ccfc6d4b" outcome="Passed" testListId="8c84fa94-04c1-424b-9868-57a2d4851a1d" relativeResultsDirectory="eb0d4be0-c75d-409b-8aa6-a3f55e9d8d39" />    <UnitTestResult executionId="9ea252e0-5a90-439d-aece-1b5171d89bd2" testId="9d4e3f4b-b86d-ac90-281e-a3304ca44c7a" testName="TestResolvingReferencesAgainstExportingAddEntries" computerName="PRANAY-TEST" duration="00:00:00.6115775" startTime="2014-08-08T11:45:33.7458691-07:00" endTime="2014-08-08T11:45:34.3578691-07:00" testType="13cdc9d9-ddb5-4fa4-a97d-d965ccfc6d4b" outcome="Passed" testListId="8c84fa94-04c1-424b-9868-57a2d4851a1d" relativeResultsDirectory="9ea252e0-5a90-439d-aece-1b5171d89bd2" />    <UnitTestResult executionId="544be4d0-2565-4650-963c-0be70600ee66" testId="2e900f6c-f222-7463-9386-904886bc3987" testName="TestResolvingReferencesAgainstExportingUpdateEntries" computerName="PRANAY-TEST" duration="00:00:01.2753483" startTime="2014-08-08T11:45:34.3578691-07:00" endTime="2014-08-08T11:45:35.6338691-07:00" testType="13cdc9d9-ddb5-4fa4-a97d-d965ccfc6d4b" outcome="Passed" testListId="8c84fa94-04c1-424b-9868-57a2d4851a1d" relativeResultsDirectory="544be4d0-2565-4650-963c-0be70600ee66" />    <UnitTestResult executionId="6cb806e5-6ea4-45cb-b764-0128d2edd10e" testId="cead4fa1-0663-8c43-4ad1-6fe47f1fad71" testName="TestResolvingReferencesAgainstExportingAddAndUpdateSameEntry" computerName="PRANAY-TEST" duration="00:00:00.7681071" startTime="2014-08-08T11:45:35.6338691-07:00" endTime="2014-08-08T11:45:36.4018691-07:00" testType="13cdc9d9-ddb5-4fa4-a97d-d965ccfc6d4b" outcome="Passed" testListId="8c84fa94-04c1-424b-9868-57a2d4851a1d" relativeResultsDirectory="6cb806e5-6ea4-45cb-b764-0128d2edd10e" />    <UnitTestResult executionId="0d0394fb-55be-4d1b-9eae-cfc204ddb7f7" testId="832ac897-24f2-4376-a38f-7a7babe3ddd0" testName="TestResolvingReferencesAgainstUnexportableEntries" computerName="PRANAY-TEST" duration="00:00:00.5657184" startTime="2014-08-08T11:45:36.4018691-07:00" endTime="2014-08-08T11:45:36.9678691-07:00" testType="13cdc9d9-ddb5-4fa4-a97d-d965ccfc6d4b" outcome="Passed" testListId="8c84fa94-04c1-424b-9868-57a2d4851a1d" relativeResultsDirectory="0d0394fb-55be-4d1b-9eae-cfc204ddb7f7" />    <UnitTestResult executionId="8565741b-cd06-4c3f-b9d7-3bb9a3648e02" testId="ee292ed4-7a55-7777-699a-a518b7cfd1ca" testName="TestResolvingReferencesAgainstUnexportedEntries" computerName="PRANAY-TEST" duration="00:00:01.0769158" startTime="2014-08-08T11:45:36.9678691-07:00" endTime="2014-08-08T11:45:38.0448691-07:00" testType="13cdc9d9-ddb5-4fa4-a97d-d965ccfc6d4b" outcome="Passed" testListId="8c84fa94-04c1-424b-9868-57a2d4851a1d" relativeResultsDirectory="8565741b-cd06-4c3f-b9d7-3bb9a3648e02" />    <UnitTestResult executionId="d71e5494-591d-409c-849d-7911823e652a" testId="cc4fe52d-0f69-5c52-bdec-2608a267a54e" testName="TestReferenceResolutionFailure" computerName="PRANAY-TEST" duration="00:00:00.5846155" startTime="2014-08-08T11:45:38.0448691-07:00" endTime="2014-08-08T11:45:38.6298691-07:00" testType="13cdc9d9-ddb5-4fa4-a97d-d965ccfc6d4b" outcome="Passed" testListId="8c84fa94-04c1-424b-9868-57a2d4851a1d" relativeResultsDirectory="d71e5494-591d-409c-849d-7911823e652a" />    <UnitTestResult executionId="72a97f82-823f-40ac-a017-48a0cf400dcb" testId="a19eaff0-c5e9-eddf-7936-97254f10056a" testName="TestResolvingReferencesAgainstExportedEntries" computerName="PRANAY-TEST" duration="00:00:01.3479288" startTime="2014-08-08T11:45:38.6298691-07:00" endTime="2014-08-08T11:45:39.9788691-07:00" testType="13cdc9d9-ddb5-4fa4-a97d-d965ccfc6d4b" outcome="Passed" testListId="8c84fa94-04c1-424b-9868-57a2d4851a1d" relativeResultsDirectory="72a97f82-823f-40ac-a017-48a0cf400dcb" />    <UnitTestResult executionId="ede3f9d5-a46f-43a8-b3e4-e030fc3c5558" testId="4169e968-29c7-4101-5a8e-fc0103ed595d" testName="TestResolvingReferencesAgainstExportingAddEntries" computerName="PRANAY-TEST" duration="00:00:01.4013758" startTime="2014-08-08T11:45:39.9788691-07:00" endTime="2014-08-08T11:45:41.3808691-07:00" testType="13cdc9d9-ddb5-4fa4-a97d-d965ccfc6d4b" outcome="Passed" testListId="8c84fa94-04c1-424b-9868-57a2d4851a1d" relativeResultsDirectory="ede3f9d5-a46f-43a8-b3e4-e030fc3c5558" />    <UnitTestResult executionId="48714f25-613e-4b32-a666-e971c05fcff6" testId="268b44ec-1a76-f505-10e8-530521ddd1b7" testName="TestResolvingReferencesAgainstExportingUpdateEntries" computerName="PRANAY-TEST" duration="00:00:02.3864857" startTime="2014-08-08T11:45:41.3808691-07:00" endTime="2014-08-08T11:45:43.7668691-07:00" testType="13cdc9d9-ddb5-4fa4-a97d-d965ccfc6d4b" outcome="Passed" testListId="8c84fa94-04c1-424b-9868-57a2d4851a1d" relativeResultsDirectory="48714f25-613e-4b32-a666-e971c05fcff6" />    <UnitTestResult executionId="0b63005c-4427-4c11-8828-b014ac0e9c09" testId="74f2ae45-7b48-2f5e-bfc5-8f6ebec21a81" testName="TestResolvingReferencesAgainstUnexportableEntries" computerName="PRANAY-TEST" duration="00:00:01.6023767" startTime="2014-08-08T11:45:43.7668691-07:00" endTime="2014-08-08T11:45:45.3698691-07:00" testType="13cdc9d9-ddb5-4fa4-a97d-d965ccfc6d4b" outcome="Passed" testListId="8c84fa94-04c1-424b-9868-57a2d4851a1d" relativeResultsDirectory="0b63005c-4427-4c11-8828-b014ac0e9c09" />    <UnitTestResult executionId="6f378534-2b35-4ad9-a1d0-e2134c02b58f" testId="c55c81cb-28de-ac89-2db8-1e7748a3a754" testName="TestResolvingReferencesAgainstUnexportedEntries" computerName="PRANAY-TEST" duration="00:00:02.4993434" startTime="2014-08-08T11:45:45.3698691-07:00" endTime="2014-08-08T11:45:47.8698691-07:00" testType="13cdc9d9-ddb5-4fa4-a97d-d965ccfc6d4b" outcome="Passed" testListId="8c84fa94-04c1-424b-9868-57a2d4851a1d" relativeResultsDirectory="6f378534-2b35-4ad9-a1d0-e2134c02b58f" />    <UnitTestResult executionId="676c9510-7c8e-49f0-83a6-bdf3dc7261ac" testId="989fb13e-274d-68fb-9b69-f09b6c7aece1" testName="TestReferenceResolutionFailure" computerName="PRANAY-TEST" duration="00:00:01.7953920" startTime="2014-08-08T11:45:47.8698691-07:00" endTime="2014-08-08T11:45:49.6648691-07:00" testType="13cdc9d9-ddb5-4fa4-a97d-d965ccfc6d4b" outcome="Passed" testListId="8c84fa94-04c1-424b-9868-57a2d4851a1d" relativeResultsDirectory="676c9510-7c8e-49f0-83a6-bdf3dc7261ac" />    <UnitTestResult executionId="c81a4324-8291-4f0f-b785-922eb83e1abe" testId="ec1d30da-b7c7-a747-648b-5c33fe6ed928" testName="TestEvaluationDeltaRuleAddEntriesFullImport" computerName="PRANAY-TEST" duration="00:00:02.7242520" startTime="2014-08-08T11:45:49.6648691-07:00" endTime="2014-08-08T11:45:52.3898691-07:00" testType="13cdc9d9-ddb5-4fa4-a97d-d965ccfc6d4b" outcome="Passed" testListId="8c84fa94-04c1-424b-9868-57a2d4851a1d" relativeResultsDirectory="c81a4324-8291-4f0f-b785-922eb83e1abe" />    <UnitTestResult executionId="6abdb2cf-0d8d-4368-8a89-66493131c2b5" testId="a345d540-91fb-da11-9330-90ce41adb41e" testName="TestEvaluationDeltaRuleAddEntry" computerName="PRANAY-TEST" duration="00:00:01.4151184" startTime="2014-08-08T11:45:52.3898691-07:00" endTime="2014-08-08T11:45:53.8058691-07:00" testType="13cdc9d9-ddb5-4fa4-a97d-d965ccfc6d4b" outcome="Passed" testListId="8c84fa94-04c1-424b-9868-57a2d4851a1d" relativeResultsDirectory="6abdb2cf-0d8d-4368-8a89-66493131c2b5" />    <UnitTestResult executionId="321a1499-725f-4b13-9138-d190046c7b41" testId="99b1c96f-b7b0-7844-aacc-15cb99429656" testName="TestEvaluationDeltaRuleUpdateEntry" computerName="PRANAY-TEST" duration="00:00:01.8740106" startTime="2014-08-08T11:45:53.8058691-07:00" endTime="2014-08-08T11:45:55.6798691-07:00" testType="13cdc9d9-ddb5-4fa4-a97d-d965ccfc6d4b" outcome="Passed" testListId="8c84fa94-04c1-424b-9868-57a2d4851a1d" relativeResultsDirectory="321a1499-725f-4b13-9138-d190046c7b41" />    <UnitTestResult executionId="0c89d0c3-c932-49f8-9083-cf94a45d7093" testId="33aeeeb2-14ab-6cb4-8c56-33c7ed859282" testName="TestEvaluationDeltaRuleAddEntryRequiredFieldsAsMissing" computerName="PRANAY-TEST" duration="00:00:01.4652436" startTime="2014-08-08T11:45:55.6798691-07:00" endTime="2014-08-08T11:45:57.1458691-07:00" testType="13cdc9d9-ddb5-4fa4-a97d-d965ccfc6d4b" outcome="Passed" testListId="8c84fa94-04c1-424b-9868-57a2d4851a1d" relativeResultsDirectory="0c89d0c3-c932-49f8-9083-cf94a45d7093" />    <UnitTestResult executionId="e5145bdf-f125-4a05-9e2d-0901162708a9" testId="69e4e5f6-4617-ddeb-f5c0-0df9ec15f089" testName="TestEvaluationDeltaRuleUpdateEntryRequiredFieldsAsMissing" computerName="PRANAY-TEST" duration="00:00:01.4592779" startTime="2014-08-08T11:45:57.1458691-07:00" endTime="2014-08-08T11:45:58.6048691-07:00" testType="13cdc9d9-ddb5-4fa4-a97d-d965ccfc6d4b" outcome="Passed" testListId="8c84fa94-04c1-424b-9868-57a2d4851a1d" relativeResultsDirectory="e5145bdf-f125-4a05-9e2d-0901162708a9" />    <UnitTestResult executionId="e9d57bc3-2f99-417c-a091-c5a5760746a5" testId="dc8d6ebb-9235-1b29-f2bf-247a86c5d2d5" testName="TestEvaluationDeltaRuleDeleteEntry" computerName="PRANAY-TEST" duration="00:00:02.3749585" startTime="2014-08-08T11:45:58.6048691-07:00" endTime="2014-08-08T11:46:00.9798691-07:00" testType="13cdc9d9-ddb5-4fa4-a97d-d965ccfc6d4b" outcome="Passed" testListId="8c84fa94-04c1-424b-9868-57a2d4851a1d" relativeResultsDirectory="e9d57bc3-2f99-417c-a091-c5a5760746a5" />    <UnitTestResult executionId="28f45b0e-71bc-4e32-8e9e-643b4c723da2" testId="11da0646-c7f5-7d32-4d0f-bea367d7b422" testName="TestEvaluationAddEntriesFullImport" computerName="PRANAY-TEST" duration="00:00:03.0353486" startTime="2014-08-08T11:46:00.9808691-07:00" endTime="2014-08-08T11:46:04.0158691-07:00" testType="13cdc9d9-ddb5-4fa4-a97d-d965ccfc6d4b" outcome="Passed" testListId="8c84fa94-04c1-424b-9868-57a2d4851a1d" relativeResultsDirectory="28f45b0e-71bc-4e32-8e9e-643b4c723da2" />    <UnitTestResult executionId="738f71f6-b48a-49f5-823c-c19eed647b75" testId="ee866577-d015-1c98-5ff2-3dfa2a28b7ba" testName="TestEvaluationAddEntry" computerName="PRANAY-TEST" duration="00:00:01.3557634" startTime="2014-08-08T11:46:04.0168691-07:00" endTime="2014-08-08T11:46:05.3728691-07:00" testType="13cdc9d9-ddb5-4fa4-a97d-d965ccfc6d4b" outcome="Passed" testListId="8c84fa94-04c1-424b-9868-57a2d4851a1d" relativeResultsDirectory="738f71f6-b48a-49f5-823c-c19eed647b75" />    <UnitTestResult executionId="21259861-687c-4038-ab4a-2ddf6fd2cdf5" testId="167f0931-9689-51f3-a3ba-2cfe36f8bde4" testName="TestEvaluationAddEntryWithRequiredFieldsAsEmpty" computerName="PRANAY-TEST" duration="00:00:01.1416209" startTime="2014-08-08T11:46:05.3728691-07:00" endTime="2014-08-08T11:46:06.5148691-07:00" testType="13cdc9d9-ddb5-4fa4-a97d-d965ccfc6d4b" outcome="Passed" testListId="8c84fa94-04c1-424b-9868-57a2d4851a1d" relativeResultsDirectory="21259861-687c-4038-ab4a-2ddf6fd2cdf5" />    <UnitTestResult executionId="b5d49dc0-0772-4563-adfb-cac7cdf16e37" testId="2ce5b921-6348-0da7-d91e-f8945c46a0ca" testName="TestEvaluationUpdateEntryWithRequiredFieldsAsEmpty" computerName="PRANAY-TEST" duration="00:00:01.4873485" startTime="2014-08-08T11:46:06.5148691-07:00" endTime="2014-08-08T11:46:08.0018691-07:00" testType="13cdc9d9-ddb5-4fa4-a97d-d965ccfc6d4b" outcome="Passed" testListId="8c84fa94-04c1-424b-9868-57a2d4851a1d" relativeResultsDirectory="b5d49dc0-0772-4563-adfb-cac7cdf16e37" />    <UnitTestResult executionId="a2e3ac54-112f-4000-a3db-05e225941a59" testId="b918301d-50a2-2839-8203-268dedb44412" testName="TestEvaluationDeleteEntry" computerName="PRANAY-TEST" duration="00:00:00.2219871" startTime="2014-08-08T11:46:08.0028691-07:00" endTime="2014-08-08T11:46:08.2248691-07:00" testType="13cdc9d9-ddb5-4fa4-a97d-d965ccfc6d4b" outcome="Passed" testListId="8c84fa94-04c1-424b-9868-57a2d4851a1d" relativeResultsDirectory="a2e3ac54-112f-4000-a3db-05e225941a59" />    <UnitTestResult executionId="752d6414-0478-411d-9f93-63d8a986d9e1" testId="808993b3-9819-5267-21ac-0abf2a5f56e3" testName="TestEvaluationUpdateEntry" computerName="PRANAY-TEST" duration="00:00:02.4552705" startTime="2014-08-08T11:46:08.2248691-07:00" endTime="2014-08-08T11:46:10.6798691-07:00" testType="13cdc9d9-ddb5-4fa4-a97d-d965ccfc6d4b" outcome="Passed" testListId="8c84fa94-04c1-424b-9868-57a2d4851a1d" relativeResultsDirectory="752d6414-0478-411d-9f93-63d8a986d9e1" />    <UnitTestResult executionId="46949304-5ea3-44be-bfc5-cef6955fa9d2" testId="349cdd52-dfc2-b5ae-f6a7-0e08413771f9" testName="DropboxOutboundDeltaSynchronizationRuleUnitTestEvaluationAddEntry" computerName="PRANAY-TEST" duration="00:00:06.1645535" startTime="2014-08-08T11:46:10.6808691-07:00" endTime="2014-08-08T11:46:16.8458691-07:00" testType="13cdc9d9-ddb5-4fa4-a97d-d965ccfc6d4b" outcome="Passed" testListId="8c84fa94-04c1-424b-9868-57a2d4851a1d" relativeResultsDirectory="46949304-5ea3-44be-bfc5-cef6955fa9d2" />    <UnitTestResult executionId="2414e139-ff85-43a4-80e2-96c6f4865d91" testId="f589bc68-7876-0ceb-3636-e86ce9678abf" testName="DropboxOutboundDeltaSynchronizationRuleUnitTestEvaluationUpdateEntryModifySingleValued" computerName="PRANAY-TEST" duration="00:00:02.7124928" startTime="2014-08-08T11:46:16.8458691-07:00" endTime="2014-08-08T11:46:19.5578691-07:00" testType="13cdc9d9-ddb5-4fa4-a97d-d965ccfc6d4b" outcome="Passed" testListId="8c84fa94-04c1-424b-9868-57a2d4851a1d" relativeResultsDirectory="2414e139-ff85-43a4-80e2-96c6f4865d91" />    <UnitTestResult executionId="7cdd1868-e987-471e-ba67-a6f930a53f47" testId="0c58a986-5d37-a4ec-2a36-2ed082f05faa" testName="DropboxOutboundDeltaSynchronizationRuleUnitTestEvaluationHardDeleteEntry" computerName="PRANAY-TEST" duration="00:00:03.2185306" startTime="2014-08-08T11:46:19.5578691-07:00" endTime="2014-08-08T11:46:22.7768691-07:00" testType="13cdc9d9-ddb5-4fa4-a97d-d965ccfc6d4b" outcome="Passed" testListId="8c84fa94-04c1-424b-9868-57a2d4851a1d" relativeResultsDirectory="7cdd1868-e987-471e-ba67-a6f930a53f47" />    <UnitTestResult executionId="9d7fadff-f4ae-476c-9517-71fb0275ed27" testId="e095c484-315c-3377-cc33-833b4a54574d" testName="DropboxOutboundDeltaSynchronizationRuleUnitTestEvaluationUpdateEntryRemoveEntitlements" computerName="PRANAY-TEST" duration="00:00:03.3126644" startTime="2014-08-08T11:46:22.7768691-07:00" endTime="2014-08-08T11:46:26.0898691-07:00" testType="13cdc9d9-ddb5-4fa4-a97d-d965ccfc6d4b" outcome="Passed" testListId="8c84fa94-04c1-424b-9868-57a2d4851a1d" relativeResultsDirectory="9d7fadff-f4ae-476c-9517-71fb0275ed27" />    <UnitTestResult executionId="781efdc6-b4ae-4a49-9ddc-b8588ea0a9b2" testId="790b72b7-2c61-1e0c-46e3-3782fbba0dbf" testName="DropboxOutboundFullSynchronizationRuleUnitTestAddEntry" computerName="PRANAY-TEST" duration="00:00:04.6758168" startTime="2014-08-08T11:46:26.0898691-07:00" endTime="2014-08-08T11:46:30.7658691-07:00" testType="13cdc9d9-ddb5-4fa4-a97d-d965ccfc6d4b" outcome="Passed" testListId="8c84fa94-04c1-424b-9868-57a2d4851a1d" relativeResultsDirectory="781efdc6-b4ae-4a49-9ddc-b8588ea0a9b2" />    <UnitTestResult executionId="cf68fb68-464e-4722-81bd-20e8fb0fe6d8" testId="47b12cb4-a20b-5bd1-f2c7-46712aa8b2fa" testName="DropboxOutboundFullSynchronizationRuleUnitTestAddEntryNoEntitlements" computerName="PRANAY-TEST" duration="00:00:02.1469110" startTime="2014-08-08T11:46:30.7658691-07:00" endTime="2014-08-08T11:46:32.9138691-07:00" testType="13cdc9d9-ddb5-4fa4-a97d-d965ccfc6d4b" outcome="Passed" testListId="8c84fa94-04c1-424b-9868-57a2d4851a1d" relativeResultsDirectory="cf68fb68-464e-4722-81bd-20e8fb0fe6d8" />    <UnitTestResult executionId="62cf57ef-1cde-48a8-8d72-63b941963a93" testId="0e00d8de-990e-c804-4aca-382406ed7f4b" testName="DropboxOutboundFullSynchronizationRuleUnitTestUpdateEntryAddModifySingleValued" computerName="PRANAY-TEST" duration="00:00:02.7358142" startTime="2014-08-08T11:46:32.9138691-07:00" endTime="2014-08-08T11:46:35.6498691-07:00" testType="13cdc9d9-ddb5-4fa4-a97d-d965ccfc6d4b" outcome="Passed" testListId="8c84fa94-04c1-424b-9868-57a2d4851a1d" relativeResultsDirectory="62cf57ef-1cde-48a8-8d72-63b941963a93" />    <UnitTestResult executionId="12dd0a9c-dd86-4a03-a505-849924ebbec2" testId="9ac5e985-4fe0-2b88-75cd-be068900fe06" testName="DropboxOutboundFullSynchronizationRuleUnitTestUpdateEntryNoChanges" computerName="PRANAY-TEST" duration="00:00:02.2120460" startTime="2014-08-08T11:46:35.6498691-07:00" endTime="2014-08-08T11:46:37.8618691-07:00" testType="13cdc9d9-ddb5-4fa4-a97d-d965ccfc6d4b" outcome="Passed" testListId="8c84fa94-04c1-424b-9868-57a2d4851a1d" relativeResultsDirectory="12dd0a9c-dd86-4a03-a505-849924ebbec2" />    <UnitTestResult executionId="ec404541-42c0-4381-a00b-9edcf6b1b267" testId="935e0a1a-05e5-ade1-6b1a-2f0bf2db4c2c" testName="DropboxOutboundFullSynchronizationRuleUnitTestUpdateEntryRemoveEntitlements" computerName="PRANAY-TEST" duration="00:00:04.3908511" startTime="2014-08-08T11:46:37.8618691-07:00" endTime="2014-08-08T11:46:42.2528691-07:00" testType="13cdc9d9-ddb5-4fa4-a97d-d965ccfc6d4b" outcome="Passed" testListId="8c84fa94-04c1-424b-9868-57a2d4851a1d" relativeResultsDirectory="ec404541-42c0-4381-a00b-9edcf6b1b267" />    <UnitTestResult executionId="7f78e937-7ae5-4a81-8f09-1ce47bf5be40" testId="b170f538-b8bd-d24f-32c4-6a388a87388e" testName="TestEvaluationDeltaAddEntryWithCustomSchema" computerName="PRANAY-TEST" duration="00:00:00.6185560" startTime="2014-08-08T11:46:42.2528691-07:00" endTime="2014-08-08T11:46:42.8718691-07:00" testType="13cdc9d9-ddb5-4fa4-a97d-d965ccfc6d4b" outcome="Passed" testListId="8c84fa94-04c1-424b-9868-57a2d4851a1d" relativeResultsDirectory="7f78e937-7ae5-4a81-8f09-1ce47bf5be40" />    <UnitTestResult executionId="22bef7ee-a390-454d-8a2a-d04ab33efab2" testId="b9243f7c-878b-bea8-7137-18241325c856" testName="TestEvaluationDeltaAddEntrySoftDeleteUnspecified" computerName="PRANAY-TEST" duration="00:00:02.4215929" startTime="2014-08-08T11:46:42.8728691-07:00" endTime="2014-08-08T11:46:45.2938691-07:00" testType="13cdc9d9-ddb5-4fa4-a97d-d965ccfc6d4b" outcome="Passed" testListId="8c84fa94-04c1-424b-9868-57a2d4851a1d" relativeResultsDirectory="22bef7ee-a390-454d-8a2a-d04ab33efab2" />    <UnitTestResult executionId="256268c3-f2ec-463c-a915-c0a97c9f05a9" testId="39c1e0a8-0cab-ea6f-d7de-04692df57273" testName="TestEvaluationDeltaAddUser" computerName="PRANAY-TEST" duration="00:00:01.6287054" startTime="2014-08-08T11:46:45.2938691-07:00" endTime="2014-08-08T11:46:46.9238691-07:00" testType="13cdc9d9-ddb5-4fa4-a97d-d965ccfc6d4b" outcome="Passed" testListId="8c84fa94-04c1-424b-9868-57a2d4851a1d" relativeResultsDirectory="256268c3-f2ec-463c-a915-c0a97c9f05a9" />    <UnitTestResult executionId="75219f3b-5395-40d6-a462-bdc67f21e0e1" testId="5607234b-784e-a97e-32b3-b429dd10f1b8" testName="TestEvaluationDeltaUpdateEntry" computerName="PRANAY-TEST" duration="00:00:01.5233951" startTime="2014-08-08T11:46:46.9238691-07:00" endTime="2014-08-08T11:46:48.4478691-07:00" testType="13cdc9d9-ddb5-4fa4-a97d-d965ccfc6d4b" outcome="Passed" testListId="8c84fa94-04c1-424b-9868-57a2d4851a1d" relativeResultsDirectory="75219f3b-5395-40d6-a462-bdc67f21e0e1" />    <UnitTestResult executionId="5a9b3f32-199b-49e5-973b-fa848aff9f3c" testId="dc2d620e-56e8-64f7-9d9f-cac22966c8ab" testName="TestEvaluationDeltaUpdateEntryNoUserName" computerName="PRANAY-TEST" duration="00:00:01.2973890" startTime="2014-08-08T11:46:48.4478691-07:00" endTime="2014-08-08T11:46:49.7458691-07:00" testType="13cdc9d9-ddb5-4fa4-a97d-d965ccfc6d4b" outcome="Passed" testListId="8c84fa94-04c1-424b-9868-57a2d4851a1d" relativeResultsDirectory="5a9b3f32-199b-49e5-973b-fa848aff9f3c" />    <UnitTestResult executionId="23b4407d-09c2-47bc-9926-dc9a7c1b52ee" testId="ddf8586d-d39e-fb6e-0ca9-d989af86119c" testName="TestEvaluationDeltaDeleteEntry" computerName="PRANAY-TEST" duration="00:00:02.0168853" startTime="2014-08-08T11:46:49.7458691-07:00" endTime="2014-08-08T11:46:51.7628691-07:00" testType="13cdc9d9-ddb5-4fa4-a97d-d965ccfc6d4b" outcome="Passed" testListId="8c84fa94-04c1-424b-9868-57a2d4851a1d" relativeResultsDirectory="23b4407d-09c2-47bc-9926-dc9a7c1b52ee" />    <UnitTestResult executionId="1d8c633a-80f7-4ae7-ab71-fa2ab724073c" testId="f789a0b4-cf23-be75-6644-13382f042c8f" testName="TestEvaluationDeltaServiceNowDuplicateExport" computerName="PRANAY-TEST" duration="00:00:01.3621549" startTime="2014-08-08T11:46:51.7628691-07:00" endTime="2014-08-08T11:46:53.1248691-07:00" testType="13cdc9d9-ddb5-4fa4-a97d-d965ccfc6d4b" outcome="Passed" testListId="8c84fa94-04c1-424b-9868-57a2d4851a1d" relativeResultsDirectory="1d8c633a-80f7-4ae7-ab71-fa2ab724073c" />    <UnitTestResult executionId="e48ef5c7-5bfd-4912-b7c8-916d634da5e4" testId="57457be8-7418-c3d6-ab80-60f97eccfb7d" testName="TestEvaluationSourceEntriesWithSameJoiningProperty" computerName="PRANAY-TEST" duration="00:00:01.8096847" startTime="2014-08-08T11:46:53.1248691-07:00" endTime="2014-08-08T11:46:54.9348691-07:00" testType="13cdc9d9-ddb5-4fa4-a97d-d965ccfc6d4b" outcome="Passed" testListId="8c84fa94-04c1-424b-9868-57a2d4851a1d" relativeResultsDirectory="e48ef5c7-5bfd-4912-b7c8-916d634da5e4">      <Output>        <StdOut>Debug Trace:Add = 1Update = 0Delete = 0</StdOut>      </Output>    </UnitTestResult>    <UnitTestResult executionId="980da390-0ab8-4023-bbea-ba800fe95d79" testId="48399553-6b2c-a3c2-15cb-058f2277bd52" testName="TestEvaluationAddEntriesDeltaImport" computerName="PRANAY-TEST" duration="00:00:02.3340530" startTime="2014-08-08T11:46:54.9358691-07:00" endTime="2014-08-08T11:46:57.2708691-07:00" testType="13cdc9d9-ddb5-4fa4-a97d-d965ccfc6d4b" outcome="Passed" testListId="8c84fa94-04c1-424b-9868-57a2d4851a1d" relativeResultsDirectory="980da390-0ab8-4023-bbea-ba800fe95d79" />    <UnitTestResult executionId="15f44c91-fd79-48f2-b763-022b5b4dbd0d" testId="7f865c52-be81-71b1-042c-a5137d9f7f43" testName="TestEvaluationAddEntriesFullImport" computerName="PRANAY-TEST" duration="00:00:02.0964455" startTime="2014-08-08T11:46:57.2708691-07:00" endTime="2014-08-08T11:46:59.3668691-07:00" testType="13cdc9d9-ddb5-4fa4-a97d-d965ccfc6d4b" outcome="Passed" testListId="8c84fa94-04c1-424b-9868-57a2d4851a1d" relativeResultsDirectory="15f44c91-fd79-48f2-b763-022b5b4dbd0d" />    <UnitTestResult executionId="de88137c-7c56-424f-b7b1-4b96bee1092e" testId="ae2cc506-6033-2770-2a34-d511b51fbb1f" testName="TestEvaluationAddEntry" computerName="PRANAY-TEST" duration="00:00:01.1001218" startTime="2014-08-08T11:46:59.3668691-07:00" endTime="2014-08-08T11:47:00.4678691-07:00" testType="13cdc9d9-ddb5-4fa4-a97d-d965ccfc6d4b" outcome="Passed" testListId="8c84fa94-04c1-424b-9868-57a2d4851a1d" relativeResultsDirectory="de88137c-7c56-424f-b7b1-4b96bee1092e" />    <UnitTestResult executionId="16353f36-ac79-4fcb-bad8-decab012237e" testId="2411bd40-92da-4785-c529-61b721361315" testName="TestEvaluationDeleteEntry" computerName="PRANAY-TEST" duration="00:00:02.0749572" startTime="2014-08-08T11:47:00.4678691-07:00" endTime="2014-08-08T11:47:02.5428691-07:00" testType="13cdc9d9-ddb5-4fa4-a97d-d965ccfc6d4b" outcome="Passed" testListId="8c84fa94-04c1-424b-9868-57a2d4851a1d" relativeResultsDirectory="16353f36-ac79-4fcb-bad8-decab012237e" />    <UnitTestResult executionId="0be6b719-50e7-4bbb-9515-f61f9fe153e6" testId="fb1ac286-16cc-e63a-e4b9-b2203907074b" testName="TestEvaluationUpdateEntryAddProperty" computerName="PRANAY-TEST" duration="00:00:03.6262097" startTime="2014-08-08T11:47:02.5428691-07:00" endTime="2014-08-08T11:47:06.1688691-07:00" testType="13cdc9d9-ddb5-4fa4-a97d-d965ccfc6d4b" outcome="Passed" testListId="8c84fa94-04c1-424b-9868-57a2d4851a1d" relativeResultsDirectory="0be6b719-50e7-4bbb-9515-f61f9fe153e6" />    <UnitTestResult executionId="cd38bfca-de8e-4e51-ad45-9bd079682062" testId="e6603c38-3f87-a45b-7b3c-3553c043be14" testName="TestEvaluationUpdateEntryModifyPropertyAddValue" computerName="PRANAY-TEST" duration="00:00:01.7062572" startTime="2014-08-08T11:47:06.1688691-07:00" endTime="2014-08-08T11:47:07.8758691-07:00" testType="13cdc9d9-ddb5-4fa4-a97d-d965ccfc6d4b" outcome="Passed" testListId="8c84fa94-04c1-424b-9868-57a2d4851a1d" relativeResultsDirectory="cd38bfca-de8e-4e51-ad45-9bd079682062" />    <UnitTestResult executionId="b45ed115-75e3-4c7a-a252-9d24b79a9b1e" testId="840723ea-f5e0-2268-d15c-49d0d582c4b3" testName="TestEvaluationUpdateEntryModifyPropertyChangeEmptyPluralValue" computerName="PRANAY-TEST" duration="00:00:01.9881090" startTime="2014-08-08T11:47:07.8758691-07:00" endTime="2014-08-08T11:47:09.8638691-07:00" testType="13cdc9d9-ddb5-4fa4-a97d-d965ccfc6d4b" outcome="Passed" testListId="8c84fa94-04c1-424b-9868-57a2d4851a1d" relativeResultsDirectory="b45ed115-75e3-4c7a-a252-9d24b79a9b1e" />    <UnitTestResult executionId="8a10a963-382d-4fc6-b24f-baee814e944b" testId="5f9f0c8e-0f26-fe98-0796-690ac9c9a61d" testName="TestEvaluationUpdateEntryModifyPropertyChangeEmptySingleValue" computerName="PRANAY-TEST" duration="00:00:02.0053766" startTime="2014-08-08T11:47:09.8638691-07:00" endTime="2014-08-08T11:47:11.8748691-07:00" testType="13cdc9d9-ddb5-4fa4-a97d-d965ccfc6d4b" outcome="Passed" testListId="8c84fa94-04c1-424b-9868-57a2d4851a1d" relativeResultsDirectory="8a10a963-382d-4fc6-b24f-baee814e944b" />    <UnitTestResult executionId="674cd40b-9b7d-4e68-b0ca-599ca376b045" testId="8d742f5e-0c5d-5f85-49e8-c004380f93db" testName="TestEvaluationUpdateEntryModifyPropertyChangePluralValue" computerName="PRANAY-TEST" duration="00:00:02.0050406" startTime="2014-08-08T11:47:11.8748691-07:00" endTime="2014-08-08T11:47:13.8798691-07:00" testType="13cdc9d9-ddb5-4fa4-a97d-d965ccfc6d4b" outcome="Passed" testListId="8c84fa94-04c1-424b-9868-57a2d4851a1d" relativeResultsDirectory="674cd40b-9b7d-4e68-b0ca-599ca376b045" />    <UnitTestResult executionId="ad5b9cd1-c8a3-4a4f-9fc2-11e0276a54e1" testId="cf59d00e-ed52-4703-2852-18ea8599bea8" testName="TestEvaluationUpdateEntryModifyPropertyChangeSingleValue" computerName="PRANAY-TEST" duration="00:00:01.9806586" startTime="2014-08-08T11:47:13.8798691-07:00" endTime="2014-08-08T11:47:15.8608691-07:00" testType="13cdc9d9-ddb5-4fa4-a97d-d965ccfc6d4b" outcome="Passed" testListId="8c84fa94-04c1-424b-9868-57a2d4851a1d" relativeResultsDirectory="ad5b9cd1-c8a3-4a4f-9fc2-11e0276a54e1" />    <UnitTestResult executionId="001431b8-6710-4dff-b157-4df4cac6d2e7" testId="69adb5e5-a3d4-57a5-da8e-2fb2b0f9b4ef" testName="TestEvaluationUpdateEntryModifyPropertyRemoveValue" computerName="PRANAY-TEST" duration="00:00:01.9972783" startTime="2014-08-08T11:47:15.8608691-07:00" endTime="2014-08-08T11:47:17.8588691-07:00" testType="13cdc9d9-ddb5-4fa4-a97d-d965ccfc6d4b" outcome="Passed" testListId="8c84fa94-04c1-424b-9868-57a2d4851a1d" relativeResultsDirectory="001431b8-6710-4dff-b157-4df4cac6d2e7" />    <UnitTestResult executionId="023a2da6-6aec-4da2-876e-799027ec1870" testId="23e5352d-1e5f-3713-e9e6-02e243dc0f27" testName="TestEvaluationUpdateEntryRemovePluralProperty" computerName="PRANAY-TEST" duration="00:00:02.7093742" startTime="2014-08-08T11:47:17.8588691-07:00" endTime="2014-08-08T11:47:20.5678691-07:00" testType="13cdc9d9-ddb5-4fa4-a97d-d965ccfc6d4b" outcome="Passed" testListId="8c84fa94-04c1-424b-9868-57a2d4851a1d" relativeResultsDirectory="023a2da6-6aec-4da2-876e-799027ec1870" />    <UnitTestResult executionId="346b6070-2e3a-450b-95e7-bbd548ac5546" testId="a915857a-f1aa-19ef-352b-8bf1bd6307de" testName="TestEvaluationUpdateEntryRemoveProperty" computerName="PRANAY-TEST" duration="00:00:01.8041182" startTime="2014-08-08T11:47:20.5678691-07:00" endTime="2014-08-08T11:47:22.3728691-07:00" testType="13cdc9d9-ddb5-4fa4-a97d-d965ccfc6d4b" outcome="Passed" testListId="8c84fa94-04c1-424b-9868-57a2d4851a1d" relativeResultsDirectory="346b6070-2e3a-450b-95e7-bbd548ac5546" />    <UnitTestResult executionId="66724bac-c7af-45dc-8b2f-11cba5b3667a" testId="f77450fd-ab82-bbdf-0b6b-7ab0a25045c8" testName="TestEvaluationUpdateEntryReplaceProperty" computerName="PRANAY-TEST" duration="00:00:02.0210436" startTime="2014-08-08T11:47:22.3728691-07:00" endTime="2014-08-08T11:47:24.3938691-07:00" testType="13cdc9d9-ddb5-4fa4-a97d-d965ccfc6d4b" outcome="Passed" testListId="8c84fa94-04c1-424b-9868-57a2d4851a1d" relativeResultsDirectory="66724bac-c7af-45dc-8b2f-11cba5b3667a" />    <UnitTestResult executionId="9d2b76e8-d742-43b6-907a-dc9ccd093b17" testId="b33e3f74-5ee4-a122-c84b-0cd609d26535" testName="TestEvaluationUpdateEntryModifyJoiningProperty" computerName="PRANAY-TEST" duration="00:00:02.3805365" startTime="2014-08-08T11:47:24.3938691-07:00" endTime="2014-08-08T11:47:26.7748691-07:00" testType="13cdc9d9-ddb5-4fa4-a97d-d965ccfc6d4b" outcome="Passed" testListId="8c84fa94-04c1-424b-9868-57a2d4851a1d" relativeResultsDirectory="9d2b76e8-d742-43b6-907a-dc9ccd093b17" />    <UnitTestResult executionId="24fe72a4-921e-4c77-8ba2-e24e82d6318a" testId="d8adf926-f41f-b729-2a10-a19f77a651ce" testName="TestEvaluationDeltaRuleAddEntriesFullImport" computerName="PRANAY-TEST" duration="00:00:03.1660029" startTime="2014-08-08T11:47:26.7748691-07:00" endTime="2014-08-08T11:47:29.9408691-07:00" testType="13cdc9d9-ddb5-4fa4-a97d-d965ccfc6d4b" outcome="Passed" testListId="8c84fa94-04c1-424b-9868-57a2d4851a1d" relativeResultsDirectory="24fe72a4-921e-4c77-8ba2-e24e82d6318a" />    <UnitTestResult executionId="13742a7c-a1f7-4b46-a246-de965f973462" testId="ff620ef5-8887-9f54-a19b-43756dc1bba6" testName="TestEvaluationDeltaRuleAddEntry" computerName="PRANAY-TEST" duration="00:00:01.6007244" startTime="2014-08-08T11:47:29.9408691-07:00" endTime="2014-08-08T11:47:31.5418691-07:00" testType="13cdc9d9-ddb5-4fa4-a97d-d965ccfc6d4b" outcome="Passed" testListId="8c84fa94-04c1-424b-9868-57a2d4851a1d" relativeResultsDirectory="13742a7c-a1f7-4b46-a246-de965f973462" />    <UnitTestResult executionId="8ce5cf07-20d7-41cb-923d-bebea3b12aae" testId="189f0efd-19be-0954-1ccf-e5c6e296627f" testName="TestEvaluationDeltaRuleAddEntryConflictingJoiningProperty" computerName="PRANAY-TEST" duration="00:00:02.0797483" startTime="2014-08-08T11:47:31.5418691-07:00" endTime="2014-08-08T11:47:33.6218691-07:00" testType="13cdc9d9-ddb5-4fa4-a97d-d965ccfc6d4b" outcome="Passed" testListId="8c84fa94-04c1-424b-9868-57a2d4851a1d" relativeResultsDirectory="8ce5cf07-20d7-41cb-923d-bebea3b12aae" />    <UnitTestResult executionId="06d49406-7bb3-4847-b657-c69d5d98e617" testId="b3df487f-7e9d-9e99-d508-f1e8753e80d6" testName="TestEvaluationDeltaRuleUpdateEntry" computerName="PRANAY-TEST" duration="00:00:02.0109150" startTime="2014-08-08T11:47:33.6218691-07:00" endTime="2014-08-08T11:47:35.6328691-07:00" testType="13cdc9d9-ddb5-4fa4-a97d-d965ccfc6d4b" outcome="Passed" testListId="8c84fa94-04c1-424b-9868-57a2d4851a1d" relativeResultsDirectory="06d49406-7bb3-4847-b657-c69d5d98e617" />    <UnitTestResult executionId="f2529df4-b047-4352-8c6c-7a3fd7268661" testId="ff738f4e-c415-6faf-8c75-7a26ccebc28d" testName="TestEvaluationDeltaRuleUpdateEntrySuspendUser" computerName="PRANAY-TEST" duration="00:00:01.9903491" startTime="2014-08-08T11:47:35.6338691-07:00" endTime="2014-08-08T11:47:37.6238691-07:00" testType="13cdc9d9-ddb5-4fa4-a97d-d965ccfc6d4b" outcome="Passed" testListId="8c84fa94-04c1-424b-9868-57a2d4851a1d" relativeResultsDirectory="f2529df4-b047-4352-8c6c-7a3fd7268661" />    <UnitTestResult executionId="61845a57-5c4c-4356-9590-187445f9f2be" testId="5de289ef-91da-1dc7-4676-edd5c098328f" testName="TestEvaluationDeltaRuleUpdateEntryModifyJoiningProperty" computerName="PRANAY-TEST" duration="00:00:02.1034378" startTime="2014-08-08T11:47:37.6238691-07:00" endTime="2014-08-08T11:47:39.7278691-07:00" testType="13cdc9d9-ddb5-4fa4-a97d-d965ccfc6d4b" outcome="Passed" testListId="8c84fa94-04c1-424b-9868-57a2d4851a1d" relativeResultsDirectory="61845a57-5c4c-4356-9590-187445f9f2be" />    <UnitTestResult executionId="156c3a7b-f6d2-4cf7-9c36-a50aad0be819" testId="b0f42037-f9cc-0955-70ad-2d641467b818" testName="TestEvaluationDeltaRuleDeleteEntry" computerName="PRANAY-TEST" duration="00:00:01.8118620" startTime="2014-08-08T11:47:39.7278691-07:00" endTime="2014-08-08T11:47:41.5398691-07:00" testType="13cdc9d9-ddb5-4fa4-a97d-d965ccfc6d4b" outcome="Passed" testListId="8c84fa94-04c1-424b-9868-57a2d4851a1d" relativeResultsDirectory="156c3a7b-f6d2-4cf7-9c36-a50aad0be819" />    <UnitTestResult executionId="02e77285-05b3-4495-a958-0dde6608a9c2" testId="6ab4365e-9889-7c91-5a19-5c54c0e535be" testName="TestEvaluationDeltaRuleAddEntriesDeltaImport" computerName="PRANAY-TEST" duration="00:00:01.6286742" startTime="2014-08-08T11:47:41.5398691-07:00" endTime="2014-08-08T11:47:43.1688691-07:00" testType="13cdc9d9-ddb5-4fa4-a97d-d965ccfc6d4b" outcome="Passed" testListId="8c84fa94-04c1-424b-9868-57a2d4851a1d" relativeResultsDirectory="02e77285-05b3-4495-a958-0dde6608a9c2" />    <UnitTestResult executionId="5f723b89-5376-45f7-b885-f61a8ff75dbd" testId="9e007d10-13b6-06c4-6473-821b884116e7" testName="TestEvaluationDeltaRuleAddEntriesFullImport" computerName="PRANAY-TEST" duration="00:00:02.1024419" startTime="2014-08-08T11:47:43.1698691-07:00" endTime="2014-08-08T11:47:45.2718691-07:00" testType="13cdc9d9-ddb5-4fa4-a97d-d965ccfc6d4b" outcome="Passed" testListId="8c84fa94-04c1-424b-9868-57a2d4851a1d" relativeResultsDirectory="5f723b89-5376-45f7-b885-f61a8ff75dbd" />    <UnitTestResult executionId="f679e578-81d7-4f64-9c21-cc4391660856" testId="a0d3514e-a26d-1780-64a5-937813f9edb7" testName="TestEvaluationDeltaRuleAddEntry" computerName="PRANAY-TEST" duration="00:00:01.2096389" startTime="2014-08-08T11:47:45.2718691-07:00" endTime="2014-08-08T11:47:46.4818691-07:00" testType="13cdc9d9-ddb5-4fa4-a97d-d965ccfc6d4b" outcome="Passed" testListId="8c84fa94-04c1-424b-9868-57a2d4851a1d" relativeResultsDirectory="f679e578-81d7-4f64-9c21-cc4391660856" />    <UnitTestResult executionId="d49d6be2-3c13-4bd7-b0f1-bf115ab259c2" testId="7c7de4af-a20b-ab55-b553-98a2084794b8" testName="TestEvaluationDeltaRuleDeleteEntry" computerName="PRANAY-TEST" duration="00:00:02.5069290" startTime="2014-08-08T11:47:46.4818691-07:00" endTime="2014-08-08T11:47:48.9888691-07:00" testType="13cdc9d9-ddb5-4fa4-a97d-d965ccfc6d4b" outcome="Passed" testListId="8c84fa94-04c1-424b-9868-57a2d4851a1d" relativeResultsDirectory="d49d6be2-3c13-4bd7-b0f1-bf115ab259c2" />    <UnitTestResult executionId="cb62ad38-9d1a-4ea4-80b5-81bc14d80fd2" testId="85937213-1706-42cf-736b-a4404641b9c4" testName="TestEvaluationDeltaRuleUpdateEntryAddProperty" computerName="PRANAY-TEST" duration="00:00:01.9868383" startTime="2014-08-08T11:47:48.9898691-07:00" endTime="2014-08-08T11:47:50.9768691-07:00" testType="13cdc9d9-ddb5-4fa4-a97d-d965ccfc6d4b" outcome="Passed" testListId="8c84fa94-04c1-424b-9868-57a2d4851a1d" relativeResultsDirectory="cb62ad38-9d1a-4ea4-80b5-81bc14d80fd2" />    <UnitTestResult executionId="ac2fc553-7773-47d4-8e17-9cd1d3f252e8" testId="69de8e4a-c0e8-38fa-8947-2715bea07fd8" testName="TestEvaluationUpdateEntryModifyJoiningProperty" computerName="PRANAY-TEST" duration="00:00:02.4958780" startTime="2014-08-08T11:47:50.9768691-07:00" endTime="2014-08-08T11:47:53.4728691-07:00" testType="13cdc9d9-ddb5-4fa4-a97d-d965ccfc6d4b" outcome="Passed" testListId="8c84fa94-04c1-424b-9868-57a2d4851a1d" relativeResultsDirectory="ac2fc553-7773-47d4-8e17-9cd1d3f252e8" />    <UnitTestResult executionId="b2f74850-c1df-4100-a040-cb017796d6fe" testId="94b24158-8a23-ddba-0460-dbeccc9610e8" testName="TestEvaluationUpdateEntryMultipleProperties" computerName="PRANAY-TEST" duration="00:00:01.0079709" startTime="2014-08-08T11:47:53.4728691-07:00" endTime="2014-08-08T11:47:54.4808691-07:00" testType="13cdc9d9-ddb5-4fa4-a97d-d965ccfc6d4b" outcome="Passed" testListId="8c84fa94-04c1-424b-9868-57a2d4851a1d" relativeResultsDirectory="b2f74850-c1df-4100-a040-cb017796d6fe" />    <UnitTestResult executionId="e1c75ba4-5c89-472b-980c-ebde94db8349" testId="38aa5524-3b55-3941-9b90-e976979166f7" testName="TestEvaluationDeleteEntry" computerName="PRANAY-TEST" duration="00:00:00.8394488" startTime="2014-08-08T11:47:54.4818691-07:00" endTime="2014-08-08T11:47:55.3208691-07:00" testType="13cdc9d9-ddb5-4fa4-a97d-d965ccfc6d4b" outcome="Passed" testListId="8c84fa94-04c1-424b-9868-57a2d4851a1d" relativeResultsDirectory="e1c75ba4-5c89-472b-980c-ebde94db8349" />    <UnitTestResult executionId="2400e2e9-c331-4694-a9eb-98c905249218" testId="1f95e3b2-640e-2584-6eae-f9667169f986" testName="TestEvaluationEntryPropertyModificationType" computerName="PRANAY-TEST" duration="00:00:01.9522830" startTime="2014-08-08T11:47:55.3208691-07:00" endTime="2014-08-08T11:47:57.2738691-07:00" testType="13cdc9d9-ddb5-4fa4-a97d-d965ccfc6d4b" outcome="Passed" testListId="8c84fa94-04c1-424b-9868-57a2d4851a1d" relativeResultsDirectory="2400e2e9-c331-4694-a9eb-98c905249218" />    <UnitTestResult executionId="8371e0f1-2186-43dd-af2b-8fc6d13b5e3a" testId="cf632b45-53a8-ec98-7f06-42910d776d3d" testName="TestEvaluationUpdateEntryAllPropertiesFlowed" computerName="PRANAY-TEST" duration="00:00:01.3085566" startTime="2014-08-08T11:47:57.2738691-07:00" endTime="2014-08-08T11:47:58.5828691-07:00" testType="13cdc9d9-ddb5-4fa4-a97d-d965ccfc6d4b" outcome="Passed" testListId="8c84fa94-04c1-424b-9868-57a2d4851a1d" relativeResultsDirectory="8371e0f1-2186-43dd-af2b-8fc6d13b5e3a" />    <UnitTestResult executionId="b4fd8002-2d02-42ec-a55f-4b82e00c76ae" testId="e4995530-afc9-120e-71f0-1601903eea4d" testName="TestEvaluationAddEntry" computerName="PRANAY-TEST" duration="00:00:01.1076111" startTime="2014-08-08T11:47:58.5828691-07:00" endTime="2014-08-08T11:47:59.6908691-07:00" testType="13cdc9d9-ddb5-4fa4-a97d-d965ccfc6d4b" outcome="Passed" testListId="8c84fa94-04c1-424b-9868-57a2d4851a1d" relativeResultsDirectory="b4fd8002-2d02-42ec-a55f-4b82e00c76ae" />    <UnitTestResult executionId="0fe528e1-e73c-4842-80e1-44ad27d8c6eb" testId="b248a4b7-9971-e6be-c3c9-5da91fa6b34d" testName="TestEvaluationUpdateEntry" computerName="PRANAY-TEST" duration="00:00:01.0930867" startTime="2014-08-08T11:47:59.6908691-07:00" endTime="2014-08-08T11:48:00.7838691-07:00" testType="13cdc9d9-ddb5-4fa4-a97d-d965ccfc6d4b" outcome="Passed" testListId="8c84fa94-04c1-424b-9868-57a2d4851a1d" relativeResultsDirectory="0fe528e1-e73c-4842-80e1-44ad27d8c6eb" />    <UnitTestResult executionId="b6c53739-bad2-435c-af5d-c8384070f8ff" testId="d3056140-c8f8-84d4-4ee4-260d5deecd0a" testName="TestEvaluationUpdateEntryNoChanges" computerName="PRANAY-TEST" duration="00:00:01.3810843" startTime="2014-08-08T11:48:00.7838691-07:00" endTime="2014-08-08T11:48:02.1658691-07:00" testType="13cdc9d9-ddb5-4fa4-a97d-d965ccfc6d4b" outcome="Passed" testListId="8c84fa94-04c1-424b-9868-57a2d4851a1d" relativeResultsDirectory="b6c53739-bad2-435c-af5d-c8384070f8ff" />    <UnitTestResult executionId="e94c81be-8f06-4eef-b8cb-67381168b4c0" testId="610a3302-ce96-5bed-dd26-156455cb9f3b" testName="TestEvaluationAddEntriesFullImport" computerName="PRANAY-TEST" duration="00:00:01.8859708" startTime="2014-08-08T11:48:02.1658691-07:00" endTime="2014-08-08T11:48:04.0518691-07:00" testType="13cdc9d9-ddb5-4fa4-a97d-d965ccfc6d4b" outcome="Passed" testListId="8c84fa94-04c1-424b-9868-57a2d4851a1d" relativeResultsDirectory="e94c81be-8f06-4eef-b8cb-67381168b4c0" />    <UnitTestResult executionId="e68b0954-5a76-4d16-8505-18d6f08be41a" testId="be0bc21c-d6de-c590-e79a-f418ce3ca38a" testName="TestEvaluationAddEntry" computerName="PRANAY-TEST" duration="00:00:01.3657149" startTime="2014-08-08T11:48:04.0528691-07:00" endTime="2014-08-08T11:48:05.4188691-07:00" testType="13cdc9d9-ddb5-4fa4-a97d-d965ccfc6d4b" outcome="Passed" testListId="8c84fa94-04c1-424b-9868-57a2d4851a1d" relativeResultsDirectory="e68b0954-5a76-4d16-8505-18d6f08be41a" />    <UnitTestResult executionId="6b562c40-d9e1-4939-9724-1b2d5038e50a" testId="0fe5f656-8692-1a38-ebdc-d886d56dd739" testName="TestEvaluationUpdateEntry" computerName="PRANAY-TEST" duration="00:00:01.3275488" startTime="2014-08-08T11:48:05.4188691-07:00" endTime="2014-08-08T11:48:06.7458691-07:00" testType="13cdc9d9-ddb5-4fa4-a97d-d965ccfc6d4b" outcome="Passed" testListId="8c84fa94-04c1-424b-9868-57a2d4851a1d" relativeResultsDirectory="6b562c40-d9e1-4939-9724-1b2d5038e50a" />    <UnitTestResult executionId="8bb42893-1a05-4433-b46c-6a793f2f4dcd" testId="704b2b03-6c63-bbe9-fa59-7f5762b5afac" testName="TestEvaluationUpdateEntryModifyJoiningProperty" computerName="PRANAY-TEST" duration="00:00:01.5744735" startTime="2014-08-08T11:48:06.7468691-07:00" endTime="2014-08-08T11:48:08.3208691-07:00" testType="13cdc9d9-ddb5-4fa4-a97d-d965ccfc6d4b" outcome="Passed" testListId="8c84fa94-04c1-424b-9868-57a2d4851a1d" relativeResultsDirectory="8bb42893-1a05-4433-b46c-6a793f2f4dcd" />    <UnitTestResult executionId="219f4a30-42ec-4204-9224-3ee0fbe9f7b3" testId="824f2887-99b5-e28b-afc1-e5b00490d0d0" testName="TestEvaluationDeleteEntry" computerName="PRANAY-TEST" duration="00:00:01.0077557" startTime="2014-08-08T11:48:08.3208691-07:00" endTime="2014-08-08T11:48:09.3288691-07:00" testType="13cdc9d9-ddb5-4fa4-a97d-d965ccfc6d4b" outcome="Passed" testListId="8c84fa94-04c1-424b-9868-57a2d4851a1d" relativeResultsDirectory="219f4a30-42ec-4204-9224-3ee0fbe9f7b3" />    <UnitTestResult executionId="9195c7e6-e42a-47a7-a267-96d4c2f49401" testId="a89a10da-dbf1-7cb8-89d1-3eb2304b7f2e" testName="ConcurOutboundFullSynchronizationRuleUnitTestAddEntry" computerName="PRANAY-TEST" duration="00:00:18.9468517" startTime="2014-08-08T11:48:09.3288691-07:00" endTime="2014-08-08T11:48:28.2758691-07:00" testType="13cdc9d9-ddb5-4fa4-a97d-d965ccfc6d4b" outcome="Passed" testListId="8c84fa94-04c1-424b-9868-57a2d4851a1d" relativeResultsDirectory="9195c7e6-e42a-47a7-a267-96d4c2f49401" />    <UnitTestResult executionId="3e2dcd35-eca1-41e4-9735-1a98c89c43fd" testId="a2cd58ef-528d-3e7f-3d88-cd90748aed6a" testName="ConcurOutboundFullSynchronizationRuleUnitTestAddEntryNoEntitlements" computerName="PRANAY-TEST" duration="00:00:02.3966181" startTime="2014-08-08T11:48:28.2758691-07:00" endTime="2014-08-08T11:48:30.6728691-07:00" testType="13cdc9d9-ddb5-4fa4-a97d-d965ccfc6d4b" outcome="Passed" testListId="8c84fa94-04c1-424b-9868-57a2d4851a1d" relativeResultsDirectory="3e2dcd35-eca1-41e4-9735-1a98c89c43fd" />    <UnitTestResult executionId="9eb8fed9-cd8b-4a3a-b48d-f2324c55e836" testId="341b6de6-7a39-6dbd-e8f7-38298dba2ed2" testName="ConcurOutboundFullSynchronizationRuleUnitTestAddModifySingleValued" computerName="PRANAY-TEST" duration="00:00:10.7925333" startTime="2014-08-08T11:48:30.6728691-07:00" endTime="2014-08-08T11:48:41.4648691-07:00" testType="13cdc9d9-ddb5-4fa4-a97d-d965ccfc6d4b" outcome="Passed" testListId="8c84fa94-04c1-424b-9868-57a2d4851a1d" relativeResultsDirectory="9eb8fed9-cd8b-4a3a-b48d-f2324c55e836" />    <UnitTestResult executionId="c30f2574-3e8e-4456-82dc-a029ce2278d3" testId="7ad750ba-c7fa-3616-eb25-7ac0021cbef0" testName="ConcurOutboundFullSynchronizationRuleUnitTestUpdateEntryNoChanges" computerName="PRANAY-TEST" duration="00:00:12.3650801" startTime="2014-08-08T11:48:41.4648691-07:00" endTime="2014-08-08T11:48:53.8298691-07:00" testType="13cdc9d9-ddb5-4fa4-a97d-d965ccfc6d4b" outcome="Passed" testListId="8c84fa94-04c1-424b-9868-57a2d4851a1d" relativeResultsDirectory="c30f2574-3e8e-4456-82dc-a029ce2278d3" />    <UnitTestResult executionId="ce40ce9b-77f5-4b2e-b5d1-5a24cf2aff00" testId="64562811-ee7b-bf16-5a5b-1ea08109ad5e" testName="ConcurOutboundFullSynchronizationRuleUnitTestUpdateEntryRemoveEntitlements" computerName="PRANAY-TEST" duration="00:00:15.1773168" startTime="2014-08-08T11:48:53.8298691-07:00" endTime="2014-08-08T11:49:09.0068691-07:00" testType="13cdc9d9-ddb5-4fa4-a97d-d965ccfc6d4b" outcome="Passed" testListId="8c84fa94-04c1-424b-9868-57a2d4851a1d" relativeResultsDirectory="ce40ce9b-77f5-4b2e-b5d1-5a24cf2aff00" />    <UnitTestResult executionId="137fa600-0148-45b8-995c-712ed6a16dab" testId="445237a5-cf57-30b4-31f5-6febf86e0cd8" testName="ConcurOutboundFullSynchronizationRuleUnitTestUpdateEntryReactivateThroughEntitlements" computerName="PRANAY-TEST" duration="00:00:15.2744887" startTime="2014-08-08T11:49:09.0068691-07:00" endTime="2014-08-08T11:49:24.2808691-07:00" testType="13cdc9d9-ddb5-4fa4-a97d-d965ccfc6d4b" outcome="Passed" testListId="8c84fa94-04c1-424b-9868-57a2d4851a1d" relativeResultsDirectory="137fa600-0148-45b8-995c-712ed6a16dab" />    <UnitTestResult executionId="e097d665-f64f-4886-aad3-bd0c62f9e1f4" testId="2bd29c15-5508-a902-1cb5-125e645abedf" testName="ConcurOutboundDeltaSynchronizationRuleUnitTestAddEntry" computerName="PRANAY-TEST" duration="00:00:09.2757714" startTime="2014-08-08T11:49:24.2808691-07:00" endTime="2014-08-08T11:49:33.5568691-07:00" testType="13cdc9d9-ddb5-4fa4-a97d-d965ccfc6d4b" outcome="Passed" testListId="8c84fa94-04c1-424b-9868-57a2d4851a1d" relativeResultsDirectory="e097d665-f64f-4886-aad3-bd0c62f9e1f4" />    <UnitTestResult executionId="76c0f933-6022-4128-9c1d-39cbac2f5044" testId="8c3ba9bb-7832-ffd1-170a-1441256e854c" testName="ConcurOutboundDeltaSynchronizationRuleUnitTestUpdateEntryAddModifySingleValued" computerName="PRANAY-TEST" duration="00:00:14.4955423" startTime="2014-08-08T11:49:33.5568691-07:00" endTime="2014-08-08T11:49:48.0518691-07:00" testType="13cdc9d9-ddb5-4fa4-a97d-d965ccfc6d4b" outcome="Passed" testListId="8c84fa94-04c1-424b-9868-57a2d4851a1d" relativeResultsDirectory="76c0f933-6022-4128-9c1d-39cbac2f5044" />    <UnitTestResult executionId="6d2f8fd2-adbe-459f-b7f0-daddd553bc29" testId="b9c96c8c-032f-22af-3f27-f99506942510" testName="ConcurOutboundDeltaSynchronizationRuleUnitTestHardDeleteEntry" computerName="PRANAY-TEST" duration="00:00:09.7219096" startTime="2014-08-08T11:49:48.0518691-07:00" endTime="2014-08-08T11:49:57.7738691-07:00" testType="13cdc9d9-ddb5-4fa4-a97d-d965ccfc6d4b" outcome="Passed" testListId="8c84fa94-04c1-424b-9868-57a2d4851a1d" relativeResultsDirectory="6d2f8fd2-adbe-459f-b7f0-daddd553bc29" />    <UnitTestResult executionId="27466b6f-0d5d-4f78-99b6-ab3ebbe5dc44" testId="37dd3f27-094b-b023-c4b2-5c7379a42960" testName="TestEvaluationAddEntriesDeltaImport" computerName="PRANAY-TEST" duration="00:00:01.3057787" startTime="2014-08-08T11:49:57.7738691-07:00" endTime="2014-08-08T11:49:59.0798691-07:00" testType="13cdc9d9-ddb5-4fa4-a97d-d965ccfc6d4b" outcome="Passed" testListId="8c84fa94-04c1-424b-9868-57a2d4851a1d" relativeResultsDirectory="27466b6f-0d5d-4f78-99b6-ab3ebbe5dc44" />    <UnitTestResult executionId="244002d3-0f5d-4218-bbe0-cf6a57da8043" testId="3642160b-5b00-b460-8e75-0fde77bfab69" testName="TestEvaluationAddEntriesFullImport" computerName="PRANAY-TEST" duration="00:00:01.3956430" startTime="2014-08-08T11:49:59.0808691-07:00" endTime="2014-08-08T11:50:00.4758691-07:00" testType="13cdc9d9-ddb5-4fa4-a97d-d965ccfc6d4b" outcome="Passed" testListId="8c84fa94-04c1-424b-9868-57a2d4851a1d" relativeResultsDirectory="244002d3-0f5d-4218-bbe0-cf6a57da8043" />    <UnitTestResult executionId="a86d7d4a-136b-4bd0-921d-a807401959c3" testId="dcb7303b-a4e1-73ae-0175-ac4efc7d950d" testName="TestEvaluationAddEntry" computerName="PRANAY-TEST" duration="00:00:00.5287518" startTime="2014-08-08T11:50:00.4758691-07:00" endTime="2014-08-08T11:50:01.0048691-07:00" testType="13cdc9d9-ddb5-4fa4-a97d-d965ccfc6d4b" outcome="Passed" testListId="8c84fa94-04c1-424b-9868-57a2d4851a1d" relativeResultsDirectory="a86d7d4a-136b-4bd0-921d-a807401959c3" />    <UnitTestResult executionId="3015e4e7-1f25-49ff-9da4-b41480fd7623" testId="13f6564e-ba4a-748a-a6d7-f1618f3df3ef" testName="TestEvaluationDeleteEntry" computerName="PRANAY-TEST" duration="00:00:01.8166836" startTime="2014-08-08T11:50:01.0058691-07:00" endTime="2014-08-08T11:50:02.8218691-07:00" testType="13cdc9d9-ddb5-4fa4-a97d-d965ccfc6d4b" outcome="Passed" testListId="8c84fa94-04c1-424b-9868-57a2d4851a1d" relativeResultsDirectory="3015e4e7-1f25-49ff-9da4-b41480fd7623" />    <UnitTestResult executionId="6e4cb218-d7ba-4d3f-b864-3c7093debb12" testId="474b5dd5-1587-50ca-dd9b-d02d03dd4a66" testName="TestEvaluationUpdateEntryAddProperty" computerName="PRANAY-TEST" duration="00:00:01.7686302" startTime="2014-08-08T11:50:02.8228691-07:00" endTime="2014-08-08T11:50:04.5908691-07:00" testType="13cdc9d9-ddb5-4fa4-a97d-d965ccfc6d4b" outcome="Passed" testListId="8c84fa94-04c1-424b-9868-57a2d4851a1d" relativeResultsDirectory="6e4cb218-d7ba-4d3f-b864-3c7093debb12" />    <UnitTestResult executionId="9bc52f42-2195-482d-bd17-d5991bb4275d" testId="540f2f7b-3302-ccd2-deeb-895ced06d76e" testName="TestEvaluationUpdateEntryModifyPropertyAddValue" computerName="PRANAY-TEST" duration="00:00:01.5917811" startTime="2014-08-08T11:50:04.5908691-07:00" endTime="2014-08-08T11:50:06.1828691-07:00" testType="13cdc9d9-ddb5-4fa4-a97d-d965ccfc6d4b" outcome="Passed" testListId="8c84fa94-04c1-424b-9868-57a2d4851a1d" relativeResultsDirectory="9bc52f42-2195-482d-bd17-d5991bb4275d" />    <UnitTestResult executionId="31d6b584-66cd-4a7a-aaf1-ff189e6f3bd8" testId="a0ae5918-70c1-af32-e462-c1d079d434f8" testName="TestEvaluationUpdateEntryModifyPropertyChangeEmptyPluralValue" computerName="PRANAY-TEST" duration="00:00:01.6005847" startTime="2014-08-08T11:50:06.1838691-07:00" endTime="2014-08-08T11:50:07.7838691-07:00" testType="13cdc9d9-ddb5-4fa4-a97d-d965ccfc6d4b" outcome="Passed" testListId="8c84fa94-04c1-424b-9868-57a2d4851a1d" relativeResultsDirectory="31d6b584-66cd-4a7a-aaf1-ff189e6f3bd8" />    <UnitTestResult executionId="4176f999-7d47-4ef7-97dd-95ab6b819106" testId="e993b251-f1ac-ab49-eff7-8c7ad71b3bd8" testName="TestEvaluationUpdateEntryModifyPropertyChangeEmptySingleValue" computerName="PRANAY-TEST" duration="00:00:02.1065275" startTime="2014-08-08T11:50:07.7838691-07:00" endTime="2014-08-08T11:50:09.8908691-07:00" testType="13cdc9d9-ddb5-4fa4-a97d-d965ccfc6d4b" outcome="Passed" testListId="8c84fa94-04c1-424b-9868-57a2d4851a1d" relativeResultsDirectory="4176f999-7d47-4ef7-97dd-95ab6b819106" />    <UnitTestResult executionId="fc2a2795-19dc-4dad-acfb-33344dde4080" testId="a8eb12a9-95e8-5f54-5b18-91a72d9750da" testName="TestEvaluationUpdateEntryModifyPropertyChangePluralValue" computerName="PRANAY-TEST" duration="00:00:02.0000527" startTime="2014-08-08T11:50:09.8908691-07:00" endTime="2014-08-08T11:50:11.8908691-07:00" testType="13cdc9d9-ddb5-4fa4-a97d-d965ccfc6d4b" outcome="Passed" testListId="8c84fa94-04c1-424b-9868-57a2d4851a1d" relativeResultsDirectory="fc2a2795-19dc-4dad-acfb-33344dde4080" />    <UnitTestResult executionId="57ba3096-53d6-40c6-a315-2e9173371004" testId="d46c4a2a-1aee-9eac-816a-f30077b9a7ac" testName="TestEvaluationUpdateEntryModifyPropertyChangeSingleValue" computerName="PRANAY-TEST" duration="00:00:02.0246060" startTime="2014-08-08T11:50:11.8918691-07:00" endTime="2014-08-08T11:50:13.9158691-07:00" testType="13cdc9d9-ddb5-4fa4-a97d-d965ccfc6d4b" outcome="Passed" testListId="8c84fa94-04c1-424b-9868-57a2d4851a1d" relativeResultsDirectory="57ba3096-53d6-40c6-a315-2e9173371004" />    <UnitTestResult executionId="561e53ae-0fc4-4174-8e44-cccaa0120626" testId="7aae5f3a-c3b6-daa3-f3b0-ba9f032c47b2" testName="TestEvaluationUpdateEntryModifyPropertyRemoveValue" computerName="PRANAY-TEST" duration="00:00:01.9747999" startTime="2014-08-08T11:50:13.9168691-07:00" endTime="2014-08-08T11:50:15.8908691-07:00" testType="13cdc9d9-ddb5-4fa4-a97d-d965ccfc6d4b" outcome="Passed" testListId="8c84fa94-04c1-424b-9868-57a2d4851a1d" relativeResultsDirectory="561e53ae-0fc4-4174-8e44-cccaa0120626" />    <UnitTestResult executionId="5f26fd88-5053-4212-a376-15e551f2c3e5" testId="0fb03f10-bce5-433c-c60c-39f730a720a8" testName="TestEvaluationUpdateEntryRemoveProperty" computerName="PRANAY-TEST" duration="00:00:02.3600780" startTime="2014-08-08T11:50:15.8918691-07:00" endTime="2014-08-08T11:50:18.2518691-07:00" testType="13cdc9d9-ddb5-4fa4-a97d-d965ccfc6d4b" outcome="Passed" testListId="8c84fa94-04c1-424b-9868-57a2d4851a1d" relativeResultsDirectory="5f26fd88-5053-4212-a376-15e551f2c3e5" />    <UnitTestResult executionId="c9618afe-ce4a-426e-b1da-b797a8d5e622" testId="ea242f04-09a0-76db-9e8a-e316acf5c69f" testName="TestEvaluationUpdateEntryReplaceProperty" computerName="PRANAY-TEST" duration="00:00:01.6485988" startTime="2014-08-08T11:50:18.2518691-07:00" endTime="2014-08-08T11:50:19.9008691-07:00" testType="13cdc9d9-ddb5-4fa4-a97d-d965ccfc6d4b" outcome="Passed" testListId="8c84fa94-04c1-424b-9868-57a2d4851a1d" relativeResultsDirectory="c9618afe-ce4a-426e-b1da-b797a8d5e622" />    <UnitTestResult executionId="218dc526-e829-4e78-8776-faa23af8a0ef" testId="9bc67291-9f0e-55c5-5cc4-56b773c5d2af" testName="TestEvaluationUpdateEntryModifyJoiningProperty" computerName="PRANAY-TEST" duration="00:00:02.4657598" startTime="2014-08-08T11:50:19.9008691-07:00" endTime="2014-08-08T11:50:22.3668691-07:00" testType="13cdc9d9-ddb5-4fa4-a97d-d965ccfc6d4b" outcome="Passed" testListId="8c84fa94-04c1-424b-9868-57a2d4851a1d" relativeResultsDirectory="218dc526-e829-4e78-8776-faa23af8a0ef" />    <UnitTestResult executionId="9f8d25e4-25d3-4f6a-afff-0543223b9fc2" testId="8ea65b87-ff15-9f81-0d6d-a8838ece8ba1" testName="TestGeneratingFakeEntitlements" computerName="PRANAY-TEST" duration="00:00:00.0726982" startTime="2014-08-08T11:50:22.3668691-07:00" endTime="2014-08-08T11:50:22.4468691-07:00" testType="13cdc9d9-ddb5-4fa4-a97d-d965ccfc6d4b" outcome="Passed" testListId="8c84fa94-04c1-424b-9868-57a2d4851a1d" relativeResultsDirectory="9f8d25e4-25d3-4f6a-afff-0543223b9fc2" />    <UnitTestResult executionId="c335e7e1-8d4e-4a1d-b186-2f8ea5c989db" testId="65999ffd-5718-ef06-b7a3-8722a6539f80" testName="TestEvaluationAddEntitlementEntries" computerName="PRANAY-TEST" duration="00:00:02.3127638" startTime="2014-08-08T11:50:22.4468691-07:00" endTime="2014-08-08T11:50:24.7598691-07:00" testType="13cdc9d9-ddb5-4fa4-a97d-d965ccfc6d4b" outcome="Passed" testListId="8c84fa94-04c1-424b-9868-57a2d4851a1d" relativeResultsDirectory="c335e7e1-8d4e-4a1d-b186-2f8ea5c989db" />    <UnitTestResult executionId="064cd519-73f8-43f0-b0d5-f13e6e84d07e" testId="b1069a9d-b624-5d0b-ea12-45f29da6dfdc" testName="TestEvaluationDeleteEntitlementEntry" computerName="PRANAY-TEST" duration="00:00:00.2905117" startTime="2014-08-08T11:50:24.7598691-07:00" endTime="2014-08-08T11:50:25.0508691-07:00" testType="13cdc9d9-ddb5-4fa4-a97d-d965ccfc6d4b" outcome="Passed" testListId="8c84fa94-04c1-424b-9868-57a2d4851a1d" relativeResultsDirectory="064cd519-73f8-43f0-b0d5-f13e6e84d07e" />    <UnitTestResult executionId="389f39ec-8681-43a8-8f7e-08710214e80a" testId="65626a32-53ec-5f37-846a-49f8889e1fc5" testName="TestEvaluationUpdateEntitlementEntry" computerName="PRANAY-TEST" duration="00:00:02.0951470" startTime="2014-08-08T11:50:25.0508691-07:00" endTime="2014-08-08T11:50:27.1458691-07:00" testType="13cdc9d9-ddb5-4fa4-a97d-d965ccfc6d4b" outcome="Passed" testListId="8c84fa94-04c1-424b-9868-57a2d4851a1d" relativeResultsDirectory="389f39ec-8681-43a8-8f7e-08710214e80a" />    <UnitTestResult executionId="31ac9433-a0b2-475e-985c-e98e82f3509e" testId="110bc64f-bfb0-adec-3c83-77bb4319bcf8" testName="Salesforce_TestEvaluationDeltaUpdateEntryAddModifySingleValued" computerName="PRANAY-TEST" duration="00:00:03.0505933" startTime="2014-08-08T11:50:27.1458691-07:00" endTime="2014-08-08T11:50:30.1978691-07:00" testType="13cdc9d9-ddb5-4fa4-a97d-d965ccfc6d4b" outcome="Passed" testListId="8c84fa94-04c1-424b-9868-57a2d4851a1d" relativeResultsDirectory="31ac9433-a0b2-475e-985c-e98e82f3509e" />    <UnitTestResult executionId="db61b1fa-0a03-4019-8d1c-94f25315557b" testId="c6e0d603-31e7-4947-542e-553f5ba55d97" testName="Salesforce_TestEvaluationDeltaUpdateEntryJoiningProperty" computerName="PRANAY-TEST" duration="00:00:02.9966543" startTime="2014-08-08T11:50:30.1978691-07:00" endTime="2014-08-08T11:50:33.1938691-07:00" testType="13cdc9d9-ddb5-4fa4-a97d-d965ccfc6d4b" outcome="Passed" testListId="8c84fa94-04c1-424b-9868-57a2d4851a1d" relativeResultsDirectory="db61b1fa-0a03-4019-8d1c-94f25315557b" />    <UnitTestResult executionId="59b75211-1d49-4058-9753-3f37b2d6f582" testId="a4f9d0d9-73a7-1b46-88f3-91b08060ebbd" testName="Salesforce_TestEvaluationDeltaUpdateEntryConflictingJoiningPropertyAddNewEntry" computerName="PRANAY-TEST" duration="00:00:03.0029252" startTime="2014-08-08T11:50:33.1948691-07:00" endTime="2014-08-08T11:50:36.1978691-07:00" testType="13cdc9d9-ddb5-4fa4-a97d-d965ccfc6d4b" outcome="Passed" testListId="8c84fa94-04c1-424b-9868-57a2d4851a1d" relativeResultsDirectory="59b75211-1d49-4058-9753-3f37b2d6f582" />    <UnitTestResult executionId="59dcad4b-7e87-44fc-bf7f-b380774ab9e9" testId="de6857d0-448f-2310-31c6-a7a23afe6a3e" testName="Salesforce_TestEvaluationDeltaUpdateEntryWithIndependentTargetDirectoryUpdateToJoiningProperty" computerName="PRANAY-TEST" duration="00:00:02.8195631" startTime="2014-08-08T11:50:36.1978691-07:00" endTime="2014-08-08T11:50:39.0178691-07:00" testType="13cdc9d9-ddb5-4fa4-a97d-d965ccfc6d4b" outcome="Passed" testListId="8c84fa94-04c1-424b-9868-57a2d4851a1d" relativeResultsDirectory="59dcad4b-7e87-44fc-bf7f-b380774ab9e9" />    <UnitTestResult executionId="90938e54-61a6-4786-8fc3-752dc615aa9c" testId="3ef15904-f31e-dc4d-95b3-55834f250610" testName="Salesforce_TestEvaluationDeltaUpdateEntryConflictingJoiningPropertyDeleteOldEntry" computerName="PRANAY-TEST" duration="00:00:02.3744180" startTime="2014-08-08T11:50:39.0178691-07:00" endTime="2014-08-08T11:50:41.3918691-07:00" testType="13cdc9d9-ddb5-4fa4-a97d-d965ccfc6d4b" outcome="Passed" testListId="8c84fa94-04c1-424b-9868-57a2d4851a1d" relativeResultsDirectory="90938e54-61a6-4786-8fc3-752dc615aa9c" />    <UnitTestResult executionId="ef49cd1d-3691-4e03-a977-b19c1242ca8a" testId="7c1e5291-13c0-65d8-d43c-3aa4c8d8f5be" testName="Salesforce_TestEvaluationDeltaAddEntryConflictingJoiningPropertyDeleteOldEntry" computerName="PRANAY-TEST" duration="00:00:02.8554410" startTime="2014-08-08T11:50:41.3918691-07:00" endTime="2014-08-08T11:50:44.2478691-07:00" testType="13cdc9d9-ddb5-4fa4-a97d-d965ccfc6d4b" outcome="Passed" testListId="8c84fa94-04c1-424b-9868-57a2d4851a1d" relativeResultsDirectory="ef49cd1d-3691-4e03-a977-b19c1242ca8a" />    <UnitTestResult executionId="54ad97a9-c567-4c15-811a-77bf0c5b7349" testId="5073b2a2-19e9-7963-23a4-1b3a09f51cc9" testName="Salesforce_TestEvaluationDeltaUpdateEntriesSwapJoiningProperties" computerName="PRANAY-TEST" duration="00:00:02.8483151" startTime="2014-08-08T11:50:44.2478691-07:00" endTime="2014-08-08T11:50:47.0968691-07:00" testType="13cdc9d9-ddb5-4fa4-a97d-d965ccfc6d4b" outcome="Passed" testListId="8c84fa94-04c1-424b-9868-57a2d4851a1d" relativeResultsDirectory="54ad97a9-c567-4c15-811a-77bf0c5b7349" />    <UnitTestResult executionId="368927f5-5de5-47b1-99a5-c83483935ede" testId="0a5f03f1-b7c8-910a-7b9b-7ee0568aa3d0" testName="Salesforce_TestEvaluationDeltaChainJoiningPropertyUpdates" computerName="PRANAY-TEST" duration="00:00:02.7622569" startTime="2014-08-08T11:50:47.0968691-07:00" endTime="2014-08-08T11:50:49.8588691-07:00" testType="13cdc9d9-ddb5-4fa4-a97d-d965ccfc6d4b" outcome="Passed" testListId="8c84fa94-04c1-424b-9868-57a2d4851a1d" relativeResultsDirectory="368927f5-5de5-47b1-99a5-c83483935ede" />    <UnitTestResult executionId="6d6aab3d-6ecd-4924-a16a-55f4438e8b40" testId="8fe115ec-8c1e-5434-a83f-361248910d97" testName="Salesforce_TestEvaluationDeltaUpdateEntryNoEntitledAddModifySingleValued" computerName="PRANAY-TEST" duration="00:00:02.7307855" startTime="2014-08-08T11:50:49.8588691-07:00" endTime="2014-08-08T11:50:52.5898691-07:00" testType="13cdc9d9-ddb5-4fa4-a97d-d965ccfc6d4b" outcome="Passed" testListId="8c84fa94-04c1-424b-9868-57a2d4851a1d" relativeResultsDirectory="6d6aab3d-6ecd-4924-a16a-55f4438e8b40" />    <UnitTestResult executionId="e3c8d771-5c93-463c-82ea-701d526bd573" testId="1a13a317-bb9f-62ca-2beb-8a9e04c69cdc" testName="Salesforce_TestEvaluationDeltaAddEntryAddModifySingleValued" computerName="PRANAY-TEST" duration="00:00:02.5680420" startTime="2014-08-08T11:50:52.5898691-07:00" endTime="2014-08-08T11:50:55.1588691-07:00" testType="13cdc9d9-ddb5-4fa4-a97d-d965ccfc6d4b" outcome="Passed" testListId="8c84fa94-04c1-424b-9868-57a2d4851a1d" relativeResultsDirectory="e3c8d771-5c93-463c-82ea-701d526bd573" />    <UnitTestResult executionId="fac8c4b9-7ac5-47a7-85b8-3d93c503d8b7" testId="0f13609d-5060-85cb-ff2f-802b6dc3eb61" testName="Salesforce_TestEvaluationDeltaAddEntry" computerName="PRANAY-TEST" duration="00:00:02.3499113" startTime="2014-08-08T11:50:55.1588691-07:00" endTime="2014-08-08T11:50:57.5088691-07:00" testType="13cdc9d9-ddb5-4fa4-a97d-d965ccfc6d4b" outcome="Passed" testListId="8c84fa94-04c1-424b-9868-57a2d4851a1d" relativeResultsDirectory="fac8c4b9-7ac5-47a7-85b8-3d93c503d8b7" />    <UnitTestResult executionId="dd616e59-e3ee-4aaa-82dc-b46fadc85af9" testId="1cde2d7b-9d41-3a8c-3f86-8e2f1b9defc1" testName="Salesforce_TestEvaluationDeltaAddUpdateEntryWithMultipleGrants" computerName="PRANAY-TEST" duration="00:00:02.1153014" startTime="2014-08-08T11:50:57.5088691-07:00" endTime="2014-08-08T11:50:59.6238691-07:00" testType="13cdc9d9-ddb5-4fa4-a97d-d965ccfc6d4b" outcome="Passed" testListId="8c84fa94-04c1-424b-9868-57a2d4851a1d" relativeResultsDirectory="dd616e59-e3ee-4aaa-82dc-b46fadc85af9" />    <UnitTestResult executionId="8b8001ab-47ec-4b35-a02c-6fdbf15fc6b0" testId="8b162b16-c318-cd7e-6122-f1a807ec27d6" testName="Salesforce_TestEvaluationDeltaUpdateEntryWithNoProperties" computerName="PRANAY-TEST" duration="00:00:02.8622971" startTime="2014-08-08T11:50:59.6238691-07:00" endTime="2014-08-08T11:51:02.4868691-07:00" testType="13cdc9d9-ddb5-4fa4-a97d-d965ccfc6d4b" outcome="Passed" testListId="8c84fa94-04c1-424b-9868-57a2d4851a1d" relativeResultsDirectory="8b8001ab-47ec-4b35-a02c-6fdbf15fc6b0" />    <UnitTestResult executionId="b32618e0-654a-493d-bace-ba9e4c2c68f9" testId="6c70d5eb-3a0d-4028-0836-da5c44aac304" testName="Salesforce_TestEvaluationDeltaAddEntryWithEmptyLast" computerName="PRANAY-TEST" duration="00:00:02.9201172" startTime="2014-08-08T11:51:02.4868691-07:00" endTime="2014-08-08T11:51:05.4068691-07:00" testType="13cdc9d9-ddb5-4fa4-a97d-d965ccfc6d4b" outcome="Passed" testListId="8c84fa94-04c1-424b-9868-57a2d4851a1d" relativeResultsDirectory="b32618e0-654a-493d-bace-ba9e4c2c68f9" />    <UnitTestResult executionId="956e93dd-f169-474a-b96e-fca69c1ace9f" testId="e15155ad-2ca9-c6a0-7b74-393cf6a52d84" testName="Salesforce_TestEvaluationDeltaAddUpdateEntryWithEmptyLast" computerName="PRANAY-TEST" duration="00:00:02.5940581" startTime="2014-08-08T11:51:05.4068691-07:00" endTime="2014-08-08T11:51:08.0018691-07:00" testType="13cdc9d9-ddb5-4fa4-a97d-d965ccfc6d4b" outcome="Passed" testListId="8c84fa94-04c1-424b-9868-57a2d4851a1d" relativeResultsDirectory="956e93dd-f169-474a-b96e-fca69c1ace9f" />    <UnitTestResult executionId="6a99145c-7bc7-4e72-8dc3-7e1897944acd" testId="ce4a17e4-e7bd-49f8-9f79-269e2d393b65" testName="Salesforce_TestEvaluationDeltaAddUpdateEntrySoftMatchEmail" computerName="PRANAY-TEST" duration="00:00:02.6897295" startTime="2014-08-08T11:51:08.0018691-07:00" endTime="2014-08-08T11:51:10.6918691-07:00" testType="13cdc9d9-ddb5-4fa4-a97d-d965ccfc6d4b" outcome="Passed" testListId="8c84fa94-04c1-424b-9868-57a2d4851a1d" relativeResultsDirectory="6a99145c-7bc7-4e72-8dc3-7e1897944acd" />    <UnitTestResult executionId="4da27718-1645-4c6e-9a49-eaf95ae71f2e" testId="133f4025-27bd-954b-fbd4-812838db0b33" testName="Salesforce_TestEvaluationDeltaAddEntrySoftDeleteReactivation" computerName="PRANAY-TEST" duration="00:00:02.9242463" startTime="2014-08-08T11:51:10.6918691-07:00" endTime="2014-08-08T11:51:13.6158691-07:00" testType="13cdc9d9-ddb5-4fa4-a97d-d965ccfc6d4b" outcome="Passed" testListId="8c84fa94-04c1-424b-9868-57a2d4851a1d" relativeResultsDirectory="4da27718-1645-4c6e-9a49-eaf95ae71f2e" />    <UnitTestResult executionId="fd6cbcd8-9c72-440e-bc15-c69597b1ab83" testId="489c968b-b880-5fc8-bd0b-6eba1dfa4aa5" testName="Salesforce_TestEvaluationDeltaDeleteEntry" computerName="PRANAY-TEST" duration="00:00:02.5279422" startTime="2014-08-08T11:51:13.6158691-07:00" endTime="2014-08-08T11:51:16.1448691-07:00" testType="13cdc9d9-ddb5-4fa4-a97d-d965ccfc6d4b" outcome="Passed" testListId="8c84fa94-04c1-424b-9868-57a2d4851a1d" relativeResultsDirectory="fd6cbcd8-9c72-440e-bc15-c69597b1ab83" />    <UnitTestResult executionId="4a9d31d9-42b9-48f2-aa0e-53e7ee1187ad" testId="fb9792fa-75e3-20db-19bd-ef45b841138e" testName="Salesforce_NewCorp_TestEvaluationDeltaAddEntry" computerName="PRANAY-TEST" duration="00:00:02.3793420" startTime="2014-08-08T11:51:16.1448691-07:00" endTime="2014-08-08T11:51:18.5238691-07:00" testType="13cdc9d9-ddb5-4fa4-a97d-d965ccfc6d4b" outcome="Passed" testListId="8c84fa94-04c1-424b-9868-57a2d4851a1d" relativeResultsDirectory="4a9d31d9-42b9-48f2-aa0e-53e7ee1187ad" />    <UnitTestResult executionId="949ce1e6-6fb0-4d20-ad8b-b8c836c68720" testId="5508897a-23b9-1a65-d1ac-d3e0b8b09507" testName="SalesforceSandbox_NewCorp_TestEvaluationDeltaAddEntry" computerName="PRANAY-TEST" duration="00:00:01.9921299" startTime="2014-08-08T11:51:18.5238691-07:00" endTime="2014-08-08T11:51:20.5238691-07:00" testType="13cdc9d9-ddb5-4fa4-a97d-d965ccfc6d4b" outcome="Passed" testListId="8c84fa94-04c1-424b-9868-57a2d4851a1d" relativeResultsDirectory="949ce1e6-6fb0-4d20-ad8b-b8c836c68720" />    <UnitTestResult executionId="9a0c1920-cc74-4c74-94db-1a33e54a3ba3" testId="d356ddf5-0e19-09c0-c2fa-f401bec05e78" testName="TestEvaluationAddEntry" computerName="PRANAY-TEST" duration="00:00:00.2417246" startTime="2014-08-08T11:51:20.5238691-07:00" endTime="2014-08-08T11:51:20.7668691-07:00" testType="13cdc9d9-ddb5-4fa4-a97d-d965ccfc6d4b" outcome="Passed" testListId="8c84fa94-04c1-424b-9868-57a2d4851a1d" relativeResultsDirectory="9a0c1920-cc74-4c74-94db-1a33e54a3ba3" />    <UnitTestResult executionId="eff5603b-b2c5-420c-b9b8-977463e9b393" testId="a6ccdbec-7c1b-7248-8151-1e4172fe1694" testName="TestEvaluationAddEntriesFullImport" computerName="PRANAY-TEST" duration="00:00:02.0459857" startTime="2014-08-08T11:51:20.7668691-07:00" endTime="2014-08-08T11:51:22.8138691-07:00" testType="13cdc9d9-ddb5-4fa4-a97d-d965ccfc6d4b" outcome="Passed" testListId="8c84fa94-04c1-424b-9868-57a2d4851a1d" relativeResultsDirectory="eff5603b-b2c5-420c-b9b8-977463e9b393" />    <UnitTestResult executionId="f72d31ae-515b-4603-8a5d-b54e6f4fc727" testId="37e1099d-2930-51bf-2b04-45431403a844" testName="TestEvaluationAddEntry" computerName="PRANAY-TEST" duration="00:00:01.4823264" startTime="2014-08-08T11:51:22.8138691-07:00" endTime="2014-08-08T11:51:24.2958691-07:00" testType="13cdc9d9-ddb5-4fa4-a97d-d965ccfc6d4b" outcome="Passed" testListId="8c84fa94-04c1-424b-9868-57a2d4851a1d" relativeResultsDirectory="f72d31ae-515b-4603-8a5d-b54e6f4fc727" />    <UnitTestResult executionId="216aec9d-c64d-4c8c-be5d-3f1777f6dd2b" testId="bcf322c6-9d9c-e86e-0623-1328f8498152" testName="TestEvaluationAddEntryForExistingSoftDeletedUser" computerName="PRANAY-TEST" duration="00:00:01.2353571" startTime="2014-08-08T11:51:24.2958691-07:00" endTime="2014-08-08T11:51:25.5318691-07:00" testType="13cdc9d9-ddb5-4fa4-a97d-d965ccfc6d4b" outcome="Passed" testListId="8c84fa94-04c1-424b-9868-57a2d4851a1d" relativeResultsDirectory="216aec9d-c64d-4c8c-be5d-3f1777f6dd2b" />    <UnitTestResult executionId="d54d1291-41bc-494d-baa6-1278b8611468" testId="dca28467-50ab-e2d2-6db6-df0eb8172821" testName="TestEvaluationAddUpdateEntryWithEntitlements" computerName="PRANAY-TEST" duration="00:00:02.5685567" startTime="2014-08-08T11:51:25.5318691-07:00" endTime="2014-08-08T11:51:28.1008691-07:00" testType="13cdc9d9-ddb5-4fa4-a97d-d965ccfc6d4b" outcome="Passed" testListId="8c84fa94-04c1-424b-9868-57a2d4851a1d" relativeResultsDirectory="d54d1291-41bc-494d-baa6-1278b8611468" />    <UnitTestResult executionId="29a00a75-035b-400c-90a2-7d7f66f562f7" testId="c2939ce9-c8dd-1b53-453e-34eece35106c" testName="TestEvaluationAddEntryWithLastNameEmpty" computerName="PRANAY-TEST" duration="00:00:01.3986695" startTime="2014-08-08T11:51:28.1008691-07:00" endTime="2014-08-08T11:51:29.4998691-07:00" testType="13cdc9d9-ddb5-4fa4-a97d-d965ccfc6d4b" outcome="Passed" testListId="8c84fa94-04c1-424b-9868-57a2d4851a1d" relativeResultsDirectory="29a00a75-035b-400c-90a2-7d7f66f562f7" />    <UnitTestResult executionId="375773ce-a345-4559-b2fe-934b8e423349" testId="c0fdd524-ebb4-4c6f-1ae1-8480f8bc304c" testName="TestEvaluationAddUpdateEntryWithLastNameEmpty" computerName="PRANAY-TEST" duration="00:00:01.4665871" startTime="2014-08-08T11:51:29.4998691-07:00" endTime="2014-08-08T11:51:30.9668691-07:00" testType="13cdc9d9-ddb5-4fa4-a97d-d965ccfc6d4b" outcome="Passed" testListId="8c84fa94-04c1-424b-9868-57a2d4851a1d" relativeResultsDirectory="375773ce-a345-4559-b2fe-934b8e423349" />    <UnitTestResult executionId="07195a52-7021-434c-b2cb-3aa2310ffc6b" testId="34aae3b4-4dbb-a429-3b4c-908d986b466e" testName="TestEvaluationDeleteEntry" computerName="PRANAY-TEST" duration="00:00:01.1381209" startTime="2014-08-08T11:51:30.9668691-07:00" endTime="2014-08-08T11:51:32.1048691-07:00" testType="13cdc9d9-ddb5-4fa4-a97d-d965ccfc6d4b" outcome="Passed" testListId="8c84fa94-04c1-424b-9868-57a2d4851a1d" relativeResultsDirectory="07195a52-7021-434c-b2cb-3aa2310ffc6b" />    <UnitTestResult executionId="1eb44a47-7aa4-4afc-8c91-fa394e9d97b8" testId="1aa8b70a-b8eb-cae3-a307-3dbd4f25086c" testName="TestEvaluationDeleteAdminEntry" computerName="PRANAY-TEST" duration="00:00:01.0417693" startTime="2014-08-08T11:51:32.1048691-07:00" endTime="2014-08-08T11:51:33.1468691-07:00" testType="13cdc9d9-ddb5-4fa4-a97d-d965ccfc6d4b" outcome="Passed" testListId="8c84fa94-04c1-424b-9868-57a2d4851a1d" relativeResultsDirectory="1eb44a47-7aa4-4afc-8c91-fa394e9d97b8" />    <UnitTestResult executionId="6aba72b4-b239-4a09-88c0-741a0224e4b6" testId="e641d876-5e5a-c584-d6d1-cc06b1218347" testName="TestEvaluationUpdateEntryAddProperty" computerName="PRANAY-TEST" duration="00:00:00.6760678" startTime="2014-08-08T11:51:33.1468691-07:00" endTime="2014-08-08T11:51:33.8238691-07:00" testType="13cdc9d9-ddb5-4fa4-a97d-d965ccfc6d4b" outcome="Passed" testListId="8c84fa94-04c1-424b-9868-57a2d4851a1d" relativeResultsDirectory="6aba72b4-b239-4a09-88c0-741a0224e4b6" />    <UnitTestResult executionId="95d5d3ae-dab7-4667-973f-1d343fb34e7b" testId="4b6aef25-149d-bb6d-7b29-a5a7f15e7ee4" testName="TestEvaluationUpdateEntry" computerName="PRANAY-TEST" duration="00:00:02.4889873" startTime="2014-08-08T11:51:33.8238691-07:00" endTime="2014-08-08T11:51:36.3128691-07:00" testType="13cdc9d9-ddb5-4fa4-a97d-d965ccfc6d4b" outcome="Passed" testListId="8c84fa94-04c1-424b-9868-57a2d4851a1d" relativeResultsDirectory="95d5d3ae-dab7-4667-973f-1d343fb34e7b" />    <UnitTestResult executionId="cb8d1884-d6c6-40c1-9e1d-40150992a713" testId="aecf9cf5-4d17-afeb-52be-72d9e2818a7e" testName="TestEvaluationUpdateEntryModifyJoiningProperty" computerName="PRANAY-TEST" duration="00:00:01.1112790" startTime="2014-08-08T11:51:36.3128691-07:00" endTime="2014-08-08T11:51:37.4248691-07:00" testType="13cdc9d9-ddb5-4fa4-a97d-d965ccfc6d4b" outcome="Passed" testListId="8c84fa94-04c1-424b-9868-57a2d4851a1d" relativeResultsDirectory="cb8d1884-d6c6-40c1-9e1d-40150992a713" />    <UnitTestResult executionId="13ae8ea8-0a9d-4d0c-aa5a-9d5b819ad9eb" testId="2bf76d00-0b2d-4d2a-ed7b-40b84b94f276" testName="TestEvaluationUpdateEntryModifyPropertyAddValue" computerName="PRANAY-TEST" duration="00:00:00.7221887" startTime="2014-08-08T11:51:37.4248691-07:00" endTime="2014-08-08T11:51:38.1468691-07:00" testType="13cdc9d9-ddb5-4fa4-a97d-d965ccfc6d4b" outcome="Passed" testListId="8c84fa94-04c1-424b-9868-57a2d4851a1d" relativeResultsDirectory="13ae8ea8-0a9d-4d0c-aa5a-9d5b819ad9eb" />    <UnitTestResult executionId="98365ec7-c06b-4fd3-8540-4c6dd9cc4c69" testId="aaf7673c-3690-47d3-6bb5-482c5f24f213" testName="TestEvaluationUpdateEntryModifyPropertyChangeEmptyPluralValue" computerName="PRANAY-TEST" duration="00:00:00.7175141" startTime="2014-08-08T11:51:38.1478691-07:00" endTime="2014-08-08T11:51:38.8648691-07:00" testType="13cdc9d9-ddb5-4fa4-a97d-d965ccfc6d4b" outcome="Passed" testListId="8c84fa94-04c1-424b-9868-57a2d4851a1d" relativeResultsDirectory="98365ec7-c06b-4fd3-8540-4c6dd9cc4c69" />    <UnitTestResult executionId="f1263a78-4438-4722-9ca2-41f2238dde67" testId="6c61fe55-e50a-5bef-e67f-90b4f89cdc54" testName="TestEvaluationUpdateEntryModifyPropertyChangeEmptySingleValue" computerName="PRANAY-TEST" duration="00:00:00.7087133" startTime="2014-08-08T11:51:38.8648691-07:00" endTime="2014-08-08T11:51:39.5738691-07:00" testType="13cdc9d9-ddb5-4fa4-a97d-d965ccfc6d4b" outcome="Passed" testListId="8c84fa94-04c1-424b-9868-57a2d4851a1d" relativeResultsDirectory="f1263a78-4438-4722-9ca2-41f2238dde67" />    <UnitTestResult executionId="dc474476-9608-4696-a74b-d5f1ebd86b5f" testId="9876eb3a-4910-7af4-5024-31e212a1cbdc" testName="TestEvaluationUpdateEntryModifyPropertyChangePluralValue" computerName="PRANAY-TEST" duration="00:00:00.7941767" startTime="2014-08-08T11:51:39.5748691-07:00" endTime="2014-08-08T11:51:40.3688691-07:00" testType="13cdc9d9-ddb5-4fa4-a97d-d965ccfc6d4b" outcome="Passed" testListId="8c84fa94-04c1-424b-9868-57a2d4851a1d" relativeResultsDirectory="dc474476-9608-4696-a74b-d5f1ebd86b5f" />    <UnitTestResult executionId="79073cec-c25e-41f8-bbae-9d86c9390b60" testId="b7625cf1-b610-5d13-4f12-32d6876d6336" testName="TestEvaluationUpdateEntryModifyPropertyChangeSingleValue" computerName="PRANAY-TEST" duration="00:00:00.7028134" startTime="2014-08-08T11:51:40.3688691-07:00" endTime="2014-08-08T11:51:41.0718691-07:00" testType="13cdc9d9-ddb5-4fa4-a97d-d965ccfc6d4b" outcome="Passed" testListId="8c84fa94-04c1-424b-9868-57a2d4851a1d" relativeResultsDirectory="79073cec-c25e-41f8-bbae-9d86c9390b60" />    <UnitTestResult executionId="a072ec17-8f18-42cc-a202-983dc99ffe37" testId="b4c8e0ce-bbde-31a2-0dfc-06e4ee0b7201" testName="TestEvaluationUpdateEntryRemoveProperty" computerName="PRANAY-TEST" duration="00:00:01.0235485" startTime="2014-08-08T11:51:41.0718691-07:00" endTime="2014-08-08T11:51:42.0958691-07:00" testType="13cdc9d9-ddb5-4fa4-a97d-d965ccfc6d4b" outcome="Passed" testListId="8c84fa94-04c1-424b-9868-57a2d4851a1d" relativeResultsDirectory="a072ec17-8f18-42cc-a202-983dc99ffe37" />    <UnitTestResult executionId="f1551e21-b3fd-4b45-b3a5-1f120f241faf" testId="ec73293f-e87e-9a28-c7ec-c7e7a51aecd2" testName="TestEvaluationUpdateEntryModifyPropertyRemoveValue" computerName="PRANAY-TEST" duration="00:00:00.7866531" startTime="2014-08-08T11:51:42.0958691-07:00" endTime="2014-08-08T11:51:42.8828691-07:00" testType="13cdc9d9-ddb5-4fa4-a97d-d965ccfc6d4b" outcome="Passed" testListId="8c84fa94-04c1-424b-9868-57a2d4851a1d" relativeResultsDirectory="f1551e21-b3fd-4b45-b3a5-1f120f241faf" />    <UnitTestResult executionId="be4772d4-3f25-4144-ac07-1911334662e1" testId="4831ce1f-f2db-4c4d-9f80-ff2586afc23c" testName="TestEvaluationUpdateEntryReplaceProperty" computerName="PRANAY-TEST" duration="00:00:00.7513280" startTime="2014-08-08T11:51:42.8828691-07:00" endTime="2014-08-08T11:51:43.6348691-07:00" testType="13cdc9d9-ddb5-4fa4-a97d-d965ccfc6d4b" outcome="Passed" testListId="8c84fa94-04c1-424b-9868-57a2d4851a1d" relativeResultsDirectory="be4772d4-3f25-4144-ac07-1911334662e1" />    <UnitTestResult executionId="69f70749-e5e7-415a-a286-a939b4133478" testId="b04e7110-5a79-ead1-0b2d-421790c1c9a0" testName="TestEvaluationAddEntriesFullImport" computerName="PRANAY-TEST" duration="00:00:05.2569639" startTime="2014-08-08T11:51:43.6348691-07:00" endTime="2014-08-08T11:51:48.8918691-07:00" testType="13cdc9d9-ddb5-4fa4-a97d-d965ccfc6d4b" outcome="Passed" testListId="8c84fa94-04c1-424b-9868-57a2d4851a1d" relativeResultsDirectory="69f70749-e5e7-415a-a286-a939b4133478" />    <UnitTestResult executionId="0fe1126d-5cbc-4b59-95a3-90f6a05ae36d" testId="0d727253-2a41-8689-dfc6-0370fb4678e3" testName="TestEntryMappingFunctionReplaceProcessing" computerName="PRANAY-TEST" duration="00:00:02.8022689" startTime="2014-08-08T11:51:48.8918691-07:00" endTime="2014-08-08T11:51:51.6948691-07:00" testType="13cdc9d9-ddb5-4fa4-a97d-d965ccfc6d4b" outcome="Passed" testListId="8c84fa94-04c1-424b-9868-57a2d4851a1d" relativeResultsDirectory="0fe1126d-5cbc-4b59-95a3-90f6a05ae36d" />    <UnitTestResult executionId="2bbf5544-b559-4437-93c2-2c96049c5c53" testId="aad8092e-7726-fd6d-1c2e-3c1a51611329" testName="TestEntryMappingFunctionDictionaryProcessing" computerName="PRANAY-TEST" duration="00:00:00.0020464" startTime="2014-08-08T11:51:51.6948691-07:00" endTime="2014-08-08T11:51:51.6978691-07:00" testType="13cdc9d9-ddb5-4fa4-a97d-d965ccfc6d4b" outcome="Passed" testListId="8c84fa94-04c1-424b-9868-57a2d4851a1d" relativeResultsDirectory="2bbf5544-b559-4437-93c2-2c96049c5c53" />    <UnitTestResult executionId="9589e2a3-386c-4f13-8ceb-231e212abca0" testId="61712ccb-1eb1-bed1-cdbc-971301eaab09" testName="TestEntryMappingFunctionSwitchProcessing" computerName="PRANAY-TEST" duration="00:00:00.0074084" startTime="2014-08-08T11:51:51.6978691-07:00" endTime="2014-08-08T11:51:51.7048691-07:00" testType="13cdc9d9-ddb5-4fa4-a97d-d965ccfc6d4b" outcome="Passed" testListId="8c84fa94-04c1-424b-9868-57a2d4851a1d" relativeResultsDirectory="9589e2a3-386c-4f13-8ceb-231e212abca0" />    <UnitTestResult executionId="9d6f4ea3-4071-48a7-b6c0-818d43af59a6" testId="27937de2-b44e-f2c7-a270-383b2fc7d892" testName="TestEntryMappingFunctionNaryOperatorConcatenateProcessing" computerName="PRANAY-TEST" duration="00:00:00.0022200" startTime="2014-08-08T11:51:51.7048691-07:00" endTime="2014-08-08T11:51:51.7078691-07:00" testType="13cdc9d9-ddb5-4fa4-a97d-d965ccfc6d4b" outcome="Passed" testListId="8c84fa94-04c1-424b-9868-57a2d4851a1d" relativeResultsDirectory="9d6f4ea3-4071-48a7-b6c0-818d43af59a6" />    <UnitTestResult executionId="e2fc7b92-98f4-471b-957e-bd5bfa002bb2" testId="80f7ea4b-b051-1cb3-0bce-bfe18bb3a52a" testName="TestSchedule" computerName="PRANAY-TEST" duration="00:01:00.3272997" startTime="2014-08-08T11:37:36.7858691-07:00" endTime="2014-08-08T11:38:37.1548691-07:00" testType="13cdc9d9-ddb5-4fa4-a97d-d965ccfc6d4b" outcome="Passed" testListId="8c84fa94-04c1-424b-9868-57a2d4851a1d" relativeResultsDirectory="e2fc7b92-98f4-471b-957e-bd5bfa002bb2" />    <UnitTestResult executionId="60f0c6ef-d240-4b8b-8c0c-efa0695e4542" testId="4238bff1-0553-0361-e7b1-593798ef598d" testName="TestMatchProfile" computerName="PRANAY-TEST" duration="00:00:53.4458629" startTime="2014-08-08T11:37:44.5958691-07:00" endTime="2014-08-08T11:38:38.1208691-07:00" testType="13cdc9d9-ddb5-4fa4-a97d-d965ccfc6d4b" outcome="Passed" testListId="8c84fa94-04c1-424b-9868-57a2d4851a1d" relativeResultsDirectory="60f0c6ef-d240-4b8b-8c0c-efa0695e4542" />    <UnitTestResult executionId="70b59400-cfba-4cac-821f-52b9335afdff" testId="975d9ec3-8d37-f50b-6de5-3a6a8dcbea98" testName="TestUpdate" computerName="PRANAY-TEST" duration="00:00:03.1336334" startTime="2014-08-08T11:38:38.1558691-07:00" endTime="2014-08-08T11:38:41.2898691-07:00" testType="13cdc9d9-ddb5-4fa4-a97d-d965ccfc6d4b" outcome="Passed" testListId="8c84fa94-04c1-424b-9868-57a2d4851a1d" relativeResultsDirectory="70b59400-cfba-4cac-821f-52b9335afdff" />    <UnitTestResult executionId="e2176a6a-1147-4b64-ab81-13217cb685dc" testId="3329b68e-2e30-cf77-779a-36597daab0fb" testName="TestCounters" computerName="PRANAY-TEST" duration="00:00:57.3298385" startTime="2014-08-08T11:37:45.0318691-07:00" endTime="2014-08-08T11:38:42.4288691-07:00" testType="13cdc9d9-ddb5-4fa4-a97d-d965ccfc6d4b" outcome="Passed" testListId="8c84fa94-04c1-424b-9868-57a2d4851a1d" relativeResultsDirectory="e2176a6a-1147-4b64-ab81-13217cb685dc" />    <UnitTestResult executionId="6e78593d-cc19-4ac5-912a-1d5ffa99258d" testId="c7594f63-1d95-932f-ebf8-6fee8ae5f1d6" testName="TestInstall" computerName="PRANAY-TEST" duration="00:00:00.0039469" startTime="2014-08-08T11:38:42.4498691-07:00" endTime="2014-08-08T11:38:42.4538691-07:00" testType="13cdc9d9-ddb5-4fa4-a97d-d965ccfc6d4b" outcome="Passed" testListId="8c84fa94-04c1-424b-9868-57a2d4851a1d" relativeResultsDirectory="6e78593d-cc19-4ac5-912a-1d5ffa99258d" />    <UnitTestResult executionId="82e27583-b0fe-4799-9944-eab514c09102" testId="8e8e4105-54e3-eed8-a91b-b02f9924765b" testName="TestCounters" computerName="PRANAY-TEST" duration="00:00:08.4379293" startTime="2014-08-08T11:38:42.4548691-07:00" endTime="2014-08-08T11:38:50.8928691-07:00" testType="13cdc9d9-ddb5-4fa4-a97d-d965ccfc6d4b" outcome="Passed" testListId="8c84fa94-04c1-424b-9868-57a2d4851a1d" relativeResultsDirectory="82e27583-b0fe-4799-9944-eab514c09102" />    <UnitTestResult executionId="b6ffa71f-1985-4b1c-afd4-8e6e3c631f77" testId="60bd7cb7-cfab-96c7-8f86-602f14379c86" testName="TestInstall" computerName="PRANAY-TEST" duration="00:00:00.0023844" startTime="2014-08-08T11:38:50.8928691-07:00" endTime="2014-08-08T11:38:50.8958691-07:00" testType="13cdc9d9-ddb5-4fa4-a97d-d965ccfc6d4b" outcome="Passed" testListId="8c84fa94-04c1-424b-9868-57a2d4851a1d" relativeResultsDirectory="b6ffa71f-1985-4b1c-afd4-8e6e3c631f77" />    <UnitTestResult executionId="5765abca-0cb4-45cb-a463-6737f11bbb39" testId="19bc69df-94b7-be20-df68-978042d555f0" testName="TestCounters" computerName="PRANAY-TEST" duration="00:00:04.0037233" startTime="2014-08-08T11:38:50.8958691-07:00" endTime="2014-08-08T11:38:54.8998691-07:00" testType="13cdc9d9-ddb5-4fa4-a97d-d965ccfc6d4b" outcome="Passed" testListId="8c84fa94-04c1-424b-9868-57a2d4851a1d" relativeResultsDirectory="5765abca-0cb4-45cb-a463-6737f11bbb39" />    <UnitTestResult executionId="a6e66f8b-550a-4661-8032-c8abd3f8476c" testId="cc122031-3070-be10-779a-aa473cba7b71" testName="TestInstall" computerName="PRANAY-TEST" duration="00:00:00.0023055" startTime="2014-08-08T11:38:54.9008691-07:00" endTime="2014-08-08T11:38:54.9038691-07:00" testType="13cdc9d9-ddb5-4fa4-a97d-d965ccfc6d4b" outcome="Passed" testListId="8c84fa94-04c1-424b-9868-57a2d4851a1d" relativeResultsDirectory="a6e66f8b-550a-4661-8032-c8abd3f8476c" />    <UnitTestResult executionId="22bd8fd4-0ed1-43b3-8c3f-c791da4cad6e" testId="f40f2b0d-5375-7deb-4ac2-b251f490b226" testName="TestCounters" computerName="PRANAY-TEST" duration="00:00:02.6189406" startTime="2014-08-08T11:38:54.9038691-07:00" endTime="2014-08-08T11:38:57.5228691-07:00" testType="13cdc9d9-ddb5-4fa4-a97d-d965ccfc6d4b" outcome="Passed" testListId="8c84fa94-04c1-424b-9868-57a2d4851a1d" relativeResultsDirectory="22bd8fd4-0ed1-43b3-8c3f-c791da4cad6e" />    <UnitTestResult executionId="8ee74066-f3fc-42bb-94d3-a652910c234f" testId="c8f51442-52b0-1aa0-fd33-ff84413a6623" testName="TestInstall" computerName="PRANAY-TEST" duration="00:00:00.0063052" startTime="2014-08-08T11:38:57.5238691-07:00" endTime="2014-08-08T11:38:57.5298691-07:00" testType="13cdc9d9-ddb5-4fa4-a97d-d965ccfc6d4b" outcome="Passed" testListId="8c84fa94-04c1-424b-9868-57a2d4851a1d" relativeResultsDirectory="8ee74066-f3fc-42bb-94d3-a652910c234f" />    <UnitTestResult executionId="58d1dd75-d1a8-4a86-9604-7ca75be1a6d8" testId="d62a7ab7-fde4-fb6c-2349-b807a2ce4c32" testName="EntitlementGranterUnitTestGrantEntitlementsFromContext" computerName="PRANAY-TEST" duration="00:00:52.3684312" startTime="2014-08-08T11:37:52.2258691-07:00" endTime="2014-08-08T11:38:45.2618691-07:00" testType="13cdc9d9-ddb5-4fa4-a97d-d965ccfc6d4b" outcome="Passed" testListId="8c84fa94-04c1-424b-9868-57a2d4851a1d" relativeResultsDirectory="58d1dd75-d1a8-4a86-9604-7ca75be1a6d8" />    <UnitTestResult executionId="0914ba3b-b81e-45fb-9424-527e1962f895" testId="ad04a017-3344-e3ce-e238-a65a7aa12376" testName="TestCategorizingEntitlements" computerName="PRANAY-TEST" duration="00:00:00.0028837" startTime="2014-08-08T11:38:45.2828691-07:00" endTime="2014-08-08T11:38:45.2868691-07:00" testType="13cdc9d9-ddb5-4fa4-a97d-d965ccfc6d4b" outcome="Passed" testListId="8c84fa94-04c1-424b-9868-57a2d4851a1d" relativeResultsDirectory="0914ba3b-b81e-45fb-9424-527e1962f895" />    <UnitTestResult executionId="27ee3605-d041-4993-939e-c4ba258c7021" testId="3a863c5f-cc30-5b58-f2fa-b40e249dc40d" testName="TestSerializingEntitlementGrants" computerName="PRANAY-TEST" duration="00:00:00.0253309" startTime="2014-08-08T11:38:45.2868691-07:00" endTime="2014-08-08T11:38:45.3118691-07:00" testType="13cdc9d9-ddb5-4fa4-a97d-d965ccfc6d4b" outcome="Passed" testListId="8c84fa94-04c1-424b-9868-57a2d4851a1d" relativeResultsDirectory="27ee3605-d041-4993-939e-c4ba258c7021" />    <UnitTestResult executionId="000014a3-c275-4f27-8e62-2eaf976ce0df" testId="5df5f99b-a925-e383-0d54-f3f35c0d8b18" testName="TestSerializingEntitlements" computerName="PRANAY-TEST" duration="00:00:00.0020198" startTime="2014-08-08T11:38:45.3118691-07:00" endTime="2014-08-08T11:38:45.3148691-07:00" testType="13cdc9d9-ddb5-4fa4-a97d-d965ccfc6d4b" outcome="Passed" testListId="8c84fa94-04c1-424b-9868-57a2d4851a1d" relativeResultsDirectory="000014a3-c275-4f27-8e62-2eaf976ce0df" />    <UnitTestResult executionId="7ea1c2c0-1755-4195-9f29-de21af269d98" testId="d54a60cc-1693-e88f-0a93-3cd5bb956a43" testName="TestDifferentialQueryWatermark" computerName="PRANAY-TEST" duration="00:00:06.4573870" startTime="2014-08-08T11:38:40.8978691-07:00" endTime="2014-08-08T11:38:49.4018691-07:00" testType="13cdc9d9-ddb5-4fa4-a97d-d965ccfc6d4b" outcome="Passed" testListId="8c84fa94-04c1-424b-9868-57a2d4851a1d" relativeResultsDirectory="7ea1c2c0-1755-4195-9f29-de21af269d98" />    <UnitTestResult executionId="3d9afec0-2669-4c09-b246-cd2d5b961102" testId="6d99f68a-c9a0-e966-8a8b-e7c4a7f11fdc" testName="TestDeltaImport" computerName="PRANAY-TEST" duration="00:01:22.1132042" startTime="2014-08-08T11:38:49.8208691-07:00" endTime="2014-08-08T11:40:11.9308691-07:00" testType="13cdc9d9-ddb5-4fa4-a97d-d965ccfc6d4b" outcome="Passed" testListId="8c84fa94-04c1-424b-9868-57a2d4851a1d" relativeResultsDirectory="3d9afec0-2669-4c09-b246-cd2d5b961102" />    <UnitTestResult executionId="86273a5b-2874-440e-9a08-989fb466a10a" testId="8ea3f5d9-be79-50f8-78ac-1ac4d6d30ab7" testName="TestExport" computerName="PRANAY-TEST" duration="00:04:38.2540960" startTime="2014-08-08T11:40:11.9438691-07:00" endTime="2014-08-08T11:44:50.1828691-07:00" testType="13cdc9d9-ddb5-4fa4-a97d-d965ccfc6d4b" outcome="Passed" testListId="8c84fa94-04c1-424b-9868-57a2d4851a1d" relativeResultsDirectory="86273a5b-2874-440e-9a08-989fb466a10a" />    <UnitTestResult executionId="5e7d5788-b78d-41b5-8a16-833302cfdb6f" testId="fc02a497-819a-3f32-2224-23488af73a07" testName="TestImportFullBoxOutboundProfile" computerName="PRANAY-TEST" duration="00:00:35.4132251" startTime="2014-08-08T11:44:50.1978691-07:00" endTime="2014-08-08T11:45:25.6098691-07:00" testType="13cdc9d9-ddb5-4fa4-a97d-d965ccfc6d4b" outcome="Passed" testListId="8c84fa94-04c1-424b-9868-57a2d4851a1d" relativeResultsDirectory="5e7d5788-b78d-41b5-8a16-833302cfdb6f" />    <UnitTestResult executionId="e85e22c3-edad-487e-b00a-5c57ed2d099c" testId="e1c4a37f-8828-fd4e-cd61-cc5c2bcbf4ff" testName="TestImportFullSalesForceOutboundProfile" computerName="PRANAY-TEST" duration="00:00:37.6355326" startTime="2014-08-08T11:45:25.6188691-07:00" endTime="2014-08-08T11:46:03.2528691-07:00" testType="13cdc9d9-ddb5-4fa4-a97d-d965ccfc6d4b" outcome="Passed" testListId="8c84fa94-04c1-424b-9868-57a2d4851a1d" relativeResultsDirectory="e85e22c3-edad-487e-b00a-5c57ed2d099c" />    <UnitTestResult executionId="21de5329-505d-4404-b726-6acf981a6f43" testId="530bd776-bb5e-db46-0c08-27e58ba5835c" testName="TestImportingByJoiningProperty" computerName="PRANAY-TEST" duration="00:00:59.6052893" startTime="2014-08-08T11:46:03.2608691-07:00" endTime="2014-08-08T11:47:02.8628691-07:00" testType="13cdc9d9-ddb5-4fa4-a97d-d965ccfc6d4b" outcome="Failed" testListId="8c84fa94-04c1-424b-9868-57a2d4851a1d" relativeResultsDirectory="21de5329-505d-4404-b726-6acf981a6f43">      <Output>        <ErrorInfo>          <Message>Test method Microsoft.ActiveDirectory.Connector.Test.MicrosoftOnlineDirectoryServiceGraphProxyAdapterUnitTest.TestImportingByJoiningProperty threw exception: System.InvalidOperationException: Sequence contains no matching element</Message>          <StackTrace>    at System.Linq.Enumerable.Single[TSource](IEnumerable`1 source, Func`2 predicate)   at Microsoft.ActiveDirectory.Connector.MicrosoftOnlineDirectoryServiceProxyAdapterGraph.IdentifyDefaultDomain() in f:\src\Adiam_Cloud_Nightly_Tester\sources\dev\Services\SyncFabric\Controller\RunProfile\AzureDirectory\MicrosoftOnlineDirectoryServiceProxyAdapterGraph.cs:line 884   at System.Threading.LazyInitializer.EnsureInitializedCore[T](T&amp; target, Func`1 valueFactory)   at System.Threading.LazyInitializer.EnsureInitialized[T](T&amp; target, Func`1 valueFactory)   at Microsoft.ActiveDirectory.Connector.MicrosoftOnlineDirectoryServiceProxyAdapterGraph.get_DefaultDomain() in f:\src\Adiam_Cloud_Nightly_Tester\sources\dev\Services\SyncFabric\Controller\RunProfile\AzureDirectory\MicrosoftOnlineDirectoryServiceProxyAdapterGraph.cs:line 186   at Microsoft.ActiveDirectory.Connector.MicrosoftOnlineDirectoryServiceProxyAdapterGraph.&lt;DoImport&gt;d__3d.MoveNext() in f:\src\Adiam_Cloud_Nightly_Tester\sources\dev\Services\SyncFabric\Controller\RunProfile\AzureDirectory\MicrosoftOnlineDirectoryServiceProxyAdapterGraph.cs:line 390   at Microsoft.ActiveDirectory.Connector.ProxyAdapterTemplate.&lt;Import&gt;d__1e.MoveNext() in f:\src\Adiam_Cloud_Nightly_Tester\sources\dev\Services\SyncFabric\Controller\RunProfile\ProxyAdapterTemplate.cs:line 542   at System.Linq.Enumerable.Any[TSource](IEnumerable`1 source)   at Microsoft.ActiveDirectory.Connector.Test.MicrosoftOnlineDirectoryServiceGraphProxyAdapterUnitTest.TestImportingByJoiningProperty(IProxyAdapter proxy) in f:\src\Adiam_Cloud_Nightly_Tester\sources\test\Services\SyncFabric\Controller\UnitTests\TestMsodsGraphProxyAdapter\MicrosoftOnlineDirectoryServiceGraphProxyAdapterUnitTest.cs:line 630   at Microsoft.ActiveDirectory.Connector.Test.MicrosoftOnlineDirectoryServiceGraphProxyAdapterUnitTest.ExecuteTest(Action`1 test, PerformanceCounterCategoryFacade counters) in f:\src\Adiam_Cloud_Nightly_Tester\sources\test\Services\SyncFabric\Controller\UnitTests\TestMsodsGraphProxyAdapter\MicrosoftOnlineDirectoryServiceGraphProxyAdapterUnitTest.cs:line 1746   at Microsoft.ActiveDirectory.Connector.Test.MicrosoftOnlineDirectoryServiceGraphProxyAdapterUnitTest.TestImportingByJoiningProperty() in f:\src\Adiam_Cloud_Nightly_Tester\sources\test\Services\SyncFabric\Controller\UnitTests\TestMsodsGraphProxyAdapter\MicrosoftOnlineDirectoryServiceGraphProxyAdapterUnitTest.cs:line 2400</StackTrace>        </ErrorInfo>      </Output>    </UnitTestResult>    <UnitTestResult executionId="65f120a2-ef38-4444-a52d-0566e3d7e1bc" testId="d69cacd7-76cd-e3b3-0b3e-beb0b1e9e32c" testName="TestImportingDeltas" computerName="PRANAY-TEST" duration="00:03:17.7614204" startTime="2014-08-08T11:47:02.8758691-07:00" endTime="2014-08-08T11:50:20.6268691-07:00" testType="13cdc9d9-ddb5-4fa4-a97d-d965ccfc6d4b" outcome="Passed" testListId="8c84fa94-04c1-424b-9868-57a2d4851a1d" relativeResultsDirectory="65f120a2-ef38-4444-a52d-0566e3d7e1bc" />    <UnitTestResult executionId="8d295a3b-9551-4d01-95d1-e417b31f0d01" testId="b8d8be7b-85e8-23ce-f926-1d21f70bed79" testName="TestImportingPluralAttributes" computerName="PRANAY-TEST" duration="00:03:57.8699631" startTime="2014-08-08T11:50:20.6378691-07:00" endTime="2014-08-08T11:54:18.4948691-07:00" testType="13cdc9d9-ddb5-4fa4-a97d-d965ccfc6d4b" outcome="Passed" testListId="8c84fa94-04c1-424b-9868-57a2d4851a1d" relativeResultsDirectory="8d295a3b-9551-4d01-95d1-e417b31f0d01" />    <UnitTestResult executionId="7ef8c01f-fd3c-4cd1-a6b9-ee10ccda7389" testId="db6f10f8-6eea-e6a6-0b10-5df452de536b" testName="TestImportingReferences" computerName="PRANAY-TEST" duration="00:02:32.2169765" startTime="2014-08-08T11:54:18.5058691-07:00" endTime="2014-08-08T11:56:50.7148691-07:00" testType="13cdc9d9-ddb5-4fa4-a97d-d965ccfc6d4b" outcome="Passed" testListId="8c84fa94-04c1-424b-9868-57a2d4851a1d" relativeResultsDirectory="7ef8c01f-fd3c-4cd1-a6b9-ee10ccda7389" />    <UnitTestResult executionId="ad77842c-de74-4b4f-babd-cc2af0ebad92" testId="0de871b3-8216-81a4-99e8-8422673d63fc" testName="TestImportingSoftDeletes" computerName="PRANAY-TEST" duration="00:02:42.5222707" startTime="2014-08-08T11:56:50.7268691-07:00" endTime="2014-08-08T11:59:33.2408691-07:00" testType="13cdc9d9-ddb5-4fa4-a97d-d965ccfc6d4b" outcome="Passed" testListId="8c84fa94-04c1-424b-9868-57a2d4851a1d" relativeResultsDirectory="ad77842c-de74-4b4f-babd-cc2af0ebad92" />    <UnitTestResult executionId="3e11cb86-f159-40ae-8d0e-84cbc447b907" testId="f8603f2f-c400-71f6-18e9-dc2a12f786fb" testName="TestImportingSystemObjects" computerName="PRANAY-TEST" duration="00:00:01.1135910" startTime="2014-08-08T11:59:33.2518691-07:00" endTime="2014-08-08T11:59:34.3668691-07:00" testType="13cdc9d9-ddb5-4fa4-a97d-d965ccfc6d4b" outcome="Passed" testListId="8c84fa94-04c1-424b-9868-57a2d4851a1d" relativeResultsDirectory="3e11cb86-f159-40ae-8d0e-84cbc447b907" />    <UnitTestResult executionId="5d1d6c93-3b67-4f18-b01f-5898c8e3c959" testId="ab8de816-35c8-4afc-3718-aa6e536880d5" testName="TestImportingTenantDetail" computerName="PRANAY-TEST" duration="00:00:00.0534131" startTime="2014-08-08T11:59:34.3688691-07:00" endTime="2014-08-08T11:59:34.4228691-07:00" testType="13cdc9d9-ddb5-4fa4-a97d-d965ccfc6d4b" outcome="Failed" testListId="8c84fa94-04c1-424b-9868-57a2d4851a1d" relativeResultsDirectory="5d1d6c93-3b67-4f18-b01f-5898c8e3c959">      <Output>        <ErrorInfo>          <Message>Assert.IsTrue failed. </Message>          <StackTrace>   at Microsoft.ActiveDirectory.Connector.Test.MicrosoftOnlineDirectoryServiceGraphProxyAdapterUnitTest.TestImportingTenantDetail() in f:\src\Adiam_Cloud_Nightly_Tester\sources\test\Services\SyncFabric\Controller\UnitTests\TestMsodsGraphProxyAdapter\MicrosoftOnlineDirectoryServiceGraphProxyAdapterUnitTest.cs:line 2605</StackTrace>        </ErrorInfo>      </Output>    </UnitTestResult>    <UnitTestResult executionId="82d97f73-adf7-4332-bcd2-28df372376a1" testId="345e8fda-ddf3-519c-f560-86229247ca00" testName="TestEscrow" computerName="PRANAY-TEST" duration="00:01:15.3496626" startTime="2014-08-08T11:37:39.3938691-07:00" endTime="2014-08-08T11:38:54.8128691-07:00" testType="13cdc9d9-ddb5-4fa4-a97d-d965ccfc6d4b" outcome="Failed" testListId="8c84fa94-04c1-424b-9868-57a2d4851a1d" relativeResultsDirectory="82d97f73-adf7-4332-bcd2-28df372376a1">      <Output>        <ErrorInfo>          <Message>Assert.IsFalse failed. </Message>          <StackTrace>   at Microsoft.ActiveDirectory.Connector.Test.BoxProxyAdapterUnitTest.DoDelete() in f:\src\Adiam_Cloud_Nightly_Tester\sources\test\Services\SyncFabric\Controller\UnitTests\TestBoxProxyAdapter\BoxProxyAdapterUnitTest.cs:line 178   at Microsoft.ActiveDirectory.Connector.Test.BoxProxyAdapterUnitTest.TestEscrow() in f:\src\Adiam_Cloud_Nightly_Tester\sources\test\Services\SyncFabric\Controller\UnitTests\TestBoxProxyAdapter\BoxProxyAdapterUnitTest.cs:line 543</StackTrace>        </ErrorInfo>      </Output>    </UnitTestResult>    <UnitTestResult executionId="26b4c449-ee23-42d9-ba6d-7f67abeceb7f" testId="0ad8c3ed-bfa6-8fb3-ada9-8cf2e29f0424" testName="TestExport" computerName="PRANAY-TEST" duration="00:01:11.2491377" startTime="2014-08-08T11:38:54.8378691-07:00" endTime="2014-08-08T11:40:06.0838691-07:00" testType="13cdc9d9-ddb5-4fa4-a97d-d965ccfc6d4b" outcome="Passed" testListId="8c84fa94-04c1-424b-9868-57a2d4851a1d" relativeResultsDirectory="26b4c449-ee23-42d9-ba6d-7f67abeceb7f" />    <UnitTestResult executionId="577b0c3d-8efd-4cc1-a3d7-b9b530940cd1" testId="1c24e08b-ed42-df7a-bfad-c0e2d3a516f0" testName="TestUpdateLogin" computerName="PRANAY-TEST" duration="00:01:22.6215698" startTime="2014-08-08T11:40:06.0848691-07:00" endTime="2014-08-08T11:41:28.7018691-07:00" testType="13cdc9d9-ddb5-4fa4-a97d-d965ccfc6d4b" outcome="Passed" testListId="8c84fa94-04c1-424b-9868-57a2d4851a1d" relativeResultsDirectory="577b0c3d-8efd-4cc1-a3d7-b9b530940cd1" />    <UnitTestResult executionId="6d41b463-e9e5-47ad-88b9-8e38a57b6847" testId="9bf87213-bccd-5958-dac6-871db8f8672f" testName="TestFullImport" computerName="PRANAY-TEST" duration="00:00:31.3618658" startTime="2014-08-08T11:41:28.7028691-07:00" endTime="2014-08-08T11:42:00.0628691-07:00" testType="13cdc9d9-ddb5-4fa4-a97d-d965ccfc6d4b" outcome="Passed" testListId="8c84fa94-04c1-424b-9868-57a2d4851a1d" relativeResultsDirectory="6d41b463-e9e5-47ad-88b9-8e38a57b6847" />    <UnitTestResult executionId="d8737c3a-39d7-4690-b2c1-f4ac9f6d9b52" testId="78e0b479-3259-adf8-964c-50107d7035de" testName="TestValidateCredentials" computerName="PRANAY-TEST" duration="00:00:18.4854557" startTime="2014-08-08T11:42:00.0638691-07:00" endTime="2014-08-08T11:42:18.5488691-07:00" testType="13cdc9d9-ddb5-4fa4-a97d-d965ccfc6d4b" outcome="Passed" testListId="8c84fa94-04c1-424b-9868-57a2d4851a1d" relativeResultsDirectory="d8737c3a-39d7-4690-b2c1-f4ac9f6d9b52" />    <UnitTestResult executionId="9d4e5b51-be73-469a-a500-b372830ce391" testId="0fab150a-6da3-015a-7701-994ba2416f81" testName="TestCredentialRefresh" computerName="PRANAY-TEST" duration="00:00:16.7603409" startTime="2014-08-08T11:42:18.5488691-07:00" endTime="2014-08-08T11:42:35.3088691-07:00" testType="13cdc9d9-ddb5-4fa4-a97d-d965ccfc6d4b" outcome="Passed" testListId="8c84fa94-04c1-424b-9868-57a2d4851a1d" relativeResultsDirectory="9d4e5b51-be73-469a-a500-b372830ce391" />    <UnitTestResult executionId="69c9bae4-3f16-4552-8614-bc8142fd4fc1" testId="252c4882-2c64-bd9a-4d71-9fec5c85a195" testName="TestCertificateConfiguration" computerName="PRANAY-TEST" duration="00:00:00.5768236" startTime="2014-08-08T11:38:56.3208691-07:00" endTime="2014-08-08T11:38:57.3028691-07:00" testType="13cdc9d9-ddb5-4fa4-a97d-d965ccfc6d4b" outcome="Passed" testListId="8c84fa94-04c1-424b-9868-57a2d4851a1d" relativeResultsDirectory="69c9bae4-3f16-4552-8614-bc8142fd4fc1" />    <UnitTestResult executionId="03e1c838-325d-4000-b62c-df8aeeed7b66" testId="78efd8c4-dd5d-d5bd-371f-db4a6931e7d7" testName="TestSchedulerConfiguration" computerName="PRANAY-TEST" duration="00:00:00.3561415" startTime="2014-08-08T11:38:58.4908691-07:00" endTime="2014-08-08T11:38:59.4998691-07:00" testType="13cdc9d9-ddb5-4fa4-a97d-d965ccfc6d4b" outcome="Passed" testListId="8c84fa94-04c1-424b-9868-57a2d4851a1d" relativeResultsDirectory="03e1c838-325d-4000-b62c-df8aeeed7b66" />    <UnitTestResult executionId="8adcc321-6cca-4092-aded-4ed1e58cacbf" testId="5b7f3d9c-c26e-485c-0c81-8958c30e5394" testName="TestSyncWorkerConfiguration" computerName="PRANAY-TEST" duration="00:00:00.0935548" startTime="2014-08-08T11:39:00.5348691-07:00" endTime="2014-08-08T11:39:00.6298691-07:00" testType="13cdc9d9-ddb5-4fa4-a97d-d965ccfc6d4b" outcome="Failed" testListId="8c84fa94-04c1-424b-9868-57a2d4851a1d" relativeResultsDirectory="8adcc321-6cca-4092-aded-4ed1e58cacbf">      <Output>        <ErrorInfo>          <Message>Test method Microsoft.ActiveDirectory.Connector.Test.ConfigurationUnitTest.TestSyncWorkerConfiguration threw exception: System.Configuration.ConfigurationErrorsException: An error occurred creating the configuration section handler for netsuite: Could not load file or assembly 'Microsoft.ActiveDirectory.Connector.NetSuite' or one of its dependencies. The system cannot find the file specified. (f:\src\Adiam_Cloud_Nightly_Tester\sources\dev\Services\SyncFabric\Controller\SynchronizationWorker\app.config line 18) ---&gt; System.IO.FileNotFoundException: Could not load file or assembly 'Microsoft.ActiveDirectory.Connector.NetSuite' or one of its dependencies. The system cannot find the file specified.WRN: Assembly binding logging is turned OFF.To enable assembly bind failure logging, set the registry value [HKLM\Software\Microsoft\Fusion!EnableLog] (DWORD) to 1.Note: There is some performance penalty associated with assembly bind failure logging.To turn this feature off, remove the registry value [HKLM\Software\Microsoft\Fusion!EnableLog].</Message>          <StackTrace>    at System.Configuration.TypeUtil.GetTypeWithReflectionPermission(IInternalConfigHost host, String typeString, Boolean throwOnError)   at System.Configuration.MgmtConfigurationRecord.CreateSectionFactory(FactoryRecord factoryRecord)   at System.Configuration.BaseConfigurationRecord.FindAndEnsureFactoryRecord(String configKey, Boolean&amp; isRootDeclaredHere) --- End of inner exception stack trace ---    at System.Configuration.BaseConfigurationRecord.FindAndEnsureFactoryRecord(String configKey, Boolean&amp; isRootDeclaredHere)   at System.Configuration.BaseConfigurationRecord.GetSectionRecursive(String configKey, Boolean getLkg, Boolean checkPermission, Boolean getRuntimeObject, Boolean requestIsHere, Object&amp; result, Object&amp; resultRuntimeObject)   at System.Configuration.BaseConfigurationRecord.GetSection(String configKey, Boolean getLkg, Boolean checkPermission)   at System.Configuration.BaseConfigurationRecord.GetSection(String configKey)   at System.Configuration.ConfigurationSectionCollection.Get(String name)   at System.Configuration.ConfigurationSectionCollection.Get(Int32 index)   at System.Configuration.ConfigurationSectionCollection.get_Item(Int32 index)   at System.Configuration.ConfigurationSectionCollection.&lt;GetEnumerator&gt;d__0.MoveNext()   at Microsoft.ActiveDirectory.Connector.Test.ConfigurationUnitTest.TestConfiguration(String filePath) in f:\src\Adiam_Cloud_Nightly_Tester\sources\test\Services\SyncFabric\Controller\EnvironmentTests\TestIntegrationEnvironment\ConfigurationUnitTest.cs:line 28   at Microsoft.ActiveDirectory.Connector.Test.ConfigurationUnitTest.TestSyncWorkerConfiguration() in f:\src\Adiam_Cloud_Nightly_Tester\sources\test\Services\SyncFabric\Controller\EnvironmentTests\TestIntegrationEnvironment\ConfigurationUnitTest.cs:line 42</StackTrace>        </ErrorInfo>      </Output>    </UnitTestResult>    <UnitTestResult executionId="02c9d81d-354a-47bb-b0d2-a8afa358e369" testId="72186436-1343-7837-703a-68f598c35228" testName="TestGetCredentials" computerName="PRANAY-TEST" duration="00:00:55.5999461" startTime="2014-08-08T11:39:00.6608691-07:00" endTime="2014-08-08T11:39:58.7878691-07:00" testType="13cdc9d9-ddb5-4fa4-a97d-d965ccfc6d4b" outcome="Passed" testListId="8c84fa94-04c1-424b-9868-57a2d4851a1d" relativeResultsDirectory="02c9d81d-354a-47bb-b0d2-a8afa358e369" />    <UnitTestResult executionId="6743c369-d968-40ae-93e6-b2db17c4c7a0" testId="8d376db3-310b-d7f2-0b21-286a7faf39d4" testName="TestSetCredentials" computerName="PRANAY-TEST" duration="00:00:03.0927999" startTime="2014-08-08T11:39:58.8058691-07:00" endTime="2014-08-08T11:40:01.8998691-07:00" testType="13cdc9d9-ddb5-4fa4-a97d-d965ccfc6d4b" outcome="Passed" testListId="8c84fa94-04c1-424b-9868-57a2d4851a1d" relativeResultsDirectory="6743c369-d968-40ae-93e6-b2db17c4c7a0" />    <UnitTestResult executionId="8859053e-8aa5-4285-9b87-c87c5f36d72d" testId="b7e6520b-7191-5241-de17-81d24afdcf71" testName="TestSetUserSecrets" computerName="PRANAY-TEST" duration="00:00:01.7230871" startTime="2014-08-08T11:40:01.9128691-07:00" endTime="2014-08-08T11:40:03.6368691-07:00" testType="13cdc9d9-ddb5-4fa4-a97d-d965ccfc6d4b" outcome="Passed" testListId="8c84fa94-04c1-424b-9868-57a2d4851a1d" relativeResultsDirectory="8859053e-8aa5-4285-9b87-c87c5f36d72d" />    <UnitTestResult executionId="84ef650d-1596-430d-883f-d4097eff5078" testId="91024be9-0f79-b390-5aca-3daaf7d8c013" testName="TestExport" computerName="PRANAY-TEST" duration="00:00:45.0681469" startTime="2014-08-08T11:38:14.3098691-07:00" endTime="2014-08-08T11:39:00.8858691-07:00" testType="13cdc9d9-ddb5-4fa4-a97d-d965ccfc6d4b" outcome="Passed" testListId="8c84fa94-04c1-424b-9868-57a2d4851a1d" relativeResultsDirectory="84ef650d-1596-430d-883f-d4097eff5078" />    <UnitTestResult executionId="224590c5-e716-491b-ab03-2cf3b8628c23" testId="f926c559-69a0-5a07-ba92-85028f61db87" testName="TestExportError" computerName="PRANAY-TEST" duration="00:00:29.5363462" startTime="2014-08-08T11:39:01.2318691-07:00" endTime="2014-08-08T11:39:30.7678691-07:00" testType="13cdc9d9-ddb5-4fa4-a97d-d965ccfc6d4b" outcome="Passed" testListId="8c84fa94-04c1-424b-9868-57a2d4851a1d" relativeResultsDirectory="224590c5-e716-491b-ab03-2cf3b8628c23" />    <UnitTestResult executionId="91b3e44f-3712-4fa0-93e5-75f765e37cb5" testId="7687a9b4-511a-4d06-dc58-1dbc6556df71" testName="TestImport" computerName="PRANAY-TEST" duration="00:00:02.5779007" startTime="2014-08-08T11:39:30.8608691-07:00" endTime="2014-08-08T11:39:33.4388691-07:00" testType="13cdc9d9-ddb5-4fa4-a97d-d965ccfc6d4b" outcome="Passed" testListId="8c84fa94-04c1-424b-9868-57a2d4851a1d" relativeResultsDirectory="91b3e44f-3712-4fa0-93e5-75f765e37cb5" />    <UnitTestResult executionId="cbbd4ee5-9edb-45af-88b7-b8bc92c7354e" testId="a067bbae-5425-2ff6-a413-d8b72b4e3c55" testName="TestImportError" computerName="PRANAY-TEST" duration="00:00:28.6868100" startTime="2014-08-08T11:39:33.4468691-07:00" endTime="2014-08-08T11:40:02.1328691-07:00" testType="13cdc9d9-ddb5-4fa4-a97d-d965ccfc6d4b" outcome="Passed" testListId="8c84fa94-04c1-424b-9868-57a2d4851a1d" relativeResultsDirectory="cbbd4ee5-9edb-45af-88b7-b8bc92c7354e" />    <UnitTestResult executionId="c5908354-850c-476b-b0cd-5a16057682f1" testId="5d582fc7-7eda-679c-f765-d0a39a30dae2" testName="TestReinitializeSession" computerName="PRANAY-TEST" duration="00:00:01.1650467" startTime="2014-08-08T11:40:02.1498691-07:00" endTime="2014-08-08T11:40:03.3158691-07:00" testType="13cdc9d9-ddb5-4fa4-a97d-d965ccfc6d4b" outcome="Passed" testListId="8c84fa94-04c1-424b-9868-57a2d4851a1d" relativeResultsDirectory="c5908354-850c-476b-b0cd-5a16057682f1" />    <UnitTestResult executionId="012f5da5-f3e8-47d7-9a48-a0489280ecf6" testId="955bf2eb-d744-a0a9-cc59-dffdc24bfc72" testName="TestValidateCredentials" computerName="PRANAY-TEST" duration="00:00:03.8460092" startTime="2014-08-08T11:40:03.4028691-07:00" endTime="2014-08-08T11:40:07.2498691-07:00" testType="13cdc9d9-ddb5-4fa4-a97d-d965ccfc6d4b" outcome="Passed" testListId="8c84fa94-04c1-424b-9868-57a2d4851a1d" relativeResultsDirectory="012f5da5-f3e8-47d7-9a48-a0489280ecf6" />    <UnitTestResult executionId="b95ff8c1-2a26-4a73-8de2-ff8d6cdebea3" testId="cba37b4a-9b74-c1c3-3e2d-f6060895afe7" testName="GoogleAppsV2ProxyTestUserExport" computerName="PRANAY-TEST" duration="00:01:50.8026542" startTime="2014-08-08T11:40:07.2618691-07:00" endTime="2014-08-08T11:42:01.9978691-07:00" testType="13cdc9d9-ddb5-4fa4-a97d-d965ccfc6d4b" outcome="Failed" testListId="8c84fa94-04c1-424b-9868-57a2d4851a1d" relativeResultsDirectory="b95ff8c1-2a26-4a73-8de2-ff8d6cdebea3">      <Output>        <ErrorInfo>          <Message>Assert.IsTrue failed. </Message>          <StackTrace>   at Microsoft.ActiveDirectory.Connector.Test.GoogleAppsV2ProxyAdapterUnitTest.GoogleAppsV2ProxyTestUserExport() in f:\src\Adiam_Cloud_Nightly_Tester\sources\test\Services\SyncFabric\Controller\UnitTests\TestProxyAdapter\GoogleAppsV2ProxyAdapterUnitTest.cs:line 900</StackTrace>        </ErrorInfo>      </Output>    </UnitTestResult>    <UnitTestResult executionId="f1aff999-7a3b-4ec7-9acf-b3b4c477ef93" testId="27788f1a-25e4-97e5-1de8-23ce4c3bb266" testName="GoogleAppsV2ProxyTestGroupExport" computerName="PRANAY-TEST" duration="00:03:45.4411480" startTime="2014-08-08T11:42:02.0338691-07:00" endTime="2014-08-08T11:45:47.4638691-07:00" testType="13cdc9d9-ddb5-4fa4-a97d-d965ccfc6d4b" outcome="Passed" testListId="8c84fa94-04c1-424b-9868-57a2d4851a1d" relativeResultsDirectory="f1aff999-7a3b-4ec7-9acf-b3b4c477ef93" />    <UnitTestResult executionId="b3436651-8aaf-4e34-9706-da27e6b98045" testId="3c4dc27f-cdac-f9c7-b5d2-13fbb439c116" testName="GoogleAppsV2ProxyTestGroupMembeshipExport" computerName="PRANAY-TEST" duration="00:08:27.2405359" startTime="2014-08-08T11:45:47.4768691-07:00" endTime="2014-08-08T11:54:14.6898691-07:00" testType="13cdc9d9-ddb5-4fa4-a97d-d965ccfc6d4b" outcome="Passed" testListId="8c84fa94-04c1-424b-9868-57a2d4851a1d" relativeResultsDirectory="b3436651-8aaf-4e34-9706-da27e6b98045" />    <UnitTestResult executionId="c3358181-cbff-4ba7-b17d-d4bcfaebf919" testId="04e14fca-0d7b-f9bf-15b2-4a6d73917532" testName="GoogleAppsV2ProxyTestExportError" computerName="PRANAY-TEST" duration="00:01:15.0574832" startTime="2014-08-08T11:54:14.7048691-07:00" endTime="2014-08-08T11:55:29.7598691-07:00" testType="13cdc9d9-ddb5-4fa4-a97d-d965ccfc6d4b" outcome="Passed" testListId="8c84fa94-04c1-424b-9868-57a2d4851a1d" relativeResultsDirectory="c3358181-cbff-4ba7-b17d-d4bcfaebf919" />    <UnitTestResult executionId="c8f9f007-a1ca-42c1-89e6-74d8e2ebdda0" testId="7d9b61f7-701b-2396-8a26-0a8a8f4cc81b" testName="GoogleAppsV2ProxyTestFullImport" computerName="PRANAY-TEST" duration="00:01:43.8622986" startTime="2014-08-08T11:55:29.7658691-07:00" endTime="2014-08-08T11:57:13.6238691-07:00" testType="13cdc9d9-ddb5-4fa4-a97d-d965ccfc6d4b" outcome="Passed" testListId="8c84fa94-04c1-424b-9868-57a2d4851a1d" relativeResultsDirectory="c8f9f007-a1ca-42c1-89e6-74d8e2ebdda0" />    <UnitTestResult executionId="f6ef35d1-808b-499c-9b7d-a7e24259d8e1" testId="3dd030f6-48eb-af70-a4d9-48bee558d806" testName="GoogleAppsV2ProxyTestFullImportWithPaging" computerName="PRANAY-TEST" duration="00:01:43.9303413" startTime="2014-08-08T11:57:13.6408691-07:00" endTime="2014-08-08T11:58:57.5668691-07:00" testType="13cdc9d9-ddb5-4fa4-a97d-d965ccfc6d4b" outcome="Passed" testListId="8c84fa94-04c1-424b-9868-57a2d4851a1d" relativeResultsDirectory="f6ef35d1-808b-499c-9b7d-a7e24259d8e1" />    <UnitTestResult executionId="e1426660-c9d7-4aaf-b5ec-cd7f07b1b792" testId="38e3e925-7c1b-d0d1-0470-148eaa52394f" testName="GoogleAppsV2ProxyTestDomainMismatch" computerName="PRANAY-TEST" duration="00:00:26.3882056" startTime="2014-08-08T11:58:57.5768691-07:00" endTime="2014-08-08T11:59:23.9648691-07:00" testType="13cdc9d9-ddb5-4fa4-a97d-d965ccfc6d4b" outcome="Passed" testListId="8c84fa94-04c1-424b-9868-57a2d4851a1d" relativeResultsDirectory="e1426660-c9d7-4aaf-b5ec-cd7f07b1b792" />    <UnitTestResult executionId="b47eabad-3a7b-49e3-ae09-83d9771b24e9" testId="0de52321-87a7-c5aa-a1f6-30b68d3d6ed6" testName="GoogleAppsV2ProxyTestImportGroupByAnchor" computerName="PRANAY-TEST" duration="00:00:50.3184634" startTime="2014-08-08T11:59:23.9718691-07:00" endTime="2014-08-08T12:00:14.2888691-07:00" testType="13cdc9d9-ddb5-4fa4-a97d-d965ccfc6d4b" outcome="Passed" testListId="8c84fa94-04c1-424b-9868-57a2d4851a1d" relativeResultsDirectory="b47eabad-3a7b-49e3-ae09-83d9771b24e9" />    <UnitTestResult executionId="1de85667-d12f-4488-bf5d-552483831001" testId="b2430f61-aae0-0dba-fe0b-5495c095fe33" testName="GoogleAppsV2ProxyTestImportUserByAnchor" computerName="PRANAY-TEST" duration="00:01:01.6281187" startTime="2014-08-08T12:00:14.3008691-07:00" endTime="2014-08-08T12:01:15.9268691-07:00" testType="13cdc9d9-ddb5-4fa4-a97d-d965ccfc6d4b" outcome="Passed" testListId="8c84fa94-04c1-424b-9868-57a2d4851a1d" relativeResultsDirectory="1de85667-d12f-4488-bf5d-552483831001" />    <UnitTestResult executionId="7dec0bab-1bfa-400f-b58e-1277ada6ba88" testId="b378b4c3-6f10-c7c8-0c35-13115b8213d7" testName="GoogleAppsV2ProxyTestImportByAnchorError" computerName="PRANAY-TEST" duration="00:00:20.7299775" startTime="2014-08-08T12:01:15.9348691-07:00" endTime="2014-08-08T12:01:36.6648691-07:00" testType="13cdc9d9-ddb5-4fa4-a97d-d965ccfc6d4b" outcome="Passed" testListId="8c84fa94-04c1-424b-9868-57a2d4851a1d" relativeResultsDirectory="7dec0bab-1bfa-400f-b58e-1277ada6ba88" />    <UnitTestResult executionId="972649d8-69e9-4f20-b5a9-f401cd8d2643" testId="8d3bbd68-319e-7a93-086a-7accf74a8702" testName="GoogleAppsV2ProxyTestImportGroupByJoiningProperty" computerName="PRANAY-TEST" duration="00:00:29.2421881" startTime="2014-08-08T12:01:36.6718691-07:00" endTime="2014-08-08T12:02:05.9138691-07:00" testType="13cdc9d9-ddb5-4fa4-a97d-d965ccfc6d4b" outcome="Passed" testListId="8c84fa94-04c1-424b-9868-57a2d4851a1d" relativeResultsDirectory="972649d8-69e9-4f20-b5a9-f401cd8d2643" />    <UnitTestResult executionId="87a69555-ee7e-4732-98d0-b940e300529f" testId="8e1be9ab-7caf-7274-6ec7-5d864136b0e8" testName="GoogleAppsV2ProxyTestImportUserByJoiningProperty" computerName="PRANAY-TEST" duration="00:01:00.0888895" startTime="2014-08-08T12:02:05.9208691-07:00" endTime="2014-08-08T12:03:06.0078691-07:00" testType="13cdc9d9-ddb5-4fa4-a97d-d965ccfc6d4b" outcome="Passed" testListId="8c84fa94-04c1-424b-9868-57a2d4851a1d" relativeResultsDirectory="87a69555-ee7e-4732-98d0-b940e300529f" />    <UnitTestResult executionId="b02c0b16-a5df-490a-89d9-4ef797f9330c" testId="c47a1081-7f1b-b060-1c9f-6fbcf895aba2" testName="GoogleAppsV2ProxyTestImportError" computerName="PRANAY-TEST" duration="00:01:06.0721173" startTime="2014-08-08T12:03:06.0168691-07:00" endTime="2014-08-08T12:04:12.0858691-07:00" testType="13cdc9d9-ddb5-4fa4-a97d-d965ccfc6d4b" outcome="Passed" testListId="8c84fa94-04c1-424b-9868-57a2d4851a1d" relativeResultsDirectory="b02c0b16-a5df-490a-89d9-4ef797f9330c" />    <UnitTestResult executionId="1b970132-053f-4538-8188-3fa4c275b744" testId="0d0ad5ee-c8ac-cce2-8afb-ec5b4ac29630" testName="GoogleAppsV2ProxyTestValidateCredentials" computerName="PRANAY-TEST" duration="00:00:22.4425157" startTime="2014-08-08T12:04:12.0948691-07:00" endTime="2014-08-08T12:04:34.5378691-07:00" testType="13cdc9d9-ddb5-4fa4-a97d-d965ccfc6d4b" outcome="Passed" testListId="8c84fa94-04c1-424b-9868-57a2d4851a1d" relativeResultsDirectory="1b970132-053f-4538-8188-3fa4c275b744" />    <UnitTestResult executionId="6a47c856-0361-4b39-b44e-aaccb7e6d338" testId="c5e86cd4-550c-fc22-2841-ae642c4f66d6" testName="GoogleAppsV2ProxyTestValidateStoredCredentials" computerName="PRANAY-TEST" duration="00:00:20.6114266" startTime="2014-08-08T12:04:34.5448691-07:00" endTime="2014-08-08T12:04:55.1568691-07:00" testType="13cdc9d9-ddb5-4fa4-a97d-d965ccfc6d4b" outcome="Passed" testListId="8c84fa94-04c1-424b-9868-57a2d4851a1d" relativeResultsDirectory="6a47c856-0361-4b39-b44e-aaccb7e6d338" />    <UnitTestResult executionId="1d4f1335-896c-4183-b2b7-1640990dbfee" testId="25569907-649c-bdc3-f698-4e8f853c0b0c" testName="GoogleAppsV2ProxyTestUpdateGroupEmail" computerName="PRANAY-TEST" duration="00:02:36.5446851" startTime="2014-08-08T12:04:55.1638691-07:00" endTime="2014-08-08T12:07:31.7008691-07:00" testType="13cdc9d9-ddb5-4fa4-a97d-d965ccfc6d4b" outcome="Passed" testListId="8c84fa94-04c1-424b-9868-57a2d4851a1d" relativeResultsDirectory="1d4f1335-896c-4183-b2b7-1640990dbfee" />    <UnitTestResult executionId="1c39ce96-f655-418b-8da3-428ed1fd41e0" testId="f0a5e2a2-643c-cfbb-516b-a24a63e164ed" testName="GoogleAppsV2ProxyTestUpdateUserLogin" computerName="PRANAY-TEST" duration="00:04:45.5604133" startTime="2014-08-08T12:07:31.7128691-07:00" endTime="2014-08-08T12:12:17.2984261-07:00" testType="13cdc9d9-ddb5-4fa4-a97d-d965ccfc6d4b" outcome="Passed" testListId="8c84fa94-04c1-424b-9868-57a2d4851a1d" relativeResultsDirectory="1c39ce96-f655-418b-8da3-428ed1fd41e0" />    <UnitTestResult executionId="cd6443eb-e8f9-4753-910c-f13391656b3b" testId="b5789d7a-cf8f-9d5e-53be-2e0e52775d25" testName="DocuSign_TestAddExistingUser" computerName="PRANAY-TEST" duration="00:00:17.6142984" startTime="2014-08-08T12:12:17.3084371-07:00" endTime="2014-08-08T12:12:34.9428136-07:00" testType="13cdc9d9-ddb5-4fa4-a97d-d965ccfc6d4b" outcome="Passed" testListId="8c84fa94-04c1-424b-9868-57a2d4851a1d" relativeResultsDirectory="cd6443eb-e8f9-4753-910c-f13391656b3b" />    <UnitTestResult executionId="ce1e7313-a870-49e3-8dbb-07369abd78eb" testId="b4e77dd6-9b5d-0d26-de58-7c8c81992456" testName="DocuSign_TestImport" computerName="PRANAY-TEST" duration="00:00:28.5654605" startTime="2014-08-08T12:12:34.9488202-07:00" endTime="2014-08-08T12:13:03.5442406-07:00" testType="13cdc9d9-ddb5-4fa4-a97d-d965ccfc6d4b" outcome="Passed" testListId="8c84fa94-04c1-424b-9868-57a2d4851a1d" relativeResultsDirectory="ce1e7313-a870-49e3-8dbb-07369abd78eb" />    <UnitTestResult executionId="6a570d65-b3bb-4a2f-925f-5b4ee49bc826" testId="abd7e0ba-5b26-1bba-6689-8463a1f1911a" testName="DocuSign_TestImportError" computerName="PRANAY-TEST" duration="00:00:15.1122194" startTime="2014-08-08T12:13:03.5512483-07:00" endTime="2014-08-08T12:13:18.6808726-07:00" testType="13cdc9d9-ddb5-4fa4-a97d-d965ccfc6d4b" outcome="Passed" testListId="8c84fa94-04c1-424b-9868-57a2d4851a1d" relativeResultsDirectory="6a570d65-b3bb-4a2f-925f-5b4ee49bc826" />    <UnitTestResult executionId="515f392b-4a5b-4809-9344-ce71713b551c" testId="a1757e4f-71e1-d03f-ea96-ed55ffe85463" testName="DocuSign_TestValidateCredentials" computerName="PRANAY-TEST" duration="00:00:17.7672944" startTime="2014-08-08T12:13:18.6868792-07:00" endTime="2014-08-08T12:13:36.4734229-07:00" testType="13cdc9d9-ddb5-4fa4-a97d-d965ccfc6d4b" outcome="Passed" testListId="8c84fa94-04c1-424b-9868-57a2d4851a1d" relativeResultsDirectory="515f392b-4a5b-4809-9344-ce71713b551c" />    <UnitTestResult executionId="3781ad61-0143-4e09-ba2a-fb5c8ebbeca3" testId="1d8d0aa6-66b2-c850-1cfe-831c63d15b1e" testName="JiveTestExport" computerName="PRANAY-TEST" duration="00:00:14.0874067" startTime="2014-08-08T12:13:36.4794295-07:00" endTime="2014-08-08T12:13:50.5829263-07:00" testType="13cdc9d9-ddb5-4fa4-a97d-d965ccfc6d4b" outcome="Passed" testListId="8c84fa94-04c1-424b-9868-57a2d4851a1d" relativeResultsDirectory="3781ad61-0143-4e09-ba2a-fb5c8ebbeca3" />    <UnitTestResult executionId="6f2552e8-d65b-436e-92ee-95eaed93c58a" testId="86430774-7c36-7017-6309-a7ef0f89ebe7" testName="JiveTestExportError" computerName="PRANAY-TEST" duration="00:00:31.1302704" startTime="2014-08-08T12:13:50.5879318-07:00" endTime="2014-08-08T12:14:21.7511737-07:00" testType="13cdc9d9-ddb5-4fa4-a97d-d965ccfc6d4b" outcome="Passed" testListId="8c84fa94-04c1-424b-9868-57a2d4851a1d" relativeResultsDirectory="6f2552e8-d65b-436e-92ee-95eaed93c58a" />    <UnitTestResult executionId="4bd5c8e2-144d-4837-86b5-10367d94bb8d" testId="0f2681f7-1010-34d9-47e5-ff2dcb21af63" testName="JiveTestFullImport" computerName="PRANAY-TEST" duration="00:00:04.8399869" startTime="2014-08-08T12:14:21.7581814-07:00" endTime="2014-08-08T12:14:26.6045065-07:00" testType="13cdc9d9-ddb5-4fa4-a97d-d965ccfc6d4b" outcome="Passed" testListId="8c84fa94-04c1-424b-9868-57a2d4851a1d" relativeResultsDirectory="4bd5c8e2-144d-4837-86b5-10367d94bb8d" />    <UnitTestResult executionId="ee15dd0c-370a-4e16-b3cf-a97db2eaef39" testId="b714ab82-03e7-59a0-9f1f-7c148a68b064" testName="JiveTestImportByAnchor" computerName="PRANAY-TEST" duration="00:00:04.3008963" startTime="2014-08-08T12:14:26.6125153-07:00" endTime="2014-08-08T12:14:30.9192475-07:00" testType="13cdc9d9-ddb5-4fa4-a97d-d965ccfc6d4b" outcome="Passed" testListId="8c84fa94-04c1-424b-9868-57a2d4851a1d" relativeResultsDirectory="ee15dd0c-370a-4e16-b3cf-a97db2eaef39" />    <UnitTestResult executionId="c45cc948-2745-4752-83f7-ad21f772bd43" testId="fd729553-89f8-2016-dca6-562dc0e18ec9" testName="JiveTestImportByAnchorError" computerName="PRANAY-TEST" duration="00:00:02.7806374" startTime="2014-08-08T12:14:30.9262552-07:00" endTime="2014-08-08T12:14:33.7103143-07:00" testType="13cdc9d9-ddb5-4fa4-a97d-d965ccfc6d4b" outcome="Passed" testListId="8c84fa94-04c1-424b-9868-57a2d4851a1d" relativeResultsDirectory="c45cc948-2745-4752-83f7-ad21f772bd43" />    <UnitTestResult executionId="cf2dbae5-439b-4b54-844a-ae8f8ecf4770" testId="7f4780c7-2ead-21bd-62d9-479a866dbfaa" testName="JiveTestImportByJoiningProperty" computerName="PRANAY-TEST" duration="00:00:04.6512831" startTime="2014-08-08T12:14:33.7143187-07:00" endTime="2014-08-08T12:14:38.3714359-07:00" testType="13cdc9d9-ddb5-4fa4-a97d-d965ccfc6d4b" outcome="Passed" testListId="8c84fa94-04c1-424b-9868-57a2d4851a1d" relativeResultsDirectory="cf2dbae5-439b-4b54-844a-ae8f8ecf4770" />    <UnitTestResult executionId="23052603-1738-4dc3-9479-dda6ddf591a4" testId="a9d008f0-4ea7-239c-37c3-a74011ebb7fe" testName="JiveTestImportError" computerName="PRANAY-TEST" duration="00:00:30.0900509" startTime="2014-08-08T12:14:38.3754403-07:00" endTime="2014-08-08T12:15:08.4975382-07:00" testType="13cdc9d9-ddb5-4fa4-a97d-d965ccfc6d4b" outcome="Passed" testListId="8c84fa94-04c1-424b-9868-57a2d4851a1d" relativeResultsDirectory="23052603-1738-4dc3-9479-dda6ddf591a4" />    <UnitTestResult executionId="c889cc58-522d-4126-a36d-390c569ef76e" testId="012d05d3-cdda-ef0e-7ee0-ce2fd3edc5cb" testName="JiveTestTryValidateCredentials" computerName="PRANAY-TEST" duration="00:00:05.4720223" startTime="2014-08-08T12:15:08.5055470-07:00" endTime="2014-08-08T12:15:13.9845673-07:00" testType="13cdc9d9-ddb5-4fa4-a97d-d965ccfc6d4b" outcome="Passed" testListId="8c84fa94-04c1-424b-9868-57a2d4851a1d" relativeResultsDirectory="c889cc58-522d-4126-a36d-390c569ef76e" />    <UnitTestResult executionId="51fb48e4-2836-4dfc-a928-0f59c613c58f" testId="ba6386bc-ee07-82a7-7130-4007442a1286" testName="JiveTestUpdateUserName" computerName="PRANAY-TEST" duration="00:00:06.0537060" startTime="2014-08-08T12:15:13.9895728-07:00" endTime="2014-08-08T12:15:20.0502322-07:00" testType="13cdc9d9-ddb5-4fa4-a97d-d965ccfc6d4b" outcome="Passed" testListId="8c84fa94-04c1-424b-9868-57a2d4851a1d" relativeResultsDirectory="51fb48e4-2836-4dfc-a928-0f59c613c58f" />    <UnitTestResult executionId="fe455946-55bf-4bca-8b31-22f224da0786" testId="57eae8a4-fc62-b1c1-6eb1-3c0d514aea83" testName="NetSuite_TestExport" computerName="PRANAY-TEST" duration="00:00:00.4548940" startTime="2014-08-08T12:15:20.0562388-07:00" endTime="2014-08-08T12:15:20.5127404-07:00" testType="13cdc9d9-ddb5-4fa4-a97d-d965ccfc6d4b" outcome="Passed" testListId="8c84fa94-04c1-424b-9868-57a2d4851a1d" relativeResultsDirectory="fe455946-55bf-4bca-8b31-22f224da0786" />    <UnitTestResult executionId="43c61361-9d9c-40ac-9fdf-d5792b45800f" testId="6eabfca3-15ec-01a2-efee-c98955623bb3" testName="TestServiceNowSystemProxyAdapterPrivateImport" computerName="PRANAY-TEST" duration="00:00:33.0622705" startTime="2014-08-08T11:38:37.1348691-07:00" endTime="2014-08-08T11:39:11.3558691-07:00" testType="13cdc9d9-ddb5-4fa4-a97d-d965ccfc6d4b" outcome="Passed" testListId="8c84fa94-04c1-424b-9868-57a2d4851a1d" relativeResultsDirectory="43c61361-9d9c-40ac-9fdf-d5792b45800f" />    <UnitTestResult executionId="70af9073-88e4-46d8-bd95-d9f915451b5e" testId="bf25123b-715f-c738-afcc-7ec9de21e2a2" testName="TestServiceNowSystemProxyAdapterImportUsers" computerName="PRANAY-TEST" duration="00:00:02.1871120" startTime="2014-08-08T11:39:11.6898691-07:00" endTime="2014-08-08T11:39:13.8788691-07:00" testType="13cdc9d9-ddb5-4fa4-a97d-d965ccfc6d4b" outcome="Passed" testListId="8c84fa94-04c1-424b-9868-57a2d4851a1d" relativeResultsDirectory="70af9073-88e4-46d8-bd95-d9f915451b5e" />    <UnitTestResult executionId="be1b1a24-d48f-4873-b004-8180a3062bea" testId="de4d6217-4faf-bbf5-8f87-e7aa0ba7aade" testName="TestCredentialValidation" computerName="PRANAY-TEST" duration="00:00:00.5604707" startTime="2014-08-08T11:39:13.8968691-07:00" endTime="2014-08-08T11:39:14.4588691-07:00" testType="13cdc9d9-ddb5-4fa4-a97d-d965ccfc6d4b" outcome="Passed" testListId="8c84fa94-04c1-424b-9868-57a2d4851a1d" relativeResultsDirectory="be1b1a24-d48f-4873-b004-8180a3062bea" />    <UnitTestResult executionId="b2f69411-e056-4bd6-83ce-a3af9670bc54" testId="302cebbe-592e-c036-77b9-77fb56b5b24c" testName="TestServiceNowSoapProxyAdaptorInsertExportUser" computerName="PRANAY-TEST" duration="00:00:35.8997338" startTime="2014-08-08T11:39:14.4748691-07:00" endTime="2014-08-08T11:39:50.3748691-07:00" testType="13cdc9d9-ddb5-4fa4-a97d-d965ccfc6d4b" outcome="Passed" testListId="8c84fa94-04c1-424b-9868-57a2d4851a1d" relativeResultsDirectory="b2f69411-e056-4bd6-83ce-a3af9670bc54" />    <UnitTestResult executionId="d74e8548-5e30-425f-bdd9-b9fb72ac4050" testId="6ea7ba49-eb5e-4758-9701-98925f4649f5" testName="TestServiceNowSoapProxyAdaptorUpdateExportUser" computerName="PRANAY-TEST" duration="00:00:28.3766546" startTime="2014-08-08T11:39:50.3998691-07:00" endTime="2014-08-08T11:40:18.7758691-07:00" testType="13cdc9d9-ddb5-4fa4-a97d-d965ccfc6d4b" outcome="Passed" testListId="8c84fa94-04c1-424b-9868-57a2d4851a1d" relativeResultsDirectory="d74e8548-5e30-425f-bdd9-b9fb72ac4050" />    <UnitTestResult executionId="cde40a6d-96c3-45be-aebe-d96dfe5321f4" testId="b87f9e21-7e64-4739-97ba-5a307cd399d5" testName="TestServiceNowSoapProxyAdaptorUpdateExportUserWithSubsetAttribute" computerName="PRANAY-TEST" duration="00:00:27.4877096" startTime="2014-08-08T11:40:18.7868691-07:00" endTime="2014-08-08T11:40:46.2738691-07:00" testType="13cdc9d9-ddb5-4fa4-a97d-d965ccfc6d4b" outcome="Passed" testListId="8c84fa94-04c1-424b-9868-57a2d4851a1d" relativeResultsDirectory="cde40a6d-96c3-45be-aebe-d96dfe5321f4" />    <UnitTestResult executionId="aa31082c-1db1-4f39-932c-09349e157ad1" testId="ca533035-4894-0f0a-9bf9-dab39ecba7e8" testName="TestServiceNowSoapProxyAdaptorDeleteUserSettingUpdateOnSoftDelete" computerName="PRANAY-TEST" duration="00:00:44.0712000" startTime="2014-08-08T11:40:46.2868691-07:00" endTime="2014-08-08T11:41:30.3558691-07:00" testType="13cdc9d9-ddb5-4fa4-a97d-d965ccfc6d4b" outcome="Failed" testListId="8c84fa94-04c1-424b-9868-57a2d4851a1d" relativeResultsDirectory="aa31082c-1db1-4f39-932c-09349e157ad1">      <Output>        <ErrorInfo>          <Message>Assert.AreEqual failed. Expected:&lt;2&gt;. Actual:&lt;1&gt;. </Message>          <StackTrace>   at Microsoft.ActiveDirectory.Connector.Test.ServiceNowSoapProxyAdapterUnitTest.TestServiceNowSoapProxyAdaptorDeleteUserSettingUpdateOnSoftDelete() in f:\src\Adiam_Cloud_Nightly_Tester\sources\test\Services\SyncFabric\Controller\UnitTests\TestServiceNowProxyAdapter\ServiceNowSoapProxyAdapterUnitTest.cs:line 648</StackTrace>        </ErrorInfo>      </Output>    </UnitTestResult>    <UnitTestResult executionId="700ba2a3-5a89-417d-b5a5-a90ea64d7d8c" testId="911426f0-d684-c7e1-09ee-914539606cb1" testName="TestServiceNowSoapProxyAdaptorDeleteUserWithUpdateOnSoftDeleteOff" computerName="PRANAY-TEST" duration="00:00:54.9169821" startTime="2014-08-08T11:41:30.3838691-07:00" endTime="2014-08-08T11:42:25.2988691-07:00" testType="13cdc9d9-ddb5-4fa4-a97d-d965ccfc6d4b" outcome="Passed" testListId="8c84fa94-04c1-424b-9868-57a2d4851a1d" relativeResultsDirectory="700ba2a3-5a89-417d-b5a5-a90ea64d7d8c" />    <UnitTestResult executionId="d34f6d6a-e451-46a5-9540-afe9d4a51d60" testId="4b07b12f-bc8e-41a4-b02a-5e065ff359e0" testName="TestServiceNowSoapProxyAdaptorReactivateUser" computerName="PRANAY-TEST" duration="00:00:24.6683532" startTime="2014-08-08T11:42:25.3138691-07:00" endTime="2014-08-08T11:42:49.9818691-07:00" testType="13cdc9d9-ddb5-4fa4-a97d-d965ccfc6d4b" outcome="Passed" testListId="8c84fa94-04c1-424b-9868-57a2d4851a1d" relativeResultsDirectory="d34f6d6a-e451-46a5-9540-afe9d4a51d60" />    <UnitTestResult executionId="20e44c5b-e80f-4eef-86b3-3777557abe91" testId="7a56e7ca-3c8c-9dc4-8190-d3dc23bcbe57" testName="TestServiceNowSoapProxyAdaptorImportUser" computerName="PRANAY-TEST" duration="00:00:22.8959758" startTime="2014-08-08T11:42:49.9928691-07:00" endTime="2014-08-08T11:43:12.8888691-07:00" testType="13cdc9d9-ddb5-4fa4-a97d-d965ccfc6d4b" outcome="Passed" testListId="8c84fa94-04c1-424b-9868-57a2d4851a1d" relativeResultsDirectory="20e44c5b-e80f-4eef-86b3-3777557abe91" />    <UnitTestResult executionId="855963cc-95a7-4598-a72b-19dda285319e" testId="13d3d631-2839-f942-da46-3eaa6a51bb79" testName="TestServiceNowSoapProxyAdaptorImportUserByAnchor" computerName="PRANAY-TEST" duration="00:00:22.4916789" startTime="2014-08-08T11:43:12.8958691-07:00" endTime="2014-08-08T11:43:35.3878691-07:00" testType="13cdc9d9-ddb5-4fa4-a97d-d965ccfc6d4b" outcome="Passed" testListId="8c84fa94-04c1-424b-9868-57a2d4851a1d" relativeResultsDirectory="855963cc-95a7-4598-a72b-19dda285319e" />    <UnitTestResult executionId="14bf58b1-e815-4220-84ab-2bd709dc4e19" testId="791c7d83-c38f-ea63-2783-8ffda05f37f8" testName="TestServiceNowSoapProxyAdaptorExportDeleteUser" computerName="PRANAY-TEST" duration="00:00:22.3907163" startTime="2014-08-08T11:43:35.3978691-07:00" endTime="2014-08-08T11:43:57.7878691-07:00" testType="13cdc9d9-ddb5-4fa4-a97d-d965ccfc6d4b" outcome="Passed" testListId="8c84fa94-04c1-424b-9868-57a2d4851a1d" relativeResultsDirectory="14bf58b1-e815-4220-84ab-2bd709dc4e19" />    <UnitTestResult executionId="bd3875d0-9157-4a61-8e5b-fc5891075abd" testId="bd7851a1-d393-2313-5612-78f60cad6ac4" testName="TestServiceNowSoapProxyAdaptorFullImportUser" computerName="PRANAY-TEST" duration="00:00:21.0363021" startTime="2014-08-08T11:43:57.7978691-07:00" endTime="2014-08-08T11:44:18.8338691-07:00" testType="13cdc9d9-ddb5-4fa4-a97d-d965ccfc6d4b" outcome="Passed" testListId="8c84fa94-04c1-424b-9868-57a2d4851a1d" relativeResultsDirectory="bd3875d0-9157-4a61-8e5b-fc5891075abd" />    <UnitTestResult executionId="16722a46-07e6-45a3-882c-343c8f02382d" testId="a9064c20-0a99-9b46-433c-942d9bf9bbe1" testName="TestServiceNowInstanceProxyAdaptorExport" computerName="PRANAY-TEST" duration="00:00:09.9533701" startTime="2014-08-08T11:44:18.8428691-07:00" endTime="2014-08-08T11:44:28.7978691-07:00" testType="13cdc9d9-ddb5-4fa4-a97d-d965ccfc6d4b" outcome="Passed" testListId="8c84fa94-04c1-424b-9868-57a2d4851a1d" relativeResultsDirectory="16722a46-07e6-45a3-882c-343c8f02382d" />    <UnitTestResult executionId="6f4eafb0-1577-4680-b6fa-256d38acc963" testId="7391a19e-aace-6901-a7a3-5a01c30a18ae" testName="TestErrorDuringAddUser" computerName="PRANAY-TEST" duration="00:00:40.9965188" startTime="2014-08-08T11:38:33.8648691-07:00" endTime="2014-08-08T11:39:15.5878691-07:00" testType="13cdc9d9-ddb5-4fa4-a97d-d965ccfc6d4b" outcome="Passed" testListId="8c84fa94-04c1-424b-9868-57a2d4851a1d" relativeResultsDirectory="6f4eafb0-1577-4680-b6fa-256d38acc963" />    <UnitTestResult executionId="03ded57c-301d-46b5-8d3c-1a975cdf7c7c" testId="e4b21b3e-3f33-a7c0-aa29-b561fc833905" testName="TestErrorDuringDeleteUser" computerName="PRANAY-TEST" duration="00:00:06.9203151" startTime="2014-08-08T11:39:15.7688691-07:00" endTime="2014-08-08T11:39:22.6898691-07:00" testType="13cdc9d9-ddb5-4fa4-a97d-d965ccfc6d4b" outcome="Passed" testListId="8c84fa94-04c1-424b-9868-57a2d4851a1d" relativeResultsDirectory="03ded57c-301d-46b5-8d3c-1a975cdf7c7c" />    <UnitTestResult executionId="934bcdd1-0e1e-42be-80a0-8c7ff0e863e5" testId="14741457-6f63-60be-2744-4872a8528cdb" testName="TestErrorDuringFindUser" computerName="PRANAY-TEST" duration="00:00:29.0600640" startTime="2014-08-08T11:39:22.7048691-07:00" endTime="2014-08-08T11:39:51.7648691-07:00" testType="13cdc9d9-ddb5-4fa4-a97d-d965ccfc6d4b" outcome="Passed" testListId="8c84fa94-04c1-424b-9868-57a2d4851a1d" relativeResultsDirectory="934bcdd1-0e1e-42be-80a0-8c7ff0e863e5" />    <UnitTestResult executionId="6a5971cd-6c25-4b03-ac09-2b0965648116" testId="31631701-e7f0-05d8-ea53-f91f9d5a9f39" testName="TestErrorDuringFindUsers" computerName="PRANAY-TEST" duration="00:00:31.9671273" startTime="2014-08-08T11:39:51.7938691-07:00" endTime="2014-08-08T11:40:23.7608691-07:00" testType="13cdc9d9-ddb5-4fa4-a97d-d965ccfc6d4b" outcome="Passed" testListId="8c84fa94-04c1-424b-9868-57a2d4851a1d" relativeResultsDirectory="6a5971cd-6c25-4b03-ac09-2b0965648116" />    <UnitTestResult executionId="9c651770-1208-4475-9271-cd5ea5fce39a" testId="6e0c223d-5963-4ee2-ad4b-07b64add840c" testName="TestErrorDuringUpdateUser" computerName="PRANAY-TEST" duration="00:00:18.9175572" startTime="2014-08-08T11:40:23.8168691-07:00" endTime="2014-08-08T11:40:42.7348691-07:00" testType="13cdc9d9-ddb5-4fa4-a97d-d965ccfc6d4b" outcome="Failed" testListId="8c84fa94-04c1-424b-9868-57a2d4851a1d" relativeResultsDirectory="9c651770-1208-4475-9271-cd5ea5fce39a">      <Output>        <ErrorInfo>          <Message>Assert.IsFalse failed. </Message>          <StackTrace>   at Microsoft.ActiveDirectory.Connector.Test.GoogleAppsProxyAdapterUnitTest.ExportUsersAndEnsureNoEscrows(IEnumerable`1 exports) in f:\src\Adiam_Cloud_Nightly_Tester\sources\test\Services\SyncFabric\Controller\UnitTests\TestGoogleAppsProxyAdapter\GoogleAppsProxyAdapterUnitTest.cs:line 395   at Microsoft.ActiveDirectory.Connector.Test.GoogleAppsProxyAdapterUnitTest.TestErrorDuringUpdateUser() in f:\src\Adiam_Cloud_Nightly_Tester\sources\test\Services\SyncFabric\Controller\UnitTests\TestGoogleAppsProxyAdapter\GoogleAppsProxyAdapterUnitTest.cs:line 962</StackTrace>        </ErrorInfo>      </Output>    </UnitTestResult>    <UnitTestResult executionId="92be599f-5571-4fda-9454-54c4925d85cf" testId="b29ed5a1-891e-b6da-e2d7-e91787211cbc" testName="TestErrorInvalidAdminUserName" computerName="PRANAY-TEST" duration="00:00:11.8963423" startTime="2014-08-08T11:40:42.7688691-07:00" endTime="2014-08-08T11:40:54.6678691-07:00" testType="13cdc9d9-ddb5-4fa4-a97d-d965ccfc6d4b" outcome="Passed" testListId="8c84fa94-04c1-424b-9868-57a2d4851a1d" relativeResultsDirectory="92be599f-5571-4fda-9454-54c4925d85cf" />    <UnitTestResult executionId="a42c46a9-7df9-4355-b1d4-0e5a7f849096" testId="e3045bfa-0a4f-2610-d162-d6052a6d722a" testName="TestExport" computerName="PRANAY-TEST" duration="00:01:12.9641274" startTime="2014-08-08T11:40:54.7438691-07:00" endTime="2014-08-08T11:42:07.7048691-07:00" testType="13cdc9d9-ddb5-4fa4-a97d-d965ccfc6d4b" outcome="Failed" testListId="8c84fa94-04c1-424b-9868-57a2d4851a1d" relativeResultsDirectory="a42c46a9-7df9-4355-b1d4-0e5a7f849096">      <Output>        <ErrorInfo>          <Message>Assert.IsTrue failed. </Message>          <StackTrace>   at Microsoft.ActiveDirectory.Connector.Test.GoogleAppsProxyAdapterUnitTest.TestExport() in f:\src\Adiam_Cloud_Nightly_Tester\sources\test\Services\SyncFabric\Controller\UnitTests\TestGoogleAppsProxyAdapter\GoogleAppsProxyAdapterUnitTest.cs:line 1046</StackTrace>        </ErrorInfo>      </Output>    </UnitTestResult>    <UnitTestResult executionId="075583e4-b3d9-4aed-8f7c-b720b61fca57" testId="54731a81-be20-7897-6114-1ac6cf124061" testName="TestFullImport" computerName="PRANAY-TEST" duration="00:00:09.3546301" startTime="2014-08-08T11:42:07.7168691-07:00" endTime="2014-08-08T11:42:17.0718691-07:00" testType="13cdc9d9-ddb5-4fa4-a97d-d965ccfc6d4b" outcome="Passed" testListId="8c84fa94-04c1-424b-9868-57a2d4851a1d" relativeResultsDirectory="075583e4-b3d9-4aed-8f7c-b720b61fca57" />    <UnitTestResult executionId="44530efd-11e5-4db9-af4f-96cf6ba38b75" testId="4454c496-8ce9-c10e-fd1f-7f91d84d95cf" testName="TestDomainMismatch" computerName="PRANAY-TEST" duration="00:00:06.7238544" startTime="2014-08-08T11:42:17.0808691-07:00" endTime="2014-08-08T11:42:23.8048691-07:00" testType="13cdc9d9-ddb5-4fa4-a97d-d965ccfc6d4b" outcome="Passed" testListId="8c84fa94-04c1-424b-9868-57a2d4851a1d" relativeResultsDirectory="44530efd-11e5-4db9-af4f-96cf6ba38b75" />    <UnitTestResult executionId="c36066e2-ed90-4a45-b5b2-282740b95c14" testId="58ec7d6f-1827-e293-c3f1-4b1d269072f2" testName="TestTryValidateCredentials" computerName="PRANAY-TEST" duration="00:00:09.1158099" startTime="2014-08-08T11:42:23.8178691-07:00" endTime="2014-08-08T11:42:32.9348691-07:00" testType="13cdc9d9-ddb5-4fa4-a97d-d965ccfc6d4b" outcome="Passed" testListId="8c84fa94-04c1-424b-9868-57a2d4851a1d" relativeResultsDirectory="c36066e2-ed90-4a45-b5b2-282740b95c14" />    <UnitTestResult executionId="56b2f8ea-e335-4c8b-b5fd-2b1b75fbeec0" testId="08aa170e-0bee-a361-019e-13500eb07110" testName="TestAddItem" computerName="PRANAY-TEST" duration="00:00:26.8761498" startTime="2014-08-08T11:38:50.8988691-07:00" endTime="2014-08-08T11:39:18.8768691-07:00" testType="13cdc9d9-ddb5-4fa4-a97d-d965ccfc6d4b" outcome="Passed" testListId="8c84fa94-04c1-424b-9868-57a2d4851a1d" relativeResultsDirectory="56b2f8ea-e335-4c8b-b5fd-2b1b75fbeec0" />    <UnitTestResult executionId="7ca49aef-3d7f-4039-9eac-251728e26f23" testId="ccadfd66-3ee1-d438-b2ea-21700ccd8b26" testName="TestAddLargeItem" computerName="PRANAY-TEST" duration="00:01:58.5024523" startTime="2014-08-08T11:39:19.1408691-07:00" endTime="2014-08-08T11:41:17.6378691-07:00" testType="13cdc9d9-ddb5-4fa4-a97d-d965ccfc6d4b" outcome="Passed" testListId="8c84fa94-04c1-424b-9868-57a2d4851a1d" relativeResultsDirectory="7ca49aef-3d7f-4039-9eac-251728e26f23" />    <UnitTestResult executionId="e7d8f8e3-d7ad-4c6a-ad70-3bfe9e43a441" testId="9ba0fbbf-c124-d662-a95a-dee8f4ba6300" testName="TestMarkOrphanedLock" computerName="PRANAY-TEST" duration="00:00:25.2254394" startTime="2014-08-08T11:41:17.7298691-07:00" endTime="2014-08-08T11:41:42.9558691-07:00" testType="13cdc9d9-ddb5-4fa4-a97d-d965ccfc6d4b" outcome="Passed" testListId="8c84fa94-04c1-424b-9868-57a2d4851a1d" relativeResultsDirectory="e7d8f8e3-d7ad-4c6a-ad70-3bfe9e43a441" />    <UnitTestResult executionId="136779f6-e3da-4a8c-aece-81b8facd57cf" testId="6ca3544a-a6ce-7a38-9682-0976b4a9a1e2" testName="TestDeleteItem" computerName="PRANAY-TEST" duration="00:00:05.4465589" startTime="2014-08-08T11:41:42.9678691-07:00" endTime="2014-08-08T11:41:48.4158691-07:00" testType="13cdc9d9-ddb5-4fa4-a97d-d965ccfc6d4b" outcome="Passed" testListId="8c84fa94-04c1-424b-9868-57a2d4851a1d" relativeResultsDirectory="136779f6-e3da-4a8c-aece-81b8facd57cf" />    <UnitTestResult executionId="a0cab301-e2a7-40f3-8f97-256c5210f55f" testId="bb42a532-02f6-6960-3e9d-33ca3c5d5e25" testName="TestDeleteItemWithoutLock" computerName="PRANAY-TEST" duration="00:00:05.1349581" startTime="2014-08-08T11:41:48.4508691-07:00" endTime="2014-08-08T11:41:53.5868691-07:00" testType="13cdc9d9-ddb5-4fa4-a97d-d965ccfc6d4b" outcome="Passed" testListId="8c84fa94-04c1-424b-9868-57a2d4851a1d" relativeResultsDirectory="a0cab301-e2a7-40f3-8f97-256c5210f55f" />    <UnitTestResult executionId="3b0c1076-db4d-4b3d-809b-f9ae687e871a" testId="42e593fa-bee0-ceda-9985-3dbb8128f42f" testName="TestFindIdentifiers" computerName="PRANAY-TEST" duration="00:00:07.1423092" startTime="2014-08-08T11:41:53.5968691-07:00" endTime="2014-08-08T11:42:00.7398691-07:00" testType="13cdc9d9-ddb5-4fa4-a97d-d965ccfc6d4b" outcome="Passed" testListId="8c84fa94-04c1-424b-9868-57a2d4851a1d" relativeResultsDirectory="3b0c1076-db4d-4b3d-809b-f9ae687e871a" />    <UnitTestResult executionId="9761f86b-923f-4ee2-92f9-23f7a971c764" testId="13dc9935-d5b7-22f0-6343-a9f468aa7522" testName="TestFindItems" computerName="PRANAY-TEST" duration="00:00:11.2228052" startTime="2014-08-08T11:42:00.7488691-07:00" endTime="2014-08-08T11:42:11.9718691-07:00" testType="13cdc9d9-ddb5-4fa4-a97d-d965ccfc6d4b" outcome="Passed" testListId="8c84fa94-04c1-424b-9868-57a2d4851a1d" relativeResultsDirectory="9761f86b-923f-4ee2-92f9-23f7a971c764" />    <UnitTestResult executionId="bbb21b43-3217-4412-a8ee-381b68f642ec" testId="9847e6d4-2db7-a109-bce5-1e8c418ddc15" testName="TestFlush" computerName="PRANAY-TEST" duration="00:00:04.0962341" startTime="2014-08-08T11:42:11.9988691-07:00" endTime="2014-08-08T11:42:16.0968691-07:00" testType="13cdc9d9-ddb5-4fa4-a97d-d965ccfc6d4b" outcome="Passed" testListId="8c84fa94-04c1-424b-9868-57a2d4851a1d" relativeResultsDirectory="bbb21b43-3217-4412-a8ee-381b68f642ec" />    <UnitTestResult executionId="cefcfa90-09c1-4c17-aba8-a95690a6bf39" testId="a32c43cc-145c-f7f1-6bff-63a3c42e7cde" testName="TestGetItem" computerName="PRANAY-TEST" duration="00:00:05.1325313" startTime="2014-08-08T11:42:16.1078691-07:00" endTime="2014-08-08T11:42:21.2408691-07:00" testType="13cdc9d9-ddb5-4fa4-a97d-d965ccfc6d4b" outcome="Passed" testListId="8c84fa94-04c1-424b-9868-57a2d4851a1d" relativeResultsDirectory="cefcfa90-09c1-4c17-aba8-a95690a6bf39" />    <UnitTestResult executionId="9a12e60f-def6-459d-9528-35b23d8a2acf" testId="de042ee0-23c0-6f92-d11d-37c0aaca3f59" testName="TestPerformanceCounters" computerName="PRANAY-TEST" duration="00:00:08.8867014" startTime="2014-08-08T11:42:21.2498691-07:00" endTime="2014-08-08T11:42:30.1378691-07:00" testType="13cdc9d9-ddb5-4fa4-a97d-d965ccfc6d4b" outcome="Passed" testListId="8c84fa94-04c1-424b-9868-57a2d4851a1d" relativeResultsDirectory="9a12e60f-def6-459d-9528-35b23d8a2acf" />    <UnitTestResult executionId="73a4176e-cbc0-4c25-8227-58a1a05c401d" testId="9e3ab945-d402-92fa-a432-1b6ca96a32ba" testName="TestTryGetItem" computerName="PRANAY-TEST" duration="00:00:04.0669324" startTime="2014-08-08T11:42:30.1518691-07:00" endTime="2014-08-08T11:42:34.2198691-07:00" testType="13cdc9d9-ddb5-4fa4-a97d-d965ccfc6d4b" outcome="Passed" testListId="8c84fa94-04c1-424b-9868-57a2d4851a1d" relativeResultsDirectory="73a4176e-cbc0-4c25-8227-58a1a05c401d" />    <UnitTestResult executionId="12a13950-4554-4884-b034-036442d7d14a" testId="17de6989-410c-6dd6-7db7-65c3fc4b5a81" testName="TestTryLock" computerName="PRANAY-TEST" duration="00:00:04.2962676" startTime="2014-08-08T11:42:34.2438691-07:00" endTime="2014-08-08T11:42:38.5398691-07:00" testType="13cdc9d9-ddb5-4fa4-a97d-d965ccfc6d4b" outcome="Passed" testListId="8c84fa94-04c1-424b-9868-57a2d4851a1d" relativeResultsDirectory="12a13950-4554-4884-b034-036442d7d14a" />    <UnitTestResult executionId="3917fc11-9b44-4093-b746-ab2fb02df4eb" testId="ddb95f2d-1de0-700b-f225-31f08dbcab15" testName="TestUnlock" computerName="PRANAY-TEST" duration="00:00:03.7260001" startTime="2014-08-08T11:42:38.5458691-07:00" endTime="2014-08-08T11:42:42.2718691-07:00" testType="13cdc9d9-ddb5-4fa4-a97d-d965ccfc6d4b" outcome="Passed" testListId="8c84fa94-04c1-424b-9868-57a2d4851a1d" relativeResultsDirectory="3917fc11-9b44-4093-b746-ab2fb02df4eb" />    <UnitTestResult executionId="f0d395bf-b07f-4804-abbd-c882dc61c8fe" testId="d6158266-3e43-d3e5-1d59-8422d38c36e6" testName="TestUnlockWithoutLock" computerName="PRANAY-TEST" duration="00:00:05.0172837" startTime="2014-08-08T11:42:42.2778691-07:00" endTime="2014-08-08T11:42:47.2958691-07:00" testType="13cdc9d9-ddb5-4fa4-a97d-d965ccfc6d4b" outcome="Passed" testListId="8c84fa94-04c1-424b-9868-57a2d4851a1d" relativeResultsDirectory="f0d395bf-b07f-4804-abbd-c882dc61c8fe" />    <UnitTestResult executionId="f70d4818-2bf4-40eb-9f4a-cebff64c466f" testId="32de17be-d913-ce74-c42c-3cb590dbca7e" testName="TestUpdateItem" computerName="PRANAY-TEST" duration="00:00:03.7829668" startTime="2014-08-08T11:42:47.2998691-07:00" endTime="2014-08-08T11:42:51.0838691-07:00" testType="13cdc9d9-ddb5-4fa4-a97d-d965ccfc6d4b" outcome="Passed" testListId="8c84fa94-04c1-424b-9868-57a2d4851a1d" relativeResultsDirectory="f70d4818-2bf4-40eb-9f4a-cebff64c466f" />    <UnitTestResult executionId="12c42a06-2549-40b9-a72e-a1470c6d14bd" testId="c7015e05-590e-68dc-ce51-1a7d11423764" testName="TestUpdateItemWithoutLock" computerName="PRANAY-TEST" duration="00:00:00.5898036" startTime="2014-08-08T11:42:51.0898691-07:00" endTime="2014-08-08T11:42:51.6808691-07:00" testType="13cdc9d9-ddb5-4fa4-a97d-d965ccfc6d4b" outcome="Passed" testListId="8c84fa94-04c1-424b-9868-57a2d4851a1d" relativeResultsDirectory="12c42a06-2549-40b9-a72e-a1470c6d14bd" />    <UnitTestResult executionId="53f637e8-ea38-48bf-aca4-de0b0e4b448f" testId="01a917da-af8e-dc89-f982-a61468f720b1" testName="TestScheduleEntityStorage" computerName="PRANAY-TEST" duration="00:00:25.4479975" startTime="2014-08-08T11:42:51.6838691-07:00" endTime="2014-08-08T11:43:17.1318691-07:00" testType="13cdc9d9-ddb5-4fa4-a97d-d965ccfc6d4b" outcome="Passed" testListId="8c84fa94-04c1-424b-9868-57a2d4851a1d" relativeResultsDirectory="53f637e8-ea38-48bf-aca4-de0b0e4b448f" />    <UnitTestResult executionId="37343417-9d2f-4d22-bae0-d154f2055e06" testId="5c820662-de25-fc43-3251-36d49fbdee72" testName="TestCount" computerName="PRANAY-TEST" duration="00:00:05.3436854" startTime="2014-08-08T11:43:17.1418691-07:00" endTime="2014-08-08T11:43:22.4868691-07:00" testType="13cdc9d9-ddb5-4fa4-a97d-d965ccfc6d4b" outcome="Passed" testListId="8c84fa94-04c1-424b-9868-57a2d4851a1d" relativeResultsDirectory="37343417-9d2f-4d22-bae0-d154f2055e06" />    <UnitTestResult executionId="37381f7e-9153-446d-a4e4-529349e73494" testId="ee526b05-e2fe-32c8-3ad7-c0e47221152d" testName="TestDelete" computerName="PRANAY-TEST" duration="00:00:28.0144797" startTime="2014-08-08T11:43:22.4918691-07:00" endTime="2014-08-08T11:43:50.5048691-07:00" testType="13cdc9d9-ddb5-4fa4-a97d-d965ccfc6d4b" outcome="Passed" testListId="8c84fa94-04c1-424b-9868-57a2d4851a1d" relativeResultsDirectory="37381f7e-9153-446d-a4e4-529349e73494" />    <UnitTestResult executionId="835ea2dd-ca16-4aab-ba8d-81039cb1333b" testId="4c2c0507-a64d-6e6b-477a-dd7127457d77" testName="TestFlush" computerName="PRANAY-TEST" duration="00:00:05.5977988" startTime="2014-08-08T11:43:50.5118691-07:00" endTime="2014-08-08T11:43:56.1108691-07:00" testType="13cdc9d9-ddb5-4fa4-a97d-d965ccfc6d4b" outcome="Passed" testListId="8c84fa94-04c1-424b-9868-57a2d4851a1d" relativeResultsDirectory="835ea2dd-ca16-4aab-ba8d-81039cb1333b" />    <UnitTestResult executionId="16b30f42-f408-43be-869c-a5006d6e80a1" testId="a6c2fdc2-d572-12fe-8838-aab9ffca8763" testName="TestRetrievalComposite" computerName="PRANAY-TEST" duration="00:00:03.4959535" startTime="2014-08-08T11:43:56.1168691-07:00" endTime="2014-08-08T11:43:59.6138691-07:00" testType="13cdc9d9-ddb5-4fa4-a97d-d965ccfc6d4b" outcome="Passed" testListId="8c84fa94-04c1-424b-9868-57a2d4851a1d" relativeResultsDirectory="16b30f42-f408-43be-869c-a5006d6e80a1" />    <UnitTestResult executionId="85284657-c863-46d8-9956-a8614ee48900" testId="ba0a03ee-a3eb-fe91-f758-f9740c4c55a4" testName="TestRetrievalRange" computerName="PRANAY-TEST" duration="00:00:08.9549054" startTime="2014-08-08T11:43:59.6188691-07:00" endTime="2014-08-08T11:44:08.5738691-07:00" testType="13cdc9d9-ddb5-4fa4-a97d-d965ccfc6d4b" outcome="Passed" testListId="8c84fa94-04c1-424b-9868-57a2d4851a1d" relativeResultsDirectory="85284657-c863-46d8-9956-a8614ee48900" />    <UnitTestResult executionId="ebbc6ec3-3ee1-462a-8b2f-b03be52be5c8" testId="2d09a5cd-c144-8fc3-8593-814aa73f247a" testName="TestRetrievalRangeWithDuplicates" computerName="PRANAY-TEST" duration="00:00:12.7353523" startTime="2014-08-08T11:44:08.5788691-07:00" endTime="2014-08-08T11:44:21.3148691-07:00" testType="13cdc9d9-ddb5-4fa4-a97d-d965ccfc6d4b" outcome="Passed" testListId="8c84fa94-04c1-424b-9868-57a2d4851a1d" relativeResultsDirectory="ebbc6ec3-3ee1-462a-8b2f-b03be52be5c8" />    <UnitTestResult executionId="e2e55f3b-2009-4216-914a-197e3536ee6d" testId="d49eee95-53c2-4ffe-f896-eb37332737cf" testName="TestUpload" computerName="PRANAY-TEST" duration="00:00:02.0136047" startTime="2014-08-08T11:44:21.3278691-07:00" endTime="2014-08-08T11:44:23.3418691-07:00" testType="13cdc9d9-ddb5-4fa4-a97d-d965ccfc6d4b" outcome="Passed" testListId="8c84fa94-04c1-424b-9868-57a2d4851a1d" relativeResultsDirectory="e2e55f3b-2009-4216-914a-197e3536ee6d" />    <UnitTestResult executionId="08ea26a9-b642-4555-be7e-fb6ee42b0d00" testId="19eeca2b-ff0e-f272-ec73-72a31cf8e95e" testName="SalesForceSandbox_TestProfilesImport" computerName="PRANAY-TEST" duration="00:00:34.6273869" startTime="2014-08-08T11:38:44.7218691-07:00" endTime="2014-08-08T11:39:19.8258691-07:00" testType="13cdc9d9-ddb5-4fa4-a97d-d965ccfc6d4b" outcome="Passed" testListId="8c84fa94-04c1-424b-9868-57a2d4851a1d" relativeResultsDirectory="08ea26a9-b642-4555-be7e-fb6ee42b0d00" />    <UnitTestResult executionId="f0a42810-0d74-4648-a8ca-5eeb663dbd78" testId="2f2c1ef7-4a9e-871d-d4b6-17c151c61b41" testName="TestUpdate" computerName="PRANAY-TEST" duration="00:00:17.1818250" startTime="2014-08-08T11:39:20.2168691-07:00" endTime="2014-08-08T11:39:37.4008691-07:00" testType="13cdc9d9-ddb5-4fa4-a97d-d965ccfc6d4b" outcome="Passed" testListId="8c84fa94-04c1-424b-9868-57a2d4851a1d" relativeResultsDirectory="f0a42810-0d74-4648-a8ca-5eeb663dbd78" />    <UnitTestResult executionId="727eaddb-5759-4f3c-a2d9-b6a6ef13101f" testId="6adc519e-93dc-8188-14a8-bce7d8612a6d" testName="TestAllStaticProfiles" computerName="PRANAY-TEST" duration="00:00:15.8585442" startTime="2014-08-08T11:39:37.4138691-07:00" endTime="2014-08-08T11:39:53.2728691-07:00" testType="13cdc9d9-ddb5-4fa4-a97d-d965ccfc6d4b" outcome="Passed" testListId="8c84fa94-04c1-424b-9868-57a2d4851a1d" relativeResultsDirectory="727eaddb-5759-4f3c-a2d9-b6a6ef13101f" />    <UnitTestResult executionId="dbb28ec1-70ff-497c-93aa-1371cb747186" testId="4e13138b-b6de-e265-5875-6d7fb77a7962" testName="TestErrorCasesResetPassword" computerName="PRANAY-TEST" duration="00:00:06.2890905" startTime="2014-08-08T11:39:53.2918691-07:00" endTime="2014-08-08T11:39:59.5838691-07:00" testType="13cdc9d9-ddb5-4fa4-a97d-d965ccfc6d4b" outcome="Passed" testListId="8c84fa94-04c1-424b-9868-57a2d4851a1d" relativeResultsDirectory="dbb28ec1-70ff-497c-93aa-1371cb747186" />    <UnitTestResult executionId="9494f574-6c5d-42db-81e5-f98a7d4840d5" testId="5aa38983-0dfb-4a60-357c-2d8782cb64b1" testName="TestProfilesImport" computerName="PRANAY-TEST" duration="00:00:03.5196414" startTime="2014-08-08T11:39:59.5998691-07:00" endTime="2014-08-08T11:40:03.1208691-07:00" testType="13cdc9d9-ddb5-4fa4-a97d-d965ccfc6d4b" outcome="Passed" testListId="8c84fa94-04c1-424b-9868-57a2d4851a1d" relativeResultsDirectory="9494f574-6c5d-42db-81e5-f98a7d4840d5" />    <UnitTestResult executionId="bd204d7f-b3b2-4635-9a51-d9c06bd720dc" testId="aea31092-71a2-80ae-19f4-8df5ffa87250" testName="TestImport" computerName="PRANAY-TEST" duration="00:00:06.1493574" startTime="2014-08-08T11:40:03.1818691-07:00" endTime="2014-08-08T11:40:09.3338691-07:00" testType="13cdc9d9-ddb5-4fa4-a97d-d965ccfc6d4b" outcome="Passed" testListId="8c84fa94-04c1-424b-9868-57a2d4851a1d" relativeResultsDirectory="bd204d7f-b3b2-4635-9a51-d9c06bd720dc" />    <UnitTestResult executionId="c88f9dcb-8247-431a-b925-97cb4c61be0e" testId="b79dcff5-3090-1c49-8559-df4da7146816" testName="TestInsert" computerName="PRANAY-TEST" duration="00:00:09.0017788" startTime="2014-08-08T11:40:09.3438691-07:00" endTime="2014-08-08T11:40:18.3458691-07:00" testType="13cdc9d9-ddb5-4fa4-a97d-d965ccfc6d4b" outcome="Passed" testListId="8c84fa94-04c1-424b-9868-57a2d4851a1d" relativeResultsDirectory="c88f9dcb-8247-431a-b925-97cb4c61be0e" />    <UnitTestResult executionId="182d6d77-6780-4c74-9b5e-cc743d0a3fa3" testId="d15666db-0b53-e697-3720-950459332fbc" testName="TestUpdateOnSoftDelete" computerName="PRANAY-TEST" duration="00:00:18.9314665" startTime="2014-08-08T11:40:18.3538691-07:00" endTime="2014-08-08T11:40:37.2858691-07:00" testType="13cdc9d9-ddb5-4fa4-a97d-d965ccfc6d4b" outcome="Passed" testListId="8c84fa94-04c1-424b-9868-57a2d4851a1d" relativeResultsDirectory="182d6d77-6780-4c74-9b5e-cc743d0a3fa3" />    <UnitTestResult executionId="c19d5c70-d03d-4dcc-b1f5-2f3303425963" testId="6457ec6b-7735-9658-4d8f-7b6137491705" testName="TestErrorCasesImport" computerName="PRANAY-TEST" duration="00:00:30.4732064" startTime="2014-08-08T11:40:37.3228691-07:00" endTime="2014-08-08T11:41:07.7968691-07:00" testType="13cdc9d9-ddb5-4fa4-a97d-d965ccfc6d4b" outcome="Passed" testListId="8c84fa94-04c1-424b-9868-57a2d4851a1d" relativeResultsDirectory="c19d5c70-d03d-4dcc-b1f5-2f3303425963" />    <UnitTestResult executionId="6d6c0526-f209-40c2-b62f-f4199846546f" testId="246e626b-75c4-ea1c-bc83-d4056cefd66a" testName="TestErrorCasesExport" computerName="PRANAY-TEST" duration="00:00:26.8662987" startTime="2014-08-08T11:41:07.8128691-07:00" endTime="2014-08-08T11:41:34.6788691-07:00" testType="13cdc9d9-ddb5-4fa4-a97d-d965ccfc6d4b" outcome="Passed" testListId="8c84fa94-04c1-424b-9868-57a2d4851a1d" relativeResultsDirectory="6d6c0526-f209-40c2-b62f-f4199846546f" />    <UnitTestResult executionId="69f37744-a5d3-42ab-876d-4a898b2d0fb3" testId="61a388f4-2ef0-3528-4a00-ecea6dee217e" testName="TestAllStaticProfiles" computerName="PRANAY-TEST" duration="00:01:12.0787013" startTime="2014-08-08T11:41:34.7018691-07:00" endTime="2014-08-08T11:42:46.7768691-07:00" testType="13cdc9d9-ddb5-4fa4-a97d-d965ccfc6d4b" outcome="Passed" testListId="8c84fa94-04c1-424b-9868-57a2d4851a1d" relativeResultsDirectory="69f37744-a5d3-42ab-876d-4a898b2d0fb3" />    <UnitTestResult executionId="cdd97528-1c58-4f50-8dc9-88bcdf9623e1" testId="074bd96e-e8a5-8ac0-e401-67618904fe55" testName="TestErrorCasesResetPassword" computerName="PRANAY-TEST" duration="00:00:23.6176825" startTime="2014-08-08T11:42:46.7908691-07:00" endTime="2014-08-08T11:43:10.4078691-07:00" testType="13cdc9d9-ddb5-4fa4-a97d-d965ccfc6d4b" outcome="Passed" testListId="8c84fa94-04c1-424b-9868-57a2d4851a1d" relativeResultsDirectory="cdd97528-1c58-4f50-8dc9-88bcdf9623e1" />    <UnitTestResult executionId="b391c7db-3331-44bd-bc4f-55c6904f8c74" testId="3e385389-0ff3-370c-c5c2-a19f1c4e777f" testName="TestProfilesImport" computerName="PRANAY-TEST" duration="00:00:13.1786907" startTime="2014-08-08T11:43:10.4158691-07:00" endTime="2014-08-08T11:43:23.5948691-07:00" testType="13cdc9d9-ddb5-4fa4-a97d-d965ccfc6d4b" outcome="Passed" testListId="8c84fa94-04c1-424b-9868-57a2d4851a1d" relativeResultsDirectory="b391c7db-3331-44bd-bc4f-55c6904f8c74" />    <UnitTestResult executionId="bde9030f-3300-451a-9727-40c3ed36528d" testId="29ce40d4-7595-ad8b-e1b1-ddc154a7724b" testName="TestImport" computerName="PRANAY-TEST" duration="00:00:25.2181453" startTime="2014-08-08T11:43:23.5998691-07:00" endTime="2014-08-08T11:43:48.8178691-07:00" testType="13cdc9d9-ddb5-4fa4-a97d-d965ccfc6d4b" outcome="Passed" testListId="8c84fa94-04c1-424b-9868-57a2d4851a1d" relativeResultsDirectory="bde9030f-3300-451a-9727-40c3ed36528d" />    <UnitTestResult executionId="0153e8c5-0cf0-4977-931c-5444bce40f1d" testId="abd53c1c-08ba-09f7-769d-1062ce01c207" testName="TestInsert" computerName="PRANAY-TEST" duration="00:00:20.7026325" startTime="2014-08-08T11:43:48.8248691-07:00" endTime="2014-08-08T11:44:09.5278691-07:00" testType="13cdc9d9-ddb5-4fa4-a97d-d965ccfc6d4b" outcome="Passed" testListId="8c84fa94-04c1-424b-9868-57a2d4851a1d" relativeResultsDirectory="0153e8c5-0cf0-4977-931c-5444bce40f1d" />    <UnitTestResult executionId="150157b8-aed3-48c8-8410-e6f31428570a" testId="756727b2-e98e-61ac-09fd-f0257a209aed" testName="TestUpdateOnSoftDelete" computerName="PRANAY-TEST" duration="00:01:02.3494925" startTime="2014-08-08T11:44:09.5358691-07:00" endTime="2014-08-08T11:45:11.8818691-07:00" testType="13cdc9d9-ddb5-4fa4-a97d-d965ccfc6d4b" outcome="Passed" testListId="8c84fa94-04c1-424b-9868-57a2d4851a1d" relativeResultsDirectory="150157b8-aed3-48c8-8410-e6f31428570a" />    <UnitTestResult executionId="3cacfea8-8de0-477d-a485-64a495e61011" testId="1fdc10df-73ad-b25e-2b82-9698349bb428" testName="TestMessageCompletion" computerName="PRANAY-TEST" duration="00:00:43.3540015" startTime="2014-08-08T11:38:36.9958691-07:00" endTime="2014-08-08T11:39:21.1478691-07:00" testType="13cdc9d9-ddb5-4fa4-a97d-d965ccfc6d4b" outcome="Passed" testListId="8c84fa94-04c1-424b-9868-57a2d4851a1d" relativeResultsDirectory="3cacfea8-8de0-477d-a485-64a495e61011" />    <UnitTestResult executionId="f02d0269-fd82-45c0-8c98-cbf71b09e03b" testId="1081b2c5-f169-01e5-155c-0d00973389cf" testName="TestMessageConversion" computerName="PRANAY-TEST" duration="00:00:01.0189960" startTime="2014-08-08T11:39:21.8438691-07:00" endTime="2014-08-08T11:39:22.8648691-07:00" testType="13cdc9d9-ddb5-4fa4-a97d-d965ccfc6d4b" outcome="Passed" testListId="8c84fa94-04c1-424b-9868-57a2d4851a1d" relativeResultsDirectory="f02d0269-fd82-45c0-8c98-cbf71b09e03b" />    <UnitTestResult executionId="448f06df-33b1-4cda-8837-923ba6d01746" testId="aa787804-0117-488b-88e4-8edd75f97318" testName="TestMonitorQueue" computerName="PRANAY-TEST" duration="00:01:22.0197598" startTime="2014-08-08T11:39:22.8718691-07:00" endTime="2014-08-08T11:40:44.8888691-07:00" testType="13cdc9d9-ddb5-4fa4-a97d-d965ccfc6d4b" outcome="Passed" testListId="8c84fa94-04c1-424b-9868-57a2d4851a1d" relativeResultsDirectory="448f06df-33b1-4cda-8837-923ba6d01746" />    <UnitTestResult executionId="d10b5cb3-c643-4279-9128-c8dcfa792948" testId="08b48e02-34a9-a3bf-4f63-bfd0dca7e43b" testName="TestServiceBus" computerName="PRANAY-TEST" duration="00:00:04.6528541" startTime="2014-08-08T11:40:44.9058691-07:00" endTime="2014-08-08T11:40:49.5598691-07:00" testType="13cdc9d9-ddb5-4fa4-a97d-d965ccfc6d4b" outcome="Passed" testListId="8c84fa94-04c1-424b-9868-57a2d4851a1d" relativeResultsDirectory="d10b5cb3-c643-4279-9128-c8dcfa792948" />    <UnitTestResult executionId="1679410f-cc14-40e7-8b61-f80b1ab143e6" testId="4a4f57cd-a9e3-99e8-b8df-b769d9d22f3d" testName="TestExceptions" computerName="PRANAY-TEST" duration="00:01:16.1218203" startTime="2014-08-08T11:40:49.5848691-07:00" endTime="2014-08-08T11:42:05.7038691-07:00" testType="13cdc9d9-ddb5-4fa4-a97d-d965ccfc6d4b" outcome="Passed" testListId="8c84fa94-04c1-424b-9868-57a2d4851a1d" relativeResultsDirectory="1679410f-cc14-40e7-8b61-f80b1ab143e6" />    <UnitTestResult executionId="1fc23103-d65e-4cc7-8cc6-0673a4966baf" testId="75720ab4-f3f2-7d55-c8bf-e0dca9802992" testName="TestAdaptiveConfiguration" computerName="PRANAY-TEST" duration="00:01:37.3822785" startTime="2014-08-08T11:37:44.8048691-07:00" endTime="2014-08-08T11:39:22.3228691-07:00" testType="13cdc9d9-ddb5-4fa4-a97d-d965ccfc6d4b" outcome="Failed" testListId="8c84fa94-04c1-424b-9868-57a2d4851a1d" relativeResultsDirectory="1fc23103-d65e-4cc7-8cc6-0673a4966baf">      <Output>        <ErrorInfo>          <Message>Test method Microsoft.ActiveDirectory.Connector.Test.AdaptiveConfigurationUnitTest.TestAdaptiveConfiguration threw exception: System.Net.WebException: Unable to connect to the remote server ---&gt; System.Net.Sockets.SocketException: No connection could be made because the target machine actively refused it 127.0.0.1:81</Message>          <StackTrace>    at System.Net.Sockets.Socket.DoConnect(EndPoint endPointSnapshot, SocketAddress socketAddress)   at System.Net.ServicePoint.ConnectSocketInternal(Boolean connectFailure, Socket s4, Socket s6, Socket&amp; socket, IPAddress&amp; address, ConnectSocketState state, IAsyncResult asyncResult, Exception&amp; exception) --- End of inner exception stack trace ---    at System.Net.WebClient.DownloadDataInternal(Uri address, WebRequest&amp; request)   at System.Net.WebClient.DownloadString(Uri address)   at Microsoft.ActiveDirectory.Connector.SimpleWebServiceClient.Download(IEnumerable`1 headers) in f:\src\Adiam_Cloud_Nightly_Tester\sources\dev\Services\SyncFabric\Controller\Utility\SimpleWebServiceClient.cs:line 66   at Microsoft.ActiveDirectory.Connector.Test.AdaptiveConfigurationUnitTest.TestDeployedAdaptiveConfiguration() in f:\src\Adiam_Cloud_Nightly_Tester\sources\test\Services\SyncFabric\Controller\UnitTests\TestUtility\AdaptiveConfigurationUnitTest.cs:line 72   at Microsoft.ActiveDirectory.Connector.Test.AdaptiveConfigurationUnitTest.TestAdaptiveConfiguration() in f:\src\Adiam_Cloud_Nightly_Tester\sources\test\Services\SyncFabric\Controller\UnitTests\TestUtility\AdaptiveConfigurationUnitTest.cs:line 46</StackTrace>        </ErrorInfo>      </Output>    </UnitTestResult>    <UnitTestResult executionId="c75b93ff-3f33-448d-ad08-9ed567c08c76" testId="a8f1e1a3-9eae-6ca1-b213-e197d1e29374" testName="TestCancelationEvaluation" computerName="PRANAY-TEST" duration="00:00:01.0091916" startTime="2014-08-08T11:39:22.3478691-07:00" endTime="2014-08-08T11:39:23.3578691-07:00" testType="13cdc9d9-ddb5-4fa4-a97d-d965ccfc6d4b" outcome="Passed" testListId="8c84fa94-04c1-424b-9868-57a2d4851a1d" relativeResultsDirectory="c75b93ff-3f33-448d-ad08-9ed567c08c76" />    <UnitTestResult executionId="d2438a60-1ba9-4004-a638-038df9e1f63b" testId="5e9f656b-abbd-49d4-49d8-9a4155812043" testName="TestErrorCodeMapping" computerName="PRANAY-TEST" duration="00:00:01.1195532" startTime="2014-08-08T11:39:23.3588691-07:00" endTime="2014-08-08T11:39:24.4788691-07:00" testType="13cdc9d9-ddb5-4fa4-a97d-d965ccfc6d4b" outcome="Passed" testListId="8c84fa94-04c1-424b-9868-57a2d4851a1d" relativeResultsDirectory="d2438a60-1ba9-4004-a638-038df9e1f63b" />    <UnitTestResult executionId="071c2ebd-7d1e-4981-857d-fe39d8d9e2f1" testId="7b463b21-9338-41eb-2018-847a0a5550f3" testName="TestRetrySuccessful" computerName="PRANAY-TEST" duration="00:00:00.0829774" startTime="2014-08-08T11:39:24.4798691-07:00" endTime="2014-08-08T11:39:24.5638691-07:00" testType="13cdc9d9-ddb5-4fa4-a97d-d965ccfc6d4b" outcome="Passed" testListId="8c84fa94-04c1-424b-9868-57a2d4851a1d" relativeResultsDirectory="071c2ebd-7d1e-4981-857d-fe39d8d9e2f1" />    <UnitTestResult executionId="4ca6077c-59fb-45b8-b185-dfcf1b326c5e" testId="07b817e1-dff8-3b20-8131-38d88cee2b7a" testName="TestRetryFailures" computerName="PRANAY-TEST" duration="00:00:00.6928550" startTime="2014-08-08T11:39:24.5638691-07:00" endTime="2014-08-08T11:39:25.2568691-07:00" testType="13cdc9d9-ddb5-4fa4-a97d-d965ccfc6d4b" outcome="Passed" testListId="8c84fa94-04c1-424b-9868-57a2d4851a1d" relativeResultsDirectory="4ca6077c-59fb-45b8-b185-dfcf1b326c5e" />    <UnitTestResult executionId="5571d810-95d6-4c42-9da4-a9b22edde4c4" testId="bfd767b9-1af3-90da-2c44-b907df0646ff" testName="TestRetryFailureDueToTimeouts" computerName="PRANAY-TEST" duration="00:00:00.4996868" startTime="2014-08-08T11:39:25.2568691-07:00" endTime="2014-08-08T11:39:25.7568691-07:00" testType="13cdc9d9-ddb5-4fa4-a97d-d965ccfc6d4b" outcome="Passed" testListId="8c84fa94-04c1-424b-9868-57a2d4851a1d" relativeResultsDirectory="5571d810-95d6-4c42-9da4-a9b22edde4c4" />    <UnitTestResult executionId="713e28d2-bcae-49d6-b7f5-78e0b24a9672" testId="2d41973d-4d6b-fc48-e40b-f6f805d67a12" testName="TestRetryFailureAfterTimeouts" computerName="PRANAY-TEST" duration="00:00:02.8386011" startTime="2014-08-08T11:39:25.7578691-07:00" endTime="2014-08-08T11:39:28.5968691-07:00" testType="13cdc9d9-ddb5-4fa4-a97d-d965ccfc6d4b" outcome="Passed" testListId="8c84fa94-04c1-424b-9868-57a2d4851a1d" relativeResultsDirectory="713e28d2-bcae-49d6-b7f5-78e0b24a9672" />    <UnitTestResult executionId="288e7d32-3fe7-4727-b90b-a67647cb0b8f" testId="72f0acad-e72e-0760-4147-6e0c846804f0" testName="TestRetryPerformance" computerName="PRANAY-TEST" duration="00:01:42.4954985" startTime="2014-08-08T11:39:28.5968691-07:00" endTime="2014-08-08T11:41:11.0868691-07:00" testType="13cdc9d9-ddb5-4fa4-a97d-d965ccfc6d4b" outcome="Passed" testListId="8c84fa94-04c1-424b-9868-57a2d4851a1d" relativeResultsDirectory="288e7d32-3fe7-4727-b90b-a67647cb0b8f" />    <UnitTestResult executionId="e3e2e1bf-186a-4b76-8614-01fbf44e7705" testId="8902f795-8af8-dabc-8a1d-448d54679240" testName="TestErrorCodeAnalysis" computerName="PRANAY-TEST" duration="00:00:00.0034072" startTime="2014-08-08T11:41:11.0878691-07:00" endTime="2014-08-08T11:41:11.0918691-07:00" testType="13cdc9d9-ddb5-4fa4-a97d-d965ccfc6d4b" outcome="Passed" testListId="8c84fa94-04c1-424b-9868-57a2d4851a1d" relativeResultsDirectory="e3e2e1bf-186a-4b76-8614-01fbf44e7705" />    <UnitTestResult executionId="3c9a2b77-02fd-4194-ad3c-5b7ec922249a" testId="63b7abc0-64ca-0d16-59ff-ec759d5563ba" testName="TestCreatingCompositionInstances" computerName="PRANAY-TEST" duration="00:00:00.4214109" startTime="2014-08-08T11:41:11.0918691-07:00" endTime="2014-08-08T11:41:11.5138691-07:00" testType="13cdc9d9-ddb5-4fa4-a97d-d965ccfc6d4b" outcome="Passed" testListId="8c84fa94-04c1-424b-9868-57a2d4851a1d" relativeResultsDirectory="3c9a2b77-02fd-4194-ad3c-5b7ec922249a" />    <UnitTestResult executionId="011f009e-98e1-45fe-a5d4-54df382b02d8" testId="5c3fad22-5102-f075-bd76-815a8eb6e2e5" testName="TestPerformanceNonSharedCreationPolicy" computerName="PRANAY-TEST" duration="00:08:07.3020600" startTime="2014-08-08T11:41:11.5148691-07:00" endTime="2014-08-08T11:49:18.7908691-07:00" testType="13cdc9d9-ddb5-4fa4-a97d-d965ccfc6d4b" outcome="Failed" testListId="8c84fa94-04c1-424b-9868-57a2d4851a1d" relativeResultsDirectory="011f009e-98e1-45fe-a5d4-54df382b02d8">      <Output>        <ErrorInfo>          <Message>Assert.IsTrue failed. </Message>          <StackTrace>   at Microsoft.ActiveDirectory.Connector.Test.TestComposition.TestPerformanceNonSharedCreationPolicy() in f:\src\Adiam_Cloud_Nightly_Tester\sources\test\Services\SyncFabric\Controller\UnitTests\TestUtility\TestCompostition.cs:line 92</StackTrace>        </ErrorInfo>      </Output>    </UnitTestResult>    <UnitTestResult executionId="f07756e9-e835-4f8d-a39b-5949ac7cd743" testId="67341bb2-389c-12c2-cf9f-64ead8995ff0" testName="TestCancellationExceptions" computerName="PRANAY-TEST" duration="00:00:00.0041140" startTime="2014-08-08T11:49:18.7918691-07:00" endTime="2014-08-08T11:49:18.7958691-07:00" testType="13cdc9d9-ddb5-4fa4-a97d-d965ccfc6d4b" outcome="Passed" testListId="8c84fa94-04c1-424b-9868-57a2d4851a1d" relativeResultsDirectory="f07756e9-e835-4f8d-a39b-5949ac7cd743" />    <UnitTestResult executionId="62021d03-a428-454b-bedb-e6a9c426af15" testId="41c8c9cb-e9f5-7580-1483-353f9ee32474" testName="TestExceptionCombineMessages" computerName="PRANAY-TEST" duration="00:00:00.0053559" startTime="2014-08-08T11:49:18.7958691-07:00" endTime="2014-08-08T11:49:18.8018691-07:00" testType="13cdc9d9-ddb5-4fa4-a97d-d965ccfc6d4b" outcome="Passed" testListId="8c84fa94-04c1-424b-9868-57a2d4851a1d" relativeResultsDirectory="62021d03-a428-454b-bedb-e6a9c426af15" />    <UnitTestResult executionId="2f1f04cd-830f-4315-915a-12c54c481e92" testId="1f57f1d1-6d9f-cf06-ba55-bd8fedd80a52" testName="TestExceptionExtractMessagesMultipleIterations" computerName="PRANAY-TEST" duration="00:00:01.8102775" startTime="2014-08-08T11:49:18.8018691-07:00" endTime="2014-08-08T11:49:20.6118691-07:00" testType="13cdc9d9-ddb5-4fa4-a97d-d965ccfc6d4b" outcome="Passed" testListId="8c84fa94-04c1-424b-9868-57a2d4851a1d" relativeResultsDirectory="2f1f04cd-830f-4315-915a-12c54c481e92" />    <UnitTestResult executionId="984e2b8b-b4d3-4cdf-9854-a9b92bfe67e3" testId="5e1dd0dc-81b4-3655-1371-793d50ff80a0" testName="TestReportableMessage" computerName="PRANAY-TEST" duration="00:00:00.0015240" startTime="2014-08-08T11:49:20.6128691-07:00" endTime="2014-08-08T11:49:20.6138691-07:00" testType="13cdc9d9-ddb5-4fa4-a97d-d965ccfc6d4b" outcome="Passed" testListId="8c84fa94-04c1-424b-9868-57a2d4851a1d" relativeResultsDirectory="984e2b8b-b4d3-4cdf-9854-a9b92bfe67e3" />    <UnitTestResult executionId="66b33a04-9531-411c-99d4-64242e7e9116" testId="93df08de-7565-8a05-b95e-61c3fa867e52" testName="TestTransientExceptions" computerName="PRANAY-TEST" duration="00:00:00.0018258" startTime="2014-08-08T11:49:20.6138691-07:00" endTime="2014-08-08T11:49:20.6158691-07:00" testType="13cdc9d9-ddb5-4fa4-a97d-d965ccfc6d4b" outcome="Passed" testListId="8c84fa94-04c1-424b-9868-57a2d4851a1d" relativeResultsDirectory="66b33a04-9531-411c-99d4-64242e7e9116" />    <UnitTestResult executionId="68c5bc8b-cff4-4d9a-93d0-40d5da516c16" testId="01c4307c-810d-ead0-03a4-42dfbfd66e32" testName="TestTsgIdentifierExtraction" computerName="PRANAY-TEST" duration="00:00:00.0028078" startTime="2014-08-08T11:49:20.6158691-07:00" endTime="2014-08-08T11:49:20.6188691-07:00" testType="13cdc9d9-ddb5-4fa4-a97d-d965ccfc6d4b" outcome="Passed" testListId="8c84fa94-04c1-424b-9868-57a2d4851a1d" relativeResultsDirectory="68c5bc8b-cff4-4d9a-93d0-40d5da516c16" />    <UnitTestResult executionId="98df87af-1a2b-4ad6-a4e1-02c9cdb081dc" testId="f4183073-d09d-07ee-a5b0-58385b38f93f" testName="TestErrorCodeExtraction" computerName="PRANAY-TEST" duration="00:00:00.0064953" startTime="2014-08-08T11:49:20.6188691-07:00" endTime="2014-08-08T11:49:20.6258691-07:00" testType="13cdc9d9-ddb5-4fa4-a97d-d965ccfc6d4b" outcome="Passed" testListId="8c84fa94-04c1-424b-9868-57a2d4851a1d" relativeResultsDirectory="98df87af-1a2b-4ad6-a4e1-02c9cdb081dc" />    <UnitTestResult executionId="f205a1e3-44b2-412f-bdf2-d1721d48313e" testId="1ffadd00-49e6-1d0b-b6ad-ba9dc70a3b2a" testName="TestHasException" computerName="PRANAY-TEST" duration="00:00:00.0007075" startTime="2014-08-08T11:49:20.6258691-07:00" endTime="2014-08-08T11:49:20.6268691-07:00" testType="13cdc9d9-ddb5-4fa4-a97d-d965ccfc6d4b" outcome="Passed" testListId="8c84fa94-04c1-424b-9868-57a2d4851a1d" relativeResultsDirectory="f205a1e3-44b2-412f-bdf2-d1721d48313e" />    <UnitTestResult executionId="f8ceca5a-7a00-43d9-b51c-98054f2d4fd9" testId="be33f02f-90c5-8d1d-2e15-5dce23b10aff" testName="TestQuarantineExceptions" computerName="PRANAY-TEST" duration="00:00:00.0024837" startTime="2014-08-08T11:49:20.6268691-07:00" endTime="2014-08-08T11:49:20.6298691-07:00" testType="13cdc9d9-ddb5-4fa4-a97d-d965ccfc6d4b" outcome="Passed" testListId="8c84fa94-04c1-424b-9868-57a2d4851a1d" relativeResultsDirectory="f8ceca5a-7a00-43d9-b51c-98054f2d4fd9" />    <UnitTestResult executionId="5c1d8f52-effa-4da4-9d2a-207b7b5ec9d9" testId="3f1b217c-ce32-02ce-56f4-29c36a11fe8b" testName="TestSalesforceExceptionAnalyzer" computerName="PRANAY-TEST" duration="00:00:00.0020891" startTime="2014-08-08T11:49:20.6298691-07:00" endTime="2014-08-08T11:49:20.6318691-07:00" testType="13cdc9d9-ddb5-4fa4-a97d-d965ccfc6d4b" outcome="Passed" testListId="8c84fa94-04c1-424b-9868-57a2d4851a1d" relativeResultsDirectory="5c1d8f52-effa-4da4-9d2a-207b7b5ec9d9" />    <UnitTestResult executionId="62a6955f-8bcc-4303-b45c-9bf5f53d1881" testId="928ea2b7-a9a7-ac6c-dd81-6ffe0539a38c" testName="TestComputeHash" computerName="PRANAY-TEST" duration="00:00:00.0019648" startTime="2014-08-08T11:49:20.6318691-07:00" endTime="2014-08-08T11:49:20.6348691-07:00" testType="13cdc9d9-ddb5-4fa4-a97d-d965ccfc6d4b" outcome="Passed" testListId="8c84fa94-04c1-424b-9868-57a2d4851a1d" relativeResultsDirectory="62a6955f-8bcc-4303-b45c-9bf5f53d1881" />    <UnitTestResult executionId="185a14ca-fe79-4657-9e5c-f74c55ae6ffc" testId="f1bf8ea0-62e7-5b8c-5be1-232bb02aea7f" testName="TestBaseline" computerName="PRANAY-TEST" duration="00:00:00.0071736" startTime="2014-08-08T11:49:20.6348691-07:00" endTime="2014-08-08T11:49:20.6418691-07:00" testType="13cdc9d9-ddb5-4fa4-a97d-d965ccfc6d4b" outcome="Passed" testListId="8c84fa94-04c1-424b-9868-57a2d4851a1d" relativeResultsDirectory="185a14ca-fe79-4657-9e5c-f74c55ae6ffc" />    <UnitTestResult executionId="ed3e30ba-3257-4651-ad67-849da6f666d6" testId="5f62350a-10ba-3b9a-08a4-9fc5e69ce9f3" testName="TestProduce" computerName="PRANAY-TEST" duration="00:00:00.0071501" startTime="2014-08-08T11:49:20.6428691-07:00" endTime="2014-08-08T11:49:20.6498691-07:00" testType="13cdc9d9-ddb5-4fa4-a97d-d965ccfc6d4b" outcome="Passed" testListId="8c84fa94-04c1-424b-9868-57a2d4851a1d" relativeResultsDirectory="ed3e30ba-3257-4651-ad67-849da6f666d6" />    <UnitTestResult executionId="b9f41156-cbeb-4164-bc00-2591643b7efd" testId="3802393f-9585-399f-110c-df12751411e5" testName="TestProduceBatch" computerName="PRANAY-TEST" duration="00:00:00.0051418" startTime="2014-08-08T11:49:20.6498691-07:00" endTime="2014-08-08T11:49:20.6548691-07:00" testType="13cdc9d9-ddb5-4fa4-a97d-d965ccfc6d4b" outcome="Passed" testListId="8c84fa94-04c1-424b-9868-57a2d4851a1d" relativeResultsDirectory="b9f41156-cbeb-4164-bc00-2591643b7efd" />    <UnitTestResult executionId="3f61a498-6cd3-4dc5-adbb-5eec427ad23b" testId="77bc26e2-45ec-0946-d587-e258b06c0295" testName="TestRunProfileSerialization" computerName="PRANAY-TEST" duration="00:00:01.1340388" startTime="2014-08-08T11:49:20.6558691-07:00" endTime="2014-08-08T11:49:21.7898691-07:00" testType="13cdc9d9-ddb5-4fa4-a97d-d965ccfc6d4b" outcome="Passed" testListId="8c84fa94-04c1-424b-9868-57a2d4851a1d" relativeResultsDirectory="3f61a498-6cd3-4dc5-adbb-5eec427ad23b" />    <UnitTestResult executionId="9282627a-e95f-43ae-9d74-99653cce960f" testId="b9013459-0683-4107-03c8-1f45aea2a22f" testName="TestBoolSerialization" computerName="PRANAY-TEST" duration="00:00:00.0031728" startTime="2014-08-08T11:49:21.7898691-07:00" endTime="2014-08-08T11:49:21.7928691-07:00" testType="13cdc9d9-ddb5-4fa4-a97d-d965ccfc6d4b" outcome="Passed" testListId="8c84fa94-04c1-424b-9868-57a2d4851a1d" relativeResultsDirectory="9282627a-e95f-43ae-9d74-99653cce960f" />    <UnitTestResult executionId="916b59ff-4d39-4b60-af3e-90a562bb578a" testId="c0f91bda-25a9-ecce-1604-5f5aceae79d4" testName="TestDoubleSerialization" computerName="PRANAY-TEST" duration="00:00:00.0037152" startTime="2014-08-08T11:49:21.7938691-07:00" endTime="2014-08-08T11:49:21.7978691-07:00" testType="13cdc9d9-ddb5-4fa4-a97d-d965ccfc6d4b" outcome="Passed" testListId="8c84fa94-04c1-424b-9868-57a2d4851a1d" relativeResultsDirectory="916b59ff-4d39-4b60-af3e-90a562bb578a" />    <UnitTestResult executionId="a98ad2e6-ee15-4435-979a-77bf0ab65407" testId="c563191c-7742-f6ef-d04d-8d1bd3a76cd8" testName="TestEnumerableSerialization" computerName="PRANAY-TEST" duration="00:00:00.0314521" startTime="2014-08-08T11:49:21.7978691-07:00" endTime="2014-08-08T11:49:21.8288691-07:00" testType="13cdc9d9-ddb5-4fa4-a97d-d965ccfc6d4b" outcome="Passed" testListId="8c84fa94-04c1-424b-9868-57a2d4851a1d" relativeResultsDirectory="a98ad2e6-ee15-4435-979a-77bf0ab65407" />    <UnitTestResult executionId="cc734390-5597-44d5-83da-e2ea06a53d26" testId="781c2832-1c33-fd33-f3ec-f714ea63693b" testName="TestFloatSerialization" computerName="PRANAY-TEST" duration="00:00:00.0038056" startTime="2014-08-08T11:49:21.8288691-07:00" endTime="2014-08-08T11:49:21.8328691-07:00" testType="13cdc9d9-ddb5-4fa4-a97d-d965ccfc6d4b" outcome="Passed" testListId="8c84fa94-04c1-424b-9868-57a2d4851a1d" relativeResultsDirectory="cc734390-5597-44d5-83da-e2ea06a53d26" />    <UnitTestResult executionId="19376321-0d87-4b91-b54a-4b36f9c5468d" testId="122d7de3-dbe7-5624-ab93-c49791e7087e" testName="TestGuidSerialization" computerName="PRANAY-TEST" duration="00:00:00.0030784" startTime="2014-08-08T11:49:21.8338691-07:00" endTime="2014-08-08T11:49:21.8368691-07:00" testType="13cdc9d9-ddb5-4fa4-a97d-d965ccfc6d4b" outcome="Passed" testListId="8c84fa94-04c1-424b-9868-57a2d4851a1d" relativeResultsDirectory="19376321-0d87-4b91-b54a-4b36f9c5468d" />    <UnitTestResult executionId="b10f4ba6-5537-43cb-8da4-4e9ab5d2ae28" testId="c16153a9-5a5b-49f8-4bcd-7c2e70587a67" testName="TestIntSerialization" computerName="PRANAY-TEST" duration="00:00:00.0029245" startTime="2014-08-08T11:49:21.8368691-07:00" endTime="2014-08-08T11:49:21.8398691-07:00" testType="13cdc9d9-ddb5-4fa4-a97d-d965ccfc6d4b" outcome="Passed" testListId="8c84fa94-04c1-424b-9868-57a2d4851a1d" relativeResultsDirectory="b10f4ba6-5537-43cb-8da4-4e9ab5d2ae28" />    <UnitTestResult executionId="0c70e2be-f3b5-4686-b873-0d6f15286ee6" testId="3154abfa-7de5-474a-2fcd-9eed58aadd2d" testName="TestLongSerialization" computerName="PRANAY-TEST" duration="00:00:00.0048339" startTime="2014-08-08T11:49:21.8398691-07:00" endTime="2014-08-08T11:49:21.8448691-07:00" testType="13cdc9d9-ddb5-4fa4-a97d-d965ccfc6d4b" outcome="Passed" testListId="8c84fa94-04c1-424b-9868-57a2d4851a1d" relativeResultsDirectory="0c70e2be-f3b5-4686-b873-0d6f15286ee6" />    <UnitTestResult executionId="517b5a18-e6f3-4272-95cc-d4425513d036" testId="f655edef-b397-8754-f377-655e295670e9" testName="TestUserInformationSerialization" computerName="PRANAY-TEST" duration="00:00:00.0037760" startTime="2014-08-08T11:49:21.8448691-07:00" endTime="2014-08-08T11:49:21.8488691-07:00" testType="13cdc9d9-ddb5-4fa4-a97d-d965ccfc6d4b" outcome="Passed" testListId="8c84fa94-04c1-424b-9868-57a2d4851a1d" relativeResultsDirectory="517b5a18-e6f3-4272-95cc-d4425513d036" />    <UnitTestResult executionId="8816a4da-58da-44ee-ac57-90f09cd4bad9" testId="c836e576-0f71-7f0e-53a5-57acc6dc6284" testName="PerformanceScaleSalesforceScenarioTestRunProfileExecution" computerName="PRANAY-TEST" duration="00:00:26.8527178" startTime="2014-08-08T11:38:56.3858691-07:00" endTime="2014-08-08T11:39:23.6168691-07:00" testType="13cdc9d9-ddb5-4fa4-a97d-d965ccfc6d4b" outcome="Passed" testListId="8c84fa94-04c1-424b-9868-57a2d4851a1d" relativeResultsDirectory="8816a4da-58da-44ee-ac57-90f09cd4bad9" />    <UnitTestResult executionId="1a28388a-c9c2-4299-9a9e-8c56b63998b1" testId="e308f587-625a-831a-d20a-eb69ba7be13c" testName="TestOutboundProvisioning" computerName="PRANAY-TEST" duration="00:01:19.9696865" startTime="2014-08-08T11:39:23.7908691-07:00" endTime="2014-08-08T11:40:43.7578691-07:00" testType="13cdc9d9-ddb5-4fa4-a97d-d965ccfc6d4b" outcome="Passed" testListId="8c84fa94-04c1-424b-9868-57a2d4851a1d" relativeResultsDirectory="1a28388a-c9c2-4299-9a9e-8c56b63998b1" />    <UnitTestResult executionId="1e797a45-a2fe-4f85-8233-aa1d721e855c" testId="ef168c4e-ac87-78c4-a831-e03e6abfeb17" testName="TestOutboundProvisioningProfileFull" computerName="PRANAY-TEST" duration="00:00:28.4843647" startTime="2014-08-08T11:40:43.7828691-07:00" endTime="2014-08-08T11:41:12.2668691-07:00" testType="13cdc9d9-ddb5-4fa4-a97d-d965ccfc6d4b" outcome="Passed" testListId="8c84fa94-04c1-424b-9868-57a2d4851a1d" relativeResultsDirectory="1e797a45-a2fe-4f85-8233-aa1d721e855c" />    <UnitTestResult executionId="1ac6d165-19f4-4068-8a5f-4c9f56666697" testId="6bf88a82-0f93-8616-bf65-9701b0c2b7c8" testName="TestOutboundProvisioningProfileWithException" computerName="PRANAY-TEST" duration="00:00:24.2344189" startTime="2014-08-08T11:41:12.2808691-07:00" endTime="2014-08-08T11:41:36.5148691-07:00" testType="13cdc9d9-ddb5-4fa4-a97d-d965ccfc6d4b" outcome="Passed" testListId="8c84fa94-04c1-424b-9868-57a2d4851a1d" relativeResultsDirectory="1ac6d165-19f4-4068-8a5f-4c9f56666697" />    <UnitTestResult executionId="265906c5-0bf2-4de6-9641-bbfa9558d6d9" testId="41ec8cd2-0829-01cb-39cf-54d3e934ee5a" testName="TestOutboundProvisioningProfileDelta" computerName="PRANAY-TEST" duration="00:00:26.4738119" startTime="2014-08-08T11:41:36.5288691-07:00" endTime="2014-08-08T11:42:03.0028691-07:00" testType="13cdc9d9-ddb5-4fa4-a97d-d965ccfc6d4b" outcome="Passed" testListId="8c84fa94-04c1-424b-9868-57a2d4851a1d" relativeResultsDirectory="265906c5-0bf2-4de6-9641-bbfa9558d6d9" />    <UnitTestResult executionId="5d8a34cd-b8b9-4eef-9d07-a5c3e187d409" testId="86c8b915-4c57-8408-ef00-ea4926a70ec8" testName="TestOutboundProvisioningProfileDeltaWithInboundEntitlements" computerName="PRANAY-TEST" duration="00:00:25.6485749" startTime="2014-08-08T11:42:03.0148691-07:00" endTime="2014-08-08T11:42:28.6628691-07:00" testType="13cdc9d9-ddb5-4fa4-a97d-d965ccfc6d4b" outcome="Passed" testListId="8c84fa94-04c1-424b-9868-57a2d4851a1d" relativeResultsDirectory="5d8a34cd-b8b9-4eef-9d07-a5c3e187d409" />    <UnitTestResult executionId="021e660a-13dc-4348-8c3b-f5d0682aec67" testId="2f3a4eaf-719e-da5e-1508-aba0a27fbc53" testName="TestExportAddUserWithoutJoiningProperty" computerName="PRANAY-TEST" duration="00:01:51.1587576" startTime="2014-08-08T11:37:34.0678691-07:00" endTime="2014-08-08T11:39:25.3668691-07:00" testType="13cdc9d9-ddb5-4fa4-a97d-d965ccfc6d4b" outcome="Passed" testListId="8c84fa94-04c1-424b-9868-57a2d4851a1d" relativeResultsDirectory="021e660a-13dc-4348-8c3b-f5d0682aec67" />    <UnitTestResult executionId="d2a19230-2f61-43ff-aba8-2c082013c3fe" testId="6abec567-22e8-3653-3257-7b7354d09b57" testName="TestEscrows" computerName="PRANAY-TEST" duration="00:00:40.7982349" startTime="2014-08-08T11:39:25.3868691-07:00" endTime="2014-08-08T11:40:06.1828691-07:00" testType="13cdc9d9-ddb5-4fa4-a97d-d965ccfc6d4b" outcome="Passed" testListId="8c84fa94-04c1-424b-9868-57a2d4851a1d" relativeResultsDirectory="d2a19230-2f61-43ff-aba8-2c082013c3fe" />    <UnitTestResult executionId="f912a75b-e166-41c4-a73a-834cd460a5a7" testId="a05a1cdc-5b78-30ad-3cf3-ca763dddc4f6" testName="TestEscrows_MaximumTimeElapsed" computerName="PRANAY-TEST" duration="00:01:21.9959425" startTime="2014-08-08T11:40:06.1838691-07:00" endTime="2014-08-08T11:41:28.1748691-07:00" testType="13cdc9d9-ddb5-4fa4-a97d-d965ccfc6d4b" outcome="Passed" testListId="8c84fa94-04c1-424b-9868-57a2d4851a1d" relativeResultsDirectory="f912a75b-e166-41c4-a73a-834cd460a5a7" />    <UnitTestResult executionId="d6a0a485-9f01-45bb-a264-527c5c4ffc6e" testId="14977266-5478-a5ae-4472-39b77564b9a6" testName="TestEscrow_DuplicateMatchingEntries" computerName="PRANAY-TEST" duration="00:00:10.8366039" startTime="2014-08-08T11:41:28.1758691-07:00" endTime="2014-08-08T11:41:39.0118691-07:00" testType="13cdc9d9-ddb5-4fa4-a97d-d965ccfc6d4b" outcome="Passed" testListId="8c84fa94-04c1-424b-9868-57a2d4851a1d" relativeResultsDirectory="d6a0a485-9f01-45bb-a264-527c5c4ffc6e" />    <UnitTestResult executionId="440371c1-b1f7-4f86-8a02-d12f294392ab" testId="ba4a45df-b6a0-4c94-d783-90dba16e6369" testName="ConcurProxyAdapterTest_Export" computerName="PRANAY-TEST" duration="00:00:49.2962172" startTime="2014-08-08T11:38:35.8838691-07:00" endTime="2014-08-08T11:39:25.7238691-07:00" testType="13cdc9d9-ddb5-4fa4-a97d-d965ccfc6d4b" outcome="Passed" testListId="8c84fa94-04c1-424b-9868-57a2d4851a1d" relativeResultsDirectory="440371c1-b1f7-4f86-8a02-d12f294392ab" />    <UnitTestResult executionId="9b8f9cd0-b56d-4847-b3d6-d63f61b70de8" testId="1cd557eb-71b3-ee78-c92c-ff44717d90d6" testName="ConcurProxyAdapterTest_ExportWithErrors" computerName="PRANAY-TEST" duration="00:00:08.5580774" startTime="2014-08-08T11:39:26.4128691-07:00" endTime="2014-08-08T11:39:34.9708691-07:00" testType="13cdc9d9-ddb5-4fa4-a97d-d965ccfc6d4b" outcome="Passed" testListId="8c84fa94-04c1-424b-9868-57a2d4851a1d" relativeResultsDirectory="9b8f9cd0-b56d-4847-b3d6-d63f61b70de8" />    <UnitTestResult executionId="a908ad83-4e55-4a45-884b-440b7c07d174" testId="5cedac59-2f4a-a83b-6f58-1f458b92172f" testName="ConcurProxyAdapterTest_ImportExistingUser" computerName="PRANAY-TEST" duration="00:00:07.9291548" startTime="2014-08-08T11:39:35.0008691-07:00" endTime="2014-08-08T11:39:42.9298691-07:00" testType="13cdc9d9-ddb5-4fa4-a97d-d965ccfc6d4b" outcome="Passed" testListId="8c84fa94-04c1-424b-9868-57a2d4851a1d" relativeResultsDirectory="a908ad83-4e55-4a45-884b-440b7c07d174" />    <UnitTestResult executionId="c87b7c23-1afe-4d99-92e8-203ac83fe55e" testId="687dfcd0-7afd-c819-9731-4944ab371aa9" testName="ConcurProxyAdapterTest_ImportWithExceptions" computerName="PRANAY-TEST" duration="00:00:55.1522907" startTime="2014-08-08T11:39:42.9388691-07:00" endTime="2014-08-08T11:40:38.0888691-07:00" testType="13cdc9d9-ddb5-4fa4-a97d-d965ccfc6d4b" outcome="Passed" testListId="8c84fa94-04c1-424b-9868-57a2d4851a1d" relativeResultsDirectory="c87b7c23-1afe-4d99-92e8-203ac83fe55e" />    <UnitTestResult executionId="12e9fce3-148c-4112-9881-ebc3c8254455" testId="3cea4d4c-6dbb-833a-4504-e1dd102669db" testName="ConcurProxyAdapterTest_ExportWithExceptions" computerName="PRANAY-TEST" duration="00:00:44.5498478" startTime="2014-08-08T11:40:38.1118691-07:00" endTime="2014-08-08T11:41:22.6608691-07:00" testType="13cdc9d9-ddb5-4fa4-a97d-d965ccfc6d4b" outcome="Passed" testListId="8c84fa94-04c1-424b-9868-57a2d4851a1d" relativeResultsDirectory="12e9fce3-148c-4112-9881-ebc3c8254455" />    <UnitTestResult executionId="f2246772-eaa5-4f8b-b7df-cddb164f80b7" testId="c54a6815-1719-61a3-f7a7-a238e312e5b1" testName="ConcurProxyAdapterTest_ValidateCredentials" computerName="PRANAY-TEST" duration="00:00:01.2250187" startTime="2014-08-08T11:41:22.6858691-07:00" endTime="2014-08-08T11:41:23.9118691-07:00" testType="13cdc9d9-ddb5-4fa4-a97d-d965ccfc6d4b" outcome="Passed" testListId="8c84fa94-04c1-424b-9868-57a2d4851a1d" relativeResultsDirectory="f2246772-eaa5-4f8b-b7df-cddb164f80b7" />    <UnitTestResult executionId="84758b60-05be-47a9-9ca1-4a9db21617e7" testId="cac7658f-505c-e31f-f8cd-80fa656fe293" testName="ConcurWebClientUnitTest_GetLists" computerName="PRANAY-TEST" duration="00:00:02.4656131" startTime="2014-08-08T11:41:23.9998691-07:00" endTime="2014-08-08T11:41:26.4668691-07:00" testType="13cdc9d9-ddb5-4fa4-a97d-d965ccfc6d4b" outcome="Passed" testListId="8c84fa94-04c1-424b-9868-57a2d4851a1d" relativeResultsDirectory="84758b60-05be-47a9-9ca1-4a9db21617e7" />    <UnitTestResult executionId="c2184596-960d-4a76-bf63-f6db8e4d3af1" testId="9e55a8c5-d42c-e0ab-ebce-a03da689687e" testName="ConcurWebClientUnitTest_GetListItems" computerName="PRANAY-TEST" duration="00:00:01.7109907" startTime="2014-08-08T11:41:26.4758691-07:00" endTime="2014-08-08T11:41:28.1878691-07:00" testType="13cdc9d9-ddb5-4fa4-a97d-d965ccfc6d4b" outcome="Passed" testListId="8c84fa94-04c1-424b-9868-57a2d4851a1d" relativeResultsDirectory="c2184596-960d-4a76-bf63-f6db8e4d3af1" />    <UnitTestResult executionId="cf0f19e5-3011-4fcd-a6b8-7fffdd7b27ef" testId="20511c02-f23b-ded3-caff-62a60ba472ef" testName="ConcurWebClientUnitTest_GetUserCurrent" computerName="PRANAY-TEST" duration="00:00:01.1628205" startTime="2014-08-08T11:41:28.2468691-07:00" endTime="2014-08-08T11:41:29.4098691-07:00" testType="13cdc9d9-ddb5-4fa4-a97d-d965ccfc6d4b" outcome="Passed" testListId="8c84fa94-04c1-424b-9868-57a2d4851a1d" relativeResultsDirectory="cf0f19e5-3011-4fcd-a6b8-7fffdd7b27ef" />    <UnitTestResult executionId="5b70f90c-2de5-470c-8a57-a8c9bfdb17c0" testId="fc5ecb34-8d3b-c3f1-c0c8-ad4f84040c65" testName="ConcurWebClientUnitTest_GetUserNonExistingUser" computerName="PRANAY-TEST" duration="00:00:02.2538843" startTime="2014-08-08T11:41:29.4128691-07:00" endTime="2014-08-08T11:41:31.6668691-07:00" testType="13cdc9d9-ddb5-4fa4-a97d-d965ccfc6d4b" outcome="Passed" testListId="8c84fa94-04c1-424b-9868-57a2d4851a1d" relativeResultsDirectory="5b70f90c-2de5-470c-8a57-a8c9bfdb17c0" />    <UnitTestResult executionId="7a665d3a-ee9d-4d7d-ba8c-997b4588a16f" testId="d9235f0d-54c0-c8c5-ef9b-d2d14db81e38" testName="ConcurWebClientUnitTest_LogOnUnauthorized" computerName="PRANAY-TEST" duration="00:00:01.1969007" startTime="2014-08-08T11:41:31.6768691-07:00" endTime="2014-08-08T11:41:32.8748691-07:00" testType="13cdc9d9-ddb5-4fa4-a97d-d965ccfc6d4b" outcome="Passed" testListId="8c84fa94-04c1-424b-9868-57a2d4851a1d" relativeResultsDirectory="7a665d3a-ee9d-4d7d-ba8c-997b4588a16f" />    <UnitTestResult executionId="6a6febe1-cbad-462e-8101-918d0435727b" testId="0ec997df-36a1-90ae-c4c0-7ea1d3a28cf5" testName="ConcurWebClientUnitTest_UpdateUsersCreateUser" computerName="PRANAY-TEST" duration="00:00:25.3002712" startTime="2014-08-08T11:41:32.9578691-07:00" endTime="2014-08-08T11:41:58.2578691-07:00" testType="13cdc9d9-ddb5-4fa4-a97d-d965ccfc6d4b" outcome="Passed" testListId="8c84fa94-04c1-424b-9868-57a2d4851a1d" relativeResultsDirectory="6a6febe1-cbad-462e-8101-918d0435727b" />    <UnitTestResult executionId="f430e5e2-3829-44f0-b994-79df513e6787" testId="45bf4967-ef9b-f492-99ff-aef38451a67e" testName="ConcurWebClientUnitTest_UpdateUsersUpdateProperty" computerName="PRANAY-TEST" duration="00:00:08.9084857" startTime="2014-08-08T11:41:58.2708691-07:00" endTime="2014-08-08T11:42:07.1798691-07:00" testType="13cdc9d9-ddb5-4fa4-a97d-d965ccfc6d4b" outcome="Passed" testListId="8c84fa94-04c1-424b-9868-57a2d4851a1d" relativeResultsDirectory="f430e5e2-3829-44f0-b994-79df513e6787" />    <UnitTestResult executionId="58897ba3-0fe3-4ea1-a319-3d6a768e07e5" testId="669f512c-a39f-87bd-4074-096216d78698" testName="ConcurWebClientUnitTest_UpdateUsersUpdateJoiningProperty" computerName="PRANAY-TEST" duration="00:00:13.1805412" startTime="2014-08-08T11:42:07.2848691-07:00" endTime="2014-08-08T11:42:20.4658691-07:00" testType="13cdc9d9-ddb5-4fa4-a97d-d965ccfc6d4b" outcome="Passed" testListId="8c84fa94-04c1-424b-9868-57a2d4851a1d" relativeResultsDirectory="58897ba3-0fe3-4ea1-a319-3d6a768e07e5" />    <UnitTestResult executionId="2b2d950f-cc2f-4309-99ed-cda2b1a60295" testId="026748de-419f-252e-9ec5-bf8a291e25f3" testName="ConcurWebClientUnitTest_UpdateUsersWithError" computerName="PRANAY-TEST" duration="00:00:06.2924115" startTime="2014-08-08T11:42:20.4748691-07:00" endTime="2014-08-08T11:42:26.7678691-07:00" testType="13cdc9d9-ddb5-4fa4-a97d-d965ccfc6d4b" outcome="Passed" testListId="8c84fa94-04c1-424b-9868-57a2d4851a1d" relativeResultsDirectory="2b2d950f-cc2f-4309-99ed-cda2b1a60295" />    <UnitTestResult executionId="36779306-8f42-4cb4-9592-a416e6981958" testId="313131a4-93f0-b6fe-bdf3-6e658c446092" testName="ConcurWebClientUnitTest_UpdateUsersDeleteUser" computerName="PRANAY-TEST" duration="00:00:05.8978151" startTime="2014-08-08T11:42:26.7808691-07:00" endTime="2014-08-08T11:42:32.6798691-07:00" testType="13cdc9d9-ddb5-4fa4-a97d-d965ccfc6d4b" outcome="Passed" testListId="8c84fa94-04c1-424b-9868-57a2d4851a1d" relativeResultsDirectory="36779306-8f42-4cb4-9592-a416e6981958" />    <UnitTestResult executionId="cb48e8b8-aa4d-4728-8598-deaf2998bfea" testId="7ccd74d4-30d2-3895-6ae0-81003a665311" testName="TestConnectorMappingDataUpgradeToV2" computerName="PRANAY-TEST" duration="00:00:49.7653069" startTime="2014-08-08T11:37:51.5888691-07:00" endTime="2014-08-08T11:39:31.6958691-07:00" testType="13cdc9d9-ddb5-4fa4-a97d-d965ccfc6d4b" outcome="Passed" testListId="8c84fa94-04c1-424b-9868-57a2d4851a1d" relativeResultsDirectory="cb48e8b8-aa4d-4728-8598-deaf2998bfea" />    <UnitTestResult executionId="91f073c2-9ad6-4c6c-b235-955e295fbf57" testId="9aec86ee-d373-0683-acd9-af75e3117cce" testName="TestConnectorMembershipDataStorage" computerName="PRANAY-TEST" duration="00:00:21.3893597" startTime="2014-08-08T11:39:31.7158691-07:00" endTime="2014-08-08T11:39:53.1048691-07:00" testType="13cdc9d9-ddb5-4fa4-a97d-d965ccfc6d4b" outcome="Passed" testListId="8c84fa94-04c1-424b-9868-57a2d4851a1d" relativeResultsDirectory="91f073c2-9ad6-4c6c-b235-955e295fbf57" />    <UnitTestResult executionId="a4e621d7-c37c-47e6-afbf-502839f3c392" testId="72c781a9-651d-f24a-d790-7206eb94c5a0" testName="TestConnectorMembershipDataStorage" computerName="PRANAY-TEST" duration="00:00:00.0128814" startTime="2014-08-08T11:39:53.1048691-07:00" endTime="2014-08-08T11:39:53.1188691-07:00" testType="13cdc9d9-ddb5-4fa4-a97d-d965ccfc6d4b" outcome="Passed" testListId="8c84fa94-04c1-424b-9868-57a2d4851a1d" relativeResultsDirectory="a4e621d7-c37c-47e6-afbf-502839f3c392" />    <UnitTestResult executionId="cec3bcba-0e79-467c-991f-5894f02aa91a" testId="3bc81ed3-63f0-f4f5-d836-10894f91538a" testName="TestAdd" computerName="PRANAY-TEST" duration="00:00:00.2177026" startTime="2014-08-08T11:39:53.1188691-07:00" endTime="2014-08-08T11:39:53.3368691-07:00" testType="13cdc9d9-ddb5-4fa4-a97d-d965ccfc6d4b" outcome="Passed" testListId="8c84fa94-04c1-424b-9868-57a2d4851a1d" relativeResultsDirectory="cec3bcba-0e79-467c-991f-5894f02aa91a" />    <UnitTestResult executionId="aea26d2a-e3ed-4e9d-a058-cbfd171128f9" testId="44b9c85f-7f5c-944e-9cb5-248ca7324a0f" testName="TestFlush" computerName="PRANAY-TEST" duration="00:00:00.2187781" startTime="2014-08-08T11:39:53.3368691-07:00" endTime="2014-08-08T11:39:53.5568691-07:00" testType="13cdc9d9-ddb5-4fa4-a97d-d965ccfc6d4b" outcome="Passed" testListId="8c84fa94-04c1-424b-9868-57a2d4851a1d" relativeResultsDirectory="aea26d2a-e3ed-4e9d-a058-cbfd171128f9" />    <UnitTestResult executionId="798e5bc9-1c93-4bc8-abf0-028f14d7f33a" testId="04472e54-c4b3-b428-9902-e3188bf06913" testName="TestAddIllegalStorageCharacters" computerName="PRANAY-TEST" duration="00:00:00.2071120" startTime="2014-08-08T11:39:53.5568691-07:00" endTime="2014-08-08T11:39:53.7638691-07:00" testType="13cdc9d9-ddb5-4fa4-a97d-d965ccfc6d4b" outcome="Passed" testListId="8c84fa94-04c1-424b-9868-57a2d4851a1d" relativeResultsDirectory="798e5bc9-1c93-4bc8-abf0-028f14d7f33a" />    <UnitTestResult executionId="742051ce-315a-4a6c-beae-3d0611105139" testId="7281a549-3cb8-a222-0f6c-640e0f362601" testName="TestCombinations" computerName="PRANAY-TEST" duration="00:00:00.5343814" startTime="2014-08-08T11:39:53.7638691-07:00" endTime="2014-08-08T11:39:54.2988691-07:00" testType="13cdc9d9-ddb5-4fa4-a97d-d965ccfc6d4b" outcome="Passed" testListId="8c84fa94-04c1-424b-9868-57a2d4851a1d" relativeResultsDirectory="742051ce-315a-4a6c-beae-3d0611105139" />    <UnitTestResult executionId="277b0d7a-8c66-4d9e-a3d6-351272342a70" testId="e49bbf5a-ea58-7417-f72c-27fdf7f7e04d" testName="TestUpdate" computerName="PRANAY-TEST" duration="00:00:00.2733496" startTime="2014-08-08T11:39:54.2988691-07:00" endTime="2014-08-08T11:39:54.5728691-07:00" testType="13cdc9d9-ddb5-4fa4-a97d-d965ccfc6d4b" outcome="Passed" testListId="8c84fa94-04c1-424b-9868-57a2d4851a1d" relativeResultsDirectory="277b0d7a-8c66-4d9e-a3d6-351272342a70" />    <UnitTestResult executionId="04210889-44ed-4b44-a6fb-5e29df060c2e" testId="e1abdace-ba25-a81d-7dd3-76acf866e486" testName="TestUpdateIllegalCharacters" computerName="PRANAY-TEST" duration="00:00:00.2325246" startTime="2014-08-08T11:39:54.5728691-07:00" endTime="2014-08-08T11:39:54.8058691-07:00" testType="13cdc9d9-ddb5-4fa4-a97d-d965ccfc6d4b" outcome="Passed" testListId="8c84fa94-04c1-424b-9868-57a2d4851a1d" relativeResultsDirectory="04210889-44ed-4b44-a6fb-5e29df060c2e" />    <UnitTestResult executionId="edc1f403-a0c7-4d4b-b4c8-93b9fe7ba8eb" testId="2d03aae2-e22e-04d0-47e2-fb667ac89651" testName="TestAdd" computerName="PRANAY-TEST" duration="00:00:01.0722371" startTime="2014-08-08T11:39:54.8058691-07:00" endTime="2014-08-08T11:39:55.8788691-07:00" testType="13cdc9d9-ddb5-4fa4-a97d-d965ccfc6d4b" outcome="Passed" testListId="8c84fa94-04c1-424b-9868-57a2d4851a1d" relativeResultsDirectory="edc1f403-a0c7-4d4b-b4c8-93b9fe7ba8eb" />    <UnitTestResult executionId="33b2299c-10f8-4d56-af11-52c3d095fd82" testId="6a88000a-c302-8141-5f97-a6ced567e031" testName="TestFlush" computerName="PRANAY-TEST" duration="00:00:28.4152531" startTime="2014-08-08T11:39:55.8788691-07:00" endTime="2014-08-08T11:40:24.2928691-07:00" testType="13cdc9d9-ddb5-4fa4-a97d-d965ccfc6d4b" outcome="Passed" testListId="8c84fa94-04c1-424b-9868-57a2d4851a1d" relativeResultsDirectory="33b2299c-10f8-4d56-af11-52c3d095fd82" />    <UnitTestResult executionId="83c6c695-c382-469c-b9c9-f957081fa9b4" testId="49d2b8d2-65a2-19fc-4d27-b3ed539d1bfa" testName="TestAddIllegalStorageCharacters" computerName="PRANAY-TEST" duration="00:00:19.6594669" startTime="2014-08-08T11:40:24.2928691-07:00" endTime="2014-08-08T11:40:43.9518691-07:00" testType="13cdc9d9-ddb5-4fa4-a97d-d965ccfc6d4b" outcome="Passed" testListId="8c84fa94-04c1-424b-9868-57a2d4851a1d" relativeResultsDirectory="83c6c695-c382-469c-b9c9-f957081fa9b4" />    <UnitTestResult executionId="da1c1f10-f067-4cf6-8575-d6d83bb349ce" testId="a2705a06-c48d-08f0-aa9c-47e54ce86ebc" testName="TestCombinations" computerName="PRANAY-TEST" duration="00:00:32.4779094" startTime="2014-08-08T11:40:43.9518691-07:00" endTime="2014-08-08T11:41:16.4278691-07:00" testType="13cdc9d9-ddb5-4fa4-a97d-d965ccfc6d4b" outcome="Passed" testListId="8c84fa94-04c1-424b-9868-57a2d4851a1d" relativeResultsDirectory="da1c1f10-f067-4cf6-8575-d6d83bb349ce" />    <UnitTestResult executionId="127fac74-debe-4e34-b351-964df71fcfe6" testId="a4644bbb-1da6-0e14-2c27-4230fbd562dc" testName="TestUpdate" computerName="PRANAY-TEST" duration="00:00:01.0918656" startTime="2014-08-08T11:41:16.4288691-07:00" endTime="2014-08-08T11:41:17.5208691-07:00" testType="13cdc9d9-ddb5-4fa4-a97d-d965ccfc6d4b" outcome="Passed" testListId="8c84fa94-04c1-424b-9868-57a2d4851a1d" relativeResultsDirectory="127fac74-debe-4e34-b351-964df71fcfe6" />    <UnitTestResult executionId="f2b88a5a-4c9a-47cd-bbd8-c696f245bf9e" testId="8e610927-8efe-fe22-41e8-f28459468f09" testName="TestUpdateIllegalCharacters" computerName="PRANAY-TEST" duration="00:00:51.1858409" startTime="2014-08-08T11:41:17.5208691-07:00" endTime="2014-08-08T11:42:08.7038691-07:00" testType="13cdc9d9-ddb5-4fa4-a97d-d965ccfc6d4b" outcome="Passed" testListId="8c84fa94-04c1-424b-9868-57a2d4851a1d" relativeResultsDirectory="f2b88a5a-4c9a-47cd-bbd8-c696f245bf9e" />    <UnitTestResult executionId="54240724-785c-4863-9216-89e2d8228e96" testId="bb7b8bed-0812-d2e1-9356-30109aeadac0" testName="TestNoQuarantineWithInvalidCredentials" computerName="PRANAY-TEST" duration="00:02:07.5357053" startTime="2014-08-08T11:37:31.8898691-07:00" endTime="2014-08-08T11:39:39.5308691-07:00" testType="13cdc9d9-ddb5-4fa4-a97d-d965ccfc6d4b" outcome="Passed" testListId="8c84fa94-04c1-424b-9868-57a2d4851a1d" relativeResultsDirectory="54240724-785c-4863-9216-89e2d8228e96" />    <UnitTestResult executionId="6c8e566d-f101-4224-8bb6-058cf24a3393" testId="2d1d592b-597a-0ee5-fe03-088653373603" testName="TestQuarantineByCount" computerName="PRANAY-TEST" duration="00:00:10.6330750" startTime="2014-08-08T11:39:39.5498691-07:00" endTime="2014-08-08T11:39:50.1828691-07:00" testType="13cdc9d9-ddb5-4fa4-a97d-d965ccfc6d4b" outcome="Passed" testListId="8c84fa94-04c1-424b-9868-57a2d4851a1d" relativeResultsDirectory="6c8e566d-f101-4224-8bb6-058cf24a3393" />    <UnitTestResult executionId="4723f850-7033-4b30-9d53-8b35800b63a3" testId="0c00bb53-2494-ddbf-e8c1-515c3527f8c1" testName="TestQuarantineByProportion" computerName="PRANAY-TEST" duration="00:00:10.9101029" startTime="2014-08-08T11:39:50.1838691-07:00" endTime="2014-08-08T11:40:01.0938691-07:00" testType="13cdc9d9-ddb5-4fa4-a97d-d965ccfc6d4b" outcome="Passed" testListId="8c84fa94-04c1-424b-9868-57a2d4851a1d" relativeResultsDirectory="4723f850-7033-4b30-9d53-8b35800b63a3" />    <UnitTestResult executionId="e90078ae-9d3b-4e51-b4d5-2d7ac7c21f9b" testId="ea720ff4-4a77-604c-6303-3e55d4c0d501" testName="TestQuarantineLifting" computerName="PRANAY-TEST" duration="00:07:06.1667920" startTime="2014-08-08T11:40:01.0938691-07:00" endTime="2014-08-08T11:47:07.2368691-07:00" testType="13cdc9d9-ddb5-4fa4-a97d-d965ccfc6d4b" outcome="Passed" testListId="8c84fa94-04c1-424b-9868-57a2d4851a1d" relativeResultsDirectory="e90078ae-9d3b-4e51-b4d5-2d7ac7c21f9b" />    <UnitTestResult executionId="fe3339a2-70a6-4708-8a6c-d654bb3af110" testId="a7e477ce-f9e6-2282-4a8e-c4ac96f9ed22" testName="TestOutboundProvisioning" computerName="PRANAY-TEST" duration="00:02:01.0144905" startTime="2014-08-08T11:37:36.7148691-07:00" endTime="2014-08-08T11:39:49.7118691-07:00" testType="13cdc9d9-ddb5-4fa4-a97d-d965ccfc6d4b" outcome="Failed" testListId="8c84fa94-04c1-424b-9868-57a2d4851a1d" relativeResultsDirectory="fe3339a2-70a6-4708-8a6c-d654bb3af110">      <Output>        <ErrorInfo>          <Message>Assert.IsNull failed. </Message>          <StackTrace>   at Microsoft.ActiveDirectory.Connector.Test.ServiceNowOutboundProvisioningScenarioTestBase.TestOutboundProvisioning() in f:\src\Adiam_Cloud_Nightly_Tester\sources\test\Services\SyncFabric\Controller\ScenarioTests\TestScenarioOutboundProvisioningServiceNow\ServiceNowOutboundProvisioningScenarioTestBase.cs:line 53</StackTrace>        </ErrorInfo>      </Output>    </UnitTestResult>    <UnitTestResult executionId="037a51db-04a6-4e01-8835-70cd0efb84cb" testId="74c6e717-9c13-c2b7-b6e0-c0d7dc9636ce" testName="TestOutboundProvisioning" computerName="PRANAY-TEST" duration="00:01:56.7782414" startTime="2014-08-08T11:37:44.4518691-07:00" endTime="2014-08-08T11:39:53.5878691-07:00" testType="13cdc9d9-ddb5-4fa4-a97d-d965ccfc6d4b" outcome="Passed" testListId="8c84fa94-04c1-424b-9868-57a2d4851a1d" relativeResultsDirectory="037a51db-04a6-4e01-8835-70cd0efb84cb" />    <UnitTestResult executionId="4b90943c-067f-432a-ab50-d3b99b59826a" testId="4d359fcf-a5d1-efc3-9843-c249d2e857bd" testName="TestObsoleteInboundEntitlements" computerName="PRANAY-TEST" duration="00:02:44.2874609" startTime="2014-08-08T11:37:46.4058691-07:00" endTime="2014-08-08T11:40:30.8758691-07:00" testType="13cdc9d9-ddb5-4fa4-a97d-d965ccfc6d4b" outcome="Passed" testListId="8c84fa94-04c1-424b-9868-57a2d4851a1d" relativeResultsDirectory="4b90943c-067f-432a-ab50-d3b99b59826a" />    <UnitTestResult executionId="8dc81eba-afc5-4a99-9b5c-db5d9dcd5591" testId="aa7bbb35-ba7c-a656-3bb0-aca6a0df3cc1" testName="TestInitializeError" computerName="PRANAY-TEST" duration="00:03:04.5382475" startTime="2014-08-08T11:37:33.0358691-07:00" endTime="2014-08-08T11:40:37.6888691-07:00" testType="13cdc9d9-ddb5-4fa4-a97d-d965ccfc6d4b" outcome="Passed" testListId="8c84fa94-04c1-424b-9868-57a2d4851a1d" relativeResultsDirectory="8dc81eba-afc5-4a99-9b5c-db5d9dcd5591" />    <UnitTestResult executionId="2eb4b52a-8c33-4805-b752-6ccba9e3c8d2" testId="66fff366-0a40-720c-5230-1229347cfe4c" testName="TestAddUserError" computerName="PRANAY-TEST" duration="00:00:08.9945813" startTime="2014-08-08T11:40:37.7478691-07:00" endTime="2014-08-08T11:40:46.7418691-07:00" testType="13cdc9d9-ddb5-4fa4-a97d-d965ccfc6d4b" outcome="Passed" testListId="8c84fa94-04c1-424b-9868-57a2d4851a1d" relativeResultsDirectory="2eb4b52a-8c33-4805-b752-6ccba9e3c8d2" />    <UnitTestResult executionId="b83abc7d-b1a7-482b-a144-3da3a68dde3c" testId="8c0c2798-7019-6e57-70d5-b03b9711759b" testName="TestDeleteUserError" computerName="PRANAY-TEST" duration="00:00:22.6934978" startTime="2014-08-08T11:40:46.7428691-07:00" endTime="2014-08-08T11:41:09.4348691-07:00" testType="13cdc9d9-ddb5-4fa4-a97d-d965ccfc6d4b" outcome="Passed" testListId="8c84fa94-04c1-424b-9868-57a2d4851a1d" relativeResultsDirectory="b83abc7d-b1a7-482b-a144-3da3a68dde3c" />    <UnitTestResult executionId="5f22c3ba-97f4-4f92-b65f-9e59fdf104d3" testId="a4742de9-39bf-5d5f-4df7-8c29d6441ab0" testName="TestEnumerateUsersError" computerName="PRANAY-TEST" duration="00:00:07.3802971" startTime="2014-08-08T11:41:09.4358691-07:00" endTime="2014-08-08T11:41:16.8158691-07:00" testType="13cdc9d9-ddb5-4fa4-a97d-d965ccfc6d4b" outcome="Passed" testListId="8c84fa94-04c1-424b-9868-57a2d4851a1d" relativeResultsDirectory="5f22c3ba-97f4-4f92-b65f-9e59fdf104d3" />    <UnitTestResult executionId="8155cc27-7284-4dd5-b4e6-29b28afb9bc2" testId="df233803-875d-9714-f397-054679fa0b52" testName="TestUpdateUserError" computerName="PRANAY-TEST" duration="00:00:22.8031304" startTime="2014-08-08T11:41:16.8158691-07:00" endTime="2014-08-08T11:41:39.6178691-07:00" testType="13cdc9d9-ddb5-4fa4-a97d-d965ccfc6d4b" outcome="Passed" testListId="8c84fa94-04c1-424b-9868-57a2d4851a1d" relativeResultsDirectory="8155cc27-7284-4dd5-b4e6-29b28afb9bc2" />    <UnitTestResult executionId="a519c3f8-ac5f-40d5-8769-534c0b81eca1" testId="25a910de-9d69-618c-70e4-4ec581434bab" testName="TestUpdateWithInboundProfileWithCloudStorage" computerName="PRANAY-TEST" duration="00:03:44.4676726" startTime="2014-08-08T11:37:45.1338691-07:00" endTime="2014-08-08T11:41:41.2908691-07:00" testType="13cdc9d9-ddb5-4fa4-a97d-d965ccfc6d4b" outcome="Passed" testListId="8c84fa94-04c1-424b-9868-57a2d4851a1d" relativeResultsDirectory="a519c3f8-ac5f-40d5-8769-534c0b81eca1">      <Output>        <StdOut>"To: craigmcm@microsoft.com Body: &lt;?xml version="1.0" encoding="utf-16"?&gt;&lt;Fault xmlns="http://schemas.microsoft.com/ws/2005/05/envelope/none"&gt;&lt;Code&gt;&lt;Value xmlns:a="http://schemas.microsoft.com/2006/11/IdentityManagement/DirectoryAccess/fault"&gt;a:UnwillingToPerform&lt;/Value&gt;&lt;/Code&gt;&lt;Reason&gt;&lt;Text xml:lang=""&gt;An error occurred executing the run profile with this identifier: QBOInMock.52e5937e28b549db8eec4e0de038d8f6  Time: 08/08/2014 11:41:37  Thread: 9&lt;/Text&gt;&lt;/Reason&gt;&lt;Detail&gt;&lt;FaultDetail xmlns:i="http://www.w3.org/2001/XMLSchema-instance" xmlns="http://schemas.datacontract.org/2004/07/Microsoft.ActiveDirectory.Connector"&gt;&lt;ErrorCode&gt;UnSpecified&lt;/ErrorCode&gt;&lt;ErrorSource&gt;None&lt;/ErrorSource&gt;&lt;Exception i:nil="true" /&gt;&lt;ExceptionMessage&gt;&lt;/ExceptionMessage&gt;&lt;Scope&gt;None&lt;/Scope&gt;&lt;TenantActionable&gt;false&lt;/TenantActionable&gt;&lt;Transient&gt;false&lt;/Transient&gt;&lt;/FaultDetail&gt;&lt;/Detail&gt;&lt;/Fault&gt;""To: craigmcm@microsoft.com Body: &lt;?xml version="1.0" encoding="utf-16"?&gt;&lt;Fault xmlns="http://schemas.microsoft.com/ws/2005/05/envelope/none"&gt;&lt;Code&gt;&lt;Value xmlns:a="http://schemas.microsoft.com/2006/11/IdentityManagement/DirectoryAccess/fault"&gt;a:UnwillingToPerform&lt;/Value&gt;&lt;/Code&gt;&lt;Reason&gt;&lt;Text xml:lang=""&gt;An error occurred executing the run profile with this identifier: QBOInMock.52e5937e28b549db8eec4e0de038d8f6  Time: 08/08/2014 11:41:37  Thread: 9&lt;/Text&gt;&lt;/Reason&gt;&lt;Detail&gt;&lt;FaultDetail xmlns:i="http://www.w3.org/2001/XMLSchema-instance" xmlns="http://schemas.datacontract.org/2004/07/Microsoft.ActiveDirectory.Connector"&gt;&lt;ErrorCode&gt;UnSpecified&lt;/ErrorCode&gt;&lt;ErrorSource&gt;None&lt;/ErrorSource&gt;&lt;Exception i:nil="true" /&gt;&lt;ExceptionMessage&gt;&lt;/ExceptionMessage&gt;&lt;Scope&gt;None&lt;/Scope&gt;&lt;TenantActionable&gt;false&lt;/TenantActionable&gt;&lt;Transient&gt;false&lt;/Transient&gt;&lt;/FaultDetail&gt;&lt;/Detail&gt;&lt;/Fault&gt;"Debug Trace:"To: craigmcm@microsoft.com Body: &lt;?xml version="1.0" encoding="utf-16"?&gt;&lt;Fault xmlns="http://schemas.microsoft.com/ws/2005/05/envelope/none"&gt;&lt;Code&gt;&lt;Value xmlns:a="http://schemas.microsoft.com/2006/11/IdentityManagement/DirectoryAccess/fault"&gt;a:UnwillingToPerform&lt;/Value&gt;&lt;/Code&gt;&lt;Reason&gt;&lt;Text xml:lang=""&gt;An error occurred executing the run profile with this identifier: QBOInMock.52e5937e28b549db8eec4e0de038d8f6  Time: 08/08/2014 11:41:37  Thread: 9&lt;/Text&gt;&lt;/Reason&gt;&lt;Detail&gt;&lt;FaultDetail xmlns:i="http://www.w3.org/2001/XMLSchema-instance" xmlns="http://schemas.datacontract.org/2004/07/Microsoft.ActiveDirectory.Connector"&gt;&lt;ErrorCode&gt;UnSpecified&lt;/ErrorCode&gt;&lt;ErrorSource&gt;None&lt;/ErrorSource&gt;&lt;Exception i:nil="true" /&gt;&lt;ExceptionMessage&gt;&lt;/ExceptionMessage&gt;&lt;Scope&gt;None&lt;/Scope&gt;&lt;TenantActionable&gt;false&lt;/TenantActionable&gt;&lt;Transient&gt;false&lt;/Transient&gt;&lt;/FaultDetail&gt;&lt;/Detail&gt;&lt;/Fault&gt;""To: craigmcm@microsoft.com Body: &lt;?xml version="1.0" encoding="utf-16"?&gt;&lt;Fault xmlns="http://schemas.microsoft.com/ws/2005/05/envelope/none"&gt;&lt;Code&gt;&lt;Value xmlns:a="http://schemas.microsoft.com/2006/11/IdentityManagement/DirectoryAccess/fault"&gt;a:UnwillingToPerform&lt;/Value&gt;&lt;/Code&gt;&lt;Reason&gt;&lt;Text xml:lang=""&gt;An error occurred executing the run profile with this identifier: QBOInMock.52e5937e28b549db8eec4e0de038d8f6  Time: 08/08/2014 11:41:37  Thread: 9&lt;/Text&gt;&lt;/Reason&gt;&lt;Detail&gt;&lt;FaultDetail xmlns:i="http://www.w3.org/2001/XMLSchema-instance" xmlns="http://schemas.datacontract.org/2004/07/Microsoft.ActiveDirectory.Connector"&gt;&lt;ErrorCode&gt;UnSpecified&lt;/ErrorCode&gt;&lt;ErrorSource&gt;None&lt;/ErrorSource&gt;&lt;Exception i:nil="true" /&gt;&lt;ExceptionMessage&gt;&lt;/ExceptionMessage&gt;&lt;Scope&gt;None&lt;/Scope&gt;&lt;TenantActionable&gt;false&lt;/TenantActionable&gt;&lt;Transient&gt;false&lt;/Transient&gt;&lt;/FaultDetail&gt;&lt;/Detail&gt;&lt;/Fault&gt;"</StdOut>      </Output>    </UnitTestResult>    <UnitTestResult executionId="7ae42763-aceb-4b96-9928-2c0529bcc3fb" testId="f7fd82f3-34c3-839c-70af-0804d4a21f9e" testName="TestUpdateWithOutboundProfileWithCloudStorage" computerName="PRANAY-TEST" duration="00:00:07.0979537" startTime="2014-08-08T11:41:41.3098691-07:00" endTime="2014-08-08T11:41:48.4078691-07:00" testType="13cdc9d9-ddb5-4fa4-a97d-d965ccfc6d4b" outcome="Passed" testListId="8c84fa94-04c1-424b-9868-57a2d4851a1d" relativeResultsDirectory="7ae42763-aceb-4b96-9928-2c0529bcc3fb" />    <UnitTestResult executionId="716d40de-9116-41eb-adcc-8465ad476540" testId="cbbbc49c-e46b-81b6-83b8-8e0b2144fdc4" testName="TestRunProfileLifeCycle" computerName="PRANAY-TEST" duration="00:00:18.7448645" startTime="2014-08-08T11:41:48.4078691-07:00" endTime="2014-08-08T11:42:07.1518691-07:00" testType="13cdc9d9-ddb5-4fa4-a97d-d965ccfc6d4b" outcome="Passed" testListId="8c84fa94-04c1-424b-9868-57a2d4851a1d" relativeResultsDirectory="716d40de-9116-41eb-adcc-8465ad476540" />    <UnitTestResult executionId="ff7531ff-5e68-4545-b65e-14e9a27420ce" testId="87227436-3e9e-5e9c-161b-25d02aa8c1cc" testName="TestResumeMonitoringQueue" computerName="PRANAY-TEST" duration="00:04:07.7262426" startTime="2014-08-08T11:37:38.6428691-07:00" endTime="2014-08-08T11:41:46.4048691-07:00" testType="13cdc9d9-ddb5-4fa4-a97d-d965ccfc6d4b" outcome="Passed" testListId="8c84fa94-04c1-424b-9868-57a2d4851a1d" relativeResultsDirectory="ff7531ff-5e68-4545-b65e-14e9a27420ce" />    <UnitTestResult executionId="03ddacdf-1905-47ee-af50-32012227914c" testId="e6b0f534-536d-e0f7-3886-be6a8421cf45" testName="TestReadingExtensionAttributeDeltas" computerName="PRANAY-TEST" duration="00:05:25.6735040" startTime="2014-08-08T11:37:36.9898691-07:00" endTime="2014-08-08T11:43:02.7968691-07:00" testType="13cdc9d9-ddb5-4fa4-a97d-d965ccfc6d4b" outcome="Passed" testListId="8c84fa94-04c1-424b-9868-57a2d4851a1d" relativeResultsDirectory="03ddacdf-1905-47ee-af50-32012227914c" />    <UnitTestResult executionId="4be66b16-b199-4ac9-95c0-72e2621ea2ca" testId="cee746dd-3db5-d584-b879-fcee010ce4c1" testName="TestReadingExtensionAttributes" computerName="PRANAY-TEST" duration="00:02:31.3758705" startTime="2014-08-08T11:43:02.8158691-07:00" endTime="2014-08-08T11:45:34.1838691-07:00" testType="13cdc9d9-ddb5-4fa4-a97d-d965ccfc6d4b" outcome="Passed" testListId="8c84fa94-04c1-424b-9868-57a2d4851a1d" relativeResultsDirectory="4be66b16-b199-4ac9-95c0-72e2621ea2ca" />    <UnitTestResult executionId="ae298f52-6fd1-47de-9523-a5948b7790e1" testId="802d12a9-edb4-e61c-eff0-ab27a56dc6ac" testName="TestWritingExtensionAttributes" computerName="PRANAY-TEST" duration="00:02:28.9918031" startTime="2014-08-08T11:45:34.1848691-07:00" endTime="2014-08-08T11:48:03.1688691-07:00" testType="13cdc9d9-ddb5-4fa4-a97d-d965ccfc6d4b" outcome="Passed" testListId="8c84fa94-04c1-424b-9868-57a2d4851a1d" relativeResultsDirectory="ae298f52-6fd1-47de-9523-a5948b7790e1" />  </Results>  <TestDefinitions>    <UnitTest name="TestAzureExternalNames" storage="f:\src\adiam_cloud_nightly_tester\bins\debug\amd64\syncfabric\tests\testgraphsyncfabric\microsoft.activedirectory.connector.test.testgraphsyncfabric.dll" id="15cb34d8-a0e5-4392-2cc5-88a008dfc7e7">      <Execution id="0c6320d6-5a36-4f7e-ad52-73aea908096f" />      <TestMethod codeBase="f:\src\Adiam_Cloud_Nightly_Tester\bins\debug\amd64\SyncFabric\Tests\TestGraphSyncFabric\Microsoft.ActiveDirectory.Connector.Test.TestGraphSyncFabric.dll" adapterTypeName="Microsoft.VisualStudio.TestTools.TestTypes.Unit.UnitTestAdapter" className="Microsoft.ActiveDirectory.Connector.Test.GraphSyncFabricUnitTest" name="TestAzureExternalNames" />    </UnitTest>    <UnitTest name="TestSyncFabricGraph" storage="f:\src\adiam_cloud_nightly_tester\bins\debug\amd64\syncfabric\tests\testgraphsyncfabric\microsoft.activedirectory.connector.test.testgraphsyncfabric.dll" id="d35e3170-b1ad-05a5-2590-a4f4ebea3c18">      <Execution id="3c209d38-486b-43c3-8581-69cb3cdd1ed7" />      <TestMethod codeBase="f:\src\Adiam_Cloud_Nightly_Tester\bins\debug\amd64\SyncFabric\Tests\TestGraphSyncFabric\Microsoft.ActiveDirectory.Connector.Test.TestGraphSyncFabric.dll" adapterTypeName="Microsoft.VisualStudio.TestTools.TestTypes.Unit.UnitTestAdapter" className="Microsoft.ActiveDirectory.Connector.Test.GraphSyncFabricUnitTest" name="TestSyncFabricGraph" />    </UnitTest>    <UnitTest name="TestCancellation" storage="f:\src\adiam_cloud_nightly_tester\bins\debug\amd64\syncfabric\tests\testcloudqueueadapter\microsoft.activedirectory.connector.test.testcloudqueueadapter.dll" id="4759d957-76b0-dd02-0544-53db89b17c13">      <Execution id="1c785e66-7c91-4bec-b28c-e93b81078423" />      <TestMethod codeBase="f:\src\Adiam_Cloud_Nightly_Tester\bins\debug\amd64\SyncFabric\Tests\TestCloudQueueAdapter\Microsoft.ActiveDirectory.Connector.Test.TestCloudQueueAdapter.dll" adapterTypeName="Microsoft.VisualStudio.TestTools.TestTypes.Unit.UnitTestAdapter" className="Microsoft.ActiveDirectory.Connector.Test.CloudQueueAdapterUnitTest" name="TestCancellation" />    </UnitTest>    <UnitTest name="TestDeferment" storage="f:\src\adiam_cloud_nightly_tester\bins\debug\amd64\syncfabric\tests\testcloudqueueadapter\microsoft.activedirectory.connector.test.testcloudqueueadapter.dll" id="513e1d13-bc54-06ff-ce58-63e069de757e">      <Execution id="187eb6f3-1055-40d1-a120-10f8cabe0817" />      <TestMethod codeBase="f:\src\Adiam_Cloud_Nightly_Tester\bins\debug\amd64\SyncFabric\Tests\TestCloudQueueAdapter\Microsoft.ActiveDirectory.Connector.Test.TestCloudQueueAdapter.dll" adapterTypeName="Microsoft.VisualStudio.TestTools.TestTypes.Unit.UnitTestAdapter" className="Microsoft.ActiveDirectory.Connector.Test.CloudQueueAdapterUnitTest" name="TestDeferment" />    </UnitTest>    <UnitTest name="TestDefermentMinimum" storage="f:\src\adiam_cloud_nightly_tester\bins\debug\amd64\syncfabric\tests\testcloudqueueadapter\microsoft.activedirectory.connector.test.testcloudqueueadapter.dll" id="f2924994-b9f3-8f93-4999-d913b3b479db">      <Execution id="86d1b3f6-dc7d-4e4f-940c-049a97a1cdc0" />      <TestMethod codeBase="f:\src\Adiam_Cloud_Nightly_Tester\bins\debug\amd64\SyncFabric\Tests\TestCloudQueueAdapter\Microsoft.ActiveDirectory.Connector.Test.TestCloudQueueAdapter.dll" adapterTypeName="Microsoft.VisualStudio.TestTools.TestTypes.Unit.UnitTestAdapter" className="Microsoft.ActiveDirectory.Connector.Test.CloudQueueAdapterUnitTest" name="TestDefermentMinimum" />    </UnitTest>    <UnitTest name="TestEnqueue" storage="f:\src\adiam_cloud_nightly_tester\bins\debug\amd64\syncfabric\tests\testcloudqueueadapter\microsoft.activedirectory.connector.test.testcloudqueueadapter.dll" id="9bee1e3e-0b58-16d5-2690-5dc5243a9d09">      <Execution id="ead612a7-01da-485e-b0e4-f59cf2cc6b99" />      <TestMethod codeBase="f:\src\Adiam_Cloud_Nightly_Tester\bins\debug\amd64\SyncFabric\Tests\TestCloudQueueAdapter\Microsoft.ActiveDirectory.Connector.Test.TestCloudQueueAdapter.dll" adapterTypeName="Microsoft.VisualStudio.TestTools.TestTypes.Unit.UnitTestAdapter" className="Microsoft.ActiveDirectory.Connector.Test.CloudQueueAdapterUnitTest" name="TestEnqueue" />    </UnitTest>    <UnitTest name="TestUpdate" storage="f:\src\adiam_cloud_nightly_tester\bins\debug\amd64\syncfabric\tests\testcloudqueueadapter\microsoft.activedirectory.connector.test.testcloudqueueadapter.dll" id="551afdef-aee4-3d80-7a14-c0434deb5f78">      <Execution id="148aa0fd-e661-448e-81a3-a8d07de4d176" />      <TestMethod codeBase="f:\src\Adiam_Cloud_Nightly_Tester\bins\debug\amd64\SyncFabric\Tests\TestCloudQueueAdapter\Microsoft.ActiveDirectory.Connector.Test.TestCloudQueueAdapter.dll" adapterTypeName="Microsoft.VisualStudio.TestTools.TestTypes.Unit.UnitTestAdapter" className="Microsoft.ActiveDirectory.Connector.Test.CloudQueueAdapterUnitTest" name="TestUpdate" />    </UnitTest>    <UnitTest name="TestEvaluationDeltaAddEntrySoftDeleteUnspecified" storage="f:\src\adiam_cloud_nightly_tester\bins\debug\amd64\syncfabric\tests\testruleprocessorwithrealproxies\microsoft.activedirectory.connector.test.testruleprocessorwithrealproxies.dll" id="4970fbbb-83fc-b503-3769-d340eb13a0b4">      <Execution id="66b4aa5c-88e1-4893-a304-4f9a285e719c" />      <TestMethod codeBase="f:\src\Adiam_Cloud_Nightly_Tester\bins\debug\amd64\SyncFabric\Tests\TestRuleProcessorWithRealProxies\Microsoft.ActiveDirectory.Connector.Test.TestRuleProcessorWithRealProxies.dll" adapterTypeName="Microsoft.VisualStudio.TestTools.TestTypes.Unit.UnitTestAdapter" className="Microsoft.ActiveDirectory.Connector.Test.BoxOutboundDeltaSyncRuleUnitTestReal" name="TestEvaluationDeltaAddEntrySoftDeleteUnspecified" />    </UnitTest>    <UnitTest name="TestEvaluationDeltaAddEntry" storage="f:\src\adiam_cloud_nightly_tester\bins\debug\amd64\syncfabric\tests\testruleprocessorwithrealproxies\microsoft.activedirectory.connector.test.testruleprocessorwithrealproxies.dll" id="09f12975-9a0d-fce8-c101-382eca057836">      <Execution id="0ee03bfe-1d9d-49b1-acd1-6eb2f2fc481b" />      <TestMethod codeBase="f:\src\Adiam_Cloud_Nightly_Tester\bins\debug\amd64\SyncFabric\Tests\TestRuleProcessorWithRealProxies\Microsoft.ActiveDirectory.Connector.Test.TestRuleProcessorWithRealProxies.dll" adapterTypeName="Microsoft.VisualStudio.TestTools.TestTypes.Unit.UnitTestAdapter" className="Microsoft.ActiveDirectory.Connector.Test.BoxOutboundDeltaSyncRuleUnitTestReal" name="TestEvaluationDeltaAddEntry" />    </UnitTest>    <UnitTest name="TestEvaluationDeltaUpdateEntry" storage="f:\src\adiam_cloud_nightly_tester\bins\debug\amd64\syncfabric\tests\testruleprocessorwithrealproxies\microsoft.activedirectory.connector.test.testruleprocessorwithrealproxies.dll" id="a12da05e-386c-d963-205f-d22afd97c64d">      <Execution id="42e2f67c-f3f3-4dd5-9456-89b2fdba164e" />      <TestMethod codeBase="f:\src\Adiam_Cloud_Nightly_Tester\bins\debug\amd64\SyncFabric\Tests\TestRuleProcessorWithRealProxies\Microsoft.ActiveDirectory.Connector.Test.TestRuleProcessorWithRealProxies.dll" adapterTypeName="Microsoft.VisualStudio.TestTools.TestTypes.Unit.UnitTestAdapter" className="Microsoft.ActiveDirectory.Connector.Test.BoxOutboundDeltaSyncRuleUnitTestReal" name="TestEvaluationDeltaUpdateEntry" />    </UnitTest>    <UnitTest name="TestEvaluationDeltaUpdateEntryNoUserName" storage="f:\src\adiam_cloud_nightly_tester\bins\debug\amd64\syncfabric\tests\testruleprocessorwithrealproxies\microsoft.activedirectory.connector.test.testruleprocessorwithrealproxies.dll" id="ab1d1200-c9ce-cd2b-f079-fc16717eee2d">      <Execution id="e2db3958-cb30-4052-9143-1f17580cf518" />      <TestMethod codeBase="f:\src\Adiam_Cloud_Nightly_Tester\bins\debug\amd64\SyncFabric\Tests\TestRuleProcessorWithRealProxies\Microsoft.ActiveDirectory.Connector.Test.TestRuleProcessorWithRealProxies.dll" adapterTypeName="Microsoft.VisualStudio.TestTools.TestTypes.Unit.UnitTestAdapter" className="Microsoft.ActiveDirectory.Connector.Test.BoxOutboundDeltaSyncRuleUnitTestReal" name="TestEvaluationDeltaUpdateEntryNoUserName" />    </UnitTest>    <UnitTest name="TestEvaluationDeltaDeleteEntry" storage="f:\src\adiam_cloud_nightly_tester\bins\debug\amd64\syncfabric\tests\testruleprocessorwithrealproxies\microsoft.activedirectory.connector.test.testruleprocessorwithrealproxies.dll" id="13181342-9e51-1fd2-e42d-fe5aaca2a84d">      <Execution id="c6eeb941-dc51-44ee-ba1d-1b4590abe574" />      <TestMethod codeBase="f:\src\Adiam_Cloud_Nightly_Tester\bins\debug\amd64\SyncFabric\Tests\TestRuleProcessorWithRealProxies\Microsoft.ActiveDirectory.Connector.Test.TestRuleProcessorWithRealProxies.dll" adapterTypeName="Microsoft.VisualStudio.TestTools.TestTypes.Unit.UnitTestAdapter" className="Microsoft.ActiveDirectory.Connector.Test.BoxOutboundDeltaSyncRuleUnitTestReal" name="TestEvaluationDeltaDeleteEntry" />    </UnitTest>    <UnitTest name="TestEvaluationDeltaEntitlementGrants" storage="f:\src\adiam_cloud_nightly_tester\bins\debug\amd64\syncfabric\tests\testruleprocessorwithrealproxies\microsoft.activedirectory.connector.test.testruleprocessorwithrealproxies.dll" id="4e87804c-92d3-e11c-2aa7-7757ec1ad9b4">      <Execution id="e60ca775-5387-4b16-bbed-d8a6ea47c08f" />      <TestMethod codeBase="f:\src\Adiam_Cloud_Nightly_Tester\bins\debug\amd64\SyncFabric\Tests\TestRuleProcessorWithRealProxies\Microsoft.ActiveDirectory.Connector.Test.TestRuleProcessorWithRealProxies.dll" adapterTypeName="Microsoft.VisualStudio.TestTools.TestTypes.Unit.UnitTestAdapter" className="Microsoft.ActiveDirectory.Connector.Test.BoxOutboundDeltaSyncRuleUnitTestReal" name="TestEvaluationDeltaEntitlementGrants" />    </UnitTest>    <UnitTest name="TestEvaluationUpdateEntryModifyJoiningPropertyBox" storage="f:\src\adiam_cloud_nightly_tester\bins\debug\amd64\syncfabric\tests\testruleprocessorwithrealproxies\microsoft.activedirectory.connector.test.testruleprocessorwithrealproxies.dll" id="169ee8de-30b5-3246-1822-e0d2c0fbc2c1">      <Execution id="91e12b2d-9533-443b-8b1d-cee1ba6f66f5" />      <TestMethod codeBase="f:\src\Adiam_Cloud_Nightly_Tester\bins\debug\amd64\SyncFabric\Tests\TestRuleProcessorWithRealProxies\Microsoft.ActiveDirectory.Connector.Test.TestRuleProcessorWithRealProxies.dll" adapterTypeName="Microsoft.VisualStudio.TestTools.TestTypes.Unit.UnitTestAdapter" className="Microsoft.ActiveDirectory.Connector.Test.BoxOutboundSyncRuleUnitTestReal" name="TestEvaluationUpdateEntryModifyJoiningPropertyBox" />    </UnitTest>    <UnitTest name="TestEvaluationDeltaAddEntryWithCustomSchema" storage="f:\src\adiam_cloud_nightly_tester\bins\debug\amd64\syncfabric\tests\testruleprocessorwithrealproxies\microsoft.activedirectory.connector.test.testruleprocessorwithrealproxies.dll" id="525c64de-27e3-4b6a-b1fc-4003890433f9">      <Execution id="d98ea427-ec24-446e-9a7b-2302e1457191" />      <TestMethod codeBase="f:\src\Adiam_Cloud_Nightly_Tester\bins\debug\amd64\SyncFabric\Tests\TestRuleProcessorWithRealProxies\Microsoft.ActiveDirectory.Connector.Test.TestRuleProcessorWithRealProxies.dll" adapterTypeName="Microsoft.VisualStudio.TestTools.TestTypes.Unit.UnitTestAdapter" className="Microsoft.ActiveDirectory.Connector.Test.ServiceNowOutboundDeltaSyncRuleUnitTestReal" name="TestEvaluationDeltaAddEntryWithCustomSchema" />    </UnitTest>    <UnitTest name="TestEvaluationDeltaAddEntrySoftDeleteUnspecified" storage="f:\src\adiam_cloud_nightly_tester\bins\debug\amd64\syncfabric\tests\testruleprocessorwithrealproxies\microsoft.activedirectory.connector.test.testruleprocessorwithrealproxies.dll" id="81c66a64-3176-f482-1e71-085c4d24bfcd">      <Execution id="a96166c0-d729-45a8-ab08-ad3390dae75b" />      <TestMethod codeBase="f:\src\Adiam_Cloud_Nightly_Tester\bins\debug\amd64\SyncFabric\Tests\TestRuleProcessorWithRealProxies\Microsoft.ActiveDirectory.Connector.Test.TestRuleProcessorWithRealProxies.dll" adapterTypeName="Microsoft.VisualStudio.TestTools.TestTypes.Unit.UnitTestAdapter" className="Microsoft.ActiveDirectory.Connector.Test.ServiceNowOutboundDeltaSyncRuleUnitTestReal" name="TestEvaluationDeltaAddEntrySoftDeleteUnspecified" />    </UnitTest>    <UnitTest name="TestEvaluationDeltaAddUser" storage="f:\src\adiam_cloud_nightly_tester\bins\debug\amd64\syncfabric\tests\testruleprocessorwithrealproxies\microsoft.activedirectory.connector.test.testruleprocessorwithrealproxies.dll" id="ea91d8db-11d2-9582-9fdc-6a6ee6550842">      <Execution id="17b20f1a-91e2-49bd-a0ba-b38a21834eeb" />      <TestMethod codeBase="f:\src\Adiam_Cloud_Nightly_Tester\bins\debug\amd64\SyncFabric\Tests\TestRuleProcessorWithRealProxies\Microsoft.ActiveDirectory.Connector.Test.TestRuleProcessorWithRealProxies.dll" adapterTypeName="Microsoft.VisualStudio.TestTools.TestTypes.Unit.UnitTestAdapter" className="Microsoft.ActiveDirectory.Connector.Test.ServiceNowOutboundDeltaSyncRuleUnitTestReal" name="TestEvaluationDeltaAddUser" />    </UnitTest>    <UnitTest name="TestEvaluationDeltaUpdateEntry" storage="f:\src\adiam_cloud_nightly_tester\bins\debug\amd64\syncfabric\tests\testruleprocessorwithrealproxies\microsoft.activedirectory.connector.test.testruleprocessorwithrealproxies.dll" id="e219f0e1-9a95-7896-18d6-f90edf6632e1">      <Execution id="854dca39-3b5e-4fd0-be8f-270c182b6479" />      <TestMethod codeBase="f:\src\Adiam_Cloud_Nightly_Tester\bins\debug\amd64\SyncFabric\Tests\TestRuleProcessorWithRealProxies\Microsoft.ActiveDirectory.Connector.Test.TestRuleProcessorWithRealProxies.dll" adapterTypeName="Microsoft.VisualStudio.TestTools.TestTypes.Unit.UnitTestAdapter" className="Microsoft.ActiveDirectory.Connector.Test.ServiceNowOutboundDeltaSyncRuleUnitTestReal" name="TestEvaluationDeltaUpdateEntry" />    </UnitTest>    <UnitTest name="TestEvaluationDeltaUpdateEntryNoUserName" storage="f:\src\adiam_cloud_nightly_tester\bins\debug\amd64\syncfabric\tests\testruleprocessorwithrealproxies\microsoft.activedirectory.connector.test.testruleprocessorwithrealproxies.dll" id="c216cd42-c5e4-89d7-4a6c-d6a49c527ebc">      <Execution id="832bc607-f3c9-4ec2-937e-d6e712438791" />      <TestMethod codeBase="f:\src\Adiam_Cloud_Nightly_Tester\bins\debug\amd64\SyncFabric\Tests\TestRuleProcessorWithRealProxies\Microsoft.ActiveDirectory.Connector.Test.TestRuleProcessorWithRealProxies.dll" adapterTypeName="Microsoft.VisualStudio.TestTools.TestTypes.Unit.UnitTestAdapter" className="Microsoft.ActiveDirectory.Connector.Test.ServiceNowOutboundDeltaSyncRuleUnitTestReal" name="TestEvaluationDeltaUpdateEntryNoUserName" />    </UnitTest>    <UnitTest name="TestEvaluationDeltaDeleteEntry" storage="f:\src\adiam_cloud_nightly_tester\bins\debug\amd64\syncfabric\tests\testruleprocessorwithrealproxies\microsoft.activedirectory.connector.test.testruleprocessorwithrealproxies.dll" id="31c30cd7-4531-fb5a-d21e-42f4fef8a3f7">      <Execution id="e66b26b6-908f-4982-8897-ec6302915c78" />      <TestMethod codeBase="f:\src\Adiam_Cloud_Nightly_Tester\bins\debug\amd64\SyncFabric\Tests\TestRuleProcessorWithRealProxies\Microsoft.ActiveDirectory.Connector.Test.TestRuleProcessorWithRealProxies.dll" adapterTypeName="Microsoft.VisualStudio.TestTools.TestTypes.Unit.UnitTestAdapter" className="Microsoft.ActiveDirectory.Connector.Test.ServiceNowOutboundDeltaSyncRuleUnitTestReal" name="TestEvaluationDeltaDeleteEntry" />    </UnitTest>    <UnitTest name="TestEvaluationDeltaRuleAddEntriesFullImport" storage="f:\src\adiam_cloud_nightly_tester\bins\debug\amd64\syncfabric\tests\testruleprocessorwithrealproxies\microsoft.activedirectory.connector.test.testruleprocessorwithrealproxies.dll" id="c907f7ac-fb4b-f160-15cc-eaa66b9b984e">      <Execution id="042068a5-8852-4762-a2c8-caf20d6754c8" />      <TestMethod codeBase="f:\src\Adiam_Cloud_Nightly_Tester\bins\debug\amd64\SyncFabric\Tests\TestRuleProcessorWithRealProxies\Microsoft.ActiveDirectory.Connector.Test.TestRuleProcessorWithRealProxies.dll" adapterTypeName="Microsoft.VisualStudio.TestTools.TestTypes.Unit.UnitTestAdapter" className="Microsoft.ActiveDirectory.Connector.Test.GoogleAppsOutboundDeltaSyncRuleUnitTestReal" name="TestEvaluationDeltaRuleAddEntriesFullImport" />    </UnitTest>    <UnitTest name="TestEvaluationDeltaRuleAddEntry" storage="f:\src\adiam_cloud_nightly_tester\bins\debug\amd64\syncfabric\tests\testruleprocessorwithrealproxies\microsoft.activedirectory.connector.test.testruleprocessorwithrealproxies.dll" id="02923289-b603-df04-2e31-dd3780c3e91b">      <Execution id="22caf04b-8a0d-4ba8-8036-9ba33c5fe21d" />      <TestMethod codeBase="f:\src\Adiam_Cloud_Nightly_Tester\bins\debug\amd64\SyncFabric\Tests\TestRuleProcessorWithRealProxies\Microsoft.ActiveDirectory.Connector.Test.TestRuleProcessorWithRealProxies.dll" adapterTypeName="Microsoft.VisualStudio.TestTools.TestTypes.Unit.UnitTestAdapter" className="Microsoft.ActiveDirectory.Connector.Test.GoogleAppsOutboundDeltaSyncRuleUnitTestReal" name="TestEvaluationDeltaRuleAddEntry" />    </UnitTest>    <UnitTest name="TestEvaluationDeltaRuleUpdateEntry" storage="f:\src\adiam_cloud_nightly_tester\bins\debug\amd64\syncfabric\tests\testruleprocessorwithrealproxies\microsoft.activedirectory.connector.test.testruleprocessorwithrealproxies.dll" id="292dbb6e-fb23-aac3-e4f8-5b44ae6e6362">      <Execution id="fc80568e-24d2-4bfb-9d7c-67c8021beb33" />      <TestMethod codeBase="f:\src\Adiam_Cloud_Nightly_Tester\bins\debug\amd64\SyncFabric\Tests\TestRuleProcessorWithRealProxies\Microsoft.ActiveDirectory.Connector.Test.TestRuleProcessorWithRealProxies.dll" adapterTypeName="Microsoft.VisualStudio.TestTools.TestTypes.Unit.UnitTestAdapter" className="Microsoft.ActiveDirectory.Connector.Test.GoogleAppsOutboundDeltaSyncRuleUnitTestReal" name="TestEvaluationDeltaRuleUpdateEntry" />    </UnitTest>    <UnitTest name="TestEvaluationDeltaRuleUpdateEntrySuspendUser" storage="f:\src\adiam_cloud_nightly_tester\bins\debug\amd64\syncfabric\tests\testruleprocessorwithrealproxies\microsoft.activedirectory.connector.test.testruleprocessorwithrealproxies.dll" id="4dd4c439-4453-5158-d4fd-176a2bc1ff83">      <Execution id="2ab0f9dc-2f15-4085-a289-99903cd213cc" />      <TestMethod codeBase="f:\src\Adiam_Cloud_Nightly_Tester\bins\debug\amd64\SyncFabric\Tests\TestRuleProcessorWithRealProxies\Microsoft.ActiveDirectory.Connector.Test.TestRuleProcessorWithRealProxies.dll" adapterTypeName="Microsoft.VisualStudio.TestTools.TestTypes.Unit.UnitTestAdapter" className="Microsoft.ActiveDirectory.Connector.Test.GoogleAppsOutboundDeltaSyncRuleUnitTestReal" name="TestEvaluationDeltaRuleUpdateEntrySuspendUser" />    </UnitTest>    <UnitTest name="TestEvaluationDeltaRuleUpdateEntryModifyJoiningProperty" storage="f:\src\adiam_cloud_nightly_tester\bins\debug\amd64\syncfabric\tests\testruleprocessorwithrealproxies\microsoft.activedirectory.connector.test.testruleprocessorwithrealproxies.dll" id="27097705-5d32-a8b2-de56-c3f74c7a6f12">      <Execution id="c8dafa66-9b3f-4bb8-ba87-38bb3a2117d1" />      <TestMethod codeBase="f:\src\Adiam_Cloud_Nightly_Tester\bins\debug\amd64\SyncFabric\Tests\TestRuleProcessorWithRealProxies\Microsoft.ActiveDirectory.Connector.Test.TestRuleProcessorWithRealProxies.dll" adapterTypeName="Microsoft.VisualStudio.TestTools.TestTypes.Unit.UnitTestAdapter" className="Microsoft.ActiveDirectory.Connector.Test.GoogleAppsOutboundDeltaSyncRuleUnitTestReal" name="TestEvaluationDeltaRuleUpdateEntryModifyJoiningProperty" />    </UnitTest>    <UnitTest name="TestEvaluationDeltaRuleDeleteEntry" storage="f:\src\adiam_cloud_nightly_tester\bins\debug\amd64\syncfabric\tests\testruleprocessorwithrealproxies\microsoft.activedirectory.connector.test.testruleprocessorwithrealproxies.dll" id="695eddaf-1ea6-a810-71f8-7bf8f31ee3db">      <Execution id="035ca9b0-a493-4c56-a26a-00440b29d6aa" />      <TestMethod codeBase="f:\src\Adiam_Cloud_Nightly_Tester\bins\debug\amd64\SyncFabric\Tests\TestRuleProcessorWithRealProxies\Microsoft.ActiveDirectory.Connector.Test.TestRuleProcessorWithRealProxies.dll" adapterTypeName="Microsoft.VisualStudio.TestTools.TestTypes.Unit.UnitTestAdapter" className="Microsoft.ActiveDirectory.Connector.Test.GoogleAppsOutboundDeltaSyncRuleUnitTestReal" name="TestEvaluationDeltaRuleDeleteEntry" />    </UnitTest>    <UnitTest name="TestEvaluationAddUserEmptyFamilyAndGivenNameGoogleApps" storage="f:\src\adiam_cloud_nightly_tester\bins\debug\amd64\syncfabric\tests\testruleprocessorwithrealproxies\microsoft.activedirectory.connector.test.testruleprocessorwithrealproxies.dll" id="93616a37-f469-4ec9-5252-7f1b57b3202e">      <Execution id="e6953cb1-1b2c-4ae6-b604-8b77c567c47f" />      <TestMethod codeBase="f:\src\Adiam_Cloud_Nightly_Tester\bins\debug\amd64\SyncFabric\Tests\TestRuleProcessorWithRealProxies\Microsoft.ActiveDirectory.Connector.Test.TestRuleProcessorWithRealProxies.dll" adapterTypeName="Microsoft.VisualStudio.TestTools.TestTypes.Unit.UnitTestAdapter" className="Microsoft.ActiveDirectory.Connector.Test.GoogleAppsOutboundFullSyncRuleUnitTestReal" name="TestEvaluationAddUserEmptyFamilyAndGivenNameGoogleApps" />    </UnitTest>    <UnitTest name="TestEvaluationAddUserMissingFamilyAndGivenNameGoogleApps" storage="f:\src\adiam_cloud_nightly_tester\bins\debug\amd64\syncfabric\tests\testruleprocessorwithrealproxies\microsoft.activedirectory.connector.test.testruleprocessorwithrealproxies.dll" id="8f767e44-4994-e58c-2f79-7d414fa9f3f3">      <Execution id="313a3799-405f-43d1-be0c-699fea4a7c05" />      <TestMethod codeBase="f:\src\Adiam_Cloud_Nightly_Tester\bins\debug\amd64\SyncFabric\Tests\TestRuleProcessorWithRealProxies\Microsoft.ActiveDirectory.Connector.Test.TestRuleProcessorWithRealProxies.dll" adapterTypeName="Microsoft.VisualStudio.TestTools.TestTypes.Unit.UnitTestAdapter" className="Microsoft.ActiveDirectory.Connector.Test.GoogleAppsOutboundFullSyncRuleUnitTestReal" name="TestEvaluationAddUserMissingFamilyAndGivenNameGoogleApps" />    </UnitTest>    <UnitTest name="TestEvaluationAddEntriesFullImport" storage="f:\src\adiam_cloud_nightly_tester\bins\debug\amd64\syncfabric\tests\testruleprocessorwithrealproxies\microsoft.activedirectory.connector.test.testruleprocessorwithrealproxies.dll" id="95ed299e-020a-4d41-8b39-9b307b384307">      <Execution id="cba941aa-ae94-4951-901b-4a0aa67b132a" />      <TestMethod codeBase="f:\src\Adiam_Cloud_Nightly_Tester\bins\debug\amd64\SyncFabric\Tests\TestRuleProcessorWithRealProxies\Microsoft.ActiveDirectory.Connector.Test.TestRuleProcessorWithRealProxies.dll" adapterTypeName="Microsoft.VisualStudio.TestTools.TestTypes.Unit.UnitTestAdapter" className="Microsoft.ActiveDirectory.Connector.Test.SalesForceOutboundFullSynchronizationRuleRealUnitTest" name="TestEvaluationAddEntriesFullImport" />    </UnitTest>    <UnitTest name="TestEvaluationAddEntry" storage="f:\src\adiam_cloud_nightly_tester\bins\debug\amd64\syncfabric\tests\testruleprocessorwithrealproxies\microsoft.activedirectory.connector.test.testruleprocessorwithrealproxies.dll" id="1652264c-8ee9-4003-8734-6b5b3ecd2ded">      <Execution id="b63d2056-a767-4322-9747-cbd62d5c1bcf" />      <TestMethod codeBase="f:\src\Adiam_Cloud_Nightly_Tester\bins\debug\amd64\SyncFabric\Tests\TestRuleProcessorWithRealProxies\Microsoft.ActiveDirectory.Connector.Test.TestRuleProcessorWithRealProxies.dll" adapterTypeName="Microsoft.VisualStudio.TestTools.TestTypes.Unit.UnitTestAdapter" className="Microsoft.ActiveDirectory.Connector.Test.SalesForceOutboundFullSynchronizationRuleRealUnitTest" name="TestEvaluationAddEntry" />    </UnitTest>    <UnitTest name="TestEvaluationAddUpdateEntryWithLastNameEmpty" storage="f:\src\adiam_cloud_nightly_tester\bins\debug\amd64\syncfabric\tests\testruleprocessorwithrealproxies\microsoft.activedirectory.connector.test.testruleprocessorwithrealproxies.dll" id="b1afc68b-e911-99cd-1477-ff2c98c96be2">      <Execution id="fa6629fa-89be-409c-9f9f-e82085b7b85b" />      <TestMethod codeBase="f:\src\Adiam_Cloud_Nightly_Tester\bins\debug\amd64\SyncFabric\Tests\TestRuleProcessorWithRealProxies\Microsoft.ActiveDirectory.Connector.Test.TestRuleProcessorWithRealProxies.dll" adapterTypeName="Microsoft.VisualStudio.TestTools.TestTypes.Unit.UnitTestAdapter" className="Microsoft.ActiveDirectory.Connector.Test.SalesForceOutboundFullSynchronizationRuleRealUnitTest" name="TestEvaluationAddUpdateEntryWithLastNameEmpty" />    </UnitTest>    <UnitTest name="TestEvaluationAddEntryForExistingSoftDeletedUser" storage="f:\src\adiam_cloud_nightly_tester\bins\debug\amd64\syncfabric\tests\testruleprocessorwithrealproxies\microsoft.activedirectory.connector.test.testruleprocessorwithrealproxies.dll" id="cab39cf9-5984-b317-863b-1b65e8c30eb9">      <Execution id="b02990fd-5326-4597-995e-9302f7dd3178" />      <TestMethod codeBase="f:\src\Adiam_Cloud_Nightly_Tester\bins\debug\amd64\SyncFabric\Tests\TestRuleProcessorWithRealProxies\Microsoft.ActiveDirectory.Connector.Test.TestRuleProcessorWithRealProxies.dll" adapterTypeName="Microsoft.VisualStudio.TestTools.TestTypes.Unit.UnitTestAdapter" className="Microsoft.ActiveDirectory.Connector.Test.SalesForceOutboundFullSynchronizationRuleRealUnitTest" name="TestEvaluationAddEntryForExistingSoftDeletedUser" />    </UnitTest>    <UnitTest name="TestEvaluationAddUpdateEntryWithEntitlements" storage="f:\src\adiam_cloud_nightly_tester\bins\debug\amd64\syncfabric\tests\testruleprocessorwithrealproxies\microsoft.activedirectory.connector.test.testruleprocessorwithrealproxies.dll" id="18e3cf6c-9984-0c70-1787-e37621f81c99">      <Execution id="9adad31a-163e-4815-849b-c7c3b075638a" />      <TestMethod codeBase="f:\src\Adiam_Cloud_Nightly_Tester\bins\debug\amd64\SyncFabric\Tests\TestRuleProcessorWithRealProxies\Microsoft.ActiveDirectory.Connector.Test.TestRuleProcessorWithRealProxies.dll" adapterTypeName="Microsoft.VisualStudio.TestTools.TestTypes.Unit.UnitTestAdapter" className="Microsoft.ActiveDirectory.Connector.Test.SalesForceOutboundFullSynchronizationRuleRealUnitTest" name="TestEvaluationAddUpdateEntryWithEntitlements" />    </UnitTest>    <UnitTest name="TestEvaluationDeleteEntry" storage="f:\src\adiam_cloud_nightly_tester\bins\debug\amd64\syncfabric\tests\testruleprocessorwithrealproxies\microsoft.activedirectory.connector.test.testruleprocessorwithrealproxies.dll" id="de2995e4-e433-a29c-ba2f-f62f1d0f5dca">      <Execution id="e5aa3768-fb58-4878-bc5b-d60b1f627440" />      <TestMethod codeBase="f:\src\Adiam_Cloud_Nightly_Tester\bins\debug\amd64\SyncFabric\Tests\TestRuleProcessorWithRealProxies\Microsoft.ActiveDirectory.Connector.Test.TestRuleProcessorWithRealProxies.dll" adapterTypeName="Microsoft.VisualStudio.TestTools.TestTypes.Unit.UnitTestAdapter" className="Microsoft.ActiveDirectory.Connector.Test.SalesForceOutboundFullSynchronizationRuleRealUnitTest" name="TestEvaluationDeleteEntry" />    </UnitTest>    <UnitTest name="TestEvaluationUpdateEntry" storage="f:\src\adiam_cloud_nightly_tester\bins\debug\amd64\syncfabric\tests\testruleprocessorwithrealproxies\microsoft.activedirectory.connector.test.testruleprocessorwithrealproxies.dll" id="a77f831c-92f8-b67c-4844-5d3be7056e01">      <Execution id="24ac4a74-4c82-424f-a25d-1770c47f6bfa" />      <TestMethod codeBase="f:\src\Adiam_Cloud_Nightly_Tester\bins\debug\amd64\SyncFabric\Tests\TestRuleProcessorWithRealProxies\Microsoft.ActiveDirectory.Connector.Test.TestRuleProcessorWithRealProxies.dll" adapterTypeName="Microsoft.VisualStudio.TestTools.TestTypes.Unit.UnitTestAdapter" className="Microsoft.ActiveDirectory.Connector.Test.SalesForceOutboundFullSynchronizationRuleRealUnitTest" name="TestEvaluationUpdateEntry" />    </UnitTest>    <UnitTest name="TestEvaluationDeltaUpdateEntryAddModifyRemoveSingleValued" storage="f:\src\adiam_cloud_nightly_tester\bins\debug\amd64\syncfabric\tests\testruleprocessorwithrealproxies\microsoft.activedirectory.connector.test.testruleprocessorwithrealproxies.dll" id="9667aae0-3c98-e813-e369-893e11c50f02">      <Execution id="c7992898-d67f-4ac1-af83-036e6c5eba85" />      <TestMethod codeBase="f:\src\Adiam_Cloud_Nightly_Tester\bins\debug\amd64\SyncFabric\Tests\TestRuleProcessorWithRealProxies\Microsoft.ActiveDirectory.Connector.Test.TestRuleProcessorWithRealProxies.dll" adapterTypeName="Microsoft.VisualStudio.TestTools.TestTypes.Unit.UnitTestAdapter" className="Microsoft.ActiveDirectory.Connector.Test.SalesForceOutboundDeltaSynchronizationRuleUnitTestReal" name="TestEvaluationDeltaUpdateEntryAddModifyRemoveSingleValued" />    </UnitTest>    <UnitTest name="TestEvaluationDeltaAddEntryAddModifyRemoveSingleValued" storage="f:\src\adiam_cloud_nightly_tester\bins\debug\amd64\syncfabric\tests\testruleprocessorwithrealproxies\microsoft.activedirectory.connector.test.testruleprocessorwithrealproxies.dll" id="f8eead5b-18e9-701e-20a6-80578dc7ea1b">      <Execution id="64d27304-94b8-47c7-8a4b-6f9b3195c704" />      <TestMethod codeBase="f:\src\Adiam_Cloud_Nightly_Tester\bins\debug\amd64\SyncFabric\Tests\TestRuleProcessorWithRealProxies\Microsoft.ActiveDirectory.Connector.Test.TestRuleProcessorWithRealProxies.dll" adapterTypeName="Microsoft.VisualStudio.TestTools.TestTypes.Unit.UnitTestAdapter" className="Microsoft.ActiveDirectory.Connector.Test.SalesForceOutboundDeltaSynchronizationRuleUnitTestReal" name="TestEvaluationDeltaAddEntryAddModifyRemoveSingleValued" />    </UnitTest>    <UnitTest name="TestEvaluationDeltaAddEntry" storage="f:\src\adiam_cloud_nightly_tester\bins\debug\amd64\syncfabric\tests\testruleprocessorwithrealproxies\microsoft.activedirectory.connector.test.testruleprocessorwithrealproxies.dll" id="aced851a-c8de-50fb-74d3-a9c231d575db">      <Execution id="a91add3e-808e-429d-9982-adcbc080b29e" />      <TestMethod codeBase="f:\src\Adiam_Cloud_Nightly_Tester\bins\debug\amd64\SyncFabric\Tests\TestRuleProcessorWithRealProxies\Microsoft.ActiveDirectory.Connector.Test.TestRuleProcessorWithRealProxies.dll" adapterTypeName="Microsoft.VisualStudio.TestTools.TestTypes.Unit.UnitTestAdapter" className="Microsoft.ActiveDirectory.Connector.Test.SalesForceOutboundDeltaSynchronizationRuleUnitTestReal" name="TestEvaluationDeltaAddEntry" />    </UnitTest>    <UnitTest name="TestEvaluationDeltaAddUpdateEntryWithEmptyLast" storage="f:\src\adiam_cloud_nightly_tester\bins\debug\amd64\syncfabric\tests\testruleprocessorwithrealproxies\microsoft.activedirectory.connector.test.testruleprocessorwithrealproxies.dll" id="8eb73f68-35cc-16e8-a459-c8824d163c29">      <Execution id="04f5e93f-06a1-43a6-8280-1fa179ed5bda" />      <TestMethod codeBase="f:\src\Adiam_Cloud_Nightly_Tester\bins\debug\amd64\SyncFabric\Tests\TestRuleProcessorWithRealProxies\Microsoft.ActiveDirectory.Connector.Test.TestRuleProcessorWithRealProxies.dll" adapterTypeName="Microsoft.VisualStudio.TestTools.TestTypes.Unit.UnitTestAdapter" className="Microsoft.ActiveDirectory.Connector.Test.SalesForceOutboundDeltaSynchronizationRuleUnitTestReal" name="TestEvaluationDeltaAddUpdateEntryWithEmptyLast" />    </UnitTest>    <UnitTest name="TestEvaluationDeltaDeleteEntry" storage="f:\src\adiam_cloud_nightly_tester\bins\debug\amd64\syncfabric\tests\testruleprocessorwithrealproxies\microsoft.activedirectory.connector.test.testruleprocessorwithrealproxies.dll" id="7caafb94-3b81-c9c0-ebcf-430f354013ee">      <Execution id="19617558-2914-49d4-bdaf-d46df650446c" />      <TestMethod codeBase="f:\src\Adiam_Cloud_Nightly_Tester\bins\debug\amd64\SyncFabric\Tests\TestRuleProcessorWithRealProxies\Microsoft.ActiveDirectory.Connector.Test.TestRuleProcessorWithRealProxies.dll" adapterTypeName="Microsoft.VisualStudio.TestTools.TestTypes.Unit.UnitTestAdapter" className="Microsoft.ActiveDirectory.Connector.Test.SalesForceOutboundDeltaSynchronizationRuleUnitTestReal" name="TestEvaluationDeltaDeleteEntry" />    </UnitTest>    <UnitTest name="TestEvaluationDeltaAddEntrySoftDeleteReactivation" storage="f:\src\adiam_cloud_nightly_tester\bins\debug\amd64\syncfabric\tests\testruleprocessorwithrealproxies\microsoft.activedirectory.connector.test.testruleprocessorwithrealproxies.dll" id="d16f8a8d-228b-cf4b-09b8-cbc732ae3091">      <Execution id="e425d944-dc58-433c-97a7-4de2c5bb3a64" />      <TestMethod codeBase="f:\src\Adiam_Cloud_Nightly_Tester\bins\debug\amd64\SyncFabric\Tests\TestRuleProcessorWithRealProxies\Microsoft.ActiveDirectory.Connector.Test.TestRuleProcessorWithRealProxies.dll" adapterTypeName="Microsoft.VisualStudio.TestTools.TestTypes.Unit.UnitTestAdapter" className="Microsoft.ActiveDirectory.Connector.Test.SalesForceOutboundDeltaSynchronizationRuleUnitTestReal" name="TestEvaluationDeltaAddEntrySoftDeleteReactivation" />    </UnitTest>    <UnitTest name="TestSendMessage" storage="f:\src\adiam_cloud_nightly_tester\bins\debug\amd64\syncfabric\tests\testsynchronizationworker\microsoft.activedirectory.connector.test.testsynchronizationworker.dll" id="a28f9d51-ad52-6dbd-aefb-6e9cf4aa315b">      <Execution id="7527940f-4db1-4c8c-b3e5-fc0fd8afdc3d" />      <TestMethod codeBase="f:\src\Adiam_Cloud_Nightly_Tester\bins\debug\amd64\SyncFabric\Tests\TestSynchronizationWorker\Microsoft.ActiveDirectory.Connector.Test.TestSynchronizationWorker.dll" adapterTypeName="Microsoft.VisualStudio.TestTools.TestTypes.Unit.UnitTestAdapter" className="Microsoft.ActiveDirectory.Connector.Test.MessengerUserTest" name="TestSendMessage" />    </UnitTest>    <UnitTest name="TestDeleteLockedProfile" storage="f:\src\adiam_cloud_nightly_tester\bins\debug\amd64\syncfabric\tests\testsynchronizationworker\microsoft.activedirectory.connector.test.testsynchronizationworker.dll" id="5503110d-12a1-058a-c6af-253f7c815c7e">      <Execution id="75fd41dc-996c-4b46-80aa-6ec3dee0bd56" />      <TestMethod codeBase="f:\src\Adiam_Cloud_Nightly_Tester\bins\debug\amd64\SyncFabric\Tests\TestSynchronizationWorker\Microsoft.ActiveDirectory.Connector.Test.TestSynchronizationWorker.dll" adapterTypeName="Microsoft.VisualStudio.TestTools.TestTypes.Unit.UnitTestAdapter" className="Microsoft.ActiveDirectory.Connector.Test.StorageUnitTest" name="TestDeleteLockedProfile" />    </UnitTest>    <UnitTest name="TestDeleteProfile" storage="f:\src\adiam_cloud_nightly_tester\bins\debug\amd64\syncfabric\tests\testsynchronizationworker\microsoft.activedirectory.connector.test.testsynchronizationworker.dll" id="1605dfa0-8640-12ea-c982-2875fad35cfb">      <Execution id="7aea7b7a-bb5a-4332-8484-e02847d7f59d" />      <TestMethod codeBase="f:\src\Adiam_Cloud_Nightly_Tester\bins\debug\amd64\SyncFabric\Tests\TestSynchronizationWorker\Microsoft.ActiveDirectory.Connector.Test.TestSynchronizationWorker.dll" adapterTypeName="Microsoft.VisualStudio.TestTools.TestTypes.Unit.UnitTestAdapter" className="Microsoft.ActiveDirectory.Connector.Test.StorageUnitTest" name="TestDeleteProfile" />    </UnitTest>    <UnitTest name="TestGetProfile" storage="f:\src\adiam_cloud_nightly_tester\bins\debug\amd64\syncfabric\tests\testsynchronizationworker\microsoft.activedirectory.connector.test.testsynchronizationworker.dll" id="81a5e050-8363-6273-dc8c-c1ed9eb96adf">      <Execution id="45d877f3-5fc5-4d10-b817-d1dee989df32" />      <TestMethod codeBase="f:\src\Adiam_Cloud_Nightly_Tester\bins\debug\amd64\SyncFabric\Tests\TestSynchronizationWorker\Microsoft.ActiveDirectory.Connector.Test.TestSynchronizationWorker.dll" adapterTypeName="Microsoft.VisualStudio.TestTools.TestTypes.Unit.UnitTestAdapter" className="Microsoft.ActiveDirectory.Connector.Test.StorageUnitTest" name="TestGetProfile" />    </UnitTest>    <UnitTest name="TestGetTenantInformation" storage="f:\src\adiam_cloud_nightly_tester\bins\debug\amd64\syncfabric\tests\testsynchronizationworker\microsoft.activedirectory.connector.test.testsynchronizationworker.dll" id="0c5cf71a-16e1-849b-473a-b22c997c4529">      <Execution id="d8a33d5d-0853-4563-92aa-111beb31403d" />      <TestMethod codeBase="f:\src\Adiam_Cloud_Nightly_Tester\bins\debug\amd64\SyncFabric\Tests\TestSynchronizationWorker\Microsoft.ActiveDirectory.Connector.Test.TestSynchronizationWorker.dll" adapterTypeName="Microsoft.VisualStudio.TestTools.TestTypes.Unit.UnitTestAdapter" className="Microsoft.ActiveDirectory.Connector.Test.StorageUnitTest" name="TestGetTenantInformation" />    </UnitTest>    <UnitTest name="TestLockProfile" storage="f:\src\adiam_cloud_nightly_tester\bins\debug\amd64\syncfabric\tests\testsynchronizationworker\microsoft.activedirectory.connector.test.testsynchronizationworker.dll" id="74062545-51a6-8363-ce39-23d047f55b76">      <Execution id="cd452e4e-777c-4d57-ba0f-3875ae596625" />      <TestMethod codeBase="f:\src\Adiam_Cloud_Nightly_Tester\bins\debug\amd64\SyncFabric\Tests\TestSynchronizationWorker\Microsoft.ActiveDirectory.Connector.Test.TestSynchronizationWorker.dll" adapterTypeName="Microsoft.VisualStudio.TestTools.TestTypes.Unit.UnitTestAdapter" className="Microsoft.ActiveDirectory.Connector.Test.StorageUnitTest" name="TestLockProfile" />    </UnitTest>    <UnitTest name="TestLockTenant" storage="f:\src\adiam_cloud_nightly_tester\bins\debug\amd64\syncfabric\tests\testsynchronizationworker\microsoft.activedirectory.connector.test.testsynchronizationworker.dll" id="5c271379-e927-0652-646f-186eed4d3186">      <Execution id="0855456f-c9f1-4ee2-ba06-7432b28f9095" />      <TestMethod codeBase="f:\src\Adiam_Cloud_Nightly_Tester\bins\debug\amd64\SyncFabric\Tests\TestSynchronizationWorker\Microsoft.ActiveDirectory.Connector.Test.TestSynchronizationWorker.dll" adapterTypeName="Microsoft.VisualStudio.TestTools.TestTypes.Unit.UnitTestAdapter" className="Microsoft.ActiveDirectory.Connector.Test.StorageUnitTest" name="TestLockTenant" />    </UnitTest>    <UnitTest name="TestUnlockProfile" storage="f:\src\adiam_cloud_nightly_tester\bins\debug\amd64\syncfabric\tests\testsynchronizationworker\microsoft.activedirectory.connector.test.testsynchronizationworker.dll" id="36f71f40-452a-dfc2-0fdf-20ec4da4207c">      <Execution id="77c1523e-ecdd-4c69-a123-c5e451c7930e" />      <TestMethod codeBase="f:\src\Adiam_Cloud_Nightly_Tester\bins\debug\amd64\SyncFabric\Tests\TestSynchronizationWorker\Microsoft.ActiveDirectory.Connector.Test.TestSynchronizationWorker.dll" adapterTypeName="Microsoft.VisualStudio.TestTools.TestTypes.Unit.UnitTestAdapter" className="Microsoft.ActiveDirectory.Connector.Test.StorageUnitTest" name="TestUnlockProfile" />    </UnitTest>    <UnitTest name="TestUpdateProfile" storage="f:\src\adiam_cloud_nightly_tester\bins\debug\amd64\syncfabric\tests\testsynchronizationworker\microsoft.activedirectory.connector.test.testsynchronizationworker.dll" id="2cfc7ce1-ca4b-c48e-dce5-222b9dcb43f6">      <Execution id="e46d7bda-b1e8-438b-a28a-93f117ba58ce" />      <TestMethod codeBase="f:\src\Adiam_Cloud_Nightly_Tester\bins\debug\amd64\SyncFabric\Tests\TestSynchronizationWorker\Microsoft.ActiveDirectory.Connector.Test.TestSynchronizationWorker.dll" adapterTypeName="Microsoft.VisualStudio.TestTools.TestTypes.Unit.UnitTestAdapter" className="Microsoft.ActiveDirectory.Connector.Test.StorageUnitTest" name="TestUpdateProfile" />    </UnitTest>    <UnitTest name="TestUpdateTenant" storage="f:\src\adiam_cloud_nightly_tester\bins\debug\amd64\syncfabric\tests\testsynchronizationworker\microsoft.activedirectory.connector.test.testsynchronizationworker.dll" id="05e68277-ee1c-c451-1dce-47c30fcca06e">      <Execution id="421f7bc3-2948-4cb9-9f5e-1fa7e2bd134f" />      <TestMethod codeBase="f:\src\Adiam_Cloud_Nightly_Tester\bins\debug\amd64\SyncFabric\Tests\TestSynchronizationWorker\Microsoft.ActiveDirectory.Connector.Test.TestSynchronizationWorker.dll" adapterTypeName="Microsoft.VisualStudio.TestTools.TestTypes.Unit.UnitTestAdapter" className="Microsoft.ActiveDirectory.Connector.Test.StorageUnitTest" name="TestUpdateTenant" />    </UnitTest>    <UnitTest name="TestUpdateWithInboundProfile" storage="f:\src\adiam_cloud_nightly_tester\bins\debug\amd64\syncfabric\tests\testsynchronizationworker\microsoft.activedirectory.connector.test.testsynchronizationworker.dll" id="7bf253a5-4dc6-2ca4-5780-4151dc256608">      <Execution id="556a9729-a7df-4ed7-90a5-15c7a2d63b01" />      <TestMethod codeBase="f:\src\Adiam_Cloud_Nightly_Tester\bins\debug\amd64\SyncFabric\Tests\TestSynchronizationWorker\Microsoft.ActiveDirectory.Connector.Test.TestSynchronizationWorker.dll" adapterTypeName="Microsoft.VisualStudio.TestTools.TestTypes.Unit.UnitTestAdapter" className="Microsoft.ActiveDirectory.Connector.Test.RunControllerUnitTest" name="TestUpdateWithInboundProfile" />    </UnitTest>    <UnitTest name="TestUpdateWithObsoleteProfile" storage="f:\src\adiam_cloud_nightly_tester\bins\debug\amd64\syncfabric\tests\testsynchronizationworker\microsoft.activedirectory.connector.test.testsynchronizationworker.dll" id="f83dd1e5-c982-3e03-7bb7-a885fbdc71dc">      <Execution id="38158846-f0e1-4caa-a66d-7c991bf859d3" />      <TestMethod codeBase="f:\src\Adiam_Cloud_Nightly_Tester\bins\debug\amd64\SyncFabric\Tests\TestSynchronizationWorker\Microsoft.ActiveDirectory.Connector.Test.TestSynchronizationWorker.dll" adapterTypeName="Microsoft.VisualStudio.TestTools.TestTypes.Unit.UnitTestAdapter" className="Microsoft.ActiveDirectory.Connector.Test.RunControllerUnitTest" name="TestUpdateWithObsoleteProfile" />    </UnitTest>    <UnitTest name="TestUpdateWithOutboundProfile" storage="f:\src\adiam_cloud_nightly_tester\bins\debug\amd64\syncfabric\tests\testsynchronizationworker\microsoft.activedirectory.connector.test.testsynchronizationworker.dll" id="2bde9850-fde2-4637-0e0a-947e09897723">      <Execution id="bcc557c3-4dad-4efa-9dff-3f71a99fb2ed" />      <TestMethod codeBase="f:\src\Adiam_Cloud_Nightly_Tester\bins\debug\amd64\SyncFabric\Tests\TestSynchronizationWorker\Microsoft.ActiveDirectory.Connector.Test.TestSynchronizationWorker.dll" adapterTypeName="Microsoft.VisualStudio.TestTools.TestTypes.Unit.UnitTestAdapter" className="Microsoft.ActiveDirectory.Connector.Test.RunControllerUnitTest" name="TestUpdateWithOutboundProfile" />    </UnitTest>    <UnitTest name="TestUpdateWithSingleExecutionProfile" storage="f:\src\adiam_cloud_nightly_tester\bins\debug\amd64\syncfabric\tests\testsynchronizationworker\microsoft.activedirectory.connector.test.testsynchronizationworker.dll" id="31a973ea-dffe-fa0f-f696-e70f8fe5ba6e">      <Execution id="6610fc4a-0793-4761-9a7c-f640a163f125" />      <TestMethod codeBase="f:\src\Adiam_Cloud_Nightly_Tester\bins\debug\amd64\SyncFabric\Tests\TestSynchronizationWorker\Microsoft.ActiveDirectory.Connector.Test.TestSynchronizationWorker.dll" adapterTypeName="Microsoft.VisualStudio.TestTools.TestTypes.Unit.UnitTestAdapter" className="Microsoft.ActiveDirectory.Connector.Test.RunControllerUnitTest" name="TestUpdateWithSingleExecutionProfile" />    </UnitTest>    <UnitTest name="TestDeserialize" storage="f:\src\adiam_cloud_nightly_tester\bins\debug\amd64\syncfabric\tests\testrunprofile\microsoft.activedirectory.connector.test.testrunprofile.dll" id="f9f5e9cf-77a3-044e-f334-7f46f1a2b1b7">      <Execution id="2c01d5e8-fafa-4093-be88-241deee10e72" />      <TestMethod codeBase="f:\src\Adiam_Cloud_Nightly_Tester\bins\debug\amd64\SyncFabric\Tests\TestRunProfile\Microsoft.ActiveDirectory.Connector.Test.TestRunProfile.dll" adapterTypeName="Microsoft.VisualStudio.TestTools.TestTypes.Unit.UnitTestAdapter" className="Microsoft.ActiveDirectory.Connector.Test.ConnectedDirectoryUnitTest" name="TestDeserialize" />    </UnitTest>    <UnitTest name="TestSerialize" storage="f:\src\adiam_cloud_nightly_tester\bins\debug\amd64\syncfabric\tests\testrunprofile\microsoft.activedirectory.connector.test.testrunprofile.dll" id="28d5d07c-01de-0904-82c1-ac180a5203c2">      <Execution id="40832ab4-51f8-4bfe-afcb-704b7ce6f30a" />      <TestMethod codeBase="f:\src\Adiam_Cloud_Nightly_Tester\bins\debug\amd64\SyncFabric\Tests\TestRunProfile\Microsoft.ActiveDirectory.Connector.Test.TestRunProfile.dll" adapterTypeName="Microsoft.VisualStudio.TestTools.TestTypes.Unit.UnitTestAdapter" className="Microsoft.ActiveDirectory.Connector.Test.ConnectedDirectoryUnitTest" name="TestSerialize" />    </UnitTest>    <UnitTest name="TestExecutePreviewRunProfile" storage="f:\src\adiam_cloud_nightly_tester\bins\debug\amd64\syncfabric\tests\testrunprofile\microsoft.activedirectory.connector.test.testrunprofile.dll" id="8f2791d3-9770-6d20-251f-4fac2d4c521e">      <Execution id="689a552a-e07f-4b8c-a461-60610bd80617" />      <TestMethod codeBase="f:\src\Adiam_Cloud_Nightly_Tester\bins\debug\amd64\SyncFabric\Tests\TestRunProfile\Microsoft.ActiveDirectory.Connector.Test.TestRunProfile.dll" adapterTypeName="Microsoft.VisualStudio.TestTools.TestTypes.Unit.UnitTestAdapter" className="Microsoft.ActiveDirectory.Connector.Test.PreviewRunProfileUnitTest" name="TestExecutePreviewRunProfile" />    </UnitTest>    <UnitTest name="TestExecutePreviewRunProfileForSchemaWithWithNullSourceNames" storage="f:\src\adiam_cloud_nightly_tester\bins\debug\amd64\syncfabric\tests\testrunprofile\microsoft.activedirectory.connector.test.testrunprofile.dll" id="5599880a-251c-6214-45e4-911a1bb9646c">      <Execution id="3bd53fde-363e-41dc-ace0-105b929b366b" />      <TestMethod codeBase="f:\src\Adiam_Cloud_Nightly_Tester\bins\debug\amd64\SyncFabric\Tests\TestRunProfile\Microsoft.ActiveDirectory.Connector.Test.TestRunProfile.dll" adapterTypeName="Microsoft.VisualStudio.TestTools.TestTypes.Unit.UnitTestAdapter" className="Microsoft.ActiveDirectory.Connector.Test.PreviewRunProfileUnitTest" name="TestExecutePreviewRunProfileForSchemaWithWithNullSourceNames" />    </UnitTest>    <UnitTest name="TestExecuteInvalidPreviewRunProfile" storage="f:\src\adiam_cloud_nightly_tester\bins\debug\amd64\syncfabric\tests\testrunprofile\microsoft.activedirectory.connector.test.testrunprofile.dll" id="853abd7b-ee31-d683-d6d2-37099e454b94">      <Execution id="e5793072-f86f-4362-8d6f-0a1c01b90a4a" />      <TestMethod codeBase="f:\src\Adiam_Cloud_Nightly_Tester\bins\debug\amd64\SyncFabric\Tests\TestRunProfile\Microsoft.ActiveDirectory.Connector.Test.TestRunProfile.dll" adapterTypeName="Microsoft.VisualStudio.TestTools.TestTypes.Unit.UnitTestAdapter" className="Microsoft.ActiveDirectory.Connector.Test.PreviewRunProfileUnitTest" name="TestExecuteInvalidPreviewRunProfile" />    </UnitTest>    <UnitTest name="TestEntryMappingFunctionDateFormatHyphenatedYearMonthDayFormat" storage="f:\src\adiam_cloud_nightly_tester\bins\debug\amd64\syncfabric\tests\testrunprofile\microsoft.activedirectory.connector.test.testrunprofile.dll" id="fc18ea1e-6b3e-4f7c-b0d3-d9e6efabdeac">      <Execution id="0fa45708-f6d5-438c-91e2-6739386a3c11" />      <TestMethod codeBase="f:\src\Adiam_Cloud_Nightly_Tester\bins\debug\amd64\SyncFabric\Tests\TestRunProfile\Microsoft.ActiveDirectory.Connector.Test.TestRunProfile.dll" adapterTypeName="Microsoft.VisualStudio.TestTools.TestTypes.Unit.UnitTestAdapter" className="Microsoft.ActiveDirectory.Connector.Test.EntryMappingUnitTest" name="TestEntryMappingFunctionDateFormatHyphenatedYearMonthDayFormat" />    </UnitTest>    <UnitTest name="TestEntryMappingFunctionDateFormatInvalidFormat" storage="f:\src\adiam_cloud_nightly_tester\bins\debug\amd64\syncfabric\tests\testrunprofile\microsoft.activedirectory.connector.test.testrunprofile.dll" id="a9c12a84-ba82-52df-8378-c9af1dfb8403">      <Execution id="982c0b8b-e8c6-4445-ac47-18e7c2becc72" />      <TestMethod codeBase="f:\src\Adiam_Cloud_Nightly_Tester\bins\debug\amd64\SyncFabric\Tests\TestRunProfile\Microsoft.ActiveDirectory.Connector.Test.TestRunProfile.dll" adapterTypeName="Microsoft.VisualStudio.TestTools.TestTypes.Unit.UnitTestAdapter" className="Microsoft.ActiveDirectory.Connector.Test.EntryMappingUnitTest" name="TestEntryMappingFunctionDateFormatInvalidFormat" />    </UnitTest>    <UnitTest name="TestEntryMappingFunctionReplaceWithBackupRegularExpression" storage="f:\src\adiam_cloud_nightly_tester\bins\debug\amd64\syncfabric\tests\testrunprofile\microsoft.activedirectory.connector.test.testrunprofile.dll" id="17e1148f-9cb9-30f1-449a-ba3931933ae7">      <Execution id="9b78b86d-251e-43f9-af17-ef163a3a528d" />      <TestMethod codeBase="f:\src\Adiam_Cloud_Nightly_Tester\bins\debug\amd64\SyncFabric\Tests\TestRunProfile\Microsoft.ActiveDirectory.Connector.Test.TestRunProfile.dll" adapterTypeName="Microsoft.VisualStudio.TestTools.TestTypes.Unit.UnitTestAdapter" className="Microsoft.ActiveDirectory.Connector.Test.EntryMappingUnitTest" name="TestEntryMappingFunctionReplaceWithBackupRegularExpression" />    </UnitTest>    <UnitTest name="TestEntryMappingFunctionReplace" storage="f:\src\adiam_cloud_nightly_tester\bins\debug\amd64\syncfabric\tests\testrunprofile\microsoft.activedirectory.connector.test.testrunprofile.dll" id="7941fc65-96b0-9d89-61ac-0cfdfa8afe41">      <Execution id="496b672e-331d-44f1-8049-6cb5602aee8a" />      <TestMethod codeBase="f:\src\Adiam_Cloud_Nightly_Tester\bins\debug\amd64\SyncFabric\Tests\TestRunProfile\Microsoft.ActiveDirectory.Connector.Test.TestRunProfile.dll" adapterTypeName="Microsoft.VisualStudio.TestTools.TestTypes.Unit.UnitTestAdapter" className="Microsoft.ActiveDirectory.Connector.Test.EntryMappingUnitTest" name="TestEntryMappingFunctionReplace" />    </UnitTest>    <UnitTest name="TestEntryMappingFunctionReplaceCostcoEmailMapping" storage="f:\src\adiam_cloud_nightly_tester\bins\debug\amd64\syncfabric\tests\testrunprofile\microsoft.activedirectory.connector.test.testrunprofile.dll" id="46e210ff-108a-db8a-d82a-217f1bea6d01">      <Execution id="27d377d7-dfcc-4b23-95c3-0a5bb515c324" />      <TestMethod codeBase="f:\src\Adiam_Cloud_Nightly_Tester\bins\debug\amd64\SyncFabric\Tests\TestRunProfile\Microsoft.ActiveDirectory.Connector.Test.TestRunProfile.dll" adapterTypeName="Microsoft.VisualStudio.TestTools.TestTypes.Unit.UnitTestAdapter" className="Microsoft.ActiveDirectory.Connector.Test.EntryMappingUnitTest" name="TestEntryMappingFunctionReplaceCostcoEmailMapping" />    </UnitTest>    <UnitTest name="TestEqualityComparison" storage="f:\src\adiam_cloud_nightly_tester\bins\debug\amd64\syncfabric\tests\testrunprofile\microsoft.activedirectory.connector.test.testrunprofile.dll" id="523b454a-6300-effd-fea9-5c4fc00a2f50">      <Execution id="93f3c9f3-49c3-4eb5-994b-564617976c13" />      <TestMethod codeBase="f:\src\Adiam_Cloud_Nightly_Tester\bins\debug\amd64\SyncFabric\Tests\TestRunProfile\Microsoft.ActiveDirectory.Connector.Test.TestRunProfile.dll" adapterTypeName="Microsoft.VisualStudio.TestTools.TestTypes.Unit.UnitTestAdapter" className="Microsoft.ActiveDirectory.Connector.Test.EntryIdentificationPropertyComparerUnitTest" name="TestEqualityComparison" />    </UnitTest>    <UnitTest name="TestEqualityComparisonByDirectoryIdentifier" storage="f:\src\adiam_cloud_nightly_tester\bins\debug\amd64\syncfabric\tests\testrunprofile\microsoft.activedirectory.connector.test.testrunprofile.dll" id="bb158ed2-d162-4013-4727-09aaf50c6872">      <Execution id="f5303b7c-4e87-41b1-bb37-98b018f2579d" />      <TestMethod codeBase="f:\src\Adiam_Cloud_Nightly_Tester\bins\debug\amd64\SyncFabric\Tests\TestRunProfile\Microsoft.ActiveDirectory.Connector.Test.TestRunProfile.dll" adapterTypeName="Microsoft.VisualStudio.TestTools.TestTypes.Unit.UnitTestAdapter" className="Microsoft.ActiveDirectory.Connector.Test.DirectoryEntryComparerUnitTest" name="TestEqualityComparisonByDirectoryIdentifier" />    </UnitTest>    <UnitTest name="TestComplexValue" storage="f:\src\adiam_cloud_nightly_tester\bins\debug\amd64\syncfabric\tests\testrunprofile\microsoft.activedirectory.connector.test.testrunprofile.dll" id="1aa68fa2-c2a1-63dc-75bb-32ae90005e07">      <Execution id="0f1f36fa-2bb2-4595-954e-2b1a774afe7b" />      <TestMethod codeBase="f:\src\Adiam_Cloud_Nightly_Tester\bins\debug\amd64\SyncFabric\Tests\TestRunProfile\Microsoft.ActiveDirectory.Connector.Test.TestRunProfile.dll" adapterTypeName="Microsoft.VisualStudio.TestTools.TestTypes.Unit.UnitTestAdapter" className="Microsoft.ActiveDirectory.Connector.Test.EntryPropertyComplexUnitTest" name="TestComplexValue" />    </UnitTest>    <UnitTest name="TestAliasedRunProfileFactories" storage="f:\src\adiam_cloud_nightly_tester\bins\debug\amd64\syncfabric\tests\testrunprofile\microsoft.activedirectory.connector.test.testrunprofile.dll" id="a8b1c482-9544-1ec7-b283-a3c167a9f977">      <Execution id="1bda5247-e8dd-461b-a51c-84ac6f5e5e67" />      <TestMethod codeBase="f:\src\Adiam_Cloud_Nightly_Tester\bins\debug\amd64\SyncFabric\Tests\TestRunProfile\Microsoft.ActiveDirectory.Connector.Test.TestRunProfile.dll" adapterTypeName="Microsoft.VisualStudio.TestTools.TestTypes.Unit.UnitTestAdapter" className="Microsoft.ActiveDirectory.Connector.Test.RunProfileFactoryFacadeUnitTest" name="TestAliasedRunProfileFactories" />    </UnitTest>    <UnitTest name="TestCreateRunProfile" storage="f:\src\adiam_cloud_nightly_tester\bins\debug\amd64\syncfabric\tests\testrunprofile\microsoft.activedirectory.connector.test.testrunprofile.dll" id="5e6ab9be-2026-1b39-d160-f37bce9b58ba">      <Execution id="4cda4778-833f-436e-a020-e18dfbdffff1" />      <TestMethod codeBase="f:\src\Adiam_Cloud_Nightly_Tester\bins\debug\amd64\SyncFabric\Tests\TestRunProfile\Microsoft.ActiveDirectory.Connector.Test.TestRunProfile.dll" adapterTypeName="Microsoft.VisualStudio.TestTools.TestTypes.Unit.UnitTestAdapter" className="Microsoft.ActiveDirectory.Connector.Test.RunProfileFactoryFacadeUnitTest" name="TestCreateRunProfile" />    </UnitTest>    <UnitTest name="TestCreateRunProfileWithCustomSchema" storage="f:\src\adiam_cloud_nightly_tester\bins\debug\amd64\syncfabric\tests\testrunprofile\microsoft.activedirectory.connector.test.testrunprofile.dll" id="de825c03-6f03-5d15-170c-3df85d0a6a26">      <Execution id="cdcfe1cf-1cfd-4d57-8049-8086c61283d5" />      <TestMethod codeBase="f:\src\Adiam_Cloud_Nightly_Tester\bins\debug\amd64\SyncFabric\Tests\TestRunProfile\Microsoft.ActiveDirectory.Connector.Test.TestRunProfile.dll" adapterTypeName="Microsoft.VisualStudio.TestTools.TestTypes.Unit.UnitTestAdapter" className="Microsoft.ActiveDirectory.Connector.Test.RunProfileFactoryFacadeUnitTest" name="TestCreateRunProfileWithCustomSchema" />    </UnitTest>    <UnitTest name="TestCreateRunProfileWithCustomSchemaForMultiInstance" storage="f:\src\adiam_cloud_nightly_tester\bins\debug\amd64\syncfabric\tests\testrunprofile\microsoft.activedirectory.connector.test.testrunprofile.dll" id="1ba69f03-4c54-adb7-d4d5-95c7280e48fb">      <Execution id="120f5573-5533-4a9c-8f9e-b61c07b1ce77" />      <TestMethod codeBase="f:\src\Adiam_Cloud_Nightly_Tester\bins\debug\amd64\SyncFabric\Tests\TestRunProfile\Microsoft.ActiveDirectory.Connector.Test.TestRunProfile.dll" adapterTypeName="Microsoft.VisualStudio.TestTools.TestTypes.Unit.UnitTestAdapter" className="Microsoft.ActiveDirectory.Connector.Test.RunProfileFactoryFacadeUnitTest" name="TestCreateRunProfileWithCustomSchemaForMultiInstance" />    </UnitTest>    <UnitTest name="TestCreateAndExecuteNoOpRunProfile" storage="f:\src\adiam_cloud_nightly_tester\bins\debug\amd64\syncfabric\tests\testrunprofile\microsoft.activedirectory.connector.test.testrunprofile.dll" id="dce90559-5c26-13ca-7e93-da2caaab92ee">      <Execution id="f348e7c0-1681-40d9-af80-9b7ba7bfa66e" />      <TestMethod codeBase="f:\src\Adiam_Cloud_Nightly_Tester\bins\debug\amd64\SyncFabric\Tests\TestRunProfile\Microsoft.ActiveDirectory.Connector.Test.TestRunProfile.dll" adapterTypeName="Microsoft.VisualStudio.TestTools.TestTypes.Unit.UnitTestAdapter" className="Microsoft.ActiveDirectory.Connector.Test.RunProfileFactoryFacadeUnitTest" name="TestCreateAndExecuteNoOpRunProfile" />    </UnitTest>    <UnitTest name="TestCreateAndExecuteNoOpRunProfileSpecificInstance" storage="f:\src\adiam_cloud_nightly_tester\bins\debug\amd64\syncfabric\tests\testrunprofile\microsoft.activedirectory.connector.test.testrunprofile.dll" id="ada4a13e-50a6-96b8-c7f0-ae6a94d7fe4e">      <Execution id="19b60c0c-54d1-4f24-9528-8b14259a6cf3" />      <TestMethod codeBase="f:\src\Adiam_Cloud_Nightly_Tester\bins\debug\amd64\SyncFabric\Tests\TestRunProfile\Microsoft.ActiveDirectory.Connector.Test.TestRunProfile.dll" adapterTypeName="Microsoft.VisualStudio.TestTools.TestTypes.Unit.UnitTestAdapter" className="Microsoft.ActiveDirectory.Connector.Test.RunProfileFactoryFacadeUnitTest" name="TestCreateAndExecuteNoOpRunProfileSpecificInstance" />    </UnitTest>    <UnitTest name="TestUpgradeRunProfileScenarioSyncRuleChanges" storage="f:\src\adiam_cloud_nightly_tester\bins\debug\amd64\syncfabric\tests\testrunprofile\microsoft.activedirectory.connector.test.testrunprofile.dll" id="05eebf05-11c8-1deb-04c7-76a3bcc362f3">      <Execution id="88738828-d4e2-48d0-894b-9393a66dcb55" />      <TestMethod codeBase="f:\src\Adiam_Cloud_Nightly_Tester\bins\debug\amd64\SyncFabric\Tests\TestRunProfile\Microsoft.ActiveDirectory.Connector.Test.TestRunProfile.dll" adapterTypeName="Microsoft.VisualStudio.TestTools.TestTypes.Unit.UnitTestAdapter" className="Microsoft.ActiveDirectory.Connector.Test.RunProfileFactoryFacadeUnitTest" name="TestUpgradeRunProfileScenarioSyncRuleChanges" />    </UnitTest>    <UnitTest name="TestPreviewRunProfileInitialization" storage="f:\src\adiam_cloud_nightly_tester\bins\debug\amd64\syncfabric\tests\testrunprofile\microsoft.activedirectory.connector.test.testrunprofile.dll" id="94f0b2a7-1d61-9f85-d48b-8e6b8c878b28">      <Execution id="c8ea1927-2b80-4b21-afd1-8f59c38c065e" />      <TestMethod codeBase="f:\src\Adiam_Cloud_Nightly_Tester\bins\debug\amd64\SyncFabric\Tests\TestRunProfile\Microsoft.ActiveDirectory.Connector.Test.TestRunProfile.dll" adapterTypeName="Microsoft.VisualStudio.TestTools.TestTypes.Unit.UnitTestAdapter" className="Microsoft.ActiveDirectory.Connector.Test.RunProfileFactoryFacadeUnitTest" name="TestPreviewRunProfileInitialization" />    </UnitTest>    <UnitTest name="TestConnectorDataStorePrefixForExistingRunProfile" storage="f:\src\adiam_cloud_nightly_tester\bins\debug\amd64\syncfabric\tests\testrunprofile\microsoft.activedirectory.connector.test.testrunprofile.dll" id="e9bb32c6-9418-3162-3f7c-b054d003e0ec">      <Execution id="a3623583-7ee2-435f-a3c9-c61c1e2ab5e7" />      <TestMethod codeBase="f:\src\Adiam_Cloud_Nightly_Tester\bins\debug\amd64\SyncFabric\Tests\TestRunProfile\Microsoft.ActiveDirectory.Connector.Test.TestRunProfile.dll" adapterTypeName="Microsoft.VisualStudio.TestTools.TestTypes.Unit.UnitTestAdapter" className="Microsoft.ActiveDirectory.Connector.Test.RunProfileFactoryFacadeUnitTest" name="TestConnectorDataStorePrefixForExistingRunProfile" />    </UnitTest>    <UnitTest name="TestUpgradeRunProfileScenarioSyncRuleChangesFromRunProfileXml" storage="f:\src\adiam_cloud_nightly_tester\bins\debug\amd64\syncfabric\tests\testrunprofile\microsoft.activedirectory.connector.test.testrunprofile.dll" id="b6f84d84-1b99-8981-a141-9a6a943e0e61">      <Execution id="e9ace4e2-53cb-4997-b0de-42ca77104b4e" />      <TestMethod codeBase="f:\src\Adiam_Cloud_Nightly_Tester\bins\debug\amd64\SyncFabric\Tests\TestRunProfile\Microsoft.ActiveDirectory.Connector.Test.TestRunProfile.dll" adapterTypeName="Microsoft.VisualStudio.TestTools.TestTypes.Unit.UnitTestAdapter" className="Microsoft.ActiveDirectory.Connector.Test.RunProfileFactoryFacadeUnitTest" name="TestUpgradeRunProfileScenarioSyncRuleChangesFromRunProfileXml" />    </UnitTest>    <UnitTest name="TestAddModificationAddEntry" storage="f:\src\adiam_cloud_nightly_tester\bins\debug\amd64\syncfabric\tests\testrunprofile\microsoft.activedirectory.connector.test.testrunprofile.dll" id="76474685-2af2-33ba-2c90-02e19c5d0a1f">      <Execution id="f540ea12-6019-4867-b814-5febfcce1661" />      <TestMethod codeBase="f:\src\Adiam_Cloud_Nightly_Tester\bins\debug\amd64\SyncFabric\Tests\TestRunProfile\Microsoft.ActiveDirectory.Connector.Test.TestRunProfile.dll" adapterTypeName="Microsoft.VisualStudio.TestTools.TestTypes.Unit.UnitTestAdapter" className="Microsoft.ActiveDirectory.Connector.Test.EntryStoreUnitTest" name="TestAddModificationAddEntry" />    </UnitTest>    <UnitTest name="TestAddModificationDeleteEntry" storage="f:\src\adiam_cloud_nightly_tester\bins\debug\amd64\syncfabric\tests\testrunprofile\microsoft.activedirectory.connector.test.testrunprofile.dll" id="78dcb742-f031-1d5b-b982-87aa6e1e6446">      <Execution id="405080ec-36b6-4172-bda7-68ea584d8945" />      <TestMethod codeBase="f:\src\Adiam_Cloud_Nightly_Tester\bins\debug\amd64\SyncFabric\Tests\TestRunProfile\Microsoft.ActiveDirectory.Connector.Test.TestRunProfile.dll" adapterTypeName="Microsoft.VisualStudio.TestTools.TestTypes.Unit.UnitTestAdapter" className="Microsoft.ActiveDirectory.Connector.Test.EntryStoreUnitTest" name="TestAddModificationDeleteEntry" />    </UnitTest>    <UnitTest name="TestAddModificationUpdateEntryAddProperty" storage="f:\src\adiam_cloud_nightly_tester\bins\debug\amd64\syncfabric\tests\testrunprofile\microsoft.activedirectory.connector.test.testrunprofile.dll" id="ffecb73a-db60-90a7-f0c2-d60f5b178046">      <Execution id="98eeb9d7-7525-4f08-9a05-951a31953d07" />      <TestMethod codeBase="f:\src\Adiam_Cloud_Nightly_Tester\bins\debug\amd64\SyncFabric\Tests\TestRunProfile\Microsoft.ActiveDirectory.Connector.Test.TestRunProfile.dll" adapterTypeName="Microsoft.VisualStudio.TestTools.TestTypes.Unit.UnitTestAdapter" className="Microsoft.ActiveDirectory.Connector.Test.EntryStoreUnitTest" name="TestAddModificationUpdateEntryAddProperty" />    </UnitTest>    <UnitTest name="TestAddModificationUpdateEntryRemoveProperty" storage="f:\src\adiam_cloud_nightly_tester\bins\debug\amd64\syncfabric\tests\testrunprofile\microsoft.activedirectory.connector.test.testrunprofile.dll" id="3e8b8c1d-ced9-6c82-77fa-ed9b1560e71c">      <Execution id="0a7f4c44-d9a9-4f6f-a3b5-931b5a8c8777" />      <TestMethod codeBase="f:\src\Adiam_Cloud_Nightly_Tester\bins\debug\amd64\SyncFabric\Tests\TestRunProfile\Microsoft.ActiveDirectory.Connector.Test.TestRunProfile.dll" adapterTypeName="Microsoft.VisualStudio.TestTools.TestTypes.Unit.UnitTestAdapter" className="Microsoft.ActiveDirectory.Connector.Test.EntryStoreUnitTest" name="TestAddModificationUpdateEntryRemoveProperty" />    </UnitTest>    <UnitTest name="TestAddModificationUpdateEntryReplaceProperty" storage="f:\src\adiam_cloud_nightly_tester\bins\debug\amd64\syncfabric\tests\testrunprofile\microsoft.activedirectory.connector.test.testrunprofile.dll" id="06f11a04-819d-d6c3-8bf7-32401b1b9605">      <Execution id="ce2d36e0-7f2d-46d8-9e31-adb0430ba367" />      <TestMethod codeBase="f:\src\Adiam_Cloud_Nightly_Tester\bins\debug\amd64\SyncFabric\Tests\TestRunProfile\Microsoft.ActiveDirectory.Connector.Test.TestRunProfile.dll" adapterTypeName="Microsoft.VisualStudio.TestTools.TestTypes.Unit.UnitTestAdapter" className="Microsoft.ActiveDirectory.Connector.Test.EntryStoreUnitTest" name="TestAddModificationUpdateEntryReplaceProperty" />    </UnitTest>    <UnitTest name="TestAddModificationUpdateEntryModifyPropertyAddValue" storage="f:\src\adiam_cloud_nightly_tester\bins\debug\amd64\syncfabric\tests\testrunprofile\microsoft.activedirectory.connector.test.testrunprofile.dll" id="a45c2967-286b-7c37-f401-359209262feb">      <Execution id="a0b72ae2-12c6-4316-b61f-79294831c085" />      <TestMethod codeBase="f:\src\Adiam_Cloud_Nightly_Tester\bins\debug\amd64\SyncFabric\Tests\TestRunProfile\Microsoft.ActiveDirectory.Connector.Test.TestRunProfile.dll" adapterTypeName="Microsoft.VisualStudio.TestTools.TestTypes.Unit.UnitTestAdapter" className="Microsoft.ActiveDirectory.Connector.Test.EntryStoreUnitTest" name="TestAddModificationUpdateEntryModifyPropertyAddValue" />    </UnitTest>    <UnitTest name="TestAddModificationUpdateEntryModifyPropertyChangeValue" storage="f:\src\adiam_cloud_nightly_tester\bins\debug\amd64\syncfabric\tests\testrunprofile\microsoft.activedirectory.connector.test.testrunprofile.dll" id="5cd67ce4-99c6-7674-3400-719523694478">      <Execution id="3765cec7-e92d-4aeb-9511-21217a192a1e" />      <TestMethod codeBase="f:\src\Adiam_Cloud_Nightly_Tester\bins\debug\amd64\SyncFabric\Tests\TestRunProfile\Microsoft.ActiveDirectory.Connector.Test.TestRunProfile.dll" adapterTypeName="Microsoft.VisualStudio.TestTools.TestTypes.Unit.UnitTestAdapter" className="Microsoft.ActiveDirectory.Connector.Test.EntryStoreUnitTest" name="TestAddModificationUpdateEntryModifyPropertyChangeValue" />    </UnitTest>    <UnitTest name="TestAddModificationUpdateEntryModifyPropertyRemoveValue" storage="f:\src\adiam_cloud_nightly_tester\bins\debug\amd64\syncfabric\tests\testrunprofile\microsoft.activedirectory.connector.test.testrunprofile.dll" id="787dcca7-5c2b-2e8e-1388-23167085f2b0">      <Execution id="33047fe4-c43d-4f39-ba25-0d38ba096746" />      <TestMethod codeBase="f:\src\Adiam_Cloud_Nightly_Tester\bins\debug\amd64\SyncFabric\Tests\TestRunProfile\Microsoft.ActiveDirectory.Connector.Test.TestRunProfile.dll" adapterTypeName="Microsoft.VisualStudio.TestTools.TestTypes.Unit.UnitTestAdapter" className="Microsoft.ActiveDirectory.Connector.Test.EntryStoreUnitTest" name="TestAddModificationUpdateEntryModifyPropertyRemoveValue" />    </UnitTest>    <UnitTest name="TestEntries" storage="f:\src\adiam_cloud_nightly_tester\bins\debug\amd64\syncfabric\tests\testrunprofile\microsoft.activedirectory.connector.test.testrunprofile.dll" id="d69e4c11-b254-1ecd-28cb-95e371dce10a">      <Execution id="abf5311e-709f-46e5-ab20-ad28b5df9f22" />      <TestMethod codeBase="f:\src\Adiam_Cloud_Nightly_Tester\bins\debug\amd64\SyncFabric\Tests\TestRunProfile\Microsoft.ActiveDirectory.Connector.Test.TestRunProfile.dll" adapterTypeName="Microsoft.VisualStudio.TestTools.TestTypes.Unit.UnitTestAdapter" className="Microsoft.ActiveDirectory.Connector.Test.EntryStoreUnitTest" name="TestEntries" />    </UnitTest>    <UnitTest name="TestFictitiousUserEntries" storage="f:\src\adiam_cloud_nightly_tester\bins\debug\amd64\syncfabric\tests\testrunprofile\microsoft.activedirectory.connector.test.testrunprofile.dll" id="959c0057-799d-03df-ec56-e2335203dfa3">      <Execution id="05ea3f3d-6aed-453c-be96-6588a1c947df" />      <TestMethod codeBase="f:\src\Adiam_Cloud_Nightly_Tester\bins\debug\amd64\SyncFabric\Tests\TestRunProfile\Microsoft.ActiveDirectory.Connector.Test.TestRunProfile.dll" adapterTypeName="Microsoft.VisualStudio.TestTools.TestTypes.Unit.UnitTestAdapter" className="Microsoft.ActiveDirectory.Connector.Test.EntryStoreUnitTest" name="TestFictitiousUserEntries" />    </UnitTest>    <UnitTest name="TestModifications" storage="f:\src\adiam_cloud_nightly_tester\bins\debug\amd64\syncfabric\tests\testrunprofile\microsoft.activedirectory.connector.test.testrunprofile.dll" id="75cc9708-40f0-0027-3fe2-020475f2ffd1">      <Execution id="598c14cd-34c3-471c-94e8-0047103a820c" />      <TestMethod codeBase="f:\src\Adiam_Cloud_Nightly_Tester\bins\debug\amd64\SyncFabric\Tests\TestRunProfile\Microsoft.ActiveDirectory.Connector.Test.TestRunProfile.dll" adapterTypeName="Microsoft.VisualStudio.TestTools.TestTypes.Unit.UnitTestAdapter" className="Microsoft.ActiveDirectory.Connector.Test.EntryStoreUnitTest" name="TestModifications" />    </UnitTest>    <UnitTest name="TestExport" storage="f:\src\adiam_cloud_nightly_tester\bins\debug\amd64\syncfabric\tests\testrunprofile\microsoft.activedirectory.connector.test.testrunprofile.dll" id="a4ea69ff-9527-d13d-d388-b37035301378">      <Execution id="1730976d-c911-419c-a53f-65c60eaf5a0e" />      <TestMethod codeBase="f:\src\Adiam_Cloud_Nightly_Tester\bins\debug\amd64\SyncFabric\Tests\TestRunProfile\Microsoft.ActiveDirectory.Connector.Test.TestRunProfile.dll" adapterTypeName="Microsoft.VisualStudio.TestTools.TestTypes.Unit.UnitTestAdapter" className="Microsoft.ActiveDirectory.Connector.Test.MultiplexProxyAdapterUnitTest" name="TestExport" />    </UnitTest>    <UnitTest name="TestImportByAnchor" storage="f:\src\adiam_cloud_nightly_tester\bins\debug\amd64\syncfabric\tests\testrunprofile\microsoft.activedirectory.connector.test.testrunprofile.dll" id="56fb6329-543b-5aed-4800-814beb2dd128">      <Execution id="7dc5fb37-34d8-4b94-9ba8-4253db4651fd" />      <TestMethod codeBase="f:\src\Adiam_Cloud_Nightly_Tester\bins\debug\amd64\SyncFabric\Tests\TestRunProfile\Microsoft.ActiveDirectory.Connector.Test.TestRunProfile.dll" adapterTypeName="Microsoft.VisualStudio.TestTools.TestTypes.Unit.UnitTestAdapter" className="Microsoft.ActiveDirectory.Connector.Test.MultiplexProxyAdapterUnitTest" name="TestImportByAnchor" />    </UnitTest>    <UnitTest name="TestImportByJoiningPropertyValue" storage="f:\src\adiam_cloud_nightly_tester\bins\debug\amd64\syncfabric\tests\testrunprofile\microsoft.activedirectory.connector.test.testrunprofile.dll" id="8419adf9-bc34-8240-c945-4587eeaf6525">      <Execution id="27085a83-64f0-4031-afe2-8441e438a241" />      <TestMethod codeBase="f:\src\Adiam_Cloud_Nightly_Tester\bins\debug\amd64\SyncFabric\Tests\TestRunProfile\Microsoft.ActiveDirectory.Connector.Test.TestRunProfile.dll" adapterTypeName="Microsoft.VisualStudio.TestTools.TestTypes.Unit.UnitTestAdapter" className="Microsoft.ActiveDirectory.Connector.Test.MultiplexProxyAdapterUnitTest" name="TestImportByJoiningPropertyValue" />    </UnitTest>    <UnitTest name="TestDeserialize" storage="f:\src\adiam_cloud_nightly_tester\bins\debug\amd64\syncfabric\tests\testrunprofile\microsoft.activedirectory.connector.test.testrunprofile.dll" id="f25986ac-0cda-aa59-3b5d-791997d447b3">      <Execution id="1c6aeca7-4bcf-4d1a-a6f6-4ce030a99def" />      <TestMethod codeBase="f:\src\Adiam_Cloud_Nightly_Tester\bins\debug\amd64\SyncFabric\Tests\TestRunProfile\Microsoft.ActiveDirectory.Connector.Test.TestRunProfile.dll" adapterTypeName="Microsoft.VisualStudio.TestTools.TestTypes.Unit.UnitTestAdapter" className="Microsoft.ActiveDirectory.Connector.Test.RunProfileUnitTest" name="TestDeserialize" />    </UnitTest>    <UnitTest name="TestDeserializeLegacyConnectorStatus" storage="f:\src\adiam_cloud_nightly_tester\bins\debug\amd64\syncfabric\tests\testrunprofile\microsoft.activedirectory.connector.test.testrunprofile.dll" id="dc279dc7-7352-6c97-b480-4e7a5f8da47c">      <Execution id="aedcb655-d5ce-47a7-b3cd-56136788f833" />      <TestMethod codeBase="f:\src\Adiam_Cloud_Nightly_Tester\bins\debug\amd64\SyncFabric\Tests\TestRunProfile\Microsoft.ActiveDirectory.Connector.Test.TestRunProfile.dll" adapterTypeName="Microsoft.VisualStudio.TestTools.TestTypes.Unit.UnitTestAdapter" className="Microsoft.ActiveDirectory.Connector.Test.RunProfileUnitTest" name="TestDeserializeLegacyConnectorStatus" />    </UnitTest>    <UnitTest name="TestDeserializeNoVersion" storage="f:\src\adiam_cloud_nightly_tester\bins\debug\amd64\syncfabric\tests\testrunprofile\microsoft.activedirectory.connector.test.testrunprofile.dll" id="772c1756-d080-2db9-6dd9-316a7e57de68">      <Execution id="e69af30b-0b89-4448-a6a1-c8066683052b" />      <TestMethod codeBase="f:\src\Adiam_Cloud_Nightly_Tester\bins\debug\amd64\SyncFabric\Tests\TestRunProfile\Microsoft.ActiveDirectory.Connector.Test.TestRunProfile.dll" adapterTypeName="Microsoft.VisualStudio.TestTools.TestTypes.Unit.UnitTestAdapter" className="Microsoft.ActiveDirectory.Connector.Test.RunProfileUnitTest" name="TestDeserializeNoVersion" />    </UnitTest>    <UnitTest name="TestMessage" storage="f:\src\adiam_cloud_nightly_tester\bins\debug\amd64\syncfabric\tests\testrunprofile\microsoft.activedirectory.connector.test.testrunprofile.dll" id="f07bf4fc-9608-5eef-1829-77aa6cf157aa">      <Execution id="5a5dade6-b127-45e5-b22f-2fcd8e72726a" />      <TestMethod codeBase="f:\src\Adiam_Cloud_Nightly_Tester\bins\debug\amd64\SyncFabric\Tests\TestRunProfile\Microsoft.ActiveDirectory.Connector.Test.TestRunProfile.dll" adapterTypeName="Microsoft.VisualStudio.TestTools.TestTypes.Unit.UnitTestAdapter" className="Microsoft.ActiveDirectory.Connector.Test.RunProfileUnitTest" name="TestMessage" />    </UnitTest>    <UnitTest name="TestExporterPaging" storage="f:\src\adiam_cloud_nightly_tester\bins\debug\amd64\syncfabric\tests\testrunprofile\microsoft.activedirectory.connector.test.testrunprofile.dll" id="539ccdc7-34e0-6e6a-622c-0fba7623f8e9">      <Execution id="0806fd20-9610-458c-8514-1b02174d03eb" />      <TestMethod codeBase="f:\src\Adiam_Cloud_Nightly_Tester\bins\debug\amd64\SyncFabric\Tests\TestRunProfile\Microsoft.ActiveDirectory.Connector.Test.TestRunProfile.dll" adapterTypeName="Microsoft.VisualStudio.TestTools.TestTypes.Unit.UnitTestAdapter" className="Microsoft.ActiveDirectory.Connector.Test.RunProfileUnitTest" name="TestExporterPaging" />    </UnitTest>    <UnitTest name="TestSerialize" storage="f:\src\adiam_cloud_nightly_tester\bins\debug\amd64\syncfabric\tests\testrunprofile\microsoft.activedirectory.connector.test.testrunprofile.dll" id="7f039267-543a-fa27-c064-dcfb93ec4a81">      <Execution id="d7936c79-2649-4e19-b527-7b540a88d3f1" />      <TestMethod codeBase="f:\src\Adiam_Cloud_Nightly_Tester\bins\debug\amd64\SyncFabric\Tests\TestRunProfile\Microsoft.ActiveDirectory.Connector.Test.TestRunProfile.dll" adapterTypeName="Microsoft.VisualStudio.TestTools.TestTypes.Unit.UnitTestAdapter" className="Microsoft.ActiveDirectory.Connector.Test.RunProfileUnitTest" name="TestSerialize" />    </UnitTest>    <UnitTest name="TestWatermarkReset" storage="f:\src\adiam_cloud_nightly_tester\bins\debug\amd64\syncfabric\tests\testrunprofile\microsoft.activedirectory.connector.test.testrunprofile.dll" id="f3a22ae9-62f6-6b29-34d3-3e501f2bf4b0">      <Execution id="5c978370-4bdd-452f-82fb-3305702d7304" />      <TestMethod codeBase="f:\src\Adiam_Cloud_Nightly_Tester\bins\debug\amd64\SyncFabric\Tests\TestRunProfile\Microsoft.ActiveDirectory.Connector.Test.TestRunProfile.dll" adapterTypeName="Microsoft.VisualStudio.TestTools.TestTypes.Unit.UnitTestAdapter" className="Microsoft.ActiveDirectory.Connector.Test.RunProfileUnitTest" name="TestWatermarkReset" />    </UnitTest>    <UnitTest name="TestVersioning" storage="f:\src\adiam_cloud_nightly_tester\bins\debug\amd64\syncfabric\tests\testrunprofile\microsoft.activedirectory.connector.test.testrunprofile.dll" id="6cae51db-cb1d-4bef-6d96-8aec681fb27b">      <Execution id="4879d86b-103d-445c-863e-09691c713348" />      <TestMethod codeBase="f:\src\Adiam_Cloud_Nightly_Tester\bins\debug\amd64\SyncFabric\Tests\TestRunProfile\Microsoft.ActiveDirectory.Connector.Test.TestRunProfile.dll" adapterTypeName="Microsoft.VisualStudio.TestTools.TestTypes.Unit.UnitTestAdapter" className="Microsoft.ActiveDirectory.Connector.Test.RunProfileUnitTest" name="TestVersioning" />    </UnitTest>    <UnitTest name="TestDeserializeQuickBooksOnline" storage="f:\src\adiam_cloud_nightly_tester\bins\debug\amd64\syncfabric\tests\testrunprofile\microsoft.activedirectory.connector.test.testrunprofile.dll" id="c84cd775-8597-263e-8d25-5495a1a4be47">      <Execution id="c821d1ed-de52-41e9-8d56-3cb521745586" />      <TestMethod codeBase="f:\src\Adiam_Cloud_Nightly_Tester\bins\debug\amd64\SyncFabric\Tests\TestRunProfile\Microsoft.ActiveDirectory.Connector.Test.TestRunProfile.dll" adapterTypeName="Microsoft.VisualStudio.TestTools.TestTypes.Unit.UnitTestAdapter" className="Microsoft.ActiveDirectory.Connector.Test.SynchronizationRuleUnitTest" name="TestDeserializeQuickBooksOnline" />    </UnitTest>    <UnitTest name="TestDeserializeSalesForce" storage="f:\src\adiam_cloud_nightly_tester\bins\debug\amd64\syncfabric\tests\testrunprofile\microsoft.activedirectory.connector.test.testrunprofile.dll" id="1235b514-c144-0c70-8ed1-8e44f69a90ff">      <Execution id="c510d1ed-ec56-4278-b353-40f94233f4fe" />      <TestMethod codeBase="f:\src\Adiam_Cloud_Nightly_Tester\bins\debug\amd64\SyncFabric\Tests\TestRunProfile\Microsoft.ActiveDirectory.Connector.Test.TestRunProfile.dll" adapterTypeName="Microsoft.VisualStudio.TestTools.TestTypes.Unit.UnitTestAdapter" className="Microsoft.ActiveDirectory.Connector.Test.SynchronizationRuleUnitTest" name="TestDeserializeSalesForce" />    </UnitTest>    <UnitTest name="TestSerializeQuickBooksOnline" storage="f:\src\adiam_cloud_nightly_tester\bins\debug\amd64\syncfabric\tests\testrunprofile\microsoft.activedirectory.connector.test.testrunprofile.dll" id="72ca6348-e3e1-ffab-55f7-81b5a55416b5">      <Execution id="9bf5db7f-46d0-4616-9f16-6dd7d0faeb87" />      <TestMethod codeBase="f:\src\Adiam_Cloud_Nightly_Tester\bins\debug\amd64\SyncFabric\Tests\TestRunProfile\Microsoft.ActiveDirectory.Connector.Test.TestRunProfile.dll" adapterTypeName="Microsoft.VisualStudio.TestTools.TestTypes.Unit.UnitTestAdapter" className="Microsoft.ActiveDirectory.Connector.Test.SynchronizationRuleUnitTest" name="TestSerializeQuickBooksOnline" />    </UnitTest>    <UnitTest name="TestSerializeSalesForce" storage="f:\src\adiam_cloud_nightly_tester\bins\debug\amd64\syncfabric\tests\testrunprofile\microsoft.activedirectory.connector.test.testrunprofile.dll" id="dfc190d4-e3cc-e599-4219-0478ddd2c871">      <Execution id="f6f934d5-41e1-42bb-8407-5a4dc390c4fb" />      <TestMethod codeBase="f:\src\Adiam_Cloud_Nightly_Tester\bins\debug\amd64\SyncFabric\Tests\TestRunProfile\Microsoft.ActiveDirectory.Connector.Test.TestRunProfile.dll" adapterTypeName="Microsoft.VisualStudio.TestTools.TestTypes.Unit.UnitTestAdapter" className="Microsoft.ActiveDirectory.Connector.Test.SynchronizationRuleUnitTest" name="TestSerializeSalesForce" />    </UnitTest>    <UnitTest name="TestDeserialize" storage="f:\src\adiam_cloud_nightly_tester\bins\debug\amd64\syncfabric\tests\testrunprofile\microsoft.activedirectory.connector.test.testrunprofile.dll" id="b6ca8dcf-6172-e862-6a18-cdb23bb6c687">      <Execution id="8295a542-731c-4d34-8e59-b18e29804317" />      <TestMethod codeBase="f:\src\Adiam_Cloud_Nightly_Tester\bins\debug\amd64\SyncFabric\Tests\TestRunProfile\Microsoft.ActiveDirectory.Connector.Test.TestRunProfile.dll" adapterTypeName="Microsoft.VisualStudio.TestTools.TestTypes.Unit.UnitTestAdapter" className="Microsoft.ActiveDirectory.Connector.Test.EscrowedEntryUnitTest" name="TestDeserialize" />    </UnitTest>    <UnitTest name="TestSerialize" storage="f:\src\adiam_cloud_nightly_tester\bins\debug\amd64\syncfabric\tests\testrunprofile\microsoft.activedirectory.connector.test.testrunprofile.dll" id="b3020c94-f365-f694-6bcf-1496fd071604">      <Execution id="97b9801a-0d79-4cc5-bde0-aed84f9e3ac8" />      <TestMethod codeBase="f:\src\Adiam_Cloud_Nightly_Tester\bins\debug\amd64\SyncFabric\Tests\TestRunProfile\Microsoft.ActiveDirectory.Connector.Test.TestRunProfile.dll" adapterTypeName="Microsoft.VisualStudio.TestTools.TestTypes.Unit.UnitTestAdapter" className="Microsoft.ActiveDirectory.Connector.Test.EscrowedEntryUnitTest" name="TestSerialize" />    </UnitTest>    <UnitTest name="TestCreation" storage="f:\src\adiam_cloud_nightly_tester\bins\debug\amd64\syncfabric\tests\testrunprofile\microsoft.activedirectory.connector.test.testrunprofile.dll" id="c89abfa0-b55a-24c6-c97d-0e4769696f83">      <Execution id="ec55e96d-f808-4313-bd6d-1da580b134cc" />      <TestMethod codeBase="f:\src\Adiam_Cloud_Nightly_Tester\bins\debug\amd64\SyncFabric\Tests\TestRunProfile\Microsoft.ActiveDirectory.Connector.Test.TestRunProfile.dll" adapterTypeName="Microsoft.VisualStudio.TestTools.TestTypes.Unit.UnitTestAdapter" className="Microsoft.ActiveDirectory.Connector.Test.EscrowedEntryUnitTest" name="TestCreation" />    </UnitTest>    <UnitTest name="TestGetEntries" storage="f:\src\adiam_cloud_nightly_tester\bins\debug\amd64\syncfabric\tests\testrunprofile\microsoft.activedirectory.connector.test.testrunprofile.dll" id="ec6200fc-c3cb-8017-c7df-ba5489248b4c">      <Execution id="d0e3e0da-fa34-44db-8dca-fe8151632dc9" />      <TestMethod codeBase="f:\src\Adiam_Cloud_Nightly_Tester\bins\debug\amd64\SyncFabric\Tests\TestRunProfile\Microsoft.ActiveDirectory.Connector.Test.TestRunProfile.dll" adapterTypeName="Microsoft.VisualStudio.TestTools.TestTypes.Unit.UnitTestAdapter" className="Microsoft.ActiveDirectory.Connector.Test.TransportUnitTest" name="TestGetEntries" />    </UnitTest>    <UnitTest name="TestPutExportEntries" storage="f:\src\adiam_cloud_nightly_tester\bins\debug\amd64\syncfabric\tests\testrunprofile\microsoft.activedirectory.connector.test.testrunprofile.dll" id="a748cff0-f727-2f92-e63c-97ade7e3f150">      <Execution id="0cfa515c-7ef5-4407-972e-019143770a09" />      <TestMethod codeBase="f:\src\Adiam_Cloud_Nightly_Tester\bins\debug\amd64\SyncFabric\Tests\TestRunProfile\Microsoft.ActiveDirectory.Connector.Test.TestRunProfile.dll" adapterTypeName="Microsoft.VisualStudio.TestTools.TestTypes.Unit.UnitTestAdapter" className="Microsoft.ActiveDirectory.Connector.Test.TransportUnitTest" name="TestPutExportEntries" />    </UnitTest>    <UnitTest name="TestSynchronizeDelta" storage="f:\src\adiam_cloud_nightly_tester\bins\debug\amd64\syncfabric\tests\testrunprofile\microsoft.activedirectory.connector.test.testrunprofile.dll" id="078c4570-fe14-6243-4d53-73f71257145f">      <Execution id="85c2f444-1b08-4f88-bfcf-43e052cdbf42" />      <TestMethod codeBase="f:\src\Adiam_Cloud_Nightly_Tester\bins\debug\amd64\SyncFabric\Tests\TestRunProfile\Microsoft.ActiveDirectory.Connector.Test.TestRunProfile.dll" adapterTypeName="Microsoft.VisualStudio.TestTools.TestTypes.Unit.UnitTestAdapter" className="Microsoft.ActiveDirectory.Connector.Test.TransportUnitTest" name="TestSynchronizeDelta" />    </UnitTest>    <UnitTest name="TestSynchronizeFull" storage="f:\src\adiam_cloud_nightly_tester\bins\debug\amd64\syncfabric\tests\testrunprofile\microsoft.activedirectory.connector.test.testrunprofile.dll" id="ea41c9ae-eee2-2dcc-3fab-596c10c52245">      <Execution id="046145dd-9a28-46bc-bcc7-edc62f9c1e82" />      <TestMethod codeBase="f:\src\Adiam_Cloud_Nightly_Tester\bins\debug\amd64\SyncFabric\Tests\TestRunProfile\Microsoft.ActiveDirectory.Connector.Test.TestRunProfile.dll" adapterTypeName="Microsoft.VisualStudio.TestTools.TestTypes.Unit.UnitTestAdapter" className="Microsoft.ActiveDirectory.Connector.Test.TransportUnitTest" name="TestSynchronizeFull" />    </UnitTest>    <UnitTest name="TestDeletion" storage="f:\src\adiam_cloud_nightly_tester\bins\debug\amd64\syncfabric\tests\testscheduler\microsoft.activedirectory.connector.test.testscheduler.dll" id="ec1b7b2e-36db-791a-fcaf-3e98657c626e">      <Execution id="1a9a07f7-6ec3-4524-b552-9b321656c93a" />      <TestMethod codeBase="f:\src\Adiam_Cloud_Nightly_Tester\bins\debug\amd64\SyncFabric\Tests\TestScheduler\Microsoft.ActiveDirectory.Connector.Test.TestScheduler.dll" adapterTypeName="Microsoft.VisualStudio.TestTools.TestTypes.Unit.UnitTestAdapter" className="Microsoft.ActiveDirectory.Connector.Test.SchedulerUnitTest" name="TestDeletion" />    </UnitTest>    <UnitTest name="TestIdentifiedSchedule" storage="f:\src\adiam_cloud_nightly_tester\bins\debug\amd64\syncfabric\tests\testscheduler\microsoft.activedirectory.connector.test.testscheduler.dll" id="24f7fbbd-432b-e9dc-4e35-a8ebc1b7e000">      <Execution id="dbff8d86-6b57-477e-a365-88cd13afad9e" />      <TestMethod codeBase="f:\src\Adiam_Cloud_Nightly_Tester\bins\debug\amd64\SyncFabric\Tests\TestScheduler\Microsoft.ActiveDirectory.Connector.Test.TestScheduler.dll" adapterTypeName="Microsoft.VisualStudio.TestTools.TestTypes.Unit.UnitTestAdapter" className="Microsoft.ActiveDirectory.Connector.Test.SchedulerUnitTest" name="TestIdentifiedSchedule" />    </UnitTest>    <UnitTest name="TestIdentifiedScheduleSupplementary" storage="f:\src\adiam_cloud_nightly_tester\bins\debug\amd64\syncfabric\tests\testscheduler\microsoft.activedirectory.connector.test.testscheduler.dll" id="a72cec22-9282-aeca-6266-d9441431ad13">      <Execution id="542ce915-8147-4a2f-8c7e-4110a3fdd642" />      <TestMethod codeBase="f:\src\Adiam_Cloud_Nightly_Tester\bins\debug\amd64\SyncFabric\Tests\TestScheduler\Microsoft.ActiveDirectory.Connector.Test.TestScheduler.dll" adapterTypeName="Microsoft.VisualStudio.TestTools.TestTypes.Unit.UnitTestAdapter" className="Microsoft.ActiveDirectory.Connector.Test.SchedulerUnitTest" name="TestIdentifiedScheduleSupplementary" />    </UnitTest>    <UnitTest name="TestSchedule" storage="f:\src\adiam_cloud_nightly_tester\bins\debug\amd64\syncfabric\tests\testscheduler\microsoft.activedirectory.connector.test.testscheduler.dll" id="d5ed6388-cea9-6f5d-d505-4a4623406645">      <Execution id="eae21277-6104-4d92-bb4d-7621a6c7c2f3" />      <TestMethod codeBase="f:\src\Adiam_Cloud_Nightly_Tester\bins\debug\amd64\SyncFabric\Tests\TestScheduler\Microsoft.ActiveDirectory.Connector.Test.TestScheduler.dll" adapterTypeName="Microsoft.VisualStudio.TestTools.TestTypes.Unit.UnitTestAdapter" className="Microsoft.ActiveDirectory.Connector.Test.SchedulerUnitTest" name="TestSchedule" />    </UnitTest>    <UnitTest name="TestUpdate" storage="f:\src\adiam_cloud_nightly_tester\bins\debug\amd64\syncfabric\tests\testscheduler\microsoft.activedirectory.connector.test.testscheduler.dll" id="3adf6ecf-0445-b2fe-b3dc-6c8ce5e12e28">      <Execution id="8bb6664c-b20a-46c7-ac88-e843969dca3b" />      <TestMethod codeBase="f:\src\Adiam_Cloud_Nightly_Tester\bins\debug\amd64\SyncFabric\Tests\TestScheduler\Microsoft.ActiveDirectory.Connector.Test.TestScheduler.dll" adapterTypeName="Microsoft.VisualStudio.TestTools.TestTypes.Unit.UnitTestAdapter" className="Microsoft.ActiveDirectory.Connector.Test.SchedulerUnitTest" name="TestUpdate" />    </UnitTest>    <UnitTest name="TestUpgrade" storage="f:\src\adiam_cloud_nightly_tester\bins\debug\amd64\syncfabric\tests\testscheduler\microsoft.activedirectory.connector.test.testscheduler.dll" id="c799fae2-9ce5-5086-20a0-1d50daa2e434">      <Execution id="269fffd4-7d30-40a1-ab7e-7859838ddc06" />      <TestMethod codeBase="f:\src\Adiam_Cloud_Nightly_Tester\bins\debug\amd64\SyncFabric\Tests\TestScheduler\Microsoft.ActiveDirectory.Connector.Test.TestScheduler.dll" adapterTypeName="Microsoft.VisualStudio.TestTools.TestTypes.Unit.UnitTestAdapter" className="Microsoft.ActiveDirectory.Connector.Test.SchedulerUnitTest" name="TestUpgrade" />    </UnitTest>    <UnitTest name="TestOutboundProvisioning" storage="f:\src\adiam_cloud_nightly_tester\bins\debug\amd64\syncfabric\tests\testscenariowithcloudqueue\microsoft.activedirectory.connector.test.testscenariowithcloudqueue.dll" id="1f593a90-111c-3721-321a-0c6f9489efee">      <Execution id="e6e4b0e5-743e-4151-b5b2-d1b485b977f7" />      <TestMethod codeBase="f:\src\Adiam_Cloud_Nightly_Tester\bins\debug\amd64\SyncFabric\Tests\TestScenarioWithCloudQueue\Microsoft.ActiveDirectory.Connector.Test.TestScenarioWithCloudQueue.dll" adapterTypeName="Microsoft.VisualStudio.TestTools.TestTypes.Unit.UnitTestAdapter" className="Microsoft.ActiveDirectory.Connector.Test.CloudQueueScenarioTest" name="TestOutboundProvisioning" />    </UnitTest>    <UnitTest name="TestUpdate" storage="f:\src\adiam_cloud_nightly_tester\bins\debug\amd64\syncfabric\tests\testsynchronizationworkerwithcloudqueue\microsoft.activedirectory.connector.test.testsynchronizationworkerwithcloudqueue.dll" id="56e4822c-67dc-e287-68b1-635ea983221d">      <Execution id="f390bb0c-4237-4d3d-ac7b-5517966d08ef" />      <TestMethod codeBase="f:\src\Adiam_Cloud_Nightly_Tester\bins\debug\amd64\SyncFabric\Tests\TestSynchronizationWorkerWithCloudQueue\Microsoft.ActiveDirectory.Connector.Test.TestSynchronizationWorkerWithCloudQueue.dll" adapterTypeName="Microsoft.VisualStudio.TestTools.TestTypes.Unit.UnitTestAdapter" className="Microsoft.ActiveDirectory.Connector.Test.RunControllerCloudQueueUnitTest" name="TestUpdate" />    </UnitTest>    <UnitTest name="TestAuthentication" storage="f:\src\adiam_cloud_nightly_tester\bins\debug\amd64\syncfabric\tests\testgraphproxy\microsoft.activedirectory.connector.test.testgraphproxy.dll" id="bd4c1bcc-2110-8a63-3270-3eb25d652b5f">      <Execution id="f284a4ec-a131-49d7-bccc-6ce77a7d1a5b" />      <TestMethod codeBase="f:\src\Adiam_Cloud_Nightly_Tester\bins\debug\amd64\SyncFabric\Tests\TestGraphProxy\Microsoft.ActiveDirectory.Connector.Test.TestGraphProxy.dll" adapterTypeName="Microsoft.VisualStudio.TestTools.TestTypes.Unit.UnitTestAdapter" className="Microsoft.ActiveDirectory.Connector.Test.AuthenticationUnitTest" name="TestAuthentication" />    </UnitTest>    <UnitTest name="TestParsingCompanies" storage="f:\src\adiam_cloud_nightly_tester\bins\debug\amd64\syncfabric\tests\testgraphproxy\microsoft.activedirectory.connector.test.testgraphproxy.dll" id="b663b28e-2efe-9bdc-3671-e97ae3be48a5">      <Execution id="734155b7-5e7f-4ddd-828e-157414139ad1" />      <TestMethod codeBase="f:\src\Adiam_Cloud_Nightly_Tester\bins\debug\amd64\SyncFabric\Tests\TestGraphProxy\Microsoft.ActiveDirectory.Connector.Test.TestGraphProxy.dll" adapterTypeName="Microsoft.VisualStudio.TestTools.TestTypes.Unit.UnitTestAdapter" className="Microsoft.ActiveDirectory.Connector.Test.RawGraphProxyUnitTest" name="TestParsingCompanies" />    </UnitTest>    <UnitTest name="TestRawGraphProxy" storage="f:\src\adiam_cloud_nightly_tester\bins\debug\amd64\syncfabric\tests\testgraphproxy\microsoft.activedirectory.connector.test.testgraphproxy.dll" id="e730d1dc-1d3d-43fd-33ff-4a1176abe636">      <Execution id="902a96e3-bbe4-4ef8-88b0-bb42bc9bdb62" />      <TestMethod codeBase="f:\src\Adiam_Cloud_Nightly_Tester\bins\debug\amd64\SyncFabric\Tests\TestGraphProxy\Microsoft.ActiveDirectory.Connector.Test.TestGraphProxy.dll" adapterTypeName="Microsoft.VisualStudio.TestTools.TestTypes.Unit.UnitTestAdapter" className="Microsoft.ActiveDirectory.Connector.Test.RawGraphProxyUnitTest" name="TestRawGraphProxy" />    </UnitTest>    <UnitTest name="TestRawGraphProxyBatches" storage="f:\src\adiam_cloud_nightly_tester\bins\debug\amd64\syncfabric\tests\testgraphproxy\microsoft.activedirectory.connector.test.testgraphproxy.dll" id="8bba806a-ef9f-63b1-8a84-bb8b3dd16858">      <Execution id="b2516d1d-289a-43a7-9822-323cb7e54bb0" />      <TestMethod codeBase="f:\src\Adiam_Cloud_Nightly_Tester\bins\debug\amd64\SyncFabric\Tests\TestGraphProxy\Microsoft.ActiveDirectory.Connector.Test.TestGraphProxy.dll" adapterTypeName="Microsoft.VisualStudio.TestTools.TestTypes.Unit.UnitTestAdapter" className="Microsoft.ActiveDirectory.Connector.Test.RawGraphProxyUnitTest" name="TestRawGraphProxyBatches" />    </UnitTest>    <UnitTest name="TestQuickBooksProxyAdapterImportByAnchor" storage="f:\src\adiam_cloud_nightly_tester\bins\debug\amd64\syncfabric\tests\testquickbooksproxyadapter\microsoft.activedirectory.connector.test.testquickbooksproxyadapter.dll" id="bfcb452d-d63a-d378-eb12-d5d2fbc6ea05">      <Execution id="b375864b-3172-47ad-a86a-e4facd461d1a" />      <TestMethod codeBase="f:\src\Adiam_Cloud_Nightly_Tester\bins\debug\amd64\SyncFabric\Tests\TestQuickBooksProxyAdapter\Microsoft.ActiveDirectory.Connector.Test.TestQuickBooksProxyAdapter.dll" adapterTypeName="Microsoft.VisualStudio.TestTools.TestTypes.Unit.UnitTestAdapter" className="Microsoft.ActiveDirectory.Connector.Test.QuickBooksProxyAdapterUnitTest" name="TestQuickBooksProxyAdapterImportByAnchor" />    </UnitTest>    <UnitTest name="TestETWManifestInstallation" storage="f:\src\adiam_cloud_nightly_tester\bins\debug\amd64\syncfabric\tests\testmonitoring\microsoft.activedirectory.connector.test.testmonitoring.dll" id="cd9413f3-cd78-f1b8-b53d-707a8795850e">      <Execution id="18f119c7-04ab-4826-87be-3ad517591464" />      <TestMethod codeBase="f:\src\Adiam_Cloud_Nightly_Tester\bins\debug\amd64\SyncFabric\Tests\TestMonitoring\Microsoft.ActiveDirectory.Connector.Test.TestMonitoring.dll" adapterTypeName="Microsoft.VisualStudio.TestTools.TestTypes.Unit.UnitTestAdapter" className="Microsoft.ActiveDirectory.Connector.Test.MonitoringInstallerUnitTest" name="TestETWManifestInstallation" />    </UnitTest>    <UnitTest name="TestCriticalErrorEmission" storage="f:\src\adiam_cloud_nightly_tester\bins\debug\amd64\syncfabric\tests\testmonitoring\microsoft.activedirectory.connector.test.testmonitoring.dll" id="259d1ce1-fdb8-909a-90d9-6e804528f429">      <Execution id="a50f3f18-cf3a-419e-b6fc-3619fc45cc43" />      <TestMethod codeBase="f:\src\Adiam_Cloud_Nightly_Tester\bins\debug\amd64\SyncFabric\Tests\TestMonitoring\Microsoft.ActiveDirectory.Connector.Test.TestMonitoring.dll" adapterTypeName="Microsoft.VisualStudio.TestTools.TestTypes.Unit.UnitTestAdapter" className="Microsoft.ActiveDirectory.Connector.Test.MonitoringUnitTest" name="TestCriticalErrorEmission" />    </UnitTest>    <UnitTest name="TestEmissionMetadata" storage="f:\src\adiam_cloud_nightly_tester\bins\debug\amd64\syncfabric\tests\testmonitoring\microsoft.activedirectory.connector.test.testmonitoring.dll" id="a7b273e0-2999-2341-10e8-f8aa44944872">      <Execution id="81670c9a-d04b-409f-986e-161d63dda7a3" />      <TestMethod codeBase="f:\src\Adiam_Cloud_Nightly_Tester\bins\debug\amd64\SyncFabric\Tests\TestMonitoring\Microsoft.ActiveDirectory.Connector.Test.TestMonitoring.dll" adapterTypeName="Microsoft.VisualStudio.TestTools.TestTypes.Unit.UnitTestAdapter" className="Microsoft.ActiveDirectory.Connector.Test.MonitoringUnitTest" name="TestEmissionMetadata" />    </UnitTest>    <UnitTest name="TestEmissionContainsSecrets" storage="f:\src\adiam_cloud_nightly_tester\bins\debug\amd64\syncfabric\tests\testmonitoring\microsoft.activedirectory.connector.test.testmonitoring.dll" id="9863179c-272a-b23d-7dee-1e1cfee1927f">      <Execution id="3dae9af0-90c3-496c-8129-9f1279383041" />      <TestMethod codeBase="f:\src\Adiam_Cloud_Nightly_Tester\bins\debug\amd64\SyncFabric\Tests\TestMonitoring\Microsoft.ActiveDirectory.Connector.Test.TestMonitoring.dll" adapterTypeName="Microsoft.VisualStudio.TestTools.TestTypes.Unit.UnitTestAdapter" className="Microsoft.ActiveDirectory.Connector.Test.MonitoringUnitTest" name="TestEmissionContainsSecrets" />    </UnitTest>    <UnitTest name="TestErrorEmission" storage="f:\src\adiam_cloud_nightly_tester\bins\debug\amd64\syncfabric\tests\testmonitoring\microsoft.activedirectory.connector.test.testmonitoring.dll" id="5cbc4369-c490-f77c-7bd7-7aa365b037f0">      <Execution id="abfd0441-74c1-4346-8bd2-23ee8a305d03" />      <TestMethod codeBase="f:\src\Adiam_Cloud_Nightly_Tester\bins\debug\amd64\SyncFabric\Tests\TestMonitoring\Microsoft.ActiveDirectory.Connector.Test.TestMonitoring.dll" adapterTypeName="Microsoft.VisualStudio.TestTools.TestTypes.Unit.UnitTestAdapter" className="Microsoft.ActiveDirectory.Connector.Test.MonitoringUnitTest" name="TestErrorEmission" />    </UnitTest>    <UnitTest name="TestInformationEmission" storage="f:\src\adiam_cloud_nightly_tester\bins\debug\amd64\syncfabric\tests\testmonitoring\microsoft.activedirectory.connector.test.testmonitoring.dll" id="17fadc5f-bc6f-27ee-d038-d3341be9a0c2">      <Execution id="8a033764-083d-4fb9-9c61-cf7bd78f9587" />      <TestMethod codeBase="f:\src\Adiam_Cloud_Nightly_Tester\bins\debug\amd64\SyncFabric\Tests\TestMonitoring\Microsoft.ActiveDirectory.Connector.Test.TestMonitoring.dll" adapterTypeName="Microsoft.VisualStudio.TestTools.TestTypes.Unit.UnitTestAdapter" className="Microsoft.ActiveDirectory.Connector.Test.MonitoringUnitTest" name="TestInformationEmission" />    </UnitTest>    <UnitTest name="TestOperationTracker" storage="f:\src\adiam_cloud_nightly_tester\bins\debug\amd64\syncfabric\tests\testmonitoring\microsoft.activedirectory.connector.test.testmonitoring.dll" id="ee8f64dc-2147-ad36-bbf3-b9abd414090a">      <Execution id="7f144f7d-e8d4-4617-9e34-9a49eb20584f" />      <TestMethod codeBase="f:\src\Adiam_Cloud_Nightly_Tester\bins\debug\amd64\SyncFabric\Tests\TestMonitoring\Microsoft.ActiveDirectory.Connector.Test.TestMonitoring.dll" adapterTypeName="Microsoft.VisualStudio.TestTools.TestTypes.Unit.UnitTestAdapter" className="Microsoft.ActiveDirectory.Connector.Test.MonitoringUnitTest" name="TestOperationTracker" />    </UnitTest>    <UnitTest name="TestSplittingEmission" storage="f:\src\adiam_cloud_nightly_tester\bins\debug\amd64\syncfabric\tests\testmonitoring\microsoft.activedirectory.connector.test.testmonitoring.dll" id="d622cb79-30b3-81d8-86a1-43538721ce2d">      <Execution id="8718646b-5bed-43a0-bbc6-8bedeefcd157" />      <TestMethod codeBase="f:\src\Adiam_Cloud_Nightly_Tester\bins\debug\amd64\SyncFabric\Tests\TestMonitoring\Microsoft.ActiveDirectory.Connector.Test.TestMonitoring.dll" adapterTypeName="Microsoft.VisualStudio.TestTools.TestTypes.Unit.UnitTestAdapter" className="Microsoft.ActiveDirectory.Connector.Test.MonitoringUnitTest" name="TestSplittingEmission" />    </UnitTest>    <UnitTest name="TestEmitRunProfileStatisticsEmission" storage="f:\src\adiam_cloud_nightly_tester\bins\debug\amd64\syncfabric\tests\testmonitoring\microsoft.activedirectory.connector.test.testmonitoring.dll" id="82726b63-af00-05a0-ea65-8a4a07f9d9dd">      <Execution id="cef1ec68-0c81-409c-a26c-b7d801d38f6f" />      <TestMethod codeBase="f:\src\Adiam_Cloud_Nightly_Tester\bins\debug\amd64\SyncFabric\Tests\TestMonitoring\Microsoft.ActiveDirectory.Connector.Test.TestMonitoring.dll" adapterTypeName="Microsoft.VisualStudio.TestTools.TestTypes.Unit.UnitTestAdapter" className="Microsoft.ActiveDirectory.Connector.Test.MonitoringUnitTest" name="TestEmitRunProfileStatisticsEmission" />    </UnitTest>    <UnitTest name="TestEmitMetricEmission" storage="f:\src\adiam_cloud_nightly_tester\bins\debug\amd64\syncfabric\tests\testmonitoring\microsoft.activedirectory.connector.test.testmonitoring.dll" id="b9deaf76-e752-369a-84d5-87982beda926">      <Execution id="36ecfedd-2da6-4d52-89dc-8cf996f5e8c8" />      <TestMethod codeBase="f:\src\Adiam_Cloud_Nightly_Tester\bins\debug\amd64\SyncFabric\Tests\TestMonitoring\Microsoft.ActiveDirectory.Connector.Test.TestMonitoring.dll" adapterTypeName="Microsoft.VisualStudio.TestTools.TestTypes.Unit.UnitTestAdapter" className="Microsoft.ActiveDirectory.Connector.Test.MonitoringUnitTest" name="TestEmitMetricEmission" />    </UnitTest>    <UnitTest name="TestEmitOperationMetricEmission" storage="f:\src\adiam_cloud_nightly_tester\bins\debug\amd64\syncfabric\tests\testmonitoring\microsoft.activedirectory.connector.test.testmonitoring.dll" id="9aeec150-0375-d597-e089-fd38a184c221">      <Execution id="ed268bfb-ed04-4fc3-a4db-74cbf9870d79" />      <TestMethod codeBase="f:\src\Adiam_Cloud_Nightly_Tester\bins\debug\amd64\SyncFabric\Tests\TestMonitoring\Microsoft.ActiveDirectory.Connector.Test.TestMonitoring.dll" adapterTypeName="Microsoft.VisualStudio.TestTools.TestTypes.Unit.UnitTestAdapter" className="Microsoft.ActiveDirectory.Connector.Test.MonitoringUnitTest" name="TestEmitOperationMetricEmission" />    </UnitTest>    <UnitTest name="TestUsageEmission" storage="f:\src\adiam_cloud_nightly_tester\bins\debug\amd64\syncfabric\tests\testmonitoring\microsoft.activedirectory.connector.test.testmonitoring.dll" id="9c44ca8d-1807-7017-8e45-bff4f8c2989b">      <Execution id="4b7dec19-fcdd-4d74-b71e-2700f80161ef" />      <TestMethod codeBase="f:\src\Adiam_Cloud_Nightly_Tester\bins\debug\amd64\SyncFabric\Tests\TestMonitoring\Microsoft.ActiveDirectory.Connector.Test.TestMonitoring.dll" adapterTypeName="Microsoft.VisualStudio.TestTools.TestTypes.Unit.UnitTestAdapter" className="Microsoft.ActiveDirectory.Connector.Test.MonitoringUnitTest" name="TestUsageEmission" />    </UnitTest>    <UnitTest name="TestVerboseMessageEmission" storage="f:\src\adiam_cloud_nightly_tester\bins\debug\amd64\syncfabric\tests\testmonitoring\microsoft.activedirectory.connector.test.testmonitoring.dll" id="af38a6ff-7475-dbd1-751f-211e79a189b0">      <Execution id="80e2fe20-51b1-4564-be9c-bf507234abb1" />      <TestMethod codeBase="f:\src\Adiam_Cloud_Nightly_Tester\bins\debug\amd64\SyncFabric\Tests\TestMonitoring\Microsoft.ActiveDirectory.Connector.Test.TestMonitoring.dll" adapterTypeName="Microsoft.VisualStudio.TestTools.TestTypes.Unit.UnitTestAdapter" className="Microsoft.ActiveDirectory.Connector.Test.MonitoringUnitTest" name="TestVerboseMessageEmission" />    </UnitTest>    <UnitTest name="TestWarningEmission" storage="f:\src\adiam_cloud_nightly_tester\bins\debug\amd64\syncfabric\tests\testmonitoring\microsoft.activedirectory.connector.test.testmonitoring.dll" id="ea40065e-cc4e-a1d4-954b-5fbf4a249a8e">      <Execution id="39d4791b-cbf2-4a24-bea8-c71e27a6163c" />      <TestMethod codeBase="f:\src\Adiam_Cloud_Nightly_Tester\bins\debug\amd64\SyncFabric\Tests\TestMonitoring\Microsoft.ActiveDirectory.Connector.Test.TestMonitoring.dll" adapterTypeName="Microsoft.VisualStudio.TestTools.TestTypes.Unit.UnitTestAdapter" className="Microsoft.ActiveDirectory.Connector.Test.MonitoringUnitTest" name="TestWarningEmission" />    </UnitTest>    <UnitTest name="TestEndToEndTracingIdentifier" storage="f:\src\adiam_cloud_nightly_tester\bins\debug\amd64\syncfabric\tests\testmonitoring\microsoft.activedirectory.connector.test.testmonitoring.dll" id="5dbf5956-c002-fd4c-16ad-369bfa4a7c61">      <Execution id="ad7cb931-8243-4c65-90a3-49d3f3abcc2a" />      <TestMethod codeBase="f:\src\Adiam_Cloud_Nightly_Tester\bins\debug\amd64\SyncFabric\Tests\TestMonitoring\Microsoft.ActiveDirectory.Connector.Test.TestMonitoring.dll" adapterTypeName="Microsoft.VisualStudio.TestTools.TestTypes.Unit.UnitTestAdapter" className="Microsoft.ActiveDirectory.Connector.Test.MonitoringUnitTest" name="TestEndToEndTracingIdentifier" />    </UnitTest>    <UnitTest name="TestLockExpiry" storage="f:\src\adiam_cloud_nightly_tester\bins\debug\amd64\syncfabric\tests\testextension\microsoft.activedirectory.connector.test.testextension.dll" id="3c6fc8dd-a0f7-770c-7be5-2621883e9ed5">      <Execution id="7b1213f9-84b2-4885-8c24-f0e056a4835d" />      <TestMethod codeBase="f:\src\Adiam_Cloud_Nightly_Tester\bins\debug\amd64\SyncFabric\Tests\TestExtension\Microsoft.ActiveDirectory.Connector.Test.TestExtension.dll" adapterTypeName="Microsoft.VisualStudio.TestTools.TestTypes.Unit.UnitTestAdapter" className="Microsoft.ActiveDirectory.Connector.Test.CloudKeyValueStoreExtensionUnitTest" name="TestLockExpiry" />    </UnitTest>    <UnitTest name="TestCancel" storage="f:\src\adiam_cloud_nightly_tester\bins\debug\amd64\syncfabric\tests\testextension\microsoft.activedirectory.connector.test.testextension.dll" id="31c48218-bd5d-82fb-9c79-f0e23544a95a">      <Execution id="7f812b42-f2fc-4e35-97d1-751ea9f7d568" />      <TestMethod codeBase="f:\src\Adiam_Cloud_Nightly_Tester\bins\debug\amd64\SyncFabric\Tests\TestExtension\Microsoft.ActiveDirectory.Connector.Test.TestExtension.dll" adapterTypeName="Microsoft.VisualStudio.TestTools.TestTypes.Unit.UnitTestAdapter" className="Microsoft.ActiveDirectory.Connector.Test.CloudQueueAdapterExtensionUnitTest" name="TestCancel" />    </UnitTest>    <UnitTest name="TestEnqueue" storage="f:\src\adiam_cloud_nightly_tester\bins\debug\amd64\syncfabric\tests\testextension\microsoft.activedirectory.connector.test.testextension.dll" id="71805b26-5f9e-ea04-2848-ecbf2d8b57fe">      <Execution id="7444c937-7e69-4be3-8be9-9ee64538e9e8" />      <TestMethod codeBase="f:\src\Adiam_Cloud_Nightly_Tester\bins\debug\amd64\SyncFabric\Tests\TestExtension\Microsoft.ActiveDirectory.Connector.Test.TestExtension.dll" adapterTypeName="Microsoft.VisualStudio.TestTools.TestTypes.Unit.UnitTestAdapter" className="Microsoft.ActiveDirectory.Connector.Test.CloudQueueAdapterExtensionUnitTest" name="TestEnqueue" />    </UnitTest>    <UnitTest name="TestUpdate" storage="f:\src\adiam_cloud_nightly_tester\bins\debug\amd64\syncfabric\tests\testextension\microsoft.activedirectory.connector.test.testextension.dll" id="8b498694-8dba-50d1-a332-7ee3f54d8309">      <Execution id="299d2547-596b-4dc2-8d45-c4352f953140" />      <TestMethod codeBase="f:\src\Adiam_Cloud_Nightly_Tester\bins\debug\amd64\SyncFabric\Tests\TestExtension\Microsoft.ActiveDirectory.Connector.Test.TestExtension.dll" adapterTypeName="Microsoft.VisualStudio.TestTools.TestTypes.Unit.UnitTestAdapter" className="Microsoft.ActiveDirectory.Connector.Test.CloudQueueAdapterExtensionUnitTest" name="TestUpdate" />    </UnitTest>    <UnitTest name="TestMicrosoftOnlineDirectoryServiceExport" storage="f:\src\adiam_cloud_nightly_tester\bins\debug\amd64\syncfabric\tests\testextension\microsoft.activedirectory.connector.test.testextension.dll" id="13035342-b9f5-b508-3606-fa47ddfe9979">      <Execution id="4991e0df-ba3c-49a4-afbf-d44d6a1e6b12" />      <TestMethod codeBase="f:\src\Adiam_Cloud_Nightly_Tester\bins\debug\amd64\SyncFabric\Tests\TestExtension\Microsoft.ActiveDirectory.Connector.Test.TestExtension.dll" adapterTypeName="Microsoft.VisualStudio.TestTools.TestTypes.Unit.UnitTestAdapter" className="Microsoft.ActiveDirectory.Connector.Test.ProxyAdapterExtensionUnitTest" name="TestMicrosoftOnlineDirectoryServiceExport" />    </UnitTest>    <UnitTest name="TestMicrosoftOnlineDirectoryServiceSynchronize" storage="f:\src\adiam_cloud_nightly_tester\bins\debug\amd64\syncfabric\tests\testextension\microsoft.activedirectory.connector.test.testextension.dll" id="590befe5-e81a-9a33-24b9-50c1c6016a4d">      <Execution id="bd392f93-24f2-4d82-b7e3-9c27d1eb292d" />      <TestMethod codeBase="f:\src\Adiam_Cloud_Nightly_Tester\bins\debug\amd64\SyncFabric\Tests\TestExtension\Microsoft.ActiveDirectory.Connector.Test.TestExtension.dll" adapterTypeName="Microsoft.VisualStudio.TestTools.TestTypes.Unit.UnitTestAdapter" className="Microsoft.ActiveDirectory.Connector.Test.ProxyAdapterExtensionUnitTest" name="TestMicrosoftOnlineDirectoryServiceSynchronize" />    </UnitTest>    <UnitTest name="TestQuickBooksOnlineSynchronizeDelta" storage="f:\src\adiam_cloud_nightly_tester\bins\debug\amd64\syncfabric\tests\testextension\microsoft.activedirectory.connector.test.testextension.dll" id="1748545f-33f5-413e-74be-23b4056eed04">      <Execution id="cf9d80ef-95ac-4bb6-834e-3314d1bb4d2a" />      <TestMethod codeBase="f:\src\Adiam_Cloud_Nightly_Tester\bins\debug\amd64\SyncFabric\Tests\TestExtension\Microsoft.ActiveDirectory.Connector.Test.TestExtension.dll" adapterTypeName="Microsoft.VisualStudio.TestTools.TestTypes.Unit.UnitTestAdapter" className="Microsoft.ActiveDirectory.Connector.Test.ProxyAdapterExtensionUnitTest" name="TestQuickBooksOnlineSynchronizeDelta" />    </UnitTest>    <UnitTest name="TestQuickBooksOnlineSynchronizeFull" storage="f:\src\adiam_cloud_nightly_tester\bins\debug\amd64\syncfabric\tests\testextension\microsoft.activedirectory.connector.test.testextension.dll" id="1cb02df9-7a01-a979-af44-798276e5f12e">      <Execution id="752446bb-0d5f-4668-b94c-48a445b2ebde" />      <TestMethod codeBase="f:\src\Adiam_Cloud_Nightly_Tester\bins\debug\amd64\SyncFabric\Tests\TestExtension\Microsoft.ActiveDirectory.Connector.Test.TestExtension.dll" adapterTypeName="Microsoft.VisualStudio.TestTools.TestTypes.Unit.UnitTestAdapter" className="Microsoft.ActiveDirectory.Connector.Test.ProxyAdapterExtensionUnitTest" name="TestQuickBooksOnlineSynchronizeFull" />    </UnitTest>    <UnitTest name="TestSalesForceExport" storage="f:\src\adiam_cloud_nightly_tester\bins\debug\amd64\syncfabric\tests\testextension\microsoft.activedirectory.connector.test.testextension.dll" id="563dfa21-e0d7-853a-b9ef-929881f22d62">      <Execution id="e4e0d19b-be7c-4c54-ac31-c4b24837d4b3" />      <TestMethod codeBase="f:\src\Adiam_Cloud_Nightly_Tester\bins\debug\amd64\SyncFabric\Tests\TestExtension\Microsoft.ActiveDirectory.Connector.Test.TestExtension.dll" adapterTypeName="Microsoft.VisualStudio.TestTools.TestTypes.Unit.UnitTestAdapter" className="Microsoft.ActiveDirectory.Connector.Test.ProxyAdapterExtensionUnitTest" name="TestSalesForceExport" />    </UnitTest>    <UnitTest name="TestSalesForceSynchronize" storage="f:\src\adiam_cloud_nightly_tester\bins\debug\amd64\syncfabric\tests\testextension\microsoft.activedirectory.connector.test.testextension.dll" id="aa1bf518-52c9-3b75-b6a2-a405529e2793">      <Execution id="211dd54f-305f-42e5-93f5-8f33ce47dda1" />      <TestMethod codeBase="f:\src\Adiam_Cloud_Nightly_Tester\bins\debug\amd64\SyncFabric\Tests\TestExtension\Microsoft.ActiveDirectory.Connector.Test.TestExtension.dll" adapterTypeName="Microsoft.VisualStudio.TestTools.TestTypes.Unit.UnitTestAdapter" className="Microsoft.ActiveDirectory.Connector.Test.ProxyAdapterExtensionUnitTest" name="TestSalesForceSynchronize" />    </UnitTest>    <UnitTest name="TestGoogleAppsExport" storage="f:\src\adiam_cloud_nightly_tester\bins\debug\amd64\syncfabric\tests\testextension\microsoft.activedirectory.connector.test.testextension.dll" id="3d6e7b84-5848-1b2f-28b1-e0ddb274bea1">      <Execution id="6ea23b39-78ab-4401-bfc2-d9e8276d99ea" />      <TestMethod codeBase="f:\src\Adiam_Cloud_Nightly_Tester\bins\debug\amd64\SyncFabric\Tests\TestExtension\Microsoft.ActiveDirectory.Connector.Test.TestExtension.dll" adapterTypeName="Microsoft.VisualStudio.TestTools.TestTypes.Unit.UnitTestAdapter" className="Microsoft.ActiveDirectory.Connector.Test.ProxyAdapterExtensionUnitTest" name="TestGoogleAppsExport" />    </UnitTest>    <UnitTest name="TestGoogleAppsSynchronizeFull" storage="f:\src\adiam_cloud_nightly_tester\bins\debug\amd64\syncfabric\tests\testextension\microsoft.activedirectory.connector.test.testextension.dll" id="f88c9099-6883-ec06-512c-5f60d243978a">      <Execution id="180d72e2-3c02-4982-a0a3-e7739ee466a2" />      <TestMethod codeBase="f:\src\Adiam_Cloud_Nightly_Tester\bins\debug\amd64\SyncFabric\Tests\TestExtension\Microsoft.ActiveDirectory.Connector.Test.TestExtension.dll" adapterTypeName="Microsoft.VisualStudio.TestTools.TestTypes.Unit.UnitTestAdapter" className="Microsoft.ActiveDirectory.Connector.Test.ProxyAdapterExtensionUnitTest" name="TestGoogleAppsSynchronizeFull" />    </UnitTest>    <UnitTest name="TestGetProfile" storage="f:\src\adiam_cloud_nightly_tester\bins\debug\amd64\syncfabric\tests\testextension\microsoft.activedirectory.connector.test.testextension.dll" id="950ee49f-3394-dbcf-88bf-015f69dfadf1">      <Execution id="75013fac-f74a-43bf-b400-dd3c77f923ad" />      <TestMethod codeBase="f:\src\Adiam_Cloud_Nightly_Tester\bins\debug\amd64\SyncFabric\Tests\TestExtension\Microsoft.ActiveDirectory.Connector.Test.TestExtension.dll" adapterTypeName="Microsoft.VisualStudio.TestTools.TestTypes.Unit.UnitTestAdapter" className="Microsoft.ActiveDirectory.Connector.Test.StorageExtensionUnitTest" name="TestGetProfile" />    </UnitTest>    <UnitTest name="TestGetTenantInformation" storage="f:\src\adiam_cloud_nightly_tester\bins\debug\amd64\syncfabric\tests\testextension\microsoft.activedirectory.connector.test.testextension.dll" id="e7e11dc3-d90b-7544-4ef2-7d676941b8a1">      <Execution id="320e8c0d-a1ff-4ecf-9b9c-a0a83e93a4d1" />      <TestMethod codeBase="f:\src\Adiam_Cloud_Nightly_Tester\bins\debug\amd64\SyncFabric\Tests\TestExtension\Microsoft.ActiveDirectory.Connector.Test.TestExtension.dll" adapterTypeName="Microsoft.VisualStudio.TestTools.TestTypes.Unit.UnitTestAdapter" className="Microsoft.ActiveDirectory.Connector.Test.StorageExtensionUnitTest" name="TestGetTenantInformation" />    </UnitTest>    <UnitTest name="TestTryGetProfile" storage="f:\src\adiam_cloud_nightly_tester\bins\debug\amd64\syncfabric\tests\testextension\microsoft.activedirectory.connector.test.testextension.dll" id="88d97e03-9100-6494-6bbc-9a5afc137dad">      <Execution id="27b4f73c-a2c6-4474-8830-b0fbe45c978b" />      <TestMethod codeBase="f:\src\Adiam_Cloud_Nightly_Tester\bins\debug\amd64\SyncFabric\Tests\TestExtension\Microsoft.ActiveDirectory.Connector.Test.TestExtension.dll" adapterTypeName="Microsoft.VisualStudio.TestTools.TestTypes.Unit.UnitTestAdapter" className="Microsoft.ActiveDirectory.Connector.Test.StorageExtensionUnitTest" name="TestTryGetProfile" />    </UnitTest>    <UnitTest name="TestTryLockProfile" storage="f:\src\adiam_cloud_nightly_tester\bins\debug\amd64\syncfabric\tests\testextension\microsoft.activedirectory.connector.test.testextension.dll" id="061e9f88-1cd9-ca64-6f20-8e280d9ce507">      <Execution id="6c175d6f-18f4-4b9b-8fc8-a9cadbd8a4f7" />      <TestMethod codeBase="f:\src\Adiam_Cloud_Nightly_Tester\bins\debug\amd64\SyncFabric\Tests\TestExtension\Microsoft.ActiveDirectory.Connector.Test.TestExtension.dll" adapterTypeName="Microsoft.VisualStudio.TestTools.TestTypes.Unit.UnitTestAdapter" className="Microsoft.ActiveDirectory.Connector.Test.StorageExtensionUnitTest" name="TestTryLockProfile" />    </UnitTest>    <UnitTest name="TestUnlockProfile" storage="f:\src\adiam_cloud_nightly_tester\bins\debug\amd64\syncfabric\tests\testextension\microsoft.activedirectory.connector.test.testextension.dll" id="fba19ea5-9911-c550-e246-1cc83564bbd2">      <Execution id="0c092c85-f509-4479-8413-c7fbbb32e8de" />      <TestMethod codeBase="f:\src\Adiam_Cloud_Nightly_Tester\bins\debug\amd64\SyncFabric\Tests\TestExtension\Microsoft.ActiveDirectory.Connector.Test.TestExtension.dll" adapterTypeName="Microsoft.VisualStudio.TestTools.TestTypes.Unit.UnitTestAdapter" className="Microsoft.ActiveDirectory.Connector.Test.StorageExtensionUnitTest" name="TestUnlockProfile" />    </UnitTest>    <UnitTest name="TestUpdateProfile" storage="f:\src\adiam_cloud_nightly_tester\bins\debug\amd64\syncfabric\tests\testextension\microsoft.activedirectory.connector.test.testextension.dll" id="058b4a23-eb7c-5d6e-dd14-3d7bff1496ec">      <Execution id="2f207e78-6b21-4180-be23-ac9bbee10605" />      <TestMethod codeBase="f:\src\Adiam_Cloud_Nightly_Tester\bins\debug\amd64\SyncFabric\Tests\TestExtension\Microsoft.ActiveDirectory.Connector.Test.TestExtension.dll" adapterTypeName="Microsoft.VisualStudio.TestTools.TestTypes.Unit.UnitTestAdapter" className="Microsoft.ActiveDirectory.Connector.Test.StorageExtensionUnitTest" name="TestUpdateProfile" />    </UnitTest>    <UnitTest name="TestSendMessage" storage="f:\src\adiam_cloud_nightly_tester\bins\debug\amd64\syncfabric\tests\testextension\microsoft.activedirectory.connector.test.testextension.dll" id="4c555c5a-19ca-67d4-e9ae-113ac04838f2">      <Execution id="52f41612-51b1-482a-a529-7b7742a14e27" />      <TestMethod codeBase="f:\src\Adiam_Cloud_Nightly_Tester\bins\debug\amd64\SyncFabric\Tests\TestExtension\Microsoft.ActiveDirectory.Connector.Test.TestExtension.dll" adapterTypeName="Microsoft.VisualStudio.TestTools.TestTypes.Unit.UnitTestAdapter" className="Microsoft.ActiveDirectory.Connector.Test.MessengerExtensionUnitTest" name="TestSendMessage" />    </UnitTest>    <UnitTest name="TestErrorEmission" storage="f:\src\adiam_cloud_nightly_tester\bins\debug\amd64\syncfabric\tests\testextension\microsoft.activedirectory.connector.test.testextension.dll" id="095ab7cc-844b-f1a8-51b3-7e45d0588e81">      <Execution id="0e7d2b1f-cb1d-4b35-8bba-41219e542c82" />      <TestMethod codeBase="f:\src\Adiam_Cloud_Nightly_Tester\bins\debug\amd64\SyncFabric\Tests\TestExtension\Microsoft.ActiveDirectory.Connector.Test.TestExtension.dll" adapterTypeName="Microsoft.VisualStudio.TestTools.TestTypes.Unit.UnitTestAdapter" className="Microsoft.ActiveDirectory.Connector.Test.MonitoringExtensionUnitTest" name="TestErrorEmission" />    </UnitTest>    <UnitTest name="TestExceptionWarningEmission" storage="f:\src\adiam_cloud_nightly_tester\bins\debug\amd64\syncfabric\tests\testextension\microsoft.activedirectory.connector.test.testextension.dll" id="947540de-dbe4-43ad-0ffb-2e52459b5762">      <Execution id="6a6f9e93-7c8e-43b7-985e-2b6d57872f2e" />      <TestMethod codeBase="f:\src\Adiam_Cloud_Nightly_Tester\bins\debug\amd64\SyncFabric\Tests\TestExtension\Microsoft.ActiveDirectory.Connector.Test.TestExtension.dll" adapterTypeName="Microsoft.VisualStudio.TestTools.TestTypes.Unit.UnitTestAdapter" className="Microsoft.ActiveDirectory.Connector.Test.MonitoringExtensionUnitTest" name="TestExceptionWarningEmission" />    </UnitTest>    <UnitTest name="TestInformationEmission" storage="f:\src\adiam_cloud_nightly_tester\bins\debug\amd64\syncfabric\tests\testextension\microsoft.activedirectory.connector.test.testextension.dll" id="23935d59-c9d2-2734-582e-d2c5385ac29e">      <Execution id="bc5541b7-4aa8-43f7-8e35-8c80cb0ab53f" />      <TestMethod codeBase="f:\src\Adiam_Cloud_Nightly_Tester\bins\debug\amd64\SyncFabric\Tests\TestExtension\Microsoft.ActiveDirectory.Connector.Test.TestExtension.dll" adapterTypeName="Microsoft.VisualStudio.TestTools.TestTypes.Unit.UnitTestAdapter" className="Microsoft.ActiveDirectory.Connector.Test.MonitoringExtensionUnitTest" name="TestInformationEmission" />    </UnitTest>    <UnitTest name="TestWarningEmission" storage="f:\src\adiam_cloud_nightly_tester\bins\debug\amd64\syncfabric\tests\testextension\microsoft.activedirectory.connector.test.testextension.dll" id="7e59c172-c88f-95d8-1506-bf769ec14e2f">      <Execution id="6de42204-cb9d-4dbe-8e74-e6f99b4e0c65" />      <TestMethod codeBase="f:\src\Adiam_Cloud_Nightly_Tester\bins\debug\amd64\SyncFabric\Tests\TestExtension\Microsoft.ActiveDirectory.Connector.Test.TestExtension.dll" adapterTypeName="Microsoft.VisualStudio.TestTools.TestTypes.Unit.UnitTestAdapter" className="Microsoft.ActiveDirectory.Connector.Test.MonitoringExtensionUnitTest" name="TestWarningEmission" />    </UnitTest>    <UnitTest name="TestEvaluationAddEntriesDeltaImport" storage="f:\src\adiam_cloud_nightly_tester\bins\debug\amd64\syncfabric\tests\testruleprocessor\microsoft.activedirectory.connector.test.testruleprocessor.dll" id="18937c0a-d430-3ed7-5de0-9efef451b17f">      <Execution id="f4637dea-cd52-4d70-adbe-a93a090c0dc1" />      <TestMethod codeBase="f:\src\Adiam_Cloud_Nightly_Tester\bins\debug\amd64\SyncFabric\Tests\TestRuleProcessor\Microsoft.ActiveDirectory.Connector.Test.TestRuleProcessor.dll" adapterTypeName="Microsoft.VisualStudio.TestTools.TestTypes.Unit.UnitTestAdapter" className="Microsoft.ActiveDirectory.Connector.Test.BoxOutboundSyncRuleUnitTest" name="TestEvaluationAddEntriesDeltaImport" />    </UnitTest>    <UnitTest name="TestEvaluationAddEntriesFullImport" storage="f:\src\adiam_cloud_nightly_tester\bins\debug\amd64\syncfabric\tests\testruleprocessor\microsoft.activedirectory.connector.test.testruleprocessor.dll" id="84683915-914e-76d2-ff0c-f63d0945f016">      <Execution id="fee14607-43a6-4726-8a27-5a34264495f0" />      <TestMethod codeBase="f:\src\Adiam_Cloud_Nightly_Tester\bins\debug\amd64\SyncFabric\Tests\TestRuleProcessor\Microsoft.ActiveDirectory.Connector.Test.TestRuleProcessor.dll" adapterTypeName="Microsoft.VisualStudio.TestTools.TestTypes.Unit.UnitTestAdapter" className="Microsoft.ActiveDirectory.Connector.Test.BoxOutboundSyncRuleUnitTest" name="TestEvaluationAddEntriesFullImport" />    </UnitTest>    <UnitTest name="TestEvaluationAddEntry" storage="f:\src\adiam_cloud_nightly_tester\bins\debug\amd64\syncfabric\tests\testruleprocessor\microsoft.activedirectory.connector.test.testruleprocessor.dll" id="8576ec24-f4a9-8a72-a8dd-0b5d2d599876">      <Execution id="612d64c3-20ce-4177-a1c6-fc218505d580" />      <TestMethod codeBase="f:\src\Adiam_Cloud_Nightly_Tester\bins\debug\amd64\SyncFabric\Tests\TestRuleProcessor\Microsoft.ActiveDirectory.Connector.Test.TestRuleProcessor.dll" adapterTypeName="Microsoft.VisualStudio.TestTools.TestTypes.Unit.UnitTestAdapter" className="Microsoft.ActiveDirectory.Connector.Test.BoxOutboundSyncRuleUnitTest" name="TestEvaluationAddEntry" />    </UnitTest>    <UnitTest name="TestEvaluationDeleteEntry" storage="f:\src\adiam_cloud_nightly_tester\bins\debug\amd64\syncfabric\tests\testruleprocessor\microsoft.activedirectory.connector.test.testruleprocessor.dll" id="152450e7-856e-bb2b-4d6f-e40c7f9dbd2e">      <Execution id="415b88b7-552b-4319-bf84-b5afbc83fea1" />      <TestMethod codeBase="f:\src\Adiam_Cloud_Nightly_Tester\bins\debug\amd64\SyncFabric\Tests\TestRuleProcessor\Microsoft.ActiveDirectory.Connector.Test.TestRuleProcessor.dll" adapterTypeName="Microsoft.VisualStudio.TestTools.TestTypes.Unit.UnitTestAdapter" className="Microsoft.ActiveDirectory.Connector.Test.BoxOutboundSyncRuleUnitTest" name="TestEvaluationDeleteEntry" />    </UnitTest>    <UnitTest name="TestEvaluationUpdateEntryAddProperty" storage="f:\src\adiam_cloud_nightly_tester\bins\debug\amd64\syncfabric\tests\testruleprocessor\microsoft.activedirectory.connector.test.testruleprocessor.dll" id="75e1b7c2-c3d2-5af1-49c9-bc11b2cb5db1">      <Execution id="4b2baf37-9576-4a12-8dfe-eafdd7631dcd" />      <TestMethod codeBase="f:\src\Adiam_Cloud_Nightly_Tester\bins\debug\amd64\SyncFabric\Tests\TestRuleProcessor\Microsoft.ActiveDirectory.Connector.Test.TestRuleProcessor.dll" adapterTypeName="Microsoft.VisualStudio.TestTools.TestTypes.Unit.UnitTestAdapter" className="Microsoft.ActiveDirectory.Connector.Test.BoxOutboundSyncRuleUnitTest" name="TestEvaluationUpdateEntryAddProperty" />    </UnitTest>    <UnitTest name="TestEvaluationUpdateEntryModifyPropertyAddValue" storage="f:\src\adiam_cloud_nightly_tester\bins\debug\amd64\syncfabric\tests\testruleprocessor\microsoft.activedirectory.connector.test.testruleprocessor.dll" id="2f810a59-157a-f704-15fd-a9dd60cf128c">      <Execution id="2eb981a3-9e83-49b8-b95d-3807e3d3e385" />      <TestMethod codeBase="f:\src\Adiam_Cloud_Nightly_Tester\bins\debug\amd64\SyncFabric\Tests\TestRuleProcessor\Microsoft.ActiveDirectory.Connector.Test.TestRuleProcessor.dll" adapterTypeName="Microsoft.VisualStudio.TestTools.TestTypes.Unit.UnitTestAdapter" className="Microsoft.ActiveDirectory.Connector.Test.BoxOutboundSyncRuleUnitTest" name="TestEvaluationUpdateEntryModifyPropertyAddValue" />    </UnitTest>    <UnitTest name="TestEvaluationUpdateEntryModifyPropertyChangeEmptyPluralValue" storage="f:\src\adiam_cloud_nightly_tester\bins\debug\amd64\syncfabric\tests\testruleprocessor\microsoft.activedirectory.connector.test.testruleprocessor.dll" id="65269f3e-1491-3b2f-bd10-253000701cf6">      <Execution id="5fee7c46-31a2-437e-882c-33aba0f0da09" />      <TestMethod codeBase="f:\src\Adiam_Cloud_Nightly_Tester\bins\debug\amd64\SyncFabric\Tests\TestRuleProcessor\Microsoft.ActiveDirectory.Connector.Test.TestRuleProcessor.dll" adapterTypeName="Microsoft.VisualStudio.TestTools.TestTypes.Unit.UnitTestAdapter" className="Microsoft.ActiveDirectory.Connector.Test.BoxOutboundSyncRuleUnitTest" name="TestEvaluationUpdateEntryModifyPropertyChangeEmptyPluralValue" />    </UnitTest>    <UnitTest name="TestEvaluationUpdateEntryModifyPropertyChangeEmptySingleValue" storage="f:\src\adiam_cloud_nightly_tester\bins\debug\amd64\syncfabric\tests\testruleprocessor\microsoft.activedirectory.connector.test.testruleprocessor.dll" id="4654d6da-37d7-1d53-bc61-35b74b53b63e">      <Execution id="2ad21e88-969a-4073-a391-e9718c323eff" />      <TestMethod codeBase="f:\src\Adiam_Cloud_Nightly_Tester\bins\debug\amd64\SyncFabric\Tests\TestRuleProcessor\Microsoft.ActiveDirectory.Connector.Test.TestRuleProcessor.dll" adapterTypeName="Microsoft.VisualStudio.TestTools.TestTypes.Unit.UnitTestAdapter" className="Microsoft.ActiveDirectory.Connector.Test.BoxOutboundSyncRuleUnitTest" name="TestEvaluationUpdateEntryModifyPropertyChangeEmptySingleValue" />    </UnitTest>    <UnitTest name="TestEvaluationUpdateEntryModifyPropertyChangePluralValue" storage="f:\src\adiam_cloud_nightly_tester\bins\debug\amd64\syncfabric\tests\testruleprocessor\microsoft.activedirectory.connector.test.testruleprocessor.dll" id="2c9ca260-1974-fd99-a3d8-7b2db4c5155e">      <Execution id="007f6985-68ff-4095-8447-80714f2331a5" />      <TestMethod codeBase="f:\src\Adiam_Cloud_Nightly_Tester\bins\debug\amd64\SyncFabric\Tests\TestRuleProcessor\Microsoft.ActiveDirectory.Connector.Test.TestRuleProcessor.dll" adapterTypeName="Microsoft.VisualStudio.TestTools.TestTypes.Unit.UnitTestAdapter" className="Microsoft.ActiveDirectory.Connector.Test.BoxOutboundSyncRuleUnitTest" name="TestEvaluationUpdateEntryModifyPropertyChangePluralValue" />    </UnitTest>    <UnitTest name="TestEvaluationUpdateEntryModifyPropertyChangeSingleValue" storage="f:\src\adiam_cloud_nightly_tester\bins\debug\amd64\syncfabric\tests\testruleprocessor\microsoft.activedirectory.connector.test.testruleprocessor.dll" id="890975dc-e36b-8502-958d-b3fe8d105766">      <Execution id="b0a98392-560f-4db6-922e-8d17a06b6719" />      <TestMethod codeBase="f:\src\Adiam_Cloud_Nightly_Tester\bins\debug\amd64\SyncFabric\Tests\TestRuleProcessor\Microsoft.ActiveDirectory.Connector.Test.TestRuleProcessor.dll" adapterTypeName="Microsoft.VisualStudio.TestTools.TestTypes.Unit.UnitTestAdapter" className="Microsoft.ActiveDirectory.Connector.Test.BoxOutboundSyncRuleUnitTest" name="TestEvaluationUpdateEntryModifyPropertyChangeSingleValue" />    </UnitTest>    <UnitTest name="TestEvaluationUpdateEntryModifyPropertyRemoveValue" storage="f:\src\adiam_cloud_nightly_tester\bins\debug\amd64\syncfabric\tests\testruleprocessor\microsoft.activedirectory.connector.test.testruleprocessor.dll" id="ce5bd05d-a8c3-1b66-15c0-5b93557a4c49">      <Execution id="090d643e-2929-4782-9748-4999946da6e9" />      <TestMethod codeBase="f:\src\Adiam_Cloud_Nightly_Tester\bins\debug\amd64\SyncFabric\Tests\TestRuleProcessor\Microsoft.ActiveDirectory.Connector.Test.TestRuleProcessor.dll" adapterTypeName="Microsoft.VisualStudio.TestTools.TestTypes.Unit.UnitTestAdapter" className="Microsoft.ActiveDirectory.Connector.Test.BoxOutboundSyncRuleUnitTest" name="TestEvaluationUpdateEntryModifyPropertyRemoveValue" />    </UnitTest>    <UnitTest name="TestEvaluationUpdateEntryRemoveProperty" storage="f:\src\adiam_cloud_nightly_tester\bins\debug\amd64\syncfabric\tests\testruleprocessor\microsoft.activedirectory.connector.test.testruleprocessor.dll" id="2afd2ba9-14ba-3668-2fcb-28ad6ed00319">      <Execution id="b88b43aa-dc68-4d6d-a904-7d62489f3ead" />      <TestMethod codeBase="f:\src\Adiam_Cloud_Nightly_Tester\bins\debug\amd64\SyncFabric\Tests\TestRuleProcessor\Microsoft.ActiveDirectory.Connector.Test.TestRuleProcessor.dll" adapterTypeName="Microsoft.VisualStudio.TestTools.TestTypes.Unit.UnitTestAdapter" className="Microsoft.ActiveDirectory.Connector.Test.BoxOutboundSyncRuleUnitTest" name="TestEvaluationUpdateEntryRemoveProperty" />    </UnitTest>    <UnitTest name="TestEvaluationUpdateEntryReplaceProperty" storage="f:\src\adiam_cloud_nightly_tester\bins\debug\amd64\syncfabric\tests\testruleprocessor\microsoft.activedirectory.connector.test.testruleprocessor.dll" id="8fb9cdd4-4f56-c18b-ad3d-10e70bdaef42">      <Execution id="ab8db66e-de57-4ebd-805c-188aef5141de" />      <TestMethod codeBase="f:\src\Adiam_Cloud_Nightly_Tester\bins\debug\amd64\SyncFabric\Tests\TestRuleProcessor\Microsoft.ActiveDirectory.Connector.Test.TestRuleProcessor.dll" adapterTypeName="Microsoft.VisualStudio.TestTools.TestTypes.Unit.UnitTestAdapter" className="Microsoft.ActiveDirectory.Connector.Test.BoxOutboundSyncRuleUnitTest" name="TestEvaluationUpdateEntryReplaceProperty" />    </UnitTest>    <UnitTest name="TestEvaluationUpdateEntryModifyJoiningPropertyWithoutManagerReference" storage="f:\src\adiam_cloud_nightly_tester\bins\debug\amd64\syncfabric\tests\testruleprocessor\microsoft.activedirectory.connector.test.testruleprocessor.dll" id="ea94627c-f4b2-2f4c-d9d5-1994d9b12500">      <Execution id="405b2759-afeb-42ae-9772-3893db4568e9" />      <TestMethod codeBase="f:\src\Adiam_Cloud_Nightly_Tester\bins\debug\amd64\SyncFabric\Tests\TestRuleProcessor\Microsoft.ActiveDirectory.Connector.Test.TestRuleProcessor.dll" adapterTypeName="Microsoft.VisualStudio.TestTools.TestTypes.Unit.UnitTestAdapter" className="Microsoft.ActiveDirectory.Connector.Test.BoxOutboundSyncRuleUnitTest" name="TestEvaluationUpdateEntryModifyJoiningPropertyWithoutManagerReference" />    </UnitTest>    <UnitTest name="TestEvaluationDeltaAddEntrySoftDeleteUnspecified" storage="f:\src\adiam_cloud_nightly_tester\bins\debug\amd64\syncfabric\tests\testruleprocessor\microsoft.activedirectory.connector.test.testruleprocessor.dll" id="05f352d4-54bd-c75f-3dc5-be368a48575f">      <Execution id="00bb3d96-2a0f-4116-849f-2f8d64f7cdce" />      <TestMethod codeBase="f:\src\Adiam_Cloud_Nightly_Tester\bins\debug\amd64\SyncFabric\Tests\TestRuleProcessor\Microsoft.ActiveDirectory.Connector.Test.TestRuleProcessor.dll" adapterTypeName="Microsoft.VisualStudio.TestTools.TestTypes.Unit.UnitTestAdapter" className="Microsoft.ActiveDirectory.Connector.Test.BoxOutboundDeltaSyncRuleUnitTest" name="TestEvaluationDeltaAddEntrySoftDeleteUnspecified" />    </UnitTest>    <UnitTest name="TestEvaluationDeltaAddEntry" storage="f:\src\adiam_cloud_nightly_tester\bins\debug\amd64\syncfabric\tests\testruleprocessor\microsoft.activedirectory.connector.test.testruleprocessor.dll" id="c6e7a9d1-346e-8f82-6b70-c791122e8bda">      <Execution id="cfd140b1-50a6-44cc-b70b-74395e82572f" />      <TestMethod codeBase="f:\src\Adiam_Cloud_Nightly_Tester\bins\debug\amd64\SyncFabric\Tests\TestRuleProcessor\Microsoft.ActiveDirectory.Connector.Test.TestRuleProcessor.dll" adapterTypeName="Microsoft.VisualStudio.TestTools.TestTypes.Unit.UnitTestAdapter" className="Microsoft.ActiveDirectory.Connector.Test.BoxOutboundDeltaSyncRuleUnitTest" name="TestEvaluationDeltaAddEntry" />    </UnitTest>    <UnitTest name="TestEvaluationDeltaUpdateEntry" storage="f:\src\adiam_cloud_nightly_tester\bins\debug\amd64\syncfabric\tests\testruleprocessor\microsoft.activedirectory.connector.test.testruleprocessor.dll" id="37b734e0-fef5-050d-bbbe-df6e268c0dcc">      <Execution id="c4c784d1-ba7d-4e70-8fbc-fbbb80232e2b" />      <TestMethod codeBase="f:\src\Adiam_Cloud_Nightly_Tester\bins\debug\amd64\SyncFabric\Tests\TestRuleProcessor\Microsoft.ActiveDirectory.Connector.Test.TestRuleProcessor.dll" adapterTypeName="Microsoft.VisualStudio.TestTools.TestTypes.Unit.UnitTestAdapter" className="Microsoft.ActiveDirectory.Connector.Test.BoxOutboundDeltaSyncRuleUnitTest" name="TestEvaluationDeltaUpdateEntry" />    </UnitTest>    <UnitTest name="TestEvaluationDeltaUpdateEntryJoiningProperty" storage="f:\src\adiam_cloud_nightly_tester\bins\debug\amd64\syncfabric\tests\testruleprocessor\microsoft.activedirectory.connector.test.testruleprocessor.dll" id="2474952d-c670-3e8c-72e9-c0b3be0677b1">      <Execution id="cf5990c0-1eeb-4cdd-8fb2-8de7863e425c" />      <TestMethod codeBase="f:\src\Adiam_Cloud_Nightly_Tester\bins\debug\amd64\SyncFabric\Tests\TestRuleProcessor\Microsoft.ActiveDirectory.Connector.Test.TestRuleProcessor.dll" adapterTypeName="Microsoft.VisualStudio.TestTools.TestTypes.Unit.UnitTestAdapter" className="Microsoft.ActiveDirectory.Connector.Test.BoxOutboundDeltaSyncRuleUnitTest" name="TestEvaluationDeltaUpdateEntryJoiningProperty" />    </UnitTest>    <UnitTest name="TestEvaluationDeltaUpdateEntryNoUserName" storage="f:\src\adiam_cloud_nightly_tester\bins\debug\amd64\syncfabric\tests\testruleprocessor\microsoft.activedirectory.connector.test.testruleprocessor.dll" id="ff50d17a-b66a-6f4c-9dd4-9f583155128a">      <Execution id="68a4c337-471d-43e7-93a4-b274f8d4fb67" />      <TestMethod codeBase="f:\src\Adiam_Cloud_Nightly_Tester\bins\debug\amd64\SyncFabric\Tests\TestRuleProcessor\Microsoft.ActiveDirectory.Connector.Test.TestRuleProcessor.dll" adapterTypeName="Microsoft.VisualStudio.TestTools.TestTypes.Unit.UnitTestAdapter" className="Microsoft.ActiveDirectory.Connector.Test.BoxOutboundDeltaSyncRuleUnitTest" name="TestEvaluationDeltaUpdateEntryNoUserName" />    </UnitTest>    <UnitTest name="TestEvaluationDeltaDeleteEntry" storage="f:\src\adiam_cloud_nightly_tester\bins\debug\amd64\syncfabric\tests\testruleprocessor\microsoft.activedirectory.connector.test.testruleprocessor.dll" id="002e6f13-965d-d5ef-bc1c-0f880453d010">      <Execution id="c1ff1e3d-7446-4805-a907-7fc9bc66cc64" />      <TestMethod codeBase="f:\src\Adiam_Cloud_Nightly_Tester\bins\debug\amd64\SyncFabric\Tests\TestRuleProcessor\Microsoft.ActiveDirectory.Connector.Test.TestRuleProcessor.dll" adapterTypeName="Microsoft.VisualStudio.TestTools.TestTypes.Unit.UnitTestAdapter" className="Microsoft.ActiveDirectory.Connector.Test.BoxOutboundDeltaSyncRuleUnitTest" name="TestEvaluationDeltaDeleteEntry" />    </UnitTest>    <UnitTest name="TestEvaluationDeltaEntitlementGrants" storage="f:\src\adiam_cloud_nightly_tester\bins\debug\amd64\syncfabric\tests\testruleprocessor\microsoft.activedirectory.connector.test.testruleprocessor.dll" id="3efdb477-5d53-9fd3-f42e-1bf54675bfaa">      <Execution id="14be331a-cb39-4e3a-83b3-690b67fd1153" />      <TestMethod codeBase="f:\src\Adiam_Cloud_Nightly_Tester\bins\debug\amd64\SyncFabric\Tests\TestRuleProcessor\Microsoft.ActiveDirectory.Connector.Test.TestRuleProcessor.dll" adapterTypeName="Microsoft.VisualStudio.TestTools.TestTypes.Unit.UnitTestAdapter" className="Microsoft.ActiveDirectory.Connector.Test.BoxOutboundDeltaSyncRuleUnitTest" name="TestEvaluationDeltaEntitlementGrants" />    </UnitTest>    <UnitTest name="CitrixDelta_TestEvaluationDeltaRuleAddEntriesFullImport" storage="f:\src\adiam_cloud_nightly_tester\bins\debug\amd64\syncfabric\tests\testruleprocessor\microsoft.activedirectory.connector.test.testruleprocessor.dll" id="cfc2c358-16e3-9d73-fae1-8379e04fd4e3">      <Execution id="d50e3498-bad6-4e33-835d-25cc3e89e443" />      <TestMethod codeBase="f:\src\Adiam_Cloud_Nightly_Tester\bins\debug\amd64\SyncFabric\Tests\TestRuleProcessor\Microsoft.ActiveDirectory.Connector.Test.TestRuleProcessor.dll" adapterTypeName="Microsoft.VisualStudio.TestTools.TestTypes.Unit.UnitTestAdapter" className="Microsoft.ActiveDirectory.Connector.Test.CitrixOutboundDeltaSyncRuleUnitTest" name="CitrixDelta_TestEvaluationDeltaRuleAddEntriesFullImport" />    </UnitTest>    <UnitTest name="CitrixDelta_TestGetMathingEntries" storage="f:\src\adiam_cloud_nightly_tester\bins\debug\amd64\syncfabric\tests\testruleprocessor\microsoft.activedirectory.connector.test.testruleprocessor.dll" id="126f8bca-a9f9-80ac-0ed9-3394be2bb930">      <Execution id="0d2cac7e-126a-4a6d-8f0c-00c31f0ac47c" />      <TestMethod codeBase="f:\src\Adiam_Cloud_Nightly_Tester\bins\debug\amd64\SyncFabric\Tests\TestRuleProcessor\Microsoft.ActiveDirectory.Connector.Test.TestRuleProcessor.dll" adapterTypeName="Microsoft.VisualStudio.TestTools.TestTypes.Unit.UnitTestAdapter" className="Microsoft.ActiveDirectory.Connector.Test.CitrixOutboundDeltaSyncRuleUnitTest" name="CitrixDelta_TestGetMathingEntries" />    </UnitTest>    <UnitTest name="CitrixDelta_TestEvaluationDeltaRuleAddEntry" storage="f:\src\adiam_cloud_nightly_tester\bins\debug\amd64\syncfabric\tests\testruleprocessor\microsoft.activedirectory.connector.test.testruleprocessor.dll" id="9e4ee257-d36b-633c-8276-a01eccf4756c">      <Execution id="fdaa3daa-658e-419b-bfa5-cea4a2f34d86" />      <TestMethod codeBase="f:\src\Adiam_Cloud_Nightly_Tester\bins\debug\amd64\SyncFabric\Tests\TestRuleProcessor\Microsoft.ActiveDirectory.Connector.Test.TestRuleProcessor.dll" adapterTypeName="Microsoft.VisualStudio.TestTools.TestTypes.Unit.UnitTestAdapter" className="Microsoft.ActiveDirectory.Connector.Test.CitrixOutboundDeltaSyncRuleUnitTest" name="CitrixDelta_TestEvaluationDeltaRuleAddEntry" />    </UnitTest>    <UnitTest name="CitrixDelta_TestEvaluationDeltaRuleAddEntryConflictingJoiningProperty" storage="f:\src\adiam_cloud_nightly_tester\bins\debug\amd64\syncfabric\tests\testruleprocessor\microsoft.activedirectory.connector.test.testruleprocessor.dll" id="fd3133ec-7f92-6cdf-c2a3-ed7ff2bb616a">      <Execution id="8f2d687f-7d0b-46a5-9075-15bb1e24e1f6" />      <TestMethod codeBase="f:\src\Adiam_Cloud_Nightly_Tester\bins\debug\amd64\SyncFabric\Tests\TestRuleProcessor\Microsoft.ActiveDirectory.Connector.Test.TestRuleProcessor.dll" adapterTypeName="Microsoft.VisualStudio.TestTools.TestTypes.Unit.UnitTestAdapter" className="Microsoft.ActiveDirectory.Connector.Test.CitrixOutboundDeltaSyncRuleUnitTest" name="CitrixDelta_TestEvaluationDeltaRuleAddEntryConflictingJoiningProperty" />    </UnitTest>    <UnitTest name="CitrixDelta_TestEvaluationDeltaRuleUpdateEntry" storage="f:\src\adiam_cloud_nightly_tester\bins\debug\amd64\syncfabric\tests\testruleprocessor\microsoft.activedirectory.connector.test.testruleprocessor.dll" id="406c5b1d-26a1-5fa1-c181-5a849b1c97c1">      <Execution id="95e6ed00-e525-4145-b33e-212e39e15c58" />      <TestMethod codeBase="f:\src\Adiam_Cloud_Nightly_Tester\bins\debug\amd64\SyncFabric\Tests\TestRuleProcessor\Microsoft.ActiveDirectory.Connector.Test.TestRuleProcessor.dll" adapterTypeName="Microsoft.VisualStudio.TestTools.TestTypes.Unit.UnitTestAdapter" className="Microsoft.ActiveDirectory.Connector.Test.CitrixOutboundDeltaSyncRuleUnitTest" name="CitrixDelta_TestEvaluationDeltaRuleUpdateEntry" />    </UnitTest>    <UnitTest name="CitrixDelta_TestEvaluationAddEntryWithIgnorableProperties" storage="f:\src\adiam_cloud_nightly_tester\bins\debug\amd64\syncfabric\tests\testruleprocessor\microsoft.activedirectory.connector.test.testruleprocessor.dll" id="b744f138-0453-946a-992b-c472627fc573">      <Execution id="4e4fade9-c919-4168-94d0-fe460b5ba3ca" />      <TestMethod codeBase="f:\src\Adiam_Cloud_Nightly_Tester\bins\debug\amd64\SyncFabric\Tests\TestRuleProcessor\Microsoft.ActiveDirectory.Connector.Test.TestRuleProcessor.dll" adapterTypeName="Microsoft.VisualStudio.TestTools.TestTypes.Unit.UnitTestAdapter" className="Microsoft.ActiveDirectory.Connector.Test.CitrixOutboundDeltaSyncRuleUnitTest" name="CitrixDelta_TestEvaluationAddEntryWithIgnorableProperties" />    </UnitTest>    <UnitTest name="CitrixDelta_TestEvaluationDeltaRuleUpdateEntryJoiningProperty" storage="f:\src\adiam_cloud_nightly_tester\bins\debug\amd64\syncfabric\tests\testruleprocessor\microsoft.activedirectory.connector.test.testruleprocessor.dll" id="a9d733c8-d48e-f6bb-b4d3-7976700bfbf0">      <Execution id="5f14c98f-7ad1-43d8-a2ab-777d3b4fa48e" />      <TestMethod codeBase="f:\src\Adiam_Cloud_Nightly_Tester\bins\debug\amd64\SyncFabric\Tests\TestRuleProcessor\Microsoft.ActiveDirectory.Connector.Test.TestRuleProcessor.dll" adapterTypeName="Microsoft.VisualStudio.TestTools.TestTypes.Unit.UnitTestAdapter" className="Microsoft.ActiveDirectory.Connector.Test.CitrixOutboundDeltaSyncRuleUnitTest" name="CitrixDelta_TestEvaluationDeltaRuleUpdateEntryJoiningProperty" />    </UnitTest>    <UnitTest name="CitrixDelta_TestEvaluationDeltaRuleAddEntryRequiredFieldsAsMissing" storage="f:\src\adiam_cloud_nightly_tester\bins\debug\amd64\syncfabric\tests\testruleprocessor\microsoft.activedirectory.connector.test.testruleprocessor.dll" id="7b755a4b-dc89-c521-9a30-86e418521e16">      <Execution id="c0e5b212-6779-40b1-b7f0-8f89fc324715" />      <TestMethod codeBase="f:\src\Adiam_Cloud_Nightly_Tester\bins\debug\amd64\SyncFabric\Tests\TestRuleProcessor\Microsoft.ActiveDirectory.Connector.Test.TestRuleProcessor.dll" adapterTypeName="Microsoft.VisualStudio.TestTools.TestTypes.Unit.UnitTestAdapter" className="Microsoft.ActiveDirectory.Connector.Test.CitrixOutboundDeltaSyncRuleUnitTest" name="CitrixDelta_TestEvaluationDeltaRuleAddEntryRequiredFieldsAsMissing" />    </UnitTest>    <UnitTest name="CitrixDelta_TestEvaluationDeltaRuleUpdateEntryRequiredFieldsAsMissing" storage="f:\src\adiam_cloud_nightly_tester\bins\debug\amd64\syncfabric\tests\testruleprocessor\microsoft.activedirectory.connector.test.testruleprocessor.dll" id="6c06d0f5-3471-313b-e10e-b9f12b637ff2">      <Execution id="c6dcfcc6-e95b-4381-8faf-00e2100872cc" />      <TestMethod codeBase="f:\src\Adiam_Cloud_Nightly_Tester\bins\debug\amd64\SyncFabric\Tests\TestRuleProcessor\Microsoft.ActiveDirectory.Connector.Test.TestRuleProcessor.dll" adapterTypeName="Microsoft.VisualStudio.TestTools.TestTypes.Unit.UnitTestAdapter" className="Microsoft.ActiveDirectory.Connector.Test.CitrixOutboundDeltaSyncRuleUnitTest" name="CitrixDelta_TestEvaluationDeltaRuleUpdateEntryRequiredFieldsAsMissing" />    </UnitTest>    <UnitTest name="CitrixDelta_TestEvaluationDeltaRuleDeleteEntry" storage="f:\src\adiam_cloud_nightly_tester\bins\debug\amd64\syncfabric\tests\testruleprocessor\microsoft.activedirectory.connector.test.testruleprocessor.dll" id="c802827e-efe3-51e2-97c1-33d93500f3a2">      <Execution id="d8f9679d-4c93-4f52-a224-a8e7faa16b18" />      <TestMethod codeBase="f:\src\Adiam_Cloud_Nightly_Tester\bins\debug\amd64\SyncFabric\Tests\TestRuleProcessor\Microsoft.ActiveDirectory.Connector.Test.TestRuleProcessor.dll" adapterTypeName="Microsoft.VisualStudio.TestTools.TestTypes.Unit.UnitTestAdapter" className="Microsoft.ActiveDirectory.Connector.Test.CitrixOutboundDeltaSyncRuleUnitTest" name="CitrixDelta_TestEvaluationDeltaRuleDeleteEntry" />    </UnitTest>    <UnitTest name="CitrixFullTest_EvaluationAddEntriesFullImport" storage="f:\src\adiam_cloud_nightly_tester\bins\debug\amd64\syncfabric\tests\testruleprocessor\microsoft.activedirectory.connector.test.testruleprocessor.dll" id="37c47701-80c6-3896-9990-8d0409fca0c7">      <Execution id="7dd2a869-a0ea-4caf-85fd-84ccbdb04865" />      <TestMethod codeBase="f:\src\Adiam_Cloud_Nightly_Tester\bins\debug\amd64\SyncFabric\Tests\TestRuleProcessor\Microsoft.ActiveDirectory.Connector.Test.TestRuleProcessor.dll" adapterTypeName="Microsoft.VisualStudio.TestTools.TestTypes.Unit.UnitTestAdapter" className="Microsoft.ActiveDirectory.Connector.Test.CitrixOutboundSynchronizationRuleUnitTest" name="CitrixFullTest_EvaluationAddEntriesFullImport" />    </UnitTest>    <UnitTest name="CitrixFullTest_EvaluationAddEntry" storage="f:\src\adiam_cloud_nightly_tester\bins\debug\amd64\syncfabric\tests\testruleprocessor\microsoft.activedirectory.connector.test.testruleprocessor.dll" id="c217fbff-c242-d81e-c53e-034951fa27a1">      <Execution id="0c3abf2f-b10d-4994-afbf-3a3dbcda9376" />      <TestMethod codeBase="f:\src\Adiam_Cloud_Nightly_Tester\bins\debug\amd64\SyncFabric\Tests\TestRuleProcessor\Microsoft.ActiveDirectory.Connector.Test.TestRuleProcessor.dll" adapterTypeName="Microsoft.VisualStudio.TestTools.TestTypes.Unit.UnitTestAdapter" className="Microsoft.ActiveDirectory.Connector.Test.CitrixOutboundSynchronizationRuleUnitTest" name="CitrixFullTest_EvaluationAddEntry" />    </UnitTest>    <UnitTest name="CitrixFullTest_EvaluationAddEntryWithIgnorableProperties" storage="f:\src\adiam_cloud_nightly_tester\bins\debug\amd64\syncfabric\tests\testruleprocessor\microsoft.activedirectory.connector.test.testruleprocessor.dll" id="0fe007d5-ed59-ac2c-7270-c00726184183">      <Execution id="c55c80e7-308a-4a9f-a005-d3f4b46a63e4" />      <TestMethod codeBase="f:\src\Adiam_Cloud_Nightly_Tester\bins\debug\amd64\SyncFabric\Tests\TestRuleProcessor\Microsoft.ActiveDirectory.Connector.Test.TestRuleProcessor.dll" adapterTypeName="Microsoft.VisualStudio.TestTools.TestTypes.Unit.UnitTestAdapter" className="Microsoft.ActiveDirectory.Connector.Test.CitrixOutboundSynchronizationRuleUnitTest" name="CitrixFullTest_EvaluationAddEntryWithIgnorableProperties" />    </UnitTest>    <UnitTest name="CitrixFullTest_EvaluationAddEntryWithRequiredFieldsAsEmpty" storage="f:\src\adiam_cloud_nightly_tester\bins\debug\amd64\syncfabric\tests\testruleprocessor\microsoft.activedirectory.connector.test.testruleprocessor.dll" id="aec71a0d-2f7a-fc59-beff-f8db211207f9">      <Execution id="f3c9660f-ad65-49f8-84ec-d84d3c17cc78" />      <TestMethod codeBase="f:\src\Adiam_Cloud_Nightly_Tester\bins\debug\amd64\SyncFabric\Tests\TestRuleProcessor\Microsoft.ActiveDirectory.Connector.Test.TestRuleProcessor.dll" adapterTypeName="Microsoft.VisualStudio.TestTools.TestTypes.Unit.UnitTestAdapter" className="Microsoft.ActiveDirectory.Connector.Test.CitrixOutboundSynchronizationRuleUnitTest" name="CitrixFullTest_EvaluationAddEntryWithRequiredFieldsAsEmpty" />    </UnitTest>    <UnitTest name="CitrixFullTest_EvaluationUpdateEntryWithRequiredFieldsAsEmpty" storage="f:\src\adiam_cloud_nightly_tester\bins\debug\amd64\syncfabric\tests\testruleprocessor\microsoft.activedirectory.connector.test.testruleprocessor.dll" id="dc875d05-0ec9-5c9d-1997-10ead1823883">      <Execution id="e4988d57-2b9c-4f43-ba3a-ae1f1428387f" />      <TestMethod codeBase="f:\src\Adiam_Cloud_Nightly_Tester\bins\debug\amd64\SyncFabric\Tests\TestRuleProcessor\Microsoft.ActiveDirectory.Connector.Test.TestRuleProcessor.dll" adapterTypeName="Microsoft.VisualStudio.TestTools.TestTypes.Unit.UnitTestAdapter" className="Microsoft.ActiveDirectory.Connector.Test.CitrixOutboundSynchronizationRuleUnitTest" name="CitrixFullTest_EvaluationUpdateEntryWithRequiredFieldsAsEmpty" />    </UnitTest>    <UnitTest name="CitrixFullTest_EvaluationDeleteEntry" storage="f:\src\adiam_cloud_nightly_tester\bins\debug\amd64\syncfabric\tests\testruleprocessor\microsoft.activedirectory.connector.test.testruleprocessor.dll" id="c15a4323-c865-61a1-f1c0-7db6671dd0c5">      <Execution id="bcd090b3-2888-47e2-853c-cb6a2d97c1f1" />      <TestMethod codeBase="f:\src\Adiam_Cloud_Nightly_Tester\bins\debug\amd64\SyncFabric\Tests\TestRuleProcessor\Microsoft.ActiveDirectory.Connector.Test.TestRuleProcessor.dll" adapterTypeName="Microsoft.VisualStudio.TestTools.TestTypes.Unit.UnitTestAdapter" className="Microsoft.ActiveDirectory.Connector.Test.CitrixOutboundSynchronizationRuleUnitTest" name="CitrixFullTest_EvaluationDeleteEntry" />    </UnitTest>    <UnitTest name="CitrixFullTest_EvaluationUpdateEntry" storage="f:\src\adiam_cloud_nightly_tester\bins\debug\amd64\syncfabric\tests\testruleprocessor\microsoft.activedirectory.connector.test.testruleprocessor.dll" id="3a2aa1a8-e750-6b03-adca-533240319bbe">      <Execution id="9e79b5ff-c36e-4f4e-b317-5a1d4d14eee3" />      <TestMethod codeBase="f:\src\Adiam_Cloud_Nightly_Tester\bins\debug\amd64\SyncFabric\Tests\TestRuleProcessor\Microsoft.ActiveDirectory.Connector.Test.TestRuleProcessor.dll" adapterTypeName="Microsoft.VisualStudio.TestTools.TestTypes.Unit.UnitTestAdapter" className="Microsoft.ActiveDirectory.Connector.Test.CitrixOutboundSynchronizationRuleUnitTest" name="CitrixFullTest_EvaluationUpdateEntry" />    </UnitTest>    <UnitTest name="CitrixFullTest_EvaluationUpdateEntryWithIgnorableProperties" storage="f:\src\adiam_cloud_nightly_tester\bins\debug\amd64\syncfabric\tests\testruleprocessor\microsoft.activedirectory.connector.test.testruleprocessor.dll" id="3aca52fc-b36b-3ce6-3854-24e5ad3b633e">      <Execution id="059f79e5-9231-4410-b142-b26ea82dd8f3" />      <TestMethod codeBase="f:\src\Adiam_Cloud_Nightly_Tester\bins\debug\amd64\SyncFabric\Tests\TestRuleProcessor\Microsoft.ActiveDirectory.Connector.Test.TestRuleProcessor.dll" adapterTypeName="Microsoft.VisualStudio.TestTools.TestTypes.Unit.UnitTestAdapter" className="Microsoft.ActiveDirectory.Connector.Test.CitrixOutboundSynchronizationRuleUnitTest" name="CitrixFullTest_EvaluationUpdateEntryWithIgnorableProperties" />    </UnitTest>    <UnitTest name="GoogleAppsV2TestRuleEvaluationDeltaRuleAddUsersFullImport" storage="f:\src\adiam_cloud_nightly_tester\bins\debug\amd64\syncfabric\tests\testruleprocessor\microsoft.activedirectory.connector.test.testruleprocessor.dll" id="617543fe-8bb1-69ac-e202-c14b90120b82">      <Execution id="3c936d07-3d6d-41f0-b76d-f09e0ea38e03" />      <TestMethod codeBase="f:\src\Adiam_Cloud_Nightly_Tester\bins\debug\amd64\SyncFabric\Tests\TestRuleProcessor\Microsoft.ActiveDirectory.Connector.Test.TestRuleProcessor.dll" adapterTypeName="Microsoft.VisualStudio.TestTools.TestTypes.Unit.UnitTestAdapter" className="Microsoft.ActiveDirectory.Connector.Test.GoogleAppsV2OutboundDeltaSyncRuleUnitTestRealSchema" name="GoogleAppsV2TestRuleEvaluationDeltaRuleAddUsersFullImport" />    </UnitTest>    <UnitTest name="GoogleAppsV2TestRuleEvaluationDeltaRuleAddUser" storage="f:\src\adiam_cloud_nightly_tester\bins\debug\amd64\syncfabric\tests\testruleprocessor\microsoft.activedirectory.connector.test.testruleprocessor.dll" id="ec7a6886-8f1f-9c98-788a-f1395deea79c">      <Execution id="b1ea457d-e276-4dd7-8e4a-b2912bbbacc5" />      <TestMethod codeBase="f:\src\Adiam_Cloud_Nightly_Tester\bins\debug\amd64\SyncFabric\Tests\TestRuleProcessor\Microsoft.ActiveDirectory.Connector.Test.TestRuleProcessor.dll" adapterTypeName="Microsoft.VisualStudio.TestTools.TestTypes.Unit.UnitTestAdapter" className="Microsoft.ActiveDirectory.Connector.Test.GoogleAppsV2OutboundDeltaSyncRuleUnitTestRealSchema" name="GoogleAppsV2TestRuleEvaluationDeltaRuleAddUser" />    </UnitTest>    <UnitTest name="GoogleAppsV2TestRuleEvaluationDeltaRuleAddGroups" storage="f:\src\adiam_cloud_nightly_tester\bins\debug\amd64\syncfabric\tests\testruleprocessor\microsoft.activedirectory.connector.test.testruleprocessor.dll" id="f10fea4f-210b-311c-2d9a-d938a65ef8bd">      <Execution id="f279f54a-1f06-4da6-a8db-a71202dc6286" />      <TestMethod codeBase="f:\src\Adiam_Cloud_Nightly_Tester\bins\debug\amd64\SyncFabric\Tests\TestRuleProcessor\Microsoft.ActiveDirectory.Connector.Test.TestRuleProcessor.dll" adapterTypeName="Microsoft.VisualStudio.TestTools.TestTypes.Unit.UnitTestAdapter" className="Microsoft.ActiveDirectory.Connector.Test.GoogleAppsV2OutboundDeltaSyncRuleUnitTestRealSchema" name="GoogleAppsV2TestRuleEvaluationDeltaRuleAddGroups" />    </UnitTest>    <UnitTest name="GoogleAppsV2TestRuleEvaluationDeltaRuleDeleteGroup" storage="f:\src\adiam_cloud_nightly_tester\bins\debug\amd64\syncfabric\tests\testruleprocessor\microsoft.activedirectory.connector.test.testruleprocessor.dll" id="69287587-ff02-4952-5676-76aac7f0a850">      <Execution id="080300b3-29ed-4e7a-8195-11acb8fceb7b" />      <TestMethod codeBase="f:\src\Adiam_Cloud_Nightly_Tester\bins\debug\amd64\SyncFabric\Tests\TestRuleProcessor\Microsoft.ActiveDirectory.Connector.Test.TestRuleProcessor.dll" adapterTypeName="Microsoft.VisualStudio.TestTools.TestTypes.Unit.UnitTestAdapter" className="Microsoft.ActiveDirectory.Connector.Test.GoogleAppsV2OutboundDeltaSyncRuleUnitTestRealSchema" name="GoogleAppsV2TestRuleEvaluationDeltaRuleDeleteGroup" />    </UnitTest>    <UnitTest name="GoogleAppsV2TestRuleEvaluationDeltaRuleUpdateGroup" storage="f:\src\adiam_cloud_nightly_tester\bins\debug\amd64\syncfabric\tests\testruleprocessor\microsoft.activedirectory.connector.test.testruleprocessor.dll" id="536eabeb-7113-6b80-aee1-bb4cd40b2e5c">      <Execution id="214ce1fe-f5ee-4655-8262-c81c4ac81a15" />      <TestMethod codeBase="f:\src\Adiam_Cloud_Nightly_Tester\bins\debug\amd64\SyncFabric\Tests\TestRuleProcessor\Microsoft.ActiveDirectory.Connector.Test.TestRuleProcessor.dll" adapterTypeName="Microsoft.VisualStudio.TestTools.TestTypes.Unit.UnitTestAdapter" className="Microsoft.ActiveDirectory.Connector.Test.GoogleAppsV2OutboundDeltaSyncRuleUnitTestRealSchema" name="GoogleAppsV2TestRuleEvaluationDeltaRuleUpdateGroup" />    </UnitTest>    <UnitTest name="GoogleAppsV2TestRuleEvaluationDeltaRuleAddUserConflictingJoiningProperty" storage="f:\src\adiam_cloud_nightly_tester\bins\debug\amd64\syncfabric\tests\testruleprocessor\microsoft.activedirectory.connector.test.testruleprocessor.dll" id="edd2811f-67dc-6d8e-5162-b9fb7b189687">      <Execution id="0c01651d-7c21-4c2a-b06d-4361a57f3f3b" />      <TestMethod codeBase="f:\src\Adiam_Cloud_Nightly_Tester\bins\debug\amd64\SyncFabric\Tests\TestRuleProcessor\Microsoft.ActiveDirectory.Connector.Test.TestRuleProcessor.dll" adapterTypeName="Microsoft.VisualStudio.TestTools.TestTypes.Unit.UnitTestAdapter" className="Microsoft.ActiveDirectory.Connector.Test.GoogleAppsV2OutboundDeltaSyncRuleUnitTestRealSchema" name="GoogleAppsV2TestRuleEvaluationDeltaRuleAddUserConflictingJoiningProperty" />    </UnitTest>    <UnitTest name="GoogleAppsV2TestRuleEvaluationDeltaRuleUpdateUser" storage="f:\src\adiam_cloud_nightly_tester\bins\debug\amd64\syncfabric\tests\testruleprocessor\microsoft.activedirectory.connector.test.testruleprocessor.dll" id="b1caa5ee-fb23-be77-dff8-022592d0566f">      <Execution id="f98f2749-d7a4-4b13-90d7-e4469dab1546" />      <TestMethod codeBase="f:\src\Adiam_Cloud_Nightly_Tester\bins\debug\amd64\SyncFabric\Tests\TestRuleProcessor\Microsoft.ActiveDirectory.Connector.Test.TestRuleProcessor.dll" adapterTypeName="Microsoft.VisualStudio.TestTools.TestTypes.Unit.UnitTestAdapter" className="Microsoft.ActiveDirectory.Connector.Test.GoogleAppsV2OutboundDeltaSyncRuleUnitTestRealSchema" name="GoogleAppsV2TestRuleEvaluationDeltaRuleUpdateUser" />    </UnitTest>    <UnitTest name="GoogleAppsV2TestRuleEvaluationDeltaRuleUpdateEntrySuspendUser" storage="f:\src\adiam_cloud_nightly_tester\bins\debug\amd64\syncfabric\tests\testruleprocessor\microsoft.activedirectory.connector.test.testruleprocessor.dll" id="255be184-a8f2-05c0-34eb-c01f1a136cdf">      <Execution id="91b80890-2085-48ae-bb90-20de510108a4" />      <TestMethod codeBase="f:\src\Adiam_Cloud_Nightly_Tester\bins\debug\amd64\SyncFabric\Tests\TestRuleProcessor\Microsoft.ActiveDirectory.Connector.Test.TestRuleProcessor.dll" adapterTypeName="Microsoft.VisualStudio.TestTools.TestTypes.Unit.UnitTestAdapter" className="Microsoft.ActiveDirectory.Connector.Test.GoogleAppsV2OutboundDeltaSyncRuleUnitTestRealSchema" name="GoogleAppsV2TestRuleEvaluationDeltaRuleUpdateEntrySuspendUser" />    </UnitTest>    <UnitTest name="GoogleAppsV2TestRuleEvaluationDeltaRuleUpdateUserModifyJoiningProperty" storage="f:\src\adiam_cloud_nightly_tester\bins\debug\amd64\syncfabric\tests\testruleprocessor\microsoft.activedirectory.connector.test.testruleprocessor.dll" id="7296fedb-95e2-a60f-f7e7-1363c18db812">      <Execution id="9e8eea06-3319-478f-934b-9cf7e791a1db" />      <TestMethod codeBase="f:\src\Adiam_Cloud_Nightly_Tester\bins\debug\amd64\SyncFabric\Tests\TestRuleProcessor\Microsoft.ActiveDirectory.Connector.Test.TestRuleProcessor.dll" adapterTypeName="Microsoft.VisualStudio.TestTools.TestTypes.Unit.UnitTestAdapter" className="Microsoft.ActiveDirectory.Connector.Test.GoogleAppsV2OutboundDeltaSyncRuleUnitTestRealSchema" name="GoogleAppsV2TestRuleEvaluationDeltaRuleUpdateUserModifyJoiningProperty" />    </UnitTest>    <UnitTest name="GoogleAppsV2TestRuleEvaluationDeltaRuleDeleteUser" storage="f:\src\adiam_cloud_nightly_tester\bins\debug\amd64\syncfabric\tests\testruleprocessor\microsoft.activedirectory.connector.test.testruleprocessor.dll" id="20b90c17-d2ea-0339-d20d-c9c11ecafa4e">      <Execution id="e9091612-5066-4ee3-913f-6b913e1652ef" />      <TestMethod codeBase="f:\src\Adiam_Cloud_Nightly_Tester\bins\debug\amd64\SyncFabric\Tests\TestRuleProcessor\Microsoft.ActiveDirectory.Connector.Test.TestRuleProcessor.dll" adapterTypeName="Microsoft.VisualStudio.TestTools.TestTypes.Unit.UnitTestAdapter" className="Microsoft.ActiveDirectory.Connector.Test.GoogleAppsV2OutboundDeltaSyncRuleUnitTestRealSchema" name="GoogleAppsV2TestRuleEvaluationDeltaRuleDeleteUser" />    </UnitTest>    <UnitTest name="GoogleAppsV2TestRuleEvaluationDeltaRuleAddGroupMember" storage="f:\src\adiam_cloud_nightly_tester\bins\debug\amd64\syncfabric\tests\testruleprocessor\microsoft.activedirectory.connector.test.testruleprocessor.dll" id="4aa00cac-a2e3-36c9-07fb-79e3809de0f2">      <Execution id="55a9fabb-b244-431e-9950-f15ed5ba3c03" />      <TestMethod codeBase="f:\src\Adiam_Cloud_Nightly_Tester\bins\debug\amd64\SyncFabric\Tests\TestRuleProcessor\Microsoft.ActiveDirectory.Connector.Test.TestRuleProcessor.dll" adapterTypeName="Microsoft.VisualStudio.TestTools.TestTypes.Unit.UnitTestAdapter" className="Microsoft.ActiveDirectory.Connector.Test.GoogleAppsV2OutboundDeltaSyncRuleUnitTestRealSchema" name="GoogleAppsV2TestRuleEvaluationDeltaRuleAddGroupMember" />    </UnitTest>    <UnitTest name="GoogleAppsV2TestRuleEvaluationDeltaRuleDeleteGroupMember" storage="f:\src\adiam_cloud_nightly_tester\bins\debug\amd64\syncfabric\tests\testruleprocessor\microsoft.activedirectory.connector.test.testruleprocessor.dll" id="2b48c906-4187-e2cf-7c11-cfe6d2116fd3">      <Execution id="82431c33-1c07-41dd-8fe1-7d65b2649bc6" />      <TestMethod codeBase="f:\src\Adiam_Cloud_Nightly_Tester\bins\debug\amd64\SyncFabric\Tests\TestRuleProcessor\Microsoft.ActiveDirectory.Connector.Test.TestRuleProcessor.dll" adapterTypeName="Microsoft.VisualStudio.TestTools.TestTypes.Unit.UnitTestAdapter" className="Microsoft.ActiveDirectory.Connector.Test.GoogleAppsV2OutboundDeltaSyncRuleUnitTestRealSchema" name="GoogleAppsV2TestRuleEvaluationDeltaRuleDeleteGroupMember" />    </UnitTest>    <UnitTest name="SalesforceSandbox_TestEvaluationDeltaUpdateEntryJoiningProperty" storage="f:\src\adiam_cloud_nightly_tester\bins\debug\amd64\syncfabric\tests\testruleprocessor\microsoft.activedirectory.connector.test.testruleprocessor.dll" id="ce357d0d-f0ab-105f-4d84-ddc1116e418c">      <Execution id="b387e4d7-6ed0-4196-b50d-acd98cafaf6f" />      <TestMethod codeBase="f:\src\Adiam_Cloud_Nightly_Tester\bins\debug\amd64\SyncFabric\Tests\TestRuleProcessor\Microsoft.ActiveDirectory.Connector.Test.TestRuleProcessor.dll" adapterTypeName="Microsoft.VisualStudio.TestTools.TestTypes.Unit.UnitTestAdapter" className="Microsoft.ActiveDirectory.Connector.Test.SalesForceSandboxOutboundDeltaSynchronizationRuleUnitTest" name="SalesforceSandbox_TestEvaluationDeltaUpdateEntryJoiningProperty" />    </UnitTest>    <UnitTest name="SalesforceSandbox_TestEvaluationDeltaAddEntryConflictingJoiningPropertyDeleteOldEntry" storage="f:\src\adiam_cloud_nightly_tester\bins\debug\amd64\syncfabric\tests\testruleprocessor\microsoft.activedirectory.connector.test.testruleprocessor.dll" id="bd7e38d7-1ecd-5bcc-d01d-cf56415c37af">      <Execution id="2f262a3d-4176-4d05-bd11-6d72ccac3b3b" />      <TestMethod codeBase="f:\src\Adiam_Cloud_Nightly_Tester\bins\debug\amd64\SyncFabric\Tests\TestRuleProcessor\Microsoft.ActiveDirectory.Connector.Test.TestRuleProcessor.dll" adapterTypeName="Microsoft.VisualStudio.TestTools.TestTypes.Unit.UnitTestAdapter" className="Microsoft.ActiveDirectory.Connector.Test.SalesForceSandboxOutboundDeltaSynchronizationRuleUnitTest" name="SalesforceSandbox_TestEvaluationDeltaAddEntryConflictingJoiningPropertyDeleteOldEntry" />    </UnitTest>    <UnitTest name="SalesforceSandbox_TestEvaluationDeltaAddEntry" storage="f:\src\adiam_cloud_nightly_tester\bins\debug\amd64\syncfabric\tests\testruleprocessor\microsoft.activedirectory.connector.test.testruleprocessor.dll" id="9014f1c5-7947-0520-ff2b-03002839a696">      <Execution id="44d59012-f70b-480a-9f1d-ada01338b57d" />      <TestMethod codeBase="f:\src\Adiam_Cloud_Nightly_Tester\bins\debug\amd64\SyncFabric\Tests\TestRuleProcessor\Microsoft.ActiveDirectory.Connector.Test.TestRuleProcessor.dll" adapterTypeName="Microsoft.VisualStudio.TestTools.TestTypes.Unit.UnitTestAdapter" className="Microsoft.ActiveDirectory.Connector.Test.SalesForceSandboxOutboundDeltaSynchronizationRuleUnitTest" name="SalesforceSandbox_TestEvaluationDeltaAddEntry" />    </UnitTest>    <UnitTest name="SalesforceSandbox_TestEvaluationDeltaUpdateEntryWithNoProperties" storage="f:\src\adiam_cloud_nightly_tester\bins\debug\amd64\syncfabric\tests\testruleprocessor\microsoft.activedirectory.connector.test.testruleprocessor.dll" id="d13e5f44-ac9c-f72b-0cff-385f1c33e0f1">      <Execution id="81450e2a-dfbd-408e-a7c6-593bad69c497" />      <TestMethod codeBase="f:\src\Adiam_Cloud_Nightly_Tester\bins\debug\amd64\SyncFabric\Tests\TestRuleProcessor\Microsoft.ActiveDirectory.Connector.Test.TestRuleProcessor.dll" adapterTypeName="Microsoft.VisualStudio.TestTools.TestTypes.Unit.UnitTestAdapter" className="Microsoft.ActiveDirectory.Connector.Test.SalesForceSandboxOutboundDeltaSynchronizationRuleUnitTest" name="SalesforceSandbox_TestEvaluationDeltaUpdateEntryWithNoProperties" />    </UnitTest>    <UnitTest name="SalesforceSandbox_TestEvaluationDeltaAddEntryWithEmptyLast" storage="f:\src\adiam_cloud_nightly_tester\bins\debug\amd64\syncfabric\tests\testruleprocessor\microsoft.activedirectory.connector.test.testruleprocessor.dll" id="c6857374-f4ca-c972-9b8c-9192da29d384">      <Execution id="729eea4c-b696-4ad4-864d-6720d50ff21e" />      <TestMethod codeBase="f:\src\Adiam_Cloud_Nightly_Tester\bins\debug\amd64\SyncFabric\Tests\TestRuleProcessor\Microsoft.ActiveDirectory.Connector.Test.TestRuleProcessor.dll" adapterTypeName="Microsoft.VisualStudio.TestTools.TestTypes.Unit.UnitTestAdapter" className="Microsoft.ActiveDirectory.Connector.Test.SalesForceSandboxOutboundDeltaSynchronizationRuleUnitTest" name="SalesforceSandbox_TestEvaluationDeltaAddEntryWithEmptyLast" />    </UnitTest>    <UnitTest name="SalesforceSandbox_TestEvaluationDeltaAddUpdateEntryWithEmptyLast" storage="f:\src\adiam_cloud_nightly_tester\bins\debug\amd64\syncfabric\tests\testruleprocessor\microsoft.activedirectory.connector.test.testruleprocessor.dll" id="e552f827-28a3-e618-7d69-9b6a4a5837a9">      <Execution id="36253586-f337-4529-b14e-2b894f918d4a" />      <TestMethod codeBase="f:\src\Adiam_Cloud_Nightly_Tester\bins\debug\amd64\SyncFabric\Tests\TestRuleProcessor\Microsoft.ActiveDirectory.Connector.Test.TestRuleProcessor.dll" adapterTypeName="Microsoft.VisualStudio.TestTools.TestTypes.Unit.UnitTestAdapter" className="Microsoft.ActiveDirectory.Connector.Test.SalesForceSandboxOutboundDeltaSynchronizationRuleUnitTest" name="SalesforceSandbox_TestEvaluationDeltaAddUpdateEntryWithEmptyLast" />    </UnitTest>    <UnitTest name="SalesforceSandbox_TestEvaluationDeltaAddUpdateEntrySoftMatchEmail" storage="f:\src\adiam_cloud_nightly_tester\bins\debug\amd64\syncfabric\tests\testruleprocessor\microsoft.activedirectory.connector.test.testruleprocessor.dll" id="bb30121b-75dd-99c1-e175-00f6bd200252">      <Execution id="a35d5883-078f-4f3f-a344-057843ee205c" />      <TestMethod codeBase="f:\src\Adiam_Cloud_Nightly_Tester\bins\debug\amd64\SyncFabric\Tests\TestRuleProcessor\Microsoft.ActiveDirectory.Connector.Test.TestRuleProcessor.dll" adapterTypeName="Microsoft.VisualStudio.TestTools.TestTypes.Unit.UnitTestAdapter" className="Microsoft.ActiveDirectory.Connector.Test.SalesForceSandboxOutboundDeltaSynchronizationRuleUnitTest" name="SalesforceSandbox_TestEvaluationDeltaAddUpdateEntrySoftMatchEmail" />    </UnitTest>    <UnitTest name="SalesforceSandbox_TestEvaluationDeltaAddEntrySoftDeleteReactivation" storage="f:\src\adiam_cloud_nightly_tester\bins\debug\amd64\syncfabric\tests\testruleprocessor\microsoft.activedirectory.connector.test.testruleprocessor.dll" id="a13cfe5a-143d-0ce3-436a-3d02afb6c98d">      <Execution id="abd6038c-d881-4a08-a768-f4057d33d4ba" />      <TestMethod codeBase="f:\src\Adiam_Cloud_Nightly_Tester\bins\debug\amd64\SyncFabric\Tests\TestRuleProcessor\Microsoft.ActiveDirectory.Connector.Test.TestRuleProcessor.dll" adapterTypeName="Microsoft.VisualStudio.TestTools.TestTypes.Unit.UnitTestAdapter" className="Microsoft.ActiveDirectory.Connector.Test.SalesForceSandboxOutboundDeltaSynchronizationRuleUnitTest" name="SalesforceSandbox_TestEvaluationDeltaAddEntrySoftDeleteReactivation" />    </UnitTest>    <UnitTest name="SalesforceSandbox_TestEvaluationDeltaDeleteEntry" storage="f:\src\adiam_cloud_nightly_tester\bins\debug\amd64\syncfabric\tests\testruleprocessor\microsoft.activedirectory.connector.test.testruleprocessor.dll" id="5799fda4-5ed8-b192-d1e6-37760c261b21">      <Execution id="e38394bb-23c7-4655-bddf-c75c80877e90" />      <TestMethod codeBase="f:\src\Adiam_Cloud_Nightly_Tester\bins\debug\amd64\SyncFabric\Tests\TestRuleProcessor\Microsoft.ActiveDirectory.Connector.Test.TestRuleProcessor.dll" adapterTypeName="Microsoft.VisualStudio.TestTools.TestTypes.Unit.UnitTestAdapter" className="Microsoft.ActiveDirectory.Connector.Test.SalesForceSandboxOutboundDeltaSynchronizationRuleUnitTest" name="SalesforceSandbox_TestEvaluationDeltaDeleteEntry" />    </UnitTest>    <UnitTest name="JiveTestEvaluationDeltaUpdateEntryAddModifySingleValued" storage="f:\src\adiam_cloud_nightly_tester\bins\debug\amd64\syncfabric\tests\testruleprocessor\microsoft.activedirectory.connector.test.testruleprocessor.dll" id="6ffc6326-ee2e-2fd1-658f-19cd53cf4b99">      <Execution id="f73509aa-bab1-44e6-97e4-ea4a8f7ca7f2" />      <TestMethod codeBase="f:\src\Adiam_Cloud_Nightly_Tester\bins\debug\amd64\SyncFabric\Tests\TestRuleProcessor\Microsoft.ActiveDirectory.Connector.Test.TestRuleProcessor.dll" adapterTypeName="Microsoft.VisualStudio.TestTools.TestTypes.Unit.UnitTestAdapter" className="Microsoft.ActiveDirectory.Connector.Test.JiveOutboundDeltaSynchronizationRuleUnitTest" name="JiveTestEvaluationDeltaUpdateEntryAddModifySingleValued" />    </UnitTest>    <UnitTest name="JiveTestEvaluationDeltaUpdateEntryJoiningProperty" storage="f:\src\adiam_cloud_nightly_tester\bins\debug\amd64\syncfabric\tests\testruleprocessor\microsoft.activedirectory.connector.test.testruleprocessor.dll" id="6e756866-f482-035c-c92d-6eaa313addc1">      <Execution id="54eec3b9-6cb1-4f0a-a4d2-c619ef7531cf" />      <TestMethod codeBase="f:\src\Adiam_Cloud_Nightly_Tester\bins\debug\amd64\SyncFabric\Tests\TestRuleProcessor\Microsoft.ActiveDirectory.Connector.Test.TestRuleProcessor.dll" adapterTypeName="Microsoft.VisualStudio.TestTools.TestTypes.Unit.UnitTestAdapter" className="Microsoft.ActiveDirectory.Connector.Test.JiveOutboundDeltaSynchronizationRuleUnitTest" name="JiveTestEvaluationDeltaUpdateEntryJoiningProperty" />    </UnitTest>    <UnitTest name="JiveTestEvaluationDeltaAddAndUpdateEntryInSamePage" storage="f:\src\adiam_cloud_nightly_tester\bins\debug\amd64\syncfabric\tests\testruleprocessor\microsoft.activedirectory.connector.test.testruleprocessor.dll" id="34e8b2d1-ec07-9235-70d0-8cfe5f413feb">      <Execution id="9ca4acfc-9066-46e6-8f9c-2d94edfa15d7" />      <TestMethod codeBase="f:\src\Adiam_Cloud_Nightly_Tester\bins\debug\amd64\SyncFabric\Tests\TestRuleProcessor\Microsoft.ActiveDirectory.Connector.Test.TestRuleProcessor.dll" adapterTypeName="Microsoft.VisualStudio.TestTools.TestTypes.Unit.UnitTestAdapter" className="Microsoft.ActiveDirectory.Connector.Test.JiveOutboundDeltaSynchronizationRuleUnitTest" name="JiveTestEvaluationDeltaAddAndUpdateEntryInSamePage" />    </UnitTest>    <UnitTest name="JiveTestEvaluationDeltaUpdateEntryWithIndependentTargetDirectoryUpdateToJoiningProperty" storage="f:\src\adiam_cloud_nightly_tester\bins\debug\amd64\syncfabric\tests\testruleprocessor\microsoft.activedirectory.connector.test.testruleprocessor.dll" id="3017499b-38c0-64e9-550e-c64d4f114a48">      <Execution id="1994dc0a-6ce9-492b-9995-c505c35cb607" />      <TestMethod codeBase="f:\src\Adiam_Cloud_Nightly_Tester\bins\debug\amd64\SyncFabric\Tests\TestRuleProcessor\Microsoft.ActiveDirectory.Connector.Test.TestRuleProcessor.dll" adapterTypeName="Microsoft.VisualStudio.TestTools.TestTypes.Unit.UnitTestAdapter" className="Microsoft.ActiveDirectory.Connector.Test.JiveOutboundDeltaSynchronizationRuleUnitTest" name="JiveTestEvaluationDeltaUpdateEntryWithIndependentTargetDirectoryUpdateToJoiningProperty" />    </UnitTest>    <UnitTest name="JiveTestEvaluationDeltaUpdateEntryNoEntitledAddModifySingleValued" storage="f:\src\adiam_cloud_nightly_tester\bins\debug\amd64\syncfabric\tests\testruleprocessor\microsoft.activedirectory.connector.test.testruleprocessor.dll" id="952c029d-df7c-0071-1a76-7284a18f486c">      <Execution id="2f444759-5ac3-43ca-94f0-a4020afdb3a4" />      <TestMethod codeBase="f:\src\Adiam_Cloud_Nightly_Tester\bins\debug\amd64\SyncFabric\Tests\TestRuleProcessor\Microsoft.ActiveDirectory.Connector.Test.TestRuleProcessor.dll" adapterTypeName="Microsoft.VisualStudio.TestTools.TestTypes.Unit.UnitTestAdapter" className="Microsoft.ActiveDirectory.Connector.Test.JiveOutboundDeltaSynchronizationRuleUnitTest" name="JiveTestEvaluationDeltaUpdateEntryNoEntitledAddModifySingleValued" />    </UnitTest>    <UnitTest name="JiveTestEvaluationDeltaAddEntryAddModifySingleValued" storage="f:\src\adiam_cloud_nightly_tester\bins\debug\amd64\syncfabric\tests\testruleprocessor\microsoft.activedirectory.connector.test.testruleprocessor.dll" id="0d930d5a-5674-621c-a13b-ed02061faa99">      <Execution id="c1c8f95d-3194-428d-a662-7bbb1ccbf11f" />      <TestMethod codeBase="f:\src\Adiam_Cloud_Nightly_Tester\bins\debug\amd64\SyncFabric\Tests\TestRuleProcessor\Microsoft.ActiveDirectory.Connector.Test.TestRuleProcessor.dll" adapterTypeName="Microsoft.VisualStudio.TestTools.TestTypes.Unit.UnitTestAdapter" className="Microsoft.ActiveDirectory.Connector.Test.JiveOutboundDeltaSynchronizationRuleUnitTest" name="JiveTestEvaluationDeltaAddEntryAddModifySingleValued" />    </UnitTest>    <UnitTest name="JiveTestEvaluationDeltaAddEntry" storage="f:\src\adiam_cloud_nightly_tester\bins\debug\amd64\syncfabric\tests\testruleprocessor\microsoft.activedirectory.connector.test.testruleprocessor.dll" id="091337bf-85b5-b841-b436-68e3b6e70561">      <Execution id="b740a75b-1b7a-4146-bd40-d8d5c3b5b856" />      <TestMethod codeBase="f:\src\Adiam_Cloud_Nightly_Tester\bins\debug\amd64\SyncFabric\Tests\TestRuleProcessor\Microsoft.ActiveDirectory.Connector.Test.TestRuleProcessor.dll" adapterTypeName="Microsoft.VisualStudio.TestTools.TestTypes.Unit.UnitTestAdapter" className="Microsoft.ActiveDirectory.Connector.Test.JiveOutboundDeltaSynchronizationRuleUnitTest" name="JiveTestEvaluationDeltaAddEntry" />    </UnitTest>    <UnitTest name="JiveTestEvaluationDeltaAddEntryWithEmptyLast" storage="f:\src\adiam_cloud_nightly_tester\bins\debug\amd64\syncfabric\tests\testruleprocessor\microsoft.activedirectory.connector.test.testruleprocessor.dll" id="eaf97ccf-ef19-7f33-04a4-bf5e20ab7e1e">      <Execution id="54aed78c-8690-498c-960a-a864a950cf30" />      <TestMethod codeBase="f:\src\Adiam_Cloud_Nightly_Tester\bins\debug\amd64\SyncFabric\Tests\TestRuleProcessor\Microsoft.ActiveDirectory.Connector.Test.TestRuleProcessor.dll" adapterTypeName="Microsoft.VisualStudio.TestTools.TestTypes.Unit.UnitTestAdapter" className="Microsoft.ActiveDirectory.Connector.Test.JiveOutboundDeltaSynchronizationRuleUnitTest" name="JiveTestEvaluationDeltaAddEntryWithEmptyLast" />    </UnitTest>    <UnitTest name="JiveTestEvaluationDeltaAddUpdateEntryWithEmptyLast" storage="f:\src\adiam_cloud_nightly_tester\bins\debug\amd64\syncfabric\tests\testruleprocessor\microsoft.activedirectory.connector.test.testruleprocessor.dll" id="b396295e-5023-b10a-8e18-6df79e1b4d7d">      <Execution id="23f2bf4f-5b95-4a20-885c-25df355ef9e3" />      <TestMethod codeBase="f:\src\Adiam_Cloud_Nightly_Tester\bins\debug\amd64\SyncFabric\Tests\TestRuleProcessor\Microsoft.ActiveDirectory.Connector.Test.TestRuleProcessor.dll" adapterTypeName="Microsoft.VisualStudio.TestTools.TestTypes.Unit.UnitTestAdapter" className="Microsoft.ActiveDirectory.Connector.Test.JiveOutboundDeltaSynchronizationRuleUnitTest" name="JiveTestEvaluationDeltaAddUpdateEntryWithEmptyLast" />    </UnitTest>    <UnitTest name="JiveTestEvaluationDeltaAddEntrySoftDeleteReactivation" storage="f:\src\adiam_cloud_nightly_tester\bins\debug\amd64\syncfabric\tests\testruleprocessor\microsoft.activedirectory.connector.test.testruleprocessor.dll" id="3d4889c7-64dd-93f6-2c30-51016d55f4cf">      <Execution id="416c762c-9a73-4691-a426-5904221a71cb" />      <TestMethod codeBase="f:\src\Adiam_Cloud_Nightly_Tester\bins\debug\amd64\SyncFabric\Tests\TestRuleProcessor\Microsoft.ActiveDirectory.Connector.Test.TestRuleProcessor.dll" adapterTypeName="Microsoft.VisualStudio.TestTools.TestTypes.Unit.UnitTestAdapter" className="Microsoft.ActiveDirectory.Connector.Test.JiveOutboundDeltaSynchronizationRuleUnitTest" name="JiveTestEvaluationDeltaAddEntrySoftDeleteReactivation" />    </UnitTest>    <UnitTest name="JiveTestEvaluationDeltaDeleteEntry" storage="f:\src\adiam_cloud_nightly_tester\bins\debug\amd64\syncfabric\tests\testruleprocessor\microsoft.activedirectory.connector.test.testruleprocessor.dll" id="47681b42-15a9-9c7b-a929-e1193ac0421c">      <Execution id="d51aec5e-b12e-496b-8578-478a88f94edb" />      <TestMethod codeBase="f:\src\Adiam_Cloud_Nightly_Tester\bins\debug\amd64\SyncFabric\Tests\TestRuleProcessor\Microsoft.ActiveDirectory.Connector.Test.TestRuleProcessor.dll" adapterTypeName="Microsoft.VisualStudio.TestTools.TestTypes.Unit.UnitTestAdapter" className="Microsoft.ActiveDirectory.Connector.Test.JiveOutboundDeltaSynchronizationRuleUnitTest" name="JiveTestEvaluationDeltaDeleteEntry" />    </UnitTest>    <UnitTest name="Docusign_TestEvaluationDeltaRuleAddEntriesFullImport" storage="f:\src\adiam_cloud_nightly_tester\bins\debug\amd64\syncfabric\tests\testruleprocessor\microsoft.activedirectory.connector.test.testruleprocessor.dll" id="85748b08-7dc9-64b7-3b53-8114bfc53f7d">      <Execution id="6698e476-dde2-42f8-82f6-d4f95962ee07" />      <TestMethod codeBase="f:\src\Adiam_Cloud_Nightly_Tester\bins\debug\amd64\SyncFabric\Tests\TestRuleProcessor\Microsoft.ActiveDirectory.Connector.Test.TestRuleProcessor.dll" adapterTypeName="Microsoft.VisualStudio.TestTools.TestTypes.Unit.UnitTestAdapter" className="Microsoft.ActiveDirectory.Connector.Test.DocuSignOutboundDeltaSyncRuleUnitTest" name="Docusign_TestEvaluationDeltaRuleAddEntriesFullImport" />    </UnitTest>    <UnitTest name="Docusign_TestEvaluationDeltaRuleAddEntry" storage="f:\src\adiam_cloud_nightly_tester\bins\debug\amd64\syncfabric\tests\testruleprocessor\microsoft.activedirectory.connector.test.testruleprocessor.dll" id="5162f402-29f5-262c-91de-627391be3a72">      <Execution id="b3946703-e4d9-416c-97ba-4fc8cef5e1d3" />      <TestMethod codeBase="f:\src\Adiam_Cloud_Nightly_Tester\bins\debug\amd64\SyncFabric\Tests\TestRuleProcessor\Microsoft.ActiveDirectory.Connector.Test.TestRuleProcessor.dll" adapterTypeName="Microsoft.VisualStudio.TestTools.TestTypes.Unit.UnitTestAdapter" className="Microsoft.ActiveDirectory.Connector.Test.DocuSignOutboundDeltaSyncRuleUnitTest" name="Docusign_TestEvaluationDeltaRuleAddEntry" />    </UnitTest>    <UnitTest name="Docusign_TestEvaluationAddEntryWithIgnorableProperties" storage="f:\src\adiam_cloud_nightly_tester\bins\debug\amd64\syncfabric\tests\testruleprocessor\microsoft.activedirectory.connector.test.testruleprocessor.dll" id="8b88ae79-ba8c-368b-c8b4-a1e8180902d4">      <Execution id="224acc76-2d1b-475e-87da-06aec881e380" />      <TestMethod codeBase="f:\src\Adiam_Cloud_Nightly_Tester\bins\debug\amd64\SyncFabric\Tests\TestRuleProcessor\Microsoft.ActiveDirectory.Connector.Test.TestRuleProcessor.dll" adapterTypeName="Microsoft.VisualStudio.TestTools.TestTypes.Unit.UnitTestAdapter" className="Microsoft.ActiveDirectory.Connector.Test.DocuSignOutboundDeltaSyncRuleUnitTest" name="Docusign_TestEvaluationAddEntryWithIgnorableProperties" />    </UnitTest>    <UnitTest name="Docusign_TestEvaluationDeltaRuleUpdateEntry" storage="f:\src\adiam_cloud_nightly_tester\bins\debug\amd64\syncfabric\tests\testruleprocessor\microsoft.activedirectory.connector.test.testruleprocessor.dll" id="3d8365c0-0f15-3f62-703a-11d9cbdffa3a">      <Execution id="dba8b213-4282-4923-9108-2e7ceea1c724" />      <TestMethod codeBase="f:\src\Adiam_Cloud_Nightly_Tester\bins\debug\amd64\SyncFabric\Tests\TestRuleProcessor\Microsoft.ActiveDirectory.Connector.Test.TestRuleProcessor.dll" adapterTypeName="Microsoft.VisualStudio.TestTools.TestTypes.Unit.UnitTestAdapter" className="Microsoft.ActiveDirectory.Connector.Test.DocuSignOutboundDeltaSyncRuleUnitTest" name="Docusign_TestEvaluationDeltaRuleUpdateEntry" />    </UnitTest>    <UnitTest name="Docusign_TestEvaluationDeltaRuleUpdateEntryJoiningProperty" storage="f:\src\adiam_cloud_nightly_tester\bins\debug\amd64\syncfabric\tests\testruleprocessor\microsoft.activedirectory.connector.test.testruleprocessor.dll" id="95457a60-b298-1c36-92a6-31b400395a2f">      <Execution id="21f7fae3-ebc0-4604-9843-2f7645feee17" />      <TestMethod codeBase="f:\src\Adiam_Cloud_Nightly_Tester\bins\debug\amd64\SyncFabric\Tests\TestRuleProcessor\Microsoft.ActiveDirectory.Connector.Test.TestRuleProcessor.dll" adapterTypeName="Microsoft.VisualStudio.TestTools.TestTypes.Unit.UnitTestAdapter" className="Microsoft.ActiveDirectory.Connector.Test.DocuSignOutboundDeltaSyncRuleUnitTest" name="Docusign_TestEvaluationDeltaRuleUpdateEntryJoiningProperty" />    </UnitTest>    <UnitTest name="Docusign_TestEvaluationDeltaRuleAddEntryRequiredFieldsAsMissing" storage="f:\src\adiam_cloud_nightly_tester\bins\debug\amd64\syncfabric\tests\testruleprocessor\microsoft.activedirectory.connector.test.testruleprocessor.dll" id="d7e373c2-9659-4f2a-6daf-4d79aaa69015">      <Execution id="226d08a5-dcca-45c7-a69c-48490bb14c4e" />      <TestMethod codeBase="f:\src\Adiam_Cloud_Nightly_Tester\bins\debug\amd64\SyncFabric\Tests\TestRuleProcessor\Microsoft.ActiveDirectory.Connector.Test.TestRuleProcessor.dll" adapterTypeName="Microsoft.VisualStudio.TestTools.TestTypes.Unit.UnitTestAdapter" className="Microsoft.ActiveDirectory.Connector.Test.DocuSignOutboundDeltaSyncRuleUnitTest" name="Docusign_TestEvaluationDeltaRuleAddEntryRequiredFieldsAsMissing" />    </UnitTest>    <UnitTest name="Docusign_TestEvaluationDeltaRuleUpdateEntryRequiredFieldsAsMissing" storage="f:\src\adiam_cloud_nightly_tester\bins\debug\amd64\syncfabric\tests\testruleprocessor\microsoft.activedirectory.connector.test.testruleprocessor.dll" id="d6d8a4b0-d6c2-3a37-54f3-f8cced528ca8">      <Execution id="e11f925e-e736-4e34-b40e-a9fd6e9327f6" />      <TestMethod codeBase="f:\src\Adiam_Cloud_Nightly_Tester\bins\debug\amd64\SyncFabric\Tests\TestRuleProcessor\Microsoft.ActiveDirectory.Connector.Test.TestRuleProcessor.dll" adapterTypeName="Microsoft.VisualStudio.TestTools.TestTypes.Unit.UnitTestAdapter" className="Microsoft.ActiveDirectory.Connector.Test.DocuSignOutboundDeltaSyncRuleUnitTest" name="Docusign_TestEvaluationDeltaRuleUpdateEntryRequiredFieldsAsMissing" />    </UnitTest>    <UnitTest name="Docusign_TestEvaluationDeltaRuleDeleteEntry" storage="f:\src\adiam_cloud_nightly_tester\bins\debug\amd64\syncfabric\tests\testruleprocessor\microsoft.activedirectory.connector.test.testruleprocessor.dll" id="b792b0dd-b3be-a3f1-3bcd-c107590d6fc8">      <Execution id="e70c336e-5fee-48b7-9a12-5353bcc2fba6" />      <TestMethod codeBase="f:\src\Adiam_Cloud_Nightly_Tester\bins\debug\amd64\SyncFabric\Tests\TestRuleProcessor\Microsoft.ActiveDirectory.Connector.Test.TestRuleProcessor.dll" adapterTypeName="Microsoft.VisualStudio.TestTools.TestTypes.Unit.UnitTestAdapter" className="Microsoft.ActiveDirectory.Connector.Test.DocuSignOutboundDeltaSyncRuleUnitTest" name="Docusign_TestEvaluationDeltaRuleDeleteEntry" />    </UnitTest>    <UnitTest name="TestLookupResolution" storage="f:\src\adiam_cloud_nightly_tester\bins\debug\amd64\syncfabric\tests\testruleprocessor\microsoft.activedirectory.connector.test.testruleprocessor.dll" id="91a628cf-6390-b172-ec50-f63ad9c3c70a">      <Execution id="2dfae999-fac7-4e39-995b-a550f8fbc955" />      <TestMethod codeBase="f:\src\Adiam_Cloud_Nightly_Tester\bins\debug\amd64\SyncFabric\Tests\TestRuleProcessor\Microsoft.ActiveDirectory.Connector.Test.TestRuleProcessor.dll" adapterTypeName="Microsoft.VisualStudio.TestTools.TestTypes.Unit.UnitTestAdapter" className="Microsoft.ActiveDirectory.Connector.Test.LookupResolverUnitTest" name="TestLookupResolution" />    </UnitTest>    <UnitTest name="TestMinimizingExports" storage="f:\src\adiam_cloud_nightly_tester\bins\debug\amd64\syncfabric\tests\testruleprocessor\microsoft.activedirectory.connector.test.testruleprocessor.dll" id="5227561d-0c30-e557-2058-442448cccced">      <Execution id="2becc5ae-9b29-486b-8c96-7cb06c769945" />      <TestMethod codeBase="f:\src\Adiam_Cloud_Nightly_Tester\bins\debug\amd64\SyncFabric\Tests\TestRuleProcessor\Microsoft.ActiveDirectory.Connector.Test.TestRuleProcessor.dll" adapterTypeName="Microsoft.VisualStudio.TestTools.TestTypes.Unit.UnitTestAdapter" className="Microsoft.ActiveDirectory.Connector.Test.LookupResolverUnitTest" name="TestMinimizingExports" />    </UnitTest>    <UnitTest name="TestMinimizingExports" storage="f:\src\adiam_cloud_nightly_tester\bins\debug\amd64\syncfabric\tests\testruleprocessor\microsoft.activedirectory.connector.test.testruleprocessor.dll" id="6065a504-a92c-35a8-bdda-2f7c8a7a04be">      <Execution id="f8b44914-f1a1-4c05-a73d-022efc396c75" />      <TestMethod codeBase="f:\src\Adiam_Cloud_Nightly_Tester\bins\debug\amd64\SyncFabric\Tests\TestRuleProcessor\Microsoft.ActiveDirectory.Connector.Test.TestRuleProcessor.dll" adapterTypeName="Microsoft.VisualStudio.TestTools.TestTypes.Unit.UnitTestAdapter" className="Microsoft.ActiveDirectory.Connector.Test.ReferenceResolverSyncRuleDeltaUnitTest" name="TestMinimizingExports" />    </UnitTest>    <UnitTest name="TestResolvingReferencesAgainstExportedEntries" storage="f:\src\adiam_cloud_nightly_tester\bins\debug\amd64\syncfabric\tests\testruleprocessor\microsoft.activedirectory.connector.test.testruleprocessor.dll" id="f1ecc676-796a-bab7-4397-5b1a209a370e">      <Execution id="eb0d4be0-c75d-409b-8aa6-a3f55e9d8d39" />      <TestMethod codeBase="f:\src\Adiam_Cloud_Nightly_Tester\bins\debug\amd64\SyncFabric\Tests\TestRuleProcessor\Microsoft.ActiveDirectory.Connector.Test.TestRuleProcessor.dll" adapterTypeName="Microsoft.VisualStudio.TestTools.TestTypes.Unit.UnitTestAdapter" className="Microsoft.ActiveDirectory.Connector.Test.ReferenceResolverSyncRuleDeltaUnitTest" name="TestResolvingReferencesAgainstExportedEntries" />    </UnitTest>    <UnitTest name="TestResolvingReferencesAgainstExportingAddEntries" storage="f:\src\adiam_cloud_nightly_tester\bins\debug\amd64\syncfabric\tests\testruleprocessor\microsoft.activedirectory.connector.test.testruleprocessor.dll" id="9d4e3f4b-b86d-ac90-281e-a3304ca44c7a">      <Execution id="9ea252e0-5a90-439d-aece-1b5171d89bd2" />      <TestMethod codeBase="f:\src\Adiam_Cloud_Nightly_Tester\bins\debug\amd64\SyncFabric\Tests\TestRuleProcessor\Microsoft.ActiveDirectory.Connector.Test.TestRuleProcessor.dll" adapterTypeName="Microsoft.VisualStudio.TestTools.TestTypes.Unit.UnitTestAdapter" className="Microsoft.ActiveDirectory.Connector.Test.ReferenceResolverSyncRuleDeltaUnitTest" name="TestResolvingReferencesAgainstExportingAddEntries" />    </UnitTest>    <UnitTest name="TestResolvingReferencesAgainstExportingUpdateEntries" storage="f:\src\adiam_cloud_nightly_tester\bins\debug\amd64\syncfabric\tests\testruleprocessor\microsoft.activedirectory.connector.test.testruleprocessor.dll" id="2e900f6c-f222-7463-9386-904886bc3987">      <Execution id="544be4d0-2565-4650-963c-0be70600ee66" />      <TestMethod codeBase="f:\src\Adiam_Cloud_Nightly_Tester\bins\debug\amd64\SyncFabric\Tests\TestRuleProcessor\Microsoft.ActiveDirectory.Connector.Test.TestRuleProcessor.dll" adapterTypeName="Microsoft.VisualStudio.TestTools.TestTypes.Unit.UnitTestAdapter" className="Microsoft.ActiveDirectory.Connector.Test.ReferenceResolverSyncRuleDeltaUnitTest" name="TestResolvingReferencesAgainstExportingUpdateEntries" />    </UnitTest>    <UnitTest name="TestResolvingReferencesAgainstExportingAddAndUpdateSameEntry" storage="f:\src\adiam_cloud_nightly_tester\bins\debug\amd64\syncfabric\tests\testruleprocessor\microsoft.activedirectory.connector.test.testruleprocessor.dll" id="cead4fa1-0663-8c43-4ad1-6fe47f1fad71">      <Execution id="6cb806e5-6ea4-45cb-b764-0128d2edd10e" />      <TestMethod codeBase="f:\src\Adiam_Cloud_Nightly_Tester\bins\debug\amd64\SyncFabric\Tests\TestRuleProcessor\Microsoft.ActiveDirectory.Connector.Test.TestRuleProcessor.dll" adapterTypeName="Microsoft.VisualStudio.TestTools.TestTypes.Unit.UnitTestAdapter" className="Microsoft.ActiveDirectory.Connector.Test.ReferenceResolverSyncRuleDeltaUnitTest" name="TestResolvingReferencesAgainstExportingAddAndUpdateSameEntry" />    </UnitTest>    <UnitTest name="TestResolvingReferencesAgainstUnexportableEntries" storage="f:\src\adiam_cloud_nightly_tester\bins\debug\amd64\syncfabric\tests\testruleprocessor\microsoft.activedirectory.connector.test.testruleprocessor.dll" id="832ac897-24f2-4376-a38f-7a7babe3ddd0">      <Execution id="0d0394fb-55be-4d1b-9eae-cfc204ddb7f7" />      <TestMethod codeBase="f:\src\Adiam_Cloud_Nightly_Tester\bins\debug\amd64\SyncFabric\Tests\TestRuleProcessor\Microsoft.ActiveDirectory.Connector.Test.TestRuleProcessor.dll" adapterTypeName="Microsoft.VisualStudio.TestTools.TestTypes.Unit.UnitTestAdapter" className="Microsoft.ActiveDirectory.Connector.Test.ReferenceResolverSyncRuleDeltaUnitTest" name="TestResolvingReferencesAgainstUnexportableEntries" />    </UnitTest>    <UnitTest name="TestResolvingReferencesAgainstUnexportedEntries" storage="f:\src\adiam_cloud_nightly_tester\bins\debug\amd64\syncfabric\tests\testruleprocessor\microsoft.activedirectory.connector.test.testruleprocessor.dll" id="ee292ed4-7a55-7777-699a-a518b7cfd1ca">      <Execution id="8565741b-cd06-4c3f-b9d7-3bb9a3648e02" />      <TestMethod codeBase="f:\src\Adiam_Cloud_Nightly_Tester\bins\debug\amd64\SyncFabric\Tests\TestRuleProcessor\Microsoft.ActiveDirectory.Connector.Test.TestRuleProcessor.dll" adapterTypeName="Microsoft.VisualStudio.TestTools.TestTypes.Unit.UnitTestAdapter" className="Microsoft.ActiveDirectory.Connector.Test.ReferenceResolverSyncRuleDeltaUnitTest" name="TestResolvingReferencesAgainstUnexportedEntries" />    </UnitTest>    <UnitTest name="TestReferenceResolutionFailure" storage="f:\src\adiam_cloud_nightly_tester\bins\debug\amd64\syncfabric\tests\testruleprocessor\microsoft.activedirectory.connector.test.testruleprocessor.dll" id="cc4fe52d-0f69-5c52-bdec-2608a267a54e">      <Execution id="d71e5494-591d-409c-849d-7911823e652a" />      <TestMethod codeBase="f:\src\Adiam_Cloud_Nightly_Tester\bins\debug\amd64\SyncFabric\Tests\TestRuleProcessor\Microsoft.ActiveDirectory.Connector.Test.TestRuleProcessor.dll" adapterTypeName="Microsoft.VisualStudio.TestTools.TestTypes.Unit.UnitTestAdapter" className="Microsoft.ActiveDirectory.Connector.Test.ReferenceResolverSyncRuleDeltaUnitTest" name="TestReferenceResolutionFailure" />    </UnitTest>    <UnitTest name="TestResolvingReferencesAgainstExportedEntries" storage="f:\src\adiam_cloud_nightly_tester\bins\debug\amd64\syncfabric\tests\testruleprocessor\microsoft.activedirectory.connector.test.testruleprocessor.dll" id="a19eaff0-c5e9-eddf-7936-97254f10056a">      <Execution id="72a97f82-823f-40ac-a017-48a0cf400dcb" />      <TestMethod codeBase="f:\src\Adiam_Cloud_Nightly_Tester\bins\debug\amd64\SyncFabric\Tests\TestRuleProcessor\Microsoft.ActiveDirectory.Connector.Test.TestRuleProcessor.dll" adapterTypeName="Microsoft.VisualStudio.TestTools.TestTypes.Unit.UnitTestAdapter" className="Microsoft.ActiveDirectory.Connector.Test.ReferenceResolverSyncRuleFullUnitTest" name="TestResolvingReferencesAgainstExportedEntries" />    </UnitTest>    <UnitTest name="TestResolvingReferencesAgainstExportingAddEntries" storage="f:\src\adiam_cloud_nightly_tester\bins\debug\amd64\syncfabric\tests\testruleprocessor\microsoft.activedirectory.connector.test.testruleprocessor.dll" id="4169e968-29c7-4101-5a8e-fc0103ed595d">      <Execution id="ede3f9d5-a46f-43a8-b3e4-e030fc3c5558" />      <TestMethod codeBase="f:\src\Adiam_Cloud_Nightly_Tester\bins\debug\amd64\SyncFabric\Tests\TestRuleProcessor\Microsoft.ActiveDirectory.Connector.Test.TestRuleProcessor.dll" adapterTypeName="Microsoft.VisualStudio.TestTools.TestTypes.Unit.UnitTestAdapter" className="Microsoft.ActiveDirectory.Connector.Test.ReferenceResolverSyncRuleFullUnitTest" name="TestResolvingReferencesAgainstExportingAddEntries" />    </UnitTest>    <UnitTest name="TestResolvingReferencesAgainstExportingUpdateEntries" storage="f:\src\adiam_cloud_nightly_tester\bins\debug\amd64\syncfabric\tests\testruleprocessor\microsoft.activedirectory.connector.test.testruleprocessor.dll" id="268b44ec-1a76-f505-10e8-530521ddd1b7">      <Execution id="48714f25-613e-4b32-a666-e971c05fcff6" />      <TestMethod codeBase="f:\src\Adiam_Cloud_Nightly_Tester\bins\debug\amd64\SyncFabric\Tests\TestRuleProcessor\Microsoft.ActiveDirectory.Connector.Test.TestRuleProcessor.dll" adapterTypeName="Microsoft.VisualStudio.TestTools.TestTypes.Unit.UnitTestAdapter" className="Microsoft.ActiveDirectory.Connector.Test.ReferenceResolverSyncRuleFullUnitTest" name="TestResolvingReferencesAgainstExportingUpdateEntries" />    </UnitTest>    <UnitTest name="TestResolvingReferencesAgainstUnexportableEntries" storage="f:\src\adiam_cloud_nightly_tester\bins\debug\amd64\syncfabric\tests\testruleprocessor\microsoft.activedirectory.connector.test.testruleprocessor.dll" id="74f2ae45-7b48-2f5e-bfc5-8f6ebec21a81">      <Execution id="0b63005c-4427-4c11-8828-b014ac0e9c09" />      <TestMethod codeBase="f:\src\Adiam_Cloud_Nightly_Tester\bins\debug\amd64\SyncFabric\Tests\TestRuleProcessor\Microsoft.ActiveDirectory.Connector.Test.TestRuleProcessor.dll" adapterTypeName="Microsoft.VisualStudio.TestTools.TestTypes.Unit.UnitTestAdapter" className="Microsoft.ActiveDirectory.Connector.Test.ReferenceResolverSyncRuleFullUnitTest" name="TestResolvingReferencesAgainstUnexportableEntries" />    </UnitTest>    <UnitTest name="TestResolvingReferencesAgainstUnexportedEntries" storage="f:\src\adiam_cloud_nightly_tester\bins\debug\amd64\syncfabric\tests\testruleprocessor\microsoft.activedirectory.connector.test.testruleprocessor.dll" id="c55c81cb-28de-ac89-2db8-1e7748a3a754">      <Execution id="6f378534-2b35-4ad9-a1d0-e2134c02b58f" />      <TestMethod codeBase="f:\src\Adiam_Cloud_Nightly_Tester\bins\debug\amd64\SyncFabric\Tests\TestRuleProcessor\Microsoft.ActiveDirectory.Connector.Test.TestRuleProcessor.dll" adapterTypeName="Microsoft.VisualStudio.TestTools.TestTypes.Unit.UnitTestAdapter" className="Microsoft.ActiveDirectory.Connector.Test.ReferenceResolverSyncRuleFullUnitTest" name="TestResolvingReferencesAgainstUnexportedEntries" />    </UnitTest>    <UnitTest name="TestReferenceResolutionFailure" storage="f:\src\adiam_cloud_nightly_tester\bins\debug\amd64\syncfabric\tests\testruleprocessor\microsoft.activedirectory.connector.test.testruleprocessor.dll" id="989fb13e-274d-68fb-9b69-f09b6c7aece1">      <Execution id="676c9510-7c8e-49f0-83a6-bdf3dc7261ac" />      <TestMethod codeBase="f:\src\Adiam_Cloud_Nightly_Tester\bins\debug\amd64\SyncFabric\Tests\TestRuleProcessor\Microsoft.ActiveDirectory.Connector.Test.TestRuleProcessor.dll" adapterTypeName="Microsoft.VisualStudio.TestTools.TestTypes.Unit.UnitTestAdapter" className="Microsoft.ActiveDirectory.Connector.Test.ReferenceResolverSyncRuleFullUnitTest" name="TestReferenceResolutionFailure" />    </UnitTest>    <UnitTest name="TestEvaluationDeltaRuleAddEntriesFullImport" storage="f:\src\adiam_cloud_nightly_tester\bins\debug\amd64\syncfabric\tests\testruleprocessor\microsoft.activedirectory.connector.test.testruleprocessor.dll" id="ec1d30da-b7c7-a747-648b-5c33fe6ed928">      <Execution id="c81a4324-8291-4f0f-b785-922eb83e1abe" />      <TestMethod codeBase="f:\src\Adiam_Cloud_Nightly_Tester\bins\debug\amd64\SyncFabric\Tests\TestRuleProcessor\Microsoft.ActiveDirectory.Connector.Test.TestRuleProcessor.dll" adapterTypeName="Microsoft.VisualStudio.TestTools.TestTypes.Unit.UnitTestAdapter" className="Microsoft.ActiveDirectory.Connector.Test.NetSuiteOutboundDeltaSyncRuleUnitTest" name="TestEvaluationDeltaRuleAddEntriesFullImport" />    </UnitTest>    <UnitTest name="TestEvaluationDeltaRuleAddEntry" storage="f:\src\adiam_cloud_nightly_tester\bins\debug\amd64\syncfabric\tests\testruleprocessor\microsoft.activedirectory.connector.test.testruleprocessor.dll" id="a345d540-91fb-da11-9330-90ce41adb41e">      <Execution id="6abdb2cf-0d8d-4368-8a89-66493131c2b5" />      <TestMethod codeBase="f:\src\Adiam_Cloud_Nightly_Tester\bins\debug\amd64\SyncFabric\Tests\TestRuleProcessor\Microsoft.ActiveDirectory.Connector.Test.TestRuleProcessor.dll" adapterTypeName="Microsoft.VisualStudio.TestTools.TestTypes.Unit.UnitTestAdapter" className="Microsoft.ActiveDirectory.Connector.Test.NetSuiteOutboundDeltaSyncRuleUnitTest" name="TestEvaluationDeltaRuleAddEntry" />    </UnitTest>    <UnitTest name="TestEvaluationDeltaRuleUpdateEntry" storage="f:\src\adiam_cloud_nightly_tester\bins\debug\amd64\syncfabric\tests\testruleprocessor\microsoft.activedirectory.connector.test.testruleprocessor.dll" id="99b1c96f-b7b0-7844-aacc-15cb99429656">      <Execution id="321a1499-725f-4b13-9138-d190046c7b41" />      <TestMethod codeBase="f:\src\Adiam_Cloud_Nightly_Tester\bins\debug\amd64\SyncFabric\Tests\TestRuleProcessor\Microsoft.ActiveDirectory.Connector.Test.TestRuleProcessor.dll" adapterTypeName="Microsoft.VisualStudio.TestTools.TestTypes.Unit.UnitTestAdapter" className="Microsoft.ActiveDirectory.Connector.Test.NetSuiteOutboundDeltaSyncRuleUnitTest" name="TestEvaluationDeltaRuleUpdateEntry" />    </UnitTest>    <UnitTest name="TestEvaluationDeltaRuleAddEntryRequiredFieldsAsMissing" storage="f:\src\adiam_cloud_nightly_tester\bins\debug\amd64\syncfabric\tests\testruleprocessor\microsoft.activedirectory.connector.test.testruleprocessor.dll" id="33aeeeb2-14ab-6cb4-8c56-33c7ed859282">      <Execution id="0c89d0c3-c932-49f8-9083-cf94a45d7093" />      <TestMethod codeBase="f:\src\Adiam_Cloud_Nightly_Tester\bins\debug\amd64\SyncFabric\Tests\TestRuleProcessor\Microsoft.ActiveDirectory.Connector.Test.TestRuleProcessor.dll" adapterTypeName="Microsoft.VisualStudio.TestTools.TestTypes.Unit.UnitTestAdapter" className="Microsoft.ActiveDirectory.Connector.Test.NetSuiteOutboundDeltaSyncRuleUnitTest" name="TestEvaluationDeltaRuleAddEntryRequiredFieldsAsMissing" />    </UnitTest>    <UnitTest name="TestEvaluationDeltaRuleUpdateEntryRequiredFieldsAsMissing" storage="f:\src\adiam_cloud_nightly_tester\bins\debug\amd64\syncfabric\tests\testruleprocessor\microsoft.activedirectory.connector.test.testruleprocessor.dll" id="69e4e5f6-4617-ddeb-f5c0-0df9ec15f089">      <Execution id="e5145bdf-f125-4a05-9e2d-0901162708a9" />      <TestMethod codeBase="f:\src\Adiam_Cloud_Nightly_Tester\bins\debug\amd64\SyncFabric\Tests\TestRuleProcessor\Microsoft.ActiveDirectory.Connector.Test.TestRuleProcessor.dll" adapterTypeName="Microsoft.VisualStudio.TestTools.TestTypes.Unit.UnitTestAdapter" className="Microsoft.ActiveDirectory.Connector.Test.NetSuiteOutboundDeltaSyncRuleUnitTest" name="TestEvaluationDeltaRuleUpdateEntryRequiredFieldsAsMissing" />    </UnitTest>    <UnitTest name="TestEvaluationDeltaRuleDeleteEntry" storage="f:\src\adiam_cloud_nightly_tester\bins\debug\amd64\syncfabric\tests\testruleprocessor\microsoft.activedirectory.connector.test.testruleprocessor.dll" id="dc8d6ebb-9235-1b29-f2bf-247a86c5d2d5">      <Execution id="e9d57bc3-2f99-417c-a091-c5a5760746a5" />      <TestMethod codeBase="f:\src\Adiam_Cloud_Nightly_Tester\bins\debug\amd64\SyncFabric\Tests\TestRuleProcessor\Microsoft.ActiveDirectory.Connector.Test.TestRuleProcessor.dll" adapterTypeName="Microsoft.VisualStudio.TestTools.TestTypes.Unit.UnitTestAdapter" className="Microsoft.ActiveDirectory.Connector.Test.NetSuiteOutboundDeltaSyncRuleUnitTest" name="TestEvaluationDeltaRuleDeleteEntry" />    </UnitTest>    <UnitTest name="TestEvaluationAddEntriesFullImport" storage="f:\src\adiam_cloud_nightly_tester\bins\debug\amd64\syncfabric\tests\testruleprocessor\microsoft.activedirectory.connector.test.testruleprocessor.dll" id="11da0646-c7f5-7d32-4d0f-bea367d7b422">      <Execution id="28f45b0e-71bc-4e32-8e9e-643b4c723da2" />      <TestMethod codeBase="f:\src\Adiam_Cloud_Nightly_Tester\bins\debug\amd64\SyncFabric\Tests\TestRuleProcessor\Microsoft.ActiveDirectory.Connector.Test.TestRuleProcessor.dll" adapterTypeName="Microsoft.VisualStudio.TestTools.TestTypes.Unit.UnitTestAdapter" className="Microsoft.ActiveDirectory.Connector.Test.NetSuiteOutboundSynchronizationRuleUnitTest" name="TestEvaluationAddEntriesFullImport" />    </UnitTest>    <UnitTest name="TestEvaluationAddEntry" storage="f:\src\adiam_cloud_nightly_tester\bins\debug\amd64\syncfabric\tests\testruleprocessor\microsoft.activedirectory.connector.test.testruleprocessor.dll" id="ee866577-d015-1c98-5ff2-3dfa2a28b7ba">      <Execution id="738f71f6-b48a-49f5-823c-c19eed647b75" />      <TestMethod codeBase="f:\src\Adiam_Cloud_Nightly_Tester\bins\debug\amd64\SyncFabric\Tests\TestRuleProcessor\Microsoft.ActiveDirectory.Connector.Test.TestRuleProcessor.dll" adapterTypeName="Microsoft.VisualStudio.TestTools.TestTypes.Unit.UnitTestAdapter" className="Microsoft.ActiveDirectory.Connector.Test.NetSuiteOutboundSynchronizationRuleUnitTest" name="TestEvaluationAddEntry" />    </UnitTest>    <UnitTest name="TestEvaluationAddEntryWithRequiredFieldsAsEmpty" storage="f:\src\adiam_cloud_nightly_tester\bins\debug\amd64\syncfabric\tests\testruleprocessor\microsoft.activedirectory.connector.test.testruleprocessor.dll" id="167f0931-9689-51f3-a3ba-2cfe36f8bde4">      <Execution id="21259861-687c-4038-ab4a-2ddf6fd2cdf5" />      <TestMethod codeBase="f:\src\Adiam_Cloud_Nightly_Tester\bins\debug\amd64\SyncFabric\Tests\TestRuleProcessor\Microsoft.ActiveDirectory.Connector.Test.TestRuleProcessor.dll" adapterTypeName="Microsoft.VisualStudio.TestTools.TestTypes.Unit.UnitTestAdapter" className="Microsoft.ActiveDirectory.Connector.Test.NetSuiteOutboundSynchronizationRuleUnitTest" name="TestEvaluationAddEntryWithRequiredFieldsAsEmpty" />    </UnitTest>    <UnitTest name="TestEvaluationUpdateEntryWithRequiredFieldsAsEmpty" storage="f:\src\adiam_cloud_nightly_tester\bins\debug\amd64\syncfabric\tests\testruleprocessor\microsoft.activedirectory.connector.test.testruleprocessor.dll" id="2ce5b921-6348-0da7-d91e-f8945c46a0ca">      <Execution id="b5d49dc0-0772-4563-adfb-cac7cdf16e37" />      <TestMethod codeBase="f:\src\Adiam_Cloud_Nightly_Tester\bins\debug\amd64\SyncFabric\Tests\TestRuleProcessor\Microsoft.ActiveDirectory.Connector.Test.TestRuleProcessor.dll" adapterTypeName="Microsoft.VisualStudio.TestTools.TestTypes.Unit.UnitTestAdapter" className="Microsoft.ActiveDirectory.Connector.Test.NetSuiteOutboundSynchronizationRuleUnitTest" name="TestEvaluationUpdateEntryWithRequiredFieldsAsEmpty" />    </UnitTest>    <UnitTest name="TestEvaluationDeleteEntry" storage="f:\src\adiam_cloud_nightly_tester\bins\debug\amd64\syncfabric\tests\testruleprocessor\microsoft.activedirectory.connector.test.testruleprocessor.dll" id="b918301d-50a2-2839-8203-268dedb44412">      <Execution id="a2e3ac54-112f-4000-a3db-05e225941a59" />      <TestMethod codeBase="f:\src\Adiam_Cloud_Nightly_Tester\bins\debug\amd64\SyncFabric\Tests\TestRuleProcessor\Microsoft.ActiveDirectory.Connector.Test.TestRuleProcessor.dll" adapterTypeName="Microsoft.VisualStudio.TestTools.TestTypes.Unit.UnitTestAdapter" className="Microsoft.ActiveDirectory.Connector.Test.NetSuiteOutboundSynchronizationRuleUnitTest" name="TestEvaluationDeleteEntry" />    </UnitTest>    <UnitTest name="TestEvaluationUpdateEntry" storage="f:\src\adiam_cloud_nightly_tester\bins\debug\amd64\syncfabric\tests\testruleprocessor\microsoft.activedirectory.connector.test.testruleprocessor.dll" id="808993b3-9819-5267-21ac-0abf2a5f56e3">      <Execution id="752d6414-0478-411d-9f93-63d8a986d9e1" />      <TestMethod codeBase="f:\src\Adiam_Cloud_Nightly_Tester\bins\debug\amd64\SyncFabric\Tests\TestRuleProcessor\Microsoft.ActiveDirectory.Connector.Test.TestRuleProcessor.dll" adapterTypeName="Microsoft.VisualStudio.TestTools.TestTypes.Unit.UnitTestAdapter" className="Microsoft.ActiveDirectory.Connector.Test.NetSuiteOutboundSynchronizationRuleUnitTest" name="TestEvaluationUpdateEntry" />    </UnitTest>    <UnitTest name="DropboxOutboundDeltaSynchronizationRuleUnitTestEvaluationAddEntry" storage="f:\src\adiam_cloud_nightly_tester\bins\debug\amd64\syncfabric\tests\testruleprocessor\microsoft.activedirectory.connector.test.testruleprocessor.dll" id="349cdd52-dfc2-b5ae-f6a7-0e08413771f9">      <Execution id="46949304-5ea3-44be-bfc5-cef6955fa9d2" />      <TestMethod codeBase="f:\src\Adiam_Cloud_Nightly_Tester\bins\debug\amd64\SyncFabric\Tests\TestRuleProcessor\Microsoft.ActiveDirectory.Connector.Test.TestRuleProcessor.dll" adapterTypeName="Microsoft.VisualStudio.TestTools.TestTypes.Unit.UnitTestAdapter" className="Microsoft.ActiveDirectory.Connector.Test.DropboxOutboundDeltaSynchronizationRuleUnitTest" name="DropboxOutboundDeltaSynchronizationRuleUnitTestEvaluationAddEntry" />    </UnitTest>    <UnitTest name="DropboxOutboundDeltaSynchronizationRuleUnitTestEvaluationUpdateEntryModifySingleValued" storage="f:\src\adiam_cloud_nightly_tester\bins\debug\amd64\syncfabric\tests\testruleprocessor\microsoft.activedirectory.connector.test.testruleprocessor.dll" id="f589bc68-7876-0ceb-3636-e86ce9678abf">      <Execution id="2414e139-ff85-43a4-80e2-96c6f4865d91" />      <TestMethod codeBase="f:\src\Adiam_Cloud_Nightly_Tester\bins\debug\amd64\SyncFabric\Tests\TestRuleProcessor\Microsoft.ActiveDirectory.Connector.Test.TestRuleProcessor.dll" adapterTypeName="Microsoft.VisualStudio.TestTools.TestTypes.Unit.UnitTestAdapter" className="Microsoft.ActiveDirectory.Connector.Test.DropboxOutboundDeltaSynchronizationRuleUnitTest" name="DropboxOutboundDeltaSynchronizationRuleUnitTestEvaluationUpdateEntryModifySingleValued" />    </UnitTest>    <UnitTest name="DropboxOutboundDeltaSynchronizationRuleUnitTestEvaluationHardDeleteEntry" storage="f:\src\adiam_cloud_nightly_tester\bins\debug\amd64\syncfabric\tests\testruleprocessor\microsoft.activedirectory.connector.test.testruleprocessor.dll" id="0c58a986-5d37-a4ec-2a36-2ed082f05faa">      <Execution id="7cdd1868-e987-471e-ba67-a6f930a53f47" />      <TestMethod codeBase="f:\src\Adiam_Cloud_Nightly_Tester\bins\debug\amd64\SyncFabric\Tests\TestRuleProcessor\Microsoft.ActiveDirectory.Connector.Test.TestRuleProcessor.dll" adapterTypeName="Microsoft.VisualStudio.TestTools.TestTypes.Unit.UnitTestAdapter" className="Microsoft.ActiveDirectory.Connector.Test.DropboxOutboundDeltaSynchronizationRuleUnitTest" name="DropboxOutboundDeltaSynchronizationRuleUnitTestEvaluationHardDeleteEntry" />    </UnitTest>    <UnitTest name="DropboxOutboundDeltaSynchronizationRuleUnitTestEvaluationUpdateEntryRemoveEntitlements" storage="f:\src\adiam_cloud_nightly_tester\bins\debug\amd64\syncfabric\tests\testruleprocessor\microsoft.activedirectory.connector.test.testruleprocessor.dll" id="e095c484-315c-3377-cc33-833b4a54574d">      <Execution id="9d7fadff-f4ae-476c-9517-71fb0275ed27" />      <TestMethod codeBase="f:\src\Adiam_Cloud_Nightly_Tester\bins\debug\amd64\SyncFabric\Tests\TestRuleProcessor\Microsoft.ActiveDirectory.Connector.Test.TestRuleProcessor.dll" adapterTypeName="Microsoft.VisualStudio.TestTools.TestTypes.Unit.UnitTestAdapter" className="Microsoft.ActiveDirectory.Connector.Test.DropboxOutboundDeltaSynchronizationRuleUnitTest" name="DropboxOutboundDeltaSynchronizationRuleUnitTestEvaluationUpdateEntryRemoveEntitlements" />    </UnitTest>    <UnitTest name="DropboxOutboundFullSynchronizationRuleUnitTestAddEntry" storage="f:\src\adiam_cloud_nightly_tester\bins\debug\amd64\syncfabric\tests\testruleprocessor\microsoft.activedirectory.connector.test.testruleprocessor.dll" id="790b72b7-2c61-1e0c-46e3-3782fbba0dbf">      <Execution id="781efdc6-b4ae-4a49-9ddc-b8588ea0a9b2" />      <TestMethod codeBase="f:\src\Adiam_Cloud_Nightly_Tester\bins\debug\amd64\SyncFabric\Tests\TestRuleProcessor\Microsoft.ActiveDirectory.Connector.Test.TestRuleProcessor.dll" adapterTypeName="Microsoft.VisualStudio.TestTools.TestTypes.Unit.UnitTestAdapter" className="Microsoft.ActiveDirectory.Connector.Test.DropboxOutboundFullSynchronizationRuleUnitTest" name="DropboxOutboundFullSynchronizationRuleUnitTestAddEntry" />    </UnitTest>    <UnitTest name="DropboxOutboundFullSynchronizationRuleUnitTestAddEntryNoEntitlements" storage="f:\src\adiam_cloud_nightly_tester\bins\debug\amd64\syncfabric\tests\testruleprocessor\microsoft.activedirectory.connector.test.testruleprocessor.dll" id="47b12cb4-a20b-5bd1-f2c7-46712aa8b2fa">      <Execution id="cf68fb68-464e-4722-81bd-20e8fb0fe6d8" />      <TestMethod codeBase="f:\src\Adiam_Cloud_Nightly_Tester\bins\debug\amd64\SyncFabric\Tests\TestRuleProcessor\Microsoft.ActiveDirectory.Connector.Test.TestRuleProcessor.dll" adapterTypeName="Microsoft.VisualStudio.TestTools.TestTypes.Unit.UnitTestAdapter" className="Microsoft.ActiveDirectory.Connector.Test.DropboxOutboundFullSynchronizationRuleUnitTest" name="DropboxOutboundFullSynchronizationRuleUnitTestAddEntryNoEntitlements" />    </UnitTest>    <UnitTest name="DropboxOutboundFullSynchronizationRuleUnitTestUpdateEntryAddModifySingleValued" storage="f:\src\adiam_cloud_nightly_tester\bins\debug\amd64\syncfabric\tests\testruleprocessor\microsoft.activedirectory.connector.test.testruleprocessor.dll" id="0e00d8de-990e-c804-4aca-382406ed7f4b">      <Execution id="62cf57ef-1cde-48a8-8d72-63b941963a93" />      <TestMethod codeBase="f:\src\Adiam_Cloud_Nightly_Tester\bins\debug\amd64\SyncFabric\Tests\TestRuleProcessor\Microsoft.ActiveDirectory.Connector.Test.TestRuleProcessor.dll" adapterTypeName="Microsoft.VisualStudio.TestTools.TestTypes.Unit.UnitTestAdapter" className="Microsoft.ActiveDirectory.Connector.Test.DropboxOutboundFullSynchronizationRuleUnitTest" name="DropboxOutboundFullSynchronizationRuleUnitTestUpdateEntryAddModifySingleValued" />    </UnitTest>    <UnitTest name="DropboxOutboundFullSynchronizationRuleUnitTestUpdateEntryNoChanges" storage="f:\src\adiam_cloud_nightly_tester\bins\debug\amd64\syncfabric\tests\testruleprocessor\microsoft.activedirectory.connector.test.testruleprocessor.dll" id="9ac5e985-4fe0-2b88-75cd-be068900fe06">      <Execution id="12dd0a9c-dd86-4a03-a505-849924ebbec2" />      <TestMethod codeBase="f:\src\Adiam_Cloud_Nightly_Tester\bins\debug\amd64\SyncFabric\Tests\TestRuleProcessor\Microsoft.ActiveDirectory.Connector.Test.TestRuleProcessor.dll" adapterTypeName="Microsoft.VisualStudio.TestTools.TestTypes.Unit.UnitTestAdapter" className="Microsoft.ActiveDirectory.Connector.Test.DropboxOutboundFullSynchronizationRuleUnitTest" name="DropboxOutboundFullSynchronizationRuleUnitTestUpdateEntryNoChanges" />    </UnitTest>    <UnitTest name="DropboxOutboundFullSynchronizationRuleUnitTestUpdateEntryRemoveEntitlements" storage="f:\src\adiam_cloud_nightly_tester\bins\debug\amd64\syncfabric\tests\testruleprocessor\microsoft.activedirectory.connector.test.testruleprocessor.dll" id="935e0a1a-05e5-ade1-6b1a-2f0bf2db4c2c">      <Execution id="ec404541-42c0-4381-a00b-9edcf6b1b267" />      <TestMethod codeBase="f:\src\Adiam_Cloud_Nightly_Tester\bins\debug\amd64\SyncFabric\Tests\TestRuleProcessor\Microsoft.ActiveDirectory.Connector.Test.TestRuleProcessor.dll" adapterTypeName="Microsoft.VisualStudio.TestTools.TestTypes.Unit.UnitTestAdapter" className="Microsoft.ActiveDirectory.Connector.Test.DropboxOutboundFullSynchronizationRuleUnitTest" name="DropboxOutboundFullSynchronizationRuleUnitTestUpdateEntryRemoveEntitlements" />    </UnitTest>    <UnitTest name="TestEvaluationDeltaAddEntryWithCustomSchema" storage="f:\src\adiam_cloud_nightly_tester\bins\debug\amd64\syncfabric\tests\testruleprocessor\microsoft.activedirectory.connector.test.testruleprocessor.dll" id="b170f538-b8bd-d24f-32c4-6a388a87388e">      <Execution id="7f78e937-7ae5-4a81-8f09-1ce47bf5be40" />      <TestMethod codeBase="f:\src\Adiam_Cloud_Nightly_Tester\bins\debug\amd64\SyncFabric\Tests\TestRuleProcessor\Microsoft.ActiveDirectory.Connector.Test.TestRuleProcessor.dll" adapterTypeName="Microsoft.VisualStudio.TestTools.TestTypes.Unit.UnitTestAdapter" className="Microsoft.ActiveDirectory.Connector.Test.ServiceNowOutboundDeltaSyncRuleUnitTest" name="TestEvaluationDeltaAddEntryWithCustomSchema" />    </UnitTest>    <UnitTest name="TestEvaluationDeltaAddEntrySoftDeleteUnspecified" storage="f:\src\adiam_cloud_nightly_tester\bins\debug\amd64\syncfabric\tests\testruleprocessor\microsoft.activedirectory.connector.test.testruleprocessor.dll" id="b9243f7c-878b-bea8-7137-18241325c856">      <Execution id="22bef7ee-a390-454d-8a2a-d04ab33efab2" />      <TestMethod codeBase="f:\src\Adiam_Cloud_Nightly_Tester\bins\debug\amd64\SyncFabric\Tests\TestRuleProcessor\Microsoft.ActiveDirectory.Connector.Test.TestRuleProcessor.dll" adapterTypeName="Microsoft.VisualStudio.TestTools.TestTypes.Unit.UnitTestAdapter" className="Microsoft.ActiveDirectory.Connector.Test.ServiceNowOutboundDeltaSyncRuleUnitTest" name="TestEvaluationDeltaAddEntrySoftDeleteUnspecified" />    </UnitTest>    <UnitTest name="TestEvaluationDeltaAddUser" storage="f:\src\adiam_cloud_nightly_tester\bins\debug\amd64\syncfabric\tests\testruleprocessor\microsoft.activedirectory.connector.test.testruleprocessor.dll" id="39c1e0a8-0cab-ea6f-d7de-04692df57273">      <Execution id="256268c3-f2ec-463c-a915-c0a97c9f05a9" />      <TestMethod codeBase="f:\src\Adiam_Cloud_Nightly_Tester\bins\debug\amd64\SyncFabric\Tests\TestRuleProcessor\Microsoft.ActiveDirectory.Connector.Test.TestRuleProcessor.dll" adapterTypeName="Microsoft.VisualStudio.TestTools.TestTypes.Unit.UnitTestAdapter" className="Microsoft.ActiveDirectory.Connector.Test.ServiceNowOutboundDeltaSyncRuleUnitTest" name="TestEvaluationDeltaAddUser" />    </UnitTest>    <UnitTest name="TestEvaluationDeltaUpdateEntry" storage="f:\src\adiam_cloud_nightly_tester\bins\debug\amd64\syncfabric\tests\testruleprocessor\microsoft.activedirectory.connector.test.testruleprocessor.dll" id="5607234b-784e-a97e-32b3-b429dd10f1b8">      <Execution id="75219f3b-5395-40d6-a462-bdc67f21e0e1" />      <TestMethod codeBase="f:\src\Adiam_Cloud_Nightly_Tester\bins\debug\amd64\SyncFabric\Tests\TestRuleProcessor\Microsoft.ActiveDirectory.Connector.Test.TestRuleProcessor.dll" adapterTypeName="Microsoft.VisualStudio.TestTools.TestTypes.Unit.UnitTestAdapter" className="Microsoft.ActiveDirectory.Connector.Test.ServiceNowOutboundDeltaSyncRuleUnitTest" name="TestEvaluationDeltaUpdateEntry" />    </UnitTest>    <UnitTest name="TestEvaluationDeltaUpdateEntryNoUserName" storage="f:\src\adiam_cloud_nightly_tester\bins\debug\amd64\syncfabric\tests\testruleprocessor\microsoft.activedirectory.connector.test.testruleprocessor.dll" id="dc2d620e-56e8-64f7-9d9f-cac22966c8ab">      <Execution id="5a9b3f32-199b-49e5-973b-fa848aff9f3c" />      <TestMethod codeBase="f:\src\Adiam_Cloud_Nightly_Tester\bins\debug\amd64\SyncFabric\Tests\TestRuleProcessor\Microsoft.ActiveDirectory.Connector.Test.TestRuleProcessor.dll" adapterTypeName="Microsoft.VisualStudio.TestTools.TestTypes.Unit.UnitTestAdapter" className="Microsoft.ActiveDirectory.Connector.Test.ServiceNowOutboundDeltaSyncRuleUnitTest" name="TestEvaluationDeltaUpdateEntryNoUserName" />    </UnitTest>    <UnitTest name="TestEvaluationDeltaDeleteEntry" storage="f:\src\adiam_cloud_nightly_tester\bins\debug\amd64\syncfabric\tests\testruleprocessor\microsoft.activedirectory.connector.test.testruleprocessor.dll" id="ddf8586d-d39e-fb6e-0ca9-d989af86119c">      <Execution id="23b4407d-09c2-47bc-9926-dc9a7c1b52ee" />      <TestMethod codeBase="f:\src\Adiam_Cloud_Nightly_Tester\bins\debug\amd64\SyncFabric\Tests\TestRuleProcessor\Microsoft.ActiveDirectory.Connector.Test.TestRuleProcessor.dll" adapterTypeName="Microsoft.VisualStudio.TestTools.TestTypes.Unit.UnitTestAdapter" className="Microsoft.ActiveDirectory.Connector.Test.ServiceNowOutboundDeltaSyncRuleUnitTest" name="TestEvaluationDeltaDeleteEntry" />    </UnitTest>    <UnitTest name="TestEvaluationDeltaServiceNowDuplicateExport" storage="f:\src\adiam_cloud_nightly_tester\bins\debug\amd64\syncfabric\tests\testruleprocessor\microsoft.activedirectory.connector.test.testruleprocessor.dll" id="f789a0b4-cf23-be75-6644-13382f042c8f">      <Execution id="1d8c633a-80f7-4ae7-ab71-fa2ab724073c" />      <TestMethod codeBase="f:\src\Adiam_Cloud_Nightly_Tester\bins\debug\amd64\SyncFabric\Tests\TestRuleProcessor\Microsoft.ActiveDirectory.Connector.Test.TestRuleProcessor.dll" adapterTypeName="Microsoft.VisualStudio.TestTools.TestTypes.Unit.UnitTestAdapter" className="Microsoft.ActiveDirectory.Connector.Test.ServiceNowOutboundDeltaSyncRuleUnitTest" name="TestEvaluationDeltaServiceNowDuplicateExport" />    </UnitTest>    <UnitTest name="TestEvaluationSourceEntriesWithSameJoiningProperty" storage="f:\src\adiam_cloud_nightly_tester\bins\debug\amd64\syncfabric\tests\testruleprocessor\microsoft.activedirectory.connector.test.testruleprocessor.dll" id="57457be8-7418-c3d6-ab80-60f97eccfb7d">      <Execution id="e48ef5c7-5bfd-4912-b7c8-916d634da5e4" />      <TestMethod codeBase="f:\src\Adiam_Cloud_Nightly_Tester\bins\debug\amd64\SyncFabric\Tests\TestRuleProcessor\Microsoft.ActiveDirectory.Connector.Test.TestRuleProcessor.dll" adapterTypeName="Microsoft.VisualStudio.TestTools.TestTypes.Unit.UnitTestAdapter" className="Microsoft.ActiveDirectory.Connector.Test.ServiceNowOutboundDeltaSyncRuleUnitTest" name="TestEvaluationSourceEntriesWithSameJoiningProperty" />    </UnitTest>    <UnitTest name="TestEvaluationAddEntriesDeltaImport" storage="f:\src\adiam_cloud_nightly_tester\bins\debug\amd64\syncfabric\tests\testruleprocessor\microsoft.activedirectory.connector.test.testruleprocessor.dll" id="48399553-6b2c-a3c2-15cb-058f2277bd52">      <Execution id="980da390-0ab8-4023-bbea-ba800fe95d79" />      <TestMethod codeBase="f:\src\Adiam_Cloud_Nightly_Tester\bins\debug\amd64\SyncFabric\Tests\TestRuleProcessor\Microsoft.ActiveDirectory.Connector.Test.TestRuleProcessor.dll" adapterTypeName="Microsoft.VisualStudio.TestTools.TestTypes.Unit.UnitTestAdapter" className="Microsoft.ActiveDirectory.Connector.Test.ServiceNowOutboundSyncRuleUnitTest" name="TestEvaluationAddEntriesDeltaImport" />    </UnitTest>    <UnitTest name="TestEvaluationAddEntriesFullImport" storage="f:\src\adiam_cloud_nightly_tester\bins\debug\amd64\syncfabric\tests\testruleprocessor\microsoft.activedirectory.connector.test.testruleprocessor.dll" id="7f865c52-be81-71b1-042c-a5137d9f7f43">      <Execution id="15f44c91-fd79-48f2-b763-022b5b4dbd0d" />      <TestMethod codeBase="f:\src\Adiam_Cloud_Nightly_Tester\bins\debug\amd64\SyncFabric\Tests\TestRuleProcessor\Microsoft.ActiveDirectory.Connector.Test.TestRuleProcessor.dll" adapterTypeName="Microsoft.VisualStudio.TestTools.TestTypes.Unit.UnitTestAdapter" className="Microsoft.ActiveDirectory.Connector.Test.ServiceNowOutboundSyncRuleUnitTest" name="TestEvaluationAddEntriesFullImport" />    </UnitTest>    <UnitTest name="TestEvaluationAddEntry" storage="f:\src\adiam_cloud_nightly_tester\bins\debug\amd64\syncfabric\tests\testruleprocessor\microsoft.activedirectory.connector.test.testruleprocessor.dll" id="ae2cc506-6033-2770-2a34-d511b51fbb1f">      <Execution id="de88137c-7c56-424f-b7b1-4b96bee1092e" />      <TestMethod codeBase="f:\src\Adiam_Cloud_Nightly_Tester\bins\debug\amd64\SyncFabric\Tests\TestRuleProcessor\Microsoft.ActiveDirectory.Connector.Test.TestRuleProcessor.dll" adapterTypeName="Microsoft.VisualStudio.TestTools.TestTypes.Unit.UnitTestAdapter" className="Microsoft.ActiveDirectory.Connector.Test.ServiceNowOutboundSyncRuleUnitTest" name="TestEvaluationAddEntry" />    </UnitTest>    <UnitTest name="TestEvaluationDeleteEntry" storage="f:\src\adiam_cloud_nightly_tester\bins\debug\amd64\syncfabric\tests\testruleprocessor\microsoft.activedirectory.connector.test.testruleprocessor.dll" id="2411bd40-92da-4785-c529-61b721361315">      <Execution id="16353f36-ac79-4fcb-bad8-decab012237e" />      <TestMethod codeBase="f:\src\Adiam_Cloud_Nightly_Tester\bins\debug\amd64\SyncFabric\Tests\TestRuleProcessor\Microsoft.ActiveDirectory.Connector.Test.TestRuleProcessor.dll" adapterTypeName="Microsoft.VisualStudio.TestTools.TestTypes.Unit.UnitTestAdapter" className="Microsoft.ActiveDirectory.Connector.Test.ServiceNowOutboundSyncRuleUnitTest" name="TestEvaluationDeleteEntry" />    </UnitTest>    <UnitTest name="TestEvaluationUpdateEntryAddProperty" storage="f:\src\adiam_cloud_nightly_tester\bins\debug\amd64\syncfabric\tests\testruleprocessor\microsoft.activedirectory.connector.test.testruleprocessor.dll" id="fb1ac286-16cc-e63a-e4b9-b2203907074b">      <Execution id="0be6b719-50e7-4bbb-9515-f61f9fe153e6" />      <TestMethod codeBase="f:\src\Adiam_Cloud_Nightly_Tester\bins\debug\amd64\SyncFabric\Tests\TestRuleProcessor\Microsoft.ActiveDirectory.Connector.Test.TestRuleProcessor.dll" adapterTypeName="Microsoft.VisualStudio.TestTools.TestTypes.Unit.UnitTestAdapter" className="Microsoft.ActiveDirectory.Connector.Test.ServiceNowOutboundSyncRuleUnitTest" name="TestEvaluationUpdateEntryAddProperty" />    </UnitTest>    <UnitTest name="TestEvaluationUpdateEntryModifyPropertyAddValue" storage="f:\src\adiam_cloud_nightly_tester\bins\debug\amd64\syncfabric\tests\testruleprocessor\microsoft.activedirectory.connector.test.testruleprocessor.dll" id="e6603c38-3f87-a45b-7b3c-3553c043be14">      <Execution id="cd38bfca-de8e-4e51-ad45-9bd079682062" />      <TestMethod codeBase="f:\src\Adiam_Cloud_Nightly_Tester\bins\debug\amd64\SyncFabric\Tests\TestRuleProcessor\Microsoft.ActiveDirectory.Connector.Test.TestRuleProcessor.dll" adapterTypeName="Microsoft.VisualStudio.TestTools.TestTypes.Unit.UnitTestAdapter" className="Microsoft.ActiveDirectory.Connector.Test.ServiceNowOutboundSyncRuleUnitTest" name="TestEvaluationUpdateEntryModifyPropertyAddValue" />    </UnitTest>    <UnitTest name="TestEvaluationUpdateEntryModifyPropertyChangeEmptyPluralValue" storage="f:\src\adiam_cloud_nightly_tester\bins\debug\amd64\syncfabric\tests\testruleprocessor\microsoft.activedirectory.connector.test.testruleprocessor.dll" id="840723ea-f5e0-2268-d15c-49d0d582c4b3">      <Execution id="b45ed115-75e3-4c7a-a252-9d24b79a9b1e" />      <TestMethod codeBase="f:\src\Adiam_Cloud_Nightly_Tester\bins\debug\amd64\SyncFabric\Tests\TestRuleProcessor\Microsoft.ActiveDirectory.Connector.Test.TestRuleProcessor.dll" adapterTypeName="Microsoft.VisualStudio.TestTools.TestTypes.Unit.UnitTestAdapter" className="Microsoft.ActiveDirectory.Connector.Test.ServiceNowOutboundSyncRuleUnitTest" name="TestEvaluationUpdateEntryModifyPropertyChangeEmptyPluralValue" />    </UnitTest>    <UnitTest name="TestEvaluationUpdateEntryModifyPropertyChangeEmptySingleValue" storage="f:\src\adiam_cloud_nightly_tester\bins\debug\amd64\syncfabric\tests\testruleprocessor\microsoft.activedirectory.connector.test.testruleprocessor.dll" id="5f9f0c8e-0f26-fe98-0796-690ac9c9a61d">      <Execution id="8a10a963-382d-4fc6-b24f-baee814e944b" />      <TestMethod codeBase="f:\src\Adiam_Cloud_Nightly_Tester\bins\debug\amd64\SyncFabric\Tests\TestRuleProcessor\Microsoft.ActiveDirectory.Connector.Test.TestRuleProcessor.dll" adapterTypeName="Microsoft.VisualStudio.TestTools.TestTypes.Unit.UnitTestAdapter" className="Microsoft.ActiveDirectory.Connector.Test.ServiceNowOutboundSyncRuleUnitTest" name="TestEvaluationUpdateEntryModifyPropertyChangeEmptySingleValue" />    </UnitTest>    <UnitTest name="TestEvaluationUpdateEntryModifyPropertyChangePluralValue" storage="f:\src\adiam_cloud_nightly_tester\bins\debug\amd64\syncfabric\tests\testruleprocessor\microsoft.activedirectory.connector.test.testruleprocessor.dll" id="8d742f5e-0c5d-5f85-49e8-c004380f93db">      <Execution id="674cd40b-9b7d-4e68-b0ca-599ca376b045" />      <TestMethod codeBase="f:\src\Adiam_Cloud_Nightly_Tester\bins\debug\amd64\SyncFabric\Tests\TestRuleProcessor\Microsoft.ActiveDirectory.Connector.Test.TestRuleProcessor.dll" adapterTypeName="Microsoft.VisualStudio.TestTools.TestTypes.Unit.UnitTestAdapter" className="Microsoft.ActiveDirectory.Connector.Test.ServiceNowOutboundSyncRuleUnitTest" name="TestEvaluationUpdateEntryModifyPropertyChangePluralValue" />    </UnitTest>    <UnitTest name="TestEvaluationUpdateEntryModifyPropertyChangeSingleValue" storage="f:\src\adiam_cloud_nightly_tester\bins\debug\amd64\syncfabric\tests\testruleprocessor\microsoft.activedirectory.connector.test.testruleprocessor.dll" id="cf59d00e-ed52-4703-2852-18ea8599bea8">      <Execution id="ad5b9cd1-c8a3-4a4f-9fc2-11e0276a54e1" />      <TestMethod codeBase="f:\src\Adiam_Cloud_Nightly_Tester\bins\debug\amd64\SyncFabric\Tests\TestRuleProcessor\Microsoft.ActiveDirectory.Connector.Test.TestRuleProcessor.dll" adapterTypeName="Microsoft.VisualStudio.TestTools.TestTypes.Unit.UnitTestAdapter" className="Microsoft.ActiveDirectory.Connector.Test.ServiceNowOutboundSyncRuleUnitTest" name="TestEvaluationUpdateEntryModifyPropertyChangeSingleValue" />    </UnitTest>    <UnitTest name="TestEvaluationUpdateEntryModifyPropertyRemoveValue" storage="f:\src\adiam_cloud_nightly_tester\bins\debug\amd64\syncfabric\tests\testruleprocessor\microsoft.activedirectory.connector.test.testruleprocessor.dll" id="69adb5e5-a3d4-57a5-da8e-2fb2b0f9b4ef">      <Execution id="001431b8-6710-4dff-b157-4df4cac6d2e7" />      <TestMethod codeBase="f:\src\Adiam_Cloud_Nightly_Tester\bins\debug\amd64\SyncFabric\Tests\TestRuleProcessor\Microsoft.ActiveDirectory.Connector.Test.TestRuleProcessor.dll" adapterTypeName="Microsoft.VisualStudio.TestTools.TestTypes.Unit.UnitTestAdapter" className="Microsoft.ActiveDirectory.Connector.Test.ServiceNowOutboundSyncRuleUnitTest" name="TestEvaluationUpdateEntryModifyPropertyRemoveValue" />    </UnitTest>    <UnitTest name="TestEvaluationUpdateEntryRemovePluralProperty" storage="f:\src\adiam_cloud_nightly_tester\bins\debug\amd64\syncfabric\tests\testruleprocessor\microsoft.activedirectory.connector.test.testruleprocessor.dll" id="23e5352d-1e5f-3713-e9e6-02e243dc0f27">      <Execution id="023a2da6-6aec-4da2-876e-799027ec1870" />      <TestMethod codeBase="f:\src\Adiam_Cloud_Nightly_Tester\bins\debug\amd64\SyncFabric\Tests\TestRuleProcessor\Microsoft.ActiveDirectory.Connector.Test.TestRuleProcessor.dll" adapterTypeName="Microsoft.VisualStudio.TestTools.TestTypes.Unit.UnitTestAdapter" className="Microsoft.ActiveDirectory.Connector.Test.ServiceNowOutboundSyncRuleUnitTest" name="TestEvaluationUpdateEntryRemovePluralProperty" />    </UnitTest>    <UnitTest name="TestEvaluationUpdateEntryRemoveProperty" storage="f:\src\adiam_cloud_nightly_tester\bins\debug\amd64\syncfabric\tests\testruleprocessor\microsoft.activedirectory.connector.test.testruleprocessor.dll" id="a915857a-f1aa-19ef-352b-8bf1bd6307de">      <Execution id="346b6070-2e3a-450b-95e7-bbd548ac5546" />      <TestMethod codeBase="f:\src\Adiam_Cloud_Nightly_Tester\bins\debug\amd64\SyncFabric\Tests\TestRuleProcessor\Microsoft.ActiveDirectory.Connector.Test.TestRuleProcessor.dll" adapterTypeName="Microsoft.VisualStudio.TestTools.TestTypes.Unit.UnitTestAdapter" className="Microsoft.ActiveDirectory.Connector.Test.ServiceNowOutboundSyncRuleUnitTest" name="TestEvaluationUpdateEntryRemoveProperty" />    </UnitTest>    <UnitTest name="TestEvaluationUpdateEntryReplaceProperty" storage="f:\src\adiam_cloud_nightly_tester\bins\debug\amd64\syncfabric\tests\testruleprocessor\microsoft.activedirectory.connector.test.testruleprocessor.dll" id="f77450fd-ab82-bbdf-0b6b-7ab0a25045c8">      <Execution id="66724bac-c7af-45dc-8b2f-11cba5b3667a" />      <TestMethod codeBase="f:\src\Adiam_Cloud_Nightly_Tester\bins\debug\amd64\SyncFabric\Tests\TestRuleProcessor\Microsoft.ActiveDirectory.Connector.Test.TestRuleProcessor.dll" adapterTypeName="Microsoft.VisualStudio.TestTools.TestTypes.Unit.UnitTestAdapter" className="Microsoft.ActiveDirectory.Connector.Test.ServiceNowOutboundSyncRuleUnitTest" name="TestEvaluationUpdateEntryReplaceProperty" />    </UnitTest>    <UnitTest name="TestEvaluationUpdateEntryModifyJoiningProperty" storage="f:\src\adiam_cloud_nightly_tester\bins\debug\amd64\syncfabric\tests\testruleprocessor\microsoft.activedirectory.connector.test.testruleprocessor.dll" id="b33e3f74-5ee4-a122-c84b-0cd609d26535">      <Execution id="9d2b76e8-d742-43b6-907a-dc9ccd093b17" />      <TestMethod codeBase="f:\src\Adiam_Cloud_Nightly_Tester\bins\debug\amd64\SyncFabric\Tests\TestRuleProcessor\Microsoft.ActiveDirectory.Connector.Test.TestRuleProcessor.dll" adapterTypeName="Microsoft.VisualStudio.TestTools.TestTypes.Unit.UnitTestAdapter" className="Microsoft.ActiveDirectory.Connector.Test.ServiceNowOutboundSyncRuleUnitTest" name="TestEvaluationUpdateEntryModifyJoiningProperty" />    </UnitTest>    <UnitTest name="TestEvaluationDeltaRuleAddEntriesFullImport" storage="f:\src\adiam_cloud_nightly_tester\bins\debug\amd64\syncfabric\tests\testruleprocessor\microsoft.activedirectory.connector.test.testruleprocessor.dll" id="d8adf926-f41f-b729-2a10-a19f77a651ce">      <Execution id="24fe72a4-921e-4c77-8ba2-e24e82d6318a" />      <TestMethod codeBase="f:\src\Adiam_Cloud_Nightly_Tester\bins\debug\amd64\SyncFabric\Tests\TestRuleProcessor\Microsoft.ActiveDirectory.Connector.Test.TestRuleProcessor.dll" adapterTypeName="Microsoft.VisualStudio.TestTools.TestTypes.Unit.UnitTestAdapter" className="Microsoft.ActiveDirectory.Connector.Test.GoogleAppsOutboundDeltaSyncRuleUnitTestRealSchema" name="TestEvaluationDeltaRuleAddEntriesFullImport" />    </UnitTest>    <UnitTest name="TestEvaluationDeltaRuleAddEntry" storage="f:\src\adiam_cloud_nightly_tester\bins\debug\amd64\syncfabric\tests\testruleprocessor\microsoft.activedirectory.connector.test.testruleprocessor.dll" id="ff620ef5-8887-9f54-a19b-43756dc1bba6">      <Execution id="13742a7c-a1f7-4b46-a246-de965f973462" />      <TestMethod codeBase="f:\src\Adiam_Cloud_Nightly_Tester\bins\debug\amd64\SyncFabric\Tests\TestRuleProcessor\Microsoft.ActiveDirectory.Connector.Test.TestRuleProcessor.dll" adapterTypeName="Microsoft.VisualStudio.TestTools.TestTypes.Unit.UnitTestAdapter" className="Microsoft.ActiveDirectory.Connector.Test.GoogleAppsOutboundDeltaSyncRuleUnitTestRealSchema" name="TestEvaluationDeltaRuleAddEntry" />    </UnitTest>    <UnitTest name="TestEvaluationDeltaRuleAddEntryConflictingJoiningProperty" storage="f:\src\adiam_cloud_nightly_tester\bins\debug\amd64\syncfabric\tests\testruleprocessor\microsoft.activedirectory.connector.test.testruleprocessor.dll" id="189f0efd-19be-0954-1ccf-e5c6e296627f">      <Execution id="8ce5cf07-20d7-41cb-923d-bebea3b12aae" />      <TestMethod codeBase="f:\src\Adiam_Cloud_Nightly_Tester\bins\debug\amd64\SyncFabric\Tests\TestRuleProcessor\Microsoft.ActiveDirectory.Connector.Test.TestRuleProcessor.dll" adapterTypeName="Microsoft.VisualStudio.TestTools.TestTypes.Unit.UnitTestAdapter" className="Microsoft.ActiveDirectory.Connector.Test.GoogleAppsOutboundDeltaSyncRuleUnitTestRealSchema" name="TestEvaluationDeltaRuleAddEntryConflictingJoiningProperty" />    </UnitTest>    <UnitTest name="TestEvaluationDeltaRuleUpdateEntry" storage="f:\src\adiam_cloud_nightly_tester\bins\debug\amd64\syncfabric\tests\testruleprocessor\microsoft.activedirectory.connector.test.testruleprocessor.dll" id="b3df487f-7e9d-9e99-d508-f1e8753e80d6">      <Execution id="06d49406-7bb3-4847-b657-c69d5d98e617" />      <TestMethod codeBase="f:\src\Adiam_Cloud_Nightly_Tester\bins\debug\amd64\SyncFabric\Tests\TestRuleProcessor\Microsoft.ActiveDirectory.Connector.Test.TestRuleProcessor.dll" adapterTypeName="Microsoft.VisualStudio.TestTools.TestTypes.Unit.UnitTestAdapter" className="Microsoft.ActiveDirectory.Connector.Test.GoogleAppsOutboundDeltaSyncRuleUnitTestRealSchema" name="TestEvaluationDeltaRuleUpdateEntry" />    </UnitTest>    <UnitTest name="TestEvaluationDeltaRuleUpdateEntrySuspendUser" storage="f:\src\adiam_cloud_nightly_tester\bins\debug\amd64\syncfabric\tests\testruleprocessor\microsoft.activedirectory.connector.test.testruleprocessor.dll" id="ff738f4e-c415-6faf-8c75-7a26ccebc28d">      <Execution id="f2529df4-b047-4352-8c6c-7a3fd7268661" />      <TestMethod codeBase="f:\src\Adiam_Cloud_Nightly_Tester\bins\debug\amd64\SyncFabric\Tests\TestRuleProcessor\Microsoft.ActiveDirectory.Connector.Test.TestRuleProcessor.dll" adapterTypeName="Microsoft.VisualStudio.TestTools.TestTypes.Unit.UnitTestAdapter" className="Microsoft.ActiveDirectory.Connector.Test.GoogleAppsOutboundDeltaSyncRuleUnitTestRealSchema" name="TestEvaluationDeltaRuleUpdateEntrySuspendUser" />    </UnitTest>    <UnitTest name="TestEvaluationDeltaRuleUpdateEntryModifyJoiningProperty" storage="f:\src\adiam_cloud_nightly_tester\bins\debug\amd64\syncfabric\tests\testruleprocessor\microsoft.activedirectory.connector.test.testruleprocessor.dll" id="5de289ef-91da-1dc7-4676-edd5c098328f">      <Execution id="61845a57-5c4c-4356-9590-187445f9f2be" />      <TestMethod codeBase="f:\src\Adiam_Cloud_Nightly_Tester\bins\debug\amd64\SyncFabric\Tests\TestRuleProcessor\Microsoft.ActiveDirectory.Connector.Test.TestRuleProcessor.dll" adapterTypeName="Microsoft.VisualStudio.TestTools.TestTypes.Unit.UnitTestAdapter" className="Microsoft.ActiveDirectory.Connector.Test.GoogleAppsOutboundDeltaSyncRuleUnitTestRealSchema" name="TestEvaluationDeltaRuleUpdateEntryModifyJoiningProperty" />    </UnitTest>    <UnitTest name="TestEvaluationDeltaRuleDeleteEntry" storage="f:\src\adiam_cloud_nightly_tester\bins\debug\amd64\syncfabric\tests\testruleprocessor\microsoft.activedirectory.connector.test.testruleprocessor.dll" id="b0f42037-f9cc-0955-70ad-2d641467b818">      <Execution id="156c3a7b-f6d2-4cf7-9c36-a50aad0be819" />      <TestMethod codeBase="f:\src\Adiam_Cloud_Nightly_Tester\bins\debug\amd64\SyncFabric\Tests\TestRuleProcessor\Microsoft.ActiveDirectory.Connector.Test.TestRuleProcessor.dll" adapterTypeName="Microsoft.VisualStudio.TestTools.TestTypes.Unit.UnitTestAdapter" className="Microsoft.ActiveDirectory.Connector.Test.GoogleAppsOutboundDeltaSyncRuleUnitTestRealSchema" name="TestEvaluationDeltaRuleDeleteEntry" />    </UnitTest>    <UnitTest name="TestEvaluationDeltaRuleAddEntriesDeltaImport" storage="f:\src\adiam_cloud_nightly_tester\bins\debug\amd64\syncfabric\tests\testruleprocessor\microsoft.activedirectory.connector.test.testruleprocessor.dll" id="6ab4365e-9889-7c91-5a19-5c54c0e535be">      <Execution id="02e77285-05b3-4495-a958-0dde6608a9c2" />      <TestMethod codeBase="f:\src\Adiam_Cloud_Nightly_Tester\bins\debug\amd64\SyncFabric\Tests\TestRuleProcessor\Microsoft.ActiveDirectory.Connector.Test.TestRuleProcessor.dll" adapterTypeName="Microsoft.VisualStudio.TestTools.TestTypes.Unit.UnitTestAdapter" className="Microsoft.ActiveDirectory.Connector.Test.GoogleAppsOutboundDeltaSyncRuleEntryStoreUnitTest" name="TestEvaluationDeltaRuleAddEntriesDeltaImport" />    </UnitTest>    <UnitTest name="TestEvaluationDeltaRuleAddEntriesFullImport" storage="f:\src\adiam_cloud_nightly_tester\bins\debug\amd64\syncfabric\tests\testruleprocessor\microsoft.activedirectory.connector.test.testruleprocessor.dll" id="9e007d10-13b6-06c4-6473-821b884116e7">      <Execution id="5f723b89-5376-45f7-b885-f61a8ff75dbd" />      <TestMethod codeBase="f:\src\Adiam_Cloud_Nightly_Tester\bins\debug\amd64\SyncFabric\Tests\TestRuleProcessor\Microsoft.ActiveDirectory.Connector.Test.TestRuleProcessor.dll" adapterTypeName="Microsoft.VisualStudio.TestTools.TestTypes.Unit.UnitTestAdapter" className="Microsoft.ActiveDirectory.Connector.Test.GoogleAppsOutboundDeltaSyncRuleEntryStoreUnitTest" name="TestEvaluationDeltaRuleAddEntriesFullImport" />    </UnitTest>    <UnitTest name="TestEvaluationDeltaRuleAddEntry" storage="f:\src\adiam_cloud_nightly_tester\bins\debug\amd64\syncfabric\tests\testruleprocessor\microsoft.activedirectory.connector.test.testruleprocessor.dll" id="a0d3514e-a26d-1780-64a5-937813f9edb7">      <Execution id="f679e578-81d7-4f64-9c21-cc4391660856" />      <TestMethod codeBase="f:\src\Adiam_Cloud_Nightly_Tester\bins\debug\amd64\SyncFabric\Tests\TestRuleProcessor\Microsoft.ActiveDirectory.Connector.Test.TestRuleProcessor.dll" adapterTypeName="Microsoft.VisualStudio.TestTools.TestTypes.Unit.UnitTestAdapter" className="Microsoft.ActiveDirectory.Connector.Test.GoogleAppsOutboundDeltaSyncRuleEntryStoreUnitTest" name="TestEvaluationDeltaRuleAddEntry" />    </UnitTest>    <UnitTest name="TestEvaluationDeltaRuleDeleteEntry" storage="f:\src\adiam_cloud_nightly_tester\bins\debug\amd64\syncfabric\tests\testruleprocessor\microsoft.activedirectory.connector.test.testruleprocessor.dll" id="7c7de4af-a20b-ab55-b553-98a2084794b8">      <Execution id="d49d6be2-3c13-4bd7-b0f1-bf115ab259c2" />      <TestMethod codeBase="f:\src\Adiam_Cloud_Nightly_Tester\bins\debug\amd64\SyncFabric\Tests\TestRuleProcessor\Microsoft.ActiveDirectory.Connector.Test.TestRuleProcessor.dll" adapterTypeName="Microsoft.VisualStudio.TestTools.TestTypes.Unit.UnitTestAdapter" className="Microsoft.ActiveDirectory.Connector.Test.GoogleAppsOutboundDeltaSyncRuleEntryStoreUnitTest" name="TestEvaluationDeltaRuleDeleteEntry" />    </UnitTest>    <UnitTest name="TestEvaluationDeltaRuleUpdateEntryAddProperty" storage="f:\src\adiam_cloud_nightly_tester\bins\debug\amd64\syncfabric\tests\testruleprocessor\microsoft.activedirectory.connector.test.testruleprocessor.dll" id="85937213-1706-42cf-736b-a4404641b9c4">      <Execution id="cb62ad38-9d1a-4ea4-80b5-81bc14d80fd2" />      <TestMethod codeBase="f:\src\Adiam_Cloud_Nightly_Tester\bins\debug\amd64\SyncFabric\Tests\TestRuleProcessor\Microsoft.ActiveDirectory.Connector.Test.TestRuleProcessor.dll" adapterTypeName="Microsoft.VisualStudio.TestTools.TestTypes.Unit.UnitTestAdapter" className="Microsoft.ActiveDirectory.Connector.Test.GoogleAppsOutboundDeltaSyncRuleEntryStoreUnitTest" name="TestEvaluationDeltaRuleUpdateEntryAddProperty" />    </UnitTest>    <UnitTest name="TestEvaluationUpdateEntryModifyJoiningProperty" storage="f:\src\adiam_cloud_nightly_tester\bins\debug\amd64\syncfabric\tests\testruleprocessor\microsoft.activedirectory.connector.test.testruleprocessor.dll" id="69de8e4a-c0e8-38fa-8947-2715bea07fd8">      <Execution id="ac2fc553-7773-47d4-8e17-9cd1d3f252e8" />      <TestMethod codeBase="f:\src\Adiam_Cloud_Nightly_Tester\bins\debug\amd64\SyncFabric\Tests\TestRuleProcessor\Microsoft.ActiveDirectory.Connector.Test.TestRuleProcessor.dll" adapterTypeName="Microsoft.VisualStudio.TestTools.TestTypes.Unit.UnitTestAdapter" className="Microsoft.ActiveDirectory.Connector.Test.QuickBooksOnlineInboundFullSynchronizationRuleUnitTest" name="TestEvaluationUpdateEntryModifyJoiningProperty" />    </UnitTest>    <UnitTest name="TestEvaluationUpdateEntryMultipleProperties" storage="f:\src\adiam_cloud_nightly_tester\bins\debug\amd64\syncfabric\tests\testruleprocessor\microsoft.activedirectory.connector.test.testruleprocessor.dll" id="94b24158-8a23-ddba-0460-dbeccc9610e8">      <Execution id="b2f74850-c1df-4100-a040-cb017796d6fe" />      <TestMethod codeBase="f:\src\Adiam_Cloud_Nightly_Tester\bins\debug\amd64\SyncFabric\Tests\TestRuleProcessor\Microsoft.ActiveDirectory.Connector.Test.TestRuleProcessor.dll" adapterTypeName="Microsoft.VisualStudio.TestTools.TestTypes.Unit.UnitTestAdapter" className="Microsoft.ActiveDirectory.Connector.Test.QuickBooksOnlineInboundFullSynchronizationRuleUnitTest" name="TestEvaluationUpdateEntryMultipleProperties" />    </UnitTest>    <UnitTest name="TestEvaluationDeleteEntry" storage="f:\src\adiam_cloud_nightly_tester\bins\debug\amd64\syncfabric\tests\testruleprocessor\microsoft.activedirectory.connector.test.testruleprocessor.dll" id="38aa5524-3b55-3941-9b90-e976979166f7">      <Execution id="e1c75ba4-5c89-472b-980c-ebde94db8349" />      <TestMethod codeBase="f:\src\Adiam_Cloud_Nightly_Tester\bins\debug\amd64\SyncFabric\Tests\TestRuleProcessor\Microsoft.ActiveDirectory.Connector.Test.TestRuleProcessor.dll" adapterTypeName="Microsoft.VisualStudio.TestTools.TestTypes.Unit.UnitTestAdapter" className="Microsoft.ActiveDirectory.Connector.Test.QuickBooksOnlineInboundFullSynchronizationRuleUnitTest" name="TestEvaluationDeleteEntry" />    </UnitTest>    <UnitTest name="TestEvaluationEntryPropertyModificationType" storage="f:\src\adiam_cloud_nightly_tester\bins\debug\amd64\syncfabric\tests\testruleprocessor\microsoft.activedirectory.connector.test.testruleprocessor.dll" id="1f95e3b2-640e-2584-6eae-f9667169f986">      <Execution id="2400e2e9-c331-4694-a9eb-98c905249218" />      <TestMethod codeBase="f:\src\Adiam_Cloud_Nightly_Tester\bins\debug\amd64\SyncFabric\Tests\TestRuleProcessor\Microsoft.ActiveDirectory.Connector.Test.TestRuleProcessor.dll" adapterTypeName="Microsoft.VisualStudio.TestTools.TestTypes.Unit.UnitTestAdapter" className="Microsoft.ActiveDirectory.Connector.Test.QuickBooksOnlineInboundFullSynchronizationRuleUnitTest" name="TestEvaluationEntryPropertyModificationType" />    </UnitTest>    <UnitTest name="TestEvaluationUpdateEntryAllPropertiesFlowed" storage="f:\src\adiam_cloud_nightly_tester\bins\debug\amd64\syncfabric\tests\testruleprocessor\microsoft.activedirectory.connector.test.testruleprocessor.dll" id="cf632b45-53a8-ec98-7f06-42910d776d3d">      <Execution id="8371e0f1-2186-43dd-af2b-8fc6d13b5e3a" />      <TestMethod codeBase="f:\src\Adiam_Cloud_Nightly_Tester\bins\debug\amd64\SyncFabric\Tests\TestRuleProcessor\Microsoft.ActiveDirectory.Connector.Test.TestRuleProcessor.dll" adapterTypeName="Microsoft.VisualStudio.TestTools.TestTypes.Unit.UnitTestAdapter" className="Microsoft.ActiveDirectory.Connector.Test.QuickBooksOnlineInboundFullSynchronizationRuleUnitTest" name="TestEvaluationUpdateEntryAllPropertiesFlowed" />    </UnitTest>    <UnitTest name="TestEvaluationAddEntry" storage="f:\src\adiam_cloud_nightly_tester\bins\debug\amd64\syncfabric\tests\testruleprocessor\microsoft.activedirectory.connector.test.testruleprocessor.dll" id="e4995530-afc9-120e-71f0-1601903eea4d">      <Execution id="b4fd8002-2d02-42ec-a55f-4b82e00c76ae" />      <TestMethod codeBase="f:\src\Adiam_Cloud_Nightly_Tester\bins\debug\amd64\SyncFabric\Tests\TestRuleProcessor\Microsoft.ActiveDirectory.Connector.Test.TestRuleProcessor.dll" adapterTypeName="Microsoft.VisualStudio.TestTools.TestTypes.Unit.UnitTestAdapter" className="Microsoft.ActiveDirectory.Connector.Test.QuickBooksOnlineInboundFullSynchronizationRuleUnitTest" name="TestEvaluationAddEntry" />    </UnitTest>    <UnitTest name="TestEvaluationUpdateEntry" storage="f:\src\adiam_cloud_nightly_tester\bins\debug\amd64\syncfabric\tests\testruleprocessor\microsoft.activedirectory.connector.test.testruleprocessor.dll" id="b248a4b7-9971-e6be-c3c9-5da91fa6b34d">      <Execution id="0fe528e1-e73c-4842-80e1-44ad27d8c6eb" />      <TestMethod codeBase="f:\src\Adiam_Cloud_Nightly_Tester\bins\debug\amd64\SyncFabric\Tests\TestRuleProcessor\Microsoft.ActiveDirectory.Connector.Test.TestRuleProcessor.dll" adapterTypeName="Microsoft.VisualStudio.TestTools.TestTypes.Unit.UnitTestAdapter" className="Microsoft.ActiveDirectory.Connector.Test.QuickBooksOnlineInboundFullSynchronizationRuleUnitTest" name="TestEvaluationUpdateEntry" />    </UnitTest>    <UnitTest name="TestEvaluationUpdateEntryNoChanges" storage="f:\src\adiam_cloud_nightly_tester\bins\debug\amd64\syncfabric\tests\testruleprocessor\microsoft.activedirectory.connector.test.testruleprocessor.dll" id="d3056140-c8f8-84d4-4ee4-260d5deecd0a">      <Execution id="b6c53739-bad2-435c-af5d-c8384070f8ff" />      <TestMethod codeBase="f:\src\Adiam_Cloud_Nightly_Tester\bins\debug\amd64\SyncFabric\Tests\TestRuleProcessor\Microsoft.ActiveDirectory.Connector.Test.TestRuleProcessor.dll" adapterTypeName="Microsoft.VisualStudio.TestTools.TestTypes.Unit.UnitTestAdapter" className="Microsoft.ActiveDirectory.Connector.Test.QuickBooksOnlineInboundFullSynchronizationRuleUnitTest" name="TestEvaluationUpdateEntryNoChanges" />    </UnitTest>    <UnitTest name="TestEvaluationAddEntriesFullImport" storage="f:\src\adiam_cloud_nightly_tester\bins\debug\amd64\syncfabric\tests\testruleprocessor\microsoft.activedirectory.connector.test.testruleprocessor.dll" id="610a3302-ce96-5bed-dd26-156455cb9f3b">      <Execution id="e94c81be-8f06-4eef-b8cb-67381168b4c0" />      <TestMethod codeBase="f:\src\Adiam_Cloud_Nightly_Tester\bins\debug\amd64\SyncFabric\Tests\TestRuleProcessor\Microsoft.ActiveDirectory.Connector.Test.TestRuleProcessor.dll" adapterTypeName="Microsoft.VisualStudio.TestTools.TestTypes.Unit.UnitTestAdapter" className="Microsoft.ActiveDirectory.Connector.Test.GoogleAppsOutboundFullSyncRuleUnitTestRealSchema" name="TestEvaluationAddEntriesFullImport" />    </UnitTest>    <UnitTest name="TestEvaluationAddEntry" storage="f:\src\adiam_cloud_nightly_tester\bins\debug\amd64\syncfabric\tests\testruleprocessor\microsoft.activedirectory.connector.test.testruleprocessor.dll" id="be0bc21c-d6de-c590-e79a-f418ce3ca38a">      <Execution id="e68b0954-5a76-4d16-8505-18d6f08be41a" />      <TestMethod codeBase="f:\src\Adiam_Cloud_Nightly_Tester\bins\debug\amd64\SyncFabric\Tests\TestRuleProcessor\Microsoft.ActiveDirectory.Connector.Test.TestRuleProcessor.dll" adapterTypeName="Microsoft.VisualStudio.TestTools.TestTypes.Unit.UnitTestAdapter" className="Microsoft.ActiveDirectory.Connector.Test.GoogleAppsOutboundFullSyncRuleUnitTestRealSchema" name="TestEvaluationAddEntry" />    </UnitTest>    <UnitTest name="TestEvaluationUpdateEntry" storage="f:\src\adiam_cloud_nightly_tester\bins\debug\amd64\syncfabric\tests\testruleprocessor\microsoft.activedirectory.connector.test.testruleprocessor.dll" id="0fe5f656-8692-1a38-ebdc-d886d56dd739">      <Execution id="6b562c40-d9e1-4939-9724-1b2d5038e50a" />      <TestMethod codeBase="f:\src\Adiam_Cloud_Nightly_Tester\bins\debug\amd64\SyncFabric\Tests\TestRuleProcessor\Microsoft.ActiveDirectory.Connector.Test.TestRuleProcessor.dll" adapterTypeName="Microsoft.VisualStudio.TestTools.TestTypes.Unit.UnitTestAdapter" className="Microsoft.ActiveDirectory.Connector.Test.GoogleAppsOutboundFullSyncRuleUnitTestRealSchema" name="TestEvaluationUpdateEntry" />    </UnitTest>    <UnitTest name="TestEvaluationUpdateEntryModifyJoiningProperty" storage="f:\src\adiam_cloud_nightly_tester\bins\debug\amd64\syncfabric\tests\testruleprocessor\microsoft.activedirectory.connector.test.testruleprocessor.dll" id="704b2b03-6c63-bbe9-fa59-7f5762b5afac">      <Execution id="8bb42893-1a05-4433-b46c-6a793f2f4dcd" />      <TestMethod codeBase="f:\src\Adiam_Cloud_Nightly_Tester\bins\debug\amd64\SyncFabric\Tests\TestRuleProcessor\Microsoft.ActiveDirectory.Connector.Test.TestRuleProcessor.dll" adapterTypeName="Microsoft.VisualStudio.TestTools.TestTypes.Unit.UnitTestAdapter" className="Microsoft.ActiveDirectory.Connector.Test.GoogleAppsOutboundFullSyncRuleUnitTestRealSchema" name="TestEvaluationUpdateEntryModifyJoiningProperty" />    </UnitTest>    <UnitTest name="TestEvaluationDeleteEntry" storage="f:\src\adiam_cloud_nightly_tester\bins\debug\amd64\syncfabric\tests\testruleprocessor\microsoft.activedirectory.connector.test.testruleprocessor.dll" id="824f2887-99b5-e28b-afc1-e5b00490d0d0">      <Execution id="219f4a30-42ec-4204-9224-3ee0fbe9f7b3" />      <TestMethod codeBase="f:\src\Adiam_Cloud_Nightly_Tester\bins\debug\amd64\SyncFabric\Tests\TestRuleProcessor\Microsoft.ActiveDirectory.Connector.Test.TestRuleProcessor.dll" adapterTypeName="Microsoft.VisualStudio.TestTools.TestTypes.Unit.UnitTestAdapter" className="Microsoft.ActiveDirectory.Connector.Test.GoogleAppsOutboundFullSyncRuleUnitTestRealSchema" name="TestEvaluationDeleteEntry" />    </UnitTest>    <UnitTest name="ConcurOutboundFullSynchronizationRuleUnitTestAddEntry" storage="f:\src\adiam_cloud_nightly_tester\bins\debug\amd64\syncfabric\tests\testruleprocessor\microsoft.activedirectory.connector.test.testruleprocessor.dll" id="a89a10da-dbf1-7cb8-89d1-3eb2304b7f2e">      <Execution id="9195c7e6-e42a-47a7-a267-96d4c2f49401" />      <TestMethod codeBase="f:\src\Adiam_Cloud_Nightly_Tester\bins\debug\amd64\SyncFabric\Tests\TestRuleProcessor\Microsoft.ActiveDirectory.Connector.Test.TestRuleProcessor.dll" adapterTypeName="Microsoft.VisualStudio.TestTools.TestTypes.Unit.UnitTestAdapter" className="Microsoft.ActiveDirectory.Connector.Test.ConcurOutboundFullSynchronizationRuleUnitTest" name="ConcurOutboundFullSynchronizationRuleUnitTestAddEntry" />    </UnitTest>    <UnitTest name="ConcurOutboundFullSynchronizationRuleUnitTestAddEntryNoEntitlements" storage="f:\src\adiam_cloud_nightly_tester\bins\debug\amd64\syncfabric\tests\testruleprocessor\microsoft.activedirectory.connector.test.testruleprocessor.dll" id="a2cd58ef-528d-3e7f-3d88-cd90748aed6a">      <Execution id="3e2dcd35-eca1-41e4-9735-1a98c89c43fd" />      <TestMethod codeBase="f:\src\Adiam_Cloud_Nightly_Tester\bins\debug\amd64\SyncFabric\Tests\TestRuleProcessor\Microsoft.ActiveDirectory.Connector.Test.TestRuleProcessor.dll" adapterTypeName="Microsoft.VisualStudio.TestTools.TestTypes.Unit.UnitTestAdapter" className="Microsoft.ActiveDirectory.Connector.Test.ConcurOutboundFullSynchronizationRuleUnitTest" name="ConcurOutboundFullSynchronizationRuleUnitTestAddEntryNoEntitlements" />    </UnitTest>    <UnitTest name="ConcurOutboundFullSynchronizationRuleUnitTestAddModifySingleValued" storage="f:\src\adiam_cloud_nightly_tester\bins\debug\amd64\syncfabric\tests\testruleprocessor\microsoft.activedirectory.connector.test.testruleprocessor.dll" id="341b6de6-7a39-6dbd-e8f7-38298dba2ed2">      <Execution id="9eb8fed9-cd8b-4a3a-b48d-f2324c55e836" />      <TestMethod codeBase="f:\src\Adiam_Cloud_Nightly_Tester\bins\debug\amd64\SyncFabric\Tests\TestRuleProcessor\Microsoft.ActiveDirectory.Connector.Test.TestRuleProcessor.dll" adapterTypeName="Microsoft.VisualStudio.TestTools.TestTypes.Unit.UnitTestAdapter" className="Microsoft.ActiveDirectory.Connector.Test.ConcurOutboundFullSynchronizationRuleUnitTest" name="ConcurOutboundFullSynchronizationRuleUnitTestAddModifySingleValued" />    </UnitTest>    <UnitTest name="ConcurOutboundFullSynchronizationRuleUnitTestUpdateEntryNoChanges" storage="f:\src\adiam_cloud_nightly_tester\bins\debug\amd64\syncfabric\tests\testruleprocessor\microsoft.activedirectory.connector.test.testruleprocessor.dll" id="7ad750ba-c7fa-3616-eb25-7ac0021cbef0">      <Execution id="c30f2574-3e8e-4456-82dc-a029ce2278d3" />      <TestMethod codeBase="f:\src\Adiam_Cloud_Nightly_Tester\bins\debug\amd64\SyncFabric\Tests\TestRuleProcessor\Microsoft.ActiveDirectory.Connector.Test.TestRuleProcessor.dll" adapterTypeName="Microsoft.VisualStudio.TestTools.TestTypes.Unit.UnitTestAdapter" className="Microsoft.ActiveDirectory.Connector.Test.ConcurOutboundFullSynchronizationRuleUnitTest" name="ConcurOutboundFullSynchronizationRuleUnitTestUpdateEntryNoChanges" />    </UnitTest>    <UnitTest name="ConcurOutboundFullSynchronizationRuleUnitTestUpdateEntryRemoveEntitlements" storage="f:\src\adiam_cloud_nightly_tester\bins\debug\amd64\syncfabric\tests\testruleprocessor\microsoft.activedirectory.connector.test.testruleprocessor.dll" id="64562811-ee7b-bf16-5a5b-1ea08109ad5e">      <Execution id="ce40ce9b-77f5-4b2e-b5d1-5a24cf2aff00" />      <TestMethod codeBase="f:\src\Adiam_Cloud_Nightly_Tester\bins\debug\amd64\SyncFabric\Tests\TestRuleProcessor\Microsoft.ActiveDirectory.Connector.Test.TestRuleProcessor.dll" adapterTypeName="Microsoft.VisualStudio.TestTools.TestTypes.Unit.UnitTestAdapter" className="Microsoft.ActiveDirectory.Connector.Test.ConcurOutboundFullSynchronizationRuleUnitTest" name="ConcurOutboundFullSynchronizationRuleUnitTestUpdateEntryRemoveEntitlements" />    </UnitTest>    <UnitTest name="ConcurOutboundFullSynchronizationRuleUnitTestUpdateEntryReactivateThroughEntitlements" storage="f:\src\adiam_cloud_nightly_tester\bins\debug\amd64\syncfabric\tests\testruleprocessor\microsoft.activedirectory.connector.test.testruleprocessor.dll" id="445237a5-cf57-30b4-31f5-6febf86e0cd8">      <Execution id="137fa600-0148-45b8-995c-712ed6a16dab" />      <TestMethod codeBase="f:\src\Adiam_Cloud_Nightly_Tester\bins\debug\amd64\SyncFabric\Tests\TestRuleProcessor\Microsoft.ActiveDirectory.Connector.Test.TestRuleProcessor.dll" adapterTypeName="Microsoft.VisualStudio.TestTools.TestTypes.Unit.UnitTestAdapter" className="Microsoft.ActiveDirectory.Connector.Test.ConcurOutboundFullSynchronizationRuleUnitTest" name="ConcurOutboundFullSynchronizationRuleUnitTestUpdateEntryReactivateThroughEntitlements" />    </UnitTest>    <UnitTest name="ConcurOutboundDeltaSynchronizationRuleUnitTestAddEntry" storage="f:\src\adiam_cloud_nightly_tester\bins\debug\amd64\syncfabric\tests\testruleprocessor\microsoft.activedirectory.connector.test.testruleprocessor.dll" id="2bd29c15-5508-a902-1cb5-125e645abedf">      <Execution id="e097d665-f64f-4886-aad3-bd0c62f9e1f4" />      <TestMethod codeBase="f:\src\Adiam_Cloud_Nightly_Tester\bins\debug\amd64\SyncFabric\Tests\TestRuleProcessor\Microsoft.ActiveDirectory.Connector.Test.TestRuleProcessor.dll" adapterTypeName="Microsoft.VisualStudio.TestTools.TestTypes.Unit.UnitTestAdapter" className="Microsoft.ActiveDirectory.Connector.Test.ConcurOutboundDeltaSynchronizationRuleUnitTest" name="ConcurOutboundDeltaSynchronizationRuleUnitTestAddEntry" />    </UnitTest>    <UnitTest name="ConcurOutboundDeltaSynchronizationRuleUnitTestUpdateEntryAddModifySingleValued" storage="f:\src\adiam_cloud_nightly_tester\bins\debug\amd64\syncfabric\tests\testruleprocessor\microsoft.activedirectory.connector.test.testruleprocessor.dll" id="8c3ba9bb-7832-ffd1-170a-1441256e854c">      <Execution id="76c0f933-6022-4128-9c1d-39cbac2f5044" />      <TestMethod codeBase="f:\src\Adiam_Cloud_Nightly_Tester\bins\debug\amd64\SyncFabric\Tests\TestRuleProcessor\Microsoft.ActiveDirectory.Connector.Test.TestRuleProcessor.dll" adapterTypeName="Microsoft.VisualStudio.TestTools.TestTypes.Unit.UnitTestAdapter" className="Microsoft.ActiveDirectory.Connector.Test.ConcurOutboundDeltaSynchronizationRuleUnitTest" name="ConcurOutboundDeltaSynchronizationRuleUnitTestUpdateEntryAddModifySingleValued" />    </UnitTest>    <UnitTest name="ConcurOutboundDeltaSynchronizationRuleUnitTestHardDeleteEntry" storage="f:\src\adiam_cloud_nightly_tester\bins\debug\amd64\syncfabric\tests\testruleprocessor\microsoft.activedirectory.connector.test.testruleprocessor.dll" id="b9c96c8c-032f-22af-3f27-f99506942510">      <Execution id="6d2f8fd2-adbe-459f-b7f0-daddd553bc29" />      <TestMethod codeBase="f:\src\Adiam_Cloud_Nightly_Tester\bins\debug\amd64\SyncFabric\Tests\TestRuleProcessor\Microsoft.ActiveDirectory.Connector.Test.TestRuleProcessor.dll" adapterTypeName="Microsoft.VisualStudio.TestTools.TestTypes.Unit.UnitTestAdapter" className="Microsoft.ActiveDirectory.Connector.Test.ConcurOutboundDeltaSynchronizationRuleUnitTest" name="ConcurOutboundDeltaSynchronizationRuleUnitTestHardDeleteEntry" />    </UnitTest>    <UnitTest name="TestEvaluationAddEntriesDeltaImport" storage="f:\src\adiam_cloud_nightly_tester\bins\debug\amd64\syncfabric\tests\testruleprocessor\microsoft.activedirectory.connector.test.testruleprocessor.dll" id="37dd3f27-094b-b023-c4b2-5c7379a42960">      <Execution id="27466b6f-0d5d-4f78-99b6-ab3ebbe5dc44" />      <TestMethod codeBase="f:\src\Adiam_Cloud_Nightly_Tester\bins\debug\amd64\SyncFabric\Tests\TestRuleProcessor\Microsoft.ActiveDirectory.Connector.Test.TestRuleProcessor.dll" adapterTypeName="Microsoft.VisualStudio.TestTools.TestTypes.Unit.UnitTestAdapter" className="Microsoft.ActiveDirectory.Connector.Test.GoogleAppsOutboundFullSyncRuleUnitTest" name="TestEvaluationAddEntriesDeltaImport" />    </UnitTest>    <UnitTest name="TestEvaluationAddEntriesFullImport" storage="f:\src\adiam_cloud_nightly_tester\bins\debug\amd64\syncfabric\tests\testruleprocessor\microsoft.activedirectory.connector.test.testruleprocessor.dll" id="3642160b-5b00-b460-8e75-0fde77bfab69">      <Execution id="244002d3-0f5d-4218-bbe0-cf6a57da8043" />      <TestMethod codeBase="f:\src\Adiam_Cloud_Nightly_Tester\bins\debug\amd64\SyncFabric\Tests\TestRuleProcessor\Microsoft.ActiveDirectory.Connector.Test.TestRuleProcessor.dll" adapterTypeName="Microsoft.VisualStudio.TestTools.TestTypes.Unit.UnitTestAdapter" className="Microsoft.ActiveDirectory.Connector.Test.GoogleAppsOutboundFullSyncRuleUnitTest" name="TestEvaluationAddEntriesFullImport" />    </UnitTest>    <UnitTest name="TestEvaluationAddEntry" storage="f:\src\adiam_cloud_nightly_tester\bins\debug\amd64\syncfabric\tests\testruleprocessor\microsoft.activedirectory.connector.test.testruleprocessor.dll" id="dcb7303b-a4e1-73ae-0175-ac4efc7d950d">      <Execution id="a86d7d4a-136b-4bd0-921d-a807401959c3" />      <TestMethod codeBase="f:\src\Adiam_Cloud_Nightly_Tester\bins\debug\amd64\SyncFabric\Tests\TestRuleProcessor\Microsoft.ActiveDirectory.Connector.Test.TestRuleProcessor.dll" adapterTypeName="Microsoft.VisualStudio.TestTools.TestTypes.Unit.UnitTestAdapter" className="Microsoft.ActiveDirectory.Connector.Test.GoogleAppsOutboundFullSyncRuleUnitTest" name="TestEvaluationAddEntry" />    </UnitTest>    <UnitTest name="TestEvaluationDeleteEntry" storage="f:\src\adiam_cloud_nightly_tester\bins\debug\amd64\syncfabric\tests\testruleprocessor\microsoft.activedirectory.connector.test.testruleprocessor.dll" id="13f6564e-ba4a-748a-a6d7-f1618f3df3ef">      <Execution id="3015e4e7-1f25-49ff-9da4-b41480fd7623" />      <TestMethod codeBase="f:\src\Adiam_Cloud_Nightly_Tester\bins\debug\amd64\SyncFabric\Tests\TestRuleProcessor\Microsoft.ActiveDirectory.Connector.Test.TestRuleProcessor.dll" adapterTypeName="Microsoft.VisualStudio.TestTools.TestTypes.Unit.UnitTestAdapter" className="Microsoft.ActiveDirectory.Connector.Test.GoogleAppsOutboundFullSyncRuleUnitTest" name="TestEvaluationDeleteEntry" />    </UnitTest>    <UnitTest name="TestEvaluationUpdateEntryAddProperty" storage="f:\src\adiam_cloud_nightly_tester\bins\debug\amd64\syncfabric\tests\testruleprocessor\microsoft.activedirectory.connector.test.testruleprocessor.dll" id="474b5dd5-1587-50ca-dd9b-d02d03dd4a66">      <Execution id="6e4cb218-d7ba-4d3f-b864-3c7093debb12" />      <TestMethod codeBase="f:\src\Adiam_Cloud_Nightly_Tester\bins\debug\amd64\SyncFabric\Tests\TestRuleProcessor\Microsoft.ActiveDirectory.Connector.Test.TestRuleProcessor.dll" adapterTypeName="Microsoft.VisualStudio.TestTools.TestTypes.Unit.UnitTestAdapter" className="Microsoft.ActiveDirectory.Connector.Test.GoogleAppsOutboundFullSyncRuleUnitTest" name="TestEvaluationUpdateEntryAddProperty" />    </UnitTest>    <UnitTest name="TestEvaluationUpdateEntryModifyPropertyAddValue" storage="f:\src\adiam_cloud_nightly_tester\bins\debug\amd64\syncfabric\tests\testruleprocessor\microsoft.activedirectory.connector.test.testruleprocessor.dll" id="540f2f7b-3302-ccd2-deeb-895ced06d76e">      <Execution id="9bc52f42-2195-482d-bd17-d5991bb4275d" />      <TestMethod codeBase="f:\src\Adiam_Cloud_Nightly_Tester\bins\debug\amd64\SyncFabric\Tests\TestRuleProcessor\Microsoft.ActiveDirectory.Connector.Test.TestRuleProcessor.dll" adapterTypeName="Microsoft.VisualStudio.TestTools.TestTypes.Unit.UnitTestAdapter" className="Microsoft.ActiveDirectory.Connector.Test.GoogleAppsOutboundFullSyncRuleUnitTest" name="TestEvaluationUpdateEntryModifyPropertyAddValue" />    </UnitTest>    <UnitTest name="TestEvaluationUpdateEntryModifyPropertyChangeEmptyPluralValue" storage="f:\src\adiam_cloud_nightly_tester\bins\debug\amd64\syncfabric\tests\testruleprocessor\microsoft.activedirectory.connector.test.testruleprocessor.dll" id="a0ae5918-70c1-af32-e462-c1d079d434f8">      <Execution id="31d6b584-66cd-4a7a-aaf1-ff189e6f3bd8" />      <TestMethod codeBase="f:\src\Adiam_Cloud_Nightly_Tester\bins\debug\amd64\SyncFabric\Tests\TestRuleProcessor\Microsoft.ActiveDirectory.Connector.Test.TestRuleProcessor.dll" adapterTypeName="Microsoft.VisualStudio.TestTools.TestTypes.Unit.UnitTestAdapter" className="Microsoft.ActiveDirectory.Connector.Test.GoogleAppsOutboundFullSyncRuleUnitTest" name="TestEvaluationUpdateEntryModifyPropertyChangeEmptyPluralValue" />    </UnitTest>    <UnitTest name="TestEvaluationUpdateEntryModifyPropertyChangeEmptySingleValue" storage="f:\src\adiam_cloud_nightly_tester\bins\debug\amd64\syncfabric\tests\testruleprocessor\microsoft.activedirectory.connector.test.testruleprocessor.dll" id="e993b251-f1ac-ab49-eff7-8c7ad71b3bd8">      <Execution id="4176f999-7d47-4ef7-97dd-95ab6b819106" />      <TestMethod codeBase="f:\src\Adiam_Cloud_Nightly_Tester\bins\debug\amd64\SyncFabric\Tests\TestRuleProcessor\Microsoft.ActiveDirectory.Connector.Test.TestRuleProcessor.dll" adapterTypeName="Microsoft.VisualStudio.TestTools.TestTypes.Unit.UnitTestAdapter" className="Microsoft.ActiveDirectory.Connector.Test.GoogleAppsOutboundFullSyncRuleUnitTest" name="TestEvaluationUpdateEntryModifyPropertyChangeEmptySingleValue" />    </UnitTest>    <UnitTest name="TestEvaluationUpdateEntryModifyPropertyChangePluralValue" storage="f:\src\adiam_cloud_nightly_tester\bins\debug\amd64\syncfabric\tests\testruleprocessor\microsoft.activedirectory.connector.test.testruleprocessor.dll" id="a8eb12a9-95e8-5f54-5b18-91a72d9750da">      <Execution id="fc2a2795-19dc-4dad-acfb-33344dde4080" />      <TestMethod codeBase="f:\src\Adiam_Cloud_Nightly_Tester\bins\debug\amd64\SyncFabric\Tests\TestRuleProcessor\Microsoft.ActiveDirectory.Connector.Test.TestRuleProcessor.dll" adapterTypeName="Microsoft.VisualStudio.TestTools.TestTypes.Unit.UnitTestAdapter" className="Microsoft.ActiveDirectory.Connector.Test.GoogleAppsOutboundFullSyncRuleUnitTest" name="TestEvaluationUpdateEntryModifyPropertyChangePluralValue" />    </UnitTest>    <UnitTest name="TestEvaluationUpdateEntryModifyPropertyChangeSingleValue" storage="f:\src\adiam_cloud_nightly_tester\bins\debug\amd64\syncfabric\tests\testruleprocessor\microsoft.activedirectory.connector.test.testruleprocessor.dll" id="d46c4a2a-1aee-9eac-816a-f30077b9a7ac">      <Execution id="57ba3096-53d6-40c6-a315-2e9173371004" />      <TestMethod codeBase="f:\src\Adiam_Cloud_Nightly_Tester\bins\debug\amd64\SyncFabric\Tests\TestRuleProcessor\Microsoft.ActiveDirectory.Connector.Test.TestRuleProcessor.dll" adapterTypeName="Microsoft.VisualStudio.TestTools.TestTypes.Unit.UnitTestAdapter" className="Microsoft.ActiveDirectory.Connector.Test.GoogleAppsOutboundFullSyncRuleUnitTest" name="TestEvaluationUpdateEntryModifyPropertyChangeSingleValue" />    </UnitTest>    <UnitTest name="TestEvaluationUpdateEntryModifyPropertyRemoveValue" storage="f:\src\adiam_cloud_nightly_tester\bins\debug\amd64\syncfabric\tests\testruleprocessor\microsoft.activedirectory.connector.test.testruleprocessor.dll" id="7aae5f3a-c3b6-daa3-f3b0-ba9f032c47b2">      <Execution id="561e53ae-0fc4-4174-8e44-cccaa0120626" />      <TestMethod codeBase="f:\src\Adiam_Cloud_Nightly_Tester\bins\debug\amd64\SyncFabric\Tests\TestRuleProcessor\Microsoft.ActiveDirectory.Connector.Test.TestRuleProcessor.dll" adapterTypeName="Microsoft.VisualStudio.TestTools.TestTypes.Unit.UnitTestAdapter" className="Microsoft.ActiveDirectory.Connector.Test.GoogleAppsOutboundFullSyncRuleUnitTest" name="TestEvaluationUpdateEntryModifyPropertyRemoveValue" />    </UnitTest>    <UnitTest name="TestEvaluationUpdateEntryRemoveProperty" storage="f:\src\adiam_cloud_nightly_tester\bins\debug\amd64\syncfabric\tests\testruleprocessor\microsoft.activedirectory.connector.test.testruleprocessor.dll" id="0fb03f10-bce5-433c-c60c-39f730a720a8">      <Execution id="5f26fd88-5053-4212-a376-15e551f2c3e5" />      <TestMethod codeBase="f:\src\Adiam_Cloud_Nightly_Tester\bins\debug\amd64\SyncFabric\Tests\TestRuleProcessor\Microsoft.ActiveDirectory.Connector.Test.TestRuleProcessor.dll" adapterTypeName="Microsoft.VisualStudio.TestTools.TestTypes.Unit.UnitTestAdapter" className="Microsoft.ActiveDirectory.Connector.Test.GoogleAppsOutboundFullSyncRuleUnitTest" name="TestEvaluationUpdateEntryRemoveProperty" />    </UnitTest>    <UnitTest name="TestEvaluationUpdateEntryReplaceProperty" storage="f:\src\adiam_cloud_nightly_tester\bins\debug\amd64\syncfabric\tests\testruleprocessor\microsoft.activedirectory.connector.test.testruleprocessor.dll" id="ea242f04-09a0-76db-9e8a-e316acf5c69f">      <Execution id="c9618afe-ce4a-426e-b1da-b797a8d5e622" />      <TestMethod codeBase="f:\src\Adiam_Cloud_Nightly_Tester\bins\debug\amd64\SyncFabric\Tests\TestRuleProcessor\Microsoft.ActiveDirectory.Connector.Test.TestRuleProcessor.dll" adapterTypeName="Microsoft.VisualStudio.TestTools.TestTypes.Unit.UnitTestAdapter" className="Microsoft.ActiveDirectory.Connector.Test.GoogleAppsOutboundFullSyncRuleUnitTest" name="TestEvaluationUpdateEntryReplaceProperty" />    </UnitTest>    <UnitTest name="TestEvaluationUpdateEntryModifyJoiningProperty" storage="f:\src\adiam_cloud_nightly_tester\bins\debug\amd64\syncfabric\tests\testruleprocessor\microsoft.activedirectory.connector.test.testruleprocessor.dll" id="9bc67291-9f0e-55c5-5cc4-56b773c5d2af">      <Execution id="218dc526-e829-4e78-8776-faa23af8a0ef" />      <TestMethod codeBase="f:\src\Adiam_Cloud_Nightly_Tester\bins\debug\amd64\SyncFabric\Tests\TestRuleProcessor\Microsoft.ActiveDirectory.Connector.Test.TestRuleProcessor.dll" adapterTypeName="Microsoft.VisualStudio.TestTools.TestTypes.Unit.UnitTestAdapter" className="Microsoft.ActiveDirectory.Connector.Test.GoogleAppsOutboundFullSyncRuleUnitTest" name="TestEvaluationUpdateEntryModifyJoiningProperty" />    </UnitTest>    <UnitTest name="TestGeneratingFakeEntitlements" storage="f:\src\adiam_cloud_nightly_tester\bins\debug\amd64\syncfabric\tests\testruleprocessor\microsoft.activedirectory.connector.test.testruleprocessor.dll" id="8ea65b87-ff15-9f81-0d6d-a8838ece8ba1">      <Execution id="9f8d25e4-25d3-4f6a-afff-0543223b9fc2" />      <TestMethod codeBase="f:\src\Adiam_Cloud_Nightly_Tester\bins\debug\amd64\SyncFabric\Tests\TestRuleProcessor\Microsoft.ActiveDirectory.Connector.Test.TestRuleProcessor.dll" adapterTypeName="Microsoft.VisualStudio.TestTools.TestTypes.Unit.UnitTestAdapter" className="Microsoft.ActiveDirectory.Connector.Test.SalesForceInboundSynchronizationRuleUnitTest" name="TestGeneratingFakeEntitlements" />    </UnitTest>    <UnitTest name="TestEvaluationAddEntitlementEntries" storage="f:\src\adiam_cloud_nightly_tester\bins\debug\amd64\syncfabric\tests\testruleprocessor\microsoft.activedirectory.connector.test.testruleprocessor.dll" id="65999ffd-5718-ef06-b7a3-8722a6539f80">      <Execution id="c335e7e1-8d4e-4a1d-b186-2f8ea5c989db" />      <TestMethod codeBase="f:\src\Adiam_Cloud_Nightly_Tester\bins\debug\amd64\SyncFabric\Tests\TestRuleProcessor\Microsoft.ActiveDirectory.Connector.Test.TestRuleProcessor.dll" adapterTypeName="Microsoft.VisualStudio.TestTools.TestTypes.Unit.UnitTestAdapter" className="Microsoft.ActiveDirectory.Connector.Test.SalesForceInboundSynchronizationRuleUnitTest" name="TestEvaluationAddEntitlementEntries" />    </UnitTest>    <UnitTest name="TestEvaluationDeleteEntitlementEntry" storage="f:\src\adiam_cloud_nightly_tester\bins\debug\amd64\syncfabric\tests\testruleprocessor\microsoft.activedirectory.connector.test.testruleprocessor.dll" id="b1069a9d-b624-5d0b-ea12-45f29da6dfdc">      <Execution id="064cd519-73f8-43f0-b0d5-f13e6e84d07e" />      <TestMethod codeBase="f:\src\Adiam_Cloud_Nightly_Tester\bins\debug\amd64\SyncFabric\Tests\TestRuleProcessor\Microsoft.ActiveDirectory.Connector.Test.TestRuleProcessor.dll" adapterTypeName="Microsoft.VisualStudio.TestTools.TestTypes.Unit.UnitTestAdapter" className="Microsoft.ActiveDirectory.Connector.Test.SalesForceInboundSynchronizationRuleUnitTest" name="TestEvaluationDeleteEntitlementEntry" />    </UnitTest>    <UnitTest name="TestEvaluationUpdateEntitlementEntry" storage="f:\src\adiam_cloud_nightly_tester\bins\debug\amd64\syncfabric\tests\testruleprocessor\microsoft.activedirectory.connector.test.testruleprocessor.dll" id="65626a32-53ec-5f37-846a-49f8889e1fc5">      <Execution id="389f39ec-8681-43a8-8f7e-08710214e80a" />      <TestMethod codeBase="f:\src\Adiam_Cloud_Nightly_Tester\bins\debug\amd64\SyncFabric\Tests\TestRuleProcessor\Microsoft.ActiveDirectory.Connector.Test.TestRuleProcessor.dll" adapterTypeName="Microsoft.VisualStudio.TestTools.TestTypes.Unit.UnitTestAdapter" className="Microsoft.ActiveDirectory.Connector.Test.SalesForceInboundSynchronizationRuleUnitTest" name="TestEvaluationUpdateEntitlementEntry" />    </UnitTest>    <UnitTest name="Salesforce_TestEvaluationDeltaUpdateEntryAddModifySingleValued" storage="f:\src\adiam_cloud_nightly_tester\bins\debug\amd64\syncfabric\tests\testruleprocessor\microsoft.activedirectory.connector.test.testruleprocessor.dll" id="110bc64f-bfb0-adec-3c83-77bb4319bcf8">      <Execution id="31ac9433-a0b2-475e-985c-e98e82f3509e" />      <TestMethod codeBase="f:\src\Adiam_Cloud_Nightly_Tester\bins\debug\amd64\SyncFabric\Tests\TestRuleProcessor\Microsoft.ActiveDirectory.Connector.Test.TestRuleProcessor.dll" adapterTypeName="Microsoft.VisualStudio.TestTools.TestTypes.Unit.UnitTestAdapter" className="Microsoft.ActiveDirectory.Connector.Test.SalesForceOutboundDeltaSynchronizationRuleUnitTest" name="Salesforce_TestEvaluationDeltaUpdateEntryAddModifySingleValued" />    </UnitTest>    <UnitTest name="Salesforce_TestEvaluationDeltaUpdateEntryJoiningProperty" storage="f:\src\adiam_cloud_nightly_tester\bins\debug\amd64\syncfabric\tests\testruleprocessor\microsoft.activedirectory.connector.test.testruleprocessor.dll" id="c6e0d603-31e7-4947-542e-553f5ba55d97">      <Execution id="db61b1fa-0a03-4019-8d1c-94f25315557b" />      <TestMethod codeBase="f:\src\Adiam_Cloud_Nightly_Tester\bins\debug\amd64\SyncFabric\Tests\TestRuleProcessor\Microsoft.ActiveDirectory.Connector.Test.TestRuleProcessor.dll" adapterTypeName="Microsoft.VisualStudio.TestTools.TestTypes.Unit.UnitTestAdapter" className="Microsoft.ActiveDirectory.Connector.Test.SalesForceOutboundDeltaSynchronizationRuleUnitTest" name="Salesforce_TestEvaluationDeltaUpdateEntryJoiningProperty" />    </UnitTest>    <UnitTest name="Salesforce_TestEvaluationDeltaUpdateEntryConflictingJoiningPropertyAddNewEntry" storage="f:\src\adiam_cloud_nightly_tester\bins\debug\amd64\syncfabric\tests\testruleprocessor\microsoft.activedirectory.connector.test.testruleprocessor.dll" id="a4f9d0d9-73a7-1b46-88f3-91b08060ebbd">      <Execution id="59b75211-1d49-4058-9753-3f37b2d6f582" />      <TestMethod codeBase="f:\src\Adiam_Cloud_Nightly_Tester\bins\debug\amd64\SyncFabric\Tests\TestRuleProcessor\Microsoft.ActiveDirectory.Connector.Test.TestRuleProcessor.dll" adapterTypeName="Microsoft.VisualStudio.TestTools.TestTypes.Unit.UnitTestAdapter" className="Microsoft.ActiveDirectory.Connector.Test.SalesForceOutboundDeltaSynchronizationRuleUnitTest" name="Salesforce_TestEvaluationDeltaUpdateEntryConflictingJoiningPropertyAddNewEntry" />    </UnitTest>    <UnitTest name="Salesforce_TestEvaluationDeltaUpdateEntryWithIndependentTargetDirectoryUpdateToJoiningProperty" storage="f:\src\adiam_cloud_nightly_tester\bins\debug\amd64\syncfabric\tests\testruleprocessor\microsoft.activedirectory.connector.test.testruleprocessor.dll" id="de6857d0-448f-2310-31c6-a7a23afe6a3e">      <Execution id="59dcad4b-7e87-44fc-bf7f-b380774ab9e9" />      <TestMethod codeBase="f:\src\Adiam_Cloud_Nightly_Tester\bins\debug\amd64\SyncFabric\Tests\TestRuleProcessor\Microsoft.ActiveDirectory.Connector.Test.TestRuleProcessor.dll" adapterTypeName="Microsoft.VisualStudio.TestTools.TestTypes.Unit.UnitTestAdapter" className="Microsoft.ActiveDirectory.Connector.Test.SalesForceOutboundDeltaSynchronizationRuleUnitTest" name="Salesforce_TestEvaluationDeltaUpdateEntryWithIndependentTargetDirectoryUpdateToJoiningProperty" />    </UnitTest>    <UnitTest name="Salesforce_TestEvaluationDeltaUpdateEntryConflictingJoiningPropertyDeleteOldEntry" storage="f:\src\adiam_cloud_nightly_tester\bins\debug\amd64\syncfabric\tests\testruleprocessor\microsoft.activedirectory.connector.test.testruleprocessor.dll" id="3ef15904-f31e-dc4d-95b3-55834f250610">      <Execution id="90938e54-61a6-4786-8fc3-752dc615aa9c" />      <TestMethod codeBase="f:\src\Adiam_Cloud_Nightly_Tester\bins\debug\amd64\SyncFabric\Tests\TestRuleProcessor\Microsoft.ActiveDirectory.Connector.Test.TestRuleProcessor.dll" adapterTypeName="Microsoft.VisualStudio.TestTools.TestTypes.Unit.UnitTestAdapter" className="Microsoft.ActiveDirectory.Connector.Test.SalesForceOutboundDeltaSynchronizationRuleUnitTest" name="Salesforce_TestEvaluationDeltaUpdateEntryConflictingJoiningPropertyDeleteOldEntry" />    </UnitTest>    <UnitTest name="Salesforce_TestEvaluationDeltaAddEntryConflictingJoiningPropertyDeleteOldEntry" storage="f:\src\adiam_cloud_nightly_tester\bins\debug\amd64\syncfabric\tests\testruleprocessor\microsoft.activedirectory.connector.test.testruleprocessor.dll" id="7c1e5291-13c0-65d8-d43c-3aa4c8d8f5be">      <Execution id="ef49cd1d-3691-4e03-a977-b19c1242ca8a" />      <TestMethod codeBase="f:\src\Adiam_Cloud_Nightly_Tester\bins\debug\amd64\SyncFabric\Tests\TestRuleProcessor\Microsoft.ActiveDirectory.Connector.Test.TestRuleProcessor.dll" adapterTypeName="Microsoft.VisualStudio.TestTools.TestTypes.Unit.UnitTestAdapter" className="Microsoft.ActiveDirectory.Connector.Test.SalesForceOutboundDeltaSynchronizationRuleUnitTest" name="Salesforce_TestEvaluationDeltaAddEntryConflictingJoiningPropertyDeleteOldEntry" />    </UnitTest>    <UnitTest name="Salesforce_TestEvaluationDeltaUpdateEntriesSwapJoiningProperties" storage="f:\src\adiam_cloud_nightly_tester\bins\debug\amd64\syncfabric\tests\testruleprocessor\microsoft.activedirectory.connector.test.testruleprocessor.dll" id="5073b2a2-19e9-7963-23a4-1b3a09f51cc9">      <Execution id="54ad97a9-c567-4c15-811a-77bf0c5b7349" />      <TestMethod codeBase="f:\src\Adiam_Cloud_Nightly_Tester\bins\debug\amd64\SyncFabric\Tests\TestRuleProcessor\Microsoft.ActiveDirectory.Connector.Test.TestRuleProcessor.dll" adapterTypeName="Microsoft.VisualStudio.TestTools.TestTypes.Unit.UnitTestAdapter" className="Microsoft.ActiveDirectory.Connector.Test.SalesForceOutboundDeltaSynchronizationRuleUnitTest" name="Salesforce_TestEvaluationDeltaUpdateEntriesSwapJoiningProperties" />    </UnitTest>    <UnitTest name="Salesforce_TestEvaluationDeltaChainJoiningPropertyUpdates" storage="f:\src\adiam_cloud_nightly_tester\bins\debug\amd64\syncfabric\tests\testruleprocessor\microsoft.activedirectory.connector.test.testruleprocessor.dll" id="0a5f03f1-b7c8-910a-7b9b-7ee0568aa3d0">      <Execution id="368927f5-5de5-47b1-99a5-c83483935ede" />      <TestMethod codeBase="f:\src\Adiam_Cloud_Nightly_Tester\bins\debug\amd64\SyncFabric\Tests\TestRuleProcessor\Microsoft.ActiveDirectory.Connector.Test.TestRuleProcessor.dll" adapterTypeName="Microsoft.VisualStudio.TestTools.TestTypes.Unit.UnitTestAdapter" className="Microsoft.ActiveDirectory.Connector.Test.SalesForceOutboundDeltaSynchronizationRuleUnitTest" name="Salesforce_TestEvaluationDeltaChainJoiningPropertyUpdates" />    </UnitTest>    <UnitTest name="Salesforce_TestEvaluationDeltaUpdateEntryNoEntitledAddModifySingleValued" storage="f:\src\adiam_cloud_nightly_tester\bins\debug\amd64\syncfabric\tests\testruleprocessor\microsoft.activedirectory.connector.test.testruleprocessor.dll" id="8fe115ec-8c1e-5434-a83f-361248910d97">      <Execution id="6d6aab3d-6ecd-4924-a16a-55f4438e8b40" />      <TestMethod codeBase="f:\src\Adiam_Cloud_Nightly_Tester\bins\debug\amd64\SyncFabric\Tests\TestRuleProcessor\Microsoft.ActiveDirectory.Connector.Test.TestRuleProcessor.dll" adapterTypeName="Microsoft.VisualStudio.TestTools.TestTypes.Unit.UnitTestAdapter" className="Microsoft.ActiveDirectory.Connector.Test.SalesForceOutboundDeltaSynchronizationRuleUnitTest" name="Salesforce_TestEvaluationDeltaUpdateEntryNoEntitledAddModifySingleValued" />    </UnitTest>    <UnitTest name="Salesforce_TestEvaluationDeltaAddEntryAddModifySingleValued" storage="f:\src\adiam_cloud_nightly_tester\bins\debug\amd64\syncfabric\tests\testruleprocessor\microsoft.activedirectory.connector.test.testruleprocessor.dll" id="1a13a317-bb9f-62ca-2beb-8a9e04c69cdc">      <Execution id="e3c8d771-5c93-463c-82ea-701d526bd573" />      <TestMethod codeBase="f:\src\Adiam_Cloud_Nightly_Tester\bins\debug\amd64\SyncFabric\Tests\TestRuleProcessor\Microsoft.ActiveDirectory.Connector.Test.TestRuleProcessor.dll" adapterTypeName="Microsoft.VisualStudio.TestTools.TestTypes.Unit.UnitTestAdapter" className="Microsoft.ActiveDirectory.Connector.Test.SalesForceOutboundDeltaSynchronizationRuleUnitTest" name="Salesforce_TestEvaluationDeltaAddEntryAddModifySingleValued" />    </UnitTest>    <UnitTest name="Salesforce_TestEvaluationDeltaAddEntry" storage="f:\src\adiam_cloud_nightly_tester\bins\debug\amd64\syncfabric\tests\testruleprocessor\microsoft.activedirectory.connector.test.testruleprocessor.dll" id="0f13609d-5060-85cb-ff2f-802b6dc3eb61">      <Execution id="fac8c4b9-7ac5-47a7-85b8-3d93c503d8b7" />      <TestMethod codeBase="f:\src\Adiam_Cloud_Nightly_Tester\bins\debug\amd64\SyncFabric\Tests\TestRuleProcessor\Microsoft.ActiveDirectory.Connector.Test.TestRuleProcessor.dll" adapterTypeName="Microsoft.VisualStudio.TestTools.TestTypes.Unit.UnitTestAdapter" className="Microsoft.ActiveDirectory.Connector.Test.SalesForceOutboundDeltaSynchronizationRuleUnitTest" name="Salesforce_TestEvaluationDeltaAddEntry" />    </UnitTest>    <UnitTest name="Salesforce_TestEvaluationDeltaAddUpdateEntryWithMultipleGrants" storage="f:\src\adiam_cloud_nightly_tester\bins\debug\amd64\syncfabric\tests\testruleprocessor\microsoft.activedirectory.connector.test.testruleprocessor.dll" id="1cde2d7b-9d41-3a8c-3f86-8e2f1b9defc1">      <Execution id="dd616e59-e3ee-4aaa-82dc-b46fadc85af9" />      <TestMethod codeBase="f:\src\Adiam_Cloud_Nightly_Tester\bins\debug\amd64\SyncFabric\Tests\TestRuleProcessor\Microsoft.ActiveDirectory.Connector.Test.TestRuleProcessor.dll" adapterTypeName="Microsoft.VisualStudio.TestTools.TestTypes.Unit.UnitTestAdapter" className="Microsoft.ActiveDirectory.Connector.Test.SalesForceOutboundDeltaSynchronizationRuleUnitTest" name="Salesforce_TestEvaluationDeltaAddUpdateEntryWithMultipleGrants" />    </UnitTest>    <UnitTest name="Salesforce_TestEvaluationDeltaUpdateEntryWithNoProperties" storage="f:\src\adiam_cloud_nightly_tester\bins\debug\amd64\syncfabric\tests\testruleprocessor\microsoft.activedirectory.connector.test.testruleprocessor.dll" id="8b162b16-c318-cd7e-6122-f1a807ec27d6">      <Execution id="8b8001ab-47ec-4b35-a02c-6fdbf15fc6b0" />      <TestMethod codeBase="f:\src\Adiam_Cloud_Nightly_Tester\bins\debug\amd64\SyncFabric\Tests\TestRuleProcessor\Microsoft.ActiveDirectory.Connector.Test.TestRuleProcessor.dll" adapterTypeName="Microsoft.VisualStudio.TestTools.TestTypes.Unit.UnitTestAdapter" className="Microsoft.ActiveDirectory.Connector.Test.SalesForceOutboundDeltaSynchronizationRuleUnitTest" name="Salesforce_TestEvaluationDeltaUpdateEntryWithNoProperties" />    </UnitTest>    <UnitTest name="Salesforce_TestEvaluationDeltaAddEntryWithEmptyLast" storage="f:\src\adiam_cloud_nightly_tester\bins\debug\amd64\syncfabric\tests\testruleprocessor\microsoft.activedirectory.connector.test.testruleprocessor.dll" id="6c70d5eb-3a0d-4028-0836-da5c44aac304">      <Execution id="b32618e0-654a-493d-bace-ba9e4c2c68f9" />      <TestMethod codeBase="f:\src\Adiam_Cloud_Nightly_Tester\bins\debug\amd64\SyncFabric\Tests\TestRuleProcessor\Microsoft.ActiveDirectory.Connector.Test.TestRuleProcessor.dll" adapterTypeName="Microsoft.VisualStudio.TestTools.TestTypes.Unit.UnitTestAdapter" className="Microsoft.ActiveDirectory.Connector.Test.SalesForceOutboundDeltaSynchronizationRuleUnitTest" name="Salesforce_TestEvaluationDeltaAddEntryWithEmptyLast" />    </UnitTest>    <UnitTest name="Salesforce_TestEvaluationDeltaAddUpdateEntryWithEmptyLast" storage="f:\src\adiam_cloud_nightly_tester\bins\debug\amd64\syncfabric\tests\testruleprocessor\microsoft.activedirectory.connector.test.testruleprocessor.dll" id="e15155ad-2ca9-c6a0-7b74-393cf6a52d84">      <Execution id="956e93dd-f169-474a-b96e-fca69c1ace9f" />      <TestMethod codeBase="f:\src\Adiam_Cloud_Nightly_Tester\bins\debug\amd64\SyncFabric\Tests\TestRuleProcessor\Microsoft.ActiveDirectory.Connector.Test.TestRuleProcessor.dll" adapterTypeName="Microsoft.VisualStudio.TestTools.TestTypes.Unit.UnitTestAdapter" className="Microsoft.ActiveDirectory.Connector.Test.SalesForceOutboundDeltaSynchronizationRuleUnitTest" name="Salesforce_TestEvaluationDeltaAddUpdateEntryWithEmptyLast" />    </UnitTest>    <UnitTest name="Salesforce_TestEvaluationDeltaAddUpdateEntrySoftMatchEmail" storage="f:\src\adiam_cloud_nightly_tester\bins\debug\amd64\syncfabric\tests\testruleprocessor\microsoft.activedirectory.connector.test.testruleprocessor.dll" id="ce4a17e4-e7bd-49f8-9f79-269e2d393b65">      <Execution id="6a99145c-7bc7-4e72-8dc3-7e1897944acd" />      <TestMethod codeBase="f:\src\Adiam_Cloud_Nightly_Tester\bins\debug\amd64\SyncFabric\Tests\TestRuleProcessor\Microsoft.ActiveDirectory.Connector.Test.TestRuleProcessor.dll" adapterTypeName="Microsoft.VisualStudio.TestTools.TestTypes.Unit.UnitTestAdapter" className="Microsoft.ActiveDirectory.Connector.Test.SalesForceOutboundDeltaSynchronizationRuleUnitTest" name="Salesforce_TestEvaluationDeltaAddUpdateEntrySoftMatchEmail" />    </UnitTest>    <UnitTest name="Salesforce_TestEvaluationDeltaAddEntrySoftDeleteReactivation" storage="f:\src\adiam_cloud_nightly_tester\bins\debug\amd64\syncfabric\tests\testruleprocessor\microsoft.activedirectory.connector.test.testruleprocessor.dll" id="133f4025-27bd-954b-fbd4-812838db0b33">      <Execution id="4da27718-1645-4c6e-9a49-eaf95ae71f2e" />      <TestMethod codeBase="f:\src\Adiam_Cloud_Nightly_Tester\bins\debug\amd64\SyncFabric\Tests\TestRuleProcessor\Microsoft.ActiveDirectory.Connector.Test.TestRuleProcessor.dll" adapterTypeName="Microsoft.VisualStudio.TestTools.TestTypes.Unit.UnitTestAdapter" className="Microsoft.ActiveDirectory.Connector.Test.SalesForceOutboundDeltaSynchronizationRuleUnitTest" name="Salesforce_TestEvaluationDeltaAddEntrySoftDeleteReactivation" />    </UnitTest>    <UnitTest name="Salesforce_TestEvaluationDeltaDeleteEntry" storage="f:\src\adiam_cloud_nightly_tester\bins\debug\amd64\syncfabric\tests\testruleprocessor\microsoft.activedirectory.connector.test.testruleprocessor.dll" id="489c968b-b880-5fc8-bd0b-6eba1dfa4aa5">      <Execution id="fd6cbcd8-9c72-440e-bc15-c69597b1ab83" />      <TestMethod codeBase="f:\src\Adiam_Cloud_Nightly_Tester\bins\debug\amd64\SyncFabric\Tests\TestRuleProcessor\Microsoft.ActiveDirectory.Connector.Test.TestRuleProcessor.dll" adapterTypeName="Microsoft.VisualStudio.TestTools.TestTypes.Unit.UnitTestAdapter" className="Microsoft.ActiveDirectory.Connector.Test.SalesForceOutboundDeltaSynchronizationRuleUnitTest" name="Salesforce_TestEvaluationDeltaDeleteEntry" />    </UnitTest>    <UnitTest name="Salesforce_NewCorp_TestEvaluationDeltaAddEntry" storage="f:\src\adiam_cloud_nightly_tester\bins\debug\amd64\syncfabric\tests\testruleprocessor\microsoft.activedirectory.connector.test.testruleprocessor.dll" id="fb9792fa-75e3-20db-19bd-ef45b841138e">      <Execution id="4a9d31d9-42b9-48f2-aa0e-53e7ee1187ad" />      <TestMethod codeBase="f:\src\Adiam_Cloud_Nightly_Tester\bins\debug\amd64\SyncFabric\Tests\TestRuleProcessor\Microsoft.ActiveDirectory.Connector.Test.TestRuleProcessor.dll" adapterTypeName="Microsoft.VisualStudio.TestTools.TestTypes.Unit.UnitTestAdapter" className="Microsoft.ActiveDirectory.Connector.Test.SalesForceOutboundDeltaSynchronizationRuleUnitTest" name="Salesforce_NewCorp_TestEvaluationDeltaAddEntry" />    </UnitTest>    <UnitTest name="SalesforceSandbox_NewCorp_TestEvaluationDeltaAddEntry" storage="f:\src\adiam_cloud_nightly_tester\bins\debug\amd64\syncfabric\tests\testruleprocessor\microsoft.activedirectory.connector.test.testruleprocessor.dll" id="5508897a-23b9-1a65-d1ac-d3e0b8b09507">      <Execution id="949ce1e6-6fb0-4d20-ad8b-b8c836c68720" />      <TestMethod codeBase="f:\src\Adiam_Cloud_Nightly_Tester\bins\debug\amd64\SyncFabric\Tests\TestRuleProcessor\Microsoft.ActiveDirectory.Connector.Test.TestRuleProcessor.dll" adapterTypeName="Microsoft.VisualStudio.TestTools.TestTypes.Unit.UnitTestAdapter" className="Microsoft.ActiveDirectory.Connector.Test.SalesForceOutboundDeltaSynchronizationRuleUnitTest" name="SalesforceSandbox_NewCorp_TestEvaluationDeltaAddEntry" />    </UnitTest>    <UnitTest name="TestEvaluationAddEntry" storage="f:\src\adiam_cloud_nightly_tester\bins\debug\amd64\syncfabric\tests\testruleprocessor\microsoft.activedirectory.connector.test.testruleprocessor.dll" id="d356ddf5-0e19-09c0-c2fa-f401bec05e78">      <Execution id="9a0c1920-cc74-4c74-94db-1a33e54a3ba3" />      <TestMethod codeBase="f:\src\Adiam_Cloud_Nightly_Tester\bins\debug\amd64\SyncFabric\Tests\TestRuleProcessor\Microsoft.ActiveDirectory.Connector.Test.TestRuleProcessor.dll" adapterTypeName="Microsoft.VisualStudio.TestTools.TestTypes.Unit.UnitTestAdapter" className="Microsoft.ActiveDirectory.Connector.Test.SimpleCloudIdentityManagementOutboundSynchronizationRuleUnitTest" name="TestEvaluationAddEntry" />    </UnitTest>    <UnitTest name="TestEvaluationAddEntriesFullImport" storage="f:\src\adiam_cloud_nightly_tester\bins\debug\amd64\syncfabric\tests\testruleprocessor\microsoft.activedirectory.connector.test.testruleprocessor.dll" id="a6ccdbec-7c1b-7248-8151-1e4172fe1694">      <Execution id="eff5603b-b2c5-420c-b9b8-977463e9b393" />      <TestMethod codeBase="f:\src\Adiam_Cloud_Nightly_Tester\bins\debug\amd64\SyncFabric\Tests\TestRuleProcessor\Microsoft.ActiveDirectory.Connector.Test.TestRuleProcessor.dll" adapterTypeName="Microsoft.VisualStudio.TestTools.TestTypes.Unit.UnitTestAdapter" className="Microsoft.ActiveDirectory.Connector.Test.SalesForceOutboundSynchronizationRuleUnitTest" name="TestEvaluationAddEntriesFullImport" />    </UnitTest>    <UnitTest name="TestEvaluationAddEntry" storage="f:\src\adiam_cloud_nightly_tester\bins\debug\amd64\syncfabric\tests\testruleprocessor\microsoft.activedirectory.connector.test.testruleprocessor.dll" id="37e1099d-2930-51bf-2b04-45431403a844">      <Execution id="f72d31ae-515b-4603-8a5d-b54e6f4fc727" />      <TestMethod codeBase="f:\src\Adiam_Cloud_Nightly_Tester\bins\debug\amd64\SyncFabric\Tests\TestRuleProcessor\Microsoft.ActiveDirectory.Connector.Test.TestRuleProcessor.dll" adapterTypeName="Microsoft.VisualStudio.TestTools.TestTypes.Unit.UnitTestAdapter" className="Microsoft.ActiveDirectory.Connector.Test.SalesForceOutboundSynchronizationRuleUnitTest" name="TestEvaluationAddEntry" />    </UnitTest>    <UnitTest name="TestEvaluationAddEntryForExistingSoftDeletedUser" storage="f:\src\adiam_cloud_nightly_tester\bins\debug\amd64\syncfabric\tests\testruleprocessor\microsoft.activedirectory.connector.test.testruleprocessor.dll" id="bcf322c6-9d9c-e86e-0623-1328f8498152">      <Execution id="216aec9d-c64d-4c8c-be5d-3f1777f6dd2b" />      <TestMethod codeBase="f:\src\Adiam_Cloud_Nightly_Tester\bins\debug\amd64\SyncFabric\Tests\TestRuleProcessor\Microsoft.ActiveDirectory.Connector.Test.TestRuleProcessor.dll" adapterTypeName="Microsoft.VisualStudio.TestTools.TestTypes.Unit.UnitTestAdapter" className="Microsoft.ActiveDirectory.Connector.Test.SalesForceOutboundSynchronizationRuleUnitTest" name="TestEvaluationAddEntryForExistingSoftDeletedUser" />    </UnitTest>    <UnitTest name="TestEvaluationAddUpdateEntryWithEntitlements" storage="f:\src\adiam_cloud_nightly_tester\bins\debug\amd64\syncfabric\tests\testruleprocessor\microsoft.activedirectory.connector.test.testruleprocessor.dll" id="dca28467-50ab-e2d2-6db6-df0eb8172821">      <Execution id="d54d1291-41bc-494d-baa6-1278b8611468" />      <TestMethod codeBase="f:\src\Adiam_Cloud_Nightly_Tester\bins\debug\amd64\SyncFabric\Tests\TestRuleProcessor\Microsoft.ActiveDirectory.Connector.Test.TestRuleProcessor.dll" adapterTypeName="Microsoft.VisualStudio.TestTools.TestTypes.Unit.UnitTestAdapter" className="Microsoft.ActiveDirectory.Connector.Test.SalesForceOutboundSynchronizationRuleUnitTest" name="TestEvaluationAddUpdateEntryWithEntitlements" />    </UnitTest>    <UnitTest name="TestEvaluationAddEntryWithLastNameEmpty" storage="f:\src\adiam_cloud_nightly_tester\bins\debug\amd64\syncfabric\tests\testruleprocessor\microsoft.activedirectory.connector.test.testruleprocessor.dll" id="c2939ce9-c8dd-1b53-453e-34eece35106c">      <Execution id="29a00a75-035b-400c-90a2-7d7f66f562f7" />      <TestMethod codeBase="f:\src\Adiam_Cloud_Nightly_Tester\bins\debug\amd64\SyncFabric\Tests\TestRuleProcessor\Microsoft.ActiveDirectory.Connector.Test.TestRuleProcessor.dll" adapterTypeName="Microsoft.VisualStudio.TestTools.TestTypes.Unit.UnitTestAdapter" className="Microsoft.ActiveDirectory.Connector.Test.SalesForceOutboundSynchronizationRuleUnitTest" name="TestEvaluationAddEntryWithLastNameEmpty" />    </UnitTest>    <UnitTest name="TestEvaluationAddUpdateEntryWithLastNameEmpty" storage="f:\src\adiam_cloud_nightly_tester\bins\debug\amd64\syncfabric\tests\testruleprocessor\microsoft.activedirectory.connector.test.testruleprocessor.dll" id="c0fdd524-ebb4-4c6f-1ae1-8480f8bc304c">      <Execution id="375773ce-a345-4559-b2fe-934b8e423349" />      <TestMethod codeBase="f:\src\Adiam_Cloud_Nightly_Tester\bins\debug\amd64\SyncFabric\Tests\TestRuleProcessor\Microsoft.ActiveDirectory.Connector.Test.TestRuleProcessor.dll" adapterTypeName="Microsoft.VisualStudio.TestTools.TestTypes.Unit.UnitTestAdapter" className="Microsoft.ActiveDirectory.Connector.Test.SalesForceOutboundSynchronizationRuleUnitTest" name="TestEvaluationAddUpdateEntryWithLastNameEmpty" />    </UnitTest>    <UnitTest name="TestEvaluationDeleteEntry" storage="f:\src\adiam_cloud_nightly_tester\bins\debug\amd64\syncfabric\tests\testruleprocessor\microsoft.activedirectory.connector.test.testruleprocessor.dll" id="34aae3b4-4dbb-a429-3b4c-908d986b466e">      <Execution id="07195a52-7021-434c-b2cb-3aa2310ffc6b" />      <TestMethod codeBase="f:\src\Adiam_Cloud_Nightly_Tester\bins\debug\amd64\SyncFabric\Tests\TestRuleProcessor\Microsoft.ActiveDirectory.Connector.Test.TestRuleProcessor.dll" adapterTypeName="Microsoft.VisualStudio.TestTools.TestTypes.Unit.UnitTestAdapter" className="Microsoft.ActiveDirectory.Connector.Test.SalesForceOutboundSynchronizationRuleUnitTest" name="TestEvaluationDeleteEntry" />    </UnitTest>    <UnitTest name="TestEvaluationDeleteAdminEntry" storage="f:\src\adiam_cloud_nightly_tester\bins\debug\amd64\syncfabric\tests\testruleprocessor\microsoft.activedirectory.connector.test.testruleprocessor.dll" id="1aa8b70a-b8eb-cae3-a307-3dbd4f25086c">      <Execution id="1eb44a47-7aa4-4afc-8c91-fa394e9d97b8" />      <TestMethod codeBase="f:\src\Adiam_Cloud_Nightly_Tester\bins\debug\amd64\SyncFabric\Tests\TestRuleProcessor\Microsoft.ActiveDirectory.Connector.Test.TestRuleProcessor.dll" adapterTypeName="Microsoft.VisualStudio.TestTools.TestTypes.Unit.UnitTestAdapter" className="Microsoft.ActiveDirectory.Connector.Test.SalesForceOutboundSynchronizationRuleUnitTest" name="TestEvaluationDeleteAdminEntry" />    </UnitTest>    <UnitTest name="TestEvaluationUpdateEntryAddProperty" storage="f:\src\adiam_cloud_nightly_tester\bins\debug\amd64\syncfabric\tests\testruleprocessor\microsoft.activedirectory.connector.test.testruleprocessor.dll" id="e641d876-5e5a-c584-d6d1-cc06b1218347">      <Execution id="6aba72b4-b239-4a09-88c0-741a0224e4b6" />      <TestMethod codeBase="f:\src\Adiam_Cloud_Nightly_Tester\bins\debug\amd64\SyncFabric\Tests\TestRuleProcessor\Microsoft.ActiveDirectory.Connector.Test.TestRuleProcessor.dll" adapterTypeName="Microsoft.VisualStudio.TestTools.TestTypes.Unit.UnitTestAdapter" className="Microsoft.ActiveDirectory.Connector.Test.SalesForceOutboundSynchronizationRuleUnitTest" name="TestEvaluationUpdateEntryAddProperty" />    </UnitTest>    <UnitTest name="TestEvaluationUpdateEntry" storage="f:\src\adiam_cloud_nightly_tester\bins\debug\amd64\syncfabric\tests\testruleprocessor\microsoft.activedirectory.connector.test.testruleprocessor.dll" id="4b6aef25-149d-bb6d-7b29-a5a7f15e7ee4">      <Execution id="95d5d3ae-dab7-4667-973f-1d343fb34e7b" />      <TestMethod codeBase="f:\src\Adiam_Cloud_Nightly_Tester\bins\debug\amd64\SyncFabric\Tests\TestRuleProcessor\Microsoft.ActiveDirectory.Connector.Test.TestRuleProcessor.dll" adapterTypeName="Microsoft.VisualStudio.TestTools.TestTypes.Unit.UnitTestAdapter" className="Microsoft.ActiveDirectory.Connector.Test.SalesForceOutboundSynchronizationRuleUnitTest" name="TestEvaluationUpdateEntry" />    </UnitTest>    <UnitTest name="TestEvaluationUpdateEntryModifyJoiningProperty" storage="f:\src\adiam_cloud_nightly_tester\bins\debug\amd64\syncfabric\tests\testruleprocessor\microsoft.activedirectory.connector.test.testruleprocessor.dll" id="aecf9cf5-4d17-afeb-52be-72d9e2818a7e">      <Execution id="cb8d1884-d6c6-40c1-9e1d-40150992a713" />      <TestMethod codeBase="f:\src\Adiam_Cloud_Nightly_Tester\bins\debug\amd64\SyncFabric\Tests\TestRuleProcessor\Microsoft.ActiveDirectory.Connector.Test.TestRuleProcessor.dll" adapterTypeName="Microsoft.VisualStudio.TestTools.TestTypes.Unit.UnitTestAdapter" className="Microsoft.ActiveDirectory.Connector.Test.SalesForceOutboundSynchronizationRuleUnitTest" name="TestEvaluationUpdateEntryModifyJoiningProperty" />    </UnitTest>    <UnitTest name="TestEvaluationUpdateEntryModifyPropertyAddValue" storage="f:\src\adiam_cloud_nightly_tester\bins\debug\amd64\syncfabric\tests\testruleprocessor\microsoft.activedirectory.connector.test.testruleprocessor.dll" id="2bf76d00-0b2d-4d2a-ed7b-40b84b94f276">      <Execution id="13ae8ea8-0a9d-4d0c-aa5a-9d5b819ad9eb" />      <TestMethod codeBase="f:\src\Adiam_Cloud_Nightly_Tester\bins\debug\amd64\SyncFabric\Tests\TestRuleProcessor\Microsoft.ActiveDirectory.Connector.Test.TestRuleProcessor.dll" adapterTypeName="Microsoft.VisualStudio.TestTools.TestTypes.Unit.UnitTestAdapter" className="Microsoft.ActiveDirectory.Connector.Test.SalesForceOutboundSynchronizationRuleUnitTest" name="TestEvaluationUpdateEntryModifyPropertyAddValue" />    </UnitTest>    <UnitTest name="TestEvaluationUpdateEntryModifyPropertyChangeEmptyPluralValue" storage="f:\src\adiam_cloud_nightly_tester\bins\debug\amd64\syncfabric\tests\testruleprocessor\microsoft.activedirectory.connector.test.testruleprocessor.dll" id="aaf7673c-3690-47d3-6bb5-482c5f24f213">      <Execution id="98365ec7-c06b-4fd3-8540-4c6dd9cc4c69" />      <TestMethod codeBase="f:\src\Adiam_Cloud_Nightly_Tester\bins\debug\amd64\SyncFabric\Tests\TestRuleProcessor\Microsoft.ActiveDirectory.Connector.Test.TestRuleProcessor.dll" adapterTypeName="Microsoft.VisualStudio.TestTools.TestTypes.Unit.UnitTestAdapter" className="Microsoft.ActiveDirectory.Connector.Test.SalesForceOutboundSynchronizationRuleUnitTest" name="TestEvaluationUpdateEntryModifyPropertyChangeEmptyPluralValue" />    </UnitTest>    <UnitTest name="TestEvaluationUpdateEntryModifyPropertyChangeEmptySingleValue" storage="f:\src\adiam_cloud_nightly_tester\bins\debug\amd64\syncfabric\tests\testruleprocessor\microsoft.activedirectory.connector.test.testruleprocessor.dll" id="6c61fe55-e50a-5bef-e67f-90b4f89cdc54">      <Execution id="f1263a78-4438-4722-9ca2-41f2238dde67" />      <TestMethod codeBase="f:\src\Adiam_Cloud_Nightly_Tester\bins\debug\amd64\SyncFabric\Tests\TestRuleProcessor\Microsoft.ActiveDirectory.Connector.Test.TestRuleProcessor.dll" adapterTypeName="Microsoft.VisualStudio.TestTools.TestTypes.Unit.UnitTestAdapter" className="Microsoft.ActiveDirectory.Connector.Test.SalesForceOutboundSynchronizationRuleUnitTest" name="TestEvaluationUpdateEntryModifyPropertyChangeEmptySingleValue" />    </UnitTest>    <UnitTest name="TestEvaluationUpdateEntryModifyPropertyChangePluralValue" storage="f:\src\adiam_cloud_nightly_tester\bins\debug\amd64\syncfabric\tests\testruleprocessor\microsoft.activedirectory.connector.test.testruleprocessor.dll" id="9876eb3a-4910-7af4-5024-31e212a1cbdc">      <Execution id="dc474476-9608-4696-a74b-d5f1ebd86b5f" />      <TestMethod codeBase="f:\src\Adiam_Cloud_Nightly_Tester\bins\debug\amd64\SyncFabric\Tests\TestRuleProcessor\Microsoft.ActiveDirectory.Connector.Test.TestRuleProcessor.dll" adapterTypeName="Microsoft.VisualStudio.TestTools.TestTypes.Unit.UnitTestAdapter" className="Microsoft.ActiveDirectory.Connector.Test.SalesForceOutboundSynchronizationRuleUnitTest" name="TestEvaluationUpdateEntryModifyPropertyChangePluralValue" />    </UnitTest>    <UnitTest name="TestEvaluationUpdateEntryModifyPropertyChangeSingleValue" storage="f:\src\adiam_cloud_nightly_tester\bins\debug\amd64\syncfabric\tests\testruleprocessor\microsoft.activedirectory.connector.test.testruleprocessor.dll" id="b7625cf1-b610-5d13-4f12-32d6876d6336">      <Execution id="79073cec-c25e-41f8-bbae-9d86c9390b60" />      <TestMethod codeBase="f:\src\Adiam_Cloud_Nightly_Tester\bins\debug\amd64\SyncFabric\Tests\TestRuleProcessor\Microsoft.ActiveDirectory.Connector.Test.TestRuleProcessor.dll" adapterTypeName="Microsoft.VisualStudio.TestTools.TestTypes.Unit.UnitTestAdapter" className="Microsoft.ActiveDirectory.Connector.Test.SalesForceOutboundSynchronizationRuleUnitTest" name="TestEvaluationUpdateEntryModifyPropertyChangeSingleValue" />    </UnitTest>    <UnitTest name="TestEvaluationUpdateEntryRemoveProperty" storage="f:\src\adiam_cloud_nightly_tester\bins\debug\amd64\syncfabric\tests\testruleprocessor\microsoft.activedirectory.connector.test.testruleprocessor.dll" id="b4c8e0ce-bbde-31a2-0dfc-06e4ee0b7201">      <Execution id="a072ec17-8f18-42cc-a202-983dc99ffe37" />      <TestMethod codeBase="f:\src\Adiam_Cloud_Nightly_Tester\bins\debug\amd64\SyncFabric\Tests\TestRuleProcessor\Microsoft.ActiveDirectory.Connector.Test.TestRuleProcessor.dll" adapterTypeName="Microsoft.VisualStudio.TestTools.TestTypes.Unit.UnitTestAdapter" className="Microsoft.ActiveDirectory.Connector.Test.SalesForceOutboundSynchronizationRuleUnitTest" name="TestEvaluationUpdateEntryRemoveProperty" />    </UnitTest>    <UnitTest name="TestEvaluationUpdateEntryModifyPropertyRemoveValue" storage="f:\src\adiam_cloud_nightly_tester\bins\debug\amd64\syncfabric\tests\testruleprocessor\microsoft.activedirectory.connector.test.testruleprocessor.dll" id="ec73293f-e87e-9a28-c7ec-c7e7a51aecd2">      <Execution id="f1551e21-b3fd-4b45-b3a5-1f120f241faf" />      <TestMethod codeBase="f:\src\Adiam_Cloud_Nightly_Tester\bins\debug\amd64\SyncFabric\Tests\TestRuleProcessor\Microsoft.ActiveDirectory.Connector.Test.TestRuleProcessor.dll" adapterTypeName="Microsoft.VisualStudio.TestTools.TestTypes.Unit.UnitTestAdapter" className="Microsoft.ActiveDirectory.Connector.Test.SalesForceOutboundSynchronizationRuleUnitTest" name="TestEvaluationUpdateEntryModifyPropertyRemoveValue" />    </UnitTest>    <UnitTest name="TestEvaluationUpdateEntryReplaceProperty" storage="f:\src\adiam_cloud_nightly_tester\bins\debug\amd64\syncfabric\tests\testruleprocessor\microsoft.activedirectory.connector.test.testruleprocessor.dll" id="4831ce1f-f2db-4c4d-9f80-ff2586afc23c">      <Execution id="be4772d4-3f25-4144-ac07-1911334662e1" />      <TestMethod codeBase="f:\src\Adiam_Cloud_Nightly_Tester\bins\debug\amd64\SyncFabric\Tests\TestRuleProcessor\Microsoft.ActiveDirectory.Connector.Test.TestRuleProcessor.dll" adapterTypeName="Microsoft.VisualStudio.TestTools.TestTypes.Unit.UnitTestAdapter" className="Microsoft.ActiveDirectory.Connector.Test.SalesForceOutboundSynchronizationRuleUnitTest" name="TestEvaluationUpdateEntryReplaceProperty" />    </UnitTest>    <UnitTest name="TestEvaluationAddEntriesFullImport" storage="f:\src\adiam_cloud_nightly_tester\bins\debug\amd64\syncfabric\tests\testruleprocessor\microsoft.activedirectory.connector.test.testruleprocessor.dll" id="b04e7110-5a79-ead1-0b2d-421790c1c9a0">      <Execution id="69f70749-e5e7-415a-a286-a939b4133478" />      <TestMethod codeBase="f:\src\Adiam_Cloud_Nightly_Tester\bins\debug\amd64\SyncFabric\Tests\TestRuleProcessor\Microsoft.ActiveDirectory.Connector.Test.TestRuleProcessor.dll" adapterTypeName="Microsoft.VisualStudio.TestTools.TestTypes.Unit.UnitTestAdapter" className="Microsoft.ActiveDirectory.Connector.Test.QuickBooksOnlineInboundSynchronizationRuleUnitTest" name="TestEvaluationAddEntriesFullImport" />    </UnitTest>    <UnitTest name="TestEntryMappingFunctionReplaceProcessing" storage="f:\src\adiam_cloud_nightly_tester\bins\debug\amd64\syncfabric\tests\testruleprocessor\microsoft.activedirectory.connector.test.testruleprocessor.dll" id="0d727253-2a41-8689-dfc6-0370fb4678e3">      <Execution id="0fe1126d-5cbc-4b59-95a3-90f6a05ae36d" />      <TestMethod codeBase="f:\src\Adiam_Cloud_Nightly_Tester\bins\debug\amd64\SyncFabric\Tests\TestRuleProcessor\Microsoft.ActiveDirectory.Connector.Test.TestRuleProcessor.dll" adapterTypeName="Microsoft.VisualStudio.TestTools.TestTypes.Unit.UnitTestAdapter" className="Microsoft.ActiveDirectory.Connector.Test.EntryMappingFunctionProcessingTest" name="TestEntryMappingFunctionReplaceProcessing" />    </UnitTest>    <UnitTest name="TestEntryMappingFunctionDictionaryProcessing" storage="f:\src\adiam_cloud_nightly_tester\bins\debug\amd64\syncfabric\tests\testruleprocessor\microsoft.activedirectory.connector.test.testruleprocessor.dll" id="aad8092e-7726-fd6d-1c2e-3c1a51611329">      <Execution id="2bbf5544-b559-4437-93c2-2c96049c5c53" />      <TestMethod codeBase="f:\src\Adiam_Cloud_Nightly_Tester\bins\debug\amd64\SyncFabric\Tests\TestRuleProcessor\Microsoft.ActiveDirectory.Connector.Test.TestRuleProcessor.dll" adapterTypeName="Microsoft.VisualStudio.TestTools.TestTypes.Unit.UnitTestAdapter" className="Microsoft.ActiveDirectory.Connector.Test.EntryMappingFunctionProcessingTest" name="TestEntryMappingFunctionDictionaryProcessing" />    </UnitTest>    <UnitTest name="TestEntryMappingFunctionSwitchProcessing" storage="f:\src\adiam_cloud_nightly_tester\bins\debug\amd64\syncfabric\tests\testruleprocessor\microsoft.activedirectory.connector.test.testruleprocessor.dll" id="61712ccb-1eb1-bed1-cdbc-971301eaab09">      <Execution id="9589e2a3-386c-4f13-8ceb-231e212abca0" />      <TestMethod codeBase="f:\src\Adiam_Cloud_Nightly_Tester\bins\debug\amd64\SyncFabric\Tests\TestRuleProcessor\Microsoft.ActiveDirectory.Connector.Test.TestRuleProcessor.dll" adapterTypeName="Microsoft.VisualStudio.TestTools.TestTypes.Unit.UnitTestAdapter" className="Microsoft.ActiveDirectory.Connector.Test.EntryMappingFunctionProcessingTest" name="TestEntryMappingFunctionSwitchProcessing" />    </UnitTest>    <UnitTest name="TestEntryMappingFunctionNaryOperatorConcatenateProcessing" storage="f:\src\adiam_cloud_nightly_tester\bins\debug\amd64\syncfabric\tests\testruleprocessor\microsoft.activedirectory.connector.test.testruleprocessor.dll" id="27937de2-b44e-f2c7-a270-383b2fc7d892">      <Execution id="9d6f4ea3-4071-48a7-b6c0-818d43af59a6" />      <TestMethod codeBase="f:\src\Adiam_Cloud_Nightly_Tester\bins\debug\amd64\SyncFabric\Tests\TestRuleProcessor\Microsoft.ActiveDirectory.Connector.Test.TestRuleProcessor.dll" adapterTypeName="Microsoft.VisualStudio.TestTools.TestTypes.Unit.UnitTestAdapter" className="Microsoft.ActiveDirectory.Connector.Test.EntryMappingFunctionProcessingTest" name="TestEntryMappingFunctionNaryOperatorConcatenateProcessing" />    </UnitTest>    <UnitTest name="TestSchedule" storage="f:\src\adiam_cloud_nightly_tester\bins\debug\amd64\syncfabric\tests\testschedulerwithcloudqueue\microsoft.activedirectory.connector.test.testschedulerwithcloudqueue.dll" id="80f7ea4b-b051-1cb3-0bce-bfe18bb3a52a">      <Execution id="e2fc7b92-98f4-471b-957e-bd5bfa002bb2" />      <TestMethod codeBase="f:\src\Adiam_Cloud_Nightly_Tester\bins\debug\amd64\SyncFabric\Tests\TestSchedulerWithCloudQueue\Microsoft.ActiveDirectory.Connector.Test.TestSchedulerWithCloudQueue.dll" adapterTypeName="Microsoft.VisualStudio.TestTools.TestTypes.Unit.UnitTestAdapter" className="Microsoft.ActiveDirectory.Connector.Test.SchedulerCloudQueueUnitTest" name="TestSchedule" />    </UnitTest>    <UnitTest name="TestMatchProfile" storage="f:\src\adiam_cloud_nightly_tester\bins\debug\amd64\syncfabric\tests\testschedulerwithcloudstorage\microsoft.activedirectory.connector.test.testschedulerwithcloudstorage.dll" id="4238bff1-0553-0361-e7b1-593798ef598d">      <Execution id="60f0c6ef-d240-4b8b-8c0c-efa0695e4542" />      <TestMethod codeBase="f:\src\Adiam_Cloud_Nightly_Tester\bins\debug\amd64\SyncFabric\Tests\TestSchedulerWithCloudStorage\Microsoft.ActiveDirectory.Connector.Test.TestSchedulerWithCloudStorage.dll" adapterTypeName="Microsoft.VisualStudio.TestTools.TestTypes.Unit.UnitTestAdapter" className="Microsoft.ActiveDirectory.Connector.Test.SchedulerUnitTestWithCloudStorage" name="TestMatchProfile" />    </UnitTest>    <UnitTest name="TestUpdate" storage="f:\src\adiam_cloud_nightly_tester\bins\debug\amd64\syncfabric\tests\testschedulerwithcloudstorage\microsoft.activedirectory.connector.test.testschedulerwithcloudstorage.dll" id="975d9ec3-8d37-f50b-6de5-3a6a8dcbea98">      <Execution id="70b59400-cfba-4cac-821f-52b9335afdff" />      <TestMethod codeBase="f:\src\Adiam_Cloud_Nightly_Tester\bins\debug\amd64\SyncFabric\Tests\TestSchedulerWithCloudStorage\Microsoft.ActiveDirectory.Connector.Test.TestSchedulerWithCloudStorage.dll" adapterTypeName="Microsoft.VisualStudio.TestTools.TestTypes.Unit.UnitTestAdapter" className="Microsoft.ActiveDirectory.Connector.Test.SchedulerUnitTestWithCloudStorage" name="TestUpdate" />    </UnitTest>    <UnitTest name="TestCounters" storage="f:\src\adiam_cloud_nightly_tester\bins\debug\amd64\syncfabric\tests\testcounters\microsoft.activedirectory.connector.test.testcounters.dll" id="3329b68e-2e30-cf77-779a-36597daab0fb">      <Execution id="e2176a6a-1147-4b64-ab81-13217cb685dc" />      <TestMethod codeBase="f:\src\Adiam_Cloud_Nightly_Tester\bins\debug\amd64\SyncFabric\Tests\TestCounters\Microsoft.ActiveDirectory.Connector.Test.TestCounters.dll" adapterTypeName="Microsoft.VisualStudio.TestTools.TestTypes.Unit.UnitTestAdapter" className="Microsoft.ActiveDirectory.Connector.Test.AzureBlobStorageAdapterPerformanceCounterCategoryUnitTest" name="TestCounters" />    </UnitTest>    <UnitTest name="TestInstall" storage="f:\src\adiam_cloud_nightly_tester\bins\debug\amd64\syncfabric\tests\testcounters\microsoft.activedirectory.connector.test.testcounters.dll" id="c7594f63-1d95-932f-ebf8-6fee8ae5f1d6">      <Execution id="6e78593d-cc19-4ac5-912a-1d5ffa99258d" />      <TestMethod codeBase="f:\src\Adiam_Cloud_Nightly_Tester\bins\debug\amd64\SyncFabric\Tests\TestCounters\Microsoft.ActiveDirectory.Connector.Test.TestCounters.dll" adapterTypeName="Microsoft.VisualStudio.TestTools.TestTypes.Unit.UnitTestAdapter" className="Microsoft.ActiveDirectory.Connector.Test.AzureBlobStorageAdapterPerformanceCounterCategoryUnitTest" name="TestInstall" />    </UnitTest>    <UnitTest name="TestCounters" storage="f:\src\adiam_cloud_nightly_tester\bins\debug\amd64\syncfabric\tests\testcounters\microsoft.activedirectory.connector.test.testcounters.dll" id="8e8e4105-54e3-eed8-a91b-b02f9924765b">      <Execution id="82e27583-b0fe-4799-9944-eab514c09102" />      <TestMethod codeBase="f:\src\Adiam_Cloud_Nightly_Tester\bins\debug\amd64\SyncFabric\Tests\TestCounters\Microsoft.ActiveDirectory.Connector.Test.TestCounters.dll" adapterTypeName="Microsoft.VisualStudio.TestTools.TestTypes.Unit.UnitTestAdapter" className="Microsoft.ActiveDirectory.Connector.Test.AzureEntityStorageAdapterPerformanceCounterCategoryUnitTest" name="TestCounters" />    </UnitTest>    <UnitTest name="TestInstall" storage="f:\src\adiam_cloud_nightly_tester\bins\debug\amd64\syncfabric\tests\testcounters\microsoft.activedirectory.connector.test.testcounters.dll" id="60bd7cb7-cfab-96c7-8f86-602f14379c86">      <Execution id="b6ffa71f-1985-4b1c-afd4-8e6e3c631f77" />      <TestMethod codeBase="f:\src\Adiam_Cloud_Nightly_Tester\bins\debug\amd64\SyncFabric\Tests\TestCounters\Microsoft.ActiveDirectory.Connector.Test.TestCounters.dll" adapterTypeName="Microsoft.VisualStudio.TestTools.TestTypes.Unit.UnitTestAdapter" className="Microsoft.ActiveDirectory.Connector.Test.AzureEntityStorageAdapterPerformanceCounterCategoryUnitTest" name="TestInstall" />    </UnitTest>    <UnitTest name="TestCounters" storage="f:\src\adiam_cloud_nightly_tester\bins\debug\amd64\syncfabric\tests\testcounters\microsoft.activedirectory.connector.test.testcounters.dll" id="19bc69df-94b7-be20-df68-978042d555f0">      <Execution id="5765abca-0cb4-45cb-a463-6737f11bbb39" />      <TestMethod codeBase="f:\src\Adiam_Cloud_Nightly_Tester\bins\debug\amd64\SyncFabric\Tests\TestCounters\Microsoft.ActiveDirectory.Connector.Test.TestCounters.dll" adapterTypeName="Microsoft.VisualStudio.TestTools.TestTypes.Unit.UnitTestAdapter" className="Microsoft.ActiveDirectory.Connector.Test.SchedulerPerformanceCounterCategoryUnitTest" name="TestCounters" />    </UnitTest>    <UnitTest name="TestInstall" storage="f:\src\adiam_cloud_nightly_tester\bins\debug\amd64\syncfabric\tests\testcounters\microsoft.activedirectory.connector.test.testcounters.dll" id="cc122031-3070-be10-779a-aa473cba7b71">      <Execution id="a6e66f8b-550a-4661-8032-c8abd3f8476c" />      <TestMethod codeBase="f:\src\Adiam_Cloud_Nightly_Tester\bins\debug\amd64\SyncFabric\Tests\TestCounters\Microsoft.ActiveDirectory.Connector.Test.TestCounters.dll" adapterTypeName="Microsoft.VisualStudio.TestTools.TestTypes.Unit.UnitTestAdapter" className="Microsoft.ActiveDirectory.Connector.Test.SchedulerPerformanceCounterCategoryUnitTest" name="TestInstall" />    </UnitTest>    <UnitTest name="TestCounters" storage="f:\src\adiam_cloud_nightly_tester\bins\debug\amd64\syncfabric\tests\testcounters\microsoft.activedirectory.connector.test.testcounters.dll" id="f40f2b0d-5375-7deb-4ac2-b251f490b226">      <Execution id="22bd8fd4-0ed1-43b3-8c3f-c791da4cad6e" />      <TestMethod codeBase="f:\src\Adiam_Cloud_Nightly_Tester\bins\debug\amd64\SyncFabric\Tests\TestCounters\Microsoft.ActiveDirectory.Connector.Test.TestCounters.dll" adapterTypeName="Microsoft.VisualStudio.TestTools.TestTypes.Unit.UnitTestAdapter" className="Microsoft.ActiveDirectory.Connector.Test.WorkerPerformanceCounterCategoryUnitTest" name="TestCounters" />    </UnitTest>    <UnitTest name="TestInstall" storage="f:\src\adiam_cloud_nightly_tester\bins\debug\amd64\syncfabric\tests\testcounters\microsoft.activedirectory.connector.test.testcounters.dll" id="c8f51442-52b0-1aa0-fd33-ff84413a6623">      <Execution id="8ee74066-f3fc-42bb-94d3-a652910c234f" />      <TestMethod codeBase="f:\src\Adiam_Cloud_Nightly_Tester\bins\debug\amd64\SyncFabric\Tests\TestCounters\Microsoft.ActiveDirectory.Connector.Test.TestCounters.dll" adapterTypeName="Microsoft.VisualStudio.TestTools.TestTypes.Unit.UnitTestAdapter" className="Microsoft.ActiveDirectory.Connector.Test.WorkerPerformanceCounterCategoryUnitTest" name="TestInstall" />    </UnitTest>    <UnitTest name="EntitlementGranterUnitTestGrantEntitlementsFromContext" storage="f:\src\adiam_cloud_nightly_tester\bins\debug\amd64\syncfabric\tests\testentitlements\microsoft.activedirectory.connector.test.testentitlements.dll" id="d62a7ab7-fde4-fb6c-2349-b807a2ce4c32">      <Execution id="58d1dd75-d1a8-4a86-9604-7ca75be1a6d8" />      <TestMethod codeBase="f:\src\Adiam_Cloud_Nightly_Tester\bins\debug\amd64\SyncFabric\Tests\TestEntitlements\Microsoft.ActiveDirectory.Connector.Test.TestEntitlements.dll" adapterTypeName="Microsoft.VisualStudio.TestTools.TestTypes.Unit.UnitTestAdapter" className="Microsoft.ActiveDirectory.Connector.Test.EntitlementGranterUnitTest" name="EntitlementGranterUnitTestGrantEntitlementsFromContext" />    </UnitTest>    <UnitTest name="TestCategorizingEntitlements" storage="f:\src\adiam_cloud_nightly_tester\bins\debug\amd64\syncfabric\tests\testentitlements\microsoft.activedirectory.connector.test.testentitlements.dll" id="ad04a017-3344-e3ce-e238-a65a7aa12376">      <Execution id="0914ba3b-b81e-45fb-9424-527e1962f895" />      <TestMethod codeBase="f:\src\Adiam_Cloud_Nightly_Tester\bins\debug\amd64\SyncFabric\Tests\TestEntitlements\Microsoft.ActiveDirectory.Connector.Test.TestEntitlements.dll" adapterTypeName="Microsoft.VisualStudio.TestTools.TestTypes.Unit.UnitTestAdapter" className="Microsoft.ActiveDirectory.Connector.Test.EntitlementRepresentationUnitTest" name="TestCategorizingEntitlements" />    </UnitTest>    <UnitTest name="TestSerializingEntitlementGrants" storage="f:\src\adiam_cloud_nightly_tester\bins\debug\amd64\syncfabric\tests\testentitlements\microsoft.activedirectory.connector.test.testentitlements.dll" id="3a863c5f-cc30-5b58-f2fa-b40e249dc40d">      <Execution id="27ee3605-d041-4993-939e-c4ba258c7021" />      <TestMethod codeBase="f:\src\Adiam_Cloud_Nightly_Tester\bins\debug\amd64\SyncFabric\Tests\TestEntitlements\Microsoft.ActiveDirectory.Connector.Test.TestEntitlements.dll" adapterTypeName="Microsoft.VisualStudio.TestTools.TestTypes.Unit.UnitTestAdapter" className="Microsoft.ActiveDirectory.Connector.Test.EntitlementRepresentationUnitTest" name="TestSerializingEntitlementGrants" />    </UnitTest>    <UnitTest name="TestSerializingEntitlements" storage="f:\src\adiam_cloud_nightly_tester\bins\debug\amd64\syncfabric\tests\testentitlements\microsoft.activedirectory.connector.test.testentitlements.dll" id="5df5f99b-a925-e383-0d54-f3f35c0d8b18">      <Execution id="000014a3-c275-4f27-8e62-2eaf976ce0df" />      <TestMethod codeBase="f:\src\Adiam_Cloud_Nightly_Tester\bins\debug\amd64\SyncFabric\Tests\TestEntitlements\Microsoft.ActiveDirectory.Connector.Test.TestEntitlements.dll" adapterTypeName="Microsoft.VisualStudio.TestTools.TestTypes.Unit.UnitTestAdapter" className="Microsoft.ActiveDirectory.Connector.Test.EntitlementRepresentationUnitTest" name="TestSerializingEntitlements" />    </UnitTest>    <UnitTest name="TestDifferentialQueryWatermark" storage="f:\src\adiam_cloud_nightly_tester\bins\debug\amd64\syncfabric\tests\testintegrationenvironment\microsoft.activedirectory.connector.test.testmicrosoftgraphproxyadapter.dll" id="d54a60cc-1693-e88f-0a93-3cd5bb956a43">      <Execution id="7ea1c2c0-1755-4195-9f29-de21af269d98" />      <TestMethod codeBase="f:\src\Adiam_Cloud_Nightly_Tester\bins\debug\amd64\SyncFabric\Tests\TestIntegrationEnvironment\Microsoft.ActiveDirectory.Connector.Test.TestMicrosoftGraphProxyAdapter.dll" adapterTypeName="Microsoft.VisualStudio.TestTools.TestTypes.Unit.UnitTestAdapter" className="Microsoft.ActiveDirectory.Connector.Test.MicrosoftOnlineDirectoryServiceGraphProxyAdapterUnitTest" name="TestDifferentialQueryWatermark" />    </UnitTest>    <UnitTest name="TestDeltaImport" storage="f:\src\adiam_cloud_nightly_tester\bins\debug\amd64\syncfabric\tests\testintegrationenvironment\microsoft.activedirectory.connector.test.testmicrosoftgraphproxyadapter.dll" id="6d99f68a-c9a0-e966-8a8b-e7c4a7f11fdc">      <Execution id="3d9afec0-2669-4c09-b246-cd2d5b961102" />      <TestMethod codeBase="f:\src\Adiam_Cloud_Nightly_Tester\bins\debug\amd64\SyncFabric\Tests\TestIntegrationEnvironment\Microsoft.ActiveDirectory.Connector.Test.TestMicrosoftGraphProxyAdapter.dll" adapterTypeName="Microsoft.VisualStudio.TestTools.TestTypes.Unit.UnitTestAdapter" className="Microsoft.ActiveDirectory.Connector.Test.MicrosoftOnlineDirectoryServiceGraphProxyAdapterUnitTest" name="TestDeltaImport" />    </UnitTest>    <UnitTest name="TestExport" storage="f:\src\adiam_cloud_nightly_tester\bins\debug\amd64\syncfabric\tests\testintegrationenvironment\microsoft.activedirectory.connector.test.testmicrosoftgraphproxyadapter.dll" id="8ea3f5d9-be79-50f8-78ac-1ac4d6d30ab7">      <Execution id="86273a5b-2874-440e-9a08-989fb466a10a" />      <TestMethod codeBase="f:\src\Adiam_Cloud_Nightly_Tester\bins\debug\amd64\SyncFabric\Tests\TestIntegrationEnvironment\Microsoft.ActiveDirectory.Connector.Test.TestMicrosoftGraphProxyAdapter.dll" adapterTypeName="Microsoft.VisualStudio.TestTools.TestTypes.Unit.UnitTestAdapter" className="Microsoft.ActiveDirectory.Connector.Test.MicrosoftOnlineDirectoryServiceGraphProxyAdapterUnitTest" name="TestExport" />    </UnitTest>    <UnitTest name="TestImportFullBoxOutboundProfile" storage="f:\src\adiam_cloud_nightly_tester\bins\debug\amd64\syncfabric\tests\testintegrationenvironment\microsoft.activedirectory.connector.test.testmicrosoftgraphproxyadapter.dll" id="fc02a497-819a-3f32-2224-23488af73a07">      <Execution id="5e7d5788-b78d-41b5-8a16-833302cfdb6f" />      <TestMethod codeBase="f:\src\Adiam_Cloud_Nightly_Tester\bins\debug\amd64\SyncFabric\Tests\TestIntegrationEnvironment\Microsoft.ActiveDirectory.Connector.Test.TestMicrosoftGraphProxyAdapter.dll" adapterTypeName="Microsoft.VisualStudio.TestTools.TestTypes.Unit.UnitTestAdapter" className="Microsoft.ActiveDirectory.Connector.Test.MicrosoftOnlineDirectoryServiceGraphProxyAdapterUnitTest" name="TestImportFullBoxOutboundProfile" />    </UnitTest>    <UnitTest name="TestImportFullSalesForceOutboundProfile" storage="f:\src\adiam_cloud_nightly_tester\bins\debug\amd64\syncfabric\tests\testintegrationenvironment\microsoft.activedirectory.connector.test.testmicrosoftgraphproxyadapter.dll" id="e1c4a37f-8828-fd4e-cd61-cc5c2bcbf4ff">      <Execution id="e85e22c3-edad-487e-b00a-5c57ed2d099c" />      <TestMethod codeBase="f:\src\Adiam_Cloud_Nightly_Tester\bins\debug\amd64\SyncFabric\Tests\TestIntegrationEnvironment\Microsoft.ActiveDirectory.Connector.Test.TestMicrosoftGraphProxyAdapter.dll" adapterTypeName="Microsoft.VisualStudio.TestTools.TestTypes.Unit.UnitTestAdapter" className="Microsoft.ActiveDirectory.Connector.Test.MicrosoftOnlineDirectoryServiceGraphProxyAdapterUnitTest" name="TestImportFullSalesForceOutboundProfile" />    </UnitTest>    <UnitTest name="TestImportingByJoiningProperty" storage="f:\src\adiam_cloud_nightly_tester\bins\debug\amd64\syncfabric\tests\testintegrationenvironment\microsoft.activedirectory.connector.test.testmicrosoftgraphproxyadapter.dll" id="530bd776-bb5e-db46-0c08-27e58ba5835c">      <Execution id="21de5329-505d-4404-b726-6acf981a6f43" />      <TestMethod codeBase="f:\src\Adiam_Cloud_Nightly_Tester\bins\debug\amd64\SyncFabric\Tests\TestIntegrationEnvironment\Microsoft.ActiveDirectory.Connector.Test.TestMicrosoftGraphProxyAdapter.dll" adapterTypeName="Microsoft.VisualStudio.TestTools.TestTypes.Unit.UnitTestAdapter" className="Microsoft.ActiveDirectory.Connector.Test.MicrosoftOnlineDirectoryServiceGraphProxyAdapterUnitTest" name="TestImportingByJoiningProperty" />    </UnitTest>    <UnitTest name="TestImportingDeltas" storage="f:\src\adiam_cloud_nightly_tester\bins\debug\amd64\syncfabric\tests\testintegrationenvironment\microsoft.activedirectory.connector.test.testmicrosoftgraphproxyadapter.dll" id="d69cacd7-76cd-e3b3-0b3e-beb0b1e9e32c">      <Execution id="65f120a2-ef38-4444-a52d-0566e3d7e1bc" />      <TestMethod codeBase="f:\src\Adiam_Cloud_Nightly_Tester\bins\debug\amd64\SyncFabric\Tests\TestIntegrationEnvironment\Microsoft.ActiveDirectory.Connector.Test.TestMicrosoftGraphProxyAdapter.dll" adapterTypeName="Microsoft.VisualStudio.TestTools.TestTypes.Unit.UnitTestAdapter" className="Microsoft.ActiveDirectory.Connector.Test.MicrosoftOnlineDirectoryServiceGraphProxyAdapterUnitTest" name="TestImportingDeltas" />    </UnitTest>    <UnitTest name="TestImportingPluralAttributes" storage="f:\src\adiam_cloud_nightly_tester\bins\debug\amd64\syncfabric\tests\testintegrationenvironment\microsoft.activedirectory.connector.test.testmicrosoftgraphproxyadapter.dll" id="b8d8be7b-85e8-23ce-f926-1d21f70bed79">      <Execution id="8d295a3b-9551-4d01-95d1-e417b31f0d01" />      <TestMethod codeBase="f:\src\Adiam_Cloud_Nightly_Tester\bins\debug\amd64\SyncFabric\Tests\TestIntegrationEnvironment\Microsoft.ActiveDirectory.Connector.Test.TestMicrosoftGraphProxyAdapter.dll" adapterTypeName="Microsoft.VisualStudio.TestTools.TestTypes.Unit.UnitTestAdapter" className="Microsoft.ActiveDirectory.Connector.Test.MicrosoftOnlineDirectoryServiceGraphProxyAdapterUnitTest" name="TestImportingPluralAttributes" />    </UnitTest>    <UnitTest name="TestImportingReferences" storage="f:\src\adiam_cloud_nightly_tester\bins\debug\amd64\syncfabric\tests\testintegrationenvironment\microsoft.activedirectory.connector.test.testmicrosoftgraphproxyadapter.dll" id="db6f10f8-6eea-e6a6-0b10-5df452de536b">      <Execution id="7ef8c01f-fd3c-4cd1-a6b9-ee10ccda7389" />      <TestMethod codeBase="f:\src\Adiam_Cloud_Nightly_Tester\bins\debug\amd64\SyncFabric\Tests\TestIntegrationEnvironment\Microsoft.ActiveDirectory.Connector.Test.TestMicrosoftGraphProxyAdapter.dll" adapterTypeName="Microsoft.VisualStudio.TestTools.TestTypes.Unit.UnitTestAdapter" className="Microsoft.ActiveDirectory.Connector.Test.MicrosoftOnlineDirectoryServiceGraphProxyAdapterUnitTest" name="TestImportingReferences" />    </UnitTest>    <UnitTest name="TestImportingSoftDeletes" storage="f:\src\adiam_cloud_nightly_tester\bins\debug\amd64\syncfabric\tests\testintegrationenvironment\microsoft.activedirectory.connector.test.testmicrosoftgraphproxyadapter.dll" id="0de871b3-8216-81a4-99e8-8422673d63fc">      <Execution id="ad77842c-de74-4b4f-babd-cc2af0ebad92" />      <TestMethod codeBase="f:\src\Adiam_Cloud_Nightly_Tester\bins\debug\amd64\SyncFabric\Tests\TestIntegrationEnvironment\Microsoft.ActiveDirectory.Connector.Test.TestMicrosoftGraphProxyAdapter.dll" adapterTypeName="Microsoft.VisualStudio.TestTools.TestTypes.Unit.UnitTestAdapter" className="Microsoft.ActiveDirectory.Connector.Test.MicrosoftOnlineDirectoryServiceGraphProxyAdapterUnitTest" name="TestImportingSoftDeletes" />    </UnitTest>    <UnitTest name="TestImportingSystemObjects" storage="f:\src\adiam_cloud_nightly_tester\bins\debug\amd64\syncfabric\tests\testintegrationenvironment\microsoft.activedirectory.connector.test.testmicrosoftgraphproxyadapter.dll" id="f8603f2f-c400-71f6-18e9-dc2a12f786fb">      <Execution id="3e11cb86-f159-40ae-8d0e-84cbc447b907" />      <TestMethod codeBase="f:\src\Adiam_Cloud_Nightly_Tester\bins\debug\amd64\SyncFabric\Tests\TestIntegrationEnvironment\Microsoft.ActiveDirectory.Connector.Test.TestMicrosoftGraphProxyAdapter.dll" adapterTypeName="Microsoft.VisualStudio.TestTools.TestTypes.Unit.UnitTestAdapter" className="Microsoft.ActiveDirectory.Connector.Test.MicrosoftOnlineDirectoryServiceGraphProxyAdapterUnitTest" name="TestImportingSystemObjects" />    </UnitTest>    <UnitTest name="TestImportingTenantDetail" storage="f:\src\adiam_cloud_nightly_tester\bins\debug\amd64\syncfabric\tests\testintegrationenvironment\microsoft.activedirectory.connector.test.testmicrosoftgraphproxyadapter.dll" id="ab8de816-35c8-4afc-3718-aa6e536880d5">      <Execution id="5d1d6c93-3b67-4f18-b01f-5898c8e3c959" />      <TestMethod codeBase="f:\src\Adiam_Cloud_Nightly_Tester\bins\debug\amd64\SyncFabric\Tests\TestIntegrationEnvironment\Microsoft.ActiveDirectory.Connector.Test.TestMicrosoftGraphProxyAdapter.dll" adapterTypeName="Microsoft.VisualStudio.TestTools.TestTypes.Unit.UnitTestAdapter" className="Microsoft.ActiveDirectory.Connector.Test.MicrosoftOnlineDirectoryServiceGraphProxyAdapterUnitTest" name="TestImportingTenantDetail" />    </UnitTest>    <UnitTest name="TestEscrow" storage="f:\src\adiam_cloud_nightly_tester\bins\debug\amd64\syncfabric\tests\testboxproxyadapter\microsoft.activedirectory.connector.test.testboxproxyadapter.dll" id="345e8fda-ddf3-519c-f560-86229247ca00">      <Execution id="82d97f73-adf7-4332-bcd2-28df372376a1" />      <TestMethod codeBase="f:\src\Adiam_Cloud_Nightly_Tester\bins\debug\amd64\SyncFabric\Tests\TestBoxProxyAdapter\Microsoft.ActiveDirectory.Connector.Test.TestBoxProxyAdapter.dll" adapterTypeName="Microsoft.VisualStudio.TestTools.TestTypes.Unit.UnitTestAdapter" className="Microsoft.ActiveDirectory.Connector.Test.BoxProxyAdapterUnitTest" name="TestEscrow" />    </UnitTest>    <UnitTest name="TestExport" storage="f:\src\adiam_cloud_nightly_tester\bins\debug\amd64\syncfabric\tests\testboxproxyadapter\microsoft.activedirectory.connector.test.testboxproxyadapter.dll" id="0ad8c3ed-bfa6-8fb3-ada9-8cf2e29f0424">      <Execution id="26b4c449-ee23-42d9-ba6d-7f67abeceb7f" />      <TestMethod codeBase="f:\src\Adiam_Cloud_Nightly_Tester\bins\debug\amd64\SyncFabric\Tests\TestBoxProxyAdapter\Microsoft.ActiveDirectory.Connector.Test.TestBoxProxyAdapter.dll" adapterTypeName="Microsoft.VisualStudio.TestTools.TestTypes.Unit.UnitTestAdapter" className="Microsoft.ActiveDirectory.Connector.Test.BoxProxyAdapterUnitTest" name="TestExport" />    </UnitTest>    <UnitTest name="TestUpdateLogin" storage="f:\src\adiam_cloud_nightly_tester\bins\debug\amd64\syncfabric\tests\testboxproxyadapter\microsoft.activedirectory.connector.test.testboxproxyadapter.dll" id="1c24e08b-ed42-df7a-bfad-c0e2d3a516f0">      <Execution id="577b0c3d-8efd-4cc1-a3d7-b9b530940cd1" />      <TestMethod codeBase="f:\src\Adiam_Cloud_Nightly_Tester\bins\debug\amd64\SyncFabric\Tests\TestBoxProxyAdapter\Microsoft.ActiveDirectory.Connector.Test.TestBoxProxyAdapter.dll" adapterTypeName="Microsoft.VisualStudio.TestTools.TestTypes.Unit.UnitTestAdapter" className="Microsoft.ActiveDirectory.Connector.Test.BoxProxyAdapterUnitTest" name="TestUpdateLogin" />    </UnitTest>    <UnitTest name="TestFullImport" storage="f:\src\adiam_cloud_nightly_tester\bins\debug\amd64\syncfabric\tests\testboxproxyadapter\microsoft.activedirectory.connector.test.testboxproxyadapter.dll" id="9bf87213-bccd-5958-dac6-871db8f8672f">      <Execution id="6d41b463-e9e5-47ad-88b9-8e38a57b6847" />      <TestMethod codeBase="f:\src\Adiam_Cloud_Nightly_Tester\bins\debug\amd64\SyncFabric\Tests\TestBoxProxyAdapter\Microsoft.ActiveDirectory.Connector.Test.TestBoxProxyAdapter.dll" adapterTypeName="Microsoft.VisualStudio.TestTools.TestTypes.Unit.UnitTestAdapter" className="Microsoft.ActiveDirectory.Connector.Test.BoxProxyAdapterUnitTest" name="TestFullImport" />    </UnitTest>    <UnitTest name="TestValidateCredentials" storage="f:\src\adiam_cloud_nightly_tester\bins\debug\amd64\syncfabric\tests\testboxproxyadapter\microsoft.activedirectory.connector.test.testboxproxyadapter.dll" id="78e0b479-3259-adf8-964c-50107d7035de">      <Execution id="d8737c3a-39d7-4690-b2c1-f4ac9f6d9b52" />      <TestMethod codeBase="f:\src\Adiam_Cloud_Nightly_Tester\bins\debug\amd64\SyncFabric\Tests\TestBoxProxyAdapter\Microsoft.ActiveDirectory.Connector.Test.TestBoxProxyAdapter.dll" adapterTypeName="Microsoft.VisualStudio.TestTools.TestTypes.Unit.UnitTestAdapter" className="Microsoft.ActiveDirectory.Connector.Test.BoxProxyAdapterUnitTest" name="TestValidateCredentials" />    </UnitTest>    <UnitTest name="TestCredentialRefresh" storage="f:\src\adiam_cloud_nightly_tester\bins\debug\amd64\syncfabric\tests\testboxproxyadapter\microsoft.activedirectory.connector.test.testboxproxyadapter.dll" id="0fab150a-6da3-015a-7701-994ba2416f81">      <Execution id="9d4e5b51-be73-469a-a500-b372830ce391" />      <TestMethod codeBase="f:\src\Adiam_Cloud_Nightly_Tester\bins\debug\amd64\SyncFabric\Tests\TestBoxProxyAdapter\Microsoft.ActiveDirectory.Connector.Test.TestBoxProxyAdapter.dll" adapterTypeName="Microsoft.VisualStudio.TestTools.TestTypes.Unit.UnitTestAdapter" className="Microsoft.ActiveDirectory.Connector.Test.BoxProxyAdapterUnitTest" name="TestCredentialRefresh" />    </UnitTest>    <UnitTest name="TestCertificateConfiguration" storage="f:\src\adiam_cloud_nightly_tester\bins\debug\amd64\syncfabric\tests\testintegrationenvironment\microsoft.activedirectory.connector.test.testmanager.dll" id="252c4882-2c64-bd9a-4d71-9fec5c85a195">      <Execution id="69c9bae4-3f16-4552-8614-bc8142fd4fc1" />      <TestMethod codeBase="f:\src\Adiam_Cloud_Nightly_Tester\bins\debug\amd64\SyncFabric\Tests\TestIntegrationEnvironment\Microsoft.ActiveDirectory.Connector.Test.TestManager.dll" adapterTypeName="Microsoft.VisualStudio.TestTools.TestTypes.Unit.UnitTestAdapter" className="Microsoft.ActiveDirectory.Connector.Test.CertificateConfigurationUnitTest" name="TestCertificateConfiguration" />    </UnitTest>    <UnitTest name="TestSchedulerConfiguration" storage="f:\src\adiam_cloud_nightly_tester\bins\debug\amd64\syncfabric\tests\testintegrationenvironment\microsoft.activedirectory.connector.test.testintegrationenvironment.dll" id="78efd8c4-dd5d-d5bd-371f-db4a6931e7d7">      <Execution id="03e1c838-325d-4000-b62c-df8aeeed7b66" />      <TestMethod codeBase="f:\src\Adiam_Cloud_Nightly_Tester\bins\debug\amd64\SyncFabric\Tests\TestIntegrationEnvironment\Microsoft.ActiveDirectory.Connector.Test.TestIntegrationEnvironment.dll" adapterTypeName="Microsoft.VisualStudio.TestTools.TestTypes.Unit.UnitTestAdapter" className="Microsoft.ActiveDirectory.Connector.Test.ConfigurationUnitTest" name="TestSchedulerConfiguration" />    </UnitTest>    <UnitTest name="TestSyncWorkerConfiguration" storage="f:\src\adiam_cloud_nightly_tester\bins\debug\amd64\syncfabric\tests\testintegrationenvironment\microsoft.activedirectory.connector.test.testintegrationenvironment.dll" id="5b7f3d9c-c26e-485c-0c81-8958c30e5394">      <Execution id="8adcc321-6cca-4092-aded-4ed1e58cacbf" />      <TestMethod codeBase="f:\src\Adiam_Cloud_Nightly_Tester\bins\debug\amd64\SyncFabric\Tests\TestIntegrationEnvironment\Microsoft.ActiveDirectory.Connector.Test.TestIntegrationEnvironment.dll" adapterTypeName="Microsoft.VisualStudio.TestTools.TestTypes.Unit.UnitTestAdapter" className="Microsoft.ActiveDirectory.Connector.Test.ConfigurationUnitTest" name="TestSyncWorkerConfiguration" />    </UnitTest>    <UnitTest name="TestGetCredentials" storage="f:\src\adiam_cloud_nightly_tester\bins\debug\amd64\syncfabric\tests\testintegrationenvironment\microsoft.activedirectory.connector.test.testintegrationenvironment.dll" id="72186436-1343-7837-703a-68f598c35228">      <Execution id="02c9d81d-354a-47bb-b0d2-a8afa358e369" />      <TestMethod codeBase="f:\src\Adiam_Cloud_Nightly_Tester\bins\debug\amd64\SyncFabric\Tests\TestIntegrationEnvironment\Microsoft.ActiveDirectory.Connector.Test.TestIntegrationEnvironment.dll" adapterTypeName="Microsoft.VisualStudio.TestTools.TestTypes.Unit.UnitTestAdapter" className="Microsoft.ActiveDirectory.Connector.Test.CredentialManagerUnitTest" name="TestGetCredentials" />    </UnitTest>    <UnitTest name="TestSetCredentials" storage="f:\src\adiam_cloud_nightly_tester\bins\debug\amd64\syncfabric\tests\testintegrationenvironment\microsoft.activedirectory.connector.test.testintegrationenvironment.dll" id="8d376db3-310b-d7f2-0b21-286a7faf39d4">      <Execution id="6743c369-d968-40ae-93e6-b2db17c4c7a0" />      <TestMethod codeBase="f:\src\Adiam_Cloud_Nightly_Tester\bins\debug\amd64\SyncFabric\Tests\TestIntegrationEnvironment\Microsoft.ActiveDirectory.Connector.Test.TestIntegrationEnvironment.dll" adapterTypeName="Microsoft.VisualStudio.TestTools.TestTypes.Unit.UnitTestAdapter" className="Microsoft.ActiveDirectory.Connector.Test.CredentialManagerUnitTest" name="TestSetCredentials" />    </UnitTest>    <UnitTest name="TestSetUserSecrets" storage="f:\src\adiam_cloud_nightly_tester\bins\debug\amd64\syncfabric\tests\testintegrationenvironment\microsoft.activedirectory.connector.test.testintegrationenvironment.dll" id="b7e6520b-7191-5241-de17-81d24afdcf71">      <Execution id="8859053e-8aa5-4285-9b87-c87c5f36d72d" />      <TestMethod codeBase="f:\src\Adiam_Cloud_Nightly_Tester\bins\debug\amd64\SyncFabric\Tests\TestIntegrationEnvironment\Microsoft.ActiveDirectory.Connector.Test.TestIntegrationEnvironment.dll" adapterTypeName="Microsoft.VisualStudio.TestTools.TestTypes.Unit.UnitTestAdapter" className="Microsoft.ActiveDirectory.Connector.Test.CredentialManagerUnitTest" name="TestSetUserSecrets" />    </UnitTest>    <UnitTest name="TestExport" storage="f:\src\adiam_cloud_nightly_tester\bins\debug\amd64\syncfabric\tests\testproxyadapter\microsoft.activedirectory.connector.test.testproxyadapter.dll" id="91024be9-0f79-b390-5aca-3daaf7d8c013">      <Execution id="84ef650d-1596-430d-883f-d4097eff5078" />      <TestMethod codeBase="f:\src\Adiam_Cloud_Nightly_Tester\bins\debug\amd64\SyncFabric\Tests\TestProxyAdapter\Microsoft.ActiveDirectory.Connector.Test.TestProxyAdapter.dll" adapterTypeName="Microsoft.VisualStudio.TestTools.TestTypes.Unit.UnitTestAdapter" className="Microsoft.ActiveDirectory.Connector.Test.CitrixProxyAdapterTest" name="TestExport" />    </UnitTest>    <UnitTest name="TestExportError" storage="f:\src\adiam_cloud_nightly_tester\bins\debug\amd64\syncfabric\tests\testproxyadapter\microsoft.activedirectory.connector.test.testproxyadapter.dll" id="f926c559-69a0-5a07-ba92-85028f61db87">      <Execution id="224590c5-e716-491b-ab03-2cf3b8628c23" />      <TestMethod codeBase="f:\src\Adiam_Cloud_Nightly_Tester\bins\debug\amd64\SyncFabric\Tests\TestProxyAdapter\Microsoft.ActiveDirectory.Connector.Test.TestProxyAdapter.dll" adapterTypeName="Microsoft.VisualStudio.TestTools.TestTypes.Unit.UnitTestAdapter" className="Microsoft.ActiveDirectory.Connector.Test.CitrixProxyAdapterTest" name="TestExportError" />    </UnitTest>    <UnitTest name="TestImport" storage="f:\src\adiam_cloud_nightly_tester\bins\debug\amd64\syncfabric\tests\testproxyadapter\microsoft.activedirectory.connector.test.testproxyadapter.dll" id="7687a9b4-511a-4d06-dc58-1dbc6556df71">      <Execution id="91b3e44f-3712-4fa0-93e5-75f765e37cb5" />      <TestMethod codeBase="f:\src\Adiam_Cloud_Nightly_Tester\bins\debug\amd64\SyncFabric\Tests\TestProxyAdapter\Microsoft.ActiveDirectory.Connector.Test.TestProxyAdapter.dll" adapterTypeName="Microsoft.VisualStudio.TestTools.TestTypes.Unit.UnitTestAdapter" className="Microsoft.ActiveDirectory.Connector.Test.CitrixProxyAdapterTest" name="TestImport" />    </UnitTest>    <UnitTest name="TestImportError" storage="f:\src\adiam_cloud_nightly_tester\bins\debug\amd64\syncfabric\tests\testproxyadapter\microsoft.activedirectory.connector.test.testproxyadapter.dll" id="a067bbae-5425-2ff6-a413-d8b72b4e3c55">      <Execution id="cbbd4ee5-9edb-45af-88b7-b8bc92c7354e" />      <TestMethod codeBase="f:\src\Adiam_Cloud_Nightly_Tester\bins\debug\amd64\SyncFabric\Tests\TestProxyAdapter\Microsoft.ActiveDirectory.Connector.Test.TestProxyAdapter.dll" adapterTypeName="Microsoft.VisualStudio.TestTools.TestTypes.Unit.UnitTestAdapter" className="Microsoft.ActiveDirectory.Connector.Test.CitrixProxyAdapterTest" name="TestImportError" />    </UnitTest>    <UnitTest name="TestReinitializeSession" storage="f:\src\adiam_cloud_nightly_tester\bins\debug\amd64\syncfabric\tests\testproxyadapter\microsoft.activedirectory.connector.test.testproxyadapter.dll" id="5d582fc7-7eda-679c-f765-d0a39a30dae2">      <Execution id="c5908354-850c-476b-b0cd-5a16057682f1" />      <TestMethod codeBase="f:\src\Adiam_Cloud_Nightly_Tester\bins\debug\amd64\SyncFabric\Tests\TestProxyAdapter\Microsoft.ActiveDirectory.Connector.Test.TestProxyAdapter.dll" adapterTypeName="Microsoft.VisualStudio.TestTools.TestTypes.Unit.UnitTestAdapter" className="Microsoft.ActiveDirectory.Connector.Test.CitrixProxyAdapterTest" name="TestReinitializeSession" />    </UnitTest>    <UnitTest name="TestValidateCredentials" storage="f:\src\adiam_cloud_nightly_tester\bins\debug\amd64\syncfabric\tests\testproxyadapter\microsoft.activedirectory.connector.test.testproxyadapter.dll" id="955bf2eb-d744-a0a9-cc59-dffdc24bfc72">      <Execution id="012f5da5-f3e8-47d7-9a48-a0489280ecf6" />      <TestMethod codeBase="f:\src\Adiam_Cloud_Nightly_Tester\bins\debug\amd64\SyncFabric\Tests\TestProxyAdapter\Microsoft.ActiveDirectory.Connector.Test.TestProxyAdapter.dll" adapterTypeName="Microsoft.VisualStudio.TestTools.TestTypes.Unit.UnitTestAdapter" className="Microsoft.ActiveDirectory.Connector.Test.CitrixProxyAdapterTest" name="TestValidateCredentials" />    </UnitTest>    <UnitTest name="GoogleAppsV2ProxyTestUserExport" storage="f:\src\adiam_cloud_nightly_tester\bins\debug\amd64\syncfabric\tests\testproxyadapter\microsoft.activedirectory.connector.test.testproxyadapter.dll" id="cba37b4a-9b74-c1c3-3e2d-f6060895afe7">      <Execution id="b95ff8c1-2a26-4a73-8de2-ff8d6cdebea3" />      <TestMethod codeBase="f:\src\Adiam_Cloud_Nightly_Tester\bins\debug\amd64\SyncFabric\Tests\TestProxyAdapter\Microsoft.ActiveDirectory.Connector.Test.TestProxyAdapter.dll" adapterTypeName="Microsoft.VisualStudio.TestTools.TestTypes.Unit.UnitTestAdapter" className="Microsoft.ActiveDirectory.Connector.Test.GoogleAppsV2ProxyAdapterUnitTest" name="GoogleAppsV2ProxyTestUserExport" />    </UnitTest>    <UnitTest name="GoogleAppsV2ProxyTestGroupExport" storage="f:\src\adiam_cloud_nightly_tester\bins\debug\amd64\syncfabric\tests\testproxyadapter\microsoft.activedirectory.connector.test.testproxyadapter.dll" id="27788f1a-25e4-97e5-1de8-23ce4c3bb266">      <Execution id="f1aff999-7a3b-4ec7-9acf-b3b4c477ef93" />      <TestMethod codeBase="f:\src\Adiam_Cloud_Nightly_Tester\bins\debug\amd64\SyncFabric\Tests\TestProxyAdapter\Microsoft.ActiveDirectory.Connector.Test.TestProxyAdapter.dll" adapterTypeName="Microsoft.VisualStudio.TestTools.TestTypes.Unit.UnitTestAdapter" className="Microsoft.ActiveDirectory.Connector.Test.GoogleAppsV2ProxyAdapterUnitTest" name="GoogleAppsV2ProxyTestGroupExport" />    </UnitTest>    <UnitTest name="GoogleAppsV2ProxyTestGroupMembeshipExport" storage="f:\src\adiam_cloud_nightly_tester\bins\debug\amd64\syncfabric\tests\testproxyadapter\microsoft.activedirectory.connector.test.testproxyadapter.dll" id="3c4dc27f-cdac-f9c7-b5d2-13fbb439c116">      <Execution id="b3436651-8aaf-4e34-9706-da27e6b98045" />      <TestMethod codeBase="f:\src\Adiam_Cloud_Nightly_Tester\bins\debug\amd64\SyncFabric\Tests\TestProxyAdapter\Microsoft.ActiveDirectory.Connector.Test.TestProxyAdapter.dll" adapterTypeName="Microsoft.VisualStudio.TestTools.TestTypes.Unit.UnitTestAdapter" className="Microsoft.ActiveDirectory.Connector.Test.GoogleAppsV2ProxyAdapterUnitTest" name="GoogleAppsV2ProxyTestGroupMembeshipExport" />    </UnitTest>    <UnitTest name="GoogleAppsV2ProxyTestExportError" storage="f:\src\adiam_cloud_nightly_tester\bins\debug\amd64\syncfabric\tests\testproxyadapter\microsoft.activedirectory.connector.test.testproxyadapter.dll" id="04e14fca-0d7b-f9bf-15b2-4a6d73917532">      <Execution id="c3358181-cbff-4ba7-b17d-d4bcfaebf919" />      <TestMethod codeBase="f:\src\Adiam_Cloud_Nightly_Tester\bins\debug\amd64\SyncFabric\Tests\TestProxyAdapter\Microsoft.ActiveDirectory.Connector.Test.TestProxyAdapter.dll" adapterTypeName="Microsoft.VisualStudio.TestTools.TestTypes.Unit.UnitTestAdapter" className="Microsoft.ActiveDirectory.Connector.Test.GoogleAppsV2ProxyAdapterUnitTest" name="GoogleAppsV2ProxyTestExportError" />    </UnitTest>    <UnitTest name="GoogleAppsV2ProxyTestFullImport" storage="f:\src\adiam_cloud_nightly_tester\bins\debug\amd64\syncfabric\tests\testproxyadapter\microsoft.activedirectory.connector.test.testproxyadapter.dll" id="7d9b61f7-701b-2396-8a26-0a8a8f4cc81b">      <Execution id="c8f9f007-a1ca-42c1-89e6-74d8e2ebdda0" />      <TestMethod codeBase="f:\src\Adiam_Cloud_Nightly_Tester\bins\debug\amd64\SyncFabric\Tests\TestProxyAdapter\Microsoft.ActiveDirectory.Connector.Test.TestProxyAdapter.dll" adapterTypeName="Microsoft.VisualStudio.TestTools.TestTypes.Unit.UnitTestAdapter" className="Microsoft.ActiveDirectory.Connector.Test.GoogleAppsV2ProxyAdapterUnitTest" name="GoogleAppsV2ProxyTestFullImport" />    </UnitTest>    <UnitTest name="GoogleAppsV2ProxyTestFullImportWithPaging" storage="f:\src\adiam_cloud_nightly_tester\bins\debug\amd64\syncfabric\tests\testproxyadapter\microsoft.activedirectory.connector.test.testproxyadapter.dll" id="3dd030f6-48eb-af70-a4d9-48bee558d806">      <Execution id="f6ef35d1-808b-499c-9b7d-a7e24259d8e1" />      <TestMethod codeBase="f:\src\Adiam_Cloud_Nightly_Tester\bins\debug\amd64\SyncFabric\Tests\TestProxyAdapter\Microsoft.ActiveDirectory.Connector.Test.TestProxyAdapter.dll" adapterTypeName="Microsoft.VisualStudio.TestTools.TestTypes.Unit.UnitTestAdapter" className="Microsoft.ActiveDirectory.Connector.Test.GoogleAppsV2ProxyAdapterUnitTest" name="GoogleAppsV2ProxyTestFullImportWithPaging" />    </UnitTest>    <UnitTest name="GoogleAppsV2ProxyTestDomainMismatch" storage="f:\src\adiam_cloud_nightly_tester\bins\debug\amd64\syncfabric\tests\testproxyadapter\microsoft.activedirectory.connector.test.testproxyadapter.dll" id="38e3e925-7c1b-d0d1-0470-148eaa52394f">      <Execution id="e1426660-c9d7-4aaf-b5ec-cd7f07b1b792" />      <TestMethod codeBase="f:\src\Adiam_Cloud_Nightly_Tester\bins\debug\amd64\SyncFabric\Tests\TestProxyAdapter\Microsoft.ActiveDirectory.Connector.Test.TestProxyAdapter.dll" adapterTypeName="Microsoft.VisualStudio.TestTools.TestTypes.Unit.UnitTestAdapter" className="Microsoft.ActiveDirectory.Connector.Test.GoogleAppsV2ProxyAdapterUnitTest" name="GoogleAppsV2ProxyTestDomainMismatch" />    </UnitTest>    <UnitTest name="GoogleAppsV2ProxyTestImportGroupByAnchor" storage="f:\src\adiam_cloud_nightly_tester\bins\debug\amd64\syncfabric\tests\testproxyadapter\microsoft.activedirectory.connector.test.testproxyadapter.dll" id="0de52321-87a7-c5aa-a1f6-30b68d3d6ed6">      <Execution id="b47eabad-3a7b-49e3-ae09-83d9771b24e9" />      <TestMethod codeBase="f:\src\Adiam_Cloud_Nightly_Tester\bins\debug\amd64\SyncFabric\Tests\TestProxyAdapter\Microsoft.ActiveDirectory.Connector.Test.TestProxyAdapter.dll" adapterTypeName="Microsoft.VisualStudio.TestTools.TestTypes.Unit.UnitTestAdapter" className="Microsoft.ActiveDirectory.Connector.Test.GoogleAppsV2ProxyAdapterUnitTest" name="GoogleAppsV2ProxyTestImportGroupByAnchor" />    </UnitTest>    <UnitTest name="GoogleAppsV2ProxyTestImportUserByAnchor" storage="f:\src\adiam_cloud_nightly_tester\bins\debug\amd64\syncfabric\tests\testproxyadapter\microsoft.activedirectory.connector.test.testproxyadapter.dll" id="b2430f61-aae0-0dba-fe0b-5495c095fe33">      <Execution id="1de85667-d12f-4488-bf5d-552483831001" />      <TestMethod codeBase="f:\src\Adiam_Cloud_Nightly_Tester\bins\debug\amd64\SyncFabric\Tests\TestProxyAdapter\Microsoft.ActiveDirectory.Connector.Test.TestProxyAdapter.dll" adapterTypeName="Microsoft.VisualStudio.TestTools.TestTypes.Unit.UnitTestAdapter" className="Microsoft.ActiveDirectory.Connector.Test.GoogleAppsV2ProxyAdapterUnitTest" name="GoogleAppsV2ProxyTestImportUserByAnchor" />    </UnitTest>    <UnitTest name="GoogleAppsV2ProxyTestImportByAnchorError" storage="f:\src\adiam_cloud_nightly_tester\bins\debug\amd64\syncfabric\tests\testproxyadapter\microsoft.activedirectory.connector.test.testproxyadapter.dll" id="b378b4c3-6f10-c7c8-0c35-13115b8213d7">      <Execution id="7dec0bab-1bfa-400f-b58e-1277ada6ba88" />      <TestMethod codeBase="f:\src\Adiam_Cloud_Nightly_Tester\bins\debug\amd64\SyncFabric\Tests\TestProxyAdapter\Microsoft.ActiveDirectory.Connector.Test.TestProxyAdapter.dll" adapterTypeName="Microsoft.VisualStudio.TestTools.TestTypes.Unit.UnitTestAdapter" className="Microsoft.ActiveDirectory.Connector.Test.GoogleAppsV2ProxyAdapterUnitTest" name="GoogleAppsV2ProxyTestImportByAnchorError" />    </UnitTest>    <UnitTest name="GoogleAppsV2ProxyTestImportGroupByJoiningProperty" storage="f:\src\adiam_cloud_nightly_tester\bins\debug\amd64\syncfabric\tests\testproxyadapter\microsoft.activedirectory.connector.test.testproxyadapter.dll" id="8d3bbd68-319e-7a93-086a-7accf74a8702">      <Execution id="972649d8-69e9-4f20-b5a9-f401cd8d2643" />      <TestMethod codeBase="f:\src\Adiam_Cloud_Nightly_Tester\bins\debug\amd64\SyncFabric\Tests\TestProxyAdapter\Microsoft.ActiveDirectory.Connector.Test.TestProxyAdapter.dll" adapterTypeName="Microsoft.VisualStudio.TestTools.TestTypes.Unit.UnitTestAdapter" className="Microsoft.ActiveDirectory.Connector.Test.GoogleAppsV2ProxyAdapterUnitTest" name="GoogleAppsV2ProxyTestImportGroupByJoiningProperty" />    </UnitTest>    <UnitTest name="GoogleAppsV2ProxyTestImportUserByJoiningProperty" storage="f:\src\adiam_cloud_nightly_tester\bins\debug\amd64\syncfabric\tests\testproxyadapter\microsoft.activedirectory.connector.test.testproxyadapter.dll" id="8e1be9ab-7caf-7274-6ec7-5d864136b0e8">      <Execution id="87a69555-ee7e-4732-98d0-b940e300529f" />      <TestMethod codeBase="f:\src\Adiam_Cloud_Nightly_Tester\bins\debug\amd64\SyncFabric\Tests\TestProxyAdapter\Microsoft.ActiveDirectory.Connector.Test.TestProxyAdapter.dll" adapterTypeName="Microsoft.VisualStudio.TestTools.TestTypes.Unit.UnitTestAdapter" className="Microsoft.ActiveDirectory.Connector.Test.GoogleAppsV2ProxyAdapterUnitTest" name="GoogleAppsV2ProxyTestImportUserByJoiningProperty" />    </UnitTest>    <UnitTest name="GoogleAppsV2ProxyTestImportError" storage="f:\src\adiam_cloud_nightly_tester\bins\debug\amd64\syncfabric\tests\testproxyadapter\microsoft.activedirectory.connector.test.testproxyadapter.dll" id="c47a1081-7f1b-b060-1c9f-6fbcf895aba2">      <Execution id="b02c0b16-a5df-490a-89d9-4ef797f9330c" />      <TestMethod codeBase="f:\src\Adiam_Cloud_Nightly_Tester\bins\debug\amd64\SyncFabric\Tests\TestProxyAdapter\Microsoft.ActiveDirectory.Connector.Test.TestProxyAdapter.dll" adapterTypeName="Microsoft.VisualStudio.TestTools.TestTypes.Unit.UnitTestAdapter" className="Microsoft.ActiveDirectory.Connector.Test.GoogleAppsV2ProxyAdapterUnitTest" name="GoogleAppsV2ProxyTestImportError" />    </UnitTest>    <UnitTest name="GoogleAppsV2ProxyTestValidateCredentials" storage="f:\src\adiam_cloud_nightly_tester\bins\debug\amd64\syncfabric\tests\testproxyadapter\microsoft.activedirectory.connector.test.testproxyadapter.dll" id="0d0ad5ee-c8ac-cce2-8afb-ec5b4ac29630">      <Execution id="1b970132-053f-4538-8188-3fa4c275b744" />      <TestMethod codeBase="f:\src\Adiam_Cloud_Nightly_Tester\bins\debug\amd64\SyncFabric\Tests\TestProxyAdapter\Microsoft.ActiveDirectory.Connector.Test.TestProxyAdapter.dll" adapterTypeName="Microsoft.VisualStudio.TestTools.TestTypes.Unit.UnitTestAdapter" className="Microsoft.ActiveDirectory.Connector.Test.GoogleAppsV2ProxyAdapterUnitTest" name="GoogleAppsV2ProxyTestValidateCredentials" />    </UnitTest>    <UnitTest name="GoogleAppsV2ProxyTestValidateStoredCredentials" storage="f:\src\adiam_cloud_nightly_tester\bins\debug\amd64\syncfabric\tests\testproxyadapter\microsoft.activedirectory.connector.test.testproxyadapter.dll" id="c5e86cd4-550c-fc22-2841-ae642c4f66d6">      <Execution id="6a47c856-0361-4b39-b44e-aaccb7e6d338" />      <TestMethod codeBase="f:\src\Adiam_Cloud_Nightly_Tester\bins\debug\amd64\SyncFabric\Tests\TestProxyAdapter\Microsoft.ActiveDirectory.Connector.Test.TestProxyAdapter.dll" adapterTypeName="Microsoft.VisualStudio.TestTools.TestTypes.Unit.UnitTestAdapter" className="Microsoft.ActiveDirectory.Connector.Test.GoogleAppsV2ProxyAdapterUnitTest" name="GoogleAppsV2ProxyTestValidateStoredCredentials" />    </UnitTest>    <UnitTest name="GoogleAppsV2ProxyTestUpdateGroupEmail" storage="f:\src\adiam_cloud_nightly_tester\bins\debug\amd64\syncfabric\tests\testproxyadapter\microsoft.activedirectory.connector.test.testproxyadapter.dll" id="25569907-649c-bdc3-f698-4e8f853c0b0c">      <Execution id="1d4f1335-896c-4183-b2b7-1640990dbfee" />      <TestMethod codeBase="f:\src\Adiam_Cloud_Nightly_Tester\bins\debug\amd64\SyncFabric\Tests\TestProxyAdapter\Microsoft.ActiveDirectory.Connector.Test.TestProxyAdapter.dll" adapterTypeName="Microsoft.VisualStudio.TestTools.TestTypes.Unit.UnitTestAdapter" className="Microsoft.ActiveDirectory.Connector.Test.GoogleAppsV2ProxyAdapterUnitTest" name="GoogleAppsV2ProxyTestUpdateGroupEmail" />    </UnitTest>    <UnitTest name="GoogleAppsV2ProxyTestUpdateUserLogin" storage="f:\src\adiam_cloud_nightly_tester\bins\debug\amd64\syncfabric\tests\testproxyadapter\microsoft.activedirectory.connector.test.testproxyadapter.dll" id="f0a5e2a2-643c-cfbb-516b-a24a63e164ed">      <Execution id="1c39ce96-f655-418b-8da3-428ed1fd41e0" />      <TestMethod codeBase="f:\src\Adiam_Cloud_Nightly_Tester\bins\debug\amd64\SyncFabric\Tests\TestProxyAdapter\Microsoft.ActiveDirectory.Connector.Test.TestProxyAdapter.dll" adapterTypeName="Microsoft.VisualStudio.TestTools.TestTypes.Unit.UnitTestAdapter" className="Microsoft.ActiveDirectory.Connector.Test.GoogleAppsV2ProxyAdapterUnitTest" name="GoogleAppsV2ProxyTestUpdateUserLogin" />    </UnitTest>    <UnitTest name="DocuSign_TestAddExistingUser" storage="f:\src\adiam_cloud_nightly_tester\bins\debug\amd64\syncfabric\tests\testproxyadapter\microsoft.activedirectory.connector.test.testproxyadapter.dll" id="b5789d7a-cf8f-9d5e-53be-2e0e52775d25">      <Execution id="cd6443eb-e8f9-4753-910c-f13391656b3b" />      <TestMethod codeBase="f:\src\Adiam_Cloud_Nightly_Tester\bins\debug\amd64\SyncFabric\Tests\TestProxyAdapter\Microsoft.ActiveDirectory.Connector.Test.TestProxyAdapter.dll" adapterTypeName="Microsoft.VisualStudio.TestTools.TestTypes.Unit.UnitTestAdapter" className="Microsoft.ActiveDirectory.Connector.Test.DocuSignProxyAdapterTest" name="DocuSign_TestAddExistingUser" />    </UnitTest>    <UnitTest name="DocuSign_TestImport" storage="f:\src\adiam_cloud_nightly_tester\bins\debug\amd64\syncfabric\tests\testproxyadapter\microsoft.activedirectory.connector.test.testproxyadapter.dll" id="b4e77dd6-9b5d-0d26-de58-7c8c81992456">      <Execution id="ce1e7313-a870-49e3-8dbb-07369abd78eb" />      <TestMethod codeBase="f:\src\Adiam_Cloud_Nightly_Tester\bins\debug\amd64\SyncFabric\Tests\TestProxyAdapter\Microsoft.ActiveDirectory.Connector.Test.TestProxyAdapter.dll" adapterTypeName="Microsoft.VisualStudio.TestTools.TestTypes.Unit.UnitTestAdapter" className="Microsoft.ActiveDirectory.Connector.Test.DocuSignProxyAdapterTest" name="DocuSign_TestImport" />    </UnitTest>    <UnitTest name="DocuSign_TestImportError" storage="f:\src\adiam_cloud_nightly_tester\bins\debug\amd64\syncfabric\tests\testproxyadapter\microsoft.activedirectory.connector.test.testproxyadapter.dll" id="abd7e0ba-5b26-1bba-6689-8463a1f1911a">      <Execution id="6a570d65-b3bb-4a2f-925f-5b4ee49bc826" />      <TestMethod codeBase="f:\src\Adiam_Cloud_Nightly_Tester\bins\debug\amd64\SyncFabric\Tests\TestProxyAdapter\Microsoft.ActiveDirectory.Connector.Test.TestProxyAdapter.dll" adapterTypeName="Microsoft.VisualStudio.TestTools.TestTypes.Unit.UnitTestAdapter" className="Microsoft.ActiveDirectory.Connector.Test.DocuSignProxyAdapterTest" name="DocuSign_TestImportError" />    </UnitTest>    <UnitTest name="DocuSign_TestValidateCredentials" storage="f:\src\adiam_cloud_nightly_tester\bins\debug\amd64\syncfabric\tests\testproxyadapter\microsoft.activedirectory.connector.test.testproxyadapter.dll" id="a1757e4f-71e1-d03f-ea96-ed55ffe85463">      <Execution id="515f392b-4a5b-4809-9344-ce71713b551c" />      <TestMethod codeBase="f:\src\Adiam_Cloud_Nightly_Tester\bins\debug\amd64\SyncFabric\Tests\TestProxyAdapter\Microsoft.ActiveDirectory.Connector.Test.TestProxyAdapter.dll" adapterTypeName="Microsoft.VisualStudio.TestTools.TestTypes.Unit.UnitTestAdapter" className="Microsoft.ActiveDirectory.Connector.Test.DocuSignProxyAdapterTest" name="DocuSign_TestValidateCredentials" />    </UnitTest>    <UnitTest name="JiveTestExport" storage="f:\src\adiam_cloud_nightly_tester\bins\debug\amd64\syncfabric\tests\testproxyadapter\microsoft.activedirectory.connector.test.testproxyadapter.dll" id="1d8d0aa6-66b2-c850-1cfe-831c63d15b1e">      <Execution id="3781ad61-0143-4e09-ba2a-fb5c8ebbeca3" />      <TestMethod codeBase="f:\src\Adiam_Cloud_Nightly_Tester\bins\debug\amd64\SyncFabric\Tests\TestProxyAdapter\Microsoft.ActiveDirectory.Connector.Test.TestProxyAdapter.dll" adapterTypeName="Microsoft.VisualStudio.TestTools.TestTypes.Unit.UnitTestAdapter" className="Microsoft.ActiveDirectory.Connector.Test.JiveProxyAdapterUnitTest" name="JiveTestExport" />    </UnitTest>    <UnitTest name="JiveTestExportError" storage="f:\src\adiam_cloud_nightly_tester\bins\debug\amd64\syncfabric\tests\testproxyadapter\microsoft.activedirectory.connector.test.testproxyadapter.dll" id="86430774-7c36-7017-6309-a7ef0f89ebe7">      <Execution id="6f2552e8-d65b-436e-92ee-95eaed93c58a" />      <TestMethod codeBase="f:\src\Adiam_Cloud_Nightly_Tester\bins\debug\amd64\SyncFabric\Tests\TestProxyAdapter\Microsoft.ActiveDirectory.Connector.Test.TestProxyAdapter.dll" adapterTypeName="Microsoft.VisualStudio.TestTools.TestTypes.Unit.UnitTestAdapter" className="Microsoft.ActiveDirectory.Connector.Test.JiveProxyAdapterUnitTest" name="JiveTestExportError" />    </UnitTest>    <UnitTest name="JiveTestFullImport" storage="f:\src\adiam_cloud_nightly_tester\bins\debug\amd64\syncfabric\tests\testproxyadapter\microsoft.activedirectory.connector.test.testproxyadapter.dll" id="0f2681f7-1010-34d9-47e5-ff2dcb21af63">      <Execution id="4bd5c8e2-144d-4837-86b5-10367d94bb8d" />      <TestMethod codeBase="f:\src\Adiam_Cloud_Nightly_Tester\bins\debug\amd64\SyncFabric\Tests\TestProxyAdapter\Microsoft.ActiveDirectory.Connector.Test.TestProxyAdapter.dll" adapterTypeName="Microsoft.VisualStudio.TestTools.TestTypes.Unit.UnitTestAdapter" className="Microsoft.ActiveDirectory.Connector.Test.JiveProxyAdapterUnitTest" name="JiveTestFullImport" />    </UnitTest>    <UnitTest name="JiveTestImportByAnchor" storage="f:\src\adiam_cloud_nightly_tester\bins\debug\amd64\syncfabric\tests\testproxyadapter\microsoft.activedirectory.connector.test.testproxyadapter.dll" id="b714ab82-03e7-59a0-9f1f-7c148a68b064">      <Execution id="ee15dd0c-370a-4e16-b3cf-a97db2eaef39" />      <TestMethod codeBase="f:\src\Adiam_Cloud_Nightly_Tester\bins\debug\amd64\SyncFabric\Tests\TestProxyAdapter\Microsoft.ActiveDirectory.Connector.Test.TestProxyAdapter.dll" adapterTypeName="Microsoft.VisualStudio.TestTools.TestTypes.Unit.UnitTestAdapter" className="Microsoft.ActiveDirectory.Connector.Test.JiveProxyAdapterUnitTest" name="JiveTestImportByAnchor" />    </UnitTest>    <UnitTest name="JiveTestImportByAnchorError" storage="f:\src\adiam_cloud_nightly_tester\bins\debug\amd64\syncfabric\tests\testproxyadapter\microsoft.activedirectory.connector.test.testproxyadapter.dll" id="fd729553-89f8-2016-dca6-562dc0e18ec9">      <Execution id="c45cc948-2745-4752-83f7-ad21f772bd43" />      <TestMethod codeBase="f:\src\Adiam_Cloud_Nightly_Tester\bins\debug\amd64\SyncFabric\Tests\TestProxyAdapter\Microsoft.ActiveDirectory.Connector.Test.TestProxyAdapter.dll" adapterTypeName="Microsoft.VisualStudio.TestTools.TestTypes.Unit.UnitTestAdapter" className="Microsoft.ActiveDirectory.Connector.Test.JiveProxyAdapterUnitTest" name="JiveTestImportByAnchorError" />    </UnitTest>    <UnitTest name="JiveTestImportByJoiningProperty" storage="f:\src\adiam_cloud_nightly_tester\bins\debug\amd64\syncfabric\tests\testproxyadapter\microsoft.activedirectory.connector.test.testproxyadapter.dll" id="7f4780c7-2ead-21bd-62d9-479a866dbfaa">      <Execution id="cf2dbae5-439b-4b54-844a-ae8f8ecf4770" />      <TestMethod codeBase="f:\src\Adiam_Cloud_Nightly_Tester\bins\debug\amd64\SyncFabric\Tests\TestProxyAdapter\Microsoft.ActiveDirectory.Connector.Test.TestProxyAdapter.dll" adapterTypeName="Microsoft.VisualStudio.TestTools.TestTypes.Unit.UnitTestAdapter" className="Microsoft.ActiveDirectory.Connector.Test.JiveProxyAdapterUnitTest" name="JiveTestImportByJoiningProperty" />    </UnitTest>    <UnitTest name="JiveTestImportError" storage="f:\src\adiam_cloud_nightly_tester\bins\debug\amd64\syncfabric\tests\testproxyadapter\microsoft.activedirectory.connector.test.testproxyadapter.dll" id="a9d008f0-4ea7-239c-37c3-a74011ebb7fe">      <Execution id="23052603-1738-4dc3-9479-dda6ddf591a4" />      <TestMethod codeBase="f:\src\Adiam_Cloud_Nightly_Tester\bins\debug\amd64\SyncFabric\Tests\TestProxyAdapter\Microsoft.ActiveDirectory.Connector.Test.TestProxyAdapter.dll" adapterTypeName="Microsoft.VisualStudio.TestTools.TestTypes.Unit.UnitTestAdapter" className="Microsoft.ActiveDirectory.Connector.Test.JiveProxyAdapterUnitTest" name="JiveTestImportError" />    </UnitTest>    <UnitTest name="JiveTestTryValidateCredentials" storage="f:\src\adiam_cloud_nightly_tester\bins\debug\amd64\syncfabric\tests\testproxyadapter\microsoft.activedirectory.connector.test.testproxyadapter.dll" id="012d05d3-cdda-ef0e-7ee0-ce2fd3edc5cb">      <Execution id="c889cc58-522d-4126-a36d-390c569ef76e" />      <TestMethod codeBase="f:\src\Adiam_Cloud_Nightly_Tester\bins\debug\amd64\SyncFabric\Tests\TestProxyAdapter\Microsoft.ActiveDirectory.Connector.Test.TestProxyAdapter.dll" adapterTypeName="Microsoft.VisualStudio.TestTools.TestTypes.Unit.UnitTestAdapter" className="Microsoft.ActiveDirectory.Connector.Test.JiveProxyAdapterUnitTest" name="JiveTestTryValidateCredentials" />    </UnitTest>    <UnitTest name="JiveTestUpdateUserName" storage="f:\src\adiam_cloud_nightly_tester\bins\debug\amd64\syncfabric\tests\testproxyadapter\microsoft.activedirectory.connector.test.testproxyadapter.dll" id="ba6386bc-ee07-82a7-7130-4007442a1286">      <Execution id="51fb48e4-2836-4dfc-a928-0f59c613c58f" />      <TestMethod codeBase="f:\src\Adiam_Cloud_Nightly_Tester\bins\debug\amd64\SyncFabric\Tests\TestProxyAdapter\Microsoft.ActiveDirectory.Connector.Test.TestProxyAdapter.dll" adapterTypeName="Microsoft.VisualStudio.TestTools.TestTypes.Unit.UnitTestAdapter" className="Microsoft.ActiveDirectory.Connector.Test.JiveProxyAdapterUnitTest" name="JiveTestUpdateUserName" />    </UnitTest>    <UnitTest name="NetSuite_TestExport" storage="f:\src\adiam_cloud_nightly_tester\bins\debug\amd64\syncfabric\tests\testproxyadapter\microsoft.activedirectory.connector.test.testproxyadapter.dll" id="57eae8a4-fc62-b1c1-6eb1-3c0d514aea83">      <Execution id="fe455946-55bf-4bca-8b31-22f224da0786" />      <TestMethod codeBase="f:\src\Adiam_Cloud_Nightly_Tester\bins\debug\amd64\SyncFabric\Tests\TestProxyAdapter\Microsoft.ActiveDirectory.Connector.Test.TestProxyAdapter.dll" adapterTypeName="Microsoft.VisualStudio.TestTools.TestTypes.Unit.UnitTestAdapter" className="Microsoft.ActiveDirectory.Connector.Test.NetSuiteProxyAdapterTest" name="NetSuite_TestExport" />    </UnitTest>    <UnitTest name="TestServiceNowSystemProxyAdapterPrivateImport" storage="f:\src\adiam_cloud_nightly_tester\bins\debug\amd64\syncfabric\tests\testintegrationenvironment\microsoft.activedirectory.connector.test.testservicenowproxyadapter.dll" id="6eabfca3-15ec-01a2-efee-c98955623bb3">      <Execution id="43c61361-9d9c-40ac-9fdf-d5792b45800f" />      <TestMethod codeBase="f:\src\Adiam_Cloud_Nightly_Tester\bins\debug\amd64\SyncFabric\Tests\TestIntegrationEnvironment\Microsoft.ActiveDirectory.Connector.Test.TestServiceNowProxyAdapter.dll" adapterTypeName="Microsoft.VisualStudio.TestTools.TestTypes.Unit.UnitTestAdapter" className="Microsoft.ActiveDirectory.Connector.Test.ServiceNowSystemProxyAdapterUnitTest" name="TestServiceNowSystemProxyAdapterPrivateImport" />    </UnitTest>    <UnitTest name="TestServiceNowSystemProxyAdapterImportUsers" storage="f:\src\adiam_cloud_nightly_tester\bins\debug\amd64\syncfabric\tests\testintegrationenvironment\microsoft.activedirectory.connector.test.testservicenowproxyadapter.dll" id="bf25123b-715f-c738-afcc-7ec9de21e2a2">      <Execution id="70af9073-88e4-46d8-bd95-d9f915451b5e" />      <TestMethod codeBase="f:\src\Adiam_Cloud_Nightly_Tester\bins\debug\amd64\SyncFabric\Tests\TestIntegrationEnvironment\Microsoft.ActiveDirectory.Connector.Test.TestServiceNowProxyAdapter.dll" adapterTypeName="Microsoft.VisualStudio.TestTools.TestTypes.Unit.UnitTestAdapter" className="Microsoft.ActiveDirectory.Connector.Test.ServiceNowSystemProxyAdapterUnitTest" name="TestServiceNowSystemProxyAdapterImportUsers" />    </UnitTest>    <UnitTest name="TestCredentialValidation" storage="f:\src\adiam_cloud_nightly_tester\bins\debug\amd64\syncfabric\tests\testintegrationenvironment\microsoft.activedirectory.connector.test.testservicenowproxyadapter.dll" id="de4d6217-4faf-bbf5-8f87-e7aa0ba7aade">      <Execution id="be1b1a24-d48f-4873-b004-8180a3062bea" />      <TestMethod codeBase="f:\src\Adiam_Cloud_Nightly_Tester\bins\debug\amd64\SyncFabric\Tests\TestIntegrationEnvironment\Microsoft.ActiveDirectory.Connector.Test.TestServiceNowProxyAdapter.dll" adapterTypeName="Microsoft.VisualStudio.TestTools.TestTypes.Unit.UnitTestAdapter" className="Microsoft.ActiveDirectory.Connector.Test.ServiceNowSystemProxyAdapterUnitTest" name="TestCredentialValidation" />    </UnitTest>    <UnitTest name="TestServiceNowSoapProxyAdaptorInsertExportUser" storage="f:\src\adiam_cloud_nightly_tester\bins\debug\amd64\syncfabric\tests\testintegrationenvironment\microsoft.activedirectory.connector.test.testservicenowproxyadapter.dll" id="302cebbe-592e-c036-77b9-77fb56b5b24c">      <Execution id="b2f69411-e056-4bd6-83ce-a3af9670bc54" />      <TestMethod codeBase="f:\src\Adiam_Cloud_Nightly_Tester\bins\debug\amd64\SyncFabric\Tests\TestIntegrationEnvironment\Microsoft.ActiveDirectory.Connector.Test.TestServiceNowProxyAdapter.dll" adapterTypeName="Microsoft.VisualStudio.TestTools.TestTypes.Unit.UnitTestAdapter" className="Microsoft.ActiveDirectory.Connector.Test.ServiceNowSoapProxyAdapterUnitTest" name="TestServiceNowSoapProxyAdaptorInsertExportUser" />    </UnitTest>    <UnitTest name="TestServiceNowSoapProxyAdaptorUpdateExportUser" storage="f:\src\adiam_cloud_nightly_tester\bins\debug\amd64\syncfabric\tests\testintegrationenvironment\microsoft.activedirectory.connector.test.testservicenowproxyadapter.dll" id="6ea7ba49-eb5e-4758-9701-98925f4649f5">      <Execution id="d74e8548-5e30-425f-bdd9-b9fb72ac4050" />      <TestMethod codeBase="f:\src\Adiam_Cloud_Nightly_Tester\bins\debug\amd64\SyncFabric\Tests\TestIntegrationEnvironment\Microsoft.ActiveDirectory.Connector.Test.TestServiceNowProxyAdapter.dll" adapterTypeName="Microsoft.VisualStudio.TestTools.TestTypes.Unit.UnitTestAdapter" className="Microsoft.ActiveDirectory.Connector.Test.ServiceNowSoapProxyAdapterUnitTest" name="TestServiceNowSoapProxyAdaptorUpdateExportUser" />    </UnitTest>    <UnitTest name="TestServiceNowSoapProxyAdaptorUpdateExportUserWithSubsetAttribute" storage="f:\src\adiam_cloud_nightly_tester\bins\debug\amd64\syncfabric\tests\testintegrationenvironment\microsoft.activedirectory.connector.test.testservicenowproxyadapter.dll" id="b87f9e21-7e64-4739-97ba-5a307cd399d5">      <Execution id="cde40a6d-96c3-45be-aebe-d96dfe5321f4" />      <TestMethod codeBase="f:\src\Adiam_Cloud_Nightly_Tester\bins\debug\amd64\SyncFabric\Tests\TestIntegrationEnvironment\Microsoft.ActiveDirectory.Connector.Test.TestServiceNowProxyAdapter.dll" adapterTypeName="Microsoft.VisualStudio.TestTools.TestTypes.Unit.UnitTestAdapter" className="Microsoft.ActiveDirectory.Connector.Test.ServiceNowSoapProxyAdapterUnitTest" name="TestServiceNowSoapProxyAdaptorUpdateExportUserWithSubsetAttribute" />    </UnitTest>    <UnitTest name="TestServiceNowSoapProxyAdaptorDeleteUserSettingUpdateOnSoftDelete" storage="f:\src\adiam_cloud_nightly_tester\bins\debug\amd64\syncfabric\tests\testintegrationenvironment\microsoft.activedirectory.connector.test.testservicenowproxyadapter.dll" id="ca533035-4894-0f0a-9bf9-dab39ecba7e8">      <Execution id="aa31082c-1db1-4f39-932c-09349e157ad1" />      <TestMethod codeBase="f:\src\Adiam_Cloud_Nightly_Tester\bins\debug\amd64\SyncFabric\Tests\TestIntegrationEnvironment\Microsoft.ActiveDirectory.Connector.Test.TestServiceNowProxyAdapter.dll" adapterTypeName="Microsoft.VisualStudio.TestTools.TestTypes.Unit.UnitTestAdapter" className="Microsoft.ActiveDirectory.Connector.Test.ServiceNowSoapProxyAdapterUnitTest" name="TestServiceNowSoapProxyAdaptorDeleteUserSettingUpdateOnSoftDelete" />    </UnitTest>    <UnitTest name="TestServiceNowSoapProxyAdaptorDeleteUserWithUpdateOnSoftDeleteOff" storage="f:\src\adiam_cloud_nightly_tester\bins\debug\amd64\syncfabric\tests\testintegrationenvironment\microsoft.activedirectory.connector.test.testservicenowproxyadapter.dll" id="911426f0-d684-c7e1-09ee-914539606cb1">      <Execution id="700ba2a3-5a89-417d-b5a5-a90ea64d7d8c" />      <TestMethod codeBase="f:\src\Adiam_Cloud_Nightly_Tester\bins\debug\amd64\SyncFabric\Tests\TestIntegrationEnvironment\Microsoft.ActiveDirectory.Connector.Test.TestServiceNowProxyAdapter.dll" adapterTypeName="Microsoft.VisualStudio.TestTools.TestTypes.Unit.UnitTestAdapter" className="Microsoft.ActiveDirectory.Connector.Test.ServiceNowSoapProxyAdapterUnitTest" name="TestServiceNowSoapProxyAdaptorDeleteUserWithUpdateOnSoftDeleteOff" />    </UnitTest>    <UnitTest name="TestServiceNowSoapProxyAdaptorReactivateUser" storage="f:\src\adiam_cloud_nightly_tester\bins\debug\amd64\syncfabric\tests\testintegrationenvironment\microsoft.activedirectory.connector.test.testservicenowproxyadapter.dll" id="4b07b12f-bc8e-41a4-b02a-5e065ff359e0">      <Execution id="d34f6d6a-e451-46a5-9540-afe9d4a51d60" />      <TestMethod codeBase="f:\src\Adiam_Cloud_Nightly_Tester\bins\debug\amd64\SyncFabric\Tests\TestIntegrationEnvironment\Microsoft.ActiveDirectory.Connector.Test.TestServiceNowProxyAdapter.dll" adapterTypeName="Microsoft.VisualStudio.TestTools.TestTypes.Unit.UnitTestAdapter" className="Microsoft.ActiveDirectory.Connector.Test.ServiceNowSoapProxyAdapterUnitTest" name="TestServiceNowSoapProxyAdaptorReactivateUser" />    </UnitTest>    <UnitTest name="TestServiceNowSoapProxyAdaptorImportUser" storage="f:\src\adiam_cloud_nightly_tester\bins\debug\amd64\syncfabric\tests\testintegrationenvironment\microsoft.activedirectory.connector.test.testservicenowproxyadapter.dll" id="7a56e7ca-3c8c-9dc4-8190-d3dc23bcbe57">      <Execution id="20e44c5b-e80f-4eef-86b3-3777557abe91" />      <TestMethod codeBase="f:\src\Adiam_Cloud_Nightly_Tester\bins\debug\amd64\SyncFabric\Tests\TestIntegrationEnvironment\Microsoft.ActiveDirectory.Connector.Test.TestServiceNowProxyAdapter.dll" adapterTypeName="Microsoft.VisualStudio.TestTools.TestTypes.Unit.UnitTestAdapter" className="Microsoft.ActiveDirectory.Connector.Test.ServiceNowSoapProxyAdapterUnitTest" name="TestServiceNowSoapProxyAdaptorImportUser" />    </UnitTest>    <UnitTest name="TestServiceNowSoapProxyAdaptorImportUserByAnchor" storage="f:\src\adiam_cloud_nightly_tester\bins\debug\amd64\syncfabric\tests\testintegrationenvironment\microsoft.activedirectory.connector.test.testservicenowproxyadapter.dll" id="13d3d631-2839-f942-da46-3eaa6a51bb79">      <Execution id="855963cc-95a7-4598-a72b-19dda285319e" />      <TestMethod codeBase="f:\src\Adiam_Cloud_Nightly_Tester\bins\debug\amd64\SyncFabric\Tests\TestIntegrationEnvironment\Microsoft.ActiveDirectory.Connector.Test.TestServiceNowProxyAdapter.dll" adapterTypeName="Microsoft.VisualStudio.TestTools.TestTypes.Unit.UnitTestAdapter" className="Microsoft.ActiveDirectory.Connector.Test.ServiceNowSoapProxyAdapterUnitTest" name="TestServiceNowSoapProxyAdaptorImportUserByAnchor" />    </UnitTest>    <UnitTest name="TestServiceNowSoapProxyAdaptorExportDeleteUser" storage="f:\src\adiam_cloud_nightly_tester\bins\debug\amd64\syncfabric\tests\testintegrationenvironment\microsoft.activedirectory.connector.test.testservicenowproxyadapter.dll" id="791c7d83-c38f-ea63-2783-8ffda05f37f8">      <Execution id="14bf58b1-e815-4220-84ab-2bd709dc4e19" />      <TestMethod codeBase="f:\src\Adiam_Cloud_Nightly_Tester\bins\debug\amd64\SyncFabric\Tests\TestIntegrationEnvironment\Microsoft.ActiveDirectory.Connector.Test.TestServiceNowProxyAdapter.dll" adapterTypeName="Microsoft.VisualStudio.TestTools.TestTypes.Unit.UnitTestAdapter" className="Microsoft.ActiveDirectory.Connector.Test.ServiceNowSoapProxyAdapterUnitTest" name="TestServiceNowSoapProxyAdaptorExportDeleteUser" />    </UnitTest>    <UnitTest name="TestServiceNowSoapProxyAdaptorFullImportUser" storage="f:\src\adiam_cloud_nightly_tester\bins\debug\amd64\syncfabric\tests\testintegrationenvironment\microsoft.activedirectory.connector.test.testservicenowproxyadapter.dll" id="bd7851a1-d393-2313-5612-78f60cad6ac4">      <Execution id="bd3875d0-9157-4a61-8e5b-fc5891075abd" />      <TestMethod codeBase="f:\src\Adiam_Cloud_Nightly_Tester\bins\debug\amd64\SyncFabric\Tests\TestIntegrationEnvironment\Microsoft.ActiveDirectory.Connector.Test.TestServiceNowProxyAdapter.dll" adapterTypeName="Microsoft.VisualStudio.TestTools.TestTypes.Unit.UnitTestAdapter" className="Microsoft.ActiveDirectory.Connector.Test.ServiceNowSoapProxyAdapterUnitTest" name="TestServiceNowSoapProxyAdaptorFullImportUser" />    </UnitTest>    <UnitTest name="TestServiceNowInstanceProxyAdaptorExport" storage="f:\src\adiam_cloud_nightly_tester\bins\debug\amd64\syncfabric\tests\testintegrationenvironment\microsoft.activedirectory.connector.test.testservicenowproxyadapter.dll" id="a9064c20-0a99-9b46-433c-942d9bf9bbe1">      <Execution id="16722a46-07e6-45a3-882c-343c8f02382d" />      <TestMethod codeBase="f:\src\Adiam_Cloud_Nightly_Tester\bins\debug\amd64\SyncFabric\Tests\TestIntegrationEnvironment\Microsoft.ActiveDirectory.Connector.Test.TestServiceNowProxyAdapter.dll" adapterTypeName="Microsoft.VisualStudio.TestTools.TestTypes.Unit.UnitTestAdapter" className="Microsoft.ActiveDirectory.Connector.Test.ServiceNowInstanceProxyAdapterUnitTest" name="TestServiceNowInstanceProxyAdaptorExport" />    </UnitTest>    <UnitTest name="TestErrorDuringAddUser" storage="f:\src\adiam_cloud_nightly_tester\bins\debug\amd64\syncfabric\tests\testgoogleappsproxyadapter\microsoft.activedirectory.connector.test.testgoogleappsproxyadapter.dll" id="7391a19e-aace-6901-a7a3-5a01c30a18ae">      <Execution id="6f4eafb0-1577-4680-b6fa-256d38acc963" />      <TestMethod codeBase="f:\src\Adiam_Cloud_Nightly_Tester\bins\debug\amd64\SyncFabric\Tests\TestGoogleAppsProxyAdapter\Microsoft.ActiveDirectory.Connector.Test.TestGoogleAppsProxyAdapter.dll" adapterTypeName="Microsoft.VisualStudio.TestTools.TestTypes.Unit.UnitTestAdapter" className="Microsoft.ActiveDirectory.Connector.Test.GoogleAppsProxyAdapterUnitTest" name="TestErrorDuringAddUser" />    </UnitTest>    <UnitTest name="TestErrorDuringDeleteUser" storage="f:\src\adiam_cloud_nightly_tester\bins\debug\amd64\syncfabric\tests\testgoogleappsproxyadapter\microsoft.activedirectory.connector.test.testgoogleappsproxyadapter.dll" id="e4b21b3e-3f33-a7c0-aa29-b561fc833905">      <Execution id="03ded57c-301d-46b5-8d3c-1a975cdf7c7c" />      <TestMethod codeBase="f:\src\Adiam_Cloud_Nightly_Tester\bins\debug\amd64\SyncFabric\Tests\TestGoogleAppsProxyAdapter\Microsoft.ActiveDirectory.Connector.Test.TestGoogleAppsProxyAdapter.dll" adapterTypeName="Microsoft.VisualStudio.TestTools.TestTypes.Unit.UnitTestAdapter" className="Microsoft.ActiveDirectory.Connector.Test.GoogleAppsProxyAdapterUnitTest" name="TestErrorDuringDeleteUser" />    </UnitTest>    <UnitTest name="TestErrorDuringFindUser" storage="f:\src\adiam_cloud_nightly_tester\bins\debug\amd64\syncfabric\tests\testgoogleappsproxyadapter\microsoft.activedirectory.connector.test.testgoogleappsproxyadapter.dll" id="14741457-6f63-60be-2744-4872a8528cdb">      <Execution id="934bcdd1-0e1e-42be-80a0-8c7ff0e863e5" />      <TestMethod codeBase="f:\src\Adiam_Cloud_Nightly_Tester\bins\debug\amd64\SyncFabric\Tests\TestGoogleAppsProxyAdapter\Microsoft.ActiveDirectory.Connector.Test.TestGoogleAppsProxyAdapter.dll" adapterTypeName="Microsoft.VisualStudio.TestTools.TestTypes.Unit.UnitTestAdapter" className="Microsoft.ActiveDirectory.Connector.Test.GoogleAppsProxyAdapterUnitTest" name="TestErrorDuringFindUser" />    </UnitTest>    <UnitTest name="TestErrorDuringFindUsers" storage="f:\src\adiam_cloud_nightly_tester\bins\debug\amd64\syncfabric\tests\testgoogleappsproxyadapter\microsoft.activedirectory.connector.test.testgoogleappsproxyadapter.dll" id="31631701-e7f0-05d8-ea53-f91f9d5a9f39">      <Execution id="6a5971cd-6c25-4b03-ac09-2b0965648116" />      <TestMethod codeBase="f:\src\Adiam_Cloud_Nightly_Tester\bins\debug\amd64\SyncFabric\Tests\TestGoogleAppsProxyAdapter\Microsoft.ActiveDirectory.Connector.Test.TestGoogleAppsProxyAdapter.dll" adapterTypeName="Microsoft.VisualStudio.TestTools.TestTypes.Unit.UnitTestAdapter" className="Microsoft.ActiveDirectory.Connector.Test.GoogleAppsProxyAdapterUnitTest" name="TestErrorDuringFindUsers" />    </UnitTest>    <UnitTest name="TestErrorDuringUpdateUser" storage="f:\src\adiam_cloud_nightly_tester\bins\debug\amd64\syncfabric\tests\testgoogleappsproxyadapter\microsoft.activedirectory.connector.test.testgoogleappsproxyadapter.dll" id="6e0c223d-5963-4ee2-ad4b-07b64add840c">      <Execution id="9c651770-1208-4475-9271-cd5ea5fce39a" />      <TestMethod codeBase="f:\src\Adiam_Cloud_Nightly_Tester\bins\debug\amd64\SyncFabric\Tests\TestGoogleAppsProxyAdapter\Microsoft.ActiveDirectory.Connector.Test.TestGoogleAppsProxyAdapter.dll" adapterTypeName="Microsoft.VisualStudio.TestTools.TestTypes.Unit.UnitTestAdapter" className="Microsoft.ActiveDirectory.Connector.Test.GoogleAppsProxyAdapterUnitTest" name="TestErrorDuringUpdateUser" />    </UnitTest>    <UnitTest name="TestErrorInvalidAdminUserName" storage="f:\src\adiam_cloud_nightly_tester\bins\debug\amd64\syncfabric\tests\testgoogleappsproxyadapter\microsoft.activedirectory.connector.test.testgoogleappsproxyadapter.dll" id="b29ed5a1-891e-b6da-e2d7-e91787211cbc">      <Execution id="92be599f-5571-4fda-9454-54c4925d85cf" />      <TestMethod codeBase="f:\src\Adiam_Cloud_Nightly_Tester\bins\debug\amd64\SyncFabric\Tests\TestGoogleAppsProxyAdapter\Microsoft.ActiveDirectory.Connector.Test.TestGoogleAppsProxyAdapter.dll" adapterTypeName="Microsoft.VisualStudio.TestTools.TestTypes.Unit.UnitTestAdapter" className="Microsoft.ActiveDirectory.Connector.Test.GoogleAppsProxyAdapterUnitTest" name="TestErrorInvalidAdminUserName" />    </UnitTest>    <UnitTest name="TestExport" storage="f:\src\adiam_cloud_nightly_tester\bins\debug\amd64\syncfabric\tests\testgoogleappsproxyadapter\microsoft.activedirectory.connector.test.testgoogleappsproxyadapter.dll" id="e3045bfa-0a4f-2610-d162-d6052a6d722a">      <Execution id="a42c46a9-7df9-4355-b1d4-0e5a7f849096" />      <TestMethod codeBase="f:\src\Adiam_Cloud_Nightly_Tester\bins\debug\amd64\SyncFabric\Tests\TestGoogleAppsProxyAdapter\Microsoft.ActiveDirectory.Connector.Test.TestGoogleAppsProxyAdapter.dll" adapterTypeName="Microsoft.VisualStudio.TestTools.TestTypes.Unit.UnitTestAdapter" className="Microsoft.ActiveDirectory.Connector.Test.GoogleAppsProxyAdapterUnitTest" name="TestExport" />    </UnitTest>    <UnitTest name="TestFullImport" storage="f:\src\adiam_cloud_nightly_tester\bins\debug\amd64\syncfabric\tests\testgoogleappsproxyadapter\microsoft.activedirectory.connector.test.testgoogleappsproxyadapter.dll" id="54731a81-be20-7897-6114-1ac6cf124061">      <Execution id="075583e4-b3d9-4aed-8f7c-b720b61fca57" />      <TestMethod codeBase="f:\src\Adiam_Cloud_Nightly_Tester\bins\debug\amd64\SyncFabric\Tests\TestGoogleAppsProxyAdapter\Microsoft.ActiveDirectory.Connector.Test.TestGoogleAppsProxyAdapter.dll" adapterTypeName="Microsoft.VisualStudio.TestTools.TestTypes.Unit.UnitTestAdapter" className="Microsoft.ActiveDirectory.Connector.Test.GoogleAppsProxyAdapterUnitTest" name="TestFullImport" />    </UnitTest>    <UnitTest name="TestDomainMismatch" storage="f:\src\adiam_cloud_nightly_tester\bins\debug\amd64\syncfabric\tests\testgoogleappsproxyadapter\microsoft.activedirectory.connector.test.testgoogleappsproxyadapter.dll" id="4454c496-8ce9-c10e-fd1f-7f91d84d95cf">      <Execution id="44530efd-11e5-4db9-af4f-96cf6ba38b75" />      <TestMethod codeBase="f:\src\Adiam_Cloud_Nightly_Tester\bins\debug\amd64\SyncFabric\Tests\TestGoogleAppsProxyAdapter\Microsoft.ActiveDirectory.Connector.Test.TestGoogleAppsProxyAdapter.dll" adapterTypeName="Microsoft.VisualStudio.TestTools.TestTypes.Unit.UnitTestAdapter" className="Microsoft.ActiveDirectory.Connector.Test.GoogleAppsProxyAdapterUnitTest" name="TestDomainMismatch" />    </UnitTest>    <UnitTest name="TestTryValidateCredentials" storage="f:\src\adiam_cloud_nightly_tester\bins\debug\amd64\syncfabric\tests\testgoogleappsproxyadapter\microsoft.activedirectory.connector.test.testgoogleappsproxyadapter.dll" id="58ec7d6f-1827-e293-c3f1-4b1d269072f2">      <Execution id="c36066e2-ed90-4a45-b5b2-282740b95c14" />      <TestMethod codeBase="f:\src\Adiam_Cloud_Nightly_Tester\bins\debug\amd64\SyncFabric\Tests\TestGoogleAppsProxyAdapter\Microsoft.ActiveDirectory.Connector.Test.TestGoogleAppsProxyAdapter.dll" adapterTypeName="Microsoft.VisualStudio.TestTools.TestTypes.Unit.UnitTestAdapter" className="Microsoft.ActiveDirectory.Connector.Test.GoogleAppsProxyAdapterUnitTest" name="TestTryValidateCredentials" />    </UnitTest>    <UnitTest name="TestAddItem" storage="f:\src\adiam_cloud_nightly_tester\bins\debug\amd64\syncfabric\tests\teststorage\microsoft.activedirectory.connector.test.teststorage.dll" id="08aa170e-0bee-a361-019e-13500eb07110">      <Execution id="56b2f8ea-e335-4c8b-b5fd-2b1b75fbeec0" />      <TestMethod codeBase="f:\src\Adiam_Cloud_Nightly_Tester\bins\debug\amd64\SyncFabric\Tests\TestStorage\Microsoft.ActiveDirectory.Connector.Test.TestStorage.dll" adapterTypeName="Microsoft.VisualStudio.TestTools.TestTypes.Unit.UnitTestAdapter" className="Microsoft.ActiveDirectory.Connector.Test.CloudKeyValueStringStoreUnitTest" name="TestAddItem" />    </UnitTest>    <UnitTest name="TestAddLargeItem" storage="f:\src\adiam_cloud_nightly_tester\bins\debug\amd64\syncfabric\tests\teststorage\microsoft.activedirectory.connector.test.teststorage.dll" id="ccadfd66-3ee1-d438-b2ea-21700ccd8b26">      <Execution id="7ca49aef-3d7f-4039-9eac-251728e26f23" />      <TestMethod codeBase="f:\src\Adiam_Cloud_Nightly_Tester\bins\debug\amd64\SyncFabric\Tests\TestStorage\Microsoft.ActiveDirectory.Connector.Test.TestStorage.dll" adapterTypeName="Microsoft.VisualStudio.TestTools.TestTypes.Unit.UnitTestAdapter" className="Microsoft.ActiveDirectory.Connector.Test.CloudKeyValueStringStoreUnitTest" name="TestAddLargeItem" />    </UnitTest>    <UnitTest name="TestMarkOrphanedLock" storage="f:\src\adiam_cloud_nightly_tester\bins\debug\amd64\syncfabric\tests\teststorage\microsoft.activedirectory.connector.test.teststorage.dll" id="9ba0fbbf-c124-d662-a95a-dee8f4ba6300">      <Execution id="e7d8f8e3-d7ad-4c6a-ad70-3bfe9e43a441" />      <TestMethod codeBase="f:\src\Adiam_Cloud_Nightly_Tester\bins\debug\amd64\SyncFabric\Tests\TestStorage\Microsoft.ActiveDirectory.Connector.Test.TestStorage.dll" adapterTypeName="Microsoft.VisualStudio.TestTools.TestTypes.Unit.UnitTestAdapter" className="Microsoft.ActiveDirectory.Connector.Test.CloudKeyValueStringStoreUnitTest" name="TestMarkOrphanedLock" />    </UnitTest>    <UnitTest name="TestDeleteItem" storage="f:\src\adiam_cloud_nightly_tester\bins\debug\amd64\syncfabric\tests\teststorage\microsoft.activedirectory.connector.test.teststorage.dll" id="6ca3544a-a6ce-7a38-9682-0976b4a9a1e2">      <Execution id="136779f6-e3da-4a8c-aece-81b8facd57cf" />      <TestMethod codeBase="f:\src\Adiam_Cloud_Nightly_Tester\bins\debug\amd64\SyncFabric\Tests\TestStorage\Microsoft.ActiveDirectory.Connector.Test.TestStorage.dll" adapterTypeName="Microsoft.VisualStudio.TestTools.TestTypes.Unit.UnitTestAdapter" className="Microsoft.ActiveDirectory.Connector.Test.CloudKeyValueStringStoreUnitTest" name="TestDeleteItem" />    </UnitTest>    <UnitTest name="TestDeleteItemWithoutLock" storage="f:\src\adiam_cloud_nightly_tester\bins\debug\amd64\syncfabric\tests\teststorage\microsoft.activedirectory.connector.test.teststorage.dll" id="bb42a532-02f6-6960-3e9d-33ca3c5d5e25">      <Execution id="a0cab301-e2a7-40f3-8f97-256c5210f55f" />      <TestMethod codeBase="f:\src\Adiam_Cloud_Nightly_Tester\bins\debug\amd64\SyncFabric\Tests\TestStorage\Microsoft.ActiveDirectory.Connector.Test.TestStorage.dll" adapterTypeName="Microsoft.VisualStudio.TestTools.TestTypes.Unit.UnitTestAdapter" className="Microsoft.ActiveDirectory.Connector.Test.CloudKeyValueStringStoreUnitTest" name="TestDeleteItemWithoutLock" />    </UnitTest>    <UnitTest name="TestFindIdentifiers" storage="f:\src\adiam_cloud_nightly_tester\bins\debug\amd64\syncfabric\tests\teststorage\microsoft.activedirectory.connector.test.teststorage.dll" id="42e593fa-bee0-ceda-9985-3dbb8128f42f">      <Execution id="3b0c1076-db4d-4b3d-809b-f9ae687e871a" />      <TestMethod codeBase="f:\src\Adiam_Cloud_Nightly_Tester\bins\debug\amd64\SyncFabric\Tests\TestStorage\Microsoft.ActiveDirectory.Connector.Test.TestStorage.dll" adapterTypeName="Microsoft.VisualStudio.TestTools.TestTypes.Unit.UnitTestAdapter" className="Microsoft.ActiveDirectory.Connector.Test.CloudKeyValueStringStoreUnitTest" name="TestFindIdentifiers" />    </UnitTest>    <UnitTest name="TestFindItems" storage="f:\src\adiam_cloud_nightly_tester\bins\debug\amd64\syncfabric\tests\teststorage\microsoft.activedirectory.connector.test.teststorage.dll" id="13dc9935-d5b7-22f0-6343-a9f468aa7522">      <Execution id="9761f86b-923f-4ee2-92f9-23f7a971c764" />      <TestMethod codeBase="f:\src\Adiam_Cloud_Nightly_Tester\bins\debug\amd64\SyncFabric\Tests\TestStorage\Microsoft.ActiveDirectory.Connector.Test.TestStorage.dll" adapterTypeName="Microsoft.VisualStudio.TestTools.TestTypes.Unit.UnitTestAdapter" className="Microsoft.ActiveDirectory.Connector.Test.CloudKeyValueStringStoreUnitTest" name="TestFindItems" />    </UnitTest>    <UnitTest name="TestFlush" storage="f:\src\adiam_cloud_nightly_tester\bins\debug\amd64\syncfabric\tests\teststorage\microsoft.activedirectory.connector.test.teststorage.dll" id="9847e6d4-2db7-a109-bce5-1e8c418ddc15">      <Execution id="bbb21b43-3217-4412-a8ee-381b68f642ec" />      <TestMethod codeBase="f:\src\Adiam_Cloud_Nightly_Tester\bins\debug\amd64\SyncFabric\Tests\TestStorage\Microsoft.ActiveDirectory.Connector.Test.TestStorage.dll" adapterTypeName="Microsoft.VisualStudio.TestTools.TestTypes.Unit.UnitTestAdapter" className="Microsoft.ActiveDirectory.Connector.Test.CloudKeyValueStringStoreUnitTest" name="TestFlush" />    </UnitTest>    <UnitTest name="TestGetItem" storage="f:\src\adiam_cloud_nightly_tester\bins\debug\amd64\syncfabric\tests\teststorage\microsoft.activedirectory.connector.test.teststorage.dll" id="a32c43cc-145c-f7f1-6bff-63a3c42e7cde">      <Execution id="cefcfa90-09c1-4c17-aba8-a95690a6bf39" />      <TestMethod codeBase="f:\src\Adiam_Cloud_Nightly_Tester\bins\debug\amd64\SyncFabric\Tests\TestStorage\Microsoft.ActiveDirectory.Connector.Test.TestStorage.dll" adapterTypeName="Microsoft.VisualStudio.TestTools.TestTypes.Unit.UnitTestAdapter" className="Microsoft.ActiveDirectory.Connector.Test.CloudKeyValueStringStoreUnitTest" name="TestGetItem" />    </UnitTest>    <UnitTest name="TestPerformanceCounters" storage="f:\src\adiam_cloud_nightly_tester\bins\debug\amd64\syncfabric\tests\teststorage\microsoft.activedirectory.connector.test.teststorage.dll" id="de042ee0-23c0-6f92-d11d-37c0aaca3f59">      <Execution id="9a12e60f-def6-459d-9528-35b23d8a2acf" />      <TestMethod codeBase="f:\src\Adiam_Cloud_Nightly_Tester\bins\debug\amd64\SyncFabric\Tests\TestStorage\Microsoft.ActiveDirectory.Connector.Test.TestStorage.dll" adapterTypeName="Microsoft.VisualStudio.TestTools.TestTypes.Unit.UnitTestAdapter" className="Microsoft.ActiveDirectory.Connector.Test.CloudKeyValueStringStoreUnitTest" name="TestPerformanceCounters" />    </UnitTest>    <UnitTest name="TestTryGetItem" storage="f:\src\adiam_cloud_nightly_tester\bins\debug\amd64\syncfabric\tests\teststorage\microsoft.activedirectory.connector.test.teststorage.dll" id="9e3ab945-d402-92fa-a432-1b6ca96a32ba">      <Execution id="73a4176e-cbc0-4c25-8227-58a1a05c401d" />      <TestMethod codeBase="f:\src\Adiam_Cloud_Nightly_Tester\bins\debug\amd64\SyncFabric\Tests\TestStorage\Microsoft.ActiveDirectory.Connector.Test.TestStorage.dll" adapterTypeName="Microsoft.VisualStudio.TestTools.TestTypes.Unit.UnitTestAdapter" className="Microsoft.ActiveDirectory.Connector.Test.CloudKeyValueStringStoreUnitTest" name="TestTryGetItem" />    </UnitTest>    <UnitTest name="TestTryLock" storage="f:\src\adiam_cloud_nightly_tester\bins\debug\amd64\syncfabric\tests\teststorage\microsoft.activedirectory.connector.test.teststorage.dll" id="17de6989-410c-6dd6-7db7-65c3fc4b5a81">      <Execution id="12a13950-4554-4884-b034-036442d7d14a" />      <TestMethod codeBase="f:\src\Adiam_Cloud_Nightly_Tester\bins\debug\amd64\SyncFabric\Tests\TestStorage\Microsoft.ActiveDirectory.Connector.Test.TestStorage.dll" adapterTypeName="Microsoft.VisualStudio.TestTools.TestTypes.Unit.UnitTestAdapter" className="Microsoft.ActiveDirectory.Connector.Test.CloudKeyValueStringStoreUnitTest" name="TestTryLock" />    </UnitTest>    <UnitTest name="TestUnlock" storage="f:\src\adiam_cloud_nightly_tester\bins\debug\amd64\syncfabric\tests\teststorage\microsoft.activedirectory.connector.test.teststorage.dll" id="ddb95f2d-1de0-700b-f225-31f08dbcab15">      <Execution id="3917fc11-9b44-4093-b746-ab2fb02df4eb" />      <TestMethod codeBase="f:\src\Adiam_Cloud_Nightly_Tester\bins\debug\amd64\SyncFabric\Tests\TestStorage\Microsoft.ActiveDirectory.Connector.Test.TestStorage.dll" adapterTypeName="Microsoft.VisualStudio.TestTools.TestTypes.Unit.UnitTestAdapter" className="Microsoft.ActiveDirectory.Connector.Test.CloudKeyValueStringStoreUnitTest" name="TestUnlock" />    </UnitTest>    <UnitTest name="TestUnlockWithoutLock" storage="f:\src\adiam_cloud_nightly_tester\bins\debug\amd64\syncfabric\tests\teststorage\microsoft.activedirectory.connector.test.teststorage.dll" id="d6158266-3e43-d3e5-1d59-8422d38c36e6">      <Execution id="f0d395bf-b07f-4804-abbd-c882dc61c8fe" />      <TestMethod codeBase="f:\src\Adiam_Cloud_Nightly_Tester\bins\debug\amd64\SyncFabric\Tests\TestStorage\Microsoft.ActiveDirectory.Connector.Test.TestStorage.dll" adapterTypeName="Microsoft.VisualStudio.TestTools.TestTypes.Unit.UnitTestAdapter" className="Microsoft.ActiveDirectory.Connector.Test.CloudKeyValueStringStoreUnitTest" name="TestUnlockWithoutLock" />    </UnitTest>    <UnitTest name="TestUpdateItem" storage="f:\src\adiam_cloud_nightly_tester\bins\debug\amd64\syncfabric\tests\teststorage\microsoft.activedirectory.connector.test.teststorage.dll" id="32de17be-d913-ce74-c42c-3cb590dbca7e">      <Execution id="f70d4818-2bf4-40eb-9f4a-cebff64c466f" />      <TestMethod codeBase="f:\src\Adiam_Cloud_Nightly_Tester\bins\debug\amd64\SyncFabric\Tests\TestStorage\Microsoft.ActiveDirectory.Connector.Test.TestStorage.dll" adapterTypeName="Microsoft.VisualStudio.TestTools.TestTypes.Unit.UnitTestAdapter" className="Microsoft.ActiveDirectory.Connector.Test.CloudKeyValueStringStoreUnitTest" name="TestUpdateItem" />    </UnitTest>    <UnitTest name="TestUpdateItemWithoutLock" storage="f:\src\adiam_cloud_nightly_tester\bins\debug\amd64\syncfabric\tests\teststorage\microsoft.activedirectory.connector.test.teststorage.dll" id="c7015e05-590e-68dc-ce51-1a7d11423764">      <Execution id="12c42a06-2549-40b9-a72e-a1470c6d14bd" />      <TestMethod codeBase="f:\src\Adiam_Cloud_Nightly_Tester\bins\debug\amd64\SyncFabric\Tests\TestStorage\Microsoft.ActiveDirectory.Connector.Test.TestStorage.dll" adapterTypeName="Microsoft.VisualStudio.TestTools.TestTypes.Unit.UnitTestAdapter" className="Microsoft.ActiveDirectory.Connector.Test.CloudKeyValueStringStoreUnitTest" name="TestUpdateItemWithoutLock" />    </UnitTest>    <UnitTest name="TestScheduleEntityStorage" storage="f:\src\adiam_cloud_nightly_tester\bins\debug\amd64\syncfabric\tests\teststorage\microsoft.activedirectory.connector.test.teststorage.dll" id="01a917da-af8e-dc89-f982-a61468f720b1">      <Execution id="53f637e8-ea38-48bf-aca4-de0b0e4b448f" />      <TestMethod codeBase="f:\src\Adiam_Cloud_Nightly_Tester\bins\debug\amd64\SyncFabric\Tests\TestStorage\Microsoft.ActiveDirectory.Connector.Test.TestStorage.dll" adapterTypeName="Microsoft.VisualStudio.TestTools.TestTypes.Unit.UnitTestAdapter" className="Microsoft.ActiveDirectory.Connector.Test.ScheduleEntityStorageAdapterUnitTest" name="TestScheduleEntityStorage" />    </UnitTest>    <UnitTest name="TestCount" storage="f:\src\adiam_cloud_nightly_tester\bins\debug\amd64\syncfabric\tests\teststorage\microsoft.activedirectory.connector.test.teststorage.dll" id="5c820662-de25-fc43-3251-36d49fbdee72">      <Execution id="37343417-9d2f-4d22-bae0-d154f2055e06" />      <TestMethod codeBase="f:\src\Adiam_Cloud_Nightly_Tester\bins\debug\amd64\SyncFabric\Tests\TestStorage\Microsoft.ActiveDirectory.Connector.Test.TestStorage.dll" adapterTypeName="Microsoft.VisualStudio.TestTools.TestTypes.Unit.UnitTestAdapter" className="Microsoft.ActiveDirectory.Connector.Test.AzureEntityStorageAdapterUnitTest" name="TestCount" />    </UnitTest>    <UnitTest name="TestDelete" storage="f:\src\adiam_cloud_nightly_tester\bins\debug\amd64\syncfabric\tests\teststorage\microsoft.activedirectory.connector.test.teststorage.dll" id="ee526b05-e2fe-32c8-3ad7-c0e47221152d">      <Execution id="37381f7e-9153-446d-a4e4-529349e73494" />      <TestMethod codeBase="f:\src\Adiam_Cloud_Nightly_Tester\bins\debug\amd64\SyncFabric\Tests\TestStorage\Microsoft.ActiveDirectory.Connector.Test.TestStorage.dll" adapterTypeName="Microsoft.VisualStudio.TestTools.TestTypes.Unit.UnitTestAdapter" className="Microsoft.ActiveDirectory.Connector.Test.AzureEntityStorageAdapterUnitTest" name="TestDelete" />    </UnitTest>    <UnitTest name="TestFlush" storage="f:\src\adiam_cloud_nightly_tester\bins\debug\amd64\syncfabric\tests\teststorage\microsoft.activedirectory.connector.test.teststorage.dll" id="4c2c0507-a64d-6e6b-477a-dd7127457d77">      <Execution id="835ea2dd-ca16-4aab-ba8d-81039cb1333b" />      <TestMethod codeBase="f:\src\Adiam_Cloud_Nightly_Tester\bins\debug\amd64\SyncFabric\Tests\TestStorage\Microsoft.ActiveDirectory.Connector.Test.TestStorage.dll" adapterTypeName="Microsoft.VisualStudio.TestTools.TestTypes.Unit.UnitTestAdapter" className="Microsoft.ActiveDirectory.Connector.Test.AzureEntityStorageAdapterUnitTest" name="TestFlush" />    </UnitTest>    <UnitTest name="TestRetrievalComposite" storage="f:\src\adiam_cloud_nightly_tester\bins\debug\amd64\syncfabric\tests\teststorage\microsoft.activedirectory.connector.test.teststorage.dll" id="a6c2fdc2-d572-12fe-8838-aab9ffca8763">      <Execution id="16b30f42-f408-43be-869c-a5006d6e80a1" />      <TestMethod codeBase="f:\src\Adiam_Cloud_Nightly_Tester\bins\debug\amd64\SyncFabric\Tests\TestStorage\Microsoft.ActiveDirectory.Connector.Test.TestStorage.dll" adapterTypeName="Microsoft.VisualStudio.TestTools.TestTypes.Unit.UnitTestAdapter" className="Microsoft.ActiveDirectory.Connector.Test.AzureEntityStorageAdapterUnitTest" name="TestRetrievalComposite" />    </UnitTest>    <UnitTest name="TestRetrievalRange" storage="f:\src\adiam_cloud_nightly_tester\bins\debug\amd64\syncfabric\tests\teststorage\microsoft.activedirectory.connector.test.teststorage.dll" id="ba0a03ee-a3eb-fe91-f758-f9740c4c55a4">      <Execution id="85284657-c863-46d8-9956-a8614ee48900" />      <TestMethod codeBase="f:\src\Adiam_Cloud_Nightly_Tester\bins\debug\amd64\SyncFabric\Tests\TestStorage\Microsoft.ActiveDirectory.Connector.Test.TestStorage.dll" adapterTypeName="Microsoft.VisualStudio.TestTools.TestTypes.Unit.UnitTestAdapter" className="Microsoft.ActiveDirectory.Connector.Test.AzureEntityStorageAdapterUnitTest" name="TestRetrievalRange" />    </UnitTest>    <UnitTest name="TestRetrievalRangeWithDuplicates" storage="f:\src\adiam_cloud_nightly_tester\bins\debug\amd64\syncfabric\tests\teststorage\microsoft.activedirectory.connector.test.teststorage.dll" id="2d09a5cd-c144-8fc3-8593-814aa73f247a">      <Execution id="ebbc6ec3-3ee1-462a-8b2f-b03be52be5c8" />      <TestMethod codeBase="f:\src\Adiam_Cloud_Nightly_Tester\bins\debug\amd64\SyncFabric\Tests\TestStorage\Microsoft.ActiveDirectory.Connector.Test.TestStorage.dll" adapterTypeName="Microsoft.VisualStudio.TestTools.TestTypes.Unit.UnitTestAdapter" className="Microsoft.ActiveDirectory.Connector.Test.AzureEntityStorageAdapterUnitTest" name="TestRetrievalRangeWithDuplicates" />    </UnitTest>    <UnitTest name="TestUpload" storage="f:\src\adiam_cloud_nightly_tester\bins\debug\amd64\syncfabric\tests\teststorage\microsoft.activedirectory.connector.test.teststorage.dll" id="d49eee95-53c2-4ffe-f896-eb37332737cf">      <Execution id="e2e55f3b-2009-4216-914a-197e3536ee6d" />      <TestMethod codeBase="f:\src\Adiam_Cloud_Nightly_Tester\bins\debug\amd64\SyncFabric\Tests\TestStorage\Microsoft.ActiveDirectory.Connector.Test.TestStorage.dll" adapterTypeName="Microsoft.VisualStudio.TestTools.TestTypes.Unit.UnitTestAdapter" className="Microsoft.ActiveDirectory.Connector.Test.AzureEntityStorageAdapterUnitTest" name="TestUpload" />    </UnitTest>    <UnitTest name="SalesForceSandbox_TestProfilesImport" storage="f:\src\adiam_cloud_nightly_tester\bins\debug\amd64\syncfabric\tests\testintegrationenvironment\microsoft.activedirectory.connector.test.testsalesforceproxyadapter.dll" id="19eeca2b-ff0e-f272-ec73-72a31cf8e95e">      <Execution id="08ea26a9-b642-4555-be7e-fb6ee42b0d00" />      <TestMethod codeBase="f:\src\Adiam_Cloud_Nightly_Tester\bins\debug\amd64\SyncFabric\Tests\TestIntegrationEnvironment\Microsoft.ActiveDirectory.Connector.Test.TestSalesForceProxyAdapter.dll" adapterTypeName="Microsoft.VisualStudio.TestTools.TestTypes.Unit.UnitTestAdapter" className="Microsoft.ActiveDirectory.Connector.Test.SalesForceSandboxProxyAdapterUnitTest" name="SalesForceSandbox_TestProfilesImport" />    </UnitTest>    <UnitTest name="TestUpdate" storage="f:\src\adiam_cloud_nightly_tester\bins\debug\amd64\syncfabric\tests\testintegrationenvironment\microsoft.activedirectory.connector.test.testsalesforceproxyadapter.dll" id="2f2c1ef7-4a9e-871d-d4b6-17c151c61b41">      <Execution id="f0a42810-0d74-4648-a8ca-5eeb663dbd78" />      <TestMethod codeBase="f:\src\Adiam_Cloud_Nightly_Tester\bins\debug\amd64\SyncFabric\Tests\TestIntegrationEnvironment\Microsoft.ActiveDirectory.Connector.Test.TestSalesForceProxyAdapter.dll" adapterTypeName="Microsoft.VisualStudio.TestTools.TestTypes.Unit.UnitTestAdapter" className="Microsoft.ActiveDirectory.Connector.Test.SalesForceProxyAdapterSoapUnitTest" name="TestUpdate" />    </UnitTest>    <UnitTest name="TestAllStaticProfiles" storage="f:\src\adiam_cloud_nightly_tester\bins\debug\amd64\syncfabric\tests\testintegrationenvironment\microsoft.activedirectory.connector.test.testsalesforceproxyadapter.dll" id="6adc519e-93dc-8188-14a8-bce7d8612a6d">      <Execution id="727eaddb-5759-4f3c-a2d9-b6a6ef13101f" />      <TestMethod codeBase="f:\src\Adiam_Cloud_Nightly_Tester\bins\debug\amd64\SyncFabric\Tests\TestIntegrationEnvironment\Microsoft.ActiveDirectory.Connector.Test.TestSalesForceProxyAdapter.dll" adapterTypeName="Microsoft.VisualStudio.TestTools.TestTypes.Unit.UnitTestAdapter" className="Microsoft.ActiveDirectory.Connector.Test.SalesForceProxyAdapterSoapUnitTest" name="TestAllStaticProfiles" />    </UnitTest>    <UnitTest name="TestErrorCasesResetPassword" storage="f:\src\adiam_cloud_nightly_tester\bins\debug\amd64\syncfabric\tests\testintegrationenvironment\microsoft.activedirectory.connector.test.testsalesforceproxyadapter.dll" id="4e13138b-b6de-e265-5875-6d7fb77a7962">      <Execution id="dbb28ec1-70ff-497c-93aa-1371cb747186" />      <TestMethod codeBase="f:\src\Adiam_Cloud_Nightly_Tester\bins\debug\amd64\SyncFabric\Tests\TestIntegrationEnvironment\Microsoft.ActiveDirectory.Connector.Test.TestSalesForceProxyAdapter.dll" adapterTypeName="Microsoft.VisualStudio.TestTools.TestTypes.Unit.UnitTestAdapter" className="Microsoft.ActiveDirectory.Connector.Test.SalesForceProxyAdapterSoapUnitTest" name="TestErrorCasesResetPassword" />    </UnitTest>    <UnitTest name="TestProfilesImport" storage="f:\src\adiam_cloud_nightly_tester\bins\debug\amd64\syncfabric\tests\testintegrationenvironment\microsoft.activedirectory.connector.test.testsalesforceproxyadapter.dll" id="5aa38983-0dfb-4a60-357c-2d8782cb64b1">      <Execution id="9494f574-6c5d-42db-81e5-f98a7d4840d5" />      <TestMethod codeBase="f:\src\Adiam_Cloud_Nightly_Tester\bins\debug\amd64\SyncFabric\Tests\TestIntegrationEnvironment\Microsoft.ActiveDirectory.Connector.Test.TestSalesForceProxyAdapter.dll" adapterTypeName="Microsoft.VisualStudio.TestTools.TestTypes.Unit.UnitTestAdapter" className="Microsoft.ActiveDirectory.Connector.Test.SalesForceProxyAdapterSoapUnitTest" name="TestProfilesImport" />    </UnitTest>    <UnitTest name="TestImport" storage="f:\src\adiam_cloud_nightly_tester\bins\debug\amd64\syncfabric\tests\testintegrationenvironment\microsoft.activedirectory.connector.test.testsalesforceproxyadapter.dll" id="aea31092-71a2-80ae-19f4-8df5ffa87250">      <Execution id="bd204d7f-b3b2-4635-9a51-d9c06bd720dc" />      <TestMethod codeBase="f:\src\Adiam_Cloud_Nightly_Tester\bins\debug\amd64\SyncFabric\Tests\TestIntegrationEnvironment\Microsoft.ActiveDirectory.Connector.Test.TestSalesForceProxyAdapter.dll" adapterTypeName="Microsoft.VisualStudio.TestTools.TestTypes.Unit.UnitTestAdapter" className="Microsoft.ActiveDirectory.Connector.Test.SalesForceProxyAdapterSoapUnitTest" name="TestImport" />    </UnitTest>    <UnitTest name="TestInsert" storage="f:\src\adiam_cloud_nightly_tester\bins\debug\amd64\syncfabric\tests\testintegrationenvironment\microsoft.activedirectory.connector.test.testsalesforceproxyadapter.dll" id="b79dcff5-3090-1c49-8559-df4da7146816">      <Execution id="c88f9dcb-8247-431a-b925-97cb4c61be0e" />      <TestMethod codeBase="f:\src\Adiam_Cloud_Nightly_Tester\bins\debug\amd64\SyncFabric\Tests\TestIntegrationEnvironment\Microsoft.ActiveDirectory.Connector.Test.TestSalesForceProxyAdapter.dll" adapterTypeName="Microsoft.VisualStudio.TestTools.TestTypes.Unit.UnitTestAdapter" className="Microsoft.ActiveDirectory.Connector.Test.SalesForceProxyAdapterSoapUnitTest" name="TestInsert" />    </UnitTest>    <UnitTest name="TestUpdateOnSoftDelete" storage="f:\src\adiam_cloud_nightly_tester\bins\debug\amd64\syncfabric\tests\testintegrationenvironment\microsoft.activedirectory.connector.test.testsalesforceproxyadapter.dll" id="d15666db-0b53-e697-3720-950459332fbc">      <Execution id="182d6d77-6780-4c74-9b5e-cc743d0a3fa3" />      <TestMethod codeBase="f:\src\Adiam_Cloud_Nightly_Tester\bins\debug\amd64\SyncFabric\Tests\TestIntegrationEnvironment\Microsoft.ActiveDirectory.Connector.Test.TestSalesForceProxyAdapter.dll" adapterTypeName="Microsoft.VisualStudio.TestTools.TestTypes.Unit.UnitTestAdapter" className="Microsoft.ActiveDirectory.Connector.Test.SalesForceProxyAdapterSoapUnitTest" name="TestUpdateOnSoftDelete" />    </UnitTest>    <UnitTest name="TestErrorCasesImport" storage="f:\src\adiam_cloud_nightly_tester\bins\debug\amd64\syncfabric\tests\testintegrationenvironment\microsoft.activedirectory.connector.test.testsalesforceproxyadapter.dll" id="6457ec6b-7735-9658-4d8f-7b6137491705">      <Execution id="c19d5c70-d03d-4dcc-b1f5-2f3303425963" />      <TestMethod codeBase="f:\src\Adiam_Cloud_Nightly_Tester\bins\debug\amd64\SyncFabric\Tests\TestIntegrationEnvironment\Microsoft.ActiveDirectory.Connector.Test.TestSalesForceProxyAdapter.dll" adapterTypeName="Microsoft.VisualStudio.TestTools.TestTypes.Unit.UnitTestAdapter" className="Microsoft.ActiveDirectory.Connector.Test.SalesForceProxyAdapterBulkUnitTest" name="TestErrorCasesImport" />    </UnitTest>    <UnitTest name="TestErrorCasesExport" storage="f:\src\adiam_cloud_nightly_tester\bins\debug\amd64\syncfabric\tests\testintegrationenvironment\microsoft.activedirectory.connector.test.testsalesforceproxyadapter.dll" id="246e626b-75c4-ea1c-bc83-d4056cefd66a">      <Execution id="6d6c0526-f209-40c2-b62f-f4199846546f" />      <TestMethod codeBase="f:\src\Adiam_Cloud_Nightly_Tester\bins\debug\amd64\SyncFabric\Tests\TestIntegrationEnvironment\Microsoft.ActiveDirectory.Connector.Test.TestSalesForceProxyAdapter.dll" adapterTypeName="Microsoft.VisualStudio.TestTools.TestTypes.Unit.UnitTestAdapter" className="Microsoft.ActiveDirectory.Connector.Test.SalesForceProxyAdapterBulkUnitTest" name="TestErrorCasesExport" />    </UnitTest>    <UnitTest name="TestAllStaticProfiles" storage="f:\src\adiam_cloud_nightly_tester\bins\debug\amd64\syncfabric\tests\testintegrationenvironment\microsoft.activedirectory.connector.test.testsalesforceproxyadapter.dll" id="61a388f4-2ef0-3528-4a00-ecea6dee217e">      <Execution id="69f37744-a5d3-42ab-876d-4a898b2d0fb3" />      <TestMethod codeBase="f:\src\Adiam_Cloud_Nightly_Tester\bins\debug\amd64\SyncFabric\Tests\TestIntegrationEnvironment\Microsoft.ActiveDirectory.Connector.Test.TestSalesForceProxyAdapter.dll" adapterTypeName="Microsoft.VisualStudio.TestTools.TestTypes.Unit.UnitTestAdapter" className="Microsoft.ActiveDirectory.Connector.Test.SalesForceProxyAdapterBulkUnitTest" name="TestAllStaticProfiles" />    </UnitTest>    <UnitTest name="TestErrorCasesResetPassword" storage="f:\src\adiam_cloud_nightly_tester\bins\debug\amd64\syncfabric\tests\testintegrationenvironment\microsoft.activedirectory.connector.test.testsalesforceproxyadapter.dll" id="074bd96e-e8a5-8ac0-e401-67618904fe55">      <Execution id="cdd97528-1c58-4f50-8dc9-88bcdf9623e1" />      <TestMethod codeBase="f:\src\Adiam_Cloud_Nightly_Tester\bins\debug\amd64\SyncFabric\Tests\TestIntegrationEnvironment\Microsoft.ActiveDirectory.Connector.Test.TestSalesForceProxyAdapter.dll" adapterTypeName="Microsoft.VisualStudio.TestTools.TestTypes.Unit.UnitTestAdapter" className="Microsoft.ActiveDirectory.Connector.Test.SalesForceProxyAdapterBulkUnitTest" name="TestErrorCasesResetPassword" />    </UnitTest>    <UnitTest name="TestProfilesImport" storage="f:\src\adiam_cloud_nightly_tester\bins\debug\amd64\syncfabric\tests\testintegrationenvironment\microsoft.activedirectory.connector.test.testsalesforceproxyadapter.dll" id="3e385389-0ff3-370c-c5c2-a19f1c4e777f">      <Execution id="b391c7db-3331-44bd-bc4f-55c6904f8c74" />      <TestMethod codeBase="f:\src\Adiam_Cloud_Nightly_Tester\bins\debug\amd64\SyncFabric\Tests\TestIntegrationEnvironment\Microsoft.ActiveDirectory.Connector.Test.TestSalesForceProxyAdapter.dll" adapterTypeName="Microsoft.VisualStudio.TestTools.TestTypes.Unit.UnitTestAdapter" className="Microsoft.ActiveDirectory.Connector.Test.SalesForceProxyAdapterBulkUnitTest" name="TestProfilesImport" />    </UnitTest>    <UnitTest name="TestImport" storage="f:\src\adiam_cloud_nightly_tester\bins\debug\amd64\syncfabric\tests\testintegrationenvironment\microsoft.activedirectory.connector.test.testsalesforceproxyadapter.dll" id="29ce40d4-7595-ad8b-e1b1-ddc154a7724b">      <Execution id="bde9030f-3300-451a-9727-40c3ed36528d" />      <TestMethod codeBase="f:\src\Adiam_Cloud_Nightly_Tester\bins\debug\amd64\SyncFabric\Tests\TestIntegrationEnvironment\Microsoft.ActiveDirectory.Connector.Test.TestSalesForceProxyAdapter.dll" adapterTypeName="Microsoft.VisualStudio.TestTools.TestTypes.Unit.UnitTestAdapter" className="Microsoft.ActiveDirectory.Connector.Test.SalesForceProxyAdapterBulkUnitTest" name="TestImport" />    </UnitTest>    <UnitTest name="TestInsert" storage="f:\src\adiam_cloud_nightly_tester\bins\debug\amd64\syncfabric\tests\testintegrationenvironment\microsoft.activedirectory.connector.test.testsalesforceproxyadapter.dll" id="abd53c1c-08ba-09f7-769d-1062ce01c207">      <Execution id="0153e8c5-0cf0-4977-931c-5444bce40f1d" />      <TestMethod codeBase="f:\src\Adiam_Cloud_Nightly_Tester\bins\debug\amd64\SyncFabric\Tests\TestIntegrationEnvironment\Microsoft.ActiveDirectory.Connector.Test.TestSalesForceProxyAdapter.dll" adapterTypeName="Microsoft.VisualStudio.TestTools.TestTypes.Unit.UnitTestAdapter" className="Microsoft.ActiveDirectory.Connector.Test.SalesForceProxyAdapterBulkUnitTest" name="TestInsert" />    </UnitTest>    <UnitTest name="TestUpdateOnSoftDelete" storage="f:\src\adiam_cloud_nightly_tester\bins\debug\amd64\syncfabric\tests\testintegrationenvironment\microsoft.activedirectory.connector.test.testsalesforceproxyadapter.dll" id="756727b2-e98e-61ac-09fd-f0257a209aed">      <Execution id="150157b8-aed3-48c8-8410-e6f31428570a" />      <TestMethod codeBase="f:\src\Adiam_Cloud_Nightly_Tester\bins\debug\amd64\SyncFabric\Tests\TestIntegrationEnvironment\Microsoft.ActiveDirectory.Connector.Test.TestSalesForceProxyAdapter.dll" adapterTypeName="Microsoft.VisualStudio.TestTools.TestTypes.Unit.UnitTestAdapter" className="Microsoft.ActiveDirectory.Connector.Test.SalesForceProxyAdapterBulkUnitTest" name="TestUpdateOnSoftDelete" />    </UnitTest>    <UnitTest name="TestMessageCompletion" storage="f:\src\adiam_cloud_nightly_tester\bins\debug\amd64\syncfabric\tests\testcloudqueueadapterservicebus\microsoft.activedirectory.connector.test.testcloudqueueadapterservicebus.dll" id="1fdc10df-73ad-b25e-2b82-9698349bb428">      <Execution id="3cacfea8-8de0-477d-a485-64a495e61011" />      <TestMethod codeBase="f:\src\Adiam_Cloud_Nightly_Tester\bins\debug\amd64\SyncFabric\Tests\TestCloudQueueAdapterServiceBus\Microsoft.ActiveDirectory.Connector.Test.TestCloudQueueAdapterServiceBus.dll" adapterTypeName="Microsoft.VisualStudio.TestTools.TestTypes.Unit.UnitTestAdapter" className="Microsoft.ActiveDirectory.Connector.Test.CloudQueueAdapterServiceBusUnitTest" name="TestMessageCompletion" />    </UnitTest>    <UnitTest name="TestMessageConversion" storage="f:\src\adiam_cloud_nightly_tester\bins\debug\amd64\syncfabric\tests\testcloudqueueadapterservicebus\microsoft.activedirectory.connector.test.testcloudqueueadapterservicebus.dll" id="1081b2c5-f169-01e5-155c-0d00973389cf">      <Execution id="f02d0269-fd82-45c0-8c98-cbf71b09e03b" />      <TestMethod codeBase="f:\src\Adiam_Cloud_Nightly_Tester\bins\debug\amd64\SyncFabric\Tests\TestCloudQueueAdapterServiceBus\Microsoft.ActiveDirectory.Connector.Test.TestCloudQueueAdapterServiceBus.dll" adapterTypeName="Microsoft.VisualStudio.TestTools.TestTypes.Unit.UnitTestAdapter" className="Microsoft.ActiveDirectory.Connector.Test.CloudQueueAdapterServiceBusUnitTest" name="TestMessageConversion" />    </UnitTest>    <UnitTest name="TestMonitorQueue" storage="f:\src\adiam_cloud_nightly_tester\bins\debug\amd64\syncfabric\tests\testcloudqueueadapterservicebus\microsoft.activedirectory.connector.test.testcloudqueueadapterservicebus.dll" id="aa787804-0117-488b-88e4-8edd75f97318">      <Execution id="448f06df-33b1-4cda-8837-923ba6d01746" />      <TestMethod codeBase="f:\src\Adiam_Cloud_Nightly_Tester\bins\debug\amd64\SyncFabric\Tests\TestCloudQueueAdapterServiceBus\Microsoft.ActiveDirectory.Connector.Test.TestCloudQueueAdapterServiceBus.dll" adapterTypeName="Microsoft.VisualStudio.TestTools.TestTypes.Unit.UnitTestAdapter" className="Microsoft.ActiveDirectory.Connector.Test.CloudQueueAdapterServiceBusUnitTest" name="TestMonitorQueue" />    </UnitTest>    <UnitTest name="TestServiceBus" storage="f:\src\adiam_cloud_nightly_tester\bins\debug\amd64\syncfabric\tests\testcloudqueueadapterservicebus\microsoft.activedirectory.connector.test.testcloudqueueadapterservicebus.dll" id="08b48e02-34a9-a3bf-4f63-bfd0dca7e43b">      <Execution id="d10b5cb3-c643-4279-9128-c8dcfa792948" />      <TestMethod codeBase="f:\src\Adiam_Cloud_Nightly_Tester\bins\debug\amd64\SyncFabric\Tests\TestCloudQueueAdapterServiceBus\Microsoft.ActiveDirectory.Connector.Test.TestCloudQueueAdapterServiceBus.dll" adapterTypeName="Microsoft.VisualStudio.TestTools.TestTypes.Unit.UnitTestAdapter" className="Microsoft.ActiveDirectory.Connector.Test.CloudQueueAdapterServiceBusUnitTest" name="TestServiceBus" />    </UnitTest>    <UnitTest name="TestExceptions" storage="f:\src\adiam_cloud_nightly_tester\bins\debug\amd64\syncfabric\tests\testcloudqueueadapterservicebus\microsoft.activedirectory.connector.test.testcloudqueueadapterservicebus.dll" id="4a4f57cd-a9e3-99e8-b8df-b769d9d22f3d">      <Execution id="1679410f-cc14-40e7-8b61-f80b1ab143e6" />      <TestMethod codeBase="f:\src\Adiam_Cloud_Nightly_Tester\bins\debug\amd64\SyncFabric\Tests\TestCloudQueueAdapterServiceBus\Microsoft.ActiveDirectory.Connector.Test.TestCloudQueueAdapterServiceBus.dll" adapterTypeName="Microsoft.VisualStudio.TestTools.TestTypes.Unit.UnitTestAdapter" className="Microsoft.ActiveDirectory.Connector.Test.CloudQueueAdapterServiceBusUnitTest" name="TestExceptions" />    </UnitTest>    <UnitTest name="TestAdaptiveConfiguration" storage="f:\src\adiam_cloud_nightly_tester\bins\debug\amd64\syncfabric\tests\testutility\microsoft.activedirectory.connector.test.testutility.dll" id="75720ab4-f3f2-7d55-c8bf-e0dca9802992">      <Execution id="1fc23103-d65e-4cc7-8cc6-0673a4966baf" />      <TestMethod codeBase="f:\src\Adiam_Cloud_Nightly_Tester\bins\debug\amd64\SyncFabric\Tests\TestUtility\Microsoft.ActiveDirectory.Connector.Test.TestUtility.dll" adapterTypeName="Microsoft.VisualStudio.TestTools.TestTypes.Unit.UnitTestAdapter" className="Microsoft.ActiveDirectory.Connector.Test.AdaptiveConfigurationUnitTest" name="TestAdaptiveConfiguration" />    </UnitTest>    <UnitTest name="TestCancelationEvaluation" storage="f:\src\adiam_cloud_nightly_tester\bins\debug\amd64\syncfabric\tests\testutility\microsoft.activedirectory.connector.test.testutility.dll" id="a8f1e1a3-9eae-6ca1-b213-e197d1e29374">      <Execution id="c75b93ff-3f33-448d-ad08-9ed567c08c76" />      <TestMethod codeBase="f:\src\Adiam_Cloud_Nightly_Tester\bins\debug\amd64\SyncFabric\Tests\TestUtility\Microsoft.ActiveDirectory.Connector.Test.TestUtility.dll" adapterTypeName="Microsoft.VisualStudio.TestTools.TestTypes.Unit.UnitTestAdapter" className="Microsoft.ActiveDirectory.Connector.Test.CancellationTokenHelperUnitTest" name="TestCancelationEvaluation" />    </UnitTest>    <UnitTest name="TestErrorCodeMapping" storage="f:\src\adiam_cloud_nightly_tester\bins\debug\amd64\syncfabric\tests\testutility\microsoft.activedirectory.connector.test.testutility.dll" id="5e9f656b-abbd-49d4-49d8-9a4155812043">      <Execution id="d2438a60-1ba9-4004-a638-038df9e1f63b" />      <TestMethod codeBase="f:\src\Adiam_Cloud_Nightly_Tester\bins\debug\amd64\SyncFabric\Tests\TestUtility\Microsoft.ActiveDirectory.Connector.Test.TestUtility.dll" adapterTypeName="Microsoft.VisualStudio.TestTools.TestTypes.Unit.UnitTestAdapter" className="Microsoft.ActiveDirectory.Connector.Test.SyncFabricExceptionUnitTest" name="TestErrorCodeMapping" />    </UnitTest>    <UnitTest name="TestRetrySuccessful" storage="f:\src\adiam_cloud_nightly_tester\bins\debug\amd64\syncfabric\tests\testutility\microsoft.activedirectory.connector.test.testutility.dll" id="7b463b21-9338-41eb-2018-847a0a5550f3">      <Execution id="071c2ebd-7d1e-4981-857d-fe39d8d9e2f1" />      <TestMethod codeBase="f:\src\Adiam_Cloud_Nightly_Tester\bins\debug\amd64\SyncFabric\Tests\TestUtility\Microsoft.ActiveDirectory.Connector.Test.TestUtility.dll" adapterTypeName="Microsoft.VisualStudio.TestTools.TestTypes.Unit.UnitTestAdapter" className="Microsoft.ActiveDirectory.Connector.Test.TestRetryHelper" name="TestRetrySuccessful" />    </UnitTest>    <UnitTest name="TestRetryFailures" storage="f:\src\adiam_cloud_nightly_tester\bins\debug\amd64\syncfabric\tests\testutility\microsoft.activedirectory.connector.test.testutility.dll" id="07b817e1-dff8-3b20-8131-38d88cee2b7a">      <Execution id="4ca6077c-59fb-45b8-b185-dfcf1b326c5e" />      <TestMethod codeBase="f:\src\Adiam_Cloud_Nightly_Tester\bins\debug\amd64\SyncFabric\Tests\TestUtility\Microsoft.ActiveDirectory.Connector.Test.TestUtility.dll" adapterTypeName="Microsoft.VisualStudio.TestTools.TestTypes.Unit.UnitTestAdapter" className="Microsoft.ActiveDirectory.Connector.Test.TestRetryHelper" name="TestRetryFailures" />    </UnitTest>    <UnitTest name="TestRetryFailureDueToTimeouts" storage="f:\src\adiam_cloud_nightly_tester\bins\debug\amd64\syncfabric\tests\testutility\microsoft.activedirectory.connector.test.testutility.dll" id="bfd767b9-1af3-90da-2c44-b907df0646ff">      <Execution id="5571d810-95d6-4c42-9da4-a9b22edde4c4" />      <TestMethod codeBase="f:\src\Adiam_Cloud_Nightly_Tester\bins\debug\amd64\SyncFabric\Tests\TestUtility\Microsoft.ActiveDirectory.Connector.Test.TestUtility.dll" adapterTypeName="Microsoft.VisualStudio.TestTools.TestTypes.Unit.UnitTestAdapter" className="Microsoft.ActiveDirectory.Connector.Test.TestRetryHelper" name="TestRetryFailureDueToTimeouts" />    </UnitTest>    <UnitTest name="TestRetryFailureAfterTimeouts" storage="f:\src\adiam_cloud_nightly_tester\bins\debug\amd64\syncfabric\tests\testutility\microsoft.activedirectory.connector.test.testutility.dll" id="2d41973d-4d6b-fc48-e40b-f6f805d67a12">      <Execution id="713e28d2-bcae-49d6-b7f5-78e0b24a9672" />      <TestMethod codeBase="f:\src\Adiam_Cloud_Nightly_Tester\bins\debug\amd64\SyncFabric\Tests\TestUtility\Microsoft.ActiveDirectory.Connector.Test.TestUtility.dll" adapterTypeName="Microsoft.VisualStudio.TestTools.TestTypes.Unit.UnitTestAdapter" className="Microsoft.ActiveDirectory.Connector.Test.TestRetryHelper" name="TestRetryFailureAfterTimeouts" />    </UnitTest>    <UnitTest name="TestRetryPerformance" storage="f:\src\adiam_cloud_nightly_tester\bins\debug\amd64\syncfabric\tests\testutility\microsoft.activedirectory.connector.test.testutility.dll" id="72f0acad-e72e-0760-4147-6e0c846804f0">      <Execution id="288e7d32-3fe7-4727-b90b-a67647cb0b8f" />      <TestMethod codeBase="f:\src\Adiam_Cloud_Nightly_Tester\bins\debug\amd64\SyncFabric\Tests\TestUtility\Microsoft.ActiveDirectory.Connector.Test.TestUtility.dll" adapterTypeName="Microsoft.VisualStudio.TestTools.TestTypes.Unit.UnitTestAdapter" className="Microsoft.ActiveDirectory.Connector.Test.TestRetryHelper" name="TestRetryPerformance" />    </UnitTest>    <UnitTest name="TestErrorCodeAnalysis" storage="f:\src\adiam_cloud_nightly_tester\bins\debug\amd64\syncfabric\tests\testutility\microsoft.activedirectory.connector.test.testutility.dll" id="8902f795-8af8-dabc-8a1d-448d54679240">      <Execution id="e3e2e1bf-186a-4b76-8614-01fbf44e7705" />      <TestMethod codeBase="f:\src\Adiam_Cloud_Nightly_Tester\bins\debug\amd64\SyncFabric\Tests\TestUtility\Microsoft.ActiveDirectory.Connector.Test.TestUtility.dll" adapterTypeName="Microsoft.VisualStudio.TestTools.TestTypes.Unit.UnitTestAdapter" className="Microsoft.ActiveDirectory.Connector.Test.HttpResponseStatusCodeAnalyzerUnitTest" name="TestErrorCodeAnalysis" />    </UnitTest>    <UnitTest name="TestCreatingCompositionInstances" storage="f:\src\adiam_cloud_nightly_tester\bins\debug\amd64\syncfabric\tests\testutility\microsoft.activedirectory.connector.test.testutility.dll" id="63b7abc0-64ca-0d16-59ff-ec759d5563ba">      <Execution id="3c9a2b77-02fd-4194-ad3c-5b7ec922249a" />      <TestMethod codeBase="f:\src\Adiam_Cloud_Nightly_Tester\bins\debug\amd64\SyncFabric\Tests\TestUtility\Microsoft.ActiveDirectory.Connector.Test.TestUtility.dll" adapterTypeName="Microsoft.VisualStudio.TestTools.TestTypes.Unit.UnitTestAdapter" className="Microsoft.ActiveDirectory.Connector.Test.TestComposition" name="TestCreatingCompositionInstances" />    </UnitTest>    <UnitTest name="TestPerformanceNonSharedCreationPolicy" storage="f:\src\adiam_cloud_nightly_tester\bins\debug\amd64\syncfabric\tests\testutility\microsoft.activedirectory.connector.test.testutility.dll" id="5c3fad22-5102-f075-bd76-815a8eb6e2e5">      <Execution id="011f009e-98e1-45fe-a5d4-54df382b02d8" />      <TestMethod codeBase="f:\src\Adiam_Cloud_Nightly_Tester\bins\debug\amd64\SyncFabric\Tests\TestUtility\Microsoft.ActiveDirectory.Connector.Test.TestUtility.dll" adapterTypeName="Microsoft.VisualStudio.TestTools.TestTypes.Unit.UnitTestAdapter" className="Microsoft.ActiveDirectory.Connector.Test.TestComposition" name="TestPerformanceNonSharedCreationPolicy" />    </UnitTest>    <UnitTest name="TestCancellationExceptions" storage="f:\src\adiam_cloud_nightly_tester\bins\debug\amd64\syncfabric\tests\testutility\microsoft.activedirectory.connector.test.testutility.dll" id="67341bb2-389c-12c2-cf9f-64ead8995ff0">      <Execution id="f07756e9-e835-4f8d-a39b-5949ac7cd743" />      <TestMethod codeBase="f:\src\Adiam_Cloud_Nightly_Tester\bins\debug\amd64\SyncFabric\Tests\TestUtility\Microsoft.ActiveDirectory.Connector.Test.TestUtility.dll" adapterTypeName="Microsoft.VisualStudio.TestTools.TestTypes.Unit.UnitTestAdapter" className="Microsoft.ActiveDirectory.Connector.Test.ExceptionAnalyzerUnitTest" name="TestCancellationExceptions" />    </UnitTest>    <UnitTest name="TestExceptionCombineMessages" storage="f:\src\adiam_cloud_nightly_tester\bins\debug\amd64\syncfabric\tests\testutility\microsoft.activedirectory.connector.test.testutility.dll" id="41c8c9cb-e9f5-7580-1483-353f9ee32474">      <Execution id="62021d03-a428-454b-bedb-e6a9c426af15" />      <TestMethod codeBase="f:\src\Adiam_Cloud_Nightly_Tester\bins\debug\amd64\SyncFabric\Tests\TestUtility\Microsoft.ActiveDirectory.Connector.Test.TestUtility.dll" adapterTypeName="Microsoft.VisualStudio.TestTools.TestTypes.Unit.UnitTestAdapter" className="Microsoft.ActiveDirectory.Connector.Test.ExceptionAnalyzerUnitTest" name="TestExceptionCombineMessages" />    </UnitTest>    <UnitTest name="TestExceptionExtractMessagesMultipleIterations" storage="f:\src\adiam_cloud_nightly_tester\bins\debug\amd64\syncfabric\tests\testutility\microsoft.activedirectory.connector.test.testutility.dll" id="1f57f1d1-6d9f-cf06-ba55-bd8fedd80a52">      <Execution id="2f1f04cd-830f-4315-915a-12c54c481e92" />      <TestMethod codeBase="f:\src\Adiam_Cloud_Nightly_Tester\bins\debug\amd64\SyncFabric\Tests\TestUtility\Microsoft.ActiveDirectory.Connector.Test.TestUtility.dll" adapterTypeName="Microsoft.VisualStudio.TestTools.TestTypes.Unit.UnitTestAdapter" className="Microsoft.ActiveDirectory.Connector.Test.ExceptionAnalyzerUnitTest" name="TestExceptionExtractMessagesMultipleIterations" />    </UnitTest>    <UnitTest name="TestReportableMessage" storage="f:\src\adiam_cloud_nightly_tester\bins\debug\amd64\syncfabric\tests\testutility\microsoft.activedirectory.connector.test.testutility.dll" id="5e1dd0dc-81b4-3655-1371-793d50ff80a0">      <Execution id="984e2b8b-b4d3-4cdf-9854-a9b92bfe67e3" />      <TestMethod codeBase="f:\src\Adiam_Cloud_Nightly_Tester\bins\debug\amd64\SyncFabric\Tests\TestUtility\Microsoft.ActiveDirectory.Connector.Test.TestUtility.dll" adapterTypeName="Microsoft.VisualStudio.TestTools.TestTypes.Unit.UnitTestAdapter" className="Microsoft.ActiveDirectory.Connector.Test.ExceptionAnalyzerUnitTest" name="TestReportableMessage" />    </UnitTest>    <UnitTest name="TestTransientExceptions" storage="f:\src\adiam_cloud_nightly_tester\bins\debug\amd64\syncfabric\tests\testutility\microsoft.activedirectory.connector.test.testutility.dll" id="93df08de-7565-8a05-b95e-61c3fa867e52">      <Execution id="66b33a04-9531-411c-99d4-64242e7e9116" />      <TestMethod codeBase="f:\src\Adiam_Cloud_Nightly_Tester\bins\debug\amd64\SyncFabric\Tests\TestUtility\Microsoft.ActiveDirectory.Connector.Test.TestUtility.dll" adapterTypeName="Microsoft.VisualStudio.TestTools.TestTypes.Unit.UnitTestAdapter" className="Microsoft.ActiveDirectory.Connector.Test.ExceptionAnalyzerUnitTest" name="TestTransientExceptions" />    </UnitTest>    <UnitTest name="TestTsgIdentifierExtraction" storage="f:\src\adiam_cloud_nightly_tester\bins\debug\amd64\syncfabric\tests\testutility\microsoft.activedirectory.connector.test.testutility.dll" id="01c4307c-810d-ead0-03a4-42dfbfd66e32">      <Execution id="68c5bc8b-cff4-4d9a-93d0-40d5da516c16" />      <TestMethod codeBase="f:\src\Adiam_Cloud_Nightly_Tester\bins\debug\amd64\SyncFabric\Tests\TestUtility\Microsoft.ActiveDirectory.Connector.Test.TestUtility.dll" adapterTypeName="Microsoft.VisualStudio.TestTools.TestTypes.Unit.UnitTestAdapter" className="Microsoft.ActiveDirectory.Connector.Test.ExceptionAnalyzerUnitTest" name="TestTsgIdentifierExtraction" />    </UnitTest>    <UnitTest name="TestErrorCodeExtraction" storage="f:\src\adiam_cloud_nightly_tester\bins\debug\amd64\syncfabric\tests\testutility\microsoft.activedirectory.connector.test.testutility.dll" id="f4183073-d09d-07ee-a5b0-58385b38f93f">      <Execution id="98df87af-1a2b-4ad6-a4e1-02c9cdb081dc" />      <TestMethod codeBase="f:\src\Adiam_Cloud_Nightly_Tester\bins\debug\amd64\SyncFabric\Tests\TestUtility\Microsoft.ActiveDirectory.Connector.Test.TestUtility.dll" adapterTypeName="Microsoft.VisualStudio.TestTools.TestTypes.Unit.UnitTestAdapter" className="Microsoft.ActiveDirectory.Connector.Test.ExceptionAnalyzerUnitTest" name="TestErrorCodeExtraction" />    </UnitTest>    <UnitTest name="TestHasException" storage="f:\src\adiam_cloud_nightly_tester\bins\debug\amd64\syncfabric\tests\testutility\microsoft.activedirectory.connector.test.testutility.dll" id="1ffadd00-49e6-1d0b-b6ad-ba9dc70a3b2a">      <Execution id="f205a1e3-44b2-412f-bdf2-d1721d48313e" />      <TestMethod codeBase="f:\src\Adiam_Cloud_Nightly_Tester\bins\debug\amd64\SyncFabric\Tests\TestUtility\Microsoft.ActiveDirectory.Connector.Test.TestUtility.dll" adapterTypeName="Microsoft.VisualStudio.TestTools.TestTypes.Unit.UnitTestAdapter" className="Microsoft.ActiveDirectory.Connector.Test.ExceptionAnalyzerUnitTest" name="TestHasException" />    </UnitTest>    <UnitTest name="TestQuarantineExceptions" storage="f:\src\adiam_cloud_nightly_tester\bins\debug\amd64\syncfabric\tests\testutility\microsoft.activedirectory.connector.test.testutility.dll" id="be33f02f-90c5-8d1d-2e15-5dce23b10aff">      <Execution id="f8ceca5a-7a00-43d9-b51c-98054f2d4fd9" />      <TestMethod codeBase="f:\src\Adiam_Cloud_Nightly_Tester\bins\debug\amd64\SyncFabric\Tests\TestUtility\Microsoft.ActiveDirectory.Connector.Test.TestUtility.dll" adapterTypeName="Microsoft.VisualStudio.TestTools.TestTypes.Unit.UnitTestAdapter" className="Microsoft.ActiveDirectory.Connector.Test.ExceptionAnalyzerUnitTest" name="TestQuarantineExceptions" />    </UnitTest>    <UnitTest name="TestSalesforceExceptionAnalyzer" storage="f:\src\adiam_cloud_nightly_tester\bins\debug\amd64\syncfabric\tests\testutility\microsoft.activedirectory.connector.test.testutility.dll" id="3f1b217c-ce32-02ce-56f4-29c36a11fe8b">      <Execution id="5c1d8f52-effa-4da4-9d2a-207b7b5ec9d9" />      <TestMethod codeBase="f:\src\Adiam_Cloud_Nightly_Tester\bins\debug\amd64\SyncFabric\Tests\TestUtility\Microsoft.ActiveDirectory.Connector.Test.TestUtility.dll" adapterTypeName="Microsoft.VisualStudio.TestTools.TestTypes.Unit.UnitTestAdapter" className="Microsoft.ActiveDirectory.Connector.Test.ExceptionAnalyzerUnitTest" name="TestSalesforceExceptionAnalyzer" />    </UnitTest>    <UnitTest name="TestComputeHash" storage="f:\src\adiam_cloud_nightly_tester\bins\debug\amd64\syncfabric\tests\testutility\microsoft.activedirectory.connector.test.testutility.dll" id="928ea2b7-a9a7-ac6c-dd81-6ffe0539a38c">      <Execution id="62a6955f-8bcc-4303-b45c-9bf5f53d1881" />      <TestMethod codeBase="f:\src\Adiam_Cloud_Nightly_Tester\bins\debug\amd64\SyncFabric\Tests\TestUtility\Microsoft.ActiveDirectory.Connector.Test.TestUtility.dll" adapterTypeName="Microsoft.VisualStudio.TestTools.TestTypes.Unit.UnitTestAdapter" className="Microsoft.ActiveDirectory.Connector.Test.HashExtensionUnitTest" name="TestComputeHash" />    </UnitTest>    <UnitTest name="TestBaseline" storage="f:\src\adiam_cloud_nightly_tester\bins\debug\amd64\syncfabric\tests\testutility\microsoft.activedirectory.connector.test.testutility.dll" id="f1bf8ea0-62e7-5b8c-5be1-232bb02aea7f">      <Execution id="185a14ca-fe79-4657-9e5c-f74c55ae6ffc" />      <TestMethod codeBase="f:\src\Adiam_Cloud_Nightly_Tester\bins\debug\amd64\SyncFabric\Tests\TestUtility\Microsoft.ActiveDirectory.Connector.Test.TestUtility.dll" adapterTypeName="Microsoft.VisualStudio.TestTools.TestTypes.Unit.UnitTestAdapter" className="Microsoft.ActiveDirectory.Connector.Test.ProducerConsumerQueueUnitTest" name="TestBaseline" />    </UnitTest>    <UnitTest name="TestProduce" storage="f:\src\adiam_cloud_nightly_tester\bins\debug\amd64\syncfabric\tests\testutility\microsoft.activedirectory.connector.test.testutility.dll" id="5f62350a-10ba-3b9a-08a4-9fc5e69ce9f3">      <Execution id="ed3e30ba-3257-4651-ad67-849da6f666d6" />      <TestMethod codeBase="f:\src\Adiam_Cloud_Nightly_Tester\bins\debug\amd64\SyncFabric\Tests\TestUtility\Microsoft.ActiveDirectory.Connector.Test.TestUtility.dll" adapterTypeName="Microsoft.VisualStudio.TestTools.TestTypes.Unit.UnitTestAdapter" className="Microsoft.ActiveDirectory.Connector.Test.ProducerConsumerQueueUnitTest" name="TestProduce" />    </UnitTest>    <UnitTest name="TestProduceBatch" storage="f:\src\adiam_cloud_nightly_tester\bins\debug\amd64\syncfabric\tests\testutility\microsoft.activedirectory.connector.test.testutility.dll" id="3802393f-9585-399f-110c-df12751411e5">      <Execution id="b9f41156-cbeb-4164-bc00-2591643b7efd" />      <TestMethod codeBase="f:\src\Adiam_Cloud_Nightly_Tester\bins\debug\amd64\SyncFabric\Tests\TestUtility\Microsoft.ActiveDirectory.Connector.Test.TestUtility.dll" adapterTypeName="Microsoft.VisualStudio.TestTools.TestTypes.Unit.UnitTestAdapter" className="Microsoft.ActiveDirectory.Connector.Test.ProducerConsumerQueueUnitTest" name="TestProduceBatch" />    </UnitTest>    <UnitTest name="TestRunProfileSerialization" storage="f:\src\adiam_cloud_nightly_tester\bins\debug\amd64\syncfabric\tests\testutility\microsoft.activedirectory.connector.test.testutility.dll" id="77bc26e2-45ec-0946-d587-e258b06c0295">      <Execution id="3f61a498-6cd3-4dc5-adbb-5eec427ad23b" />      <TestMethod codeBase="f:\src\Adiam_Cloud_Nightly_Tester\bins\debug\amd64\SyncFabric\Tests\TestUtility\Microsoft.ActiveDirectory.Connector.Test.TestUtility.dll" adapterTypeName="Microsoft.VisualStudio.TestTools.TestTypes.Unit.UnitTestAdapter" className="Microsoft.ActiveDirectory.Connector.Test.SerializerUnitTest" name="TestRunProfileSerialization" />    </UnitTest>    <UnitTest name="TestBoolSerialization" storage="f:\src\adiam_cloud_nightly_tester\bins\debug\amd64\syncfabric\tests\testutility\microsoft.activedirectory.connector.test.testutility.dll" id="b9013459-0683-4107-03c8-1f45aea2a22f">      <Execution id="9282627a-e95f-43ae-9d74-99653cce960f" />      <TestMethod codeBase="f:\src\Adiam_Cloud_Nightly_Tester\bins\debug\amd64\SyncFabric\Tests\TestUtility\Microsoft.ActiveDirectory.Connector.Test.TestUtility.dll" adapterTypeName="Microsoft.VisualStudio.TestTools.TestTypes.Unit.UnitTestAdapter" className="Microsoft.ActiveDirectory.Connector.Test.SerializerUnitTest" name="TestBoolSerialization" />    </UnitTest>    <UnitTest name="TestDoubleSerialization" storage="f:\src\adiam_cloud_nightly_tester\bins\debug\amd64\syncfabric\tests\testutility\microsoft.activedirectory.connector.test.testutility.dll" id="c0f91bda-25a9-ecce-1604-5f5aceae79d4">      <Execution id="916b59ff-4d39-4b60-af3e-90a562bb578a" />      <TestMethod codeBase="f:\src\Adiam_Cloud_Nightly_Tester\bins\debug\amd64\SyncFabric\Tests\TestUtility\Microsoft.ActiveDirectory.Connector.Test.TestUtility.dll" adapterTypeName="Microsoft.VisualStudio.TestTools.TestTypes.Unit.UnitTestAdapter" className="Microsoft.ActiveDirectory.Connector.Test.SerializerUnitTest" name="TestDoubleSerialization" />    </UnitTest>    <UnitTest name="TestEnumerableSerialization" storage="f:\src\adiam_cloud_nightly_tester\bins\debug\amd64\syncfabric\tests\testutility\microsoft.activedirectory.connector.test.testutility.dll" id="c563191c-7742-f6ef-d04d-8d1bd3a76cd8">      <Execution id="a98ad2e6-ee15-4435-979a-77bf0ab65407" />      <TestMethod codeBase="f:\src\Adiam_Cloud_Nightly_Tester\bins\debug\amd64\SyncFabric\Tests\TestUtility\Microsoft.ActiveDirectory.Connector.Test.TestUtility.dll" adapterTypeName="Microsoft.VisualStudio.TestTools.TestTypes.Unit.UnitTestAdapter" className="Microsoft.ActiveDirectory.Connector.Test.SerializerUnitTest" name="TestEnumerableSerialization" />    </UnitTest>    <UnitTest name="TestFloatSerialization" storage="f:\src\adiam_cloud_nightly_tester\bins\debug\amd64\syncfabric\tests\testutility\microsoft.activedirectory.connector.test.testutility.dll" id="781c2832-1c33-fd33-f3ec-f714ea63693b">      <Execution id="cc734390-5597-44d5-83da-e2ea06a53d26" />      <TestMethod codeBase="f:\src\Adiam_Cloud_Nightly_Tester\bins\debug\amd64\SyncFabric\Tests\TestUtility\Microsoft.ActiveDirectory.Connector.Test.TestUtility.dll" adapterTypeName="Microsoft.VisualStudio.TestTools.TestTypes.Unit.UnitTestAdapter" className="Microsoft.ActiveDirectory.Connector.Test.SerializerUnitTest" name="TestFloatSerialization" />    </UnitTest>    <UnitTest name="TestGuidSerialization" storage="f:\src\adiam_cloud_nightly_tester\bins\debug\amd64\syncfabric\tests\testutility\microsoft.activedirectory.connector.test.testutility.dll" id="122d7de3-dbe7-5624-ab93-c49791e7087e">      <Execution id="19376321-0d87-4b91-b54a-4b36f9c5468d" />      <TestMethod codeBase="f:\src\Adiam_Cloud_Nightly_Tester\bins\debug\amd64\SyncFabric\Tests\TestUtility\Microsoft.ActiveDirectory.Connector.Test.TestUtility.dll" adapterTypeName="Microsoft.VisualStudio.TestTools.TestTypes.Unit.UnitTestAdapter" className="Microsoft.ActiveDirectory.Connector.Test.SerializerUnitTest" name="TestGuidSerialization" />    </UnitTest>    <UnitTest name="TestIntSerialization" storage="f:\src\adiam_cloud_nightly_tester\bins\debug\amd64\syncfabric\tests\testutility\microsoft.activedirectory.connector.test.testutility.dll" id="c16153a9-5a5b-49f8-4bcd-7c2e70587a67">      <Execution id="b10f4ba6-5537-43cb-8da4-4e9ab5d2ae28" />      <TestMethod codeBase="f:\src\Adiam_Cloud_Nightly_Tester\bins\debug\amd64\SyncFabric\Tests\TestUtility\Microsoft.ActiveDirectory.Connector.Test.TestUtility.dll" adapterTypeName="Microsoft.VisualStudio.TestTools.TestTypes.Unit.UnitTestAdapter" className="Microsoft.ActiveDirectory.Connector.Test.SerializerUnitTest" name="TestIntSerialization" />    </UnitTest>    <UnitTest name="TestLongSerialization" storage="f:\src\adiam_cloud_nightly_tester\bins\debug\amd64\syncfabric\tests\testutility\microsoft.activedirectory.connector.test.testutility.dll" id="3154abfa-7de5-474a-2fcd-9eed58aadd2d">      <Execution id="0c70e2be-f3b5-4686-b873-0d6f15286ee6" />      <TestMethod codeBase="f:\src\Adiam_Cloud_Nightly_Tester\bins\debug\amd64\SyncFabric\Tests\TestUtility\Microsoft.ActiveDirectory.Connector.Test.TestUtility.dll" adapterTypeName="Microsoft.VisualStudio.TestTools.TestTypes.Unit.UnitTestAdapter" className="Microsoft.ActiveDirectory.Connector.Test.SerializerUnitTest" name="TestLongSerialization" />    </UnitTest>    <UnitTest name="TestUserInformationSerialization" storage="f:\src\adiam_cloud_nightly_tester\bins\debug\amd64\syncfabric\tests\testutility\microsoft.activedirectory.connector.test.testutility.dll" id="f655edef-b397-8754-f377-655e295670e9">      <Execution id="517b5a18-e6f3-4272-95cc-d4425513d036" />      <TestMethod codeBase="f:\src\Adiam_Cloud_Nightly_Tester\bins\debug\amd64\SyncFabric\Tests\TestUtility\Microsoft.ActiveDirectory.Connector.Test.TestUtility.dll" adapterTypeName="Microsoft.VisualStudio.TestTools.TestTypes.Unit.UnitTestAdapter" className="Microsoft.ActiveDirectory.Connector.Test.SerializerUnitTest" name="TestUserInformationSerialization" />    </UnitTest>    <UnitTest name="PerformanceScaleSalesforceScenarioTestRunProfileExecution" storage="f:\src\adiam_cloud_nightly_tester\bins\debug\amd64\syncfabric\tests\testscenariooutboundprovisioningsalesforcefromgraph\microsoft.activedirectory.connector.test.testscenariooutboundsffromgraph.dll" id="c836e576-0f71-7f0e-53a5-57acc6dc6284">      <Execution id="8816a4da-58da-44ee-ac57-90f09cd4bad9" />      <TestMethod codeBase="f:\src\Adiam_Cloud_Nightly_Tester\bins\debug\amd64\SyncFabric\Tests\TestScenarioOutboundProvisioningSalesForceFromGraph\Microsoft.ActiveDirectory.Connector.Test.TestScenarioOutboundSFFromGraph.dll" adapterTypeName="Microsoft.VisualStudio.TestTools.TestTypes.Unit.UnitTestAdapter" className="Microsoft.ActiveDirectory.Connector.Test.PerformanceScaleSalesforceScenarioTest" name="PerformanceScaleSalesforceScenarioTestRunProfileExecution" />    </UnitTest>    <UnitTest name="TestOutboundProvisioning" storage="f:\src\adiam_cloud_nightly_tester\bins\debug\amd64\syncfabric\tests\testscenariooutboundprovisioningsalesforcefromgraph\microsoft.activedirectory.connector.test.testscenariooutboundsffromgraph.dll" id="e308f587-625a-831a-d20a-eb69ba7be13c">      <Execution id="1a28388a-c9c2-4299-9a9e-8c56b63998b1" />      <TestMethod codeBase="f:\src\Adiam_Cloud_Nightly_Tester\bins\debug\amd64\SyncFabric\Tests\TestScenarioOutboundProvisioningSalesForceFromGraph\Microsoft.ActiveDirectory.Connector.Test.TestScenarioOutboundSFFromGraph.dll" adapterTypeName="Microsoft.VisualStudio.TestTools.TestTypes.Unit.UnitTestAdapter" className="Microsoft.ActiveDirectory.Connector.Test.SalesForceOutboundProvisioningFromGraphScenarioTest" name="TestOutboundProvisioning" />    </UnitTest>    <UnitTest name="TestOutboundProvisioningProfileFull" storage="f:\src\adiam_cloud_nightly_tester\bins\debug\amd64\syncfabric\tests\testscenariooutboundprovisioningsalesforcefromgraph\microsoft.activedirectory.connector.test.testscenariooutboundsffromgraph.dll" id="ef168c4e-ac87-78c4-a831-e03e6abfeb17">      <Execution id="1e797a45-a2fe-4f85-8233-aa1d721e855c" />      <TestMethod codeBase="f:\src\Adiam_Cloud_Nightly_Tester\bins\debug\amd64\SyncFabric\Tests\TestScenarioOutboundProvisioningSalesForceFromGraph\Microsoft.ActiveDirectory.Connector.Test.TestScenarioOutboundSFFromGraph.dll" adapterTypeName="Microsoft.VisualStudio.TestTools.TestTypes.Unit.UnitTestAdapter" className="Microsoft.ActiveDirectory.Connector.Test.SalesForceOutboundProvisioningFromGraphScenarioTest" name="TestOutboundProvisioningProfileFull" />    </UnitTest>    <UnitTest name="TestOutboundProvisioningProfileWithException" storage="f:\src\adiam_cloud_nightly_tester\bins\debug\amd64\syncfabric\tests\testscenariooutboundprovisioningsalesforcefromgraph\microsoft.activedirectory.connector.test.testscenariooutboundsffromgraph.dll" id="6bf88a82-0f93-8616-bf65-9701b0c2b7c8">      <Execution id="1ac6d165-19f4-4068-8a5f-4c9f56666697" />      <TestMethod codeBase="f:\src\Adiam_Cloud_Nightly_Tester\bins\debug\amd64\SyncFabric\Tests\TestScenarioOutboundProvisioningSalesForceFromGraph\Microsoft.ActiveDirectory.Connector.Test.TestScenarioOutboundSFFromGraph.dll" adapterTypeName="Microsoft.VisualStudio.TestTools.TestTypes.Unit.UnitTestAdapter" className="Microsoft.ActiveDirectory.Connector.Test.SalesForceOutboundProvisioningFromGraphScenarioTest" name="TestOutboundProvisioningProfileWithException" />    </UnitTest>    <UnitTest name="TestOutboundProvisioningProfileDelta" storage="f:\src\adiam_cloud_nightly_tester\bins\debug\amd64\syncfabric\tests\testscenariooutboundprovisioningsalesforcefromgraph\microsoft.activedirectory.connector.test.testscenariooutboundsffromgraph.dll" id="41ec8cd2-0829-01cb-39cf-54d3e934ee5a">      <Execution id="265906c5-0bf2-4de6-9641-bbfa9558d6d9" />      <TestMethod codeBase="f:\src\Adiam_Cloud_Nightly_Tester\bins\debug\amd64\SyncFabric\Tests\TestScenarioOutboundProvisioningSalesForceFromGraph\Microsoft.ActiveDirectory.Connector.Test.TestScenarioOutboundSFFromGraph.dll" adapterTypeName="Microsoft.VisualStudio.TestTools.TestTypes.Unit.UnitTestAdapter" className="Microsoft.ActiveDirectory.Connector.Test.SalesForceOutboundProvisioningFromGraphScenarioTest" name="TestOutboundProvisioningProfileDelta" />    </UnitTest>    <UnitTest name="TestOutboundProvisioningProfileDeltaWithInboundEntitlements" storage="f:\src\adiam_cloud_nightly_tester\bins\debug\amd64\syncfabric\tests\testscenariooutboundprovisioningsalesforcefromgraph\microsoft.activedirectory.connector.test.testscenariooutboundsffromgraph.dll" id="86c8b915-4c57-8408-ef00-ea4926a70ec8">      <Execution id="5d8a34cd-b8b9-4eef-9d07-a5c3e187d409" />      <TestMethod codeBase="f:\src\Adiam_Cloud_Nightly_Tester\bins\debug\amd64\SyncFabric\Tests\TestScenarioOutboundProvisioningSalesForceFromGraph\Microsoft.ActiveDirectory.Connector.Test.TestScenarioOutboundSFFromGraph.dll" adapterTypeName="Microsoft.VisualStudio.TestTools.TestTypes.Unit.UnitTestAdapter" className="Microsoft.ActiveDirectory.Connector.Test.SalesForceOutboundProvisioningFromGraphScenarioTest" name="TestOutboundProvisioningProfileDeltaWithInboundEntitlements" />    </UnitTest>    <UnitTest name="TestExportAddUserWithoutJoiningProperty" storage="f:\src\adiam_cloud_nightly_tester\bins\debug\amd64\syncfabric\tests\testescrows\microsoft.activedirectory.connector.test.testescrows.dll" id="2f3a4eaf-719e-da5e-1508-aba0a27fbc53">      <Execution id="021e660a-13dc-4348-8c3b-f5d0682aec67" />      <TestMethod codeBase="f:\src\Adiam_Cloud_Nightly_Tester\bins\debug\amd64\SyncFabric\Tests\TestEscrows\Microsoft.ActiveDirectory.Connector.Test.TestEscrows.dll" adapterTypeName="Microsoft.VisualStudio.TestTools.TestTypes.Unit.UnitTestAdapter" className="Microsoft.ActiveDirectory.Connector.Test.EscrowsUnitTest" name="TestExportAddUserWithoutJoiningProperty" />    </UnitTest>    <UnitTest name="TestEscrows" storage="f:\src\adiam_cloud_nightly_tester\bins\debug\amd64\syncfabric\tests\testescrows\microsoft.activedirectory.connector.test.testescrows.dll" id="6abec567-22e8-3653-3257-7b7354d09b57">      <Execution id="d2a19230-2f61-43ff-aba8-2c082013c3fe" />      <TestMethod codeBase="f:\src\Adiam_Cloud_Nightly_Tester\bins\debug\amd64\SyncFabric\Tests\TestEscrows\Microsoft.ActiveDirectory.Connector.Test.TestEscrows.dll" adapterTypeName="Microsoft.VisualStudio.TestTools.TestTypes.Unit.UnitTestAdapter" className="Microsoft.ActiveDirectory.Connector.Test.EscrowsUnitTest" name="TestEscrows" />    </UnitTest>    <UnitTest name="TestEscrows_MaximumTimeElapsed" storage="f:\src\adiam_cloud_nightly_tester\bins\debug\amd64\syncfabric\tests\testescrows\microsoft.activedirectory.connector.test.testescrows.dll" id="a05a1cdc-5b78-30ad-3cf3-ca763dddc4f6">      <Execution id="f912a75b-e166-41c4-a73a-834cd460a5a7" />      <TestMethod codeBase="f:\src\Adiam_Cloud_Nightly_Tester\bins\debug\amd64\SyncFabric\Tests\TestEscrows\Microsoft.ActiveDirectory.Connector.Test.TestEscrows.dll" adapterTypeName="Microsoft.VisualStudio.TestTools.TestTypes.Unit.UnitTestAdapter" className="Microsoft.ActiveDirectory.Connector.Test.EscrowsUnitTest" name="TestEscrows_MaximumTimeElapsed" />    </UnitTest>    <UnitTest name="TestEscrow_DuplicateMatchingEntries" storage="f:\src\adiam_cloud_nightly_tester\bins\debug\amd64\syncfabric\tests\testescrows\microsoft.activedirectory.connector.test.testescrows.dll" id="14977266-5478-a5ae-4472-39b77564b9a6">      <Execution id="d6a0a485-9f01-45bb-a264-527c5c4ffc6e" />      <TestMethod codeBase="f:\src\Adiam_Cloud_Nightly_Tester\bins\debug\amd64\SyncFabric\Tests\TestEscrows\Microsoft.ActiveDirectory.Connector.Test.TestEscrows.dll" adapterTypeName="Microsoft.VisualStudio.TestTools.TestTypes.Unit.UnitTestAdapter" className="Microsoft.ActiveDirectory.Connector.Test.EscrowsUnitTest" name="TestEscrow_DuplicateMatchingEntries" />    </UnitTest>    <UnitTest name="ConcurProxyAdapterTest_Export" storage="f:\src\adiam_cloud_nightly_tester\bins\debug\amd64\syncfabric\tests\testconcurproxyadapter\microsoft.activedirectory.connector.test.testconcurproxyadapter.dll" id="ba4a45df-b6a0-4c94-d783-90dba16e6369">      <Execution id="440371c1-b1f7-4f86-8a02-d12f294392ab" />      <TestMethod codeBase="f:\src\Adiam_Cloud_Nightly_Tester\bins\debug\amd64\SyncFabric\Tests\TestConcurProxyAdapter\Microsoft.ActiveDirectory.Connector.Test.TestConcurProxyAdapter.dll" adapterTypeName="Microsoft.VisualStudio.TestTools.TestTypes.Unit.UnitTestAdapter" className="Microsoft.ActiveDirectory.Connector.Test.ConcurProxyAdapterTest" name="ConcurProxyAdapterTest_Export" />    </UnitTest>    <UnitTest name="ConcurProxyAdapterTest_ExportWithErrors" storage="f:\src\adiam_cloud_nightly_tester\bins\debug\amd64\syncfabric\tests\testconcurproxyadapter\microsoft.activedirectory.connector.test.testconcurproxyadapter.dll" id="1cd557eb-71b3-ee78-c92c-ff44717d90d6">      <Execution id="9b8f9cd0-b56d-4847-b3d6-d63f61b70de8" />      <TestMethod codeBase="f:\src\Adiam_Cloud_Nightly_Tester\bins\debug\amd64\SyncFabric\Tests\TestConcurProxyAdapter\Microsoft.ActiveDirectory.Connector.Test.TestConcurProxyAdapter.dll" adapterTypeName="Microsoft.VisualStudio.TestTools.TestTypes.Unit.UnitTestAdapter" className="Microsoft.ActiveDirectory.Connector.Test.ConcurProxyAdapterTest" name="ConcurProxyAdapterTest_ExportWithErrors" />    </UnitTest>    <UnitTest name="ConcurProxyAdapterTest_ImportExistingUser" storage="f:\src\adiam_cloud_nightly_tester\bins\debug\amd64\syncfabric\tests\testconcurproxyadapter\microsoft.activedirectory.connector.test.testconcurproxyadapter.dll" id="5cedac59-2f4a-a83b-6f58-1f458b92172f">      <Execution id="a908ad83-4e55-4a45-884b-440b7c07d174" />      <TestMethod codeBase="f:\src\Adiam_Cloud_Nightly_Tester\bins\debug\amd64\SyncFabric\Tests\TestConcurProxyAdapter\Microsoft.ActiveDirectory.Connector.Test.TestConcurProxyAdapter.dll" adapterTypeName="Microsoft.VisualStudio.TestTools.TestTypes.Unit.UnitTestAdapter" className="Microsoft.ActiveDirectory.Connector.Test.ConcurProxyAdapterTest" name="ConcurProxyAdapterTest_ImportExistingUser" />    </UnitTest>    <UnitTest name="ConcurProxyAdapterTest_ImportWithExceptions" storage="f:\src\adiam_cloud_nightly_tester\bins\debug\amd64\syncfabric\tests\testconcurproxyadapter\microsoft.activedirectory.connector.test.testconcurproxyadapter.dll" id="687dfcd0-7afd-c819-9731-4944ab371aa9">      <Execution id="c87b7c23-1afe-4d99-92e8-203ac83fe55e" />      <TestMethod codeBase="f:\src\Adiam_Cloud_Nightly_Tester\bins\debug\amd64\SyncFabric\Tests\TestConcurProxyAdapter\Microsoft.ActiveDirectory.Connector.Test.TestConcurProxyAdapter.dll" adapterTypeName="Microsoft.VisualStudio.TestTools.TestTypes.Unit.UnitTestAdapter" className="Microsoft.ActiveDirectory.Connector.Test.ConcurProxyAdapterTest" name="ConcurProxyAdapterTest_ImportWithExceptions" />    </UnitTest>    <UnitTest name="ConcurProxyAdapterTest_ExportWithExceptions" storage="f:\src\adiam_cloud_nightly_tester\bins\debug\amd64\syncfabric\tests\testconcurproxyadapter\microsoft.activedirectory.connector.test.testconcurproxyadapter.dll" id="3cea4d4c-6dbb-833a-4504-e1dd102669db">      <Execution id="12e9fce3-148c-4112-9881-ebc3c8254455" />      <TestMethod codeBase="f:\src\Adiam_Cloud_Nightly_Tester\bins\debug\amd64\SyncFabric\Tests\TestConcurProxyAdapter\Microsoft.ActiveDirectory.Connector.Test.TestConcurProxyAdapter.dll" adapterTypeName="Microsoft.VisualStudio.TestTools.TestTypes.Unit.UnitTestAdapter" className="Microsoft.ActiveDirectory.Connector.Test.ConcurProxyAdapterTest" name="ConcurProxyAdapterTest_ExportWithExceptions" />    </UnitTest>    <UnitTest name="ConcurProxyAdapterTest_ValidateCredentials" storage="f:\src\adiam_cloud_nightly_tester\bins\debug\amd64\syncfabric\tests\testconcurproxyadapter\microsoft.activedirectory.connector.test.testconcurproxyadapter.dll" id="c54a6815-1719-61a3-f7a7-a238e312e5b1">      <Execution id="f2246772-eaa5-4f8b-b7df-cddb164f80b7" />      <TestMethod codeBase="f:\src\Adiam_Cloud_Nightly_Tester\bins\debug\amd64\SyncFabric\Tests\TestConcurProxyAdapter\Microsoft.ActiveDirectory.Connector.Test.TestConcurProxyAdapter.dll" adapterTypeName="Microsoft.VisualStudio.TestTools.TestTypes.Unit.UnitTestAdapter" className="Microsoft.ActiveDirectory.Connector.Test.ConcurProxyAdapterTest" name="ConcurProxyAdapterTest_ValidateCredentials" />    </UnitTest>    <UnitTest name="ConcurWebClientUnitTest_GetLists" storage="f:\src\adiam_cloud_nightly_tester\bins\debug\amd64\syncfabric\tests\testconcurproxyadapter\microsoft.activedirectory.connector.test.testconcurproxyadapter.dll" id="cac7658f-505c-e31f-f8cd-80fa656fe293">      <Execution id="84758b60-05be-47a9-9ca1-4a9db21617e7" />      <TestMethod codeBase="f:\src\Adiam_Cloud_Nightly_Tester\bins\debug\amd64\SyncFabric\Tests\TestConcurProxyAdapter\Microsoft.ActiveDirectory.Connector.Test.TestConcurProxyAdapter.dll" adapterTypeName="Microsoft.VisualStudio.TestTools.TestTypes.Unit.UnitTestAdapter" className="Microsoft.ActiveDirectory.Connector.Test.ConcurWebClientUnitTest" name="ConcurWebClientUnitTest_GetLists" />    </UnitTest>    <UnitTest name="ConcurWebClientUnitTest_GetListItems" storage="f:\src\adiam_cloud_nightly_tester\bins\debug\amd64\syncfabric\tests\testconcurproxyadapter\microsoft.activedirectory.connector.test.testconcurproxyadapter.dll" id="9e55a8c5-d42c-e0ab-ebce-a03da689687e">      <Execution id="c2184596-960d-4a76-bf63-f6db8e4d3af1" />      <TestMethod codeBase="f:\src\Adiam_Cloud_Nightly_Tester\bins\debug\amd64\SyncFabric\Tests\TestConcurProxyAdapter\Microsoft.ActiveDirectory.Connector.Test.TestConcurProxyAdapter.dll" adapterTypeName="Microsoft.VisualStudio.TestTools.TestTypes.Unit.UnitTestAdapter" className="Microsoft.ActiveDirectory.Connector.Test.ConcurWebClientUnitTest" name="ConcurWebClientUnitTest_GetListItems" />    </UnitTest>    <UnitTest name="ConcurWebClientUnitTest_GetUserCurrent" storage="f:\src\adiam_cloud_nightly_tester\bins\debug\amd64\syncfabric\tests\testconcurproxyadapter\microsoft.activedirectory.connector.test.testconcurproxyadapter.dll" id="20511c02-f23b-ded3-caff-62a60ba472ef">      <Execution id="cf0f19e5-3011-4fcd-a6b8-7fffdd7b27ef" />      <TestMethod codeBase="f:\src\Adiam_Cloud_Nightly_Tester\bins\debug\amd64\SyncFabric\Tests\TestConcurProxyAdapter\Microsoft.ActiveDirectory.Connector.Test.TestConcurProxyAdapter.dll" adapterTypeName="Microsoft.VisualStudio.TestTools.TestTypes.Unit.UnitTestAdapter" className="Microsoft.ActiveDirectory.Connector.Test.ConcurWebClientUnitTest" name="ConcurWebClientUnitTest_GetUserCurrent" />    </UnitTest>    <UnitTest name="ConcurWebClientUnitTest_GetUserNonExistingUser" storage="f:\src\adiam_cloud_nightly_tester\bins\debug\amd64\syncfabric\tests\testconcurproxyadapter\microsoft.activedirectory.connector.test.testconcurproxyadapter.dll" id="fc5ecb34-8d3b-c3f1-c0c8-ad4f84040c65">      <Execution id="5b70f90c-2de5-470c-8a57-a8c9bfdb17c0" />      <TestMethod codeBase="f:\src\Adiam_Cloud_Nightly_Tester\bins\debug\amd64\SyncFabric\Tests\TestConcurProxyAdapter\Microsoft.ActiveDirectory.Connector.Test.TestConcurProxyAdapter.dll" adapterTypeName="Microsoft.VisualStudio.TestTools.TestTypes.Unit.UnitTestAdapter" className="Microsoft.ActiveDirectory.Connector.Test.ConcurWebClientUnitTest" name="ConcurWebClientUnitTest_GetUserNonExistingUser" />    </UnitTest>    <UnitTest name="ConcurWebClientUnitTest_LogOnUnauthorized" storage="f:\src\adiam_cloud_nightly_tester\bins\debug\amd64\syncfabric\tests\testconcurproxyadapter\microsoft.activedirectory.connector.test.testconcurproxyadapter.dll" id="d9235f0d-54c0-c8c5-ef9b-d2d14db81e38">      <Execution id="7a665d3a-ee9d-4d7d-ba8c-997b4588a16f" />      <TestMethod codeBase="f:\src\Adiam_Cloud_Nightly_Tester\bins\debug\amd64\SyncFabric\Tests\TestConcurProxyAdapter\Microsoft.ActiveDirectory.Connector.Test.TestConcurProxyAdapter.dll" adapterTypeName="Microsoft.VisualStudio.TestTools.TestTypes.Unit.UnitTestAdapter" className="Microsoft.ActiveDirectory.Connector.Test.ConcurWebClientUnitTest" name="ConcurWebClientUnitTest_LogOnUnauthorized" />    </UnitTest>    <UnitTest name="ConcurWebClientUnitTest_UpdateUsersCreateUser" storage="f:\src\adiam_cloud_nightly_tester\bins\debug\amd64\syncfabric\tests\testconcurproxyadapter\microsoft.activedirectory.connector.test.testconcurproxyadapter.dll" id="0ec997df-36a1-90ae-c4c0-7ea1d3a28cf5">      <Execution id="6a6febe1-cbad-462e-8101-918d0435727b" />      <TestMethod codeBase="f:\src\Adiam_Cloud_Nightly_Tester\bins\debug\amd64\SyncFabric\Tests\TestConcurProxyAdapter\Microsoft.ActiveDirectory.Connector.Test.TestConcurProxyAdapter.dll" adapterTypeName="Microsoft.VisualStudio.TestTools.TestTypes.Unit.UnitTestAdapter" className="Microsoft.ActiveDirectory.Connector.Test.ConcurWebClientUnitTest" name="ConcurWebClientUnitTest_UpdateUsersCreateUser" />    </UnitTest>    <UnitTest name="ConcurWebClientUnitTest_UpdateUsersUpdateProperty" storage="f:\src\adiam_cloud_nightly_tester\bins\debug\amd64\syncfabric\tests\testconcurproxyadapter\microsoft.activedirectory.connector.test.testconcurproxyadapter.dll" id="45bf4967-ef9b-f492-99ff-aef38451a67e">      <Execution id="f430e5e2-3829-44f0-b994-79df513e6787" />      <TestMethod codeBase="f:\src\Adiam_Cloud_Nightly_Tester\bins\debug\amd64\SyncFabric\Tests\TestConcurProxyAdapter\Microsoft.ActiveDirectory.Connector.Test.TestConcurProxyAdapter.dll" adapterTypeName="Microsoft.VisualStudio.TestTools.TestTypes.Unit.UnitTestAdapter" className="Microsoft.ActiveDirectory.Connector.Test.ConcurWebClientUnitTest" name="ConcurWebClientUnitTest_UpdateUsersUpdateProperty" />    </UnitTest>    <UnitTest name="ConcurWebClientUnitTest_UpdateUsersUpdateJoiningProperty" storage="f:\src\adiam_cloud_nightly_tester\bins\debug\amd64\syncfabric\tests\testconcurproxyadapter\microsoft.activedirectory.connector.test.testconcurproxyadapter.dll" id="669f512c-a39f-87bd-4074-096216d78698">      <Execution id="58897ba3-0fe3-4ea1-a319-3d6a768e07e5" />      <TestMethod codeBase="f:\src\Adiam_Cloud_Nightly_Tester\bins\debug\amd64\SyncFabric\Tests\TestConcurProxyAdapter\Microsoft.ActiveDirectory.Connector.Test.TestConcurProxyAdapter.dll" adapterTypeName="Microsoft.VisualStudio.TestTools.TestTypes.Unit.UnitTestAdapter" className="Microsoft.ActiveDirectory.Connector.Test.ConcurWebClientUnitTest" name="ConcurWebClientUnitTest_UpdateUsersUpdateJoiningProperty" />    </UnitTest>    <UnitTest name="ConcurWebClientUnitTest_UpdateUsersWithError" storage="f:\src\adiam_cloud_nightly_tester\bins\debug\amd64\syncfabric\tests\testconcurproxyadapter\microsoft.activedirectory.connector.test.testconcurproxyadapter.dll" id="026748de-419f-252e-9ec5-bf8a291e25f3">      <Execution id="2b2d950f-cc2f-4309-99ed-cda2b1a60295" />      <TestMethod codeBase="f:\src\Adiam_Cloud_Nightly_Tester\bins\debug\amd64\SyncFabric\Tests\TestConcurProxyAdapter\Microsoft.ActiveDirectory.Connector.Test.TestConcurProxyAdapter.dll" adapterTypeName="Microsoft.VisualStudio.TestTools.TestTypes.Unit.UnitTestAdapter" className="Microsoft.ActiveDirectory.Connector.Test.ConcurWebClientUnitTest" name="ConcurWebClientUnitTest_UpdateUsersWithError" />    </UnitTest>    <UnitTest name="ConcurWebClientUnitTest_UpdateUsersDeleteUser" storage="f:\src\adiam_cloud_nightly_tester\bins\debug\amd64\syncfabric\tests\testconcurproxyadapter\microsoft.activedirectory.connector.test.testconcurproxyadapter.dll" id="313131a4-93f0-b6fe-bdf3-6e658c446092">      <Execution id="36779306-8f42-4cb4-9592-a416e6981958" />      <TestMethod codeBase="f:\src\Adiam_Cloud_Nightly_Tester\bins\debug\amd64\SyncFabric\Tests\TestConcurProxyAdapter\Microsoft.ActiveDirectory.Connector.Test.TestConcurProxyAdapter.dll" adapterTypeName="Microsoft.VisualStudio.TestTools.TestTypes.Unit.UnitTestAdapter" className="Microsoft.ActiveDirectory.Connector.Test.ConcurWebClientUnitTest" name="ConcurWebClientUnitTest_UpdateUsersDeleteUser" />    </UnitTest>    <UnitTest name="TestConnectorMappingDataUpgradeToV2" storage="f:\src\adiam_cloud_nightly_tester\bins\debug\amd64\syncfabric\tests\testconnectordatastore\microsoft.activedirectory.connector.test.testconnectordatastore.dll" id="7ccd74d4-30d2-3895-6ae0-81003a665311">      <Execution id="cb48e8b8-aa4d-4728-8598-deaf2998bfea" />      <TestMethod codeBase="f:\src\Adiam_Cloud_Nightly_Tester\bins\debug\amd64\SyncFabric\Tests\TestConnectorDataStore\Microsoft.ActiveDirectory.Connector.Test.TestConnectorDataStore.dll" adapterTypeName="Microsoft.VisualStudio.TestTools.TestTypes.Unit.UnitTestAdapter" className="Microsoft.ActiveDirectory.Connector.Test.TestConnectorMappingDataStorageFacade" name="TestConnectorMappingDataUpgradeToV2" />    </UnitTest>    <UnitTest name="TestConnectorMembershipDataStorage" storage="f:\src\adiam_cloud_nightly_tester\bins\debug\amd64\syncfabric\tests\testconnectordatastore\microsoft.activedirectory.connector.test.testconnectordatastore.dll" id="9aec86ee-d373-0683-acd9-af75e3117cce">      <Execution id="91f073c2-9ad6-4c6c-b235-955e295fbf57" />      <TestMethod codeBase="f:\src\Adiam_Cloud_Nightly_Tester\bins\debug\amd64\SyncFabric\Tests\TestConnectorDataStore\Microsoft.ActiveDirectory.Connector.Test.TestConnectorDataStore.dll" adapterTypeName="Microsoft.VisualStudio.TestTools.TestTypes.Unit.UnitTestAdapter" className="Microsoft.ActiveDirectory.Connector.Test.TestConnectorMembershipDataStorage" name="TestConnectorMembershipDataStorage" />    </UnitTest>    <UnitTest name="TestConnectorMembershipDataStorage" storage="f:\src\adiam_cloud_nightly_tester\bins\debug\amd64\syncfabric\tests\testconnectordatastore\microsoft.activedirectory.connector.test.testconnectordatastore.dll" id="72c781a9-651d-f24a-d790-7206eb94c5a0">      <Execution id="a4e621d7-c37c-47e6-afbf-502839f3c392" />      <TestMethod codeBase="f:\src\Adiam_Cloud_Nightly_Tester\bins\debug\amd64\SyncFabric\Tests\TestConnectorDataStore\Microsoft.ActiveDirectory.Connector.Test.TestConnectorDataStore.dll" adapterTypeName="Microsoft.VisualStudio.TestTools.TestTypes.Unit.UnitTestAdapter" className="Microsoft.ActiveDirectory.Connector.Test.TestMockConnectoMembershipDataStorage" name="TestConnectorMembershipDataStorage" />    </UnitTest>    <UnitTest name="TestAdd" storage="f:\src\adiam_cloud_nightly_tester\bins\debug\amd64\syncfabric\tests\testconnectordatastore\microsoft.activedirectory.connector.test.testconnectordatastore.dll" id="3bc81ed3-63f0-f4f5-d836-10894f91538a">      <Execution id="cec3bcba-0e79-467c-991f-5894f02aa91a" />      <TestMethod codeBase="f:\src\Adiam_Cloud_Nightly_Tester\bins\debug\amd64\SyncFabric\Tests\TestConnectorDataStore\Microsoft.ActiveDirectory.Connector.Test.TestConnectorDataStore.dll" adapterTypeName="Microsoft.VisualStudio.TestTools.TestTypes.Unit.UnitTestAdapter" className="Microsoft.ActiveDirectory.Connector.Test.TestMockConnectoMappingsDataStorage" name="TestAdd" />    </UnitTest>    <UnitTest name="TestFlush" storage="f:\src\adiam_cloud_nightly_tester\bins\debug\amd64\syncfabric\tests\testconnectordatastore\microsoft.activedirectory.connector.test.testconnectordatastore.dll" id="44b9c85f-7f5c-944e-9cb5-248ca7324a0f">      <Execution id="aea26d2a-e3ed-4e9d-a058-cbfd171128f9" />      <TestMethod codeBase="f:\src\Adiam_Cloud_Nightly_Tester\bins\debug\amd64\SyncFabric\Tests\TestConnectorDataStore\Microsoft.ActiveDirectory.Connector.Test.TestConnectorDataStore.dll" adapterTypeName="Microsoft.VisualStudio.TestTools.TestTypes.Unit.UnitTestAdapter" className="Microsoft.ActiveDirectory.Connector.Test.TestMockConnectoMappingsDataStorage" name="TestFlush" />    </UnitTest>    <UnitTest name="TestAddIllegalStorageCharacters" storage="f:\src\adiam_cloud_nightly_tester\bins\debug\amd64\syncfabric\tests\testconnectordatastore\microsoft.activedirectory.connector.test.testconnectordatastore.dll" id="04472e54-c4b3-b428-9902-e3188bf06913">      <Execution id="798e5bc9-1c93-4bc8-abf0-028f14d7f33a" />      <TestMethod codeBase="f:\src\Adiam_Cloud_Nightly_Tester\bins\debug\amd64\SyncFabric\Tests\TestConnectorDataStore\Microsoft.ActiveDirectory.Connector.Test.TestConnectorDataStore.dll" adapterTypeName="Microsoft.VisualStudio.TestTools.TestTypes.Unit.UnitTestAdapter" className="Microsoft.ActiveDirectory.Connector.Test.TestMockConnectoMappingsDataStorage" name="TestAddIllegalStorageCharacters" />    </UnitTest>    <UnitTest name="TestCombinations" storage="f:\src\adiam_cloud_nightly_tester\bins\debug\amd64\syncfabric\tests\testconnectordatastore\microsoft.activedirectory.connector.test.testconnectordatastore.dll" id="7281a549-3cb8-a222-0f6c-640e0f362601">      <Execution id="742051ce-315a-4a6c-beae-3d0611105139" />      <TestMethod codeBase="f:\src\Adiam_Cloud_Nightly_Tester\bins\debug\amd64\SyncFabric\Tests\TestConnectorDataStore\Microsoft.ActiveDirectory.Connector.Test.TestConnectorDataStore.dll" adapterTypeName="Microsoft.VisualStudio.TestTools.TestTypes.Unit.UnitTestAdapter" className="Microsoft.ActiveDirectory.Connector.Test.TestMockConnectoMappingsDataStorage" name="TestCombinations" />    </UnitTest>    <UnitTest name="TestUpdate" storage="f:\src\adiam_cloud_nightly_tester\bins\debug\amd64\syncfabric\tests\testconnectordatastore\microsoft.activedirectory.connector.test.testconnectordatastore.dll" id="e49bbf5a-ea58-7417-f72c-27fdf7f7e04d">      <Execution id="277b0d7a-8c66-4d9e-a3d6-351272342a70" />      <TestMethod codeBase="f:\src\Adiam_Cloud_Nightly_Tester\bins\debug\amd64\SyncFabric\Tests\TestConnectorDataStore\Microsoft.ActiveDirectory.Connector.Test.TestConnectorDataStore.dll" adapterTypeName="Microsoft.VisualStudio.TestTools.TestTypes.Unit.UnitTestAdapter" className="Microsoft.ActiveDirectory.Connector.Test.TestMockConnectoMappingsDataStorage" name="TestUpdate" />    </UnitTest>    <UnitTest name="TestUpdateIllegalCharacters" storage="f:\src\adiam_cloud_nightly_tester\bins\debug\amd64\syncfabric\tests\testconnectordatastore\microsoft.activedirectory.connector.test.testconnectordatastore.dll" id="e1abdace-ba25-a81d-7dd3-76acf866e486">      <Execution id="04210889-44ed-4b44-a6fb-5e29df060c2e" />      <TestMethod codeBase="f:\src\Adiam_Cloud_Nightly_Tester\bins\debug\amd64\SyncFabric\Tests\TestConnectorDataStore\Microsoft.ActiveDirectory.Connector.Test.TestConnectorDataStore.dll" adapterTypeName="Microsoft.VisualStudio.TestTools.TestTypes.Unit.UnitTestAdapter" className="Microsoft.ActiveDirectory.Connector.Test.TestMockConnectoMappingsDataStorage" name="TestUpdateIllegalCharacters" />    </UnitTest>    <UnitTest name="TestAdd" storage="f:\src\adiam_cloud_nightly_tester\bins\debug\amd64\syncfabric\tests\testconnectordatastore\microsoft.activedirectory.connector.test.testconnectordatastore.dll" id="2d03aae2-e22e-04d0-47e2-fb667ac89651">      <Execution id="edc1f403-a0c7-4d4b-b4c8-93b9fe7ba8eb" />      <TestMethod codeBase="f:\src\Adiam_Cloud_Nightly_Tester\bins\debug\amd64\SyncFabric\Tests\TestConnectorDataStore\Microsoft.ActiveDirectory.Connector.Test.TestConnectorDataStore.dll" adapterTypeName="Microsoft.VisualStudio.TestTools.TestTypes.Unit.UnitTestAdapter" className="Microsoft.ActiveDirectory.Connector.Test.TestConnectorMappingsDataStorage" name="TestAdd" />    </UnitTest>    <UnitTest name="TestFlush" storage="f:\src\adiam_cloud_nightly_tester\bins\debug\amd64\syncfabric\tests\testconnectordatastore\microsoft.activedirectory.connector.test.testconnectordatastore.dll" id="6a88000a-c302-8141-5f97-a6ced567e031">      <Execution id="33b2299c-10f8-4d56-af11-52c3d095fd82" />      <TestMethod codeBase="f:\src\Adiam_Cloud_Nightly_Tester\bins\debug\amd64\SyncFabric\Tests\TestConnectorDataStore\Microsoft.ActiveDirectory.Connector.Test.TestConnectorDataStore.dll" adapterTypeName="Microsoft.VisualStudio.TestTools.TestTypes.Unit.UnitTestAdapter" className="Microsoft.ActiveDirectory.Connector.Test.TestConnectorMappingsDataStorage" name="TestFlush" />    </UnitTest>    <UnitTest name="TestAddIllegalStorageCharacters" storage="f:\src\adiam_cloud_nightly_tester\bins\debug\amd64\syncfabric\tests\testconnectordatastore\microsoft.activedirectory.connector.test.testconnectordatastore.dll" id="49d2b8d2-65a2-19fc-4d27-b3ed539d1bfa">      <Execution id="83c6c695-c382-469c-b9c9-f957081fa9b4" />      <TestMethod codeBase="f:\src\Adiam_Cloud_Nightly_Tester\bins\debug\amd64\SyncFabric\Tests\TestConnectorDataStore\Microsoft.ActiveDirectory.Connector.Test.TestConnectorDataStore.dll" adapterTypeName="Microsoft.VisualStudio.TestTools.TestTypes.Unit.UnitTestAdapter" className="Microsoft.ActiveDirectory.Connector.Test.TestConnectorMappingsDataStorage" name="TestAddIllegalStorageCharacters" />    </UnitTest>    <UnitTest name="TestCombinations" storage="f:\src\adiam_cloud_nightly_tester\bins\debug\amd64\syncfabric\tests\testconnectordatastore\microsoft.activedirectory.connector.test.testconnectordatastore.dll" id="a2705a06-c48d-08f0-aa9c-47e54ce86ebc">      <Execution id="da1c1f10-f067-4cf6-8575-d6d83bb349ce" />      <TestMethod codeBase="f:\src\Adiam_Cloud_Nightly_Tester\bins\debug\amd64\SyncFabric\Tests\TestConnectorDataStore\Microsoft.ActiveDirectory.Connector.Test.TestConnectorDataStore.dll" adapterTypeName="Microsoft.VisualStudio.TestTools.TestTypes.Unit.UnitTestAdapter" className="Microsoft.ActiveDirectory.Connector.Test.TestConnectorMappingsDataStorage" name="TestCombinations" />    </UnitTest>    <UnitTest name="TestUpdate" storage="f:\src\adiam_cloud_nightly_tester\bins\debug\amd64\syncfabric\tests\testconnectordatastore\microsoft.activedirectory.connector.test.testconnectordatastore.dll" id="a4644bbb-1da6-0e14-2c27-4230fbd562dc">      <Execution id="127fac74-debe-4e34-b351-964df71fcfe6" />      <TestMethod codeBase="f:\src\Adiam_Cloud_Nightly_Tester\bins\debug\amd64\SyncFabric\Tests\TestConnectorDataStore\Microsoft.ActiveDirectory.Connector.Test.TestConnectorDataStore.dll" adapterTypeName="Microsoft.VisualStudio.TestTools.TestTypes.Unit.UnitTestAdapter" className="Microsoft.ActiveDirectory.Connector.Test.TestConnectorMappingsDataStorage" name="TestUpdate" />    </UnitTest>    <UnitTest name="TestUpdateIllegalCharacters" storage="f:\src\adiam_cloud_nightly_tester\bins\debug\amd64\syncfabric\tests\testconnectordatastore\microsoft.activedirectory.connector.test.testconnectordatastore.dll" id="8e610927-8efe-fe22-41e8-f28459468f09">      <Execution id="f2b88a5a-4c9a-47cd-bbd8-c696f245bf9e" />      <TestMethod codeBase="f:\src\Adiam_Cloud_Nightly_Tester\bins\debug\amd64\SyncFabric\Tests\TestConnectorDataStore\Microsoft.ActiveDirectory.Connector.Test.TestConnectorDataStore.dll" adapterTypeName="Microsoft.VisualStudio.TestTools.TestTypes.Unit.UnitTestAdapter" className="Microsoft.ActiveDirectory.Connector.Test.TestConnectorMappingsDataStorage" name="TestUpdateIllegalCharacters" />    </UnitTest>    <UnitTest name="TestNoQuarantineWithInvalidCredentials" storage="f:\src\adiam_cloud_nightly_tester\bins\debug\amd64\syncfabric\tests\testquarantine\microsoft.activedirectory.connector.test.testquarantine.dll" id="bb7b8bed-0812-d2e1-9356-30109aeadac0">      <Execution id="54240724-785c-4863-9216-89e2d8228e96" />      <TestMethod codeBase="f:\src\Adiam_Cloud_Nightly_Tester\bins\debug\amd64\SyncFabric\Tests\TestQuarantine\Microsoft.ActiveDirectory.Connector.Test.TestQuarantine.dll" adapterTypeName="Microsoft.VisualStudio.TestTools.TestTypes.Unit.UnitTestAdapter" className="Microsoft.ActiveDirectory.Connector.Test.QuarantineUnitTest" name="TestNoQuarantineWithInvalidCredentials" />    </UnitTest>    <UnitTest name="TestQuarantineByCount" storage="f:\src\adiam_cloud_nightly_tester\bins\debug\amd64\syncfabric\tests\testquarantine\microsoft.activedirectory.connector.test.testquarantine.dll" id="2d1d592b-597a-0ee5-fe03-088653373603">      <Execution id="6c8e566d-f101-4224-8bb6-058cf24a3393" />      <TestMethod codeBase="f:\src\Adiam_Cloud_Nightly_Tester\bins\debug\amd64\SyncFabric\Tests\TestQuarantine\Microsoft.ActiveDirectory.Connector.Test.TestQuarantine.dll" adapterTypeName="Microsoft.VisualStudio.TestTools.TestTypes.Unit.UnitTestAdapter" className="Microsoft.ActiveDirectory.Connector.Test.QuarantineUnitTest" name="TestQuarantineByCount" />    </UnitTest>    <UnitTest name="TestQuarantineByProportion" storage="f:\src\adiam_cloud_nightly_tester\bins\debug\amd64\syncfabric\tests\testquarantine\microsoft.activedirectory.connector.test.testquarantine.dll" id="0c00bb53-2494-ddbf-e8c1-515c3527f8c1">      <Execution id="4723f850-7033-4b30-9d53-8b35800b63a3" />      <TestMethod codeBase="f:\src\Adiam_Cloud_Nightly_Tester\bins\debug\amd64\SyncFabric\Tests\TestQuarantine\Microsoft.ActiveDirectory.Connector.Test.TestQuarantine.dll" adapterTypeName="Microsoft.VisualStudio.TestTools.TestTypes.Unit.UnitTestAdapter" className="Microsoft.ActiveDirectory.Connector.Test.QuarantineUnitTest" name="TestQuarantineByProportion" />    </UnitTest>    <UnitTest name="TestQuarantineLifting" storage="f:\src\adiam_cloud_nightly_tester\bins\debug\amd64\syncfabric\tests\testquarantine\microsoft.activedirectory.connector.test.testquarantine.dll" id="ea720ff4-4a77-604c-6303-3e55d4c0d501">      <Execution id="e90078ae-9d3b-4e51-b4d5-2d7ac7c21f9b" />      <TestMethod codeBase="f:\src\Adiam_Cloud_Nightly_Tester\bins\debug\amd64\SyncFabric\Tests\TestQuarantine\Microsoft.ActiveDirectory.Connector.Test.TestQuarantine.dll" adapterTypeName="Microsoft.VisualStudio.TestTools.TestTypes.Unit.UnitTestAdapter" className="Microsoft.ActiveDirectory.Connector.Test.QuarantineUnitTest" name="TestQuarantineLifting" />    </UnitTest>    <UnitTest name="TestOutboundProvisioning" storage="f:\src\adiam_cloud_nightly_tester\bins\debug\amd64\syncfabric\tests\testscenariooutboundprovisioningservicenow\microsoft.activedirectory.connector.test.testscenariooutboundsn.dll" id="a7e477ce-f9e6-2282-4a8e-c4ac96f9ed22">      <Execution id="fe3339a2-70a6-4708-8a6c-d654bb3af110" />      <TestMethod codeBase="f:\src\Adiam_Cloud_Nightly_Tester\bins\debug\amd64\SyncFabric\Tests\TestScenarioOutboundProvisioningServiceNow\Microsoft.ActiveDirectory.Connector.Test.TestScenarioOutboundSN.dll" adapterTypeName="Microsoft.VisualStudio.TestTools.TestTypes.Unit.UnitTestAdapter" className="Microsoft.ActiveDirectory.Connector.Test.ServiceNowOutboundProvisioningScenarioTest" name="TestOutboundProvisioning" />    </UnitTest>    <UnitTest name="TestOutboundProvisioning" storage="f:\src\adiam_cloud_nightly_tester\bins\debug\amd64\syncfabric\tests\testscenariooutboundprovisioningbox\microsoft.activedirectory.connector.test.testscenariooutboundprovisioningbox.dll" id="74c6e717-9c13-c2b7-b6e0-c0d7dc9636ce">      <Execution id="037a51db-04a6-4e01-8835-70cd0efb84cb" />      <TestMethod codeBase="f:\src\Adiam_Cloud_Nightly_Tester\bins\debug\amd64\SyncFabric\Tests\TestScenarioOutboundProvisioningBox\Microsoft.ActiveDirectory.Connector.Test.TestScenarioOutboundProvisioningBox.dll" adapterTypeName="Microsoft.VisualStudio.TestTools.TestTypes.Unit.UnitTestAdapter" className="Microsoft.ActiveDirectory.Connector.Test.BoxOutboundProvisioningScenarioTest" name="TestOutboundProvisioning" />    </UnitTest>    <UnitTest name="TestObsoleteInboundEntitlements" storage="f:\src\adiam_cloud_nightly_tester\bins\debug\amd64\syncfabric\tests\testobsoleteentitlements\microsoft.activedirectory.connector.test.testobsoleteentitlements.dll" id="4d359fcf-a5d1-efc3-9843-c249d2e857bd">      <Execution id="4b90943c-067f-432a-ab50-d3b99b59826a" />      <TestMethod codeBase="f:\src\Adiam_Cloud_Nightly_Tester\bins\debug\amd64\SyncFabric\Tests\TestObsoleteEntitlements\Microsoft.ActiveDirectory.Connector.Test.TestObsoleteEntitlements.dll" adapterTypeName="Microsoft.VisualStudio.TestTools.TestTypes.Unit.UnitTestAdapter" className="Microsoft.ActiveDirectory.Connector.Test.ObsoleteEntitlementsUnitTest" name="TestObsoleteInboundEntitlements" />    </UnitTest>    <UnitTest name="TestInitializeError" storage="f:\src\adiam_cloud_nightly_tester\bins\debug\amd64\syncfabric\tests\testboxerrorreporting\microsoft.activedirectory.connector.test.testboxerrorreporting.dll" id="aa7bbb35-ba7c-a656-3bb0-aca6a0df3cc1">      <Execution id="8dc81eba-afc5-4a99-9b5c-db5d9dcd5591" />      <TestMethod codeBase="f:\src\Adiam_Cloud_Nightly_Tester\bins\debug\amd64\SyncFabric\Tests\TestBoxErrorReporting\Microsoft.ActiveDirectory.Connector.Test.TestBoxErrorReporting.dll" adapterTypeName="Microsoft.VisualStudio.TestTools.TestTypes.Unit.UnitTestAdapter" className="Microsoft.ActiveDirectory.Connector.Test.BoxErrorReportingUnitTest" name="TestInitializeError" />    </UnitTest>    <UnitTest name="TestAddUserError" storage="f:\src\adiam_cloud_nightly_tester\bins\debug\amd64\syncfabric\tests\testboxerrorreporting\microsoft.activedirectory.connector.test.testboxerrorreporting.dll" id="66fff366-0a40-720c-5230-1229347cfe4c">      <Execution id="2eb4b52a-8c33-4805-b752-6ccba9e3c8d2" />      <TestMethod codeBase="f:\src\Adiam_Cloud_Nightly_Tester\bins\debug\amd64\SyncFabric\Tests\TestBoxErrorReporting\Microsoft.ActiveDirectory.Connector.Test.TestBoxErrorReporting.dll" adapterTypeName="Microsoft.VisualStudio.TestTools.TestTypes.Unit.UnitTestAdapter" className="Microsoft.ActiveDirectory.Connector.Test.BoxErrorReportingUnitTest" name="TestAddUserError" />    </UnitTest>    <UnitTest name="TestDeleteUserError" storage="f:\src\adiam_cloud_nightly_tester\bins\debug\amd64\syncfabric\tests\testboxerrorreporting\microsoft.activedirectory.connector.test.testboxerrorreporting.dll" id="8c0c2798-7019-6e57-70d5-b03b9711759b">      <Execution id="b83abc7d-b1a7-482b-a144-3da3a68dde3c" />      <TestMethod codeBase="f:\src\Adiam_Cloud_Nightly_Tester\bins\debug\amd64\SyncFabric\Tests\TestBoxErrorReporting\Microsoft.ActiveDirectory.Connector.Test.TestBoxErrorReporting.dll" adapterTypeName="Microsoft.VisualStudio.TestTools.TestTypes.Unit.UnitTestAdapter" className="Microsoft.ActiveDirectory.Connector.Test.BoxErrorReportingUnitTest" name="TestDeleteUserError" />    </UnitTest>    <UnitTest name="TestEnumerateUsersError" storage="f:\src\adiam_cloud_nightly_tester\bins\debug\amd64\syncfabric\tests\testboxerrorreporting\microsoft.activedirectory.connector.test.testboxerrorreporting.dll" id="a4742de9-39bf-5d5f-4df7-8c29d6441ab0">      <Execution id="5f22c3ba-97f4-4f92-b65f-9e59fdf104d3" />      <TestMethod codeBase="f:\src\Adiam_Cloud_Nightly_Tester\bins\debug\amd64\SyncFabric\Tests\TestBoxErrorReporting\Microsoft.ActiveDirectory.Connector.Test.TestBoxErrorReporting.dll" adapterTypeName="Microsoft.VisualStudio.TestTools.TestTypes.Unit.UnitTestAdapter" className="Microsoft.ActiveDirectory.Connector.Test.BoxErrorReportingUnitTest" name="TestEnumerateUsersError" />    </UnitTest>    <UnitTest name="TestUpdateUserError" storage="f:\src\adiam_cloud_nightly_tester\bins\debug\amd64\syncfabric\tests\testboxerrorreporting\microsoft.activedirectory.connector.test.testboxerrorreporting.dll" id="df233803-875d-9714-f397-054679fa0b52">      <Execution id="8155cc27-7284-4dd5-b4e6-29b28afb9bc2" />      <TestMethod codeBase="f:\src\Adiam_Cloud_Nightly_Tester\bins\debug\amd64\SyncFabric\Tests\TestBoxErrorReporting\Microsoft.ActiveDirectory.Connector.Test.TestBoxErrorReporting.dll" adapterTypeName="Microsoft.VisualStudio.TestTools.TestTypes.Unit.UnitTestAdapter" className="Microsoft.ActiveDirectory.Connector.Test.BoxErrorReportingUnitTest" name="TestUpdateUserError" />    </UnitTest>    <UnitTest name="TestUpdateWithInboundProfileWithCloudStorage" storage="f:\src\adiam_cloud_nightly_tester\bins\debug\amd64\syncfabric\tests\testsynchronizationworkerwithcloudstorage\microsoft.activedirectory.connector.test.testsynchronizationworkerwithcloudstorage.dll" id="25a910de-9d69-618c-70e4-4ec581434bab">      <Execution id="a519c3f8-ac5f-40d5-8769-534c0b81eca1" />      <TestMethod codeBase="f:\src\Adiam_Cloud_Nightly_Tester\bins\debug\amd64\SyncFabric\Tests\TestSynchronizationWorkerWithCloudStorage\Microsoft.ActiveDirectory.Connector.Test.TestSynchronizationWorkerWithCloudStorage.dll" adapterTypeName="Microsoft.VisualStudio.TestTools.TestTypes.Unit.UnitTestAdapter" className="Microsoft.ActiveDirectory.Connector.Test.RunControllerUnitTestWithCloudStorage" name="TestUpdateWithInboundProfileWithCloudStorage" />    </UnitTest>    <UnitTest name="TestUpdateWithOutboundProfileWithCloudStorage" storage="f:\src\adiam_cloud_nightly_tester\bins\debug\amd64\syncfabric\tests\testsynchronizationworkerwithcloudstorage\microsoft.activedirectory.connector.test.testsynchronizationworkerwithcloudstorage.dll" id="f7fd82f3-34c3-839c-70af-0804d4a21f9e">      <Execution id="7ae42763-aceb-4b96-9928-2c0529bcc3fb" />      <TestMethod codeBase="f:\src\Adiam_Cloud_Nightly_Tester\bins\debug\amd64\SyncFabric\Tests\TestSynchronizationWorkerWithCloudStorage\Microsoft.ActiveDirectory.Connector.Test.TestSynchronizationWorkerWithCloudStorage.dll" adapterTypeName="Microsoft.VisualStudio.TestTools.TestTypes.Unit.UnitTestAdapter" className="Microsoft.ActiveDirectory.Connector.Test.RunControllerUnitTestWithCloudStorage" name="TestUpdateWithOutboundProfileWithCloudStorage" />    </UnitTest>    <UnitTest name="TestRunProfileLifeCycle" storage="f:\src\adiam_cloud_nightly_tester\bins\debug\amd64\syncfabric\tests\testsynchronizationworkerwithcloudstorage\microsoft.activedirectory.connector.test.testsynchronizationworkerwithcloudstorage.dll" id="cbbbc49c-e46b-81b6-83b8-8e0b2144fdc4">      <Execution id="716d40de-9116-41eb-adcc-8465ad476540" />      <TestMethod codeBase="f:\src\Adiam_Cloud_Nightly_Tester\bins\debug\amd64\SyncFabric\Tests\TestSynchronizationWorkerWithCloudStorage\Microsoft.ActiveDirectory.Connector.Test.TestSynchronizationWorkerWithCloudStorage.dll" adapterTypeName="Microsoft.VisualStudio.TestTools.TestTypes.Unit.UnitTestAdapter" className="Microsoft.ActiveDirectory.Connector.Test.RunControllerUnitTestWithCloudStorage" name="TestRunProfileLifeCycle" />    </UnitTest>    <UnitTest name="TestResumeMonitoringQueue" storage="f:\src\adiam_cloud_nightly_tester\bins\debug\amd64\syncfabric\tests\testcloudqueueadapterservicebusresumption\microsoft.activedirectory.connector.test.testcloudqueueadapterservicebusresumption.dll" id="87227436-3e9e-5e9c-161b-25d02aa8c1cc">      <Execution id="ff7531ff-5e68-4545-b65e-14e9a27420ce" />      <TestMethod codeBase="f:\src\Adiam_Cloud_Nightly_Tester\bins\debug\amd64\SyncFabric\Tests\TestCloudQueueAdapterServiceBusResumption\Microsoft.ActiveDirectory.Connector.Test.TestCloudQueueAdapterServiceBusResumption.dll" adapterTypeName="Microsoft.VisualStudio.TestTools.TestTypes.Unit.UnitTestAdapter" className="Microsoft.ActiveDirectory.Connector.Test.CloudQueueAdapterServiceBusUnitTestResumption" name="TestResumeMonitoringQueue" />    </UnitTest>    <UnitTest name="TestReadingExtensionAttributeDeltas" storage="f:\src\adiam_cloud_nightly_tester\bins\debug\amd64\syncfabric\tests\testextensionattributes\microsoft.activedirectory.connector.test.testextensionattributes.dll" id="e6b0f534-536d-e0f7-3886-be6a8421cf45">      <Execution id="03ddacdf-1905-47ee-af50-32012227914c" />      <TestMethod codeBase="f:\src\Adiam_Cloud_Nightly_Tester\bins\debug\amd64\SyncFabric\Tests\TestExtensionAttributes\Microsoft.ActiveDirectory.Connector.Test.TestExtensionAttributes.dll" adapterTypeName="Microsoft.VisualStudio.TestTools.TestTypes.Unit.UnitTestAdapter" className="Microsoft.ActiveDirectory.Connector.Test.ExtensionAttributesUnitTest" name="TestReadingExtensionAttributeDeltas" />    </UnitTest>    <UnitTest name="TestReadingExtensionAttributes" storage="f:\src\adiam_cloud_nightly_tester\bins\debug\amd64\syncfabric\tests\testextensionattributes\microsoft.activedirectory.connector.test.testextensionattributes.dll" id="cee746dd-3db5-d584-b879-fcee010ce4c1">      <Execution id="4be66b16-b199-4ac9-95c0-72e2621ea2ca" />      <TestMethod codeBase="f:\src\Adiam_Cloud_Nightly_Tester\bins\debug\amd64\SyncFabric\Tests\TestExtensionAttributes\Microsoft.ActiveDirectory.Connector.Test.TestExtensionAttributes.dll" adapterTypeName="Microsoft.VisualStudio.TestTools.TestTypes.Unit.UnitTestAdapter" className="Microsoft.ActiveDirectory.Connector.Test.ExtensionAttributesUnitTest" name="TestReadingExtensionAttributes" />    </UnitTest>    <UnitTest name="TestWritingExtensionAttributes" storage="f:\src\adiam_cloud_nightly_tester\bins\debug\amd64\syncfabric\tests\testextensionattributes\microsoft.activedirectory.connector.test.testextensionattributes.dll" id="802d12a9-edb4-e61c-eff0-ab27a56dc6ac">      <Execution id="ae298f52-6fd1-47de-9523-a5948b7790e1" />      <TestMethod codeBase="f:\src\Adiam_Cloud_Nightly_Tester\bins\debug\amd64\SyncFabric\Tests\TestExtensionAttributes\Microsoft.ActiveDirectory.Connector.Test.TestExtensionAttributes.dll" adapterTypeName="Microsoft.VisualStudio.TestTools.TestTypes.Unit.UnitTestAdapter" className="Microsoft.ActiveDirectory.Connector.Test.ExtensionAttributesUnitTest" name="TestWritingExtensionAttributes" />    </UnitTest>  </TestDefinitions>  <TestEntries>    <TestEntry testId="15cb34d8-a0e5-4392-2cc5-88a008dfc7e7" executionId="0c6320d6-5a36-4f7e-ad52-73aea908096f" testListId="8c84fa94-04c1-424b-9868-57a2d4851a1d" />    <TestEntry testId="d35e3170-b1ad-05a5-2590-a4f4ebea3c18" executionId="3c209d38-486b-43c3-8581-69cb3cdd1ed7" testListId="8c84fa94-04c1-424b-9868-57a2d4851a1d" />    <TestEntry testId="4759d957-76b0-dd02-0544-53db89b17c13" executionId="1c785e66-7c91-4bec-b28c-e93b81078423" testListId="8c84fa94-04c1-424b-9868-57a2d4851a1d" />    <TestEntry testId="513e1d13-bc54-06ff-ce58-63e069de757e" executionId="187eb6f3-1055-40d1-a120-10f8cabe0817" testListId="8c84fa94-04c1-424b-9868-57a2d4851a1d" />    <TestEntry testId="f2924994-b9f3-8f93-4999-d913b3b479db" executionId="86d1b3f6-dc7d-4e4f-940c-049a97a1cdc0" testListId="8c84fa94-04c1-424b-9868-57a2d4851a1d" />    <TestEntry testId="9bee1e3e-0b58-16d5-2690-5dc5243a9d09" executionId="ead612a7-01da-485e-b0e4-f59cf2cc6b99" testListId="8c84fa94-04c1-424b-9868-57a2d4851a1d" />    <TestEntry testId="551afdef-aee4-3d80-7a14-c0434deb5f78" executionId="148aa0fd-e661-448e-81a3-a8d07de4d176" testListId="8c84fa94-04c1-424b-9868-57a2d4851a1d" />    <TestEntry testId="4970fbbb-83fc-b503-3769-d340eb13a0b4" executionId="66b4aa5c-88e1-4893-a304-4f9a285e719c" testListId="8c84fa94-04c1-424b-9868-57a2d4851a1d" />    <TestEntry testId="09f12975-9a0d-fce8-c101-382eca057836" executionId="0ee03bfe-1d9d-49b1-acd1-6eb2f2fc481b" testListId="8c84fa94-04c1-424b-9868-57a2d4851a1d" />    <TestEntry testId="a12da05e-386c-d963-205f-d22afd97c64d" executionId="42e2f67c-f3f3-4dd5-9456-89b2fdba164e" testListId="8c84fa94-04c1-424b-9868-57a2d4851a1d" />    <TestEntry testId="ab1d1200-c9ce-cd2b-f079-fc16717eee2d" executionId="e2db3958-cb30-4052-9143-1f17580cf518" testListId="8c84fa94-04c1-424b-9868-57a2d4851a1d" />    <TestEntry testId="13181342-9e51-1fd2-e42d-fe5aaca2a84d" executionId="c6eeb941-dc51-44ee-ba1d-1b4590abe574" testListId="8c84fa94-04c1-424b-9868-57a2d4851a1d" />    <TestEntry testId="4e87804c-92d3-e11c-2aa7-7757ec1ad9b4" executionId="e60ca775-5387-4b16-bbed-d8a6ea47c08f" testListId="8c84fa94-04c1-424b-9868-57a2d4851a1d" />    <TestEntry testId="169ee8de-30b5-3246-1822-e0d2c0fbc2c1" executionId="91e12b2d-9533-443b-8b1d-cee1ba6f66f5" testListId="8c84fa94-04c1-424b-9868-57a2d4851a1d" />    <TestEntry testId="525c64de-27e3-4b6a-b1fc-4003890433f9" executionId="d98ea427-ec24-446e-9a7b-2302e1457191" testListId="8c84fa94-04c1-424b-9868-57a2d4851a1d" />    <TestEntry testId="81c66a64-3176-f482-1e71-085c4d24bfcd" executionId="a96166c0-d729-45a8-ab08-ad3390dae75b" testListId="8c84fa94-04c1-424b-9868-57a2d4851a1d" />    <TestEntry testId="ea91d8db-11d2-9582-9fdc-6a6ee6550842" executionId="17b20f1a-91e2-49bd-a0ba-b38a21834eeb" testListId="8c84fa94-04c1-424b-9868-57a2d4851a1d" />    <TestEntry testId="e219f0e1-9a95-7896-18d6-f90edf6632e1" executionId="854dca39-3b5e-4fd0-be8f-270c182b6479" testListId="8c84fa94-04c1-424b-9868-57a2d4851a1d" />    <TestEntry testId="c216cd42-c5e4-89d7-4a6c-d6a49c527ebc" executionId="832bc607-f3c9-4ec2-937e-d6e712438791" testListId="8c84fa94-04c1-424b-9868-57a2d4851a1d" />    <TestEntry testId="31c30cd7-4531-fb5a-d21e-42f4fef8a3f7" executionId="e66b26b6-908f-4982-8897-ec6302915c78" testListId="8c84fa94-04c1-424b-9868-57a2d4851a1d" />    <TestEntry testId="c907f7ac-fb4b-f160-15cc-eaa66b9b984e" executionId="042068a5-8852-4762-a2c8-caf20d6754c8" testListId="8c84fa94-04c1-424b-9868-57a2d4851a1d" />    <TestEntry testId="02923289-b603-df04-2e31-dd3780c3e91b" executionId="22caf04b-8a0d-4ba8-8036-9ba33c5fe21d" testListId="8c84fa94-04c1-424b-9868-57a2d4851a1d" />    <TestEntry testId="292dbb6e-fb23-aac3-e4f8-5b44ae6e6362" executionId="fc80568e-24d2-4bfb-9d7c-67c8021beb33" testListId="8c84fa94-04c1-424b-9868-57a2d4851a1d" />    <TestEntry testId="4dd4c439-4453-5158-d4fd-176a2bc1ff83" executionId="2ab0f9dc-2f15-4085-a289-99903cd213cc" testListId="8c84fa94-04c1-424b-9868-57a2d4851a1d" />    <TestEntry testId="27097705-5d32-a8b2-de56-c3f74c7a6f12" executionId="c8dafa66-9b3f-4bb8-ba87-38bb3a2117d1" testListId="8c84fa94-04c1-424b-9868-57a2d4851a1d" />    <TestEntry testId="695eddaf-1ea6-a810-71f8-7bf8f31ee3db" executionId="035ca9b0-a493-4c56-a26a-00440b29d6aa" testListId="8c84fa94-04c1-424b-9868-57a2d4851a1d" />    <TestEntry testId="93616a37-f469-4ec9-5252-7f1b57b3202e" executionId="e6953cb1-1b2c-4ae6-b604-8b77c567c47f" testListId="8c84fa94-04c1-424b-9868-57a2d4851a1d" />    <TestEntry testId="8f767e44-4994-e58c-2f79-7d414fa9f3f3" executionId="313a3799-405f-43d1-be0c-699fea4a7c05" testListId="8c84fa94-04c1-424b-9868-57a2d4851a1d" />    <TestEntry testId="95ed299e-020a-4d41-8b39-9b307b384307" executionId="cba941aa-ae94-4951-901b-4a0aa67b132a" testListId="8c84fa94-04c1-424b-9868-57a2d4851a1d" />    <TestEntry testId="1652264c-8ee9-4003-8734-6b5b3ecd2ded" executionId="b63d2056-a767-4322-9747-cbd62d5c1bcf" testListId="8c84fa94-04c1-424b-9868-57a2d4851a1d" />    <TestEntry testId="b1afc68b-e911-99cd-1477-ff2c98c96be2" executionId="fa6629fa-89be-409c-9f9f-e82085b7b85b" testListId="8c84fa94-04c1-424b-9868-57a2d4851a1d" />    <TestEntry testId="cab39cf9-5984-b317-863b-1b65e8c30eb9" executionId="b02990fd-5326-4597-995e-9302f7dd3178" testListId="8c84fa94-04c1-424b-9868-57a2d4851a1d" />    <TestEntry testId="18e3cf6c-9984-0c70-1787-e37621f81c99" executionId="9adad31a-163e-4815-849b-c7c3b075638a" testListId="8c84fa94-04c1-424b-9868-57a2d4851a1d" />    <TestEntry testId="de2995e4-e433-a29c-ba2f-f62f1d0f5dca" executionId="e5aa3768-fb58-4878-bc5b-d60b1f627440" testListId="8c84fa94-04c1-424b-9868-57a2d4851a1d" />    <TestEntry testId="a77f831c-92f8-b67c-4844-5d3be7056e01" executionId="24ac4a74-4c82-424f-a25d-1770c47f6bfa" testListId="8c84fa94-04c1-424b-9868-57a2d4851a1d" />    <TestEntry testId="9667aae0-3c98-e813-e369-893e11c50f02" executionId="c7992898-d67f-4ac1-af83-036e6c5eba85" testListId="8c84fa94-04c1-424b-9868-57a2d4851a1d" />    <TestEntry testId="f8eead5b-18e9-701e-20a6-80578dc7ea1b" executionId="64d27304-94b8-47c7-8a4b-6f9b3195c704" testListId="8c84fa94-04c1-424b-9868-57a2d4851a1d" />    <TestEntry testId="aced851a-c8de-50fb-74d3-a9c231d575db" executionId="a91add3e-808e-429d-9982-adcbc080b29e" testListId="8c84fa94-04c1-424b-9868-57a2d4851a1d" />    <TestEntry testId="8eb73f68-35cc-16e8-a459-c8824d163c29" executionId="04f5e93f-06a1-43a6-8280-1fa179ed5bda" testListId="8c84fa94-04c1-424b-9868-57a2d4851a1d" />    <TestEntry testId="7caafb94-3b81-c9c0-ebcf-430f354013ee" executionId="19617558-2914-49d4-bdaf-d46df650446c" testListId="8c84fa94-04c1-424b-9868-57a2d4851a1d" />    <TestEntry testId="d16f8a8d-228b-cf4b-09b8-cbc732ae3091" executionId="e425d944-dc58-433c-97a7-4de2c5bb3a64" testListId="8c84fa94-04c1-424b-9868-57a2d4851a1d" />    <TestEntry testId="a28f9d51-ad52-6dbd-aefb-6e9cf4aa315b" executionId="7527940f-4db1-4c8c-b3e5-fc0fd8afdc3d" testListId="8c84fa94-04c1-424b-9868-57a2d4851a1d" />    <TestEntry testId="5503110d-12a1-058a-c6af-253f7c815c7e" executionId="75fd41dc-996c-4b46-80aa-6ec3dee0bd56" testListId="8c84fa94-04c1-424b-9868-57a2d4851a1d" />    <TestEntry testId="1605dfa0-8640-12ea-c982-2875fad35cfb" executionId="7aea7b7a-bb5a-4332-8484-e02847d7f59d" testListId="8c84fa94-04c1-424b-9868-57a2d4851a1d" />    <TestEntry testId="81a5e050-8363-6273-dc8c-c1ed9eb96adf" executionId="45d877f3-5fc5-4d10-b817-d1dee989df32" testListId="8c84fa94-04c1-424b-9868-57a2d4851a1d" />    <TestEntry testId="0c5cf71a-16e1-849b-473a-b22c997c4529" executionId="d8a33d5d-0853-4563-92aa-111beb31403d" testListId="8c84fa94-04c1-424b-9868-57a2d4851a1d" />    <TestEntry testId="74062545-51a6-8363-ce39-23d047f55b76" executionId="cd452e4e-777c-4d57-ba0f-3875ae596625" testListId="8c84fa94-04c1-424b-9868-57a2d4851a1d" />    <TestEntry testId="5c271379-e927-0652-646f-186eed4d3186" executionId="0855456f-c9f1-4ee2-ba06-7432b28f9095" testListId="8c84fa94-04c1-424b-9868-57a2d4851a1d" />    <TestEntry testId="36f71f40-452a-dfc2-0fdf-20ec4da4207c" executionId="77c1523e-ecdd-4c69-a123-c5e451c7930e" testListId="8c84fa94-04c1-424b-9868-57a2d4851a1d" />    <TestEntry testId="2cfc7ce1-ca4b-c48e-dce5-222b9dcb43f6" executionId="e46d7bda-b1e8-438b-a28a-93f117ba58ce" testListId="8c84fa94-04c1-424b-9868-57a2d4851a1d" />    <TestEntry testId="05e68277-ee1c-c451-1dce-47c30fcca06e" executionId="421f7bc3-2948-4cb9-9f5e-1fa7e2bd134f" testListId="8c84fa94-04c1-424b-9868-57a2d4851a1d" />    <TestEntry testId="7bf253a5-4dc6-2ca4-5780-4151dc256608" executionId="556a9729-a7df-4ed7-90a5-15c7a2d63b01" testListId="8c84fa94-04c1-424b-9868-57a2d4851a1d" />    <TestEntry testId="f83dd1e5-c982-3e03-7bb7-a885fbdc71dc" executionId="38158846-f0e1-4caa-a66d-7c991bf859d3" testListId="8c84fa94-04c1-424b-9868-57a2d4851a1d" />    <TestEntry testId="2bde9850-fde2-4637-0e0a-947e09897723" executionId="bcc557c3-4dad-4efa-9dff-3f71a99fb2ed" testListId="8c84fa94-04c1-424b-9868-57a2d4851a1d" />    <TestEntry testId="31a973ea-dffe-fa0f-f696-e70f8fe5ba6e" executionId="6610fc4a-0793-4761-9a7c-f640a163f125" testListId="8c84fa94-04c1-424b-9868-57a2d4851a1d" />    <TestEntry testId="f9f5e9cf-77a3-044e-f334-7f46f1a2b1b7" executionId="2c01d5e8-fafa-4093-be88-241deee10e72" testListId="8c84fa94-04c1-424b-9868-57a2d4851a1d" />    <TestEntry testId="28d5d07c-01de-0904-82c1-ac180a5203c2" executionId="40832ab4-51f8-4bfe-afcb-704b7ce6f30a" testListId="8c84fa94-04c1-424b-9868-57a2d4851a1d" />    <TestEntry testId="8f2791d3-9770-6d20-251f-4fac2d4c521e" executionId="689a552a-e07f-4b8c-a461-60610bd80617" testListId="8c84fa94-04c1-424b-9868-57a2d4851a1d" />    <TestEntry testId="5599880a-251c-6214-45e4-911a1bb9646c" executionId="3bd53fde-363e-41dc-ace0-105b929b366b" testListId="8c84fa94-04c1-424b-9868-57a2d4851a1d" />    <TestEntry testId="853abd7b-ee31-d683-d6d2-37099e454b94" executionId="e5793072-f86f-4362-8d6f-0a1c01b90a4a" testListId="8c84fa94-04c1-424b-9868-57a2d4851a1d" />    <TestEntry testId="fc18ea1e-6b3e-4f7c-b0d3-d9e6efabdeac" executionId="0fa45708-f6d5-438c-91e2-6739386a3c11" testListId="8c84fa94-04c1-424b-9868-57a2d4851a1d" />    <TestEntry testId="a9c12a84-ba82-52df-8378-c9af1dfb8403" executionId="982c0b8b-e8c6-4445-ac47-18e7c2becc72" testListId="8c84fa94-04c1-424b-9868-57a2d4851a1d" />    <TestEntry testId="17e1148f-9cb9-30f1-449a-ba3931933ae7" executionId="9b78b86d-251e-43f9-af17-ef163a3a528d" testListId="8c84fa94-04c1-424b-9868-57a2d4851a1d" />    <TestEntry testId="7941fc65-96b0-9d89-61ac-0cfdfa8afe41" executionId="496b672e-331d-44f1-8049-6cb5602aee8a" testListId="8c84fa94-04c1-424b-9868-57a2d4851a1d" />    <TestEntry testId="46e210ff-108a-db8a-d82a-217f1bea6d01" executionId="27d377d7-dfcc-4b23-95c3-0a5bb515c324" testListId="8c84fa94-04c1-424b-9868-57a2d4851a1d" />    <TestEntry testId="523b454a-6300-effd-fea9-5c4fc00a2f50" executionId="93f3c9f3-49c3-4eb5-994b-564617976c13" testListId="8c84fa94-04c1-424b-9868-57a2d4851a1d" />    <TestEntry testId="bb158ed2-d162-4013-4727-09aaf50c6872" executionId="f5303b7c-4e87-41b1-bb37-98b018f2579d" testListId="8c84fa94-04c1-424b-9868-57a2d4851a1d" />    <TestEntry testId="1aa68fa2-c2a1-63dc-75bb-32ae90005e07" executionId="0f1f36fa-2bb2-4595-954e-2b1a774afe7b" testListId="8c84fa94-04c1-424b-9868-57a2d4851a1d" />    <TestEntry testId="a8b1c482-9544-1ec7-b283-a3c167a9f977" executionId="1bda5247-e8dd-461b-a51c-84ac6f5e5e67" testListId="8c84fa94-04c1-424b-9868-57a2d4851a1d" />    <TestEntry testId="5e6ab9be-2026-1b39-d160-f37bce9b58ba" executionId="4cda4778-833f-436e-a020-e18dfbdffff1" testListId="8c84fa94-04c1-424b-9868-57a2d4851a1d" />    <TestEntry testId="de825c03-6f03-5d15-170c-3df85d0a6a26" executionId="cdcfe1cf-1cfd-4d57-8049-8086c61283d5" testListId="8c84fa94-04c1-424b-9868-57a2d4851a1d" />    <TestEntry testId="1ba69f03-4c54-adb7-d4d5-95c7280e48fb" executionId="120f5573-5533-4a9c-8f9e-b61c07b1ce77" testListId="8c84fa94-04c1-424b-9868-57a2d4851a1d" />    <TestEntry testId="dce90559-5c26-13ca-7e93-da2caaab92ee" executionId="f348e7c0-1681-40d9-af80-9b7ba7bfa66e" testListId="8c84fa94-04c1-424b-9868-57a2d4851a1d" />    <TestEntry testId="ada4a13e-50a6-96b8-c7f0-ae6a94d7fe4e" executionId="19b60c0c-54d1-4f24-9528-8b14259a6cf3" testListId="8c84fa94-04c1-424b-9868-57a2d4851a1d" />    <TestEntry testId="05eebf05-11c8-1deb-04c7-76a3bcc362f3" executionId="88738828-d4e2-48d0-894b-9393a66dcb55" testListId="8c84fa94-04c1-424b-9868-57a2d4851a1d" />    <TestEntry testId="94f0b2a7-1d61-9f85-d48b-8e6b8c878b28" executionId="c8ea1927-2b80-4b21-afd1-8f59c38c065e" testListId="8c84fa94-04c1-424b-9868-57a2d4851a1d" />    <TestEntry testId="e9bb32c6-9418-3162-3f7c-b054d003e0ec" executionId="a3623583-7ee2-435f-a3c9-c61c1e2ab5e7" testListId="8c84fa94-04c1-424b-9868-57a2d4851a1d" />    <TestEntry testId="b6f84d84-1b99-8981-a141-9a6a943e0e61" executionId="e9ace4e2-53cb-4997-b0de-42ca77104b4e" testListId="8c84fa94-04c1-424b-9868-57a2d4851a1d" />    <TestEntry testId="76474685-2af2-33ba-2c90-02e19c5d0a1f" executionId="f540ea12-6019-4867-b814-5febfcce1661" testListId="8c84fa94-04c1-424b-9868-57a2d4851a1d" />    <TestEntry testId="78dcb742-f031-1d5b-b982-87aa6e1e6446" executionId="405080ec-36b6-4172-bda7-68ea584d8945" testListId="8c84fa94-04c1-424b-9868-57a2d4851a1d" />    <TestEntry testId="ffecb73a-db60-90a7-f0c2-d60f5b178046" executionId="98eeb9d7-7525-4f08-9a05-951a31953d07" testListId="8c84fa94-04c1-424b-9868-57a2d4851a1d" />    <TestEntry testId="3e8b8c1d-ced9-6c82-77fa-ed9b1560e71c" executionId="0a7f4c44-d9a9-4f6f-a3b5-931b5a8c8777" testListId="8c84fa94-04c1-424b-9868-57a2d4851a1d" />    <TestEntry testId="06f11a04-819d-d6c3-8bf7-32401b1b9605" executionId="ce2d36e0-7f2d-46d8-9e31-adb0430ba367" testListId="8c84fa94-04c1-424b-9868-57a2d4851a1d" />    <TestEntry testId="a45c2967-286b-7c37-f401-359209262feb" executionId="a0b72ae2-12c6-4316-b61f-79294831c085" testListId="8c84fa94-04c1-424b-9868-57a2d4851a1d" />    <TestEntry testId="5cd67ce4-99c6-7674-3400-719523694478" executionId="3765cec7-e92d-4aeb-9511-21217a192a1e" testListId="8c84fa94-04c1-424b-9868-57a2d4851a1d" />    <TestEntry testId="787dcca7-5c2b-2e8e-1388-23167085f2b0" executionId="33047fe4-c43d-4f39-ba25-0d38ba096746" testListId="8c84fa94-04c1-424b-9868-57a2d4851a1d" />    <TestEntry testId="d69e4c11-b254-1ecd-28cb-95e371dce10a" executionId="abf5311e-709f-46e5-ab20-ad28b5df9f22" testListId="8c84fa94-04c1-424b-9868-57a2d4851a1d" />    <TestEntry testId="959c0057-799d-03df-ec56-e2335203dfa3" executionId="05ea3f3d-6aed-453c-be96-6588a1c947df" testListId="8c84fa94-04c1-424b-9868-57a2d4851a1d" />    <TestEntry testId="75cc9708-40f0-0027-3fe2-020475f2ffd1" executionId="598c14cd-34c3-471c-94e8-0047103a820c" testListId="8c84fa94-04c1-424b-9868-57a2d4851a1d" />    <TestEntry testId="a4ea69ff-9527-d13d-d388-b37035301378" executionId="1730976d-c911-419c-a53f-65c60eaf5a0e" testListId="8c84fa94-04c1-424b-9868-57a2d4851a1d" />    <TestEntry testId="56fb6329-543b-5aed-4800-814beb2dd128" executionId="7dc5fb37-34d8-4b94-9ba8-4253db4651fd" testListId="8c84fa94-04c1-424b-9868-57a2d4851a1d" />    <TestEntry testId="8419adf9-bc34-8240-c945-4587eeaf6525" executionId="27085a83-64f0-4031-afe2-8441e438a241" testListId="8c84fa94-04c1-424b-9868-57a2d4851a1d" />    <TestEntry testId="f25986ac-0cda-aa59-3b5d-791997d447b3" executionId="1c6aeca7-4bcf-4d1a-a6f6-4ce030a99def" testListId="8c84fa94-04c1-424b-9868-57a2d4851a1d" />    <TestEntry testId="dc279dc7-7352-6c97-b480-4e7a5f8da47c" executionId="aedcb655-d5ce-47a7-b3cd-56136788f833" testListId="8c84fa94-04c1-424b-9868-57a2d4851a1d" />    <TestEntry testId="772c1756-d080-2db9-6dd9-316a7e57de68" executionId="e69af30b-0b89-4448-a6a1-c8066683052b" testListId="8c84fa94-04c1-424b-9868-57a2d4851a1d" />    <TestEntry testId="f07bf4fc-9608-5eef-1829-77aa6cf157aa" executionId="5a5dade6-b127-45e5-b22f-2fcd8e72726a" testListId="8c84fa94-04c1-424b-9868-57a2d4851a1d" />    <TestEntry testId="539ccdc7-34e0-6e6a-622c-0fba7623f8e9" executionId="0806fd20-9610-458c-8514-1b02174d03eb" testListId="8c84fa94-04c1-424b-9868-57a2d4851a1d" />    <TestEntry testId="7f039267-543a-fa27-c064-dcfb93ec4a81" executionId="d7936c79-2649-4e19-b527-7b540a88d3f1" testListId="8c84fa94-04c1-424b-9868-57a2d4851a1d" />    <TestEntry testId="f3a22ae9-62f6-6b29-34d3-3e501f2bf4b0" executionId="5c978370-4bdd-452f-82fb-3305702d7304" testListId="8c84fa94-04c1-424b-9868-57a2d4851a1d" />    <TestEntry testId="6cae51db-cb1d-4bef-6d96-8aec681fb27b" executionId="4879d86b-103d-445c-863e-09691c713348" testListId="8c84fa94-04c1-424b-9868-57a2d4851a1d" />    <TestEntry testId="c84cd775-8597-263e-8d25-5495a1a4be47" executionId="c821d1ed-de52-41e9-8d56-3cb521745586" testListId="8c84fa94-04c1-424b-9868-57a2d4851a1d" />    <TestEntry testId="1235b514-c144-0c70-8ed1-8e44f69a90ff" executionId="c510d1ed-ec56-4278-b353-40f94233f4fe" testListId="8c84fa94-04c1-424b-9868-57a2d4851a1d" />    <TestEntry testId="72ca6348-e3e1-ffab-55f7-81b5a55416b5" executionId="9bf5db7f-46d0-4616-9f16-6dd7d0faeb87" testListId="8c84fa94-04c1-424b-9868-57a2d4851a1d" />    <TestEntry testId="dfc190d4-e3cc-e599-4219-0478ddd2c871" executionId="f6f934d5-41e1-42bb-8407-5a4dc390c4fb" testListId="8c84fa94-04c1-424b-9868-57a2d4851a1d" />    <TestEntry testId="b6ca8dcf-6172-e862-6a18-cdb23bb6c687" executionId="8295a542-731c-4d34-8e59-b18e29804317" testListId="8c84fa94-04c1-424b-9868-57a2d4851a1d" />    <TestEntry testId="b3020c94-f365-f694-6bcf-1496fd071604" executionId="97b9801a-0d79-4cc5-bde0-aed84f9e3ac8" testListId="8c84fa94-04c1-424b-9868-57a2d4851a1d" />    <TestEntry testId="c89abfa0-b55a-24c6-c97d-0e4769696f83" executionId="ec55e96d-f808-4313-bd6d-1da580b134cc" testListId="8c84fa94-04c1-424b-9868-57a2d4851a1d" />    <TestEntry testId="ec6200fc-c3cb-8017-c7df-ba5489248b4c" executionId="d0e3e0da-fa34-44db-8dca-fe8151632dc9" testListId="8c84fa94-04c1-424b-9868-57a2d4851a1d" />    <TestEntry testId="a748cff0-f727-2f92-e63c-97ade7e3f150" executionId="0cfa515c-7ef5-4407-972e-019143770a09" testListId="8c84fa94-04c1-424b-9868-57a2d4851a1d" />    <TestEntry testId="078c4570-fe14-6243-4d53-73f71257145f" executionId="85c2f444-1b08-4f88-bfcf-43e052cdbf42" testListId="8c84fa94-04c1-424b-9868-57a2d4851a1d" />    <TestEntry testId="ea41c9ae-eee2-2dcc-3fab-596c10c52245" executionId="046145dd-9a28-46bc-bcc7-edc62f9c1e82" testListId="8c84fa94-04c1-424b-9868-57a2d4851a1d" />    <TestEntry testId="ec1b7b2e-36db-791a-fcaf-3e98657c626e" executionId="1a9a07f7-6ec3-4524-b552-9b321656c93a" testListId="8c84fa94-04c1-424b-9868-57a2d4851a1d" />    <TestEntry testId="24f7fbbd-432b-e9dc-4e35-a8ebc1b7e000" executionId="dbff8d86-6b57-477e-a365-88cd13afad9e" testListId="8c84fa94-04c1-424b-9868-57a2d4851a1d" />    <TestEntry testId="a72cec22-9282-aeca-6266-d9441431ad13" executionId="542ce915-8147-4a2f-8c7e-4110a3fdd642" testListId="8c84fa94-04c1-424b-9868-57a2d4851a1d" />    <TestEntry testId="d5ed6388-cea9-6f5d-d505-4a4623406645" executionId="eae21277-6104-4d92-bb4d-7621a6c7c2f3" testListId="8c84fa94-04c1-424b-9868-57a2d4851a1d" />    <TestEntry testId="3adf6ecf-0445-b2fe-b3dc-6c8ce5e12e28" executionId="8bb6664c-b20a-46c7-ac88-e843969dca3b" testListId="8c84fa94-04c1-424b-9868-57a2d4851a1d" />    <TestEntry testId="c799fae2-9ce5-5086-20a0-1d50daa2e434" executionId="269fffd4-7d30-40a1-ab7e-7859838ddc06" testListId="8c84fa94-04c1-424b-9868-57a2d4851a1d" />    <TestEntry testId="1f593a90-111c-3721-321a-0c6f9489efee" executionId="e6e4b0e5-743e-4151-b5b2-d1b485b977f7" testListId="8c84fa94-04c1-424b-9868-57a2d4851a1d" />    <TestEntry testId="56e4822c-67dc-e287-68b1-635ea983221d" executionId="f390bb0c-4237-4d3d-ac7b-5517966d08ef" testListId="8c84fa94-04c1-424b-9868-57a2d4851a1d" />    <TestEntry testId="bd4c1bcc-2110-8a63-3270-3eb25d652b5f" executionId="f284a4ec-a131-49d7-bccc-6ce77a7d1a5b" testListId="8c84fa94-04c1-424b-9868-57a2d4851a1d" />    <TestEntry testId="b663b28e-2efe-9bdc-3671-e97ae3be48a5" executionId="734155b7-5e7f-4ddd-828e-157414139ad1" testListId="8c84fa94-04c1-424b-9868-57a2d4851a1d" />    <TestEntry testId="e730d1dc-1d3d-43fd-33ff-4a1176abe636" executionId="902a96e3-bbe4-4ef8-88b0-bb42bc9bdb62" testListId="8c84fa94-04c1-424b-9868-57a2d4851a1d" />    <TestEntry testId="8bba806a-ef9f-63b1-8a84-bb8b3dd16858" executionId="b2516d1d-289a-43a7-9822-323cb7e54bb0" testListId="8c84fa94-04c1-424b-9868-57a2d4851a1d" />    <TestEntry testId="bfcb452d-d63a-d378-eb12-d5d2fbc6ea05" executionId="b375864b-3172-47ad-a86a-e4facd461d1a" testListId="8c84fa94-04c1-424b-9868-57a2d4851a1d" />    <TestEntry testId="cd9413f3-cd78-f1b8-b53d-707a8795850e" executionId="18f119c7-04ab-4826-87be-3ad517591464" testListId="8c84fa94-04c1-424b-9868-57a2d4851a1d" />    <TestEntry testId="259d1ce1-fdb8-909a-90d9-6e804528f429" executionId="a50f3f18-cf3a-419e-b6fc-3619fc45cc43" testListId="8c84fa94-04c1-424b-9868-57a2d4851a1d" />    <TestEntry testId="a7b273e0-2999-2341-10e8-f8aa44944872" executionId="81670c9a-d04b-409f-986e-161d63dda7a3" testListId="8c84fa94-04c1-424b-9868-57a2d4851a1d" />    <TestEntry testId="9863179c-272a-b23d-7dee-1e1cfee1927f" executionId="3dae9af0-90c3-496c-8129-9f1279383041" testListId="8c84fa94-04c1-424b-9868-57a2d4851a1d" />    <TestEntry testId="5cbc4369-c490-f77c-7bd7-7aa365b037f0" executionId="abfd0441-74c1-4346-8bd2-23ee8a305d03" testListId="8c84fa94-04c1-424b-9868-57a2d4851a1d" />    <TestEntry testId="17fadc5f-bc6f-27ee-d038-d3341be9a0c2" executionId="8a033764-083d-4fb9-9c61-cf7bd78f9587" testListId="8c84fa94-04c1-424b-9868-57a2d4851a1d" />    <TestEntry testId="ee8f64dc-2147-ad36-bbf3-b9abd414090a" executionId="7f144f7d-e8d4-4617-9e34-9a49eb20584f" testListId="8c84fa94-04c1-424b-9868-57a2d4851a1d" />    <TestEntry testId="d622cb79-30b3-81d8-86a1-43538721ce2d" executionId="8718646b-5bed-43a0-bbc6-8bedeefcd157" testListId="8c84fa94-04c1-424b-9868-57a2d4851a1d" />    <TestEntry testId="82726b63-af00-05a0-ea65-8a4a07f9d9dd" executionId="cef1ec68-0c81-409c-a26c-b7d801d38f6f" testListId="8c84fa94-04c1-424b-9868-57a2d4851a1d" />    <TestEntry testId="b9deaf76-e752-369a-84d5-87982beda926" executionId="36ecfedd-2da6-4d52-89dc-8cf996f5e8c8" testListId="8c84fa94-04c1-424b-9868-57a2d4851a1d" />    <TestEntry testId="9aeec150-0375-d597-e089-fd38a184c221" executionId="ed268bfb-ed04-4fc3-a4db-74cbf9870d79" testListId="8c84fa94-04c1-424b-9868-57a2d4851a1d" />    <TestEntry testId="9c44ca8d-1807-7017-8e45-bff4f8c2989b" executionId="4b7dec19-fcdd-4d74-b71e-2700f80161ef" testListId="8c84fa94-04c1-424b-9868-57a2d4851a1d" />    <TestEntry testId="af38a6ff-7475-dbd1-751f-211e79a189b0" executionId="80e2fe20-51b1-4564-be9c-bf507234abb1" testListId="8c84fa94-04c1-424b-9868-57a2d4851a1d" />    <TestEntry testId="ea40065e-cc4e-a1d4-954b-5fbf4a249a8e" executionId="39d4791b-cbf2-4a24-bea8-c71e27a6163c" testListId="8c84fa94-04c1-424b-9868-57a2d4851a1d" />    <TestEntry testId="5dbf5956-c002-fd4c-16ad-369bfa4a7c61" executionId="ad7cb931-8243-4c65-90a3-49d3f3abcc2a" testListId="8c84fa94-04c1-424b-9868-57a2d4851a1d" />    <TestEntry testId="3c6fc8dd-a0f7-770c-7be5-2621883e9ed5" executionId="7b1213f9-84b2-4885-8c24-f0e056a4835d" testListId="8c84fa94-04c1-424b-9868-57a2d4851a1d" />    <TestEntry testId="31c48218-bd5d-82fb-9c79-f0e23544a95a" executionId="7f812b42-f2fc-4e35-97d1-751ea9f7d568" testListId="8c84fa94-04c1-424b-9868-57a2d4851a1d" />    <TestEntry testId="71805b26-5f9e-ea04-2848-ecbf2d8b57fe" executionId="7444c937-7e69-4be3-8be9-9ee64538e9e8" testListId="8c84fa94-04c1-424b-9868-57a2d4851a1d" />    <TestEntry testId="8b498694-8dba-50d1-a332-7ee3f54d8309" executionId="299d2547-596b-4dc2-8d45-c4352f953140" testListId="8c84fa94-04c1-424b-9868-57a2d4851a1d" />    <TestEntry testId="13035342-b9f5-b508-3606-fa47ddfe9979" executionId="4991e0df-ba3c-49a4-afbf-d44d6a1e6b12" testListId="8c84fa94-04c1-424b-9868-57a2d4851a1d" />    <TestEntry testId="590befe5-e81a-9a33-24b9-50c1c6016a4d" executionId="bd392f93-24f2-4d82-b7e3-9c27d1eb292d" testListId="8c84fa94-04c1-424b-9868-57a2d4851a1d" />    <TestEntry testId="1748545f-33f5-413e-74be-23b4056eed04" executionId="cf9d80ef-95ac-4bb6-834e-3314d1bb4d2a" testListId="8c84fa94-04c1-424b-9868-57a2d4851a1d" />    <TestEntry testId="1cb02df9-7a01-a979-af44-798276e5f12e" executionId="752446bb-0d5f-4668-b94c-48a445b2ebde" testListId="8c84fa94-04c1-424b-9868-57a2d4851a1d" />    <TestEntry testId="563dfa21-e0d7-853a-b9ef-929881f22d62" executionId="e4e0d19b-be7c-4c54-ac31-c4b24837d4b3" testListId="8c84fa94-04c1-424b-9868-57a2d4851a1d" />    <TestEntry testId="aa1bf518-52c9-3b75-b6a2-a405529e2793" executionId="211dd54f-305f-42e5-93f5-8f33ce47dda1" testListId="8c84fa94-04c1-424b-9868-57a2d4851a1d" />    <TestEntry testId="3d6e7b84-5848-1b2f-28b1-e0ddb274bea1" executionId="6ea23b39-78ab-4401-bfc2-d9e8276d99ea" testListId="8c84fa94-04c1-424b-9868-57a2d4851a1d" />    <TestEntry testId="f88c9099-6883-ec06-512c-5f60d243978a" executionId="180d72e2-3c02-4982-a0a3-e7739ee466a2" testListId="8c84fa94-04c1-424b-9868-57a2d4851a1d" />    <TestEntry testId="950ee49f-3394-dbcf-88bf-015f69dfadf1" executionId="75013fac-f74a-43bf-b400-dd3c77f923ad" testListId="8c84fa94-04c1-424b-9868-57a2d4851a1d" />    <TestEntry testId="e7e11dc3-d90b-7544-4ef2-7d676941b8a1" executionId="320e8c0d-a1ff-4ecf-9b9c-a0a83e93a4d1" testListId="8c84fa94-04c1-424b-9868-57a2d4851a1d" />    <TestEntry testId="88d97e03-9100-6494-6bbc-9a5afc137dad" executionId="27b4f73c-a2c6-4474-8830-b0fbe45c978b" testListId="8c84fa94-04c1-424b-9868-57a2d4851a1d" />    <TestEntry testId="061e9f88-1cd9-ca64-6f20-8e280d9ce507" executionId="6c175d6f-18f4-4b9b-8fc8-a9cadbd8a4f7" testListId="8c84fa94-04c1-424b-9868-57a2d4851a1d" />    <TestEntry testId="fba19ea5-9911-c550-e246-1cc83564bbd2" executionId="0c092c85-f509-4479-8413-c7fbbb32e8de" testListId="8c84fa94-04c1-424b-9868-57a2d4851a1d" />    <TestEntry testId="058b4a23-eb7c-5d6e-dd14-3d7bff1496ec" executionId="2f207e78-6b21-4180-be23-ac9bbee10605" testListId="8c84fa94-04c1-424b-9868-57a2d4851a1d" />    <TestEntry testId="4c555c5a-19ca-67d4-e9ae-113ac04838f2" executionId="52f41612-51b1-482a-a529-7b7742a14e27" testListId="8c84fa94-04c1-424b-9868-57a2d4851a1d" />    <TestEntry testId="095ab7cc-844b-f1a8-51b3-7e45d0588e81" executionId="0e7d2b1f-cb1d-4b35-8bba-41219e542c82" testListId="8c84fa94-04c1-424b-9868-57a2d4851a1d" />    <TestEntry testId="947540de-dbe4-43ad-0ffb-2e52459b5762" executionId="6a6f9e93-7c8e-43b7-985e-2b6d57872f2e" testListId="8c84fa94-04c1-424b-9868-57a2d4851a1d" />    <TestEntry testId="23935d59-c9d2-2734-582e-d2c5385ac29e" executionId="bc5541b7-4aa8-43f7-8e35-8c80cb0ab53f" testListId="8c84fa94-04c1-424b-9868-57a2d4851a1d" />    <TestEntry testId="7e59c172-c88f-95d8-1506-bf769ec14e2f" executionId="6de42204-cb9d-4dbe-8e74-e6f99b4e0c65" testListId="8c84fa94-04c1-424b-9868-57a2d4851a1d" />    <TestEntry testId="18937c0a-d430-3ed7-5de0-9efef451b17f" executionId="f4637dea-cd52-4d70-adbe-a93a090c0dc1" testListId="8c84fa94-04c1-424b-9868-57a2d4851a1d" />    <TestEntry testId="84683915-914e-76d2-ff0c-f63d0945f016" executionId="fee14607-43a6-4726-8a27-5a34264495f0" testListId="8c84fa94-04c1-424b-9868-57a2d4851a1d" />    <TestEntry testId="8576ec24-f4a9-8a72-a8dd-0b5d2d599876" executionId="612d64c3-20ce-4177-a1c6-fc218505d580" testListId="8c84fa94-04c1-424b-9868-57a2d4851a1d" />    <TestEntry testId="152450e7-856e-bb2b-4d6f-e40c7f9dbd2e" executionId="415b88b7-552b-4319-bf84-b5afbc83fea1" testListId="8c84fa94-04c1-424b-9868-57a2d4851a1d" />    <TestEntry testId="75e1b7c2-c3d2-5af1-49c9-bc11b2cb5db1" executionId="4b2baf37-9576-4a12-8dfe-eafdd7631dcd" testListId="8c84fa94-04c1-424b-9868-57a2d4851a1d" />    <TestEntry testId="2f810a59-157a-f704-15fd-a9dd60cf128c" executionId="2eb981a3-9e83-49b8-b95d-3807e3d3e385" testListId="8c84fa94-04c1-424b-9868-57a2d4851a1d" />    <TestEntry testId="65269f3e-1491-3b2f-bd10-253000701cf6" executionId="5fee7c46-31a2-437e-882c-33aba0f0da09" testListId="8c84fa94-04c1-424b-9868-57a2d4851a1d" />    <TestEntry testId="4654d6da-37d7-1d53-bc61-35b74b53b63e" executionId="2ad21e88-969a-4073-a391-e9718c323eff" testListId="8c84fa94-04c1-424b-9868-57a2d4851a1d" />    <TestEntry testId="2c9ca260-1974-fd99-a3d8-7b2db4c5155e" executionId="007f6985-68ff-4095-8447-80714f2331a5" testListId="8c84fa94-04c1-424b-9868-57a2d4851a1d" />    <TestEntry testId="890975dc-e36b-8502-958d-b3fe8d105766" executionId="b0a98392-560f-4db6-922e-8d17a06b6719" testListId="8c84fa94-04c1-424b-9868-57a2d4851a1d" />    <TestEntry testId="ce5bd05d-a8c3-1b66-15c0-5b93557a4c49" executionId="090d643e-2929-4782-9748-4999946da6e9" testListId="8c84fa94-04c1-424b-9868-57a2d4851a1d" />    <TestEntry testId="2afd2ba9-14ba-3668-2fcb-28ad6ed00319" executionId="b88b43aa-dc68-4d6d-a904-7d62489f3ead" testListId="8c84fa94-04c1-424b-9868-57a2d4851a1d" />    <TestEntry testId="8fb9cdd4-4f56-c18b-ad3d-10e70bdaef42" executionId="ab8db66e-de57-4ebd-805c-188aef5141de" testListId="8c84fa94-04c1-424b-9868-57a2d4851a1d" />    <TestEntry testId="ea94627c-f4b2-2f4c-d9d5-1994d9b12500" executionId="405b2759-afeb-42ae-9772-3893db4568e9" testListId="8c84fa94-04c1-424b-9868-57a2d4851a1d" />    <TestEntry testId="05f352d4-54bd-c75f-3dc5-be368a48575f" executionId="00bb3d96-2a0f-4116-849f-2f8d64f7cdce" testListId="8c84fa94-04c1-424b-9868-57a2d4851a1d" />    <TestEntry testId="c6e7a9d1-346e-8f82-6b70-c791122e8bda" executionId="cfd140b1-50a6-44cc-b70b-74395e82572f" testListId="8c84fa94-04c1-424b-9868-57a2d4851a1d" />    <TestEntry testId="37b734e0-fef5-050d-bbbe-df6e268c0dcc" executionId="c4c784d1-ba7d-4e70-8fbc-fbbb80232e2b" testListId="8c84fa94-04c1-424b-9868-57a2d4851a1d" />    <TestEntry testId="2474952d-c670-3e8c-72e9-c0b3be0677b1" executionId="cf5990c0-1eeb-4cdd-8fb2-8de7863e425c" testListId="8c84fa94-04c1-424b-9868-57a2d4851a1d" />    <TestEntry testId="ff50d17a-b66a-6f4c-9dd4-9f583155128a" executionId="68a4c337-471d-43e7-93a4-b274f8d4fb67" testListId="8c84fa94-04c1-424b-9868-57a2d4851a1d" />    <TestEntry testId="002e6f13-965d-d5ef-bc1c-0f880453d010" executionId="c1ff1e3d-7446-4805-a907-7fc9bc66cc64" testListId="8c84fa94-04c1-424b-9868-57a2d4851a1d" />    <TestEntry testId="3efdb477-5d53-9fd3-f42e-1bf54675bfaa" executionId="14be331a-cb39-4e3a-83b3-690b67fd1153" testListId="8c84fa94-04c1-424b-9868-57a2d4851a1d" />    <TestEntry testId="cfc2c358-16e3-9d73-fae1-8379e04fd4e3" executionId="d50e3498-bad6-4e33-835d-25cc3e89e443" testListId="8c84fa94-04c1-424b-9868-57a2d4851a1d" />    <TestEntry testId="126f8bca-a9f9-80ac-0ed9-3394be2bb930" executionId="0d2cac7e-126a-4a6d-8f0c-00c31f0ac47c" testListId="8c84fa94-04c1-424b-9868-57a2d4851a1d" />    <TestEntry testId="9e4ee257-d36b-633c-8276-a01eccf4756c" executionId="fdaa3daa-658e-419b-bfa5-cea4a2f34d86" testListId="8c84fa94-04c1-424b-9868-57a2d4851a1d" />    <TestEntry testId="fd3133ec-7f92-6cdf-c2a3-ed7ff2bb616a" executionId="8f2d687f-7d0b-46a5-9075-15bb1e24e1f6" testListId="8c84fa94-04c1-424b-9868-57a2d4851a1d" />    <TestEntry testId="406c5b1d-26a1-5fa1-c181-5a849b1c97c1" executionId="95e6ed00-e525-4145-b33e-212e39e15c58" testListId="8c84fa94-04c1-424b-9868-57a2d4851a1d" />    <TestEntry testId="b744f138-0453-946a-992b-c472627fc573" executionId="4e4fade9-c919-4168-94d0-fe460b5ba3ca" testListId="8c84fa94-04c1-424b-9868-57a2d4851a1d" />    <TestEntry testId="a9d733c8-d48e-f6bb-b4d3-7976700bfbf0" executionId="5f14c98f-7ad1-43d8-a2ab-777d3b4fa48e" testListId="8c84fa94-04c1-424b-9868-57a2d4851a1d" />    <TestEntry testId="7b755a4b-dc89-c521-9a30-86e418521e16" executionId="c0e5b212-6779-40b1-b7f0-8f89fc324715" testListId="8c84fa94-04c1-424b-9868-57a2d4851a1d" />    <TestEntry testId="6c06d0f5-3471-313b-e10e-b9f12b637ff2" executionId="c6dcfcc6-e95b-4381-8faf-00e2100872cc" testListId="8c84fa94-04c1-424b-9868-57a2d4851a1d" />    <TestEntry testId="c802827e-efe3-51e2-97c1-33d93500f3a2" executionId="d8f9679d-4c93-4f52-a224-a8e7faa16b18" testListId="8c84fa94-04c1-424b-9868-57a2d4851a1d" />    <TestEntry testId="37c47701-80c6-3896-9990-8d0409fca0c7" executionId="7dd2a869-a0ea-4caf-85fd-84ccbdb04865" testListId="8c84fa94-04c1-424b-9868-57a2d4851a1d" />    <TestEntry testId="c217fbff-c242-d81e-c53e-034951fa27a1" executionId="0c3abf2f-b10d-4994-afbf-3a3dbcda9376" testListId="8c84fa94-04c1-424b-9868-57a2d4851a1d" />    <TestEntry testId="0fe007d5-ed59-ac2c-7270-c00726184183" executionId="c55c80e7-308a-4a9f-a005-d3f4b46a63e4" testListId="8c84fa94-04c1-424b-9868-57a2d4851a1d" />    <TestEntry testId="aec71a0d-2f7a-fc59-beff-f8db211207f9" executionId="f3c9660f-ad65-49f8-84ec-d84d3c17cc78" testListId="8c84fa94-04c1-424b-9868-57a2d4851a1d" />    <TestEntry testId="dc875d05-0ec9-5c9d-1997-10ead1823883" executionId="e4988d57-2b9c-4f43-ba3a-ae1f1428387f" testListId="8c84fa94-04c1-424b-9868-57a2d4851a1d" />    <TestEntry testId="c15a4323-c865-61a1-f1c0-7db6671dd0c5" executionId="bcd090b3-2888-47e2-853c-cb6a2d97c1f1" testListId="8c84fa94-04c1-424b-9868-57a2d4851a1d" />    <TestEntry testId="3a2aa1a8-e750-6b03-adca-533240319bbe" executionId="9e79b5ff-c36e-4f4e-b317-5a1d4d14eee3" testListId="8c84fa94-04c1-424b-9868-57a2d4851a1d" />    <TestEntry testId="3aca52fc-b36b-3ce6-3854-24e5ad3b633e" executionId="059f79e5-9231-4410-b142-b26ea82dd8f3" testListId="8c84fa94-04c1-424b-9868-57a2d4851a1d" />    <TestEntry testId="617543fe-8bb1-69ac-e202-c14b90120b82" executionId="3c936d07-3d6d-41f0-b76d-f09e0ea38e03" testListId="8c84fa94-04c1-424b-9868-57a2d4851a1d" />    <TestEntry testId="ec7a6886-8f1f-9c98-788a-f1395deea79c" executionId="b1ea457d-e276-4dd7-8e4a-b2912bbbacc5" testListId="8c84fa94-04c1-424b-9868-57a2d4851a1d" />    <TestEntry testId="f10fea4f-210b-311c-2d9a-d938a65ef8bd" executionId="f279f54a-1f06-4da6-a8db-a71202dc6286" testListId="8c84fa94-04c1-424b-9868-57a2d4851a1d" />    <TestEntry testId="69287587-ff02-4952-5676-76aac7f0a850" executionId="080300b3-29ed-4e7a-8195-11acb8fceb7b" testListId="8c84fa94-04c1-424b-9868-57a2d4851a1d" />    <TestEntry testId="536eabeb-7113-6b80-aee1-bb4cd40b2e5c" executionId="214ce1fe-f5ee-4655-8262-c81c4ac81a15" testListId="8c84fa94-04c1-424b-9868-57a2d4851a1d" />    <TestEntry testId="edd2811f-67dc-6d8e-5162-b9fb7b189687" executionId="0c01651d-7c21-4c2a-b06d-4361a57f3f3b" testListId="8c84fa94-04c1-424b-9868-57a2d4851a1d" />    <TestEntry testId="b1caa5ee-fb23-be77-dff8-022592d0566f" executionId="f98f2749-d7a4-4b13-90d7-e4469dab1546" testListId="8c84fa94-04c1-424b-9868-57a2d4851a1d" />    <TestEntry testId="255be184-a8f2-05c0-34eb-c01f1a136cdf" executionId="91b80890-2085-48ae-bb90-20de510108a4" testListId="8c84fa94-04c1-424b-9868-57a2d4851a1d" />    <TestEntry testId="7296fedb-95e2-a60f-f7e7-1363c18db812" executionId="9e8eea06-3319-478f-934b-9cf7e791a1db" testListId="8c84fa94-04c1-424b-9868-57a2d4851a1d" />    <TestEntry testId="20b90c17-d2ea-0339-d20d-c9c11ecafa4e" executionId="e9091612-5066-4ee3-913f-6b913e1652ef" testListId="8c84fa94-04c1-424b-9868-57a2d4851a1d" />    <TestEntry testId="4aa00cac-a2e3-36c9-07fb-79e3809de0f2" executionId="55a9fabb-b244-431e-9950-f15ed5ba3c03" testListId="8c84fa94-04c1-424b-9868-57a2d4851a1d" />    <TestEntry testId="2b48c906-4187-e2cf-7c11-cfe6d2116fd3" executionId="82431c33-1c07-41dd-8fe1-7d65b2649bc6" testListId="8c84fa94-04c1-424b-9868-57a2d4851a1d" />    <TestEntry testId="ce357d0d-f0ab-105f-4d84-ddc1116e418c" executionId="b387e4d7-6ed0-4196-b50d-acd98cafaf6f" testListId="8c84fa94-04c1-424b-9868-57a2d4851a1d" />    <TestEntry testId="bd7e38d7-1ecd-5bcc-d01d-cf56415c37af" executionId="2f262a3d-4176-4d05-bd11-6d72ccac3b3b" testListId="8c84fa94-04c1-424b-9868-57a2d4851a1d" />    <TestEntry testId="9014f1c5-7947-0520-ff2b-03002839a696" executionId="44d59012-f70b-480a-9f1d-ada01338b57d" testListId="8c84fa94-04c1-424b-9868-57a2d4851a1d" />    <TestEntry testId="d13e5f44-ac9c-f72b-0cff-385f1c33e0f1" executionId="81450e2a-dfbd-408e-a7c6-593bad69c497" testListId="8c84fa94-04c1-424b-9868-57a2d4851a1d" />    <TestEntry testId="c6857374-f4ca-c972-9b8c-9192da29d384" executionId="729eea4c-b696-4ad4-864d-6720d50ff21e" testListId="8c84fa94-04c1-424b-9868-57a2d4851a1d" />    <TestEntry testId="e552f827-28a3-e618-7d69-9b6a4a5837a9" executionId="36253586-f337-4529-b14e-2b894f918d4a" testListId="8c84fa94-04c1-424b-9868-57a2d4851a1d" />    <TestEntry testId="bb30121b-75dd-99c1-e175-00f6bd200252" executionId="a35d5883-078f-4f3f-a344-057843ee205c" testListId="8c84fa94-04c1-424b-9868-57a2d4851a1d" />    <TestEntry testId="a13cfe5a-143d-0ce3-436a-3d02afb6c98d" executionId="abd6038c-d881-4a08-a768-f4057d33d4ba" testListId="8c84fa94-04c1-424b-9868-57a2d4851a1d" />    <TestEntry testId="5799fda4-5ed8-b192-d1e6-37760c261b21" executionId="e38394bb-23c7-4655-bddf-c75c80877e90" testListId="8c84fa94-04c1-424b-9868-57a2d4851a1d" />    <TestEntry testId="6ffc6326-ee2e-2fd1-658f-19cd53cf4b99" executionId="f73509aa-bab1-44e6-97e4-ea4a8f7ca7f2" testListId="8c84fa94-04c1-424b-9868-57a2d4851a1d" />    <TestEntry testId="6e756866-f482-035c-c92d-6eaa313addc1" executionId="54eec3b9-6cb1-4f0a-a4d2-c619ef7531cf" testListId="8c84fa94-04c1-424b-9868-57a2d4851a1d" />    <TestEntry testId="34e8b2d1-ec07-9235-70d0-8cfe5f413feb" executionId="9ca4acfc-9066-46e6-8f9c-2d94edfa15d7" testListId="8c84fa94-04c1-424b-9868-57a2d4851a1d" />    <TestEntry testId="3017499b-38c0-64e9-550e-c64d4f114a48" executionId="1994dc0a-6ce9-492b-9995-c505c35cb607" testListId="8c84fa94-04c1-424b-9868-57a2d4851a1d" />    <TestEntry testId="952c029d-df7c-0071-1a76-7284a18f486c" executionId="2f444759-5ac3-43ca-94f0-a4020afdb3a4" testListId="8c84fa94-04c1-424b-9868-57a2d4851a1d" />    <TestEntry testId="0d930d5a-5674-621c-a13b-ed02061faa99" executionId="c1c8f95d-3194-428d-a662-7bbb1ccbf11f" testListId="8c84fa94-04c1-424b-9868-57a2d4851a1d" />    <TestEntry testId="091337bf-85b5-b841-b436-68e3b6e70561" executionId="b740a75b-1b7a-4146-bd40-d8d5c3b5b856" testListId="8c84fa94-04c1-424b-9868-57a2d4851a1d" />    <TestEntry testId="eaf97ccf-ef19-7f33-04a4-bf5e20ab7e1e" executionId="54aed78c-8690-498c-960a-a864a950cf30" testListId="8c84fa94-04c1-424b-9868-57a2d4851a1d" />    <TestEntry testId="b396295e-5023-b10a-8e18-6df79e1b4d7d" executionId="23f2bf4f-5b95-4a20-885c-25df355ef9e3" testListId="8c84fa94-04c1-424b-9868-57a2d4851a1d" />    <TestEntry testId="3d4889c7-64dd-93f6-2c30-51016d55f4cf" executionId="416c762c-9a73-4691-a426-5904221a71cb" testListId="8c84fa94-04c1-424b-9868-57a2d4851a1d" />    <TestEntry testId="47681b42-15a9-9c7b-a929-e1193ac0421c" executionId="d51aec5e-b12e-496b-8578-478a88f94edb" testListId="8c84fa94-04c1-424b-9868-57a2d4851a1d" />    <TestEntry testId="85748b08-7dc9-64b7-3b53-8114bfc53f7d" executionId="6698e476-dde2-42f8-82f6-d4f95962ee07" testListId="8c84fa94-04c1-424b-9868-57a2d4851a1d" />    <TestEntry testId="5162f402-29f5-262c-91de-627391be3a72" executionId="b3946703-e4d9-416c-97ba-4fc8cef5e1d3" testListId="8c84fa94-04c1-424b-9868-57a2d4851a1d" />    <TestEntry testId="8b88ae79-ba8c-368b-c8b4-a1e8180902d4" executionId="224acc76-2d1b-475e-87da-06aec881e380" testListId="8c84fa94-04c1-424b-9868-57a2d4851a1d" />    <TestEntry testId="3d8365c0-0f15-3f62-703a-11d9cbdffa3a" executionId="dba8b213-4282-4923-9108-2e7ceea1c724" testListId="8c84fa94-04c1-424b-9868-57a2d4851a1d" />    <TestEntry testId="95457a60-b298-1c36-92a6-31b400395a2f" executionId="21f7fae3-ebc0-4604-9843-2f7645feee17" testListId="8c84fa94-04c1-424b-9868-57a2d4851a1d" />    <TestEntry testId="d7e373c2-9659-4f2a-6daf-4d79aaa69015" executionId="226d08a5-dcca-45c7-a69c-48490bb14c4e" testListId="8c84fa94-04c1-424b-9868-57a2d4851a1d" />    <TestEntry testId="d6d8a4b0-d6c2-3a37-54f3-f8cced528ca8" executionId="e11f925e-e736-4e34-b40e-a9fd6e9327f6" testListId="8c84fa94-04c1-424b-9868-57a2d4851a1d" />    <TestEntry testId="b792b0dd-b3be-a3f1-3bcd-c107590d6fc8" executionId="e70c336e-5fee-48b7-9a12-5353bcc2fba6" testListId="8c84fa94-04c1-424b-9868-57a2d4851a1d" />    <TestEntry testId="91a628cf-6390-b172-ec50-f63ad9c3c70a" executionId="2dfae999-fac7-4e39-995b-a550f8fbc955" testListId="8c84fa94-04c1-424b-9868-57a2d4851a1d" />    <TestEntry testId="5227561d-0c30-e557-2058-442448cccced" executionId="2becc5ae-9b29-486b-8c96-7cb06c769945" testListId="8c84fa94-04c1-424b-9868-57a2d4851a1d" />    <TestEntry testId="6065a504-a92c-35a8-bdda-2f7c8a7a04be" executionId="f8b44914-f1a1-4c05-a73d-022efc396c75" testListId="8c84fa94-04c1-424b-9868-57a2d4851a1d" />    <TestEntry testId="f1ecc676-796a-bab7-4397-5b1a209a370e" executionId="eb0d4be0-c75d-409b-8aa6-a3f55e9d8d39" testListId="8c84fa94-04c1-424b-9868-57a2d4851a1d" />    <TestEntry testId="9d4e3f4b-b86d-ac90-281e-a3304ca44c7a" executionId="9ea252e0-5a90-439d-aece-1b5171d89bd2" testListId="8c84fa94-04c1-424b-9868-57a2d4851a1d" />    <TestEntry testId="2e900f6c-f222-7463-9386-904886bc3987" executionId="544be4d0-2565-4650-963c-0be70600ee66" testListId="8c84fa94-04c1-424b-9868-57a2d4851a1d" />    <TestEntry testId="cead4fa1-0663-8c43-4ad1-6fe47f1fad71" executionId="6cb806e5-6ea4-45cb-b764-0128d2edd10e" testListId="8c84fa94-04c1-424b-9868-57a2d4851a1d" />    <TestEntry testId="832ac897-24f2-4376-a38f-7a7babe3ddd0" executionId="0d0394fb-55be-4d1b-9eae-cfc204ddb7f7" testListId="8c84fa94-04c1-424b-9868-57a2d4851a1d" />    <TestEntry testId="ee292ed4-7a55-7777-699a-a518b7cfd1ca" executionId="8565741b-cd06-4c3f-b9d7-3bb9a3648e02" testListId="8c84fa94-04c1-424b-9868-57a2d4851a1d" />    <TestEntry testId="cc4fe52d-0f69-5c52-bdec-2608a267a54e" executionId="d71e5494-591d-409c-849d-7911823e652a" testListId="8c84fa94-04c1-424b-9868-57a2d4851a1d" />    <TestEntry testId="a19eaff0-c5e9-eddf-7936-97254f10056a" executionId="72a97f82-823f-40ac-a017-48a0cf400dcb" testListId="8c84fa94-04c1-424b-9868-57a2d4851a1d" />    <TestEntry testId="4169e968-29c7-4101-5a8e-fc0103ed595d" executionId="ede3f9d5-a46f-43a8-b3e4-e030fc3c5558" testListId="8c84fa94-04c1-424b-9868-57a2d4851a1d" />    <TestEntry testId="268b44ec-1a76-f505-10e8-530521ddd1b7" executionId="48714f25-613e-4b32-a666-e971c05fcff6" testListId="8c84fa94-04c1-424b-9868-57a2d4851a1d" />    <TestEntry testId="74f2ae45-7b48-2f5e-bfc5-8f6ebec21a81" executionId="0b63005c-4427-4c11-8828-b014ac0e9c09" testListId="8c84fa94-04c1-424b-9868-57a2d4851a1d" />    <TestEntry testId="c55c81cb-28de-ac89-2db8-1e7748a3a754" executionId="6f378534-2b35-4ad9-a1d0-e2134c02b58f" testListId="8c84fa94-04c1-424b-9868-57a2d4851a1d" />    <TestEntry testId="989fb13e-274d-68fb-9b69-f09b6c7aece1" executionId="676c9510-7c8e-49f0-83a6-bdf3dc7261ac" testListId="8c84fa94-04c1-424b-9868-57a2d4851a1d" />    <TestEntry testId="ec1d30da-b7c7-a747-648b-5c33fe6ed928" executionId="c81a4324-8291-4f0f-b785-922eb83e1abe" testListId="8c84fa94-04c1-424b-9868-57a2d4851a1d" />    <TestEntry testId="a345d540-91fb-da11-9330-90ce41adb41e" executionId="6abdb2cf-0d8d-4368-8a89-66493131c2b5" testListId="8c84fa94-04c1-424b-9868-57a2d4851a1d" />    <TestEntry testId="99b1c96f-b7b0-7844-aacc-15cb99429656" executionId="321a1499-725f-4b13-9138-d190046c7b41" testListId="8c84fa94-04c1-424b-9868-57a2d4851a1d" />    <TestEntry testId="33aeeeb2-14ab-6cb4-8c56-33c7ed859282" executionId="0c89d0c3-c932-49f8-9083-cf94a45d7093" testListId="8c84fa94-04c1-424b-9868-57a2d4851a1d" />    <TestEntry testId="69e4e5f6-4617-ddeb-f5c0-0df9ec15f089" executionId="e5145bdf-f125-4a05-9e2d-0901162708a9" testListId="8c84fa94-04c1-424b-9868-57a2d4851a1d" />    <TestEntry testId="dc8d6ebb-9235-1b29-f2bf-247a86c5d2d5" executionId="e9d57bc3-2f99-417c-a091-c5a5760746a5" testListId="8c84fa94-04c1-424b-9868-57a2d4851a1d" />    <TestEntry testId="11da0646-c7f5-7d32-4d0f-bea367d7b422" executionId="28f45b0e-71bc-4e32-8e9e-643b4c723da2" testListId="8c84fa94-04c1-424b-9868-57a2d4851a1d" />    <TestEntry testId="ee866577-d015-1c98-5ff2-3dfa2a28b7ba" executionId="738f71f6-b48a-49f5-823c-c19eed647b75" testListId="8c84fa94-04c1-424b-9868-57a2d4851a1d" />    <TestEntry testId="167f0931-9689-51f3-a3ba-2cfe36f8bde4" executionId="21259861-687c-4038-ab4a-2ddf6fd2cdf5" testListId="8c84fa94-04c1-424b-9868-57a2d4851a1d" />    <TestEntry testId="2ce5b921-6348-0da7-d91e-f8945c46a0ca" executionId="b5d49dc0-0772-4563-adfb-cac7cdf16e37" testListId="8c84fa94-04c1-424b-9868-57a2d4851a1d" />    <TestEntry testId="b918301d-50a2-2839-8203-268dedb44412" executionId="a2e3ac54-112f-4000-a3db-05e225941a59" testListId="8c84fa94-04c1-424b-9868-57a2d4851a1d" />    <TestEntry testId="808993b3-9819-5267-21ac-0abf2a5f56e3" executionId="752d6414-0478-411d-9f93-63d8a986d9e1" testListId="8c84fa94-04c1-424b-9868-57a2d4851a1d" />    <TestEntry testId="349cdd52-dfc2-b5ae-f6a7-0e08413771f9" executionId="46949304-5ea3-44be-bfc5-cef6955fa9d2" testListId="8c84fa94-04c1-424b-9868-57a2d4851a1d" />    <TestEntry testId="f589bc68-7876-0ceb-3636-e86ce9678abf" executionId="2414e139-ff85-43a4-80e2-96c6f4865d91" testListId="8c84fa94-04c1-424b-9868-57a2d4851a1d" />    <TestEntry testId="0c58a986-5d37-a4ec-2a36-2ed082f05faa" executionId="7cdd1868-e987-471e-ba67-a6f930a53f47" testListId="8c84fa94-04c1-424b-9868-57a2d4851a1d" />    <TestEntry testId="e095c484-315c-3377-cc33-833b4a54574d" executionId="9d7fadff-f4ae-476c-9517-71fb0275ed27" testListId="8c84fa94-04c1-424b-9868-57a2d4851a1d" />    <TestEntry testId="790b72b7-2c61-1e0c-46e3-3782fbba0dbf" executionId="781efdc6-b4ae-4a49-9ddc-b8588ea0a9b2" testListId="8c84fa94-04c1-424b-9868-57a2d4851a1d" />    <TestEntry testId="47b12cb4-a20b-5bd1-f2c7-46712aa8b2fa" executionId="cf68fb68-464e-4722-81bd-20e8fb0fe6d8" testListId="8c84fa94-04c1-424b-9868-57a2d4851a1d" />    <TestEntry testId="0e00d8de-990e-c804-4aca-382406ed7f4b" executionId="62cf57ef-1cde-48a8-8d72-63b941963a93" testListId="8c84fa94-04c1-424b-9868-57a2d4851a1d" />    <TestEntry testId="9ac5e985-4fe0-2b88-75cd-be068900fe06" executionId="12dd0a9c-dd86-4a03-a505-849924ebbec2" testListId="8c84fa94-04c1-424b-9868-57a2d4851a1d" />    <TestEntry testId="935e0a1a-05e5-ade1-6b1a-2f0bf2db4c2c" executionId="ec404541-42c0-4381-a00b-9edcf6b1b267" testListId="8c84fa94-04c1-424b-9868-57a2d4851a1d" />    <TestEntry testId="b170f538-b8bd-d24f-32c4-6a388a87388e" executionId="7f78e937-7ae5-4a81-8f09-1ce47bf5be40" testListId="8c84fa94-04c1-424b-9868-57a2d4851a1d" />    <TestEntry testId="b9243f7c-878b-bea8-7137-18241325c856" executionId="22bef7ee-a390-454d-8a2a-d04ab33efab2" testListId="8c84fa94-04c1-424b-9868-57a2d4851a1d" />    <TestEntry testId="39c1e0a8-0cab-ea6f-d7de-04692df57273" executionId="256268c3-f2ec-463c-a915-c0a97c9f05a9" testListId="8c84fa94-04c1-424b-9868-57a2d4851a1d" />    <TestEntry testId="5607234b-784e-a97e-32b3-b429dd10f1b8" executionId="75219f3b-5395-40d6-a462-bdc67f21e0e1" testListId="8c84fa94-04c1-424b-9868-57a2d4851a1d" />    <TestEntry testId="dc2d620e-56e8-64f7-9d9f-cac22966c8ab" executionId="5a9b3f32-199b-49e5-973b-fa848aff9f3c" testListId="8c84fa94-04c1-424b-9868-57a2d4851a1d" />    <TestEntry testId="ddf8586d-d39e-fb6e-0ca9-d989af86119c" executionId="23b4407d-09c2-47bc-9926-dc9a7c1b52ee" testListId="8c84fa94-04c1-424b-9868-57a2d4851a1d" />    <TestEntry testId="f789a0b4-cf23-be75-6644-13382f042c8f" executionId="1d8c633a-80f7-4ae7-ab71-fa2ab724073c" testListId="8c84fa94-04c1-424b-9868-57a2d4851a1d" />    <TestEntry testId="57457be8-7418-c3d6-ab80-60f97eccfb7d" executionId="e48ef5c7-5bfd-4912-b7c8-916d634da5e4" testListId="8c84fa94-04c1-424b-9868-57a2d4851a1d" />    <TestEntry testId="48399553-6b2c-a3c2-15cb-058f2277bd52" executionId="980da390-0ab8-4023-bbea-ba800fe95d79" testListId="8c84fa94-04c1-424b-9868-57a2d4851a1d" />    <TestEntry testId="7f865c52-be81-71b1-042c-a5137d9f7f43" executionId="15f44c91-fd79-48f2-b763-022b5b4dbd0d" testListId="8c84fa94-04c1-424b-9868-57a2d4851a1d" />    <TestEntry testId="ae2cc506-6033-2770-2a34-d511b51fbb1f" executionId="de88137c-7c56-424f-b7b1-4b96bee1092e" testListId="8c84fa94-04c1-424b-9868-57a2d4851a1d" />    <TestEntry testId="2411bd40-92da-4785-c529-61b721361315" executionId="16353f36-ac79-4fcb-bad8-decab012237e" testListId="8c84fa94-04c1-424b-9868-57a2d4851a1d" />    <TestEntry testId="fb1ac286-16cc-e63a-e4b9-b2203907074b" executionId="0be6b719-50e7-4bbb-9515-f61f9fe153e6" testListId="8c84fa94-04c1-424b-9868-57a2d4851a1d" />    <TestEntry testId="e6603c38-3f87-a45b-7b3c-3553c043be14" executionId="cd38bfca-de8e-4e51-ad45-9bd079682062" testListId="8c84fa94-04c1-424b-9868-57a2d4851a1d" />    <TestEntry testId="840723ea-f5e0-2268-d15c-49d0d582c4b3" executionId="b45ed115-75e3-4c7a-a252-9d24b79a9b1e" testListId="8c84fa94-04c1-424b-9868-57a2d4851a1d" />    <TestEntry testId="5f9f0c8e-0f26-fe98-0796-690ac9c9a61d" executionId="8a10a963-382d-4fc6-b24f-baee814e944b" testListId="8c84fa94-04c1-424b-9868-57a2d4851a1d" />    <TestEntry testId="8d742f5e-0c5d-5f85-49e8-c004380f93db" executionId="674cd40b-9b7d-4e68-b0ca-599ca376b045" testListId="8c84fa94-04c1-424b-9868-57a2d4851a1d" />    <TestEntry testId="cf59d00e-ed52-4703-2852-18ea8599bea8" executionId="ad5b9cd1-c8a3-4a4f-9fc2-11e0276a54e1" testListId="8c84fa94-04c1-424b-9868-57a2d4851a1d" />    <TestEntry testId="69adb5e5-a3d4-57a5-da8e-2fb2b0f9b4ef" executionId="001431b8-6710-4dff-b157-4df4cac6d2e7" testListId="8c84fa94-04c1-424b-9868-57a2d4851a1d" />    <TestEntry testId="23e5352d-1e5f-3713-e9e6-02e243dc0f27" executionId="023a2da6-6aec-4da2-876e-799027ec1870" testListId="8c84fa94-04c1-424b-9868-57a2d4851a1d" />    <TestEntry testId="a915857a-f1aa-19ef-352b-8bf1bd6307de" executionId="346b6070-2e3a-450b-95e7-bbd548ac5546" testListId="8c84fa94-04c1-424b-9868-57a2d4851a1d" />    <TestEntry testId="f77450fd-ab82-bbdf-0b6b-7ab0a25045c8" executionId="66724bac-c7af-45dc-8b2f-11cba5b3667a" testListId="8c84fa94-04c1-424b-9868-57a2d4851a1d" />    <TestEntry testId="b33e3f74-5ee4-a122-c84b-0cd609d26535" executionId="9d2b76e8-d742-43b6-907a-dc9ccd093b17" testListId="8c84fa94-04c1-424b-9868-57a2d4851a1d" />    <TestEntry testId="d8adf926-f41f-b729-2a10-a19f77a651ce" executionId="24fe72a4-921e-4c77-8ba2-e24e82d6318a" testListId="8c84fa94-04c1-424b-9868-57a2d4851a1d" />    <TestEntry testId="ff620ef5-8887-9f54-a19b-43756dc1bba6" executionId="13742a7c-a1f7-4b46-a246-de965f973462" testListId="8c84fa94-04c1-424b-9868-57a2d4851a1d" />    <TestEntry testId="189f0efd-19be-0954-1ccf-e5c6e296627f" executionId="8ce5cf07-20d7-41cb-923d-bebea3b12aae" testListId="8c84fa94-04c1-424b-9868-57a2d4851a1d" />    <TestEntry testId="b3df487f-7e9d-9e99-d508-f1e8753e80d6" executionId="06d49406-7bb3-4847-b657-c69d5d98e617" testListId="8c84fa94-04c1-424b-9868-57a2d4851a1d" />    <TestEntry testId="ff738f4e-c415-6faf-8c75-7a26ccebc28d" executionId="f2529df4-b047-4352-8c6c-7a3fd7268661" testListId="8c84fa94-04c1-424b-9868-57a2d4851a1d" />    <TestEntry testId="5de289ef-91da-1dc7-4676-edd5c098328f" executionId="61845a57-5c4c-4356-9590-187445f9f2be" testListId="8c84fa94-04c1-424b-9868-57a2d4851a1d" />    <TestEntry testId="b0f42037-f9cc-0955-70ad-2d641467b818" executionId="156c3a7b-f6d2-4cf7-9c36-a50aad0be819" testListId="8c84fa94-04c1-424b-9868-57a2d4851a1d" />    <TestEntry testId="6ab4365e-9889-7c91-5a19-5c54c0e535be" executionId="02e77285-05b3-4495-a958-0dde6608a9c2" testListId="8c84fa94-04c1-424b-9868-57a2d4851a1d" />    <TestEntry testId="9e007d10-13b6-06c4-6473-821b884116e7" executionId="5f723b89-5376-45f7-b885-f61a8ff75dbd" testListId="8c84fa94-04c1-424b-9868-57a2d4851a1d" />    <TestEntry testId="a0d3514e-a26d-1780-64a5-937813f9edb7" executionId="f679e578-81d7-4f64-9c21-cc4391660856" testListId="8c84fa94-04c1-424b-9868-57a2d4851a1d" />    <TestEntry testId="7c7de4af-a20b-ab55-b553-98a2084794b8" executionId="d49d6be2-3c13-4bd7-b0f1-bf115ab259c2" testListId="8c84fa94-04c1-424b-9868-57a2d4851a1d" />    <TestEntry testId="85937213-1706-42cf-736b-a4404641b9c4" executionId="cb62ad38-9d1a-4ea4-80b5-81bc14d80fd2" testListId="8c84fa94-04c1-424b-9868-57a2d4851a1d" />    <TestEntry testId="69de8e4a-c0e8-38fa-8947-2715bea07fd8" executionId="ac2fc553-7773-47d4-8e17-9cd1d3f252e8" testListId="8c84fa94-04c1-424b-9868-57a2d4851a1d" />    <TestEntry testId="94b24158-8a23-ddba-0460-dbeccc9610e8" executionId="b2f74850-c1df-4100-a040-cb017796d6fe" testListId="8c84fa94-04c1-424b-9868-57a2d4851a1d" />    <TestEntry testId="38aa5524-3b55-3941-9b90-e976979166f7" executionId="e1c75ba4-5c89-472b-980c-ebde94db8349" testListId="8c84fa94-04c1-424b-9868-57a2d4851a1d" />    <TestEntry testId="1f95e3b2-640e-2584-6eae-f9667169f986" executionId="2400e2e9-c331-4694-a9eb-98c905249218" testListId="8c84fa94-04c1-424b-9868-57a2d4851a1d" />    <TestEntry testId="cf632b45-53a8-ec98-7f06-42910d776d3d" executionId="8371e0f1-2186-43dd-af2b-8fc6d13b5e3a" testListId="8c84fa94-04c1-424b-9868-57a2d4851a1d" />    <TestEntry testId="e4995530-afc9-120e-71f0-1601903eea4d" executionId="b4fd8002-2d02-42ec-a55f-4b82e00c76ae" testListId="8c84fa94-04c1-424b-9868-57a2d4851a1d" />    <TestEntry testId="b248a4b7-9971-e6be-c3c9-5da91fa6b34d" executionId="0fe528e1-e73c-4842-80e1-44ad27d8c6eb" testListId="8c84fa94-04c1-424b-9868-57a2d4851a1d" />    <TestEntry testId="d3056140-c8f8-84d4-4ee4-260d5deecd0a" executionId="b6c53739-bad2-435c-af5d-c8384070f8ff" testListId="8c84fa94-04c1-424b-9868-57a2d4851a1d" />    <TestEntry testId="610a3302-ce96-5bed-dd26-156455cb9f3b" executionId="e94c81be-8f06-4eef-b8cb-67381168b4c0" testListId="8c84fa94-04c1-424b-9868-57a2d4851a1d" />    <TestEntry testId="be0bc21c-d6de-c590-e79a-f418ce3ca38a" executionId="e68b0954-5a76-4d16-8505-18d6f08be41a" testListId="8c84fa94-04c1-424b-9868-57a2d4851a1d" />    <TestEntry testId="0fe5f656-8692-1a38-ebdc-d886d56dd739" executionId="6b562c40-d9e1-4939-9724-1b2d5038e50a" testListId="8c84fa94-04c1-424b-9868-57a2d4851a1d" />    <TestEntry testId="704b2b03-6c63-bbe9-fa59-7f5762b5afac" executionId="8bb42893-1a05-4433-b46c-6a793f2f4dcd" testListId="8c84fa94-04c1-424b-9868-57a2d4851a1d" />    <TestEntry testId="824f2887-99b5-e28b-afc1-e5b00490d0d0" executionId="219f4a30-42ec-4204-9224-3ee0fbe9f7b3" testListId="8c84fa94-04c1-424b-9868-57a2d4851a1d" />    <TestEntry testId="a89a10da-dbf1-7cb8-89d1-3eb2304b7f2e" executionId="9195c7e6-e42a-47a7-a267-96d4c2f49401" testListId="8c84fa94-04c1-424b-9868-57a2d4851a1d" />    <TestEntry testId="a2cd58ef-528d-3e7f-3d88-cd90748aed6a" executionId="3e2dcd35-eca1-41e4-9735-1a98c89c43fd" testListId="8c84fa94-04c1-424b-9868-57a2d4851a1d" />    <TestEntry testId="341b6de6-7a39-6dbd-e8f7-38298dba2ed2" executionId="9eb8fed9-cd8b-4a3a-b48d-f2324c55e836" testListId="8c84fa94-04c1-424b-9868-57a2d4851a1d" />    <TestEntry testId="7ad750ba-c7fa-3616-eb25-7ac0021cbef0" executionId="c30f2574-3e8e-4456-82dc-a029ce2278d3" testListId="8c84fa94-04c1-424b-9868-57a2d4851a1d" />    <TestEntry testId="64562811-ee7b-bf16-5a5b-1ea08109ad5e" executionId="ce40ce9b-77f5-4b2e-b5d1-5a24cf2aff00" testListId="8c84fa94-04c1-424b-9868-57a2d4851a1d" />    <TestEntry testId="445237a5-cf57-30b4-31f5-6febf86e0cd8" executionId="137fa600-0148-45b8-995c-712ed6a16dab" testListId="8c84fa94-04c1-424b-9868-57a2d4851a1d" />    <TestEntry testId="2bd29c15-5508-a902-1cb5-125e645abedf" executionId="e097d665-f64f-4886-aad3-bd0c62f9e1f4" testListId="8c84fa94-04c1-424b-9868-57a2d4851a1d" />    <TestEntry testId="8c3ba9bb-7832-ffd1-170a-1441256e854c" executionId="76c0f933-6022-4128-9c1d-39cbac2f5044" testListId="8c84fa94-04c1-424b-9868-57a2d4851a1d" />    <TestEntry testId="b9c96c8c-032f-22af-3f27-f99506942510" executionId="6d2f8fd2-adbe-459f-b7f0-daddd553bc29" testListId="8c84fa94-04c1-424b-9868-57a2d4851a1d" />    <TestEntry testId="37dd3f27-094b-b023-c4b2-5c7379a42960" executionId="27466b6f-0d5d-4f78-99b6-ab3ebbe5dc44" testListId="8c84fa94-04c1-424b-9868-57a2d4851a1d" />    <TestEntry testId="3642160b-5b00-b460-8e75-0fde77bfab69" executionId="244002d3-0f5d-4218-bbe0-cf6a57da8043" testListId="8c84fa94-04c1-424b-9868-57a2d4851a1d" />    <TestEntry testId="dcb7303b-a4e1-73ae-0175-ac4efc7d950d" executionId="a86d7d4a-136b-4bd0-921d-a807401959c3" testListId="8c84fa94-04c1-424b-9868-57a2d4851a1d" />    <TestEntry testId="13f6564e-ba4a-748a-a6d7-f1618f3df3ef" executionId="3015e4e7-1f25-49ff-9da4-b41480fd7623" testListId="8c84fa94-04c1-424b-9868-57a2d4851a1d" />    <TestEntry testId="474b5dd5-1587-50ca-dd9b-d02d03dd4a66" executionId="6e4cb218-d7ba-4d3f-b864-3c7093debb12" testListId="8c84fa94-04c1-424b-9868-57a2d4851a1d" />    <TestEntry testId="540f2f7b-3302-ccd2-deeb-895ced06d76e" executionId="9bc52f42-2195-482d-bd17-d5991bb4275d" testListId="8c84fa94-04c1-424b-9868-57a2d4851a1d" />    <TestEntry testId="a0ae5918-70c1-af32-e462-c1d079d434f8" executionId="31d6b584-66cd-4a7a-aaf1-ff189e6f3bd8" testListId="8c84fa94-04c1-424b-9868-57a2d4851a1d" />    <TestEntry testId="e993b251-f1ac-ab49-eff7-8c7ad71b3bd8" executionId="4176f999-7d47-4ef7-97dd-95ab6b819106" testListId="8c84fa94-04c1-424b-9868-57a2d4851a1d" />    <TestEntry testId="a8eb12a9-95e8-5f54-5b18-91a72d9750da" executionId="fc2a2795-19dc-4dad-acfb-33344dde4080" testListId="8c84fa94-04c1-424b-9868-57a2d4851a1d" />    <TestEntry testId="d46c4a2a-1aee-9eac-816a-f30077b9a7ac" executionId="57ba3096-53d6-40c6-a315-2e9173371004" testListId="8c84fa94-04c1-424b-9868-57a2d4851a1d" />    <TestEntry testId="7aae5f3a-c3b6-daa3-f3b0-ba9f032c47b2" executionId="561e53ae-0fc4-4174-8e44-cccaa0120626" testListId="8c84fa94-04c1-424b-9868-57a2d4851a1d" />    <TestEntry testId="0fb03f10-bce5-433c-c60c-39f730a720a8" executionId="5f26fd88-5053-4212-a376-15e551f2c3e5" testListId="8c84fa94-04c1-424b-9868-57a2d4851a1d" />    <TestEntry testId="ea242f04-09a0-76db-9e8a-e316acf5c69f" executionId="c9618afe-ce4a-426e-b1da-b797a8d5e622" testListId="8c84fa94-04c1-424b-9868-57a2d4851a1d" />    <TestEntry testId="9bc67291-9f0e-55c5-5cc4-56b773c5d2af" executionId="218dc526-e829-4e78-8776-faa23af8a0ef" testListId="8c84fa94-04c1-424b-9868-57a2d4851a1d" />    <TestEntry testId="8ea65b87-ff15-9f81-0d6d-a8838ece8ba1" executionId="9f8d25e4-25d3-4f6a-afff-0543223b9fc2" testListId="8c84fa94-04c1-424b-9868-57a2d4851a1d" />    <TestEntry testId="65999ffd-5718-ef06-b7a3-8722a6539f80" executionId="c335e7e1-8d4e-4a1d-b186-2f8ea5c989db" testListId="8c84fa94-04c1-424b-9868-57a2d4851a1d" />    <TestEntry testId="b1069a9d-b624-5d0b-ea12-45f29da6dfdc" executionId="064cd519-73f8-43f0-b0d5-f13e6e84d07e" testListId="8c84fa94-04c1-424b-9868-57a2d4851a1d" />    <TestEntry testId="65626a32-53ec-5f37-846a-49f8889e1fc5" executionId="389f39ec-8681-43a8-8f7e-08710214e80a" testListId="8c84fa94-04c1-424b-9868-57a2d4851a1d" />    <TestEntry testId="110bc64f-bfb0-adec-3c83-77bb4319bcf8" executionId="31ac9433-a0b2-475e-985c-e98e82f3509e" testListId="8c84fa94-04c1-424b-9868-57a2d4851a1d" />    <TestEntry testId="c6e0d603-31e7-4947-542e-553f5ba55d97" executionId="db61b1fa-0a03-4019-8d1c-94f25315557b" testListId="8c84fa94-04c1-424b-9868-57a2d4851a1d" />    <TestEntry testId="a4f9d0d9-73a7-1b46-88f3-91b08060ebbd" executionId="59b75211-1d49-4058-9753-3f37b2d6f582" testListId="8c84fa94-04c1-424b-9868-57a2d4851a1d" />    <TestEntry testId="de6857d0-448f-2310-31c6-a7a23afe6a3e" executionId="59dcad4b-7e87-44fc-bf7f-b380774ab9e9" testListId="8c84fa94-04c1-424b-9868-57a2d4851a1d" />    <TestEntry testId="3ef15904-f31e-dc4d-95b3-55834f250610" executionId="90938e54-61a6-4786-8fc3-752dc615aa9c" testListId="8c84fa94-04c1-424b-9868-57a2d4851a1d" />    <TestEntry testId="7c1e5291-13c0-65d8-d43c-3aa4c8d8f5be" executionId="ef49cd1d-3691-4e03-a977-b19c1242ca8a" testListId="8c84fa94-04c1-424b-9868-57a2d4851a1d" />    <TestEntry testId="5073b2a2-19e9-7963-23a4-1b3a09f51cc9" executionId="54ad97a9-c567-4c15-811a-77bf0c5b7349" testListId="8c84fa94-04c1-424b-9868-57a2d4851a1d" />    <TestEntry testId="0a5f03f1-b7c8-910a-7b9b-7ee0568aa3d0" executionId="368927f5-5de5-47b1-99a5-c83483935ede" testListId="8c84fa94-04c1-424b-9868-57a2d4851a1d" />    <TestEntry testId="8fe115ec-8c1e-5434-a83f-361248910d97" executionId="6d6aab3d-6ecd-4924-a16a-55f4438e8b40" testListId="8c84fa94-04c1-424b-9868-57a2d4851a1d" />    <TestEntry testId="1a13a317-bb9f-62ca-2beb-8a9e04c69cdc" executionId="e3c8d771-5c93-463c-82ea-701d526bd573" testListId="8c84fa94-04c1-424b-9868-57a2d4851a1d" />    <TestEntry testId="0f13609d-5060-85cb-ff2f-802b6dc3eb61" executionId="fac8c4b9-7ac5-47a7-85b8-3d93c503d8b7" testListId="8c84fa94-04c1-424b-9868-57a2d4851a1d" />    <TestEntry testId="1cde2d7b-9d41-3a8c-3f86-8e2f1b9defc1" executionId="dd616e59-e3ee-4aaa-82dc-b46fadc85af9" testListId="8c84fa94-04c1-424b-9868-57a2d4851a1d" />    <TestEntry testId="8b162b16-c318-cd7e-6122-f1a807ec27d6" executionId="8b8001ab-47ec-4b35-a02c-6fdbf15fc6b0" testListId="8c84fa94-04c1-424b-9868-57a2d4851a1d" />    <TestEntry testId="6c70d5eb-3a0d-4028-0836-da5c44aac304" executionId="b32618e0-654a-493d-bace-ba9e4c2c68f9" testListId="8c84fa94-04c1-424b-9868-57a2d4851a1d" />    <TestEntry testId="e15155ad-2ca9-c6a0-7b74-393cf6a52d84" executionId="956e93dd-f169-474a-b96e-fca69c1ace9f" testListId="8c84fa94-04c1-424b-9868-57a2d4851a1d" />    <TestEntry testId="ce4a17e4-e7bd-49f8-9f79-269e2d393b65" executionId="6a99145c-7bc7-4e72-8dc3-7e1897944acd" testListId="8c84fa94-04c1-424b-9868-57a2d4851a1d" />    <TestEntry testId="133f4025-27bd-954b-fbd4-812838db0b33" executionId="4da27718-1645-4c6e-9a49-eaf95ae71f2e" testListId="8c84fa94-04c1-424b-9868-57a2d4851a1d" />    <TestEntry testId="489c968b-b880-5fc8-bd0b-6eba1dfa4aa5" executionId="fd6cbcd8-9c72-440e-bc15-c69597b1ab83" testListId="8c84fa94-04c1-424b-9868-57a2d4851a1d" />    <TestEntry testId="fb9792fa-75e3-20db-19bd-ef45b841138e" executionId="4a9d31d9-42b9-48f2-aa0e-53e7ee1187ad" testListId="8c84fa94-04c1-424b-9868-57a2d4851a1d" />    <TestEntry testId="5508897a-23b9-1a65-d1ac-d3e0b8b09507" executionId="949ce1e6-6fb0-4d20-ad8b-b8c836c68720" testListId="8c84fa94-04c1-424b-9868-57a2d4851a1d" />    <TestEntry testId="d356ddf5-0e19-09c0-c2fa-f401bec05e78" executionId="9a0c1920-cc74-4c74-94db-1a33e54a3ba3" testListId="8c84fa94-04c1-424b-9868-57a2d4851a1d" />    <TestEntry testId="a6ccdbec-7c1b-7248-8151-1e4172fe1694" executionId="eff5603b-b2c5-420c-b9b8-977463e9b393" testListId="8c84fa94-04c1-424b-9868-57a2d4851a1d" />    <TestEntry testId="37e1099d-2930-51bf-2b04-45431403a844" executionId="f72d31ae-515b-4603-8a5d-b54e6f4fc727" testListId="8c84fa94-04c1-424b-9868-57a2d4851a1d" />    <TestEntry testId="bcf322c6-9d9c-e86e-0623-1328f8498152" executionId="216aec9d-c64d-4c8c-be5d-3f1777f6dd2b" testListId="8c84fa94-04c1-424b-9868-57a2d4851a1d" />    <TestEntry testId="dca28467-50ab-e2d2-6db6-df0eb8172821" executionId="d54d1291-41bc-494d-baa6-1278b8611468" testListId="8c84fa94-04c1-424b-9868-57a2d4851a1d" />    <TestEntry testId="c2939ce9-c8dd-1b53-453e-34eece35106c" executionId="29a00a75-035b-400c-90a2-7d7f66f562f7" testListId="8c84fa94-04c1-424b-9868-57a2d4851a1d" />    <TestEntry testId="c0fdd524-ebb4-4c6f-1ae1-8480f8bc304c" executionId="375773ce-a345-4559-b2fe-934b8e423349" testListId="8c84fa94-04c1-424b-9868-57a2d4851a1d" />    <TestEntry testId="34aae3b4-4dbb-a429-3b4c-908d986b466e" executionId="07195a52-7021-434c-b2cb-3aa2310ffc6b" testListId="8c84fa94-04c1-424b-9868-57a2d4851a1d" />    <TestEntry testId="1aa8b70a-b8eb-cae3-a307-3dbd4f25086c" executionId="1eb44a47-7aa4-4afc-8c91-fa394e9d97b8" testListId="8c84fa94-04c1-424b-9868-57a2d4851a1d" />    <TestEntry testId="e641d876-5e5a-c584-d6d1-cc06b1218347" executionId="6aba72b4-b239-4a09-88c0-741a0224e4b6" testListId="8c84fa94-04c1-424b-9868-57a2d4851a1d" />    <TestEntry testId="4b6aef25-149d-bb6d-7b29-a5a7f15e7ee4" executionId="95d5d3ae-dab7-4667-973f-1d343fb34e7b" testListId="8c84fa94-04c1-424b-9868-57a2d4851a1d" />    <TestEntry testId="aecf9cf5-4d17-afeb-52be-72d9e2818a7e" executionId="cb8d1884-d6c6-40c1-9e1d-40150992a713" testListId="8c84fa94-04c1-424b-9868-57a2d4851a1d" />    <TestEntry testId="2bf76d00-0b2d-4d2a-ed7b-40b84b94f276" executionId="13ae8ea8-0a9d-4d0c-aa5a-9d5b819ad9eb" testListId="8c84fa94-04c1-424b-9868-57a2d4851a1d" />    <TestEntry testId="aaf7673c-3690-47d3-6bb5-482c5f24f213" executionId="98365ec7-c06b-4fd3-8540-4c6dd9cc4c69" testListId="8c84fa94-04c1-424b-9868-57a2d4851a1d" />    <TestEntry testId="6c61fe55-e50a-5bef-e67f-90b4f89cdc54" executionId="f1263a78-4438-4722-9ca2-41f2238dde67" testListId="8c84fa94-04c1-424b-9868-57a2d4851a1d" />    <TestEntry testId="9876eb3a-4910-7af4-5024-31e212a1cbdc" executionId="dc474476-9608-4696-a74b-d5f1ebd86b5f" testListId="8c84fa94-04c1-424b-9868-57a2d4851a1d" />    <TestEntry testId="b7625cf1-b610-5d13-4f12-32d6876d6336" executionId="79073cec-c25e-41f8-bbae-9d86c9390b60" testListId="8c84fa94-04c1-424b-9868-57a2d4851a1d" />    <TestEntry testId="b4c8e0ce-bbde-31a2-0dfc-06e4ee0b7201" executionId="a072ec17-8f18-42cc-a202-983dc99ffe37" testListId="8c84fa94-04c1-424b-9868-57a2d4851a1d" />    <TestEntry testId="ec73293f-e87e-9a28-c7ec-c7e7a51aecd2" executionId="f1551e21-b3fd-4b45-b3a5-1f120f241faf" testListId="8c84fa94-04c1-424b-9868-57a2d4851a1d" />    <TestEntry testId="4831ce1f-f2db-4c4d-9f80-ff2586afc23c" executionId="be4772d4-3f25-4144-ac07-1911334662e1" testListId="8c84fa94-04c1-424b-9868-57a2d4851a1d" />    <TestEntry testId="b04e7110-5a79-ead1-0b2d-421790c1c9a0" executionId="69f70749-e5e7-415a-a286-a939b4133478" testListId="8c84fa94-04c1-424b-9868-57a2d4851a1d" />    <TestEntry testId="0d727253-2a41-8689-dfc6-0370fb4678e3" executionId="0fe1126d-5cbc-4b59-95a3-90f6a05ae36d" testListId="8c84fa94-04c1-424b-9868-57a2d4851a1d" />    <TestEntry testId="aad8092e-7726-fd6d-1c2e-3c1a51611329" executionId="2bbf5544-b559-4437-93c2-2c96049c5c53" testListId="8c84fa94-04c1-424b-9868-57a2d4851a1d" />    <TestEntry testId="61712ccb-1eb1-bed1-cdbc-971301eaab09" executionId="9589e2a3-386c-4f13-8ceb-231e212abca0" testListId="8c84fa94-04c1-424b-9868-57a2d4851a1d" />    <TestEntry testId="27937de2-b44e-f2c7-a270-383b2fc7d892" executionId="9d6f4ea3-4071-48a7-b6c0-818d43af59a6" testListId="8c84fa94-04c1-424b-9868-57a2d4851a1d" />    <TestEntry testId="80f7ea4b-b051-1cb3-0bce-bfe18bb3a52a" executionId="e2fc7b92-98f4-471b-957e-bd5bfa002bb2" testListId="8c84fa94-04c1-424b-9868-57a2d4851a1d" />    <TestEntry testId="4238bff1-0553-0361-e7b1-593798ef598d" executionId="60f0c6ef-d240-4b8b-8c0c-efa0695e4542" testListId="8c84fa94-04c1-424b-9868-57a2d4851a1d" />    <TestEntry testId="975d9ec3-8d37-f50b-6de5-3a6a8dcbea98" executionId="70b59400-cfba-4cac-821f-52b9335afdff" testListId="8c84fa94-04c1-424b-9868-57a2d4851a1d" />    <TestEntry testId="3329b68e-2e30-cf77-779a-36597daab0fb" executionId="e2176a6a-1147-4b64-ab81-13217cb685dc" testListId="8c84fa94-04c1-424b-9868-57a2d4851a1d" />    <TestEntry testId="c7594f63-1d95-932f-ebf8-6fee8ae5f1d6" executionId="6e78593d-cc19-4ac5-912a-1d5ffa99258d" testListId="8c84fa94-04c1-424b-9868-57a2d4851a1d" />    <TestEntry testId="8e8e4105-54e3-eed8-a91b-b02f9924765b" executionId="82e27583-b0fe-4799-9944-eab514c09102" testListId="8c84fa94-04c1-424b-9868-57a2d4851a1d" />    <TestEntry testId="60bd7cb7-cfab-96c7-8f86-602f14379c86" executionId="b6ffa71f-1985-4b1c-afd4-8e6e3c631f77" testListId="8c84fa94-04c1-424b-9868-57a2d4851a1d" />    <TestEntry testId="19bc69df-94b7-be20-df68-978042d555f0" executionId="5765abca-0cb4-45cb-a463-6737f11bbb39" testListId="8c84fa94-04c1-424b-9868-57a2d4851a1d" />    <TestEntry testId="cc122031-3070-be10-779a-aa473cba7b71" executionId="a6e66f8b-550a-4661-8032-c8abd3f8476c" testListId="8c84fa94-04c1-424b-9868-57a2d4851a1d" />    <TestEntry testId="f40f2b0d-5375-7deb-4ac2-b251f490b226" executionId="22bd8fd4-0ed1-43b3-8c3f-c791da4cad6e" testListId="8c84fa94-04c1-424b-9868-57a2d4851a1d" />    <TestEntry testId="c8f51442-52b0-1aa0-fd33-ff84413a6623" executionId="8ee74066-f3fc-42bb-94d3-a652910c234f" testListId="8c84fa94-04c1-424b-9868-57a2d4851a1d" />    <TestEntry testId="d62a7ab7-fde4-fb6c-2349-b807a2ce4c32" executionId="58d1dd75-d1a8-4a86-9604-7ca75be1a6d8" testListId="8c84fa94-04c1-424b-9868-57a2d4851a1d" />    <TestEntry testId="ad04a017-3344-e3ce-e238-a65a7aa12376" executionId="0914ba3b-b81e-45fb-9424-527e1962f895" testListId="8c84fa94-04c1-424b-9868-57a2d4851a1d" />    <TestEntry testId="3a863c5f-cc30-5b58-f2fa-b40e249dc40d" executionId="27ee3605-d041-4993-939e-c4ba258c7021" testListId="8c84fa94-04c1-424b-9868-57a2d4851a1d" />    <TestEntry testId="5df5f99b-a925-e383-0d54-f3f35c0d8b18" executionId="000014a3-c275-4f27-8e62-2eaf976ce0df" testListId="8c84fa94-04c1-424b-9868-57a2d4851a1d" />    <TestEntry testId="d54a60cc-1693-e88f-0a93-3cd5bb956a43" executionId="7ea1c2c0-1755-4195-9f29-de21af269d98" testListId="8c84fa94-04c1-424b-9868-57a2d4851a1d" />    <TestEntry testId="6d99f68a-c9a0-e966-8a8b-e7c4a7f11fdc" executionId="3d9afec0-2669-4c09-b246-cd2d5b961102" testListId="8c84fa94-04c1-424b-9868-57a2d4851a1d" />    <TestEntry testId="8ea3f5d9-be79-50f8-78ac-1ac4d6d30ab7" executionId="86273a5b-2874-440e-9a08-989fb466a10a" testListId="8c84fa94-04c1-424b-9868-57a2d4851a1d" />    <TestEntry testId="fc02a497-819a-3f32-2224-23488af73a07" executionId="5e7d5788-b78d-41b5-8a16-833302cfdb6f" testListId="8c84fa94-04c1-424b-9868-57a2d4851a1d" />    <TestEntry testId="e1c4a37f-8828-fd4e-cd61-cc5c2bcbf4ff" executionId="e85e22c3-edad-487e-b00a-5c57ed2d099c" testListId="8c84fa94-04c1-424b-9868-57a2d4851a1d" />    <TestEntry testId="530bd776-bb5e-db46-0c08-27e58ba5835c" executionId="21de5329-505d-4404-b726-6acf981a6f43" testListId="8c84fa94-04c1-424b-9868-57a2d4851a1d" />    <TestEntry testId="d69cacd7-76cd-e3b3-0b3e-beb0b1e9e32c" executionId="65f120a2-ef38-4444-a52d-0566e3d7e1bc" testListId="8c84fa94-04c1-424b-9868-57a2d4851a1d" />    <TestEntry testId="b8d8be7b-85e8-23ce-f926-1d21f70bed79" executionId="8d295a3b-9551-4d01-95d1-e417b31f0d01" testListId="8c84fa94-04c1-424b-9868-57a2d4851a1d" />    <TestEntry testId="db6f10f8-6eea-e6a6-0b10-5df452de536b" executionId="7ef8c01f-fd3c-4cd1-a6b9-ee10ccda7389" testListId="8c84fa94-04c1-424b-9868-57a2d4851a1d" />    <TestEntry testId="0de871b3-8216-81a4-99e8-8422673d63fc" executionId="ad77842c-de74-4b4f-babd-cc2af0ebad92" testListId="8c84fa94-04c1-424b-9868-57a2d4851a1d" />    <TestEntry testId="f8603f2f-c400-71f6-18e9-dc2a12f786fb" executionId="3e11cb86-f159-40ae-8d0e-84cbc447b907" testListId="8c84fa94-04c1-424b-9868-57a2d4851a1d" />    <TestEntry testId="ab8de816-35c8-4afc-3718-aa6e536880d5" executionId="5d1d6c93-3b67-4f18-b01f-5898c8e3c959" testListId="8c84fa94-04c1-424b-9868-57a2d4851a1d" />    <TestEntry testId="345e8fda-ddf3-519c-f560-86229247ca00" executionId="82d97f73-adf7-4332-bcd2-28df372376a1" testListId="8c84fa94-04c1-424b-9868-57a2d4851a1d" />    <TestEntry testId="0ad8c3ed-bfa6-8fb3-ada9-8cf2e29f0424" executionId="26b4c449-ee23-42d9-ba6d-7f67abeceb7f" testListId="8c84fa94-04c1-424b-9868-57a2d4851a1d" />    <TestEntry testId="1c24e08b-ed42-df7a-bfad-c0e2d3a516f0" executionId="577b0c3d-8efd-4cc1-a3d7-b9b530940cd1" testListId="8c84fa94-04c1-424b-9868-57a2d4851a1d" />    <TestEntry testId="9bf87213-bccd-5958-dac6-871db8f8672f" executionId="6d41b463-e9e5-47ad-88b9-8e38a57b6847" testListId="8c84fa94-04c1-424b-9868-57a2d4851a1d" />    <TestEntry testId="78e0b479-3259-adf8-964c-50107d7035de" executionId="d8737c3a-39d7-4690-b2c1-f4ac9f6d9b52" testListId="8c84fa94-04c1-424b-9868-57a2d4851a1d" />    <TestEntry testId="0fab150a-6da3-015a-7701-994ba2416f81" executionId="9d4e5b51-be73-469a-a500-b372830ce391" testListId="8c84fa94-04c1-424b-9868-57a2d4851a1d" />    <TestEntry testId="252c4882-2c64-bd9a-4d71-9fec5c85a195" executionId="69c9bae4-3f16-4552-8614-bc8142fd4fc1" testListId="8c84fa94-04c1-424b-9868-57a2d4851a1d" />    <TestEntry testId="78efd8c4-dd5d-d5bd-371f-db4a6931e7d7" executionId="03e1c838-325d-4000-b62c-df8aeeed7b66" testListId="8c84fa94-04c1-424b-9868-57a2d4851a1d" />    <TestEntry testId="5b7f3d9c-c26e-485c-0c81-8958c30e5394" executionId="8adcc321-6cca-4092-aded-4ed1e58cacbf" testListId="8c84fa94-04c1-424b-9868-57a2d4851a1d" />    <TestEntry testId="72186436-1343-7837-703a-68f598c35228" executionId="02c9d81d-354a-47bb-b0d2-a8afa358e369" testListId="8c84fa94-04c1-424b-9868-57a2d4851a1d" />    <TestEntry testId="8d376db3-310b-d7f2-0b21-286a7faf39d4" executionId="6743c369-d968-40ae-93e6-b2db17c4c7a0" testListId="8c84fa94-04c1-424b-9868-57a2d4851a1d" />    <TestEntry testId="b7e6520b-7191-5241-de17-81d24afdcf71" executionId="8859053e-8aa5-4285-9b87-c87c5f36d72d" testListId="8c84fa94-04c1-424b-9868-57a2d4851a1d" />    <TestEntry testId="91024be9-0f79-b390-5aca-3daaf7d8c013" executionId="84ef650d-1596-430d-883f-d4097eff5078" testListId="8c84fa94-04c1-424b-9868-57a2d4851a1d" />    <TestEntry testId="f926c559-69a0-5a07-ba92-85028f61db87" executionId="224590c5-e716-491b-ab03-2cf3b8628c23" testListId="8c84fa94-04c1-424b-9868-57a2d4851a1d" />    <TestEntry testId="7687a9b4-511a-4d06-dc58-1dbc6556df71" executionId="91b3e44f-3712-4fa0-93e5-75f765e37cb5" testListId="8c84fa94-04c1-424b-9868-57a2d4851a1d" />    <TestEntry testId="a067bbae-5425-2ff6-a413-d8b72b4e3c55" executionId="cbbd4ee5-9edb-45af-88b7-b8bc92c7354e" testListId="8c84fa94-04c1-424b-9868-57a2d4851a1d" />    <TestEntry testId="5d582fc7-7eda-679c-f765-d0a39a30dae2" executionId="c5908354-850c-476b-b0cd-5a16057682f1" testListId="8c84fa94-04c1-424b-9868-57a2d4851a1d" />    <TestEntry testId="955bf2eb-d744-a0a9-cc59-dffdc24bfc72" executionId="012f5da5-f3e8-47d7-9a48-a0489280ecf6" testListId="8c84fa94-04c1-424b-9868-57a2d4851a1d" />    <TestEntry testId="cba37b4a-9b74-c1c3-3e2d-f6060895afe7" executionId="b95ff8c1-2a26-4a73-8de2-ff8d6cdebea3" testListId="8c84fa94-04c1-424b-9868-57a2d4851a1d" />    <TestEntry testId="27788f1a-25e4-97e5-1de8-23ce4c3bb266" executionId="f1aff999-7a3b-4ec7-9acf-b3b4c477ef93" testListId="8c84fa94-04c1-424b-9868-57a2d4851a1d" />    <TestEntry testId="3c4dc27f-cdac-f9c7-b5d2-13fbb439c116" executionId="b3436651-8aaf-4e34-9706-da27e6b98045" testListId="8c84fa94-04c1-424b-9868-57a2d4851a1d" />    <TestEntry testId="04e14fca-0d7b-f9bf-15b2-4a6d73917532" executionId="c3358181-cbff-4ba7-b17d-d4bcfaebf919" testListId="8c84fa94-04c1-424b-9868-57a2d4851a1d" />    <TestEntry testId="7d9b61f7-701b-2396-8a26-0a8a8f4cc81b" executionId="c8f9f007-a1ca-42c1-89e6-74d8e2ebdda0" testListId="8c84fa94-04c1-424b-9868-57a2d4851a1d" />    <TestEntry testId="3dd030f6-48eb-af70-a4d9-48bee558d806" executionId="f6ef35d1-808b-499c-9b7d-a7e24259d8e1" testListId="8c84fa94-04c1-424b-9868-57a2d4851a1d" />    <TestEntry testId="38e3e925-7c1b-d0d1-0470-148eaa52394f" executionId="e1426660-c9d7-4aaf-b5ec-cd7f07b1b792" testListId="8c84fa94-04c1-424b-9868-57a2d4851a1d" />    <TestEntry testId="0de52321-87a7-c5aa-a1f6-30b68d3d6ed6" executionId="b47eabad-3a7b-49e3-ae09-83d9771b24e9" testListId="8c84fa94-04c1-424b-9868-57a2d4851a1d" />    <TestEntry testId="b2430f61-aae0-0dba-fe0b-5495c095fe33" executionId="1de85667-d12f-4488-bf5d-552483831001" testListId="8c84fa94-04c1-424b-9868-57a2d4851a1d" />    <TestEntry testId="b378b4c3-6f10-c7c8-0c35-13115b8213d7" executionId="7dec0bab-1bfa-400f-b58e-1277ada6ba88" testListId="8c84fa94-04c1-424b-9868-57a2d4851a1d" />    <TestEntry testId="8d3bbd68-319e-7a93-086a-7accf74a8702" executionId="972649d8-69e9-4f20-b5a9-f401cd8d2643" testListId="8c84fa94-04c1-424b-9868-57a2d4851a1d" />    <TestEntry testId="8e1be9ab-7caf-7274-6ec7-5d864136b0e8" executionId="87a69555-ee7e-4732-98d0-b940e300529f" testListId="8c84fa94-04c1-424b-9868-57a2d4851a1d" />    <TestEntry testId="c47a1081-7f1b-b060-1c9f-6fbcf895aba2" executionId="b02c0b16-a5df-490a-89d9-4ef797f9330c" testListId="8c84fa94-04c1-424b-9868-57a2d4851a1d" />    <TestEntry testId="0d0ad5ee-c8ac-cce2-8afb-ec5b4ac29630" executionId="1b970132-053f-4538-8188-3fa4c275b744" testListId="8c84fa94-04c1-424b-9868-57a2d4851a1d" />    <TestEntry testId="c5e86cd4-550c-fc22-2841-ae642c4f66d6" executionId="6a47c856-0361-4b39-b44e-aaccb7e6d338" testListId="8c84fa94-04c1-424b-9868-57a2d4851a1d" />    <TestEntry testId="25569907-649c-bdc3-f698-4e8f853c0b0c" executionId="1d4f1335-896c-4183-b2b7-1640990dbfee" testListId="8c84fa94-04c1-424b-9868-57a2d4851a1d" />    <TestEntry testId="f0a5e2a2-643c-cfbb-516b-a24a63e164ed" executionId="1c39ce96-f655-418b-8da3-428ed1fd41e0" testListId="8c84fa94-04c1-424b-9868-57a2d4851a1d" />    <TestEntry testId="b5789d7a-cf8f-9d5e-53be-2e0e52775d25" executionId="cd6443eb-e8f9-4753-910c-f13391656b3b" testListId="8c84fa94-04c1-424b-9868-57a2d4851a1d" />    <TestEntry testId="b4e77dd6-9b5d-0d26-de58-7c8c81992456" executionId="ce1e7313-a870-49e3-8dbb-07369abd78eb" testListId="8c84fa94-04c1-424b-9868-57a2d4851a1d" />    <TestEntry testId="abd7e0ba-5b26-1bba-6689-8463a1f1911a" executionId="6a570d65-b3bb-4a2f-925f-5b4ee49bc826" testListId="8c84fa94-04c1-424b-9868-57a2d4851a1d" />    <TestEntry testId="a1757e4f-71e1-d03f-ea96-ed55ffe85463" executionId="515f392b-4a5b-4809-9344-ce71713b551c" testListId="8c84fa94-04c1-424b-9868-57a2d4851a1d" />    <TestEntry testId="1d8d0aa6-66b2-c850-1cfe-831c63d15b1e" executionId="3781ad61-0143-4e09-ba2a-fb5c8ebbeca3" testListId="8c84fa94-04c1-424b-9868-57a2d4851a1d" />    <TestEntry testId="86430774-7c36-7017-6309-a7ef0f89ebe7" executionId="6f2552e8-d65b-436e-92ee-95eaed93c58a" testListId="8c84fa94-04c1-424b-9868-57a2d4851a1d" />    <TestEntry testId="0f2681f7-1010-34d9-47e5-ff2dcb21af63" executionId="4bd5c8e2-144d-4837-86b5-10367d94bb8d" testListId="8c84fa94-04c1-424b-9868-57a2d4851a1d" />    <TestEntry testId="b714ab82-03e7-59a0-9f1f-7c148a68b064" executionId="ee15dd0c-370a-4e16-b3cf-a97db2eaef39" testListId="8c84fa94-04c1-424b-9868-57a2d4851a1d" />    <TestEntry testId="fd729553-89f8-2016-dca6-562dc0e18ec9" executionId="c45cc948-2745-4752-83f7-ad21f772bd43" testListId="8c84fa94-04c1-424b-9868-57a2d4851a1d" />    <TestEntry testId="7f4780c7-2ead-21bd-62d9-479a866dbfaa" executionId="cf2dbae5-439b-4b54-844a-ae8f8ecf4770" testListId="8c84fa94-04c1-424b-9868-57a2d4851a1d" />    <TestEntry testId="a9d008f0-4ea7-239c-37c3-a74011ebb7fe" executionId="23052603-1738-4dc3-9479-dda6ddf591a4" testListId="8c84fa94-04c1-424b-9868-57a2d4851a1d" />    <TestEntry testId="012d05d3-cdda-ef0e-7ee0-ce2fd3edc5cb" executionId="c889cc58-522d-4126-a36d-390c569ef76e" testListId="8c84fa94-04c1-424b-9868-57a2d4851a1d" />    <TestEntry testId="ba6386bc-ee07-82a7-7130-4007442a1286" executionId="51fb48e4-2836-4dfc-a928-0f59c613c58f" testListId="8c84fa94-04c1-424b-9868-57a2d4851a1d" />    <TestEntry testId="57eae8a4-fc62-b1c1-6eb1-3c0d514aea83" executionId="fe455946-55bf-4bca-8b31-22f224da0786" testListId="8c84fa94-04c1-424b-9868-57a2d4851a1d" />    <TestEntry testId="6eabfca3-15ec-01a2-efee-c98955623bb3" executionId="43c61361-9d9c-40ac-9fdf-d5792b45800f" testListId="8c84fa94-04c1-424b-9868-57a2d4851a1d" />    <TestEntry testId="bf25123b-715f-c738-afcc-7ec9de21e2a2" executionId="70af9073-88e4-46d8-bd95-d9f915451b5e" testListId="8c84fa94-04c1-424b-9868-57a2d4851a1d" />    <TestEntry testId="de4d6217-4faf-bbf5-8f87-e7aa0ba7aade" executionId="be1b1a24-d48f-4873-b004-8180a3062bea" testListId="8c84fa94-04c1-424b-9868-57a2d4851a1d" />    <TestEntry testId="302cebbe-592e-c036-77b9-77fb56b5b24c" executionId="b2f69411-e056-4bd6-83ce-a3af9670bc54" testListId="8c84fa94-04c1-424b-9868-57a2d4851a1d" />    <TestEntry testId="6ea7ba49-eb5e-4758-9701-98925f4649f5" executionId="d74e8548-5e30-425f-bdd9-b9fb72ac4050" testListId="8c84fa94-04c1-424b-9868-57a2d4851a1d" />    <TestEntry testId="b87f9e21-7e64-4739-97ba-5a307cd399d5" executionId="cde40a6d-96c3-45be-aebe-d96dfe5321f4" testListId="8c84fa94-04c1-424b-9868-57a2d4851a1d" />    <TestEntry testId="ca533035-4894-0f0a-9bf9-dab39ecba7e8" executionId="aa31082c-1db1-4f39-932c-09349e157ad1" testListId="8c84fa94-04c1-424b-9868-57a2d4851a1d" />    <TestEntry testId="911426f0-d684-c7e1-09ee-914539606cb1" executionId="700ba2a3-5a89-417d-b5a5-a90ea64d7d8c" testListId="8c84fa94-04c1-424b-9868-57a2d4851a1d" />    <TestEntry testId="4b07b12f-bc8e-41a4-b02a-5e065ff359e0" executionId="d34f6d6a-e451-46a5-9540-afe9d4a51d60" testListId="8c84fa94-04c1-424b-9868-57a2d4851a1d" />    <TestEntry testId="7a56e7ca-3c8c-9dc4-8190-d3dc23bcbe57" executionId="20e44c5b-e80f-4eef-86b3-3777557abe91" testListId="8c84fa94-04c1-424b-9868-57a2d4851a1d" />    <TestEntry testId="13d3d631-2839-f942-da46-3eaa6a51bb79" executionId="855963cc-95a7-4598-a72b-19dda285319e" testListId="8c84fa94-04c1-424b-9868-57a2d4851a1d" />    <TestEntry testId="791c7d83-c38f-ea63-2783-8ffda05f37f8" executionId="14bf58b1-e815-4220-84ab-2bd709dc4e19" testListId="8c84fa94-04c1-424b-9868-57a2d4851a1d" />    <TestEntry testId="bd7851a1-d393-2313-5612-78f60cad6ac4" executionId="bd3875d0-9157-4a61-8e5b-fc5891075abd" testListId="8c84fa94-04c1-424b-9868-57a2d4851a1d" />    <TestEntry testId="a9064c20-0a99-9b46-433c-942d9bf9bbe1" executionId="16722a46-07e6-45a3-882c-343c8f02382d" testListId="8c84fa94-04c1-424b-9868-57a2d4851a1d" />    <TestEntry testId="7391a19e-aace-6901-a7a3-5a01c30a18ae" executionId="6f4eafb0-1577-4680-b6fa-256d38acc963" testListId="8c84fa94-04c1-424b-9868-57a2d4851a1d" />    <TestEntry testId="e4b21b3e-3f33-a7c0-aa29-b561fc833905" executionId="03ded57c-301d-46b5-8d3c-1a975cdf7c7c" testListId="8c84fa94-04c1-424b-9868-57a2d4851a1d" />    <TestEntry testId="14741457-6f63-60be-2744-4872a8528cdb" executionId="934bcdd1-0e1e-42be-80a0-8c7ff0e863e5" testListId="8c84fa94-04c1-424b-9868-57a2d4851a1d" />    <TestEntry testId="31631701-e7f0-05d8-ea53-f91f9d5a9f39" executionId="6a5971cd-6c25-4b03-ac09-2b0965648116" testListId="8c84fa94-04c1-424b-9868-57a2d4851a1d" />    <TestEntry testId="6e0c223d-5963-4ee2-ad4b-07b64add840c" executionId="9c651770-1208-4475-9271-cd5ea5fce39a" testListId="8c84fa94-04c1-424b-9868-57a2d4851a1d" />    <TestEntry testId="b29ed5a1-891e-b6da-e2d7-e91787211cbc" executionId="92be599f-5571-4fda-9454-54c4925d85cf" testListId="8c84fa94-04c1-424b-9868-57a2d4851a1d" />    <TestEntry testId="e3045bfa-0a4f-2610-d162-d6052a6d722a" executionId="a42c46a9-7df9-4355-b1d4-0e5a7f849096" testListId="8c84fa94-04c1-424b-9868-57a2d4851a1d" />    <TestEntry testId="54731a81-be20-7897-6114-1ac6cf124061" executionId="075583e4-b3d9-4aed-8f7c-b720b61fca57" testListId="8c84fa94-04c1-424b-9868-57a2d4851a1d" />    <TestEntry testId="4454c496-8ce9-c10e-fd1f-7f91d84d95cf" executionId="44530efd-11e5-4db9-af4f-96cf6ba38b75" testListId="8c84fa94-04c1-424b-9868-57a2d4851a1d" />    <TestEntry testId="58ec7d6f-1827-e293-c3f1-4b1d269072f2" executionId="c36066e2-ed90-4a45-b5b2-282740b95c14" testListId="8c84fa94-04c1-424b-9868-57a2d4851a1d" />    <TestEntry testId="08aa170e-0bee-a361-019e-13500eb07110" executionId="56b2f8ea-e335-4c8b-b5fd-2b1b75fbeec0" testListId="8c84fa94-04c1-424b-9868-57a2d4851a1d" />    <TestEntry testId="ccadfd66-3ee1-d438-b2ea-21700ccd8b26" executionId="7ca49aef-3d7f-4039-9eac-251728e26f23" testListId="8c84fa94-04c1-424b-9868-57a2d4851a1d" />    <TestEntry testId="9ba0fbbf-c124-d662-a95a-dee8f4ba6300" executionId="e7d8f8e3-d7ad-4c6a-ad70-3bfe9e43a441" testListId="8c84fa94-04c1-424b-9868-57a2d4851a1d" />    <TestEntry testId="6ca3544a-a6ce-7a38-9682-0976b4a9a1e2" executionId="136779f6-e3da-4a8c-aece-81b8facd57cf" testListId="8c84fa94-04c1-424b-9868-57a2d4851a1d" />    <TestEntry testId="bb42a532-02f6-6960-3e9d-33ca3c5d5e25" executionId="a0cab301-e2a7-40f3-8f97-256c5210f55f" testListId="8c84fa94-04c1-424b-9868-57a2d4851a1d" />    <TestEntry testId="42e593fa-bee0-ceda-9985-3dbb8128f42f" executionId="3b0c1076-db4d-4b3d-809b-f9ae687e871a" testListId="8c84fa94-04c1-424b-9868-57a2d4851a1d" />    <TestEntry testId="13dc9935-d5b7-22f0-6343-a9f468aa7522" executionId="9761f86b-923f-4ee2-92f9-23f7a971c764" testListId="8c84fa94-04c1-424b-9868-57a2d4851a1d" />    <TestEntry testId="9847e6d4-2db7-a109-bce5-1e8c418ddc15" executionId="bbb21b43-3217-4412-a8ee-381b68f642ec" testListId="8c84fa94-04c1-424b-9868-57a2d4851a1d" />    <TestEntry testId="a32c43cc-145c-f7f1-6bff-63a3c42e7cde" executionId="cefcfa90-09c1-4c17-aba8-a95690a6bf39" testListId="8c84fa94-04c1-424b-9868-57a2d4851a1d" />    <TestEntry testId="de042ee0-23c0-6f92-d11d-37c0aaca3f59" executionId="9a12e60f-def6-459d-9528-35b23d8a2acf" testListId="8c84fa94-04c1-424b-9868-57a2d4851a1d" />    <TestEntry testId="9e3ab945-d402-92fa-a432-1b6ca96a32ba" executionId="73a4176e-cbc0-4c25-8227-58a1a05c401d" testListId="8c84fa94-04c1-424b-9868-57a2d4851a1d" />    <TestEntry testId="17de6989-410c-6dd6-7db7-65c3fc4b5a81" executionId="12a13950-4554-4884-b034-036442d7d14a" testListId="8c84fa94-04c1-424b-9868-57a2d4851a1d" />    <TestEntry testId="ddb95f2d-1de0-700b-f225-31f08dbcab15" executionId="3917fc11-9b44-4093-b746-ab2fb02df4eb" testListId="8c84fa94-04c1-424b-9868-57a2d4851a1d" />    <TestEntry testId="d6158266-3e43-d3e5-1d59-8422d38c36e6" executionId="f0d395bf-b07f-4804-abbd-c882dc61c8fe" testListId="8c84fa94-04c1-424b-9868-57a2d4851a1d" />    <TestEntry testId="32de17be-d913-ce74-c42c-3cb590dbca7e" executionId="f70d4818-2bf4-40eb-9f4a-cebff64c466f" testListId="8c84fa94-04c1-424b-9868-57a2d4851a1d" />    <TestEntry testId="c7015e05-590e-68dc-ce51-1a7d11423764" executionId="12c42a06-2549-40b9-a72e-a1470c6d14bd" testListId="8c84fa94-04c1-424b-9868-57a2d4851a1d" />    <TestEntry testId="01a917da-af8e-dc89-f982-a61468f720b1" executionId="53f637e8-ea38-48bf-aca4-de0b0e4b448f" testListId="8c84fa94-04c1-424b-9868-57a2d4851a1d" />    <TestEntry testId="5c820662-de25-fc43-3251-36d49fbdee72" executionId="37343417-9d2f-4d22-bae0-d154f2055e06" testListId="8c84fa94-04c1-424b-9868-57a2d4851a1d" />    <TestEntry testId="ee526b05-e2fe-32c8-3ad7-c0e47221152d" executionId="37381f7e-9153-446d-a4e4-529349e73494" testListId="8c84fa94-04c1-424b-9868-57a2d4851a1d" />    <TestEntry testId="4c2c0507-a64d-6e6b-477a-dd7127457d77" executionId="835ea2dd-ca16-4aab-ba8d-81039cb1333b" testListId="8c84fa94-04c1-424b-9868-57a2d4851a1d" />    <TestEntry testId="a6c2fdc2-d572-12fe-8838-aab9ffca8763" executionId="16b30f42-f408-43be-869c-a5006d6e80a1" testListId="8c84fa94-04c1-424b-9868-57a2d4851a1d" />    <TestEntry testId="ba0a03ee-a3eb-fe91-f758-f9740c4c55a4" executionId="85284657-c863-46d8-9956-a8614ee48900" testListId="8c84fa94-04c1-424b-9868-57a2d4851a1d" />    <TestEntry testId="2d09a5cd-c144-8fc3-8593-814aa73f247a" executionId="ebbc6ec3-3ee1-462a-8b2f-b03be52be5c8" testListId="8c84fa94-04c1-424b-9868-57a2d4851a1d" />    <TestEntry testId="d49eee95-53c2-4ffe-f896-eb37332737cf" executionId="e2e55f3b-2009-4216-914a-197e3536ee6d" testListId="8c84fa94-04c1-424b-9868-57a2d4851a1d" />    <TestEntry testId="19eeca2b-ff0e-f272-ec73-72a31cf8e95e" executionId="08ea26a9-b642-4555-be7e-fb6ee42b0d00" testListId="8c84fa94-04c1-424b-9868-57a2d4851a1d" />    <TestEntry testId="2f2c1ef7-4a9e-871d-d4b6-17c151c61b41" executionId="f0a42810-0d74-4648-a8ca-5eeb663dbd78" testListId="8c84fa94-04c1-424b-9868-57a2d4851a1d" />    <TestEntry testId="6adc519e-93dc-8188-14a8-bce7d8612a6d" executionId="727eaddb-5759-4f3c-a2d9-b6a6ef13101f" testListId="8c84fa94-04c1-424b-9868-57a2d4851a1d" />    <TestEntry testId="4e13138b-b6de-e265-5875-6d7fb77a7962" executionId="dbb28ec1-70ff-497c-93aa-1371cb747186" testListId="8c84fa94-04c1-424b-9868-57a2d4851a1d" />    <TestEntry testId="5aa38983-0dfb-4a60-357c-2d8782cb64b1" executionId="9494f574-6c5d-42db-81e5-f98a7d4840d5" testListId="8c84fa94-04c1-424b-9868-57a2d4851a1d" />    <TestEntry testId="aea31092-71a2-80ae-19f4-8df5ffa87250" executionId="bd204d7f-b3b2-4635-9a51-d9c06bd720dc" testListId="8c84fa94-04c1-424b-9868-57a2d4851a1d" />    <TestEntry testId="b79dcff5-3090-1c49-8559-df4da7146816" executionId="c88f9dcb-8247-431a-b925-97cb4c61be0e" testListId="8c84fa94-04c1-424b-9868-57a2d4851a1d" />    <TestEntry testId="d15666db-0b53-e697-3720-950459332fbc" executionId="182d6d77-6780-4c74-9b5e-cc743d0a3fa3" testListId="8c84fa94-04c1-424b-9868-57a2d4851a1d" />    <TestEntry testId="6457ec6b-7735-9658-4d8f-7b6137491705" executionId="c19d5c70-d03d-4dcc-b1f5-2f3303425963" testListId="8c84fa94-04c1-424b-9868-57a2d4851a1d" />    <TestEntry testId="246e626b-75c4-ea1c-bc83-d4056cefd66a" executionId="6d6c0526-f209-40c2-b62f-f4199846546f" testListId="8c84fa94-04c1-424b-9868-57a2d4851a1d" />    <TestEntry testId="61a388f4-2ef0-3528-4a00-ecea6dee217e" executionId="69f37744-a5d3-42ab-876d-4a898b2d0fb3" testListId="8c84fa94-04c1-424b-9868-57a2d4851a1d" />    <TestEntry testId="074bd96e-e8a5-8ac0-e401-67618904fe55" executionId="cdd97528-1c58-4f50-8dc9-88bcdf9623e1" testListId="8c84fa94-04c1-424b-9868-57a2d4851a1d" />    <TestEntry testId="3e385389-0ff3-370c-c5c2-a19f1c4e777f" executionId="b391c7db-3331-44bd-bc4f-55c6904f8c74" testListId="8c84fa94-04c1-424b-9868-57a2d4851a1d" />    <TestEntry testId="29ce40d4-7595-ad8b-e1b1-ddc154a7724b" executionId="bde9030f-3300-451a-9727-40c3ed36528d" testListId="8c84fa94-04c1-424b-9868-57a2d4851a1d" />    <TestEntry testId="abd53c1c-08ba-09f7-769d-1062ce01c207" executionId="0153e8c5-0cf0-4977-931c-5444bce40f1d" testListId="8c84fa94-04c1-424b-9868-57a2d4851a1d" />    <TestEntry testId="756727b2-e98e-61ac-09fd-f0257a209aed" executionId="150157b8-aed3-48c8-8410-e6f31428570a" testListId="8c84fa94-04c1-424b-9868-57a2d4851a1d" />    <TestEntry testId="1fdc10df-73ad-b25e-2b82-9698349bb428" executionId="3cacfea8-8de0-477d-a485-64a495e61011" testListId="8c84fa94-04c1-424b-9868-57a2d4851a1d" />    <TestEntry testId="1081b2c5-f169-01e5-155c-0d00973389cf" executionId="f02d0269-fd82-45c0-8c98-cbf71b09e03b" testListId="8c84fa94-04c1-424b-9868-57a2d4851a1d" />    <TestEntry testId="aa787804-0117-488b-88e4-8edd75f97318" executionId="448f06df-33b1-4cda-8837-923ba6d01746" testListId="8c84fa94-04c1-424b-9868-57a2d4851a1d" />    <TestEntry testId="08b48e02-34a9-a3bf-4f63-bfd0dca7e43b" executionId="d10b5cb3-c643-4279-9128-c8dcfa792948" testListId="8c84fa94-04c1-424b-9868-57a2d4851a1d" />    <TestEntry testId="4a4f57cd-a9e3-99e8-b8df-b769d9d22f3d" executionId="1679410f-cc14-40e7-8b61-f80b1ab143e6" testListId="8c84fa94-04c1-424b-9868-57a2d4851a1d" />    <TestEntry testId="75720ab4-f3f2-7d55-c8bf-e0dca9802992" executionId="1fc23103-d65e-4cc7-8cc6-0673a4966baf" testListId="8c84fa94-04c1-424b-9868-57a2d4851a1d" />    <TestEntry testId="a8f1e1a3-9eae-6ca1-b213-e197d1e29374" executionId="c75b93ff-3f33-448d-ad08-9ed567c08c76" testListId="8c84fa94-04c1-424b-9868-57a2d4851a1d" />    <TestEntry testId="5e9f656b-abbd-49d4-49d8-9a4155812043" executionId="d2438a60-1ba9-4004-a638-038df9e1f63b" testListId="8c84fa94-04c1-424b-9868-57a2d4851a1d" />    <TestEntry testId="7b463b21-9338-41eb-2018-847a0a5550f3" executionId="071c2ebd-7d1e-4981-857d-fe39d8d9e2f1" testListId="8c84fa94-04c1-424b-9868-57a2d4851a1d" />    <TestEntry testId="07b817e1-dff8-3b20-8131-38d88cee2b7a" executionId="4ca6077c-59fb-45b8-b185-dfcf1b326c5e" testListId="8c84fa94-04c1-424b-9868-57a2d4851a1d" />    <TestEntry testId="bfd767b9-1af3-90da-2c44-b907df0646ff" executionId="5571d810-95d6-4c42-9da4-a9b22edde4c4" testListId="8c84fa94-04c1-424b-9868-57a2d4851a1d" />    <TestEntry testId="2d41973d-4d6b-fc48-e40b-f6f805d67a12" executionId="713e28d2-bcae-49d6-b7f5-78e0b24a9672" testListId="8c84fa94-04c1-424b-9868-57a2d4851a1d" />    <TestEntry testId="72f0acad-e72e-0760-4147-6e0c846804f0" executionId="288e7d32-3fe7-4727-b90b-a67647cb0b8f" testListId="8c84fa94-04c1-424b-9868-57a2d4851a1d" />    <TestEntry testId="8902f795-8af8-dabc-8a1d-448d54679240" executionId="e3e2e1bf-186a-4b76-8614-01fbf44e7705" testListId="8c84fa94-04c1-424b-9868-57a2d4851a1d" />    <TestEntry testId="63b7abc0-64ca-0d16-59ff-ec759d5563ba" executionId="3c9a2b77-02fd-4194-ad3c-5b7ec922249a" testListId="8c84fa94-04c1-424b-9868-57a2d4851a1d" />    <TestEntry testId="5c3fad22-5102-f075-bd76-815a8eb6e2e5" executionId="011f009e-98e1-45fe-a5d4-54df382b02d8" testListId="8c84fa94-04c1-424b-9868-57a2d4851a1d" />    <TestEntry testId="67341bb2-389c-12c2-cf9f-64ead8995ff0" executionId="f07756e9-e835-4f8d-a39b-5949ac7cd743" testListId="8c84fa94-04c1-424b-9868-57a2d4851a1d" />    <TestEntry testId="41c8c9cb-e9f5-7580-1483-353f9ee32474" executionId="62021d03-a428-454b-bedb-e6a9c426af15" testListId="8c84fa94-04c1-424b-9868-57a2d4851a1d" />    <TestEntry testId="1f57f1d1-6d9f-cf06-ba55-bd8fedd80a52" executionId="2f1f04cd-830f-4315-915a-12c54c481e92" testListId="8c84fa94-04c1-424b-9868-57a2d4851a1d" />    <TestEntry testId="5e1dd0dc-81b4-3655-1371-793d50ff80a0" executionId="984e2b8b-b4d3-4cdf-9854-a9b92bfe67e3" testListId="8c84fa94-04c1-424b-9868-57a2d4851a1d" />    <TestEntry testId="93df08de-7565-8a05-b95e-61c3fa867e52" executionId="66b33a04-9531-411c-99d4-64242e7e9116" testListId="8c84fa94-04c1-424b-9868-57a2d4851a1d" />    <TestEntry testId="01c4307c-810d-ead0-03a4-42dfbfd66e32" executionId="68c5bc8b-cff4-4d9a-93d0-40d5da516c16" testListId="8c84fa94-04c1-424b-9868-57a2d4851a1d" />    <TestEntry testId="f4183073-d09d-07ee-a5b0-58385b38f93f" executionId="98df87af-1a2b-4ad6-a4e1-02c9cdb081dc" testListId="8c84fa94-04c1-424b-9868-57a2d4851a1d" />    <TestEntry testId="1ffadd00-49e6-1d0b-b6ad-ba9dc70a3b2a" executionId="f205a1e3-44b2-412f-bdf2-d1721d48313e" testListId="8c84fa94-04c1-424b-9868-57a2d4851a1d" />    <TestEntry testId="be33f02f-90c5-8d1d-2e15-5dce23b10aff" executionId="f8ceca5a-7a00-43d9-b51c-98054f2d4fd9" testListId="8c84fa94-04c1-424b-9868-57a2d4851a1d" />    <TestEntry testId="3f1b217c-ce32-02ce-56f4-29c36a11fe8b" executionId="5c1d8f52-effa-4da4-9d2a-207b7b5ec9d9" testListId="8c84fa94-04c1-424b-9868-57a2d4851a1d" />    <TestEntry testId="928ea2b7-a9a7-ac6c-dd81-6ffe0539a38c" executionId="62a6955f-8bcc-4303-b45c-9bf5f53d1881" testListId="8c84fa94-04c1-424b-9868-57a2d4851a1d" />    <TestEntry testId="f1bf8ea0-62e7-5b8c-5be1-232bb02aea7f" executionId="185a14ca-fe79-4657-9e5c-f74c55ae6ffc" testListId="8c84fa94-04c1-424b-9868-57a2d4851a1d" />    <TestEntry testId="5f62350a-10ba-3b9a-08a4-9fc5e69ce9f3" executionId="ed3e30ba-3257-4651-ad67-849da6f666d6" testListId="8c84fa94-04c1-424b-9868-57a2d4851a1d" />    <TestEntry testId="3802393f-9585-399f-110c-df12751411e5" executionId="b9f41156-cbeb-4164-bc00-2591643b7efd" testListId="8c84fa94-04c1-424b-9868-57a2d4851a1d" />    <TestEntry testId="77bc26e2-45ec-0946-d587-e258b06c0295" executionId="3f61a498-6cd3-4dc5-adbb-5eec427ad23b" testListId="8c84fa94-04c1-424b-9868-57a2d4851a1d" />    <TestEntry testId="b9013459-0683-4107-03c8-1f45aea2a22f" executionId="9282627a-e95f-43ae-9d74-99653cce960f" testListId="8c84fa94-04c1-424b-9868-57a2d4851a1d" />    <TestEntry testId="c0f91bda-25a9-ecce-1604-5f5aceae79d4" executionId="916b59ff-4d39-4b60-af3e-90a562bb578a" testListId="8c84fa94-04c1-424b-9868-57a2d4851a1d" />    <TestEntry testId="c563191c-7742-f6ef-d04d-8d1bd3a76cd8" executionId="a98ad2e6-ee15-4435-979a-77bf0ab65407" testListId="8c84fa94-04c1-424b-9868-57a2d4851a1d" />    <TestEntry testId="781c2832-1c33-fd33-f3ec-f714ea63693b" executionId="cc734390-5597-44d5-83da-e2ea06a53d26" testListId="8c84fa94-04c1-424b-9868-57a2d4851a1d" />    <TestEntry testId="122d7de3-dbe7-5624-ab93-c49791e7087e" executionId="19376321-0d87-4b91-b54a-4b36f9c5468d" testListId="8c84fa94-04c1-424b-9868-57a2d4851a1d" />    <TestEntry testId="c16153a9-5a5b-49f8-4bcd-7c2e70587a67" executionId="b10f4ba6-5537-43cb-8da4-4e9ab5d2ae28" testListId="8c84fa94-04c1-424b-9868-57a2d4851a1d" />    <TestEntry testId="3154abfa-7de5-474a-2fcd-9eed58aadd2d" executionId="0c70e2be-f3b5-4686-b873-0d6f15286ee6" testListId="8c84fa94-04c1-424b-9868-57a2d4851a1d" />    <TestEntry testId="f655edef-b397-8754-f377-655e295670e9" executionId="517b5a18-e6f3-4272-95cc-d4425513d036" testListId="8c84fa94-04c1-424b-9868-57a2d4851a1d" />    <TestEntry testId="c836e576-0f71-7f0e-53a5-57acc6dc6284" executionId="8816a4da-58da-44ee-ac57-90f09cd4bad9" testListId="8c84fa94-04c1-424b-9868-57a2d4851a1d" />    <TestEntry testId="e308f587-625a-831a-d20a-eb69ba7be13c" executionId="1a28388a-c9c2-4299-9a9e-8c56b63998b1" testListId="8c84fa94-04c1-424b-9868-57a2d4851a1d" />    <TestEntry testId="ef168c4e-ac87-78c4-a831-e03e6abfeb17" executionId="1e797a45-a2fe-4f85-8233-aa1d721e855c" testListId="8c84fa94-04c1-424b-9868-57a2d4851a1d" />    <TestEntry testId="6bf88a82-0f93-8616-bf65-9701b0c2b7c8" executionId="1ac6d165-19f4-4068-8a5f-4c9f56666697" testListId="8c84fa94-04c1-424b-9868-57a2d4851a1d" />    <TestEntry testId="41ec8cd2-0829-01cb-39cf-54d3e934ee5a" executionId="265906c5-0bf2-4de6-9641-bbfa9558d6d9" testListId="8c84fa94-04c1-424b-9868-57a2d4851a1d" />    <TestEntry testId="86c8b915-4c57-8408-ef00-ea4926a70ec8" executionId="5d8a34cd-b8b9-4eef-9d07-a5c3e187d409" testListId="8c84fa94-04c1-424b-9868-57a2d4851a1d" />    <TestEntry testId="2f3a4eaf-719e-da5e-1508-aba0a27fbc53" executionId="021e660a-13dc-4348-8c3b-f5d0682aec67" testListId="8c84fa94-04c1-424b-9868-57a2d4851a1d" />    <TestEntry testId="6abec567-22e8-3653-3257-7b7354d09b57" executionId="d2a19230-2f61-43ff-aba8-2c082013c3fe" testListId="8c84fa94-04c1-424b-9868-57a2d4851a1d" />    <TestEntry testId="a05a1cdc-5b78-30ad-3cf3-ca763dddc4f6" executionId="f912a75b-e166-41c4-a73a-834cd460a5a7" testListId="8c84fa94-04c1-424b-9868-57a2d4851a1d" />    <TestEntry testId="14977266-5478-a5ae-4472-39b77564b9a6" executionId="d6a0a485-9f01-45bb-a264-527c5c4ffc6e" testListId="8c84fa94-04c1-424b-9868-57a2d4851a1d" />    <TestEntry testId="ba4a45df-b6a0-4c94-d783-90dba16e6369" executionId="440371c1-b1f7-4f86-8a02-d12f294392ab" testListId="8c84fa94-04c1-424b-9868-57a2d4851a1d" />    <TestEntry testId="1cd557eb-71b3-ee78-c92c-ff44717d90d6" executionId="9b8f9cd0-b56d-4847-b3d6-d63f61b70de8" testListId="8c84fa94-04c1-424b-9868-57a2d4851a1d" />    <TestEntry testId="5cedac59-2f4a-a83b-6f58-1f458b92172f" executionId="a908ad83-4e55-4a45-884b-440b7c07d174" testListId="8c84fa94-04c1-424b-9868-57a2d4851a1d" />    <TestEntry testId="687dfcd0-7afd-c819-9731-4944ab371aa9" executionId="c87b7c23-1afe-4d99-92e8-203ac83fe55e" testListId="8c84fa94-04c1-424b-9868-57a2d4851a1d" />    <TestEntry testId="3cea4d4c-6dbb-833a-4504-e1dd102669db" executionId="12e9fce3-148c-4112-9881-ebc3c8254455" testListId="8c84fa94-04c1-424b-9868-57a2d4851a1d" />    <TestEntry testId="c54a6815-1719-61a3-f7a7-a238e312e5b1" executionId="f2246772-eaa5-4f8b-b7df-cddb164f80b7" testListId="8c84fa94-04c1-424b-9868-57a2d4851a1d" />    <TestEntry testId="cac7658f-505c-e31f-f8cd-80fa656fe293" executionId="84758b60-05be-47a9-9ca1-4a9db21617e7" testListId="8c84fa94-04c1-424b-9868-57a2d4851a1d" />    <TestEntry testId="9e55a8c5-d42c-e0ab-ebce-a03da689687e" executionId="c2184596-960d-4a76-bf63-f6db8e4d3af1" testListId="8c84fa94-04c1-424b-9868-57a2d4851a1d" />    <TestEntry testId="20511c02-f23b-ded3-caff-62a60ba472ef" executionId="cf0f19e5-3011-4fcd-a6b8-7fffdd7b27ef" testListId="8c84fa94-04c1-424b-9868-57a2d4851a1d" />    <TestEntry testId="fc5ecb34-8d3b-c3f1-c0c8-ad4f84040c65" executionId="5b70f90c-2de5-470c-8a57-a8c9bfdb17c0" testListId="8c84fa94-04c1-424b-9868-57a2d4851a1d" />    <TestEntry testId="d9235f0d-54c0-c8c5-ef9b-d2d14db81e38" executionId="7a665d3a-ee9d-4d7d-ba8c-997b4588a16f" testListId="8c84fa94-04c1-424b-9868-57a2d4851a1d" />    <TestEntry testId="0ec997df-36a1-90ae-c4c0-7ea1d3a28cf5" executionId="6a6febe1-cbad-462e-8101-918d0435727b" testListId="8c84fa94-04c1-424b-9868-57a2d4851a1d" />    <TestEntry testId="45bf4967-ef9b-f492-99ff-aef38451a67e" executionId="f430e5e2-3829-44f0-b994-79df513e6787" testListId="8c84fa94-04c1-424b-9868-57a2d4851a1d" />    <TestEntry testId="669f512c-a39f-87bd-4074-096216d78698" executionId="58897ba3-0fe3-4ea1-a319-3d6a768e07e5" testListId="8c84fa94-04c1-424b-9868-57a2d4851a1d" />    <TestEntry testId="026748de-419f-252e-9ec5-bf8a291e25f3" executionId="2b2d950f-cc2f-4309-99ed-cda2b1a60295" testListId="8c84fa94-04c1-424b-9868-57a2d4851a1d" />    <TestEntry testId="313131a4-93f0-b6fe-bdf3-6e658c446092" executionId="36779306-8f42-4cb4-9592-a416e6981958" testListId="8c84fa94-04c1-424b-9868-57a2d4851a1d" />    <TestEntry testId="7ccd74d4-30d2-3895-6ae0-81003a665311" executionId="cb48e8b8-aa4d-4728-8598-deaf2998bfea" testListId="8c84fa94-04c1-424b-9868-57a2d4851a1d" />    <TestEntry testId="9aec86ee-d373-0683-acd9-af75e3117cce" executionId="91f073c2-9ad6-4c6c-b235-955e295fbf57" testListId="8c84fa94-04c1-424b-9868-57a2d4851a1d" />    <TestEntry testId="72c781a9-651d-f24a-d790-7206eb94c5a0" executionId="a4e621d7-c37c-47e6-afbf-502839f3c392" testListId="8c84fa94-04c1-424b-9868-57a2d4851a1d" />    <TestEntry testId="3bc81ed3-63f0-f4f5-d836-10894f91538a" executionId="cec3bcba-0e79-467c-991f-5894f02aa91a" testListId="8c84fa94-04c1-424b-9868-57a2d4851a1d" />    <TestEntry testId="44b9c85f-7f5c-944e-9cb5-248ca7324a0f" executionId="aea26d2a-e3ed-4e9d-a058-cbfd171128f9" testListId="8c84fa94-04c1-424b-9868-57a2d4851a1d" />    <TestEntry testId="04472e54-c4b3-b428-9902-e3188bf06913" executionId="798e5bc9-1c93-4bc8-abf0-028f14d7f33a" testListId="8c84fa94-04c1-424b-9868-57a2d4851a1d" />    <TestEntry testId="7281a549-3cb8-a222-0f6c-640e0f362601" executionId="742051ce-315a-4a6c-beae-3d0611105139" testListId="8c84fa94-04c1-424b-9868-57a2d4851a1d" />    <TestEntry testId="e49bbf5a-ea58-7417-f72c-27fdf7f7e04d" executionId="277b0d7a-8c66-4d9e-a3d6-351272342a70" testListId="8c84fa94-04c1-424b-9868-57a2d4851a1d" />    <TestEntry testId="e1abdace-ba25-a81d-7dd3-76acf866e486" executionId="04210889-44ed-4b44-a6fb-5e29df060c2e" testListId="8c84fa94-04c1-424b-9868-57a2d4851a1d" />    <TestEntry testId="2d03aae2-e22e-04d0-47e2-fb667ac89651" executionId="edc1f403-a0c7-4d4b-b4c8-93b9fe7ba8eb" testListId="8c84fa94-04c1-424b-9868-57a2d4851a1d" />    <TestEntry testId="6a88000a-c302-8141-5f97-a6ced567e031" executionId="33b2299c-10f8-4d56-af11-52c3d095fd82" testListId="8c84fa94-04c1-424b-9868-57a2d4851a1d" />    <TestEntry testId="49d2b8d2-65a2-19fc-4d27-b3ed539d1bfa" executionId="83c6c695-c382-469c-b9c9-f957081fa9b4" testListId="8c84fa94-04c1-424b-9868-57a2d4851a1d" />    <TestEntry testId="a2705a06-c48d-08f0-aa9c-47e54ce86ebc" executionId="da1c1f10-f067-4cf6-8575-d6d83bb349ce" testListId="8c84fa94-04c1-424b-9868-57a2d4851a1d" />    <TestEntry testId="a4644bbb-1da6-0e14-2c27-4230fbd562dc" executionId="127fac74-debe-4e34-b351-964df71fcfe6" testListId="8c84fa94-04c1-424b-9868-57a2d4851a1d" />    <TestEntry testId="8e610927-8efe-fe22-41e8-f28459468f09" executionId="f2b88a5a-4c9a-47cd-bbd8-c696f245bf9e" testListId="8c84fa94-04c1-424b-9868-57a2d4851a1d" />    <TestEntry testId="bb7b8bed-0812-d2e1-9356-30109aeadac0" executionId="54240724-785c-4863-9216-89e2d8228e96" testListId="8c84fa94-04c1-424b-9868-57a2d4851a1d" />    <TestEntry testId="2d1d592b-597a-0ee5-fe03-088653373603" executionId="6c8e566d-f101-4224-8bb6-058cf24a3393" testListId="8c84fa94-04c1-424b-9868-57a2d4851a1d" />    <TestEntry testId="0c00bb53-2494-ddbf-e8c1-515c3527f8c1" executionId="4723f850-7033-4b30-9d53-8b35800b63a3" testListId="8c84fa94-04c1-424b-9868-57a2d4851a1d" />    <TestEntry testId="ea720ff4-4a77-604c-6303-3e55d4c0d501" executionId="e90078ae-9d3b-4e51-b4d5-2d7ac7c21f9b" testListId="8c84fa94-04c1-424b-9868-57a2d4851a1d" />    <TestEntry testId="a7e477ce-f9e6-2282-4a8e-c4ac96f9ed22" executionId="fe3339a2-70a6-4708-8a6c-d654bb3af110" testListId="8c84fa94-04c1-424b-9868-57a2d4851a1d" />    <TestEntry testId="74c6e717-9c13-c2b7-b6e0-c0d7dc9636ce" executionId="037a51db-04a6-4e01-8835-70cd0efb84cb" testListId="8c84fa94-04c1-424b-9868-57a2d4851a1d" />    <TestEntry testId="4d359fcf-a5d1-efc3-9843-c249d2e857bd" executionId="4b90943c-067f-432a-ab50-d3b99b59826a" testListId="8c84fa94-04c1-424b-9868-57a2d4851a1d" />    <TestEntry testId="aa7bbb35-ba7c-a656-3bb0-aca6a0df3cc1" executionId="8dc81eba-afc5-4a99-9b5c-db5d9dcd5591" testListId="8c84fa94-04c1-424b-9868-57a2d4851a1d" />    <TestEntry testId="66fff366-0a40-720c-5230-1229347cfe4c" executionId="2eb4b52a-8c33-4805-b752-6ccba9e3c8d2" testListId="8c84fa94-04c1-424b-9868-57a2d4851a1d" />    <TestEntry testId="8c0c2798-7019-6e57-70d5-b03b9711759b" executionId="b83abc7d-b1a7-482b-a144-3da3a68dde3c" testListId="8c84fa94-04c1-424b-9868-57a2d4851a1d" />    <TestEntry testId="a4742de9-39bf-5d5f-4df7-8c29d6441ab0" executionId="5f22c3ba-97f4-4f92-b65f-9e59fdf104d3" testListId="8c84fa94-04c1-424b-9868-57a2d4851a1d" />    <TestEntry testId="df233803-875d-9714-f397-054679fa0b52" executionId="8155cc27-7284-4dd5-b4e6-29b28afb9bc2" testListId="8c84fa94-04c1-424b-9868-57a2d4851a1d" />    <TestEntry testId="25a910de-9d69-618c-70e4-4ec581434bab" executionId="a519c3f8-ac5f-40d5-8769-534c0b81eca1" testListId="8c84fa94-04c1-424b-9868-57a2d4851a1d" />    <TestEntry testId="f7fd82f3-34c3-839c-70af-0804d4a21f9e" executionId="7ae42763-aceb-4b96-9928-2c0529bcc3fb" testListId="8c84fa94-04c1-424b-9868-57a2d4851a1d" />    <TestEntry testId="cbbbc49c-e46b-81b6-83b8-8e0b2144fdc4" executionId="716d40de-9116-41eb-adcc-8465ad476540" testListId="8c84fa94-04c1-424b-9868-57a2d4851a1d" />    <TestEntry testId="87227436-3e9e-5e9c-161b-25d02aa8c1cc" executionId="ff7531ff-5e68-4545-b65e-14e9a27420ce" testListId="8c84fa94-04c1-424b-9868-57a2d4851a1d" />    <TestEntry testId="e6b0f534-536d-e0f7-3886-be6a8421cf45" executionId="03ddacdf-1905-47ee-af50-32012227914c" testListId="8c84fa94-04c1-424b-9868-57a2d4851a1d" />    <TestEntry testId="cee746dd-3db5-d584-b879-fcee010ce4c1" executionId="4be66b16-b199-4ac9-95c0-72e2621ea2ca" testListId="8c84fa94-04c1-424b-9868-57a2d4851a1d" />    <TestEntry testId="802d12a9-edb4-e61c-eff0-ab27a56dc6ac" executionId="ae298f52-6fd1-47de-9523-a5948b7790e1" testListId="8c84fa94-04c1-424b-9868-57a2d4851a1d" />  </TestEntries>  <TestLists>    <TestList name="Results Not in a List" id="8c84fa94-04c1-424b-9868-57a2d4851a1d" />    <TestList name="All Loaded Results" id="19431567-8539-422a-85d7-44ee4e166bda" />  </TestLists>  <ResultSummary outcome="Completed">    <Counters total="637" executed="637" passed="619" failed="18" error="0" timeout="0" aborted="0" inconclusive="0" passedButRunAborted="0" notRunnable="0" notExecuted="0" disconnected="0" warning="0" completed="0" inProgress="0" pending="0" />  </ResultSummary></TestRun>