<?xml version="1.0" encoding="UTF-8"?><TestRun>  <Times creation="2014-08-08T11:37:31.2168691-07:00" queuing="2014-08-08T11:37:31.2168691-07:00" start="2014-08-08T11:37:31.2218691-07:00" finish="2014-08-08T11:42:12.4008691-07:00" />  <TestSettings name="default" id="7548d65d-cfab-4d87-b042-b00e548d4e26">    <Execution>      <TestTypeSpecific />    </Execution>    <Deployment runDeploymentRoot="pranayp_PRANAY-TEST 2014-08-08 11_37_31" />  </TestSettings>  <Results>    <UnitTestResult executionId="0c6320d6-5a36-4f7e-ad52-73aea908096f" testId="15cb34d8-a0e5-4392-2cc5-88a008dfc7e7" testName="TestAzureExternalNames" computerName="PRANAY-TEST" duration="00:00:00.0869401" startTime="2014-08-08T11:37:31.0048691-07:00" endTime="2014-08-08T11:37:31.1428691-07:00" testType="13cdc9d9-ddb5-4fa4-a97d-d965ccfc6d4b" outcome="Passed" testListId="8c84fa94-04c1-424b-9868-57a2d4851a1d" relativeResultsDirectory="0c6320d6-5a36-4f7e-ad52-73aea908096f" />    <UnitTestResult executionId="3c209d38-486b-43c3-8581-69cb3cdd1ed7" testId="d35e3170-b1ad-05a5-2590-a4f4ebea3c18" testName="TestSyncFabricGraph" computerName="PRANAY-TEST" duration="00:00:32.7973642" startTime="2014-08-08T11:37:31.1638691-07:00" endTime="2014-08-08T11:38:03.9598691-07:00" testType="13cdc9d9-ddb5-4fa4-a97d-d965ccfc6d4b" outcome="Passed" testListId="8c84fa94-04c1-424b-9868-57a2d4851a1d" relativeResultsDirectory="3c209d38-486b-43c3-8581-69cb3cdd1ed7" />  </Results>  <TestDefinitions>    <UnitTest name="TestAzureExternalNames" storage="f:\src\adiam_cloud_nightly_tester\bins\debug\amd64\syncfabric\tests\testgraphsyncfabric\microsoft.activedirectory.connector.test.testgraphsyncfabric.dll" id="15cb34d8-a0e5-4392-2cc5-88a008dfc7e7">      <Execution id="0c6320d6-5a36-4f7e-ad52-73aea908096f" />      <TestMethod codeBase="f:\src\Adiam_Cloud_Nightly_Tester\bins\debug\amd64\SyncFabric\Tests\TestGraphSyncFabric\Microsoft.ActiveDirectory.Connector.Test.TestGraphSyncFabric.dll" adapterTypeName="Microsoft.VisualStudio.TestTools.TestTypes.Unit.UnitTestAdapter" className="Microsoft.ActiveDirectory.Connector.Test.GraphSyncFabricUnitTest" name="TestAzureExternalNames" />    </UnitTest>    <UnitTest name="TestSyncFabricGraph" storage="f:\src\adiam_cloud_nightly_tester\bins\debug\amd64\syncfabric\tests\testgraphsyncfabric\microsoft.activedirectory.connector.test.testgraphsyncfabric.dll" id="d35e3170-b1ad-05a5-2590-a4f4ebea3c18">      <Execution id="3c209d38-486b-43c3-8581-69cb3cdd1ed7" />      <TestMethod codeBase="f:\src\Adiam_Cloud_Nightly_Tester\bins\debug\amd64\SyncFabric\Tests\TestGraphSyncFabric\Microsoft.ActiveDirectory.Connector.Test.TestGraphSyncFabric.dll" adapterTypeName="Microsoft.VisualStudio.TestTools.TestTypes.Unit.UnitTestAdapter" className="Microsoft.ActiveDirectory.Connector.Test.GraphSyncFabricUnitTest" name="TestSyncFabricGraph" />    </UnitTest>  </TestDefinitions>  <TestEntries>    <TestEntry testId="15cb34d8-a0e5-4392-2cc5-88a008dfc7e7" executionId="0c6320d6-5a36-4f7e-ad52-73aea908096f" testListId="8c84fa94-04c1-424b-9868-57a2d4851a1d" />    <TestEntry testId="d35e3170-b1ad-05a5-2590-a4f4ebea3c18" executionId="3c209d38-486b-43c3-8581-69cb3cdd1ed7" testListId="8c84fa94-04c1-424b-9868-57a2d4851a1d" />  </TestEntries>  <TestLists>    <TestList name="Results Not in a List" id="8c84fa94-04c1-424b-9868-57a2d4851a1d" />    <TestList name="All Loaded Results" id="19431567-8539-422a-85d7-44ee4e166bda" />  </TestLists>  <ResultSummary outcome="Completed">    <Counters total="2" executed="2" passed="2" failed="0" error="0" timeout="0" aborted="0" inconclusive="0" passedButRunAborted="0" notRunnable="0" notExecuted="0" disconnected="0" warning="0" completed="0" inProgress="0" pending="0" />  </ResultSummary></TestRun>