<?xml version="1.0" encoding="UTF-8"?><TestRun>  <Times creation="2014-08-08T11:39:21.8848691-07:00" queuing="2014-08-08T11:39:21.8918691-07:00" start="2014-08-08T11:39:21.8978691-07:00" finish="2014-08-08T11:42:07.0398691-07:00" />  <TestSettings name="default" id="21a04815-cda9-4049-9817-f457e62f1a50">    <Execution>      <TestTypeSpecific />    </Execution>    <Deployment runDeploymentRoot="pranayp_PRANAY-TEST 2014-08-08 11_39_21" />  </TestSettings>  <Results>    <UnitTestResult executionId="3cacfea8-8de0-477d-a485-64a495e61011" testId="1fdc10df-73ad-b25e-2b82-9698349bb428" testName="TestMessageCompletion" computerName="PRANAY-TEST" duration="00:00:43.3540015" startTime="2014-08-08T11:38:36.9958691-07:00" endTime="2014-08-08T11:39:21.1478691-07:00" testType="13cdc9d9-ddb5-4fa4-a97d-d965ccfc6d4b" outcome="Passed" testListId="8c84fa94-04c1-424b-9868-57a2d4851a1d" relativeResultsDirectory="3cacfea8-8de0-477d-a485-64a495e61011" />    <UnitTestResult executionId="f02d0269-fd82-45c0-8c98-cbf71b09e03b" testId="1081b2c5-f169-01e5-155c-0d00973389cf" testName="TestMessageConversion" computerName="PRANAY-TEST" duration="00:00:01.0189960" startTime="2014-08-08T11:39:21.8438691-07:00" endTime="2014-08-08T11:39:22.8648691-07:00" testType="13cdc9d9-ddb5-4fa4-a97d-d965ccfc6d4b" outcome="Passed" testListId="8c84fa94-04c1-424b-9868-57a2d4851a1d" relativeResultsDirectory="f02d0269-fd82-45c0-8c98-cbf71b09e03b" />    <UnitTestResult executionId="448f06df-33b1-4cda-8837-923ba6d01746" testId="aa787804-0117-488b-88e4-8edd75f97318" testName="TestMonitorQueue" computerName="PRANAY-TEST" duration="00:01:22.0197598" startTime="2014-08-08T11:39:22.8718691-07:00" endTime="2014-08-08T11:40:44.8888691-07:00" testType="13cdc9d9-ddb5-4fa4-a97d-d965ccfc6d4b" outcome="Passed" testListId="8c84fa94-04c1-424b-9868-57a2d4851a1d" relativeResultsDirectory="448f06df-33b1-4cda-8837-923ba6d01746" />    <UnitTestResult executionId="d10b5cb3-c643-4279-9128-c8dcfa792948" testId="08b48e02-34a9-a3bf-4f63-bfd0dca7e43b" testName="TestServiceBus" computerName="PRANAY-TEST" duration="00:00:04.6528541" startTime="2014-08-08T11:40:44.9058691-07:00" endTime="2014-08-08T11:40:49.5598691-07:00" testType="13cdc9d9-ddb5-4fa4-a97d-d965ccfc6d4b" outcome="Passed" testListId="8c84fa94-04c1-424b-9868-57a2d4851a1d" relativeResultsDirectory="d10b5cb3-c643-4279-9128-c8dcfa792948" />    <UnitTestResult executionId="1679410f-cc14-40e7-8b61-f80b1ab143e6" testId="4a4f57cd-a9e3-99e8-b8df-b769d9d22f3d" testName="TestExceptions" computerName="PRANAY-TEST" duration="00:01:16.1218203" startTime="2014-08-08T11:40:49.5848691-07:00" endTime="2014-08-08T11:42:05.7038691-07:00" testType="13cdc9d9-ddb5-4fa4-a97d-d965ccfc6d4b" outcome="Passed" testListId="8c84fa94-04c1-424b-9868-57a2d4851a1d" relativeResultsDirectory="1679410f-cc14-40e7-8b61-f80b1ab143e6" />  </Results>  <TestDefinitions>    <UnitTest name="TestMessageCompletion" storage="f:\src\adiam_cloud_nightly_tester\bins\debug\amd64\syncfabric\tests\testcloudqueueadapterservicebus\microsoft.activedirectory.connector.test.testcloudqueueadapterservicebus.dll" id="1fdc10df-73ad-b25e-2b82-9698349bb428">      <Execution id="3cacfea8-8de0-477d-a485-64a495e61011" />      <TestMethod codeBase="f:\src\Adiam_Cloud_Nightly_Tester\bins\debug\amd64\SyncFabric\Tests\TestCloudQueueAdapterServiceBus\Microsoft.ActiveDirectory.Connector.Test.TestCloudQueueAdapterServiceBus.dll" adapterTypeName="Microsoft.VisualStudio.TestTools.TestTypes.Unit.UnitTestAdapter" className="Microsoft.ActiveDirectory.Connector.Test.CloudQueueAdapterServiceBusUnitTest" name="TestMessageCompletion" />    </UnitTest>    <UnitTest name="TestMessageConversion" storage="f:\src\adiam_cloud_nightly_tester\bins\debug\amd64\syncfabric\tests\testcloudqueueadapterservicebus\microsoft.activedirectory.connector.test.testcloudqueueadapterservicebus.dll" id="1081b2c5-f169-01e5-155c-0d00973389cf">      <Execution id="f02d0269-fd82-45c0-8c98-cbf71b09e03b" />      <TestMethod codeBase="f:\src\Adiam_Cloud_Nightly_Tester\bins\debug\amd64\SyncFabric\Tests\TestCloudQueueAdapterServiceBus\Microsoft.ActiveDirectory.Connector.Test.TestCloudQueueAdapterServiceBus.dll" adapterTypeName="Microsoft.VisualStudio.TestTools.TestTypes.Unit.UnitTestAdapter" className="Microsoft.ActiveDirectory.Connector.Test.CloudQueueAdapterServiceBusUnitTest" name="TestMessageConversion" />    </UnitTest>    <UnitTest name="TestMonitorQueue" storage="f:\src\adiam_cloud_nightly_tester\bins\debug\amd64\syncfabric\tests\testcloudqueueadapterservicebus\microsoft.activedirectory.connector.test.testcloudqueueadapterservicebus.dll" id="aa787804-0117-488b-88e4-8edd75f97318">      <Execution id="448f06df-33b1-4cda-8837-923ba6d01746" />      <TestMethod codeBase="f:\src\Adiam_Cloud_Nightly_Tester\bins\debug\amd64\SyncFabric\Tests\TestCloudQueueAdapterServiceBus\Microsoft.ActiveDirectory.Connector.Test.TestCloudQueueAdapterServiceBus.dll" adapterTypeName="Microsoft.VisualStudio.TestTools.TestTypes.Unit.UnitTestAdapter" className="Microsoft.ActiveDirectory.Connector.Test.CloudQueueAdapterServiceBusUnitTest" name="TestMonitorQueue" />    </UnitTest>    <UnitTest name="TestServiceBus" storage="f:\src\adiam_cloud_nightly_tester\bins\debug\amd64\syncfabric\tests\testcloudqueueadapterservicebus\microsoft.activedirectory.connector.test.testcloudqueueadapterservicebus.dll" id="08b48e02-34a9-a3bf-4f63-bfd0dca7e43b">      <Execution id="d10b5cb3-c643-4279-9128-c8dcfa792948" />      <TestMethod codeBase="f:\src\Adiam_Cloud_Nightly_Tester\bins\debug\amd64\SyncFabric\Tests\TestCloudQueueAdapterServiceBus\Microsoft.ActiveDirectory.Connector.Test.TestCloudQueueAdapterServiceBus.dll" adapterTypeName="Microsoft.VisualStudio.TestTools.TestTypes.Unit.UnitTestAdapter" className="Microsoft.ActiveDirectory.Connector.Test.CloudQueueAdapterServiceBusUnitTest" name="TestServiceBus" />    </UnitTest>    <UnitTest name="TestExceptions" storage="f:\src\adiam_cloud_nightly_tester\bins\debug\amd64\syncfabric\tests\testcloudqueueadapterservicebus\microsoft.activedirectory.connector.test.testcloudqueueadapterservicebus.dll" id="4a4f57cd-a9e3-99e8-b8df-b769d9d22f3d">      <Execution id="1679410f-cc14-40e7-8b61-f80b1ab143e6" />      <TestMethod codeBase="f:\src\Adiam_Cloud_Nightly_Tester\bins\debug\amd64\SyncFabric\Tests\TestCloudQueueAdapterServiceBus\Microsoft.ActiveDirectory.Connector.Test.TestCloudQueueAdapterServiceBus.dll" adapterTypeName="Microsoft.VisualStudio.TestTools.TestTypes.Unit.UnitTestAdapter" className="Microsoft.ActiveDirectory.Connector.Test.CloudQueueAdapterServiceBusUnitTest" name="TestExceptions" />    </UnitTest>  </TestDefinitions>  <TestEntries>    <TestEntry testId="1fdc10df-73ad-b25e-2b82-9698349bb428" executionId="3cacfea8-8de0-477d-a485-64a495e61011" testListId="8c84fa94-04c1-424b-9868-57a2d4851a1d" />    <TestEntry testId="1081b2c5-f169-01e5-155c-0d00973389cf" executionId="f02d0269-fd82-45c0-8c98-cbf71b09e03b" testListId="8c84fa94-04c1-424b-9868-57a2d4851a1d" />    <TestEntry testId="aa787804-0117-488b-88e4-8edd75f97318" executionId="448f06df-33b1-4cda-8837-923ba6d01746" testListId="8c84fa94-04c1-424b-9868-57a2d4851a1d" />    <TestEntry testId="08b48e02-34a9-a3bf-4f63-bfd0dca7e43b" executionId="d10b5cb3-c643-4279-9128-c8dcfa792948" testListId="8c84fa94-04c1-424b-9868-57a2d4851a1d" />    <TestEntry testId="4a4f57cd-a9e3-99e8-b8df-b769d9d22f3d" executionId="1679410f-cc14-40e7-8b61-f80b1ab143e6" testListId="8c84fa94-04c1-424b-9868-57a2d4851a1d" />  </TestEntries>  <TestLists>    <TestList name="Results Not in a List" id="8c84fa94-04c1-424b-9868-57a2d4851a1d" />    <TestList name="All Loaded Results" id="19431567-8539-422a-85d7-44ee4e166bda" />  </TestLists>  <ResultSummary outcome="Completed">    <Counters total="5" executed="5" passed="5" failed="0" error="0" timeout="0" aborted="0" inconclusive="0" passedButRunAborted="0" notRunnable="0" notExecuted="0" disconnected="0" warning="0" completed="0" inProgress="0" pending="0" />    <RunInfos>      <RunInfo computerName="PRANAY-TEST" outcome="Warning" timestamp="2014-08-08T11:42:06.3448691-07:00">        <Text>System.AppDomainUnloadedException: Attempted to access an unloaded AppDomain. This can happen if the test(s) started a thread but did not stop it. Make sure that all the threads started by the test(s) are stopped before completion.</Text>      </RunInfo>      <RunInfo computerName="PRANAY-TEST" outcome="Warning" timestamp="2014-08-08T11:42:06.4918691-07:00">        <Text>System.AppDomainUnloadedException: Attempted to access an unloaded AppDomain. This can happen if the test(s) started a thread but did not stop it. Make sure that all the threads started by the test(s) are stopped before completion.</Text>      </RunInfo>    </RunInfos>  </ResultSummary></TestRun>