<?xml version="1.0" encoding="UTF-8"?><TestRun>  <Times creation="2014-08-08T11:38:28.3168691-07:00" queuing="2014-08-08T11:38:28.3168691-07:00" start="2014-08-08T11:38:28.3218691-07:00" finish="2014-08-08T11:40:00.3148691-07:00" />  <TestSettings name="default" id="cd93d62c-73fd-44dd-b621-0251ddc03c22">    <Execution>      <TestTypeSpecific />    </Execution>    <Deployment runDeploymentRoot="pranayp_PRANAY-TEST 2014-08-08 11_38_28" />  </TestSettings>  <Results>    <UnitTestResult executionId="7b1213f9-84b2-4885-8c24-f0e056a4835d" testId="3c6fc8dd-a0f7-770c-7be5-2621883e9ed5" testName="TestLockExpiry" computerName="PRANAY-TEST" duration="00:00:43.9503733" startTime="2014-08-08T11:37:40.3628691-07:00" endTime="2014-08-08T11:38:28.1238691-07:00" testType="13cdc9d9-ddb5-4fa4-a97d-d965ccfc6d4b" outcome="Passed" testListId="8c84fa94-04c1-424b-9868-57a2d4851a1d" relativeResultsDirectory="7b1213f9-84b2-4885-8c24-f0e056a4835d" />    <UnitTestResult executionId="7f812b42-f2fc-4e35-97d1-751ea9f7d568" testId="31c48218-bd5d-82fb-9c79-f0e23544a95a" testName="TestCancel" computerName="PRANAY-TEST" duration="00:00:00.1512202" startTime="2014-08-08T11:38:28.1428691-07:00" endTime="2014-08-08T11:38:28.2948691-07:00" testType="13cdc9d9-ddb5-4fa4-a97d-d965ccfc6d4b" outcome="Passed" testListId="8c84fa94-04c1-424b-9868-57a2d4851a1d" relativeResultsDirectory="7f812b42-f2fc-4e35-97d1-751ea9f7d568" />    <UnitTestResult executionId="7444c937-7e69-4be3-8be9-9ee64538e9e8" testId="71805b26-5f9e-ea04-2848-ecbf2d8b57fe" testName="TestEnqueue" computerName="PRANAY-TEST" duration="00:00:00.1402443" startTime="2014-08-08T11:38:28.2948691-07:00" endTime="2014-08-08T11:38:28.4358691-07:00" testType="13cdc9d9-ddb5-4fa4-a97d-d965ccfc6d4b" outcome="Passed" testListId="8c84fa94-04c1-424b-9868-57a2d4851a1d" relativeResultsDirectory="7444c937-7e69-4be3-8be9-9ee64538e9e8" />    <UnitTestResult executionId="299d2547-596b-4dc2-8d45-c4352f953140" testId="8b498694-8dba-50d1-a332-7ee3f54d8309" testName="TestUpdate" computerName="PRANAY-TEST" duration="00:00:00.1504091" startTime="2014-08-08T11:38:28.4358691-07:00" endTime="2014-08-08T11:38:28.5858691-07:00" testType="13cdc9d9-ddb5-4fa4-a97d-d965ccfc6d4b" outcome="Passed" testListId="8c84fa94-04c1-424b-9868-57a2d4851a1d" relativeResultsDirectory="299d2547-596b-4dc2-8d45-c4352f953140" />    <UnitTestResult executionId="4991e0df-ba3c-49a4-afbf-d44d6a1e6b12" testId="13035342-b9f5-b508-3606-fa47ddfe9979" testName="TestMicrosoftOnlineDirectoryServiceExport" computerName="PRANAY-TEST" duration="00:00:00.1031930" startTime="2014-08-08T11:38:28.5858691-07:00" endTime="2014-08-08T11:38:28.6898691-07:00" testType="13cdc9d9-ddb5-4fa4-a97d-d965ccfc6d4b" outcome="Passed" testListId="8c84fa94-04c1-424b-9868-57a2d4851a1d" relativeResultsDirectory="4991e0df-ba3c-49a4-afbf-d44d6a1e6b12" />    <UnitTestResult executionId="bd392f93-24f2-4d82-b7e3-9c27d1eb292d" testId="590befe5-e81a-9a33-24b9-50c1c6016a4d" testName="TestMicrosoftOnlineDirectoryServiceSynchronize" computerName="PRANAY-TEST" duration="00:00:00.0039985" startTime="2014-08-08T11:38:28.6898691-07:00" endTime="2014-08-08T11:38:28.6938691-07:00" testType="13cdc9d9-ddb5-4fa4-a97d-d965ccfc6d4b" outcome="Passed" testListId="8c84fa94-04c1-424b-9868-57a2d4851a1d" relativeResultsDirectory="bd392f93-24f2-4d82-b7e3-9c27d1eb292d" />    <UnitTestResult executionId="cf9d80ef-95ac-4bb6-834e-3314d1bb4d2a" testId="1748545f-33f5-413e-74be-23b4056eed04" testName="TestQuickBooksOnlineSynchronizeDelta" computerName="PRANAY-TEST" duration="00:00:00.0474081" startTime="2014-08-08T11:38:28.6938691-07:00" endTime="2014-08-08T11:38:28.7418691-07:00" testType="13cdc9d9-ddb5-4fa4-a97d-d965ccfc6d4b" outcome="Passed" testListId="8c84fa94-04c1-424b-9868-57a2d4851a1d" relativeResultsDirectory="cf9d80ef-95ac-4bb6-834e-3314d1bb4d2a" />    <UnitTestResult executionId="752446bb-0d5f-4668-b94c-48a445b2ebde" testId="1cb02df9-7a01-a979-af44-798276e5f12e" testName="TestQuickBooksOnlineSynchronizeFull" computerName="PRANAY-TEST" duration="00:00:00.0042599" startTime="2014-08-08T11:38:28.7418691-07:00" endTime="2014-08-08T11:38:28.7458691-07:00" testType="13cdc9d9-ddb5-4fa4-a97d-d965ccfc6d4b" outcome="Passed" testListId="8c84fa94-04c1-424b-9868-57a2d4851a1d" relativeResultsDirectory="752446bb-0d5f-4668-b94c-48a445b2ebde" />    <UnitTestResult executionId="e4e0d19b-be7c-4c54-ac31-c4b24837d4b3" testId="563dfa21-e0d7-853a-b9ef-929881f22d62" testName="TestSalesForceExport" computerName="PRANAY-TEST" duration="00:00:00.0126800" startTime="2014-08-08T11:38:28.7468691-07:00" endTime="2014-08-08T11:38:28.7588691-07:00" testType="13cdc9d9-ddb5-4fa4-a97d-d965ccfc6d4b" outcome="Passed" testListId="8c84fa94-04c1-424b-9868-57a2d4851a1d" relativeResultsDirectory="e4e0d19b-be7c-4c54-ac31-c4b24837d4b3" />    <UnitTestResult executionId="211dd54f-305f-42e5-93f5-8f33ce47dda1" testId="aa1bf518-52c9-3b75-b6a2-a405529e2793" testName="TestSalesForceSynchronize" computerName="PRANAY-TEST" duration="00:00:00.0075844" startTime="2014-08-08T11:38:28.7588691-07:00" endTime="2014-08-08T11:38:28.7668691-07:00" testType="13cdc9d9-ddb5-4fa4-a97d-d965ccfc6d4b" outcome="Passed" testListId="8c84fa94-04c1-424b-9868-57a2d4851a1d" relativeResultsDirectory="211dd54f-305f-42e5-93f5-8f33ce47dda1" />    <UnitTestResult executionId="6ea23b39-78ab-4401-bfc2-d9e8276d99ea" testId="3d6e7b84-5848-1b2f-28b1-e0ddb274bea1" testName="TestGoogleAppsExport" computerName="PRANAY-TEST" duration="00:00:00.0142803" startTime="2014-08-08T11:38:28.7668691-07:00" endTime="2014-08-08T11:38:28.7818691-07:00" testType="13cdc9d9-ddb5-4fa4-a97d-d965ccfc6d4b" outcome="Passed" testListId="8c84fa94-04c1-424b-9868-57a2d4851a1d" relativeResultsDirectory="6ea23b39-78ab-4401-bfc2-d9e8276d99ea" />    <UnitTestResult executionId="180d72e2-3c02-4982-a0a3-e7739ee466a2" testId="f88c9099-6883-ec06-512c-5f60d243978a" testName="TestGoogleAppsSynchronizeFull" computerName="PRANAY-TEST" duration="00:00:00.0042318" startTime="2014-08-08T11:38:28.7818691-07:00" endTime="2014-08-08T11:38:28.7858691-07:00" testType="13cdc9d9-ddb5-4fa4-a97d-d965ccfc6d4b" outcome="Passed" testListId="8c84fa94-04c1-424b-9868-57a2d4851a1d" relativeResultsDirectory="180d72e2-3c02-4982-a0a3-e7739ee466a2" />    <UnitTestResult executionId="75013fac-f74a-43bf-b400-dd3c77f923ad" testId="950ee49f-3394-dbcf-88bf-015f69dfadf1" testName="TestGetProfile" computerName="PRANAY-TEST" duration="00:00:30.8705717" startTime="2014-08-08T11:38:28.7858691-07:00" endTime="2014-08-08T11:38:59.6578691-07:00" testType="13cdc9d9-ddb5-4fa4-a97d-d965ccfc6d4b" outcome="Passed" testListId="8c84fa94-04c1-424b-9868-57a2d4851a1d" relativeResultsDirectory="75013fac-f74a-43bf-b400-dd3c77f923ad" />    <UnitTestResult executionId="320e8c0d-a1ff-4ecf-9b9c-a0a83e93a4d1" testId="e7e11dc3-d90b-7544-4ef2-7d676941b8a1" testName="TestGetTenantInformation" computerName="PRANAY-TEST" duration="00:00:00.0814772" startTime="2014-08-08T11:38:59.6588691-07:00" endTime="2014-08-08T11:38:59.7408691-07:00" testType="13cdc9d9-ddb5-4fa4-a97d-d965ccfc6d4b" outcome="Passed" testListId="8c84fa94-04c1-424b-9868-57a2d4851a1d" relativeResultsDirectory="320e8c0d-a1ff-4ecf-9b9c-a0a83e93a4d1" />    <UnitTestResult executionId="27b4f73c-a2c6-4474-8830-b0fbe45c978b" testId="88d97e03-9100-6494-6bbc-9a5afc137dad" testName="TestTryGetProfile" computerName="PRANAY-TEST" duration="00:00:00.0694215" startTime="2014-08-08T11:38:59.7408691-07:00" endTime="2014-08-08T11:38:59.8108691-07:00" testType="13cdc9d9-ddb5-4fa4-a97d-d965ccfc6d4b" outcome="Passed" testListId="8c84fa94-04c1-424b-9868-57a2d4851a1d" relativeResultsDirectory="27b4f73c-a2c6-4474-8830-b0fbe45c978b" />    <UnitTestResult executionId="6c175d6f-18f4-4b9b-8fc8-a9cadbd8a4f7" testId="061e9f88-1cd9-ca64-6f20-8e280d9ce507" testName="TestTryLockProfile" computerName="PRANAY-TEST" duration="00:00:30.0961652" startTime="2014-08-08T11:38:59.8108691-07:00" endTime="2014-08-08T11:39:29.9058691-07:00" testType="13cdc9d9-ddb5-4fa4-a97d-d965ccfc6d4b" outcome="Passed" testListId="8c84fa94-04c1-424b-9868-57a2d4851a1d" relativeResultsDirectory="6c175d6f-18f4-4b9b-8fc8-a9cadbd8a4f7" />    <UnitTestResult executionId="0c092c85-f509-4479-8413-c7fbbb32e8de" testId="fba19ea5-9911-c550-e246-1cc83564bbd2" testName="TestUnlockProfile" computerName="PRANAY-TEST" duration="00:00:00.0742315" startTime="2014-08-08T11:39:29.9058691-07:00" endTime="2014-08-08T11:39:29.9808691-07:00" testType="13cdc9d9-ddb5-4fa4-a97d-d965ccfc6d4b" outcome="Passed" testListId="8c84fa94-04c1-424b-9868-57a2d4851a1d" relativeResultsDirectory="0c092c85-f509-4479-8413-c7fbbb32e8de" />    <UnitTestResult executionId="2f207e78-6b21-4180-be23-ac9bbee10605" testId="058b4a23-eb7c-5d6e-dd14-3d7bff1496ec" testName="TestUpdateProfile" computerName="PRANAY-TEST" duration="00:00:00.0763473" startTime="2014-08-08T11:39:29.9808691-07:00" endTime="2014-08-08T11:39:30.0568691-07:00" testType="13cdc9d9-ddb5-4fa4-a97d-d965ccfc6d4b" outcome="Passed" testListId="8c84fa94-04c1-424b-9868-57a2d4851a1d" relativeResultsDirectory="2f207e78-6b21-4180-be23-ac9bbee10605" />    <UnitTestResult executionId="52f41612-51b1-482a-a529-7b7742a14e27" testId="4c555c5a-19ca-67d4-e9ae-113ac04838f2" testName="TestSendMessage" computerName="PRANAY-TEST" duration="00:00:30.1099982" startTime="2014-08-08T11:39:30.0578691-07:00" endTime="2014-08-08T11:40:00.1668691-07:00" testType="13cdc9d9-ddb5-4fa4-a97d-d965ccfc6d4b" outcome="Passed" testListId="8c84fa94-04c1-424b-9868-57a2d4851a1d" relativeResultsDirectory="52f41612-51b1-482a-a529-7b7742a14e27" />    <UnitTestResult executionId="0e7d2b1f-cb1d-4b35-8bba-41219e542c82" testId="095ab7cc-844b-f1a8-51b3-7e45d0588e81" testName="TestErrorEmission" computerName="PRANAY-TEST" duration="00:00:00.0008041" startTime="2014-08-08T11:40:00.1668691-07:00" endTime="2014-08-08T11:40:00.1688691-07:00" testType="13cdc9d9-ddb5-4fa4-a97d-d965ccfc6d4b" outcome="Passed" testListId="8c84fa94-04c1-424b-9868-57a2d4851a1d" relativeResultsDirectory="0e7d2b1f-cb1d-4b35-8bba-41219e542c82" />    <UnitTestResult executionId="6a6f9e93-7c8e-43b7-985e-2b6d57872f2e" testId="947540de-dbe4-43ad-0ffb-2e52459b5762" testName="TestExceptionWarningEmission" computerName="PRANAY-TEST" duration="00:00:00.0001847" startTime="2014-08-08T11:40:00.1688691-07:00" endTime="2014-08-08T11:40:00.1688691-07:00" testType="13cdc9d9-ddb5-4fa4-a97d-d965ccfc6d4b" outcome="Passed" testListId="8c84fa94-04c1-424b-9868-57a2d4851a1d" relativeResultsDirectory="6a6f9e93-7c8e-43b7-985e-2b6d57872f2e" />    <UnitTestResult executionId="bc5541b7-4aa8-43f7-8e35-8c80cb0ab53f" testId="23935d59-c9d2-2734-582e-d2c5385ac29e" testName="TestInformationEmission" computerName="PRANAY-TEST" duration="00:00:00.0001497" startTime="2014-08-08T11:40:00.1688691-07:00" endTime="2014-08-08T11:40:00.1698691-07:00" testType="13cdc9d9-ddb5-4fa4-a97d-d965ccfc6d4b" outcome="Passed" testListId="8c84fa94-04c1-424b-9868-57a2d4851a1d" relativeResultsDirectory="bc5541b7-4aa8-43f7-8e35-8c80cb0ab53f" />    <UnitTestResult executionId="6de42204-cb9d-4dbe-8e74-e6f99b4e0c65" testId="7e59c172-c88f-95d8-1506-bf769ec14e2f" testName="TestWarningEmission" computerName="PRANAY-TEST" duration="00:00:00.0001470" startTime="2014-08-08T11:40:00.1698691-07:00" endTime="2014-08-08T11:40:00.1698691-07:00" testType="13cdc9d9-ddb5-4fa4-a97d-d965ccfc6d4b" outcome="Passed" testListId="8c84fa94-04c1-424b-9868-57a2d4851a1d" relativeResultsDirectory="6de42204-cb9d-4dbe-8e74-e6f99b4e0c65" />  </Results>  <TestDefinitions>    <UnitTest name="TestLockExpiry" storage="f:\src\adiam_cloud_nightly_tester\bins\debug\amd64\syncfabric\tests\testextension\microsoft.activedirectory.connector.test.testextension.dll" id="3c6fc8dd-a0f7-770c-7be5-2621883e9ed5">      <Execution id="7b1213f9-84b2-4885-8c24-f0e056a4835d" />      <TestMethod codeBase="f:\src\Adiam_Cloud_Nightly_Tester\bins\debug\amd64\SyncFabric\Tests\TestExtension\Microsoft.ActiveDirectory.Connector.Test.TestExtension.dll" adapterTypeName="Microsoft.VisualStudio.TestTools.TestTypes.Unit.UnitTestAdapter" className="Microsoft.ActiveDirectory.Connector.Test.CloudKeyValueStoreExtensionUnitTest" name="TestLockExpiry" />    </UnitTest>    <UnitTest name="TestCancel" storage="f:\src\adiam_cloud_nightly_tester\bins\debug\amd64\syncfabric\tests\testextension\microsoft.activedirectory.connector.test.testextension.dll" id="31c48218-bd5d-82fb-9c79-f0e23544a95a">      <Execution id="7f812b42-f2fc-4e35-97d1-751ea9f7d568" />      <TestMethod codeBase="f:\src\Adiam_Cloud_Nightly_Tester\bins\debug\amd64\SyncFabric\Tests\TestExtension\Microsoft.ActiveDirectory.Connector.Test.TestExtension.dll" adapterTypeName="Microsoft.VisualStudio.TestTools.TestTypes.Unit.UnitTestAdapter" className="Microsoft.ActiveDirectory.Connector.Test.CloudQueueAdapterExtensionUnitTest" name="TestCancel" />    </UnitTest>    <UnitTest name="TestEnqueue" storage="f:\src\adiam_cloud_nightly_tester\bins\debug\amd64\syncfabric\tests\testextension\microsoft.activedirectory.connector.test.testextension.dll" id="71805b26-5f9e-ea04-2848-ecbf2d8b57fe">      <Execution id="7444c937-7e69-4be3-8be9-9ee64538e9e8" />      <TestMethod codeBase="f:\src\Adiam_Cloud_Nightly_Tester\bins\debug\amd64\SyncFabric\Tests\TestExtension\Microsoft.ActiveDirectory.Connector.Test.TestExtension.dll" adapterTypeName="Microsoft.VisualStudio.TestTools.TestTypes.Unit.UnitTestAdapter" className="Microsoft.ActiveDirectory.Connector.Test.CloudQueueAdapterExtensionUnitTest" name="TestEnqueue" />    </UnitTest>    <UnitTest name="TestUpdate" storage="f:\src\adiam_cloud_nightly_tester\bins\debug\amd64\syncfabric\tests\testextension\microsoft.activedirectory.connector.test.testextension.dll" id="8b498694-8dba-50d1-a332-7ee3f54d8309">      <Execution id="299d2547-596b-4dc2-8d45-c4352f953140" />      <TestMethod codeBase="f:\src\Adiam_Cloud_Nightly_Tester\bins\debug\amd64\SyncFabric\Tests\TestExtension\Microsoft.ActiveDirectory.Connector.Test.TestExtension.dll" adapterTypeName="Microsoft.VisualStudio.TestTools.TestTypes.Unit.UnitTestAdapter" className="Microsoft.ActiveDirectory.Connector.Test.CloudQueueAdapterExtensionUnitTest" name="TestUpdate" />    </UnitTest>    <UnitTest name="TestMicrosoftOnlineDirectoryServiceExport" storage="f:\src\adiam_cloud_nightly_tester\bins\debug\amd64\syncfabric\tests\testextension\microsoft.activedirectory.connector.test.testextension.dll" id="13035342-b9f5-b508-3606-fa47ddfe9979">      <Execution id="4991e0df-ba3c-49a4-afbf-d44d6a1e6b12" />      <TestMethod codeBase="f:\src\Adiam_Cloud_Nightly_Tester\bins\debug\amd64\SyncFabric\Tests\TestExtension\Microsoft.ActiveDirectory.Connector.Test.TestExtension.dll" adapterTypeName="Microsoft.VisualStudio.TestTools.TestTypes.Unit.UnitTestAdapter" className="Microsoft.ActiveDirectory.Connector.Test.ProxyAdapterExtensionUnitTest" name="TestMicrosoftOnlineDirectoryServiceExport" />    </UnitTest>    <UnitTest name="TestMicrosoftOnlineDirectoryServiceSynchronize" storage="f:\src\adiam_cloud_nightly_tester\bins\debug\amd64\syncfabric\tests\testextension\microsoft.activedirectory.connector.test.testextension.dll" id="590befe5-e81a-9a33-24b9-50c1c6016a4d">      <Execution id="bd392f93-24f2-4d82-b7e3-9c27d1eb292d" />      <TestMethod codeBase="f:\src\Adiam_Cloud_Nightly_Tester\bins\debug\amd64\SyncFabric\Tests\TestExtension\Microsoft.ActiveDirectory.Connector.Test.TestExtension.dll" adapterTypeName="Microsoft.VisualStudio.TestTools.TestTypes.Unit.UnitTestAdapter" className="Microsoft.ActiveDirectory.Connector.Test.ProxyAdapterExtensionUnitTest" name="TestMicrosoftOnlineDirectoryServiceSynchronize" />    </UnitTest>    <UnitTest name="TestQuickBooksOnlineSynchronizeDelta" storage="f:\src\adiam_cloud_nightly_tester\bins\debug\amd64\syncfabric\tests\testextension\microsoft.activedirectory.connector.test.testextension.dll" id="1748545f-33f5-413e-74be-23b4056eed04">      <Execution id="cf9d80ef-95ac-4bb6-834e-3314d1bb4d2a" />      <TestMethod codeBase="f:\src\Adiam_Cloud_Nightly_Tester\bins\debug\amd64\SyncFabric\Tests\TestExtension\Microsoft.ActiveDirectory.Connector.Test.TestExtension.dll" adapterTypeName="Microsoft.VisualStudio.TestTools.TestTypes.Unit.UnitTestAdapter" className="Microsoft.ActiveDirectory.Connector.Test.ProxyAdapterExtensionUnitTest" name="TestQuickBooksOnlineSynchronizeDelta" />    </UnitTest>    <UnitTest name="TestQuickBooksOnlineSynchronizeFull" storage="f:\src\adiam_cloud_nightly_tester\bins\debug\amd64\syncfabric\tests\testextension\microsoft.activedirectory.connector.test.testextension.dll" id="1cb02df9-7a01-a979-af44-798276e5f12e">      <Execution id="752446bb-0d5f-4668-b94c-48a445b2ebde" />      <TestMethod codeBase="f:\src\Adiam_Cloud_Nightly_Tester\bins\debug\amd64\SyncFabric\Tests\TestExtension\Microsoft.ActiveDirectory.Connector.Test.TestExtension.dll" adapterTypeName="Microsoft.VisualStudio.TestTools.TestTypes.Unit.UnitTestAdapter" className="Microsoft.ActiveDirectory.Connector.Test.ProxyAdapterExtensionUnitTest" name="TestQuickBooksOnlineSynchronizeFull" />    </UnitTest>    <UnitTest name="TestSalesForceExport" storage="f:\src\adiam_cloud_nightly_tester\bins\debug\amd64\syncfabric\tests\testextension\microsoft.activedirectory.connector.test.testextension.dll" id="563dfa21-e0d7-853a-b9ef-929881f22d62">      <Execution id="e4e0d19b-be7c-4c54-ac31-c4b24837d4b3" />      <TestMethod codeBase="f:\src\Adiam_Cloud_Nightly_Tester\bins\debug\amd64\SyncFabric\Tests\TestExtension\Microsoft.ActiveDirectory.Connector.Test.TestExtension.dll" adapterTypeName="Microsoft.VisualStudio.TestTools.TestTypes.Unit.UnitTestAdapter" className="Microsoft.ActiveDirectory.Connector.Test.ProxyAdapterExtensionUnitTest" name="TestSalesForceExport" />    </UnitTest>    <UnitTest name="TestSalesForceSynchronize" storage="f:\src\adiam_cloud_nightly_tester\bins\debug\amd64\syncfabric\tests\testextension\microsoft.activedirectory.connector.test.testextension.dll" id="aa1bf518-52c9-3b75-b6a2-a405529e2793">      <Execution id="211dd54f-305f-42e5-93f5-8f33ce47dda1" />      <TestMethod codeBase="f:\src\Adiam_Cloud_Nightly_Tester\bins\debug\amd64\SyncFabric\Tests\TestExtension\Microsoft.ActiveDirectory.Connector.Test.TestExtension.dll" adapterTypeName="Microsoft.VisualStudio.TestTools.TestTypes.Unit.UnitTestAdapter" className="Microsoft.ActiveDirectory.Connector.Test.ProxyAdapterExtensionUnitTest" name="TestSalesForceSynchronize" />    </UnitTest>    <UnitTest name="TestGoogleAppsExport" storage="f:\src\adiam_cloud_nightly_tester\bins\debug\amd64\syncfabric\tests\testextension\microsoft.activedirectory.connector.test.testextension.dll" id="3d6e7b84-5848-1b2f-28b1-e0ddb274bea1">      <Execution id="6ea23b39-78ab-4401-bfc2-d9e8276d99ea" />      <TestMethod codeBase="f:\src\Adiam_Cloud_Nightly_Tester\bins\debug\amd64\SyncFabric\Tests\TestExtension\Microsoft.ActiveDirectory.Connector.Test.TestExtension.dll" adapterTypeName="Microsoft.VisualStudio.TestTools.TestTypes.Unit.UnitTestAdapter" className="Microsoft.ActiveDirectory.Connector.Test.ProxyAdapterExtensionUnitTest" name="TestGoogleAppsExport" />    </UnitTest>    <UnitTest name="TestGoogleAppsSynchronizeFull" storage="f:\src\adiam_cloud_nightly_tester\bins\debug\amd64\syncfabric\tests\testextension\microsoft.activedirectory.connector.test.testextension.dll" id="f88c9099-6883-ec06-512c-5f60d243978a">      <Execution id="180d72e2-3c02-4982-a0a3-e7739ee466a2" />      <TestMethod codeBase="f:\src\Adiam_Cloud_Nightly_Tester\bins\debug\amd64\SyncFabric\Tests\TestExtension\Microsoft.ActiveDirectory.Connector.Test.TestExtension.dll" adapterTypeName="Microsoft.VisualStudio.TestTools.TestTypes.Unit.UnitTestAdapter" className="Microsoft.ActiveDirectory.Connector.Test.ProxyAdapterExtensionUnitTest" name="TestGoogleAppsSynchronizeFull" />    </UnitTest>    <UnitTest name="TestGetProfile" storage="f:\src\adiam_cloud_nightly_tester\bins\debug\amd64\syncfabric\tests\testextension\microsoft.activedirectory.connector.test.testextension.dll" id="950ee49f-3394-dbcf-88bf-015f69dfadf1">      <Execution id="75013fac-f74a-43bf-b400-dd3c77f923ad" />      <TestMethod codeBase="f:\src\Adiam_Cloud_Nightly_Tester\bins\debug\amd64\SyncFabric\Tests\TestExtension\Microsoft.ActiveDirectory.Connector.Test.TestExtension.dll" adapterTypeName="Microsoft.VisualStudio.TestTools.TestTypes.Unit.UnitTestAdapter" className="Microsoft.ActiveDirectory.Connector.Test.StorageExtensionUnitTest" name="TestGetProfile" />    </UnitTest>    <UnitTest name="TestGetTenantInformation" storage="f:\src\adiam_cloud_nightly_tester\bins\debug\amd64\syncfabric\tests\testextension\microsoft.activedirectory.connector.test.testextension.dll" id="e7e11dc3-d90b-7544-4ef2-7d676941b8a1">      <Execution id="320e8c0d-a1ff-4ecf-9b9c-a0a83e93a4d1" />      <TestMethod codeBase="f:\src\Adiam_Cloud_Nightly_Tester\bins\debug\amd64\SyncFabric\Tests\TestExtension\Microsoft.ActiveDirectory.Connector.Test.TestExtension.dll" adapterTypeName="Microsoft.VisualStudio.TestTools.TestTypes.Unit.UnitTestAdapter" className="Microsoft.ActiveDirectory.Connector.Test.StorageExtensionUnitTest" name="TestGetTenantInformation" />    </UnitTest>    <UnitTest name="TestTryGetProfile" storage="f:\src\adiam_cloud_nightly_tester\bins\debug\amd64\syncfabric\tests\testextension\microsoft.activedirectory.connector.test.testextension.dll" id="88d97e03-9100-6494-6bbc-9a5afc137dad">      <Execution id="27b4f73c-a2c6-4474-8830-b0fbe45c978b" />      <TestMethod codeBase="f:\src\Adiam_Cloud_Nightly_Tester\bins\debug\amd64\SyncFabric\Tests\TestExtension\Microsoft.ActiveDirectory.Connector.Test.TestExtension.dll" adapterTypeName="Microsoft.VisualStudio.TestTools.TestTypes.Unit.UnitTestAdapter" className="Microsoft.ActiveDirectory.Connector.Test.StorageExtensionUnitTest" name="TestTryGetProfile" />    </UnitTest>    <UnitTest name="TestTryLockProfile" storage="f:\src\adiam_cloud_nightly_tester\bins\debug\amd64\syncfabric\tests\testextension\microsoft.activedirectory.connector.test.testextension.dll" id="061e9f88-1cd9-ca64-6f20-8e280d9ce507">      <Execution id="6c175d6f-18f4-4b9b-8fc8-a9cadbd8a4f7" />      <TestMethod codeBase="f:\src\Adiam_Cloud_Nightly_Tester\bins\debug\amd64\SyncFabric\Tests\TestExtension\Microsoft.ActiveDirectory.Connector.Test.TestExtension.dll" adapterTypeName="Microsoft.VisualStudio.TestTools.TestTypes.Unit.UnitTestAdapter" className="Microsoft.ActiveDirectory.Connector.Test.StorageExtensionUnitTest" name="TestTryLockProfile" />    </UnitTest>    <UnitTest name="TestUnlockProfile" storage="f:\src\adiam_cloud_nightly_tester\bins\debug\amd64\syncfabric\tests\testextension\microsoft.activedirectory.connector.test.testextension.dll" id="fba19ea5-9911-c550-e246-1cc83564bbd2">      <Execution id="0c092c85-f509-4479-8413-c7fbbb32e8de" />      <TestMethod codeBase="f:\src\Adiam_Cloud_Nightly_Tester\bins\debug\amd64\SyncFabric\Tests\TestExtension\Microsoft.ActiveDirectory.Connector.Test.TestExtension.dll" adapterTypeName="Microsoft.VisualStudio.TestTools.TestTypes.Unit.UnitTestAdapter" className="Microsoft.ActiveDirectory.Connector.Test.StorageExtensionUnitTest" name="TestUnlockProfile" />    </UnitTest>    <UnitTest name="TestUpdateProfile" storage="f:\src\adiam_cloud_nightly_tester\bins\debug\amd64\syncfabric\tests\testextension\microsoft.activedirectory.connector.test.testextension.dll" id="058b4a23-eb7c-5d6e-dd14-3d7bff1496ec">      <Execution id="2f207e78-6b21-4180-be23-ac9bbee10605" />      <TestMethod codeBase="f:\src\Adiam_Cloud_Nightly_Tester\bins\debug\amd64\SyncFabric\Tests\TestExtension\Microsoft.ActiveDirectory.Connector.Test.TestExtension.dll" adapterTypeName="Microsoft.VisualStudio.TestTools.TestTypes.Unit.UnitTestAdapter" className="Microsoft.ActiveDirectory.Connector.Test.StorageExtensionUnitTest" name="TestUpdateProfile" />    </UnitTest>    <UnitTest name="TestSendMessage" storage="f:\src\adiam_cloud_nightly_tester\bins\debug\amd64\syncfabric\tests\testextension\microsoft.activedirectory.connector.test.testextension.dll" id="4c555c5a-19ca-67d4-e9ae-113ac04838f2">      <Execution id="52f41612-51b1-482a-a529-7b7742a14e27" />      <TestMethod codeBase="f:\src\Adiam_Cloud_Nightly_Tester\bins\debug\amd64\SyncFabric\Tests\TestExtension\Microsoft.ActiveDirectory.Connector.Test.TestExtension.dll" adapterTypeName="Microsoft.VisualStudio.TestTools.TestTypes.Unit.UnitTestAdapter" className="Microsoft.ActiveDirectory.Connector.Test.MessengerExtensionUnitTest" name="TestSendMessage" />    </UnitTest>    <UnitTest name="TestErrorEmission" storage="f:\src\adiam_cloud_nightly_tester\bins\debug\amd64\syncfabric\tests\testextension\microsoft.activedirectory.connector.test.testextension.dll" id="095ab7cc-844b-f1a8-51b3-7e45d0588e81">      <Execution id="0e7d2b1f-cb1d-4b35-8bba-41219e542c82" />      <TestMethod codeBase="f:\src\Adiam_Cloud_Nightly_Tester\bins\debug\amd64\SyncFabric\Tests\TestExtension\Microsoft.ActiveDirectory.Connector.Test.TestExtension.dll" adapterTypeName="Microsoft.VisualStudio.TestTools.TestTypes.Unit.UnitTestAdapter" className="Microsoft.ActiveDirectory.Connector.Test.MonitoringExtensionUnitTest" name="TestErrorEmission" />    </UnitTest>    <UnitTest name="TestExceptionWarningEmission" storage="f:\src\adiam_cloud_nightly_tester\bins\debug\amd64\syncfabric\tests\testextension\microsoft.activedirectory.connector.test.testextension.dll" id="947540de-dbe4-43ad-0ffb-2e52459b5762">      <Execution id="6a6f9e93-7c8e-43b7-985e-2b6d57872f2e" />      <TestMethod codeBase="f:\src\Adiam_Cloud_Nightly_Tester\bins\debug\amd64\SyncFabric\Tests\TestExtension\Microsoft.ActiveDirectory.Connector.Test.TestExtension.dll" adapterTypeName="Microsoft.VisualStudio.TestTools.TestTypes.Unit.UnitTestAdapter" className="Microsoft.ActiveDirectory.Connector.Test.MonitoringExtensionUnitTest" name="TestExceptionWarningEmission" />    </UnitTest>    <UnitTest name="TestInformationEmission" storage="f:\src\adiam_cloud_nightly_tester\bins\debug\amd64\syncfabric\tests\testextension\microsoft.activedirectory.connector.test.testextension.dll" id="23935d59-c9d2-2734-582e-d2c5385ac29e">      <Execution id="bc5541b7-4aa8-43f7-8e35-8c80cb0ab53f" />      <TestMethod codeBase="f:\src\Adiam_Cloud_Nightly_Tester\bins\debug\amd64\SyncFabric\Tests\TestExtension\Microsoft.ActiveDirectory.Connector.Test.TestExtension.dll" adapterTypeName="Microsoft.VisualStudio.TestTools.TestTypes.Unit.UnitTestAdapter" className="Microsoft.ActiveDirectory.Connector.Test.MonitoringExtensionUnitTest" name="TestInformationEmission" />    </UnitTest>    <UnitTest name="TestWarningEmission" storage="f:\src\adiam_cloud_nightly_tester\bins\debug\amd64\syncfabric\tests\testextension\microsoft.activedirectory.connector.test.testextension.dll" id="7e59c172-c88f-95d8-1506-bf769ec14e2f">      <Execution id="6de42204-cb9d-4dbe-8e74-e6f99b4e0c65" />      <TestMethod codeBase="f:\src\Adiam_Cloud_Nightly_Tester\bins\debug\amd64\SyncFabric\Tests\TestExtension\Microsoft.ActiveDirectory.Connector.Test.TestExtension.dll" adapterTypeName="Microsoft.VisualStudio.TestTools.TestTypes.Unit.UnitTestAdapter" className="Microsoft.ActiveDirectory.Connector.Test.MonitoringExtensionUnitTest" name="TestWarningEmission" />    </UnitTest>  </TestDefinitions>  <TestEntries>    <TestEntry testId="3c6fc8dd-a0f7-770c-7be5-2621883e9ed5" executionId="7b1213f9-84b2-4885-8c24-f0e056a4835d" testListId="8c84fa94-04c1-424b-9868-57a2d4851a1d" />    <TestEntry testId="31c48218-bd5d-82fb-9c79-f0e23544a95a" executionId="7f812b42-f2fc-4e35-97d1-751ea9f7d568" testListId="8c84fa94-04c1-424b-9868-57a2d4851a1d" />    <TestEntry testId="71805b26-5f9e-ea04-2848-ecbf2d8b57fe" executionId="7444c937-7e69-4be3-8be9-9ee64538e9e8" testListId="8c84fa94-04c1-424b-9868-57a2d4851a1d" />    <TestEntry testId="8b498694-8dba-50d1-a332-7ee3f54d8309" executionId="299d2547-596b-4dc2-8d45-c4352f953140" testListId="8c84fa94-04c1-424b-9868-57a2d4851a1d" />    <TestEntry testId="13035342-b9f5-b508-3606-fa47ddfe9979" executionId="4991e0df-ba3c-49a4-afbf-d44d6a1e6b12" testListId="8c84fa94-04c1-424b-9868-57a2d4851a1d" />    <TestEntry testId="590befe5-e81a-9a33-24b9-50c1c6016a4d" executionId="bd392f93-24f2-4d82-b7e3-9c27d1eb292d" testListId="8c84fa94-04c1-424b-9868-57a2d4851a1d" />    <TestEntry testId="1748545f-33f5-413e-74be-23b4056eed04" executionId="cf9d80ef-95ac-4bb6-834e-3314d1bb4d2a" testListId="8c84fa94-04c1-424b-9868-57a2d4851a1d" />    <TestEntry testId="1cb02df9-7a01-a979-af44-798276e5f12e" executionId="752446bb-0d5f-4668-b94c-48a445b2ebde" testListId="8c84fa94-04c1-424b-9868-57a2d4851a1d" />    <TestEntry testId="563dfa21-e0d7-853a-b9ef-929881f22d62" executionId="e4e0d19b-be7c-4c54-ac31-c4b24837d4b3" testListId="8c84fa94-04c1-424b-9868-57a2d4851a1d" />    <TestEntry testId="aa1bf518-52c9-3b75-b6a2-a405529e2793" executionId="211dd54f-305f-42e5-93f5-8f33ce47dda1" testListId="8c84fa94-04c1-424b-9868-57a2d4851a1d" />    <TestEntry testId="3d6e7b84-5848-1b2f-28b1-e0ddb274bea1" executionId="6ea23b39-78ab-4401-bfc2-d9e8276d99ea" testListId="8c84fa94-04c1-424b-9868-57a2d4851a1d" />    <TestEntry testId="f88c9099-6883-ec06-512c-5f60d243978a" executionId="180d72e2-3c02-4982-a0a3-e7739ee466a2" testListId="8c84fa94-04c1-424b-9868-57a2d4851a1d" />    <TestEntry testId="950ee49f-3394-dbcf-88bf-015f69dfadf1" executionId="75013fac-f74a-43bf-b400-dd3c77f923ad" testListId="8c84fa94-04c1-424b-9868-57a2d4851a1d" />    <TestEntry testId="e7e11dc3-d90b-7544-4ef2-7d676941b8a1" executionId="320e8c0d-a1ff-4ecf-9b9c-a0a83e93a4d1" testListId="8c84fa94-04c1-424b-9868-57a2d4851a1d" />    <TestEntry testId="88d97e03-9100-6494-6bbc-9a5afc137dad" executionId="27b4f73c-a2c6-4474-8830-b0fbe45c978b" testListId="8c84fa94-04c1-424b-9868-57a2d4851a1d" />    <TestEntry testId="061e9f88-1cd9-ca64-6f20-8e280d9ce507" executionId="6c175d6f-18f4-4b9b-8fc8-a9cadbd8a4f7" testListId="8c84fa94-04c1-424b-9868-57a2d4851a1d" />    <TestEntry testId="fba19ea5-9911-c550-e246-1cc83564bbd2" executionId="0c092c85-f509-4479-8413-c7fbbb32e8de" testListId="8c84fa94-04c1-424b-9868-57a2d4851a1d" />    <TestEntry testId="058b4a23-eb7c-5d6e-dd14-3d7bff1496ec" executionId="2f207e78-6b21-4180-be23-ac9bbee10605" testListId="8c84fa94-04c1-424b-9868-57a2d4851a1d" />    <TestEntry testId="4c555c5a-19ca-67d4-e9ae-113ac04838f2" executionId="52f41612-51b1-482a-a529-7b7742a14e27" testListId="8c84fa94-04c1-424b-9868-57a2d4851a1d" />    <TestEntry testId="095ab7cc-844b-f1a8-51b3-7e45d0588e81" executionId="0e7d2b1f-cb1d-4b35-8bba-41219e542c82" testListId="8c84fa94-04c1-424b-9868-57a2d4851a1d" />    <TestEntry testId="947540de-dbe4-43ad-0ffb-2e52459b5762" executionId="6a6f9e93-7c8e-43b7-985e-2b6d57872f2e" testListId="8c84fa94-04c1-424b-9868-57a2d4851a1d" />    <TestEntry testId="23935d59-c9d2-2734-582e-d2c5385ac29e" executionId="bc5541b7-4aa8-43f7-8e35-8c80cb0ab53f" testListId="8c84fa94-04c1-424b-9868-57a2d4851a1d" />    <TestEntry testId="7e59c172-c88f-95d8-1506-bf769ec14e2f" executionId="6de42204-cb9d-4dbe-8e74-e6f99b4e0c65" testListId="8c84fa94-04c1-424b-9868-57a2d4851a1d" />  </TestEntries>  <TestLists>    <TestList name="Results Not in a List" id="8c84fa94-04c1-424b-9868-57a2d4851a1d" />    <TestList name="All Loaded Results" id="19431567-8539-422a-85d7-44ee4e166bda" />  </TestLists>  <ResultSummary outcome="Completed">    <Counters total="23" executed="23" passed="23" failed="0" error="0" timeout="0" aborted="0" inconclusive="0" passedButRunAborted="0" notRunnable="0" notExecuted="0" disconnected="0" warning="0" completed="0" inProgress="0" pending="0" />  </ResultSummary></TestRun>