<?xml version="1.0" encoding="UTF-8"?>
<TestRun id="b563cc9d-2d86-43c4-9ce5-a6c8991f5978" name="pranayp@PRANAY-TEST 2014-08-08 11:39:53" runUser="REDMOND\pranayp" xmlns="http://microsoft.com/schemas/VisualStudio/TeamTest/2010">
  <Times creation="2014-08-08T11:39:53.6498691-07:00" queuing="2014-08-08T11:39:53.6498691-07:00" start="2014-08-08T11:39:53.6548691-07:00" finish="2014-08-08T11:39:54.7828691-07:00" />
  <TestSettings name="default" id="9235d6d6-bb22-47da-bf05-5a6a2c5aea0a">
    <Execution>
      <TestTypeSpecific />
    </Execution>
    <Deployment runDeploymentRoot="pranayp_PRANAY-TEST 2014-08-08 11_39_53" />
  </TestSettings>
  <Results>
    <UnitTestResult executionId="037a51db-04a6-4e01-8835-70cd0efb84cb" testId="74c6e717-9c13-c2b7-b6e0-c0d7dc9636ce" testName="TestOutboundProvisioning" computerName="PRANAY-TEST" duration="00:01:56.7782414" startTime="2014-08-08T11:37:44.4518691-07:00" endTime="2014-08-08T11:39:53.5878691-07:00" testType="13cdc9d9-ddb5-4fa4-a97d-d965ccfc6d4b" outcome="Passed" testListId="8c84fa94-04c1-424b-9868-57a2d4851a1d" relativeResultsDirectory="037a51db-04a6-4e01-8835-70cd0efb84cb" />
  </Results>
  <TestDefinitions>
    <UnitTest name="TestOutboundProvisioning" storage="f:\src\adiam_cloud_nightly_tester\bins\debug\amd64\syncfabric\tests\testscenariooutboundprovisioningbox\microsoft.activedirectory.connector.test.testscenariooutboundprovisioningbox.dll" id="74c6e717-9c13-c2b7-b6e0-c0d7dc9636ce">
      <Execution id="037a51db-04a6-4e01-8835-70cd0efb84cb" />
      <TestMethod codeBase="f:\src\Adiam_Cloud_Nightly_Tester\bins\debug\amd64\SyncFabric\Tests\TestScenarioOutboundProvisioningBox\Microsoft.ActiveDirectory.Connector.Test.TestScenarioOutboundProvisioningBox.dll" adapterTypeName="Microsoft.VisualStudio.TestTools.TestTypes.Unit.UnitTestAdapter" className="Microsoft.ActiveDirectory.Connector.Test.BoxOutboundProvisioningScenarioTest" name="TestOutboundProvisioning" />
    </UnitTest>
  </TestDefinitions>
  <TestEntries>
    <TestEntry testId="74c6e717-9c13-c2b7-b6e0-c0d7dc9636ce" executionId="037a51db-04a6-4e01-8835-70cd0efb84cb" testListId="8c84fa94-04c1-424b-9868-57a2d4851a1d" />
  </TestEntries>
  <TestLists>
    <TestList name="Results Not in a List" id="8c84fa94-04c1-424b-9868-57a2d4851a1d" />
    <TestList name="All Loaded Results" id="19431567-8539-422a-85d7-44ee4e166bda" />
  </TestLists>
  <ResultSummary outcome="Completed">
    <Counters total="1" executed="1" passed="1" failed="0" error="0" timeout="0" aborted="0" inconclusive="0" passedButRunAborted="0" notRunnable="0" notExecuted="0" disconnected="0" warning="0" completed="0" inProgress="0" pending="0" />
  </ResultSummary>
</TestRun>