<?xml version="1.0" encoding="UTF-8"?><TestRun>  <Times creation="2014-08-08T11:37:58.0388691-07:00" queuing="2014-08-08T11:37:58.0388691-07:00" start="2014-08-08T11:37:58.0438691-07:00" finish="2014-08-08T11:38:47.9288691-07:00" />  <TestSettings name="default" id="7fd59ce4-0083-43af-a3d3-a51411fafc51">    <Execution>      <TestTypeSpecific />    </Execution>    <Deployment runDeploymentRoot="pranayp_PRANAY-TEST 2014-08-08 11_37_58" />  </TestSettings>  <Results>    <UnitTestResult executionId="1a9a07f7-6ec3-4524-b552-9b321656c93a" testId="ec1b7b2e-36db-791a-fcaf-3e98657c626e" testName="TestDeletion" computerName="PRANAY-TEST" duration="00:00:13.3898991" startTime="2014-08-08T11:37:44.4748691-07:00" endTime="2014-08-08T11:37:57.9658691-07:00" testType="13cdc9d9-ddb5-4fa4-a97d-d965ccfc6d4b" outcome="Passed" testListId="8c84fa94-04c1-424b-9868-57a2d4851a1d" relativeResultsDirectory="1a9a07f7-6ec3-4524-b552-9b321656c93a" />    <UnitTestResult executionId="dbff8d86-6b57-477e-a365-88cd13afad9e" testId="24f7fbbd-432b-e9dc-4e35-a8ebc1b7e000" testName="TestIdentifiedSchedule" computerName="PRANAY-TEST" duration="00:00:00.6096847" startTime="2014-08-08T11:37:57.9858691-07:00" endTime="2014-08-08T11:37:58.5968691-07:00" testType="13cdc9d9-ddb5-4fa4-a97d-d965ccfc6d4b" outcome="Passed" testListId="8c84fa94-04c1-424b-9868-57a2d4851a1d" relativeResultsDirectory="dbff8d86-6b57-477e-a365-88cd13afad9e" />    <UnitTestResult executionId="542ce915-8147-4a2f-8c7e-4110a3fdd642" testId="a72cec22-9282-aeca-6266-d9441431ad13" testName="TestIdentifiedScheduleSupplementary" computerName="PRANAY-TEST" duration="00:00:00.3743241" startTime="2014-08-08T11:37:58.5978691-07:00" endTime="2014-08-08T11:37:58.9718691-07:00" testType="13cdc9d9-ddb5-4fa4-a97d-d965ccfc6d4b" outcome="Passed" testListId="8c84fa94-04c1-424b-9868-57a2d4851a1d" relativeResultsDirectory="542ce915-8147-4a2f-8c7e-4110a3fdd642" />    <UnitTestResult executionId="eae21277-6104-4d92-bb4d-7621a6c7c2f3" testId="d5ed6388-cea9-6f5d-d505-4a4623406645" testName="TestSchedule" computerName="PRANAY-TEST" duration="00:00:10.6462756" startTime="2014-08-08T11:37:58.9718691-07:00" endTime="2014-08-08T11:38:09.6188691-07:00" testType="13cdc9d9-ddb5-4fa4-a97d-d965ccfc6d4b" outcome="Failed" testListId="8c84fa94-04c1-424b-9868-57a2d4851a1d" relativeResultsDirectory="eae21277-6104-4d92-bb4d-7621a6c7c2f3">      <Output>        <ErrorInfo>          <Message>Assert.IsTrue failed. </Message>          <StackTrace>   at Microsoft.ActiveDirectory.Connector.Test.SchedulerUnitTest.TestSchedule() in f:\src\Adiam_Cloud_Nightly_Tester\sources\test\Services\SyncFabric\Controller\UnitTests\TestScheduler\SchedulerUnitTest.cs:line 443</StackTrace>        </ErrorInfo>      </Output>    </UnitTestResult>    <UnitTestResult executionId="8bb6664c-b20a-46c7-ac88-e843969dca3b" testId="3adf6ecf-0445-b2fe-b3dc-6c8ce5e12e28" testName="TestUpdate" computerName="PRANAY-TEST" duration="00:00:02.2088443" startTime="2014-08-08T11:38:09.6188691-07:00" endTime="2014-08-08T11:38:11.8288691-07:00" testType="13cdc9d9-ddb5-4fa4-a97d-d965ccfc6d4b" outcome="Passed" testListId="8c84fa94-04c1-424b-9868-57a2d4851a1d" relativeResultsDirectory="8bb6664c-b20a-46c7-ac88-e843969dca3b" />    <UnitTestResult executionId="269fffd4-7d30-40a1-ab7e-7859838ddc06" testId="c799fae2-9ce5-5086-20a0-1d50daa2e434" testName="TestUpgrade" computerName="PRANAY-TEST" duration="00:00:02.7689917" startTime="2014-08-08T11:38:11.8298691-07:00" endTime="2014-08-08T11:38:14.5998691-07:00" testType="13cdc9d9-ddb5-4fa4-a97d-d965ccfc6d4b" outcome="Passed" testListId="8c84fa94-04c1-424b-9868-57a2d4851a1d" relativeResultsDirectory="269fffd4-7d30-40a1-ab7e-7859838ddc06" />  </Results>  <TestDefinitions>    <UnitTest name="TestDeletion" storage="f:\src\adiam_cloud_nightly_tester\bins\debug\amd64\syncfabric\tests\testscheduler\microsoft.activedirectory.connector.test.testscheduler.dll" id="ec1b7b2e-36db-791a-fcaf-3e98657c626e">      <Execution id="1a9a07f7-6ec3-4524-b552-9b321656c93a" />      <TestMethod codeBase="f:\src\Adiam_Cloud_Nightly_Tester\bins\debug\amd64\SyncFabric\Tests\TestScheduler\Microsoft.ActiveDirectory.Connector.Test.TestScheduler.dll" adapterTypeName="Microsoft.VisualStudio.TestTools.TestTypes.Unit.UnitTestAdapter" className="Microsoft.ActiveDirectory.Connector.Test.SchedulerUnitTest" name="TestDeletion" />    </UnitTest>    <UnitTest name="TestIdentifiedSchedule" storage="f:\src\adiam_cloud_nightly_tester\bins\debug\amd64\syncfabric\tests\testscheduler\microsoft.activedirectory.connector.test.testscheduler.dll" id="24f7fbbd-432b-e9dc-4e35-a8ebc1b7e000">      <Execution id="dbff8d86-6b57-477e-a365-88cd13afad9e" />      <TestMethod codeBase="f:\src\Adiam_Cloud_Nightly_Tester\bins\debug\amd64\SyncFabric\Tests\TestScheduler\Microsoft.ActiveDirectory.Connector.Test.TestScheduler.dll" adapterTypeName="Microsoft.VisualStudio.TestTools.TestTypes.Unit.UnitTestAdapter" className="Microsoft.ActiveDirectory.Connector.Test.SchedulerUnitTest" name="TestIdentifiedSchedule" />    </UnitTest>    <UnitTest name="TestIdentifiedScheduleSupplementary" storage="f:\src\adiam_cloud_nightly_tester\bins\debug\amd64\syncfabric\tests\testscheduler\microsoft.activedirectory.connector.test.testscheduler.dll" id="a72cec22-9282-aeca-6266-d9441431ad13">      <Execution id="542ce915-8147-4a2f-8c7e-4110a3fdd642" />      <TestMethod codeBase="f:\src\Adiam_Cloud_Nightly_Tester\bins\debug\amd64\SyncFabric\Tests\TestScheduler\Microsoft.ActiveDirectory.Connector.Test.TestScheduler.dll" adapterTypeName="Microsoft.VisualStudio.TestTools.TestTypes.Unit.UnitTestAdapter" className="Microsoft.ActiveDirectory.Connector.Test.SchedulerUnitTest" name="TestIdentifiedScheduleSupplementary" />    </UnitTest>    <UnitTest name="TestSchedule" storage="f:\src\adiam_cloud_nightly_tester\bins\debug\amd64\syncfabric\tests\testscheduler\microsoft.activedirectory.connector.test.testscheduler.dll" id="d5ed6388-cea9-6f5d-d505-4a4623406645">      <Execution id="eae21277-6104-4d92-bb4d-7621a6c7c2f3" />      <TestMethod codeBase="f:\src\Adiam_Cloud_Nightly_Tester\bins\debug\amd64\SyncFabric\Tests\TestScheduler\Microsoft.ActiveDirectory.Connector.Test.TestScheduler.dll" adapterTypeName="Microsoft.VisualStudio.TestTools.TestTypes.Unit.UnitTestAdapter" className="Microsoft.ActiveDirectory.Connector.Test.SchedulerUnitTest" name="TestSchedule" />    </UnitTest>    <UnitTest name="TestUpdate" storage="f:\src\adiam_cloud_nightly_tester\bins\debug\amd64\syncfabric\tests\testscheduler\microsoft.activedirectory.connector.test.testscheduler.dll" id="3adf6ecf-0445-b2fe-b3dc-6c8ce5e12e28">      <Execution id="8bb6664c-b20a-46c7-ac88-e843969dca3b" />      <TestMethod codeBase="f:\src\Adiam_Cloud_Nightly_Tester\bins\debug\amd64\SyncFabric\Tests\TestScheduler\Microsoft.ActiveDirectory.Connector.Test.TestScheduler.dll" adapterTypeName="Microsoft.VisualStudio.TestTools.TestTypes.Unit.UnitTestAdapter" className="Microsoft.ActiveDirectory.Connector.Test.SchedulerUnitTest" name="TestUpdate" />    </UnitTest>    <UnitTest name="TestUpgrade" storage="f:\src\adiam_cloud_nightly_tester\bins\debug\amd64\syncfabric\tests\testscheduler\microsoft.activedirectory.connector.test.testscheduler.dll" id="c799fae2-9ce5-5086-20a0-1d50daa2e434">      <Execution id="269fffd4-7d30-40a1-ab7e-7859838ddc06" />      <TestMethod codeBase="f:\src\Adiam_Cloud_Nightly_Tester\bins\debug\amd64\SyncFabric\Tests\TestScheduler\Microsoft.ActiveDirectory.Connector.Test.TestScheduler.dll" adapterTypeName="Microsoft.VisualStudio.TestTools.TestTypes.Unit.UnitTestAdapter" className="Microsoft.ActiveDirectory.Connector.Test.SchedulerUnitTest" name="TestUpgrade" />    </UnitTest>  </TestDefinitions>  <TestEntries>    <TestEntry testId="ec1b7b2e-36db-791a-fcaf-3e98657c626e" executionId="1a9a07f7-6ec3-4524-b552-9b321656c93a" testListId="8c84fa94-04c1-424b-9868-57a2d4851a1d" />    <TestEntry testId="24f7fbbd-432b-e9dc-4e35-a8ebc1b7e000" executionId="dbff8d86-6b57-477e-a365-88cd13afad9e" testListId="8c84fa94-04c1-424b-9868-57a2d4851a1d" />    <TestEntry testId="a72cec22-9282-aeca-6266-d9441431ad13" executionId="542ce915-8147-4a2f-8c7e-4110a3fdd642" testListId="8c84fa94-04c1-424b-9868-57a2d4851a1d" />    <TestEntry testId="d5ed6388-cea9-6f5d-d505-4a4623406645" executionId="eae21277-6104-4d92-bb4d-7621a6c7c2f3" testListId="8c84fa94-04c1-424b-9868-57a2d4851a1d" />    <TestEntry testId="3adf6ecf-0445-b2fe-b3dc-6c8ce5e12e28" executionId="8bb6664c-b20a-46c7-ac88-e843969dca3b" testListId="8c84fa94-04c1-424b-9868-57a2d4851a1d" />    <TestEntry testId="c799fae2-9ce5-5086-20a0-1d50daa2e434" executionId="269fffd4-7d30-40a1-ab7e-7859838ddc06" testListId="8c84fa94-04c1-424b-9868-57a2d4851a1d" />  </TestEntries>  <TestLists>    <TestList name="Results Not in a List" id="8c84fa94-04c1-424b-9868-57a2d4851a1d" />    <TestList name="All Loaded Results" id="19431567-8539-422a-85d7-44ee4e166bda" />  </TestLists>  <ResultSummary outcome="Failed">    <Counters total="6" executed="6" passed="5" failed="1" error="0" timeout="0" aborted="0" inconclusive="0" passedButRunAborted="0" notRunnable="0" notExecuted="0" disconnected="0" warning="0" completed="0" inProgress="0" pending="0" />  </ResultSummary></TestRun>