<?xml version="1.0" encoding="UTF-8"?><TestRun>  <Times creation="2014-08-08T11:38:10.6748691-07:00" queuing="2014-08-08T11:38:10.6748691-07:00" start="2014-08-08T11:38:10.6808691-07:00" finish="2014-08-08T11:38:41.4028691-07:00" />  <TestSettings name="default" id="88c9f7d6-f03b-494e-afe0-c197c0d1f5dd">    <Execution>      <TestTypeSpecific />    </Execution>    <Deployment runDeploymentRoot="pranayp_PRANAY-TEST 2014-08-08 11_38_10" />  </TestSettings>  <Results>    <UnitTestResult executionId="f390bb0c-4237-4d3d-ac7b-5517966d08ef" testId="56e4822c-67dc-e287-68b1-635ea983221d" testName="TestUpdate" computerName="PRANAY-TEST" duration="00:00:32.4280040" startTime="2014-08-08T11:37:38.0218691-07:00" endTime="2014-08-08T11:38:10.6038691-07:00" testType="13cdc9d9-ddb5-4fa4-a97d-d965ccfc6d4b" outcome="Passed" testListId="8c84fa94-04c1-424b-9868-57a2d4851a1d" relativeResultsDirectory="f390bb0c-4237-4d3d-ac7b-5517966d08ef" />  </Results>  <TestDefinitions>    <UnitTest name="TestUpdate" storage="f:\src\adiam_cloud_nightly_tester\bins\debug\amd64\syncfabric\tests\testsynchronizationworkerwithcloudqueue\microsoft.activedirectory.connector.test.testsynchronizationworkerwithcloudqueue.dll" id="56e4822c-67dc-e287-68b1-635ea983221d">      <Execution id="f390bb0c-4237-4d3d-ac7b-5517966d08ef" />      <TestMethod codeBase="f:\src\Adiam_Cloud_Nightly_Tester\bins\debug\amd64\SyncFabric\Tests\TestSynchronizationWorkerWithCloudQueue\Microsoft.ActiveDirectory.Connector.Test.TestSynchronizationWorkerWithCloudQueue.dll" adapterTypeName="Microsoft.VisualStudio.TestTools.TestTypes.Unit.UnitTestAdapter" className="Microsoft.ActiveDirectory.Connector.Test.RunControllerCloudQueueUnitTest" name="TestUpdate" />    </UnitTest>  </TestDefinitions>  <TestEntries>    <TestEntry testId="56e4822c-67dc-e287-68b1-635ea983221d" executionId="f390bb0c-4237-4d3d-ac7b-5517966d08ef" testListId="8c84fa94-04c1-424b-9868-57a2d4851a1d" />  </TestEntries>  <TestLists>    <TestList name="Results Not in a List" id="8c84fa94-04c1-424b-9868-57a2d4851a1d" />    <TestList name="All Loaded Results" id="19431567-8539-422a-85d7-44ee4e166bda" />  </TestLists>  <ResultSummary outcome="Completed">    <Counters total="1" executed="1" passed="1" failed="0" error="0" timeout="0" aborted="0" inconclusive="0" passedButRunAborted="0" notRunnable="0" notExecuted="0" disconnected="0" warning="0" completed="0" inProgress="0" pending="0" />  </ResultSummary></TestRun>