<?xml version="1.0" encoding="UTF-8"?><TestRun>  <Times creation="2014-08-08T11:38:45.3718691-07:00" queuing="2014-08-08T11:38:45.3718691-07:00" start="2014-08-08T11:38:45.3778691-07:00" finish="2014-08-08T11:38:53.8838691-07:00" />  <TestSettings name="default" id="f15c619a-9762-4b41-8b60-79eb54c6c525">    <Execution>      <TestTypeSpecific />    </Execution>    <Deployment runDeploymentRoot="pranayp_PRANAY-TEST 2014-08-08 11_38_45" />  </TestSettings>  <Results>    <UnitTestResult executionId="58d1dd75-d1a8-4a86-9604-7ca75be1a6d8" testId="d62a7ab7-fde4-fb6c-2349-b807a2ce4c32" testName="EntitlementGranterUnitTestGrantEntitlementsFromContext" computerName="PRANAY-TEST" duration="00:00:52.3684312" startTime="2014-08-08T11:37:52.2258691-07:00" endTime="2014-08-08T11:38:45.2618691-07:00" testType="13cdc9d9-ddb5-4fa4-a97d-d965ccfc6d4b" outcome="Passed" testListId="8c84fa94-04c1-424b-9868-57a2d4851a1d" relativeResultsDirectory="58d1dd75-d1a8-4a86-9604-7ca75be1a6d8" />    <UnitTestResult executionId="0914ba3b-b81e-45fb-9424-527e1962f895" testId="ad04a017-3344-e3ce-e238-a65a7aa12376" testName="TestCategorizingEntitlements" computerName="PRANAY-TEST" duration="00:00:00.0028837" startTime="2014-08-08T11:38:45.2828691-07:00" endTime="2014-08-08T11:38:45.2868691-07:00" testType="13cdc9d9-ddb5-4fa4-a97d-d965ccfc6d4b" outcome="Passed" testListId="8c84fa94-04c1-424b-9868-57a2d4851a1d" relativeResultsDirectory="0914ba3b-b81e-45fb-9424-527e1962f895" />    <UnitTestResult executionId="27ee3605-d041-4993-939e-c4ba258c7021" testId="3a863c5f-cc30-5b58-f2fa-b40e249dc40d" testName="TestSerializingEntitlementGrants" computerName="PRANAY-TEST" duration="00:00:00.0253309" startTime="2014-08-08T11:38:45.2868691-07:00" endTime="2014-08-08T11:38:45.3118691-07:00" testType="13cdc9d9-ddb5-4fa4-a97d-d965ccfc6d4b" outcome="Passed" testListId="8c84fa94-04c1-424b-9868-57a2d4851a1d" relativeResultsDirectory="27ee3605-d041-4993-939e-c4ba258c7021" />    <UnitTestResult executionId="000014a3-c275-4f27-8e62-2eaf976ce0df" testId="5df5f99b-a925-e383-0d54-f3f35c0d8b18" testName="TestSerializingEntitlements" computerName="PRANAY-TEST" duration="00:00:00.0020198" startTime="2014-08-08T11:38:45.3118691-07:00" endTime="2014-08-08T11:38:45.3148691-07:00" testType="13cdc9d9-ddb5-4fa4-a97d-d965ccfc6d4b" outcome="Passed" testListId="8c84fa94-04c1-424b-9868-57a2d4851a1d" relativeResultsDirectory="000014a3-c275-4f27-8e62-2eaf976ce0df" />  </Results>  <TestDefinitions>    <UnitTest name="EntitlementGranterUnitTestGrantEntitlementsFromContext" storage="f:\src\adiam_cloud_nightly_tester\bins\debug\amd64\syncfabric\tests\testentitlements\microsoft.activedirectory.connector.test.testentitlements.dll" id="d62a7ab7-fde4-fb6c-2349-b807a2ce4c32">      <Execution id="58d1dd75-d1a8-4a86-9604-7ca75be1a6d8" />      <TestMethod codeBase="f:\src\Adiam_Cloud_Nightly_Tester\bins\debug\amd64\SyncFabric\Tests\TestEntitlements\Microsoft.ActiveDirectory.Connector.Test.TestEntitlements.dll" adapterTypeName="Microsoft.VisualStudio.TestTools.TestTypes.Unit.UnitTestAdapter" className="Microsoft.ActiveDirectory.Connector.Test.EntitlementGranterUnitTest" name="EntitlementGranterUnitTestGrantEntitlementsFromContext" />    </UnitTest>    <UnitTest name="TestCategorizingEntitlements" storage="f:\src\adiam_cloud_nightly_tester\bins\debug\amd64\syncfabric\tests\testentitlements\microsoft.activedirectory.connector.test.testentitlements.dll" id="ad04a017-3344-e3ce-e238-a65a7aa12376">      <Execution id="0914ba3b-b81e-45fb-9424-527e1962f895" />      <TestMethod codeBase="f:\src\Adiam_Cloud_Nightly_Tester\bins\debug\amd64\SyncFabric\Tests\TestEntitlements\Microsoft.ActiveDirectory.Connector.Test.TestEntitlements.dll" adapterTypeName="Microsoft.VisualStudio.TestTools.TestTypes.Unit.UnitTestAdapter" className="Microsoft.ActiveDirectory.Connector.Test.EntitlementRepresentationUnitTest" name="TestCategorizingEntitlements" />    </UnitTest>    <UnitTest name="TestSerializingEntitlementGrants" storage="f:\src\adiam_cloud_nightly_tester\bins\debug\amd64\syncfabric\tests\testentitlements\microsoft.activedirectory.connector.test.testentitlements.dll" id="3a863c5f-cc30-5b58-f2fa-b40e249dc40d">      <Execution id="27ee3605-d041-4993-939e-c4ba258c7021" />      <TestMethod codeBase="f:\src\Adiam_Cloud_Nightly_Tester\bins\debug\amd64\SyncFabric\Tests\TestEntitlements\Microsoft.ActiveDirectory.Connector.Test.TestEntitlements.dll" adapterTypeName="Microsoft.VisualStudio.TestTools.TestTypes.Unit.UnitTestAdapter" className="Microsoft.ActiveDirectory.Connector.Test.EntitlementRepresentationUnitTest" name="TestSerializingEntitlementGrants" />    </UnitTest>    <UnitTest name="TestSerializingEntitlements" storage="f:\src\adiam_cloud_nightly_tester\bins\debug\amd64\syncfabric\tests\testentitlements\microsoft.activedirectory.connector.test.testentitlements.dll" id="5df5f99b-a925-e383-0d54-f3f35c0d8b18">      <Execution id="000014a3-c275-4f27-8e62-2eaf976ce0df" />      <TestMethod codeBase="f:\src\Adiam_Cloud_Nightly_Tester\bins\debug\amd64\SyncFabric\Tests\TestEntitlements\Microsoft.ActiveDirectory.Connector.Test.TestEntitlements.dll" adapterTypeName="Microsoft.VisualStudio.TestTools.TestTypes.Unit.UnitTestAdapter" className="Microsoft.ActiveDirectory.Connector.Test.EntitlementRepresentationUnitTest" name="TestSerializingEntitlements" />    </UnitTest>  </TestDefinitions>  <TestEntries>    <TestEntry testId="d62a7ab7-fde4-fb6c-2349-b807a2ce4c32" executionId="58d1dd75-d1a8-4a86-9604-7ca75be1a6d8" testListId="8c84fa94-04c1-424b-9868-57a2d4851a1d" />    <TestEntry testId="ad04a017-3344-e3ce-e238-a65a7aa12376" executionId="0914ba3b-b81e-45fb-9424-527e1962f895" testListId="8c84fa94-04c1-424b-9868-57a2d4851a1d" />    <TestEntry testId="3a863c5f-cc30-5b58-f2fa-b40e249dc40d" executionId="27ee3605-d041-4993-939e-c4ba258c7021" testListId="8c84fa94-04c1-424b-9868-57a2d4851a1d" />    <TestEntry testId="5df5f99b-a925-e383-0d54-f3f35c0d8b18" executionId="000014a3-c275-4f27-8e62-2eaf976ce0df" testListId="8c84fa94-04c1-424b-9868-57a2d4851a1d" />  </TestEntries>  <TestLists>    <TestList name="Results Not in a List" id="8c84fa94-04c1-424b-9868-57a2d4851a1d" />    <TestList name="All Loaded Results" id="19431567-8539-422a-85d7-44ee4e166bda" />  </TestLists>  <ResultSummary outcome="Completed">    <Counters total="4" executed="4" passed="4" failed="0" error="0" timeout="0" aborted="0" inconclusive="0" passedButRunAborted="0" notRunnable="0" notExecuted="0" disconnected="0" warning="0" completed="0" inProgress="0" pending="0" />  </ResultSummary></TestRun>