<?xml version="1.0" encoding="UTF-8"?><TestRun>  <Times creation="2014-08-08T11:39:25.4328691-07:00" queuing="2014-08-08T11:39:25.4328691-07:00" start="2014-08-08T11:39:25.4388691-07:00" finish="2014-08-08T11:41:40.3498691-07:00" />  <TestSettings name="default" id="72d73472-448a-4912-b193-819d4a08b0d1">    <Execution>      <TestTypeSpecific />    </Execution>    <Deployment runDeploymentRoot="pranayp_PRANAY-TEST 2014-08-08 11_39_25" />  </TestSettings>  <Results>    <UnitTestResult executionId="021e660a-13dc-4348-8c3b-f5d0682aec67" testId="2f3a4eaf-719e-da5e-1508-aba0a27fbc53" testName="TestExportAddUserWithoutJoiningProperty" computerName="PRANAY-TEST" duration="00:01:51.1587576" startTime="2014-08-08T11:37:34.0678691-07:00" endTime="2014-08-08T11:39:25.3668691-07:00" testType="13cdc9d9-ddb5-4fa4-a97d-d965ccfc6d4b" outcome="Passed" testListId="8c84fa94-04c1-424b-9868-57a2d4851a1d" relativeResultsDirectory="021e660a-13dc-4348-8c3b-f5d0682aec67" />    <UnitTestResult executionId="d2a19230-2f61-43ff-aba8-2c082013c3fe" testId="6abec567-22e8-3653-3257-7b7354d09b57" testName="TestEscrows" computerName="PRANAY-TEST" duration="00:00:40.7982349" startTime="2014-08-08T11:39:25.3868691-07:00" endTime="2014-08-08T11:40:06.1828691-07:00" testType="13cdc9d9-ddb5-4fa4-a97d-d965ccfc6d4b" outcome="Passed" testListId="8c84fa94-04c1-424b-9868-57a2d4851a1d" relativeResultsDirectory="d2a19230-2f61-43ff-aba8-2c082013c3fe" />    <UnitTestResult executionId="f912a75b-e166-41c4-a73a-834cd460a5a7" testId="a05a1cdc-5b78-30ad-3cf3-ca763dddc4f6" testName="TestEscrows_MaximumTimeElapsed" computerName="PRANAY-TEST" duration="00:01:21.9959425" startTime="2014-08-08T11:40:06.1838691-07:00" endTime="2014-08-08T11:41:28.1748691-07:00" testType="13cdc9d9-ddb5-4fa4-a97d-d965ccfc6d4b" outcome="Passed" testListId="8c84fa94-04c1-424b-9868-57a2d4851a1d" relativeResultsDirectory="f912a75b-e166-41c4-a73a-834cd460a5a7" />    <UnitTestResult executionId="d6a0a485-9f01-45bb-a264-527c5c4ffc6e" testId="14977266-5478-a5ae-4472-39b77564b9a6" testName="TestEscrow_DuplicateMatchingEntries" computerName="PRANAY-TEST" duration="00:00:10.8366039" startTime="2014-08-08T11:41:28.1758691-07:00" endTime="2014-08-08T11:41:39.0118691-07:00" testType="13cdc9d9-ddb5-4fa4-a97d-d965ccfc6d4b" outcome="Passed" testListId="8c84fa94-04c1-424b-9868-57a2d4851a1d" relativeResultsDirectory="d6a0a485-9f01-45bb-a264-527c5c4ffc6e" />  </Results>  <TestDefinitions>    <UnitTest name="TestExportAddUserWithoutJoiningProperty" storage="f:\src\adiam_cloud_nightly_tester\bins\debug\amd64\syncfabric\tests\testescrows\microsoft.activedirectory.connector.test.testescrows.dll" id="2f3a4eaf-719e-da5e-1508-aba0a27fbc53">      <Execution id="021e660a-13dc-4348-8c3b-f5d0682aec67" />      <TestMethod codeBase="f:\src\Adiam_Cloud_Nightly_Tester\bins\debug\amd64\SyncFabric\Tests\TestEscrows\Microsoft.ActiveDirectory.Connector.Test.TestEscrows.dll" adapterTypeName="Microsoft.VisualStudio.TestTools.TestTypes.Unit.UnitTestAdapter" className="Microsoft.ActiveDirectory.Connector.Test.EscrowsUnitTest" name="TestExportAddUserWithoutJoiningProperty" />    </UnitTest>    <UnitTest name="TestEscrows" storage="f:\src\adiam_cloud_nightly_tester\bins\debug\amd64\syncfabric\tests\testescrows\microsoft.activedirectory.connector.test.testescrows.dll" id="6abec567-22e8-3653-3257-7b7354d09b57">      <Execution id="d2a19230-2f61-43ff-aba8-2c082013c3fe" />      <TestMethod codeBase="f:\src\Adiam_Cloud_Nightly_Tester\bins\debug\amd64\SyncFabric\Tests\TestEscrows\Microsoft.ActiveDirectory.Connector.Test.TestEscrows.dll" adapterTypeName="Microsoft.VisualStudio.TestTools.TestTypes.Unit.UnitTestAdapter" className="Microsoft.ActiveDirectory.Connector.Test.EscrowsUnitTest" name="TestEscrows" />    </UnitTest>    <UnitTest name="TestEscrows_MaximumTimeElapsed" storage="f:\src\adiam_cloud_nightly_tester\bins\debug\amd64\syncfabric\tests\testescrows\microsoft.activedirectory.connector.test.testescrows.dll" id="a05a1cdc-5b78-30ad-3cf3-ca763dddc4f6">      <Execution id="f912a75b-e166-41c4-a73a-834cd460a5a7" />      <TestMethod codeBase="f:\src\Adiam_Cloud_Nightly_Tester\bins\debug\amd64\SyncFabric\Tests\TestEscrows\Microsoft.ActiveDirectory.Connector.Test.TestEscrows.dll" adapterTypeName="Microsoft.VisualStudio.TestTools.TestTypes.Unit.UnitTestAdapter" className="Microsoft.ActiveDirectory.Connector.Test.EscrowsUnitTest" name="TestEscrows_MaximumTimeElapsed" />    </UnitTest>    <UnitTest name="TestEscrow_DuplicateMatchingEntries" storage="f:\src\adiam_cloud_nightly_tester\bins\debug\amd64\syncfabric\tests\testescrows\microsoft.activedirectory.connector.test.testescrows.dll" id="14977266-5478-a5ae-4472-39b77564b9a6">      <Execution id="d6a0a485-9f01-45bb-a264-527c5c4ffc6e" />      <TestMethod codeBase="f:\src\Adiam_Cloud_Nightly_Tester\bins\debug\amd64\SyncFabric\Tests\TestEscrows\Microsoft.ActiveDirectory.Connector.Test.TestEscrows.dll" adapterTypeName="Microsoft.VisualStudio.TestTools.TestTypes.Unit.UnitTestAdapter" className="Microsoft.ActiveDirectory.Connector.Test.EscrowsUnitTest" name="TestEscrow_DuplicateMatchingEntries" />    </UnitTest>  </TestDefinitions>  <TestEntries>    <TestEntry testId="2f3a4eaf-719e-da5e-1508-aba0a27fbc53" executionId="021e660a-13dc-4348-8c3b-f5d0682aec67" testListId="8c84fa94-04c1-424b-9868-57a2d4851a1d" />    <TestEntry testId="6abec567-22e8-3653-3257-7b7354d09b57" executionId="d2a19230-2f61-43ff-aba8-2c082013c3fe" testListId="8c84fa94-04c1-424b-9868-57a2d4851a1d" />    <TestEntry testId="a05a1cdc-5b78-30ad-3cf3-ca763dddc4f6" executionId="f912a75b-e166-41c4-a73a-834cd460a5a7" testListId="8c84fa94-04c1-424b-9868-57a2d4851a1d" />    <TestEntry testId="14977266-5478-a5ae-4472-39b77564b9a6" executionId="d6a0a485-9f01-45bb-a264-527c5c4ffc6e" testListId="8c84fa94-04c1-424b-9868-57a2d4851a1d" />  </TestEntries>  <TestLists>    <TestList name="Results Not in a List" id="8c84fa94-04c1-424b-9868-57a2d4851a1d" />    <TestList name="All Loaded Results" id="19431567-8539-422a-85d7-44ee4e166bda" />  </TestLists>  <ResultSummary outcome="Completed">    <Counters total="4" executed="4" passed="4" failed="0" error="0" timeout="0" aborted="0" inconclusive="0" passedButRunAborted="0" notRunnable="0" notExecuted="0" disconnected="0" warning="0" completed="0" inProgress="0" pending="0" />  </ResultSummary></TestRun>