<?xml version="1.0" encoding="UTF-8"?><TestRun>  <Times creation="2014-08-08T11:38:54.9048691-07:00" queuing="2014-08-08T11:38:54.9048691-07:00" start="2014-08-08T11:38:54.9138691-07:00" finish="2014-08-08T11:42:36.4028691-07:00" />  <TestSettings name="default" id="3a94bd28-47a1-436a-98b9-d102cb32866a">    <Execution>      <TestTypeSpecific />    </Execution>    <Deployment runDeploymentRoot="pranayp_PRANAY-TEST 2014-08-08 11_38_54" />  </TestSettings>  <Results>    <UnitTestResult executionId="82d97f73-adf7-4332-bcd2-28df372376a1" testId="345e8fda-ddf3-519c-f560-86229247ca00" testName="TestEscrow" computerName="PRANAY-TEST" duration="00:01:15.3496626" startTime="2014-08-08T11:37:39.3938691-07:00" endTime="2014-08-08T11:38:54.8128691-07:00" testType="13cdc9d9-ddb5-4fa4-a97d-d965ccfc6d4b" outcome="Failed" testListId="8c84fa94-04c1-424b-9868-57a2d4851a1d" relativeResultsDirectory="82d97f73-adf7-4332-bcd2-28df372376a1">      <Output>        <ErrorInfo>          <Message>Assert.IsFalse failed. </Message>          <StackTrace>   at Microsoft.ActiveDirectory.Connector.Test.BoxProxyAdapterUnitTest.DoDelete() in f:\src\Adiam_Cloud_Nightly_Tester\sources\test\Services\SyncFabric\Controller\UnitTests\TestBoxProxyAdapter\BoxProxyAdapterUnitTest.cs:line 178   at Microsoft.ActiveDirectory.Connector.Test.BoxProxyAdapterUnitTest.TestEscrow() in f:\src\Adiam_Cloud_Nightly_Tester\sources\test\Services\SyncFabric\Controller\UnitTests\TestBoxProxyAdapter\BoxProxyAdapterUnitTest.cs:line 543</StackTrace>        </ErrorInfo>      </Output>    </UnitTestResult>    <UnitTestResult executionId="26b4c449-ee23-42d9-ba6d-7f67abeceb7f" testId="0ad8c3ed-bfa6-8fb3-ada9-8cf2e29f0424" testName="TestExport" computerName="PRANAY-TEST" duration="00:01:11.2491377" startTime="2014-08-08T11:38:54.8378691-07:00" endTime="2014-08-08T11:40:06.0838691-07:00" testType="13cdc9d9-ddb5-4fa4-a97d-d965ccfc6d4b" outcome="Passed" testListId="8c84fa94-04c1-424b-9868-57a2d4851a1d" relativeResultsDirectory="26b4c449-ee23-42d9-ba6d-7f67abeceb7f" />    <UnitTestResult executionId="577b0c3d-8efd-4cc1-a3d7-b9b530940cd1" testId="1c24e08b-ed42-df7a-bfad-c0e2d3a516f0" testName="TestUpdateLogin" computerName="PRANAY-TEST" duration="00:01:22.6215698" startTime="2014-08-08T11:40:06.0848691-07:00" endTime="2014-08-08T11:41:28.7018691-07:00" testType="13cdc9d9-ddb5-4fa4-a97d-d965ccfc6d4b" outcome="Passed" testListId="8c84fa94-04c1-424b-9868-57a2d4851a1d" relativeResultsDirectory="577b0c3d-8efd-4cc1-a3d7-b9b530940cd1" />    <UnitTestResult executionId="6d41b463-e9e5-47ad-88b9-8e38a57b6847" testId="9bf87213-bccd-5958-dac6-871db8f8672f" testName="TestFullImport" computerName="PRANAY-TEST" duration="00:00:31.3618658" startTime="2014-08-08T11:41:28.7028691-07:00" endTime="2014-08-08T11:42:00.0628691-07:00" testType="13cdc9d9-ddb5-4fa4-a97d-d965ccfc6d4b" outcome="Passed" testListId="8c84fa94-04c1-424b-9868-57a2d4851a1d" relativeResultsDirectory="6d41b463-e9e5-47ad-88b9-8e38a57b6847" />    <UnitTestResult executionId="d8737c3a-39d7-4690-b2c1-f4ac9f6d9b52" testId="78e0b479-3259-adf8-964c-50107d7035de" testName="TestValidateCredentials" computerName="PRANAY-TEST" duration="00:00:18.4854557" startTime="2014-08-08T11:42:00.0638691-07:00" endTime="2014-08-08T11:42:18.5488691-07:00" testType="13cdc9d9-ddb5-4fa4-a97d-d965ccfc6d4b" outcome="Passed" testListId="8c84fa94-04c1-424b-9868-57a2d4851a1d" relativeResultsDirectory="d8737c3a-39d7-4690-b2c1-f4ac9f6d9b52" />    <UnitTestResult executionId="9d4e5b51-be73-469a-a500-b372830ce391" testId="0fab150a-6da3-015a-7701-994ba2416f81" testName="TestCredentialRefresh" computerName="PRANAY-TEST" duration="00:00:16.7603409" startTime="2014-08-08T11:42:18.5488691-07:00" endTime="2014-08-08T11:42:35.3088691-07:00" testType="13cdc9d9-ddb5-4fa4-a97d-d965ccfc6d4b" outcome="Passed" testListId="8c84fa94-04c1-424b-9868-57a2d4851a1d" relativeResultsDirectory="9d4e5b51-be73-469a-a500-b372830ce391" />  </Results>  <TestDefinitions>    <UnitTest name="TestEscrow" storage="f:\src\adiam_cloud_nightly_tester\bins\debug\amd64\syncfabric\tests\testboxproxyadapter\microsoft.activedirectory.connector.test.testboxproxyadapter.dll" id="345e8fda-ddf3-519c-f560-86229247ca00">      <Execution id="82d97f73-adf7-4332-bcd2-28df372376a1" />      <TestMethod codeBase="f:\src\Adiam_Cloud_Nightly_Tester\bins\debug\amd64\SyncFabric\Tests\TestBoxProxyAdapter\Microsoft.ActiveDirectory.Connector.Test.TestBoxProxyAdapter.dll" adapterTypeName="Microsoft.VisualStudio.TestTools.TestTypes.Unit.UnitTestAdapter" className="Microsoft.ActiveDirectory.Connector.Test.BoxProxyAdapterUnitTest" name="TestEscrow" />    </UnitTest>    <UnitTest name="TestExport" storage="f:\src\adiam_cloud_nightly_tester\bins\debug\amd64\syncfabric\tests\testboxproxyadapter\microsoft.activedirectory.connector.test.testboxproxyadapter.dll" id="0ad8c3ed-bfa6-8fb3-ada9-8cf2e29f0424">      <Execution id="26b4c449-ee23-42d9-ba6d-7f67abeceb7f" />      <TestMethod codeBase="f:\src\Adiam_Cloud_Nightly_Tester\bins\debug\amd64\SyncFabric\Tests\TestBoxProxyAdapter\Microsoft.ActiveDirectory.Connector.Test.TestBoxProxyAdapter.dll" adapterTypeName="Microsoft.VisualStudio.TestTools.TestTypes.Unit.UnitTestAdapter" className="Microsoft.ActiveDirectory.Connector.Test.BoxProxyAdapterUnitTest" name="TestExport" />    </UnitTest>    <UnitTest name="TestUpdateLogin" storage="f:\src\adiam_cloud_nightly_tester\bins\debug\amd64\syncfabric\tests\testboxproxyadapter\microsoft.activedirectory.connector.test.testboxproxyadapter.dll" id="1c24e08b-ed42-df7a-bfad-c0e2d3a516f0">      <Execution id="577b0c3d-8efd-4cc1-a3d7-b9b530940cd1" />      <TestMethod codeBase="f:\src\Adiam_Cloud_Nightly_Tester\bins\debug\amd64\SyncFabric\Tests\TestBoxProxyAdapter\Microsoft.ActiveDirectory.Connector.Test.TestBoxProxyAdapter.dll" adapterTypeName="Microsoft.VisualStudio.TestTools.TestTypes.Unit.UnitTestAdapter" className="Microsoft.ActiveDirectory.Connector.Test.BoxProxyAdapterUnitTest" name="TestUpdateLogin" />    </UnitTest>    <UnitTest name="TestFullImport" storage="f:\src\adiam_cloud_nightly_tester\bins\debug\amd64\syncfabric\tests\testboxproxyadapter\microsoft.activedirectory.connector.test.testboxproxyadapter.dll" id="9bf87213-bccd-5958-dac6-871db8f8672f">      <Execution id="6d41b463-e9e5-47ad-88b9-8e38a57b6847" />      <TestMethod codeBase="f:\src\Adiam_Cloud_Nightly_Tester\bins\debug\amd64\SyncFabric\Tests\TestBoxProxyAdapter\Microsoft.ActiveDirectory.Connector.Test.TestBoxProxyAdapter.dll" adapterTypeName="Microsoft.VisualStudio.TestTools.TestTypes.Unit.UnitTestAdapter" className="Microsoft.ActiveDirectory.Connector.Test.BoxProxyAdapterUnitTest" name="TestFullImport" />    </UnitTest>    <UnitTest name="TestValidateCredentials" storage="f:\src\adiam_cloud_nightly_tester\bins\debug\amd64\syncfabric\tests\testboxproxyadapter\microsoft.activedirectory.connector.test.testboxproxyadapter.dll" id="78e0b479-3259-adf8-964c-50107d7035de">      <Execution id="d8737c3a-39d7-4690-b2c1-f4ac9f6d9b52" />      <TestMethod codeBase="f:\src\Adiam_Cloud_Nightly_Tester\bins\debug\amd64\SyncFabric\Tests\TestBoxProxyAdapter\Microsoft.ActiveDirectory.Connector.Test.TestBoxProxyAdapter.dll" adapterTypeName="Microsoft.VisualStudio.TestTools.TestTypes.Unit.UnitTestAdapter" className="Microsoft.ActiveDirectory.Connector.Test.BoxProxyAdapterUnitTest" name="TestValidateCredentials" />    </UnitTest>    <UnitTest name="TestCredentialRefresh" storage="f:\src\adiam_cloud_nightly_tester\bins\debug\amd64\syncfabric\tests\testboxproxyadapter\microsoft.activedirectory.connector.test.testboxproxyadapter.dll" id="0fab150a-6da3-015a-7701-994ba2416f81">      <Execution id="9d4e5b51-be73-469a-a500-b372830ce391" />      <TestMethod codeBase="f:\src\Adiam_Cloud_Nightly_Tester\bins\debug\amd64\SyncFabric\Tests\TestBoxProxyAdapter\Microsoft.ActiveDirectory.Connector.Test.TestBoxProxyAdapter.dll" adapterTypeName="Microsoft.VisualStudio.TestTools.TestTypes.Unit.UnitTestAdapter" className="Microsoft.ActiveDirectory.Connector.Test.BoxProxyAdapterUnitTest" name="TestCredentialRefresh" />    </UnitTest>  </TestDefinitions>  <TestEntries>    <TestEntry testId="345e8fda-ddf3-519c-f560-86229247ca00" executionId="82d97f73-adf7-4332-bcd2-28df372376a1" testListId="8c84fa94-04c1-424b-9868-57a2d4851a1d" />    <TestEntry testId="0ad8c3ed-bfa6-8fb3-ada9-8cf2e29f0424" executionId="26b4c449-ee23-42d9-ba6d-7f67abeceb7f" testListId="8c84fa94-04c1-424b-9868-57a2d4851a1d" />    <TestEntry testId="1c24e08b-ed42-df7a-bfad-c0e2d3a516f0" executionId="577b0c3d-8efd-4cc1-a3d7-b9b530940cd1" testListId="8c84fa94-04c1-424b-9868-57a2d4851a1d" />    <TestEntry testId="9bf87213-bccd-5958-dac6-871db8f8672f" executionId="6d41b463-e9e5-47ad-88b9-8e38a57b6847" testListId="8c84fa94-04c1-424b-9868-57a2d4851a1d" />    <TestEntry testId="78e0b479-3259-adf8-964c-50107d7035de" executionId="d8737c3a-39d7-4690-b2c1-f4ac9f6d9b52" testListId="8c84fa94-04c1-424b-9868-57a2d4851a1d" />    <TestEntry testId="0fab150a-6da3-015a-7701-994ba2416f81" executionId="9d4e5b51-be73-469a-a500-b372830ce391" testListId="8c84fa94-04c1-424b-9868-57a2d4851a1d" />  </TestEntries>  <TestLists>    <TestList name="Results Not in a List" id="8c84fa94-04c1-424b-9868-57a2d4851a1d" />    <TestList name="All Loaded Results" id="19431567-8539-422a-85d7-44ee4e166bda" />  </TestLists>  <ResultSummary outcome="Failed">    <Counters total="6" executed="6" passed="5" failed="1" error="0" timeout="0" aborted="0" inconclusive="0" passedButRunAborted="0" notRunnable="0" notExecuted="0" disconnected="0" warning="0" completed="0" inProgress="0" pending="0" />  </ResultSummary></TestRun>