<?xml version="1.0" encoding="UTF-8"?><TestRun>  <Times creation="2014-08-08T11:39:39.5888691-07:00" queuing="2014-08-08T11:39:39.5888691-07:00" start="2014-08-08T11:39:39.5938691-07:00" finish="2014-08-08T11:47:08.3458691-07:00" />  <TestSettings name="default" id="7783e151-1fd6-4a2b-aeda-d9f28a0be8ed">    <Execution>      <TestTypeSpecific />    </Execution>    <Deployment runDeploymentRoot="pranayp_PRANAY-TEST 2014-08-08 11_39_39" />  </TestSettings>  <Results>    <UnitTestResult executionId="54240724-785c-4863-9216-89e2d8228e96" testId="bb7b8bed-0812-d2e1-9356-30109aeadac0" testName="TestNoQuarantineWithInvalidCredentials" computerName="PRANAY-TEST" duration="00:02:07.5357053" startTime="2014-08-08T11:37:31.8898691-07:00" endTime="2014-08-08T11:39:39.5308691-07:00" testType="13cdc9d9-ddb5-4fa4-a97d-d965ccfc6d4b" outcome="Passed" testListId="8c84fa94-04c1-424b-9868-57a2d4851a1d" relativeResultsDirectory="54240724-785c-4863-9216-89e2d8228e96" />    <UnitTestResult executionId="6c8e566d-f101-4224-8bb6-058cf24a3393" testId="2d1d592b-597a-0ee5-fe03-088653373603" testName="TestQuarantineByCount" computerName="PRANAY-TEST" duration="00:00:10.6330750" startTime="2014-08-08T11:39:39.5498691-07:00" endTime="2014-08-08T11:39:50.1828691-07:00" testType="13cdc9d9-ddb5-4fa4-a97d-d965ccfc6d4b" outcome="Passed" testListId="8c84fa94-04c1-424b-9868-57a2d4851a1d" relativeResultsDirectory="6c8e566d-f101-4224-8bb6-058cf24a3393" />    <UnitTestResult executionId="4723f850-7033-4b30-9d53-8b35800b63a3" testId="0c00bb53-2494-ddbf-e8c1-515c3527f8c1" testName="TestQuarantineByProportion" computerName="PRANAY-TEST" duration="00:00:10.9101029" startTime="2014-08-08T11:39:50.1838691-07:00" endTime="2014-08-08T11:40:01.0938691-07:00" testType="13cdc9d9-ddb5-4fa4-a97d-d965ccfc6d4b" outcome="Passed" testListId="8c84fa94-04c1-424b-9868-57a2d4851a1d" relativeResultsDirectory="4723f850-7033-4b30-9d53-8b35800b63a3" />    <UnitTestResult executionId="e90078ae-9d3b-4e51-b4d5-2d7ac7c21f9b" testId="ea720ff4-4a77-604c-6303-3e55d4c0d501" testName="TestQuarantineLifting" computerName="PRANAY-TEST" duration="00:07:06.1667920" startTime="2014-08-08T11:40:01.0938691-07:00" endTime="2014-08-08T11:47:07.2368691-07:00" testType="13cdc9d9-ddb5-4fa4-a97d-d965ccfc6d4b" outcome="Passed" testListId="8c84fa94-04c1-424b-9868-57a2d4851a1d" relativeResultsDirectory="e90078ae-9d3b-4e51-b4d5-2d7ac7c21f9b" />  </Results>  <TestDefinitions>    <UnitTest name="TestNoQuarantineWithInvalidCredentials" storage="f:\src\adiam_cloud_nightly_tester\bins\debug\amd64\syncfabric\tests\testquarantine\microsoft.activedirectory.connector.test.testquarantine.dll" id="bb7b8bed-0812-d2e1-9356-30109aeadac0">      <Execution id="54240724-785c-4863-9216-89e2d8228e96" />      <TestMethod codeBase="f:\src\Adiam_Cloud_Nightly_Tester\bins\debug\amd64\SyncFabric\Tests\TestQuarantine\Microsoft.ActiveDirectory.Connector.Test.TestQuarantine.dll" adapterTypeName="Microsoft.VisualStudio.TestTools.TestTypes.Unit.UnitTestAdapter" className="Microsoft.ActiveDirectory.Connector.Test.QuarantineUnitTest" name="TestNoQuarantineWithInvalidCredentials" />    </UnitTest>    <UnitTest name="TestQuarantineByCount" storage="f:\src\adiam_cloud_nightly_tester\bins\debug\amd64\syncfabric\tests\testquarantine\microsoft.activedirectory.connector.test.testquarantine.dll" id="2d1d592b-597a-0ee5-fe03-088653373603">      <Execution id="6c8e566d-f101-4224-8bb6-058cf24a3393" />      <TestMethod codeBase="f:\src\Adiam_Cloud_Nightly_Tester\bins\debug\amd64\SyncFabric\Tests\TestQuarantine\Microsoft.ActiveDirectory.Connector.Test.TestQuarantine.dll" adapterTypeName="Microsoft.VisualStudio.TestTools.TestTypes.Unit.UnitTestAdapter" className="Microsoft.ActiveDirectory.Connector.Test.QuarantineUnitTest" name="TestQuarantineByCount" />    </UnitTest>    <UnitTest name="TestQuarantineByProportion" storage="f:\src\adiam_cloud_nightly_tester\bins\debug\amd64\syncfabric\tests\testquarantine\microsoft.activedirectory.connector.test.testquarantine.dll" id="0c00bb53-2494-ddbf-e8c1-515c3527f8c1">      <Execution id="4723f850-7033-4b30-9d53-8b35800b63a3" />      <TestMethod codeBase="f:\src\Adiam_Cloud_Nightly_Tester\bins\debug\amd64\SyncFabric\Tests\TestQuarantine\Microsoft.ActiveDirectory.Connector.Test.TestQuarantine.dll" adapterTypeName="Microsoft.VisualStudio.TestTools.TestTypes.Unit.UnitTestAdapter" className="Microsoft.ActiveDirectory.Connector.Test.QuarantineUnitTest" name="TestQuarantineByProportion" />    </UnitTest>    <UnitTest name="TestQuarantineLifting" storage="f:\src\adiam_cloud_nightly_tester\bins\debug\amd64\syncfabric\tests\testquarantine\microsoft.activedirectory.connector.test.testquarantine.dll" id="ea720ff4-4a77-604c-6303-3e55d4c0d501">      <Execution id="e90078ae-9d3b-4e51-b4d5-2d7ac7c21f9b" />      <TestMethod codeBase="f:\src\Adiam_Cloud_Nightly_Tester\bins\debug\amd64\SyncFabric\Tests\TestQuarantine\Microsoft.ActiveDirectory.Connector.Test.TestQuarantine.dll" adapterTypeName="Microsoft.VisualStudio.TestTools.TestTypes.Unit.UnitTestAdapter" className="Microsoft.ActiveDirectory.Connector.Test.QuarantineUnitTest" name="TestQuarantineLifting" />    </UnitTest>  </TestDefinitions>  <TestEntries>    <TestEntry testId="bb7b8bed-0812-d2e1-9356-30109aeadac0" executionId="54240724-785c-4863-9216-89e2d8228e96" testListId="8c84fa94-04c1-424b-9868-57a2d4851a1d" />    <TestEntry testId="2d1d592b-597a-0ee5-fe03-088653373603" executionId="6c8e566d-f101-4224-8bb6-058cf24a3393" testListId="8c84fa94-04c1-424b-9868-57a2d4851a1d" />    <TestEntry testId="0c00bb53-2494-ddbf-e8c1-515c3527f8c1" executionId="4723f850-7033-4b30-9d53-8b35800b63a3" testListId="8c84fa94-04c1-424b-9868-57a2d4851a1d" />    <TestEntry testId="ea720ff4-4a77-604c-6303-3e55d4c0d501" executionId="e90078ae-9d3b-4e51-b4d5-2d7ac7c21f9b" testListId="8c84fa94-04c1-424b-9868-57a2d4851a1d" />  </TestEntries>  <TestLists>    <TestList name="Results Not in a List" id="8c84fa94-04c1-424b-9868-57a2d4851a1d" />    <TestList name="All Loaded Results" id="19431567-8539-422a-85d7-44ee4e166bda" />  </TestLists>  <ResultSummary outcome="Completed">    <Counters total="4" executed="4" passed="4" failed="0" error="0" timeout="0" aborted="0" inconclusive="0" passedButRunAborted="0" notRunnable="0" notExecuted="0" disconnected="0" warning="0" completed="0" inProgress="0" pending="0" />  </ResultSummary></TestRun>