<?xml version="1.0" encoding="UTF-8"?><TestRun>  <Times creation="2014-08-08T11:39:11.7378691-07:00" queuing="2014-08-08T11:39:11.7418691-07:00" start="2014-08-08T11:39:11.7468691-07:00" finish="2014-08-08T11:44:30.2258691-07:00" />  <TestSettings name="default" id="ba15e522-7209-4c33-9dc5-2b06ac2a90b3">    <Execution>      <TestTypeSpecific />    </Execution>    <Deployment runDeploymentRoot="pranayp_PRANAY-TEST 2014-08-08 11_39_11" />  </TestSettings>  <Results>    <UnitTestResult executionId="43c61361-9d9c-40ac-9fdf-d5792b45800f" testId="6eabfca3-15ec-01a2-efee-c98955623bb3" testName="TestServiceNowSystemProxyAdapterPrivateImport" computerName="PRANAY-TEST" duration="00:00:33.0622705" startTime="2014-08-08T11:38:37.1348691-07:00" endTime="2014-08-08T11:39:11.3558691-07:00" testType="13cdc9d9-ddb5-4fa4-a97d-d965ccfc6d4b" outcome="Passed" testListId="8c84fa94-04c1-424b-9868-57a2d4851a1d" relativeResultsDirectory="43c61361-9d9c-40ac-9fdf-d5792b45800f" />    <UnitTestResult executionId="70af9073-88e4-46d8-bd95-d9f915451b5e" testId="bf25123b-715f-c738-afcc-7ec9de21e2a2" testName="TestServiceNowSystemProxyAdapterImportUsers" computerName="PRANAY-TEST" duration="00:00:02.1871120" startTime="2014-08-08T11:39:11.6898691-07:00" endTime="2014-08-08T11:39:13.8788691-07:00" testType="13cdc9d9-ddb5-4fa4-a97d-d965ccfc6d4b" outcome="Passed" testListId="8c84fa94-04c1-424b-9868-57a2d4851a1d" relativeResultsDirectory="70af9073-88e4-46d8-bd95-d9f915451b5e" />    <UnitTestResult executionId="be1b1a24-d48f-4873-b004-8180a3062bea" testId="de4d6217-4faf-bbf5-8f87-e7aa0ba7aade" testName="TestCredentialValidation" computerName="PRANAY-TEST" duration="00:00:00.5604707" startTime="2014-08-08T11:39:13.8968691-07:00" endTime="2014-08-08T11:39:14.4588691-07:00" testType="13cdc9d9-ddb5-4fa4-a97d-d965ccfc6d4b" outcome="Passed" testListId="8c84fa94-04c1-424b-9868-57a2d4851a1d" relativeResultsDirectory="be1b1a24-d48f-4873-b004-8180a3062bea" />    <UnitTestResult executionId="b2f69411-e056-4bd6-83ce-a3af9670bc54" testId="302cebbe-592e-c036-77b9-77fb56b5b24c" testName="TestServiceNowSoapProxyAdaptorInsertExportUser" computerName="PRANAY-TEST" duration="00:00:35.8997338" startTime="2014-08-08T11:39:14.4748691-07:00" endTime="2014-08-08T11:39:50.3748691-07:00" testType="13cdc9d9-ddb5-4fa4-a97d-d965ccfc6d4b" outcome="Passed" testListId="8c84fa94-04c1-424b-9868-57a2d4851a1d" relativeResultsDirectory="b2f69411-e056-4bd6-83ce-a3af9670bc54" />    <UnitTestResult executionId="d74e8548-5e30-425f-bdd9-b9fb72ac4050" testId="6ea7ba49-eb5e-4758-9701-98925f4649f5" testName="TestServiceNowSoapProxyAdaptorUpdateExportUser" computerName="PRANAY-TEST" duration="00:00:28.3766546" startTime="2014-08-08T11:39:50.3998691-07:00" endTime="2014-08-08T11:40:18.7758691-07:00" testType="13cdc9d9-ddb5-4fa4-a97d-d965ccfc6d4b" outcome="Passed" testListId="8c84fa94-04c1-424b-9868-57a2d4851a1d" relativeResultsDirectory="d74e8548-5e30-425f-bdd9-b9fb72ac4050" />    <UnitTestResult executionId="cde40a6d-96c3-45be-aebe-d96dfe5321f4" testId="b87f9e21-7e64-4739-97ba-5a307cd399d5" testName="TestServiceNowSoapProxyAdaptorUpdateExportUserWithSubsetAttribute" computerName="PRANAY-TEST" duration="00:00:27.4877096" startTime="2014-08-08T11:40:18.7868691-07:00" endTime="2014-08-08T11:40:46.2738691-07:00" testType="13cdc9d9-ddb5-4fa4-a97d-d965ccfc6d4b" outcome="Passed" testListId="8c84fa94-04c1-424b-9868-57a2d4851a1d" relativeResultsDirectory="cde40a6d-96c3-45be-aebe-d96dfe5321f4" />    <UnitTestResult executionId="aa31082c-1db1-4f39-932c-09349e157ad1" testId="ca533035-4894-0f0a-9bf9-dab39ecba7e8" testName="TestServiceNowSoapProxyAdaptorDeleteUserSettingUpdateOnSoftDelete" computerName="PRANAY-TEST" duration="00:00:44.0712000" startTime="2014-08-08T11:40:46.2868691-07:00" endTime="2014-08-08T11:41:30.3558691-07:00" testType="13cdc9d9-ddb5-4fa4-a97d-d965ccfc6d4b" outcome="Failed" testListId="8c84fa94-04c1-424b-9868-57a2d4851a1d" relativeResultsDirectory="aa31082c-1db1-4f39-932c-09349e157ad1">      <Output>        <ErrorInfo>          <Message>Assert.AreEqual failed. Expected:&lt;2&gt;. Actual:&lt;1&gt;. </Message>          <StackTrace>   at Microsoft.ActiveDirectory.Connector.Test.ServiceNowSoapProxyAdapterUnitTest.TestServiceNowSoapProxyAdaptorDeleteUserSettingUpdateOnSoftDelete() in f:\src\Adiam_Cloud_Nightly_Tester\sources\test\Services\SyncFabric\Controller\UnitTests\TestServiceNowProxyAdapter\ServiceNowSoapProxyAdapterUnitTest.cs:line 648</StackTrace>        </ErrorInfo>      </Output>    </UnitTestResult>    <UnitTestResult executionId="700ba2a3-5a89-417d-b5a5-a90ea64d7d8c" testId="911426f0-d684-c7e1-09ee-914539606cb1" testName="TestServiceNowSoapProxyAdaptorDeleteUserWithUpdateOnSoftDeleteOff" computerName="PRANAY-TEST" duration="00:00:54.9169821" startTime="2014-08-08T11:41:30.3838691-07:00" endTime="2014-08-08T11:42:25.2988691-07:00" testType="13cdc9d9-ddb5-4fa4-a97d-d965ccfc6d4b" outcome="Passed" testListId="8c84fa94-04c1-424b-9868-57a2d4851a1d" relativeResultsDirectory="700ba2a3-5a89-417d-b5a5-a90ea64d7d8c" />    <UnitTestResult executionId="d34f6d6a-e451-46a5-9540-afe9d4a51d60" testId="4b07b12f-bc8e-41a4-b02a-5e065ff359e0" testName="TestServiceNowSoapProxyAdaptorReactivateUser" computerName="PRANAY-TEST" duration="00:00:24.6683532" startTime="2014-08-08T11:42:25.3138691-07:00" endTime="2014-08-08T11:42:49.9818691-07:00" testType="13cdc9d9-ddb5-4fa4-a97d-d965ccfc6d4b" outcome="Passed" testListId="8c84fa94-04c1-424b-9868-57a2d4851a1d" relativeResultsDirectory="d34f6d6a-e451-46a5-9540-afe9d4a51d60" />    <UnitTestResult executionId="20e44c5b-e80f-4eef-86b3-3777557abe91" testId="7a56e7ca-3c8c-9dc4-8190-d3dc23bcbe57" testName="TestServiceNowSoapProxyAdaptorImportUser" computerName="PRANAY-TEST" duration="00:00:22.8959758" startTime="2014-08-08T11:42:49.9928691-07:00" endTime="2014-08-08T11:43:12.8888691-07:00" testType="13cdc9d9-ddb5-4fa4-a97d-d965ccfc6d4b" outcome="Passed" testListId="8c84fa94-04c1-424b-9868-57a2d4851a1d" relativeResultsDirectory="20e44c5b-e80f-4eef-86b3-3777557abe91" />    <UnitTestResult executionId="855963cc-95a7-4598-a72b-19dda285319e" testId="13d3d631-2839-f942-da46-3eaa6a51bb79" testName="TestServiceNowSoapProxyAdaptorImportUserByAnchor" computerName="PRANAY-TEST" duration="00:00:22.4916789" startTime="2014-08-08T11:43:12.8958691-07:00" endTime="2014-08-08T11:43:35.3878691-07:00" testType="13cdc9d9-ddb5-4fa4-a97d-d965ccfc6d4b" outcome="Passed" testListId="8c84fa94-04c1-424b-9868-57a2d4851a1d" relativeResultsDirectory="855963cc-95a7-4598-a72b-19dda285319e" />    <UnitTestResult executionId="14bf58b1-e815-4220-84ab-2bd709dc4e19" testId="791c7d83-c38f-ea63-2783-8ffda05f37f8" testName="TestServiceNowSoapProxyAdaptorExportDeleteUser" computerName="PRANAY-TEST" duration="00:00:22.3907163" startTime="2014-08-08T11:43:35.3978691-07:00" endTime="2014-08-08T11:43:57.7878691-07:00" testType="13cdc9d9-ddb5-4fa4-a97d-d965ccfc6d4b" outcome="Passed" testListId="8c84fa94-04c1-424b-9868-57a2d4851a1d" relativeResultsDirectory="14bf58b1-e815-4220-84ab-2bd709dc4e19" />    <UnitTestResult executionId="bd3875d0-9157-4a61-8e5b-fc5891075abd" testId="bd7851a1-d393-2313-5612-78f60cad6ac4" testName="TestServiceNowSoapProxyAdaptorFullImportUser" computerName="PRANAY-TEST" duration="00:00:21.0363021" startTime="2014-08-08T11:43:57.7978691-07:00" endTime="2014-08-08T11:44:18.8338691-07:00" testType="13cdc9d9-ddb5-4fa4-a97d-d965ccfc6d4b" outcome="Passed" testListId="8c84fa94-04c1-424b-9868-57a2d4851a1d" relativeResultsDirectory="bd3875d0-9157-4a61-8e5b-fc5891075abd" />    <UnitTestResult executionId="16722a46-07e6-45a3-882c-343c8f02382d" testId="a9064c20-0a99-9b46-433c-942d9bf9bbe1" testName="TestServiceNowInstanceProxyAdaptorExport" computerName="PRANAY-TEST" duration="00:00:09.9533701" startTime="2014-08-08T11:44:18.8428691-07:00" endTime="2014-08-08T11:44:28.7978691-07:00" testType="13cdc9d9-ddb5-4fa4-a97d-d965ccfc6d4b" outcome="Passed" testListId="8c84fa94-04c1-424b-9868-57a2d4851a1d" relativeResultsDirectory="16722a46-07e6-45a3-882c-343c8f02382d" />  </Results>  <TestDefinitions>    <UnitTest name="TestServiceNowSystemProxyAdapterPrivateImport" storage="f:\src\adiam_cloud_nightly_tester\bins\debug\amd64\syncfabric\tests\testintegrationenvironment\microsoft.activedirectory.connector.test.testservicenowproxyadapter.dll" id="6eabfca3-15ec-01a2-efee-c98955623bb3">      <Execution id="43c61361-9d9c-40ac-9fdf-d5792b45800f" />      <TestMethod codeBase="f:\src\Adiam_Cloud_Nightly_Tester\bins\debug\amd64\SyncFabric\Tests\TestIntegrationEnvironment\Microsoft.ActiveDirectory.Connector.Test.TestServiceNowProxyAdapter.dll" adapterTypeName="Microsoft.VisualStudio.TestTools.TestTypes.Unit.UnitTestAdapter" className="Microsoft.ActiveDirectory.Connector.Test.ServiceNowSystemProxyAdapterUnitTest" name="TestServiceNowSystemProxyAdapterPrivateImport" />    </UnitTest>    <UnitTest name="TestServiceNowSystemProxyAdapterImportUsers" storage="f:\src\adiam_cloud_nightly_tester\bins\debug\amd64\syncfabric\tests\testintegrationenvironment\microsoft.activedirectory.connector.test.testservicenowproxyadapter.dll" id="bf25123b-715f-c738-afcc-7ec9de21e2a2">      <Execution id="70af9073-88e4-46d8-bd95-d9f915451b5e" />      <TestMethod codeBase="f:\src\Adiam_Cloud_Nightly_Tester\bins\debug\amd64\SyncFabric\Tests\TestIntegrationEnvironment\Microsoft.ActiveDirectory.Connector.Test.TestServiceNowProxyAdapter.dll" adapterTypeName="Microsoft.VisualStudio.TestTools.TestTypes.Unit.UnitTestAdapter" className="Microsoft.ActiveDirectory.Connector.Test.ServiceNowSystemProxyAdapterUnitTest" name="TestServiceNowSystemProxyAdapterImportUsers" />    </UnitTest>    <UnitTest name="TestCredentialValidation" storage="f:\src\adiam_cloud_nightly_tester\bins\debug\amd64\syncfabric\tests\testintegrationenvironment\microsoft.activedirectory.connector.test.testservicenowproxyadapter.dll" id="de4d6217-4faf-bbf5-8f87-e7aa0ba7aade">      <Execution id="be1b1a24-d48f-4873-b004-8180a3062bea" />      <TestMethod codeBase="f:\src\Adiam_Cloud_Nightly_Tester\bins\debug\amd64\SyncFabric\Tests\TestIntegrationEnvironment\Microsoft.ActiveDirectory.Connector.Test.TestServiceNowProxyAdapter.dll" adapterTypeName="Microsoft.VisualStudio.TestTools.TestTypes.Unit.UnitTestAdapter" className="Microsoft.ActiveDirectory.Connector.Test.ServiceNowSystemProxyAdapterUnitTest" name="TestCredentialValidation" />    </UnitTest>    <UnitTest name="TestServiceNowSoapProxyAdaptorInsertExportUser" storage="f:\src\adiam_cloud_nightly_tester\bins\debug\amd64\syncfabric\tests\testintegrationenvironment\microsoft.activedirectory.connector.test.testservicenowproxyadapter.dll" id="302cebbe-592e-c036-77b9-77fb56b5b24c">      <Execution id="b2f69411-e056-4bd6-83ce-a3af9670bc54" />      <TestMethod codeBase="f:\src\Adiam_Cloud_Nightly_Tester\bins\debug\amd64\SyncFabric\Tests\TestIntegrationEnvironment\Microsoft.ActiveDirectory.Connector.Test.TestServiceNowProxyAdapter.dll" adapterTypeName="Microsoft.VisualStudio.TestTools.TestTypes.Unit.UnitTestAdapter" className="Microsoft.ActiveDirectory.Connector.Test.ServiceNowSoapProxyAdapterUnitTest" name="TestServiceNowSoapProxyAdaptorInsertExportUser" />    </UnitTest>    <UnitTest name="TestServiceNowSoapProxyAdaptorUpdateExportUser" storage="f:\src\adiam_cloud_nightly_tester\bins\debug\amd64\syncfabric\tests\testintegrationenvironment\microsoft.activedirectory.connector.test.testservicenowproxyadapter.dll" id="6ea7ba49-eb5e-4758-9701-98925f4649f5">      <Execution id="d74e8548-5e30-425f-bdd9-b9fb72ac4050" />      <TestMethod codeBase="f:\src\Adiam_Cloud_Nightly_Tester\bins\debug\amd64\SyncFabric\Tests\TestIntegrationEnvironment\Microsoft.ActiveDirectory.Connector.Test.TestServiceNowProxyAdapter.dll" adapterTypeName="Microsoft.VisualStudio.TestTools.TestTypes.Unit.UnitTestAdapter" className="Microsoft.ActiveDirectory.Connector.Test.ServiceNowSoapProxyAdapterUnitTest" name="TestServiceNowSoapProxyAdaptorUpdateExportUser" />    </UnitTest>    <UnitTest name="TestServiceNowSoapProxyAdaptorUpdateExportUserWithSubsetAttribute" storage="f:\src\adiam_cloud_nightly_tester\bins\debug\amd64\syncfabric\tests\testintegrationenvironment\microsoft.activedirectory.connector.test.testservicenowproxyadapter.dll" id="b87f9e21-7e64-4739-97ba-5a307cd399d5">      <Execution id="cde40a6d-96c3-45be-aebe-d96dfe5321f4" />      <TestMethod codeBase="f:\src\Adiam_Cloud_Nightly_Tester\bins\debug\amd64\SyncFabric\Tests\TestIntegrationEnvironment\Microsoft.ActiveDirectory.Connector.Test.TestServiceNowProxyAdapter.dll" adapterTypeName="Microsoft.VisualStudio.TestTools.TestTypes.Unit.UnitTestAdapter" className="Microsoft.ActiveDirectory.Connector.Test.ServiceNowSoapProxyAdapterUnitTest" name="TestServiceNowSoapProxyAdaptorUpdateExportUserWithSubsetAttribute" />    </UnitTest>    <UnitTest name="TestServiceNowSoapProxyAdaptorDeleteUserSettingUpdateOnSoftDelete" storage="f:\src\adiam_cloud_nightly_tester\bins\debug\amd64\syncfabric\tests\testintegrationenvironment\microsoft.activedirectory.connector.test.testservicenowproxyadapter.dll" id="ca533035-4894-0f0a-9bf9-dab39ecba7e8">      <Execution id="aa31082c-1db1-4f39-932c-09349e157ad1" />      <TestMethod codeBase="f:\src\Adiam_Cloud_Nightly_Tester\bins\debug\amd64\SyncFabric\Tests\TestIntegrationEnvironment\Microsoft.ActiveDirectory.Connector.Test.TestServiceNowProxyAdapter.dll" adapterTypeName="Microsoft.VisualStudio.TestTools.TestTypes.Unit.UnitTestAdapter" className="Microsoft.ActiveDirectory.Connector.Test.ServiceNowSoapProxyAdapterUnitTest" name="TestServiceNowSoapProxyAdaptorDeleteUserSettingUpdateOnSoftDelete" />    </UnitTest>    <UnitTest name="TestServiceNowSoapProxyAdaptorDeleteUserWithUpdateOnSoftDeleteOff" storage="f:\src\adiam_cloud_nightly_tester\bins\debug\amd64\syncfabric\tests\testintegrationenvironment\microsoft.activedirectory.connector.test.testservicenowproxyadapter.dll" id="911426f0-d684-c7e1-09ee-914539606cb1">      <Execution id="700ba2a3-5a89-417d-b5a5-a90ea64d7d8c" />      <TestMethod codeBase="f:\src\Adiam_Cloud_Nightly_Tester\bins\debug\amd64\SyncFabric\Tests\TestIntegrationEnvironment\Microsoft.ActiveDirectory.Connector.Test.TestServiceNowProxyAdapter.dll" adapterTypeName="Microsoft.VisualStudio.TestTools.TestTypes.Unit.UnitTestAdapter" className="Microsoft.ActiveDirectory.Connector.Test.ServiceNowSoapProxyAdapterUnitTest" name="TestServiceNowSoapProxyAdaptorDeleteUserWithUpdateOnSoftDeleteOff" />    </UnitTest>    <UnitTest name="TestServiceNowSoapProxyAdaptorReactivateUser" storage="f:\src\adiam_cloud_nightly_tester\bins\debug\amd64\syncfabric\tests\testintegrationenvironment\microsoft.activedirectory.connector.test.testservicenowproxyadapter.dll" id="4b07b12f-bc8e-41a4-b02a-5e065ff359e0">      <Execution id="d34f6d6a-e451-46a5-9540-afe9d4a51d60" />      <TestMethod codeBase="f:\src\Adiam_Cloud_Nightly_Tester\bins\debug\amd64\SyncFabric\Tests\TestIntegrationEnvironment\Microsoft.ActiveDirectory.Connector.Test.TestServiceNowProxyAdapter.dll" adapterTypeName="Microsoft.VisualStudio.TestTools.TestTypes.Unit.UnitTestAdapter" className="Microsoft.ActiveDirectory.Connector.Test.ServiceNowSoapProxyAdapterUnitTest" name="TestServiceNowSoapProxyAdaptorReactivateUser" />    </UnitTest>    <UnitTest name="TestServiceNowSoapProxyAdaptorImportUser" storage="f:\src\adiam_cloud_nightly_tester\bins\debug\amd64\syncfabric\tests\testintegrationenvironment\microsoft.activedirectory.connector.test.testservicenowproxyadapter.dll" id="7a56e7ca-3c8c-9dc4-8190-d3dc23bcbe57">      <Execution id="20e44c5b-e80f-4eef-86b3-3777557abe91" />      <TestMethod codeBase="f:\src\Adiam_Cloud_Nightly_Tester\bins\debug\amd64\SyncFabric\Tests\TestIntegrationEnvironment\Microsoft.ActiveDirectory.Connector.Test.TestServiceNowProxyAdapter.dll" adapterTypeName="Microsoft.VisualStudio.TestTools.TestTypes.Unit.UnitTestAdapter" className="Microsoft.ActiveDirectory.Connector.Test.ServiceNowSoapProxyAdapterUnitTest" name="TestServiceNowSoapProxyAdaptorImportUser" />    </UnitTest>    <UnitTest name="TestServiceNowSoapProxyAdaptorImportUserByAnchor" storage="f:\src\adiam_cloud_nightly_tester\bins\debug\amd64\syncfabric\tests\testintegrationenvironment\microsoft.activedirectory.connector.test.testservicenowproxyadapter.dll" id="13d3d631-2839-f942-da46-3eaa6a51bb79">      <Execution id="855963cc-95a7-4598-a72b-19dda285319e" />      <TestMethod codeBase="f:\src\Adiam_Cloud_Nightly_Tester\bins\debug\amd64\SyncFabric\Tests\TestIntegrationEnvironment\Microsoft.ActiveDirectory.Connector.Test.TestServiceNowProxyAdapter.dll" adapterTypeName="Microsoft.VisualStudio.TestTools.TestTypes.Unit.UnitTestAdapter" className="Microsoft.ActiveDirectory.Connector.Test.ServiceNowSoapProxyAdapterUnitTest" name="TestServiceNowSoapProxyAdaptorImportUserByAnchor" />    </UnitTest>    <UnitTest name="TestServiceNowSoapProxyAdaptorExportDeleteUser" storage="f:\src\adiam_cloud_nightly_tester\bins\debug\amd64\syncfabric\tests\testintegrationenvironment\microsoft.activedirectory.connector.test.testservicenowproxyadapter.dll" id="791c7d83-c38f-ea63-2783-8ffda05f37f8">      <Execution id="14bf58b1-e815-4220-84ab-2bd709dc4e19" />      <TestMethod codeBase="f:\src\Adiam_Cloud_Nightly_Tester\bins\debug\amd64\SyncFabric\Tests\TestIntegrationEnvironment\Microsoft.ActiveDirectory.Connector.Test.TestServiceNowProxyAdapter.dll" adapterTypeName="Microsoft.VisualStudio.TestTools.TestTypes.Unit.UnitTestAdapter" className="Microsoft.ActiveDirectory.Connector.Test.ServiceNowSoapProxyAdapterUnitTest" name="TestServiceNowSoapProxyAdaptorExportDeleteUser" />    </UnitTest>    <UnitTest name="TestServiceNowSoapProxyAdaptorFullImportUser" storage="f:\src\adiam_cloud_nightly_tester\bins\debug\amd64\syncfabric\tests\testintegrationenvironment\microsoft.activedirectory.connector.test.testservicenowproxyadapter.dll" id="bd7851a1-d393-2313-5612-78f60cad6ac4">      <Execution id="bd3875d0-9157-4a61-8e5b-fc5891075abd" />      <TestMethod codeBase="f:\src\Adiam_Cloud_Nightly_Tester\bins\debug\amd64\SyncFabric\Tests\TestIntegrationEnvironment\Microsoft.ActiveDirectory.Connector.Test.TestServiceNowProxyAdapter.dll" adapterTypeName="Microsoft.VisualStudio.TestTools.TestTypes.Unit.UnitTestAdapter" className="Microsoft.ActiveDirectory.Connector.Test.ServiceNowSoapProxyAdapterUnitTest" name="TestServiceNowSoapProxyAdaptorFullImportUser" />    </UnitTest>    <UnitTest name="TestServiceNowInstanceProxyAdaptorExport" storage="f:\src\adiam_cloud_nightly_tester\bins\debug\amd64\syncfabric\tests\testintegrationenvironment\microsoft.activedirectory.connector.test.testservicenowproxyadapter.dll" id="a9064c20-0a99-9b46-433c-942d9bf9bbe1">      <Execution id="16722a46-07e6-45a3-882c-343c8f02382d" />      <TestMethod codeBase="f:\src\Adiam_Cloud_Nightly_Tester\bins\debug\amd64\SyncFabric\Tests\TestIntegrationEnvironment\Microsoft.ActiveDirectory.Connector.Test.TestServiceNowProxyAdapter.dll" adapterTypeName="Microsoft.VisualStudio.TestTools.TestTypes.Unit.UnitTestAdapter" className="Microsoft.ActiveDirectory.Connector.Test.ServiceNowInstanceProxyAdapterUnitTest" name="TestServiceNowInstanceProxyAdaptorExport" />    </UnitTest>  </TestDefinitions>  <TestEntries>    <TestEntry testId="6eabfca3-15ec-01a2-efee-c98955623bb3" executionId="43c61361-9d9c-40ac-9fdf-d5792b45800f" testListId="8c84fa94-04c1-424b-9868-57a2d4851a1d" />    <TestEntry testId="bf25123b-715f-c738-afcc-7ec9de21e2a2" executionId="70af9073-88e4-46d8-bd95-d9f915451b5e" testListId="8c84fa94-04c1-424b-9868-57a2d4851a1d" />    <TestEntry testId="de4d6217-4faf-bbf5-8f87-e7aa0ba7aade" executionId="be1b1a24-d48f-4873-b004-8180a3062bea" testListId="8c84fa94-04c1-424b-9868-57a2d4851a1d" />    <TestEntry testId="302cebbe-592e-c036-77b9-77fb56b5b24c" executionId="b2f69411-e056-4bd6-83ce-a3af9670bc54" testListId="8c84fa94-04c1-424b-9868-57a2d4851a1d" />    <TestEntry testId="6ea7ba49-eb5e-4758-9701-98925f4649f5" executionId="d74e8548-5e30-425f-bdd9-b9fb72ac4050" testListId="8c84fa94-04c1-424b-9868-57a2d4851a1d" />    <TestEntry testId="b87f9e21-7e64-4739-97ba-5a307cd399d5" executionId="cde40a6d-96c3-45be-aebe-d96dfe5321f4" testListId="8c84fa94-04c1-424b-9868-57a2d4851a1d" />    <TestEntry testId="ca533035-4894-0f0a-9bf9-dab39ecba7e8" executionId="aa31082c-1db1-4f39-932c-09349e157ad1" testListId="8c84fa94-04c1-424b-9868-57a2d4851a1d" />    <TestEntry testId="911426f0-d684-c7e1-09ee-914539606cb1" executionId="700ba2a3-5a89-417d-b5a5-a90ea64d7d8c" testListId="8c84fa94-04c1-424b-9868-57a2d4851a1d" />    <TestEntry testId="4b07b12f-bc8e-41a4-b02a-5e065ff359e0" executionId="d34f6d6a-e451-46a5-9540-afe9d4a51d60" testListId="8c84fa94-04c1-424b-9868-57a2d4851a1d" />    <TestEntry testId="7a56e7ca-3c8c-9dc4-8190-d3dc23bcbe57" executionId="20e44c5b-e80f-4eef-86b3-3777557abe91" testListId="8c84fa94-04c1-424b-9868-57a2d4851a1d" />    <TestEntry testId="13d3d631-2839-f942-da46-3eaa6a51bb79" executionId="855963cc-95a7-4598-a72b-19dda285319e" testListId="8c84fa94-04c1-424b-9868-57a2d4851a1d" />    <TestEntry testId="791c7d83-c38f-ea63-2783-8ffda05f37f8" executionId="14bf58b1-e815-4220-84ab-2bd709dc4e19" testListId="8c84fa94-04c1-424b-9868-57a2d4851a1d" />    <TestEntry testId="bd7851a1-d393-2313-5612-78f60cad6ac4" executionId="bd3875d0-9157-4a61-8e5b-fc5891075abd" testListId="8c84fa94-04c1-424b-9868-57a2d4851a1d" />    <TestEntry testId="a9064c20-0a99-9b46-433c-942d9bf9bbe1" executionId="16722a46-07e6-45a3-882c-343c8f02382d" testListId="8c84fa94-04c1-424b-9868-57a2d4851a1d" />  </TestEntries>  <TestLists>    <TestList name="Results Not in a List" id="8c84fa94-04c1-424b-9868-57a2d4851a1d" />    <TestList name="All Loaded Results" id="19431567-8539-422a-85d7-44ee4e166bda" />  </TestLists>  <ResultSummary outcome="Failed">    <Counters total="14" executed="14" passed="13" failed="1" error="0" timeout="0" aborted="0" inconclusive="0" passedButRunAborted="0" notRunnable="0" notExecuted="0" disconnected="0" warning="0" completed="0" inProgress="0" pending="0" />    <RunInfos>      <RunInfo computerName="PRANAY-TEST" outcome="Warning" timestamp="2014-08-08T11:44:29.8738691-07:00">        <Text>System.AppDomainUnloadedException: Attempted to access an unloaded AppDomain. This can happen if the test(s) started a thread but did not stop it. Make sure that all the threads started by the test(s) are stopped before completion.</Text>      </RunInfo>      <RunInfo computerName="PRANAY-TEST" outcome="Warning" timestamp="2014-08-08T11:44:29.8758691-07:00">        <Text>System.AppDomainUnloadedException: Attempted to access an unloaded AppDomain. This can happen if the test(s) started a thread but did not stop it. Make sure that all the threads started by the test(s) are stopped before completion.</Text>      </RunInfo>      <RunInfo computerName="PRANAY-TEST" outcome="Warning" timestamp="2014-08-08T11:44:29.8768691-07:00">        <Text>System.AppDomainUnloadedException: Attempted to access an unloaded AppDomain. This can happen if the test(s) started a thread but did not stop it. Make sure that all the threads started by the test(s) are stopped before completion.</Text>      </RunInfo>      <RunInfo computerName="PRANAY-TEST" outcome="Warning" timestamp="2014-08-08T11:44:29.8778691-07:00">        <Text>System.AppDomainUnloadedException: Attempted to access an unloaded AppDomain. This can happen if the test(s) started a thread but did not stop it. Make sure that all the threads started by the test(s) are stopped before completion.</Text>      </RunInfo>      <RunInfo computerName="PRANAY-TEST" outcome="Warning" timestamp="2014-08-08T11:44:29.8778691-07:00">        <Text>System.AppDomainUnloadedException: Attempted to access an unloaded AppDomain. This can happen if the test(s) started a thread but did not stop it. Make sure that all the threads started by the test(s) are stopped before completion.</Text>      </RunInfo>      <RunInfo computerName="PRANAY-TEST" outcome="Warning" timestamp="2014-08-08T11:44:29.8788691-07:00">        <Text>System.AppDomainUnloadedException: Attempted to access an unloaded AppDomain. This can happen if the test(s) started a thread but did not stop it. Make sure that all the threads started by the test(s) are stopped before completion.</Text>      </RunInfo>      <RunInfo computerName="PRANAY-TEST" outcome="Warning" timestamp="2014-08-08T11:44:29.8788691-07:00">        <Text>System.AppDomainUnloadedException: Attempted to access an unloaded AppDomain. This can happen if the test(s) started a thread but did not stop it. Make sure that all the threads started by the test(s) are stopped before completion.</Text>      </RunInfo>      <RunInfo computerName="PRANAY-TEST" outcome="Warning" timestamp="2014-08-08T11:44:29.8788691-07:00">        <Text>System.AppDomainUnloadedException: Attempted to access an unloaded AppDomain. This can happen if the test(s) started a thread but did not stop it. Make sure that all the threads started by the test(s) are stopped before completion.</Text>      </RunInfo>      <RunInfo computerName="PRANAY-TEST" outcome="Warning" timestamp="2014-08-08T11:44:29.8798691-07:00">        <Text>System.AppDomainUnloadedException: Attempted to access an unloaded AppDomain. This can happen if the test(s) started a thread but did not stop it. Make sure that all the threads started by the test(s) are stopped before completion.</Text>      </RunInfo>      <RunInfo computerName="PRANAY-TEST" outcome="Warning" timestamp="2014-08-08T11:44:29.8888691-07:00">        <Text>System.AppDomainUnloadedException: Attempted to access an unloaded AppDomain. This can happen if the test(s) started a thread but did not stop it. Make sure that all the threads started by the test(s) are stopped before completion.</Text>      </RunInfo>      <RunInfo computerName="PRANAY-TEST" outcome="Warning" timestamp="2014-08-08T11:44:29.8888691-07:00">        <Text>System.AppDomainUnloadedException: Attempted to access an unloaded AppDomain. This can happen if the test(s) started a thread but did not stop it. Make sure that all the threads started by the test(s) are stopped before completion.</Text>      </RunInfo>      <RunInfo computerName="PRANAY-TEST" outcome="Warning" timestamp="2014-08-08T11:44:29.8888691-07:00">        <Text>System.AppDomainUnloadedException: Attempted to access an unloaded AppDomain. This can happen if the test(s) started a thread but did not stop it. Make sure that all the threads started by the test(s) are stopped before completion.</Text>      </RunInfo>      <RunInfo computerName="PRANAY-TEST" outcome="Warning" timestamp="2014-08-08T11:44:29.8898691-07:00">        <Text>System.AppDomainUnloadedException: Attempted to access an unloaded AppDomain. This can happen if the test(s) started a thread but did not stop it. Make sure that all the threads started by the test(s) are stopped before completion.</Text>      </RunInfo>      <RunInfo computerName="PRANAY-TEST" outcome="Warning" timestamp="2014-08-08T11:44:29.8898691-07:00">        <Text>System.AppDomainUnloadedException: Attempted to access an unloaded AppDomain. This can happen if the test(s) started a thread but did not stop it. Make sure that all the threads started by the test(s) are stopped before completion.</Text>      </RunInfo>      <RunInfo computerName="PRANAY-TEST" outcome="Warning" timestamp="2014-08-08T11:44:29.8898691-07:00">        <Text>System.AppDomainUnloadedException: Attempted to access an unloaded AppDomain. This can happen if the test(s) started a thread but did not stop it. Make sure that all the threads started by the test(s) are stopped before completion.</Text>      </RunInfo>      <RunInfo computerName="PRANAY-TEST" outcome="Warning" timestamp="2014-08-08T11:44:29.8908691-07:00">        <Text>System.AppDomainUnloadedException: Attempted to access an unloaded AppDomain. This can happen if the test(s) started a thread but did not stop it. Make sure that all the threads started by the test(s) are stopped before completion.</Text>      </RunInfo>      <RunInfo computerName="PRANAY-TEST" outcome="Warning" timestamp="2014-08-08T11:44:29.8908691-07:00">        <Text>System.AppDomainUnloadedException: Attempted to access an unloaded AppDomain. This can happen if the test(s) started a thread but did not stop it. Make sure that all the threads started by the test(s) are stopped before completion.</Text>      </RunInfo>      <RunInfo computerName="PRANAY-TEST" outcome="Warning" timestamp="2014-08-08T11:44:29.8908691-07:00">        <Text>System.AppDomainUnloadedException: Attempted to access an unloaded AppDomain. This can happen if the test(s) started a thread but did not stop it. Make sure that all the threads started by the test(s) are stopped before completion.</Text>      </RunInfo>      <RunInfo computerName="PRANAY-TEST" outcome="Warning" timestamp="2014-08-08T11:44:29.8918691-07:00">        <Text>System.AppDomainUnloadedException: Attempted to access an unloaded AppDomain. This can happen if the test(s) started a thread but did not stop it. Make sure that all the threads started by the test(s) are stopped before completion.</Text>      </RunInfo>      <RunInfo computerName="PRANAY-TEST" outcome="Warning" timestamp="2014-08-08T11:44:29.8918691-07:00">        <Text>System.AppDomainUnloadedException: Attempted to access an unloaded AppDomain. This can happen if the test(s) started a thread but did not stop it. Make sure that all the threads started by the test(s) are stopped before completion.</Text>      </RunInfo>      <RunInfo computerName="PRANAY-TEST" outcome="Warning" timestamp="2014-08-08T11:44:29.8918691-07:00">        <Text>System.AppDomainUnloadedException: Attempted to access an unloaded AppDomain. This can happen if the test(s) started a thread but did not stop it. Make sure that all the threads started by the test(s) are stopped before completion.</Text>      </RunInfo>      <RunInfo computerName="PRANAY-TEST" outcome="Warning" timestamp="2014-08-08T11:44:29.8928691-07:00">        <Text>System.AppDomainUnloadedException: Attempted to access an unloaded AppDomain. This can happen if the test(s) started a thread but did not stop it. Make sure that all the threads started by the test(s) are stopped before completion.</Text>      </RunInfo>      <RunInfo computerName="PRANAY-TEST" outcome="Warning" timestamp="2014-08-08T11:44:29.8928691-07:00">        <Text>System.AppDomainUnloadedException: Attempted to access an unloaded AppDomain. This can happen if the test(s) started a thread but did not stop it. Make sure that all the threads started by the test(s) are stopped before completion.</Text>      </RunInfo>      <RunInfo computerName="PRANAY-TEST" outcome="Warning" timestamp="2014-08-08T11:44:29.8928691-07:00">        <Text>System.AppDomainUnloadedException: Attempted to access an unloaded AppDomain. This can happen if the test(s) started a thread but did not stop it. Make sure that all the threads started by the test(s) are stopped before completion.</Text>      </RunInfo>      <RunInfo computerName="PRANAY-TEST" outcome="Warning" timestamp="2014-08-08T11:44:29.8928691-07:00">        <Text>System.AppDomainUnloadedException: Attempted to access an unloaded AppDomain. This can happen if the test(s) started a thread but did not stop it. Make sure that all the threads started by the test(s) are stopped before completion.</Text>      </RunInfo>      <RunInfo computerName="PRANAY-TEST" outcome="Warning" timestamp="2014-08-08T11:44:29.8938691-07:00">        <Text>System.AppDomainUnloadedException: Attempted to access an unloaded AppDomain. This can happen if the test(s) started a thread but did not stop it. Make sure that all the threads started by the test(s) are stopped before completion.</Text>      </RunInfo>      <RunInfo computerName="PRANAY-TEST" outcome="Warning" timestamp="2014-08-08T11:44:29.8938691-07:00">        <Text>System.AppDomainUnloadedException: Attempted to access an unloaded AppDomain. This can happen if the test(s) started a thread but did not stop it. Make sure that all the threads started by the test(s) are stopped before completion.</Text>      </RunInfo>      <RunInfo computerName="PRANAY-TEST" outcome="Warning" timestamp="2014-08-08T11:44:29.8938691-07:00">        <Text>System.AppDomainUnloadedException: Attempted to access an unloaded AppDomain. This can happen if the test(s) started a thread but did not stop it. Make sure that all the threads started by the test(s) are stopped before completion.</Text>      </RunInfo>      <RunInfo computerName="PRANAY-TEST" outcome="Warning" timestamp="2014-08-08T11:44:29.8948691-07:00">        <Text>System.AppDomainUnloadedException: Attempted to access an unloaded AppDomain. This can happen if the test(s) started a thread but did not stop it. Make sure that all the threads started by the test(s) are stopped before completion.</Text>      </RunInfo>      <RunInfo computerName="PRANAY-TEST" outcome="Warning" timestamp="2014-08-08T11:44:29.8948691-07:00">        <Text>System.AppDomainUnloadedException: Attempted to access an unloaded AppDomain. This can happen if the test(s) started a thread but did not stop it. Make sure that all the threads started by the test(s) are stopped before completion.</Text>      </RunInfo>      <RunInfo computerName="PRANAY-TEST" outcome="Warning" timestamp="2014-08-08T11:44:29.8948691-07:00">        <Text>System.AppDomainUnloadedException: Attempted to access an unloaded AppDomain. This can happen if the test(s) started a thread but did not stop it. Make sure that all the threads started by the test(s) are stopped before completion.</Text>      </RunInfo>      <RunInfo computerName="PRANAY-TEST" outcome="Warning" timestamp="2014-08-08T11:44:29.8958691-07:00">        <Text>System.AppDomainUnloadedException: Attempted to access an unloaded AppDomain. This can happen if the test(s) started a thread but did not stop it. Make sure that all the threads started by the test(s) are stopped before completion.</Text>      </RunInfo>      <RunInfo computerName="PRANAY-TEST" outcome="Warning" timestamp="2014-08-08T11:44:29.8958691-07:00">        <Text>System.AppDomainUnloadedException: Attempted to access an unloaded AppDomain. This can happen if the test(s) started a thread but did not stop it. Make sure that all the threads started by the test(s) are stopped before completion.</Text>      </RunInfo>      <RunInfo computerName="PRANAY-TEST" outcome="Warning" timestamp="2014-08-08T11:44:29.8958691-07:00">        <Text>System.AppDomainUnloadedException: Attempted to access an unloaded AppDomain. This can happen if the test(s) started a thread but did not stop it. Make sure that all the threads started by the test(s) are stopped before completion.</Text>      </RunInfo>      <RunInfo computerName="PRANAY-TEST" outcome="Warning" timestamp="2014-08-08T11:44:29.8958691-07:00">        <Text>System.AppDomainUnloadedException: Attempted to access an unloaded AppDomain. This can happen if the test(s) started a thread but did not stop it. Make sure that all the threads started by the test(s) are stopped before completion.</Text>      </RunInfo>      <RunInfo computerName="PRANAY-TEST" outcome="Warning" timestamp="2014-08-08T11:44:29.8968691-07:00">        <Text>System.AppDomainUnloadedException: Attempted to access an unloaded AppDomain. This can happen if the test(s) started a thread but did not stop it. Make sure that all the threads started by the test(s) are stopped before completion.</Text>      </RunInfo>      <RunInfo computerName="PRANAY-TEST" outcome="Warning" timestamp="2014-08-08T11:44:29.8968691-07:00">        <Text>System.AppDomainUnloadedException: Attempted to access an unloaded AppDomain. This can happen if the test(s) started a thread but did not stop it. Make sure that all the threads started by the test(s) are stopped before completion.</Text>      </RunInfo>      <RunInfo computerName="PRANAY-TEST" outcome="Warning" timestamp="2014-08-08T11:44:29.8968691-07:00">        <Text>System.AppDomainUnloadedException: Attempted to access an unloaded AppDomain. This can happen if the test(s) started a thread but did not stop it. Make sure that all the threads started by the test(s) are stopped before completion.</Text>      </RunInfo>      <RunInfo computerName="PRANAY-TEST" outcome="Warning" timestamp="2014-08-08T11:44:29.8978691-07:00">        <Text>System.AppDomainUnloadedException: Attempted to access an unloaded AppDomain. This can happen if the test(s) started a thread but did not stop it. Make sure that all the threads started by the test(s) are stopped before completion.</Text>      </RunInfo>      <RunInfo computerName="PRANAY-TEST" outcome="Warning" timestamp="2014-08-08T11:44:29.8978691-07:00">        <Text>System.AppDomainUnloadedException: Attempted to access an unloaded AppDomain. This can happen if the test(s) started a thread but did not stop it. Make sure that all the threads started by the test(s) are stopped before completion.</Text>      </RunInfo>      <RunInfo computerName="PRANAY-TEST" outcome="Warning" timestamp="2014-08-08T11:44:29.8988691-07:00">        <Text>System.AppDomainUnloadedException: Attempted to access an unloaded AppDomain. This can happen if the test(s) started a thread but did not stop it. Make sure that all the threads started by the test(s) are stopped before completion.</Text>      </RunInfo>      <RunInfo computerName="PRANAY-TEST" outcome="Warning" timestamp="2014-08-08T11:44:29.8988691-07:00">        <Text>System.AppDomainUnloadedException: Attempted to access an unloaded AppDomain. This can happen if the test(s) started a thread but did not stop it. Make sure that all the threads started by the test(s) are stopped before completion.</Text>      </RunInfo>      <RunInfo computerName="PRANAY-TEST" outcome="Warning" timestamp="2014-08-08T11:44:29.8988691-07:00">        <Text>System.AppDomainUnloadedException: Attempted to access an unloaded AppDomain. This can happen if the test(s) started a thread but did not stop it. Make sure that all the threads started by the test(s) are stopped before completion.</Text>      </RunInfo>      <RunInfo computerName="PRANAY-TEST" outcome="Warning" timestamp="2014-08-08T11:44:29.8998691-07:00">        <Text>System.AppDomainUnloadedException: Attempted to access an unloaded AppDomain. This can happen if the test(s) started a thread but did not stop it. Make sure that all the threads started by the test(s) are stopped before completion.</Text>      </RunInfo>      <RunInfo computerName="PRANAY-TEST" outcome="Warning" timestamp="2014-08-08T11:44:29.9028691-07:00">        <Text>System.AppDomainUnloadedException: Attempted to access an unloaded AppDomain. This can happen if the test(s) started a thread but did not stop it. Make sure that all the threads started by the test(s) are stopped before completion.</Text>      </RunInfo>      <RunInfo computerName="PRANAY-TEST" outcome="Warning" timestamp="2014-08-08T11:44:29.9038691-07:00">        <Text>System.AppDomainUnloadedException: Attempted to access an unloaded AppDomain. This can happen if the test(s) started a thread but did not stop it. Make sure that all the threads started by the test(s) are stopped before completion.</Text>      </RunInfo>      <RunInfo computerName="PRANAY-TEST" outcome="Warning" timestamp="2014-08-08T11:44:29.9038691-07:00">        <Text>System.AppDomainUnloadedException: Attempted to access an unloaded AppDomain. This can happen if the test(s) started a thread but did not stop it. Make sure that all the threads started by the test(s) are stopped before completion.</Text>      </RunInfo>      <RunInfo computerName="PRANAY-TEST" outcome="Warning" timestamp="2014-08-08T11:44:29.9038691-07:00">        <Text>System.AppDomainUnloadedException: Attempted to access an unloaded AppDomain. This can happen if the test(s) started a thread but did not stop it. Make sure that all the threads started by the test(s) are stopped before completion.</Text>      </RunInfo>      <RunInfo computerName="PRANAY-TEST" outcome="Warning" timestamp="2014-08-08T11:44:29.9048691-07:00">        <Text>System.AppDomainUnloadedException: Attempted to access an unloaded AppDomain. This can happen if the test(s) started a thread but did not stop it. Make sure that all the threads started by the test(s) are stopped before completion.</Text>      </RunInfo>      <RunInfo computerName="PRANAY-TEST" outcome="Warning" timestamp="2014-08-08T11:44:29.9048691-07:00">        <Text>System.AppDomainUnloadedException: Attempted to access an unloaded AppDomain. This can happen if the test(s) started a thread but did not stop it. Make sure that all the threads started by the test(s) are stopped before completion.</Text>      </RunInfo>      <RunInfo computerName="PRANAY-TEST" outcome="Warning" timestamp="2014-08-08T11:44:29.9048691-07:00">        <Text>System.AppDomainUnloadedException: Attempted to access an unloaded AppDomain. This can happen if the test(s) started a thread but did not stop it. Make sure that all the threads started by the test(s) are stopped before completion.</Text>      </RunInfo>      <RunInfo computerName="PRANAY-TEST" outcome="Warning" timestamp="2014-08-08T11:44:29.9058691-07:00">        <Text>System.AppDomainUnloadedException: Attempted to access an unloaded AppDomain. This can happen if the test(s) started a thread but did not stop it. Make sure that all the threads started by the test(s) are stopped before completion.</Text>      </RunInfo>      <RunInfo computerName="PRANAY-TEST" outcome="Warning" timestamp="2014-08-08T11:44:29.9058691-07:00">        <Text>System.AppDomainUnloadedException: Attempted to access an unloaded AppDomain. This can happen if the test(s) started a thread but did not stop it. Make sure that all the threads started by the test(s) are stopped before completion.</Text>      </RunInfo>      <RunInfo computerName="PRANAY-TEST" outcome="Warning" timestamp="2014-08-08T11:44:29.9058691-07:00">        <Text>System.AppDomainUnloadedException: Attempted to access an unloaded AppDomain. This can happen if the test(s) started a thread but did not stop it. Make sure that all the threads started by the test(s) are stopped before completion.</Text>      </RunInfo>      <RunInfo computerName="PRANAY-TEST" outcome="Warning" timestamp="2014-08-08T11:44:29.9068691-07:00">        <Text>System.AppDomainUnloadedException: Attempted to access an unloaded AppDomain. This can happen if the test(s) started a thread but did not stop it. Make sure that all the threads started by the test(s) are stopped before completion.</Text>      </RunInfo>      <RunInfo computerName="PRANAY-TEST" outcome="Warning" timestamp="2014-08-08T11:44:29.9068691-07:00">        <Text>System.AppDomainUnloadedException: Attempted to access an unloaded AppDomain. This can happen if the test(s) started a thread but did not stop it. Make sure that all the threads started by the test(s) are stopped before completion.</Text>      </RunInfo>      <RunInfo computerName="PRANAY-TEST" outcome="Warning" timestamp="2014-08-08T11:44:29.9068691-07:00">        <Text>System.AppDomainUnloadedException: Attempted to access an unloaded AppDomain. This can happen if the test(s) started a thread but did not stop it. Make sure that all the threads started by the test(s) are stopped before completion.</Text>      </RunInfo>      <RunInfo computerName="PRANAY-TEST" outcome="Warning" timestamp="2014-08-08T11:44:29.9068691-07:00">        <Text>System.AppDomainUnloadedException: Attempted to access an unloaded AppDomain. This can happen if the test(s) started a thread but did not stop it. Make sure that all the threads started by the test(s) are stopped before completion.</Text>      </RunInfo>      <RunInfo computerName="PRANAY-TEST" outcome="Warning" timestamp="2014-08-08T11:44:29.9078691-07:00">        <Text>System.AppDomainUnloadedException: Attempted to access an unloaded AppDomain. This can happen if the test(s) started a thread but did not stop it. Make sure that all the threads started by the test(s) are stopped before completion.</Text>      </RunInfo>      <RunInfo computerName="PRANAY-TEST" outcome="Warning" timestamp="2014-08-08T11:44:29.9078691-07:00">        <Text>System.AppDomainUnloadedException: Attempted to access an unloaded AppDomain. This can happen if the test(s) started a thread but did not stop it. Make sure that all the threads started by the test(s) are stopped before completion.</Text>      </RunInfo>      <RunInfo computerName="PRANAY-TEST" outcome="Warning" timestamp="2014-08-08T11:44:29.9078691-07:00">        <Text>System.AppDomainUnloadedException: Attempted to access an unloaded AppDomain. This can happen if the test(s) started a thread but did not stop it. Make sure that all the threads started by the test(s) are stopped before completion.</Text>      </RunInfo>      <RunInfo computerName="PRANAY-TEST" outcome="Warning" timestamp="2014-08-08T11:44:29.9088691-07:00">        <Text>System.AppDomainUnloadedException: Attempted to access an unloaded AppDomain. This can happen if the test(s) started a thread but did not stop it. Make sure that all the threads started by the test(s) are stopped before completion.</Text>      </RunInfo>      <RunInfo computerName="PRANAY-TEST" outcome="Warning" timestamp="2014-08-08T11:44:29.9088691-07:00">        <Text>System.AppDomainUnloadedException: Attempted to access an unloaded AppDomain. This can happen if the test(s) started a thread but did not stop it. Make sure that all the threads started by the test(s) are stopped before completion.</Text>      </RunInfo>      <RunInfo computerName="PRANAY-TEST" outcome="Warning" timestamp="2014-08-08T11:44:29.9088691-07:00">        <Text>System.AppDomainUnloadedException: Attempted to access an unloaded AppDomain. This can happen if the test(s) started a thread but did not stop it. Make sure that all the threads started by the test(s) are stopped before completion.</Text>      </RunInfo>      <RunInfo computerName="PRANAY-TEST" outcome="Warning" timestamp="2014-08-08T11:44:29.9098691-07:00">        <Text>System.AppDomainUnloadedException: Attempted to access an unloaded AppDomain. This can happen if the test(s) started a thread but did not stop it. Make sure that all the threads started by the test(s) are stopped before completion.</Text>      </RunInfo>      <RunInfo computerName="PRANAY-TEST" outcome="Warning" timestamp="2014-08-08T11:44:29.9098691-07:00">        <Text>System.AppDomainUnloadedException: Attempted to access an unloaded AppDomain. This can happen if the test(s) started a thread but did not stop it. Make sure that all the threads started by the test(s) are stopped before completion.</Text>      </RunInfo>      <RunInfo computerName="PRANAY-TEST" outcome="Warning" timestamp="2014-08-08T11:44:29.9098691-07:00">        <Text>System.AppDomainUnloadedException: Attempted to access an unloaded AppDomain. This can happen if the test(s) started a thread but did not stop it. Make sure that all the threads started by the test(s) are stopped before completion.</Text>      </RunInfo>      <RunInfo computerName="PRANAY-TEST" outcome="Warning" timestamp="2014-08-08T11:44:29.9108691-07:00">        <Text>System.AppDomainUnloadedException: Attempted to access an unloaded AppDomain. This can happen if the test(s) started a thread but did not stop it. Make sure that all the threads started by the test(s) are stopped before completion.</Text>      </RunInfo>      <RunInfo computerName="PRANAY-TEST" outcome="Warning" timestamp="2014-08-08T11:44:29.9108691-07:00">        <Text>System.AppDomainUnloadedException: Attempted to access an unloaded AppDomain. This can happen if the test(s) started a thread but did not stop it. Make sure that all the threads started by the test(s) are stopped before completion.</Text>      </RunInfo>      <RunInfo computerName="PRANAY-TEST" outcome="Warning" timestamp="2014-08-08T11:44:29.9128691-07:00">        <Text>System.AppDomainUnloadedException: Attempted to access an unloaded AppDomain. This can happen if the test(s) started a thread but did not stop it. Make sure that all the threads started by the test(s) are stopped before completion.</Text>      </RunInfo>      <RunInfo computerName="PRANAY-TEST" outcome="Warning" timestamp="2014-08-08T11:44:29.9128691-07:00">        <Text>System.AppDomainUnloadedException: Attempted to access an unloaded AppDomain. This can happen if the test(s) started a thread but did not stop it. Make sure that all the threads started by the test(s) are stopped before completion.</Text>      </RunInfo>      <RunInfo computerName="PRANAY-TEST" outcome="Warning" timestamp="2014-08-08T11:44:29.9158691-07:00">        <Text>System.AppDomainUnloadedException: Attempted to access an unloaded AppDomain. This can happen if the test(s) started a thread but did not stop it. Make sure that all the threads started by the test(s) are stopped before completion.</Text>      </RunInfo>      <RunInfo computerName="PRANAY-TEST" outcome="Warning" timestamp="2014-08-08T11:44:29.9178691-07:00">        <Text>System.AppDomainUnloadedException: Attempted to access an unloaded AppDomain. This can happen if the test(s) started a thread but did not stop it. Make sure that all the threads started by the test(s) are stopped before completion.</Text>      </RunInfo>      <RunInfo computerName="PRANAY-TEST" outcome="Warning" timestamp="2014-08-08T11:44:29.9178691-07:00">        <Text>System.AppDomainUnloadedException: Attempted to access an unloaded AppDomain. This can happen if the test(s) started a thread but did not stop it. Make sure that all the threads started by the test(s) are stopped before completion.</Text>      </RunInfo>      <RunInfo computerName="PRANAY-TEST" outcome="Warning" timestamp="2014-08-08T11:44:29.9188691-07:00">        <Text>System.AppDomainUnloadedException: Attempted to access an unloaded AppDomain. This can happen if the test(s) started a thread but did not stop it. Make sure that all the threads started by the test(s) are stopped before completion.</Text>      </RunInfo>      <RunInfo computerName="PRANAY-TEST" outcome="Warning" timestamp="2014-08-08T11:44:29.9188691-07:00">        <Text>System.AppDomainUnloadedException: Attempted to access an unloaded AppDomain. This can happen if the test(s) started a thread but did not stop it. Make sure that all the threads started by the test(s) are stopped before completion.</Text>      </RunInfo>      <RunInfo computerName="PRANAY-TEST" outcome="Warning" timestamp="2014-08-08T11:44:29.9188691-07:00">        <Text>System.AppDomainUnloadedException: Attempted to access an unloaded AppDomain. This can happen if the test(s) started a thread but did not stop it. Make sure that all the threads started by the test(s) are stopped before completion.</Text>      </RunInfo>      <RunInfo computerName="PRANAY-TEST" outcome="Warning" timestamp="2014-08-08T11:44:29.9198691-07:00">        <Text>System.AppDomainUnloadedException: Attempted to access an unloaded AppDomain. This can happen if the test(s) started a thread but did not stop it. Make sure that all the threads started by the test(s) are stopped before completion.</Text>      </RunInfo>      <RunInfo computerName="PRANAY-TEST" outcome="Warning" timestamp="2014-08-08T11:44:29.9198691-07:00">        <Text>System.AppDomainUnloadedException: Attempted to access an unloaded AppDomain. This can happen if the test(s) started a thread but did not stop it. Make sure that all the threads started by the test(s) are stopped before completion.</Text>      </RunInfo>      <RunInfo computerName="PRANAY-TEST" outcome="Warning" timestamp="2014-08-08T11:44:29.9208691-07:00">        <Text>System.AppDomainUnloadedException: Attempted to access an unloaded AppDomain. This can happen if the test(s) started a thread but did not stop it. Make sure that all the threads started by the test(s) are stopped before completion.</Text>      </RunInfo>      <RunInfo computerName="PRANAY-TEST" outcome="Warning" timestamp="2014-08-08T11:44:29.9208691-07:00">        <Text>System.AppDomainUnloadedException: Attempted to access an unloaded AppDomain. This can happen if the test(s) started a thread but did not stop it. Make sure that all the threads started by the test(s) are stopped before completion.</Text>      </RunInfo>      <RunInfo computerName="PRANAY-TEST" outcome="Warning" timestamp="2014-08-08T11:44:29.9208691-07:00">        <Text>System.AppDomainUnloadedException: Attempted to access an unloaded AppDomain. This can happen if the test(s) started a thread but did not stop it. Make sure that all the threads started by the test(s) are stopped before completion.</Text>      </RunInfo>      <RunInfo computerName="PRANAY-TEST" outcome="Warning" timestamp="2014-08-08T11:44:29.9218691-07:00">        <Text>System.AppDomainUnloadedException: Attempted to access an unloaded AppDomain. This can happen if the test(s) started a thread but did not stop it. Make sure that all the threads started by the test(s) are stopped before completion.</Text>      </RunInfo>      <RunInfo computerName="PRANAY-TEST" outcome="Warning" timestamp="2014-08-08T11:44:29.9218691-07:00">        <Text>System.AppDomainUnloadedException: Attempted to access an unloaded AppDomain. This can happen if the test(s) started a thread but did not stop it. Make sure that all the threads started by the test(s) are stopped before completion.</Text>      </RunInfo>      <RunInfo computerName="PRANAY-TEST" outcome="Warning" timestamp="2014-08-08T11:44:29.9218691-07:00">        <Text>System.AppDomainUnloadedException: Attempted to access an unloaded AppDomain. This can happen if the test(s) started a thread but did not stop it. Make sure that all the threads started by the test(s) are stopped before completion.</Text>      </RunInfo>      <RunInfo computerName="PRANAY-TEST" outcome="Warning" timestamp="2014-08-08T11:44:29.9228691-07:00">        <Text>System.AppDomainUnloadedException: Attempted to access an unloaded AppDomain. This can happen if the test(s) started a thread but did not stop it. Make sure that all the threads started by the test(s) are stopped before completion.</Text>      </RunInfo>      <RunInfo computerName="PRANAY-TEST" outcome="Warning" timestamp="2014-08-08T11:44:29.9228691-07:00">        <Text>System.AppDomainUnloadedException: Attempted to access an unloaded AppDomain. This can happen if the test(s) started a thread but did not stop it. Make sure that all the threads started by the test(s) are stopped before completion.</Text>      </RunInfo>      <RunInfo computerName="PRANAY-TEST" outcome="Warning" timestamp="2014-08-08T11:44:29.9228691-07:00">        <Text>System.AppDomainUnloadedException: Attempted to access an unloaded AppDomain. This can happen if the test(s) started a thread but did not stop it. Make sure that all the threads started by the test(s) are stopped before completion.</Text>      </RunInfo>      <RunInfo computerName="PRANAY-TEST" outcome="Warning" timestamp="2014-08-08T11:44:29.9238691-07:00">        <Text>System.AppDomainUnloadedException: Attempted to access an unloaded AppDomain. This can happen if the test(s) started a thread but did not stop it. Make sure that all the threads started by the test(s) are stopped before completion.</Text>      </RunInfo>      <RunInfo computerName="PRANAY-TEST" outcome="Warning" timestamp="2014-08-08T11:44:29.9238691-07:00">        <Text>System.AppDomainUnloadedException: Attempted to access an unloaded AppDomain. This can happen if the test(s) started a thread but did not stop it. Make sure that all the threads started by the test(s) are stopped before completion.</Text>      </RunInfo>      <RunInfo computerName="PRANAY-TEST" outcome="Warning" timestamp="2014-08-08T11:44:29.9238691-07:00">        <Text>System.AppDomainUnloadedException: Attempted to access an unloaded AppDomain. This can happen if the test(s) started a thread but did not stop it. Make sure that all the threads started by the test(s) are stopped before completion.</Text>      </RunInfo>      <RunInfo computerName="PRANAY-TEST" outcome="Warning" timestamp="2014-08-08T11:44:29.9248691-07:00">        <Text>System.AppDomainUnloadedException: Attempted to access an unloaded AppDomain. This can happen if the test(s) started a thread but did not stop it. Make sure that all the threads started by the test(s) are stopped before completion.</Text>      </RunInfo>      <RunInfo computerName="PRANAY-TEST" outcome="Warning" timestamp="2014-08-08T11:44:29.9248691-07:00">        <Text>System.AppDomainUnloadedException: Attempted to access an unloaded AppDomain. This can happen if the test(s) started a thread but did not stop it. Make sure that all the threads started by the test(s) are stopped before completion.</Text>      </RunInfo>      <RunInfo computerName="PRANAY-TEST" outcome="Warning" timestamp="2014-08-08T11:44:29.9248691-07:00">        <Text>System.AppDomainUnloadedException: Attempted to access an unloaded AppDomain. This can happen if the test(s) started a thread but did not stop it. Make sure that all the threads started by the test(s) are stopped before completion.</Text>      </RunInfo>      <RunInfo computerName="PRANAY-TEST" outcome="Warning" timestamp="2014-08-08T11:44:29.9258691-07:00">        <Text>System.AppDomainUnloadedException: Attempted to access an unloaded AppDomain. This can happen if the test(s) started a thread but did not stop it. Make sure that all the threads started by the test(s) are stopped before completion.</Text>      </RunInfo>      <RunInfo computerName="PRANAY-TEST" outcome="Warning" timestamp="2014-08-08T11:44:29.9258691-07:00">        <Text>System.AppDomainUnloadedException: Attempted to access an unloaded AppDomain. This can happen if the test(s) started a thread but did not stop it. Make sure that all the threads started by the test(s) are stopped before completion.</Text>      </RunInfo>      <RunInfo computerName="PRANAY-TEST" outcome="Warning" timestamp="2014-08-08T11:44:29.9258691-07:00">        <Text>System.AppDomainUnloadedException: Attempted to access an unloaded AppDomain. This can happen if the test(s) started a thread but did not stop it. Make sure that all the threads started by the test(s) are stopped before completion.</Text>      </RunInfo>      <RunInfo computerName="PRANAY-TEST" outcome="Warning" timestamp="2014-08-08T11:44:29.9258691-07:00">        <Text>System.AppDomainUnloadedException: Attempted to access an unloaded AppDomain. This can happen if the test(s) started a thread but did not stop it. Make sure that all the threads started by the test(s) are stopped before completion.</Text>      </RunInfo>      <RunInfo computerName="PRANAY-TEST" outcome="Warning" timestamp="2014-08-08T11:44:29.9268691-07:00">        <Text>System.AppDomainUnloadedException: Attempted to access an unloaded AppDomain. This can happen if the test(s) started a thread but did not stop it. Make sure that all the threads started by the test(s) are stopped before completion.</Text>      </RunInfo>      <RunInfo computerName="PRANAY-TEST" outcome="Warning" timestamp="2014-08-08T11:44:29.9278691-07:00">        <Text>System.AppDomainUnloadedException: Attempted to access an unloaded AppDomain. This can happen if the test(s) started a thread but did not stop it. Make sure that all the threads started by the test(s) are stopped before completion.</Text>      </RunInfo>      <RunInfo computerName="PRANAY-TEST" outcome="Warning" timestamp="2014-08-08T11:44:29.9278691-07:00">        <Text>System.AppDomainUnloadedException: Attempted to access an unloaded AppDomain. This can happen if the test(s) started a thread but did not stop it. Make sure that all the threads started by the test(s) are stopped before completion.</Text>      </RunInfo>      <RunInfo computerName="PRANAY-TEST" outcome="Warning" timestamp="2014-08-08T11:44:29.9288691-07:00">        <Text>System.AppDomainUnloadedException: Attempted to access an unloaded AppDomain. This can happen if the test(s) started a thread but did not stop it. Make sure that all the threads started by the test(s) are stopped before completion.</Text>      </RunInfo>      <RunInfo computerName="PRANAY-TEST" outcome="Warning" timestamp="2014-08-08T11:44:29.9518691-07:00">        <Text>System.AppDomainUnloadedException: Attempted to access an unloaded AppDomain. This can happen if the test(s) started a thread but did not stop it. Make sure that all the threads started by the test(s) are stopped before completion.</Text>      </RunInfo>      <RunInfo computerName="PRANAY-TEST" outcome="Warning" timestamp="2014-08-08T11:44:29.9528691-07:00">        <Text>System.AppDomainUnloadedException: Attempted to access an unloaded AppDomain. This can happen if the test(s) started a thread but did not stop it. Make sure that all the threads started by the test(s) are stopped before completion.</Text>      </RunInfo>      <RunInfo computerName="PRANAY-TEST" outcome="Warning" timestamp="2014-08-08T11:44:29.9528691-07:00">        <Text>System.AppDomainUnloadedException: Attempted to access an unloaded AppDomain. This can happen if the test(s) started a thread but did not stop it. Make sure that all the threads started by the test(s) are stopped before completion.</Text>      </RunInfo>      <RunInfo computerName="PRANAY-TEST" outcome="Warning" timestamp="2014-08-08T11:44:29.9538691-07:00">        <Text>System.AppDomainUnloadedException: Attempted to access an unloaded AppDomain. This can happen if the test(s) started a thread but did not stop it. Make sure that all the threads started by the test(s) are stopped before completion.</Text>      </RunInfo>      <RunInfo computerName="PRANAY-TEST" outcome="Warning" timestamp="2014-08-08T11:44:29.9538691-07:00">        <Text>System.AppDomainUnloadedException: Attempted to access an unloaded AppDomain. This can happen if the test(s) started a thread but did not stop it. Make sure that all the threads started by the test(s) are stopped before completion.</Text>      </RunInfo>      <RunInfo computerName="PRANAY-TEST" outcome="Warning" timestamp="2014-08-08T11:44:29.9538691-07:00">        <Text>System.AppDomainUnloadedException: Attempted to access an unloaded AppDomain. This can happen if the test(s) started a thread but did not stop it. Make sure that all the threads started by the test(s) are stopped before completion.</Text>      </RunInfo>      <RunInfo computerName="PRANAY-TEST" outcome="Warning" timestamp="2014-08-08T11:44:29.9678691-07:00">        <Text>System.AppDomainUnloadedException: Attempted to access an unloaded AppDomain. This can happen if the test(s) started a thread but did not stop it. Make sure that all the threads started by the test(s) are stopped before completion.</Text>      </RunInfo>      <RunInfo computerName="PRANAY-TEST" outcome="Warning" timestamp="2014-08-08T11:44:29.9698691-07:00">        <Text>System.AppDomainUnloadedException: Attempted to access an unloaded AppDomain. This can happen if the test(s) started a thread but did not stop it. Make sure that all the threads started by the test(s) are stopped before completion.</Text>      </RunInfo>      <RunInfo computerName="PRANAY-TEST" outcome="Warning" timestamp="2014-08-08T11:44:29.9698691-07:00">        <Text>System.AppDomainUnloadedException: Attempted to access an unloaded AppDomain. This can happen if the test(s) started a thread but did not stop it. Make sure that all the threads started by the test(s) are stopped before completion.</Text>      </RunInfo>      <RunInfo computerName="PRANAY-TEST" outcome="Warning" timestamp="2014-08-08T11:44:29.9718691-07:00">        <Text>System.AppDomainUnloadedException: Attempted to access an unloaded AppDomain. This can happen if the test(s) started a thread but did not stop it. Make sure that all the threads started by the test(s) are stopped before completion.</Text>      </RunInfo>      <RunInfo computerName="PRANAY-TEST" outcome="Warning" timestamp="2014-08-08T11:44:29.9798691-07:00">        <Text>System.AppDomainUnloadedException: Attempted to access an unloaded AppDomain. This can happen if the test(s) started a thread but did not stop it. Make sure that all the threads started by the test(s) are stopped before completion.</Text>      </RunInfo>      <RunInfo computerName="PRANAY-TEST" outcome="Warning" timestamp="2014-08-08T11:44:29.9828691-07:00">        <Text>System.AppDomainUnloadedException: Attempted to access an unloaded AppDomain. This can happen if the test(s) started a thread but did not stop it. Make sure that all the threads started by the test(s) are stopped before completion.</Text>      </RunInfo>      <RunInfo computerName="PRANAY-TEST" outcome="Warning" timestamp="2014-08-08T11:44:29.9828691-07:00">        <Text>System.AppDomainUnloadedException: Attempted to access an unloaded AppDomain. This can happen if the test(s) started a thread but did not stop it. Make sure that all the threads started by the test(s) are stopped before completion.</Text>      </RunInfo>      <RunInfo computerName="PRANAY-TEST" outcome="Warning" timestamp="2014-08-08T11:44:29.9838691-07:00">        <Text>System.AppDomainUnloadedException: Attempted to access an unloaded AppDomain. This can happen if the test(s) started a thread but did not stop it. Make sure that all the threads started by the test(s) are stopped before completion.</Text>      </RunInfo>      <RunInfo computerName="PRANAY-TEST" outcome="Warning" timestamp="2014-08-08T11:44:29.9838691-07:00">        <Text>System.AppDomainUnloadedException: Attempted to access an unloaded AppDomain. This can happen if the test(s) started a thread but did not stop it. Make sure that all the threads started by the test(s) are stopped before completion.</Text>      </RunInfo>      <RunInfo computerName="PRANAY-TEST" outcome="Warning" timestamp="2014-08-08T11:44:29.9848691-07:00">        <Text>System.AppDomainUnloadedException: Attempted to access an unloaded AppDomain. This can happen if the test(s) started a thread but did not stop it. Make sure that all the threads started by the test(s) are stopped before completion.</Text>      </RunInfo>      <RunInfo computerName="PRANAY-TEST" outcome="Warning" timestamp="2014-08-08T11:44:29.9848691-07:00">        <Text>System.AppDomainUnloadedException: Attempted to access an unloaded AppDomain. This can happen if the test(s) started a thread but did not stop it. Make sure that all the threads started by the test(s) are stopped before completion.</Text>      </RunInfo>      <RunInfo computerName="PRANAY-TEST" outcome="Warning" timestamp="2014-08-08T11:44:29.9958691-07:00">        <Text>System.AppDomainUnloadedException: Attempted to access an unloaded AppDomain. This can happen if the test(s) started a thread but did not stop it. Make sure that all the threads started by the test(s) are stopped before completion.</Text>      </RunInfo>      <RunInfo computerName="PRANAY-TEST" outcome="Warning" timestamp="2014-08-08T11:44:29.9968691-07:00">        <Text>System.AppDomainUnloadedException: Attempted to access an unloaded AppDomain. This can happen if the test(s) started a thread but did not stop it. Make sure that all the threads started by the test(s) are stopped before completion.</Text>      </RunInfo>      <RunInfo computerName="PRANAY-TEST" outcome="Warning" timestamp="2014-08-08T11:44:29.9968691-07:00">        <Text>System.AppDomainUnloadedException: Attempted to access an unloaded AppDomain. This can happen if the test(s) started a thread but did not stop it. Make sure that all the threads started by the test(s) are stopped before completion.</Text>      </RunInfo>      <RunInfo computerName="PRANAY-TEST" outcome="Warning" timestamp="2014-08-08T11:44:29.9968691-07:00">        <Text>System.AppDomainUnloadedException: Attempted to access an unloaded AppDomain. This can happen if the test(s) started a thread but did not stop it. Make sure that all the threads started by the test(s) are stopped before completion.</Text>      </RunInfo>      <RunInfo computerName="PRANAY-TEST" outcome="Warning" timestamp="2014-08-08T11:44:29.9978691-07:00">        <Text>System.AppDomainUnloadedException: Attempted to access an unloaded AppDomain. This can happen if the test(s) started a thread but did not stop it. Make sure that all the threads started by the test(s) are stopped before completion.</Text>      </RunInfo>      <RunInfo computerName="PRANAY-TEST" outcome="Warning" timestamp="2014-08-08T11:44:29.9978691-07:00">        <Text>System.AppDomainUnloadedException: Attempted to access an unloaded AppDomain. This can happen if the test(s) started a thread but did not stop it. Make sure that all the threads started by the test(s) are stopped before completion.</Text>      </RunInfo>      <RunInfo computerName="PRANAY-TEST" outcome="Warning" timestamp="2014-08-08T11:44:29.9988691-07:00">        <Text>System.AppDomainUnloadedException: Attempted to access an unloaded AppDomain. This can happen if the test(s) started a thread but did not stop it. Make sure that all the threads started by the test(s) are stopped before completion.</Text>      </RunInfo>      <RunInfo computerName="PRANAY-TEST" outcome="Warning" timestamp="2014-08-08T11:44:29.9998691-07:00">        <Text>System.AppDomainUnloadedException: Attempted to access an unloaded AppDomain. This can happen if the test(s) started a thread but did not stop it. Make sure that all the threads started by the test(s) are stopped before completion.</Text>      </RunInfo>      <RunInfo computerName="PRANAY-TEST" outcome="Warning" timestamp="2014-08-08T11:44:30.0008691-07:00">        <Text>System.AppDomainUnloadedException: Attempted to access an unloaded AppDomain. This can happen if the test(s) started a thread but did not stop it. Make sure that all the threads started by the test(s) are stopped before completion.</Text>      </RunInfo>      <RunInfo computerName="PRANAY-TEST" outcome="Warning" timestamp="2014-08-08T11:44:30.0008691-07:00">        <Text>System.AppDomainUnloadedException: Attempted to access an unloaded AppDomain. This can happen if the test(s) started a thread but did not stop it. Make sure that all the threads started by the test(s) are stopped before completion.</Text>      </RunInfo>      <RunInfo computerName="PRANAY-TEST" outcome="Warning" timestamp="2014-08-08T11:44:30.0008691-07:00">        <Text>System.AppDomainUnloadedException: Attempted to access an unloaded AppDomain. This can happen if the test(s) started a thread but did not stop it. Make sure that all the threads started by the test(s) are stopped before completion.</Text>      </RunInfo>      <RunInfo computerName="PRANAY-TEST" outcome="Warning" timestamp="2014-08-08T11:44:30.0018691-07:00">        <Text>System.AppDomainUnloadedException: Attempted to access an unloaded AppDomain. This can happen if the test(s) started a thread but did not stop it. Make sure that all the threads started by the test(s) are stopped before completion.</Text>      </RunInfo>      <RunInfo computerName="PRANAY-TEST" outcome="Warning" timestamp="2014-08-08T11:44:30.0018691-07:00">        <Text>System.AppDomainUnloadedException: Attempted to access an unloaded AppDomain. This can happen if the test(s) started a thread but did not stop it. Make sure that all the threads started by the test(s) are stopped before completion.</Text>      </RunInfo>      <RunInfo computerName="PRANAY-TEST" outcome="Warning" timestamp="2014-08-08T11:44:30.0018691-07:00">        <Text>System.AppDomainUnloadedException: Attempted to access an unloaded AppDomain. This can happen if the test(s) started a thread but did not stop it. Make sure that all the threads started by the test(s) are stopped before completion.</Text>      </RunInfo>      <RunInfo computerName="PRANAY-TEST" outcome="Warning" timestamp="2014-08-08T11:44:30.0028691-07:00">        <Text>System.AppDomainUnloadedException: Attempted to access an unloaded AppDomain. This can happen if the test(s) started a thread but did not stop it. Make sure that all the threads started by the test(s) are stopped before completion.</Text>      </RunInfo>      <RunInfo computerName="PRANAY-TEST" outcome="Warning" timestamp="2014-08-08T11:44:30.0028691-07:00">        <Text>System.AppDomainUnloadedException: Attempted to access an unloaded AppDomain. This can happen if the test(s) started a thread but did not stop it. Make sure that all the threads started by the test(s) are stopped before completion.</Text>      </RunInfo>      <RunInfo computerName="PRANAY-TEST" outcome="Warning" timestamp="2014-08-08T11:44:30.0028691-07:00">        <Text>System.AppDomainUnloadedException: Attempted to access an unloaded AppDomain. This can happen if the test(s) started a thread but did not stop it. Make sure that all the threads started by the test(s) are stopped before completion.</Text>      </RunInfo>      <RunInfo computerName="PRANAY-TEST" outcome="Warning" timestamp="2014-08-08T11:44:30.0038691-07:00">        <Text>System.AppDomainUnloadedException: Attempted to access an unloaded AppDomain. This can happen if the test(s) started a thread but did not stop it. Make sure that all the threads started by the test(s) are stopped before completion.</Text>      </RunInfo>      <RunInfo computerName="PRANAY-TEST" outcome="Warning" timestamp="2014-08-08T11:44:30.0038691-07:00">        <Text>System.AppDomainUnloadedException: Attempted to access an unloaded AppDomain. This can happen if the test(s) started a thread but did not stop it. Make sure that all the threads started by the test(s) are stopped before completion.</Text>      </RunInfo>      <RunInfo computerName="PRANAY-TEST" outcome="Warning" timestamp="2014-08-08T11:44:30.0038691-07:00">        <Text>System.AppDomainUnloadedException: Attempted to access an unloaded AppDomain. This can happen if the test(s) started a thread but did not stop it. Make sure that all the threads started by the test(s) are stopped before completion.</Text>      </RunInfo>      <RunInfo computerName="PRANAY-TEST" outcome="Warning" timestamp="2014-08-08T11:44:30.0038691-07:00">        <Text>System.AppDomainUnloadedException: Attempted to access an unloaded AppDomain. This can happen if the test(s) started a thread but did not stop it. Make sure that all the threads started by the test(s) are stopped before completion.</Text>      </RunInfo>      <RunInfo computerName="PRANAY-TEST" outcome="Warning" timestamp="2014-08-08T11:44:30.0048691-07:00">        <Text>System.AppDomainUnloadedException: Attempted to access an unloaded AppDomain. This can happen if the test(s) started a thread but did not stop it. Make sure that all the threads started by the test(s) are stopped before completion.</Text>      </RunInfo>      <RunInfo computerName="PRANAY-TEST" outcome="Warning" timestamp="2014-08-08T11:44:30.0048691-07:00">        <Text>System.AppDomainUnloadedException: Attempted to access an unloaded AppDomain. This can happen if the test(s) started a thread but did not stop it. Make sure that all the threads started by the test(s) are stopped before completion.</Text>      </RunInfo>      <RunInfo computerName="PRANAY-TEST" outcome="Warning" timestamp="2014-08-08T11:44:30.0058691-07:00">        <Text>System.AppDomainUnloadedException: Attempted to access an unloaded AppDomain. This can happen if the test(s) started a thread but did not stop it. Make sure that all the threads started by the test(s) are stopped before completion.</Text>      </RunInfo>      <RunInfo computerName="PRANAY-TEST" outcome="Warning" timestamp="2014-08-08T11:44:30.0068691-07:00">        <Text>System.AppDomainUnloadedException: Attempted to access an unloaded AppDomain. This can happen if the test(s) started a thread but did not stop it. Make sure that all the threads started by the test(s) are stopped before completion.</Text>      </RunInfo>      <RunInfo computerName="PRANAY-TEST" outcome="Warning" timestamp="2014-08-08T11:44:30.0068691-07:00">        <Text>System.AppDomainUnloadedException: Attempted to access an unloaded AppDomain. This can happen if the test(s) started a thread but did not stop it. Make sure that all the threads started by the test(s) are stopped before completion.</Text>      </RunInfo>      <RunInfo computerName="PRANAY-TEST" outcome="Warning" timestamp="2014-08-08T11:44:30.0068691-07:00">        <Text>System.AppDomainUnloadedException: Attempted to access an unloaded AppDomain. This can happen if the test(s) started a thread but did not stop it. Make sure that all the threads started by the test(s) are stopped before completion.</Text>      </RunInfo>      <RunInfo computerName="PRANAY-TEST" outcome="Warning" timestamp="2014-08-08T11:44:30.0088691-07:00">        <Text>System.AppDomainUnloadedException: Attempted to access an unloaded AppDomain. This can happen if the test(s) started a thread but did not stop it. Make sure that all the threads started by the test(s) are stopped before completion.</Text>      </RunInfo>      <RunInfo computerName="PRANAY-TEST" outcome="Warning" timestamp="2014-08-08T11:44:30.0098691-07:00">        <Text>System.AppDomainUnloadedException: Attempted to access an unloaded AppDomain. This can happen if the test(s) started a thread but did not stop it. Make sure that all the threads started by the test(s) are stopped before completion.</Text>      </RunInfo>      <RunInfo computerName="PRANAY-TEST" outcome="Warning" timestamp="2014-08-08T11:44:30.0108691-07:00">        <Text>System.AppDomainUnloadedException: Attempted to access an unloaded AppDomain. This can happen if the test(s) started a thread but did not stop it. Make sure that all the threads started by the test(s) are stopped before completion.</Text>      </RunInfo>      <RunInfo computerName="PRANAY-TEST" outcome="Warning" timestamp="2014-08-08T11:44:30.0108691-07:00">        <Text>System.AppDomainUnloadedException: Attempted to access an unloaded AppDomain. This can happen if the test(s) started a thread but did not stop it. Make sure that all the threads started by the test(s) are stopped before completion.</Text>      </RunInfo>      <RunInfo computerName="PRANAY-TEST" outcome="Warning" timestamp="2014-08-08T11:44:30.0118691-07:00">        <Text>System.AppDomainUnloadedException: Attempted to access an unloaded AppDomain. This can happen if the test(s) started a thread but did not stop it. Make sure that all the threads started by the test(s) are stopped before completion.</Text>      </RunInfo>      <RunInfo computerName="PRANAY-TEST" outcome="Warning" timestamp="2014-08-08T11:44:30.0118691-07:00">        <Text>System.AppDomainUnloadedException: Attempted to access an unloaded AppDomain. This can happen if the test(s) started a thread but did not stop it. Make sure that all the threads started by the test(s) are stopped before completion.</Text>      </RunInfo>      <RunInfo computerName="PRANAY-TEST" outcome="Warning" timestamp="2014-08-08T11:44:30.0128691-07:00">        <Text>System.AppDomainUnloadedException: Attempted to access an unloaded AppDomain. This can happen if the test(s) started a thread but did not stop it. Make sure that all the threads started by the test(s) are stopped before completion.</Text>      </RunInfo>      <RunInfo computerName="PRANAY-TEST" outcome="Warning" timestamp="2014-08-08T11:44:30.0128691-07:00">        <Text>System.AppDomainUnloadedException: Attempted to access an unloaded AppDomain. This can happen if the test(s) started a thread but did not stop it. Make sure that all the threads started by the test(s) are stopped before completion.</Text>      </RunInfo>      <RunInfo computerName="PRANAY-TEST" outcome="Warning" timestamp="2014-08-08T11:44:30.0148691-07:00">        <Text>System.AppDomainUnloadedException: Attempted to access an unloaded AppDomain. This can happen if the test(s) started a thread but did not stop it. Make sure that all the threads started by the test(s) are stopped before completion.</Text>      </RunInfo>      <RunInfo computerName="PRANAY-TEST" outcome="Warning" timestamp="2014-08-08T11:44:30.0158691-07:00">        <Text>System.AppDomainUnloadedException: Attempted to access an unloaded AppDomain. This can happen if the test(s) started a thread but did not stop it. Make sure that all the threads started by the test(s) are stopped before completion.</Text>      </RunInfo>      <RunInfo computerName="PRANAY-TEST" outcome="Warning" timestamp="2014-08-08T11:44:30.0168691-07:00">        <Text>System.AppDomainUnloadedException: Attempted to access an unloaded AppDomain. This can happen if the test(s) started a thread but did not stop it. Make sure that all the threads started by the test(s) are stopped before completion.</Text>      </RunInfo>      <RunInfo computerName="PRANAY-TEST" outcome="Warning" timestamp="2014-08-08T11:44:30.0178691-07:00">        <Text>System.AppDomainUnloadedException: Attempted to access an unloaded AppDomain. This can happen if the test(s) started a thread but did not stop it. Make sure that all the threads started by the test(s) are stopped before completion.</Text>      </RunInfo>      <RunInfo computerName="PRANAY-TEST" outcome="Warning" timestamp="2014-08-08T11:44:30.0188691-07:00">        <Text>System.AppDomainUnloadedException: Attempted to access an unloaded AppDomain. This can happen if the test(s) started a thread but did not stop it. Make sure that all the threads started by the test(s) are stopped before completion.</Text>      </RunInfo>      <RunInfo computerName="PRANAY-TEST" outcome="Warning" timestamp="2014-08-08T11:44:30.0188691-07:00">        <Text>System.AppDomainUnloadedException: Attempted to access an unloaded AppDomain. This can happen if the test(s) started a thread but did not stop it. Make sure that all the threads started by the test(s) are stopped before completion.</Text>      </RunInfo>      <RunInfo computerName="PRANAY-TEST" outcome="Warning" timestamp="2014-08-08T11:44:30.0188691-07:00">        <Text>System.AppDomainUnloadedException: Attempted to access an unloaded AppDomain. This can happen if the test(s) started a thread but did not stop it. Make sure that all the threads started by the test(s) are stopped before completion.</Text>      </RunInfo>      <RunInfo computerName="PRANAY-TEST" outcome="Warning" timestamp="2014-08-08T11:44:30.0188691-07:00">        <Text>System.AppDomainUnloadedException: Attempted to access an unloaded AppDomain. This can happen if the test(s) started a thread but did not stop it. Make sure that all the threads started by the test(s) are stopped before completion.</Text>      </RunInfo>      <RunInfo computerName="PRANAY-TEST" outcome="Warning" timestamp="2014-08-08T11:44:30.0198691-07:00">        <Text>System.AppDomainUnloadedException: Attempted to access an unloaded AppDomain. This can happen if the test(s) started a thread but did not stop it. Make sure that all the threads started by the test(s) are stopped before completion.</Text>      </RunInfo>      <RunInfo computerName="PRANAY-TEST" outcome="Warning" timestamp="2014-08-08T11:44:30.0198691-07:00">        <Text>System.AppDomainUnloadedException: Attempted to access an unloaded AppDomain. This can happen if the test(s) started a thread but did not stop it. Make sure that all the threads started by the test(s) are stopped before completion.</Text>      </RunInfo>      <RunInfo computerName="PRANAY-TEST" outcome="Warning" timestamp="2014-08-08T11:44:30.0208691-07:00">        <Text>System.AppDomainUnloadedException: Attempted to access an unloaded AppDomain. This can happen if the test(s) started a thread but did not stop it. Make sure that all the threads started by the test(s) are stopped before completion.</Text>      </RunInfo>      <RunInfo computerName="PRANAY-TEST" outcome="Warning" timestamp="2014-08-08T11:44:30.0218691-07:00">        <Text>System.AppDomainUnloadedException: Attempted to access an unloaded AppDomain. This can happen if the test(s) started a thread but did not stop it. Make sure that all the threads started by the test(s) are stopped before completion.</Text>      </RunInfo>      <RunInfo computerName="PRANAY-TEST" outcome="Warning" timestamp="2014-08-08T11:44:30.0218691-07:00">        <Text>System.AppDomainUnloadedException: Attempted to access an unloaded AppDomain. This can happen if the test(s) started a thread but did not stop it. Make sure that all the threads started by the test(s) are stopped before completion.</Text>      </RunInfo>      <RunInfo computerName="PRANAY-TEST" outcome="Warning" timestamp="2014-08-08T11:44:30.0218691-07:00">        <Text>System.AppDomainUnloadedException: Attempted to access an unloaded AppDomain. This can happen if the test(s) started a thread but did not stop it. Make sure that all the threads started by the test(s) are stopped before completion.</Text>      </RunInfo>      <RunInfo computerName="PRANAY-TEST" outcome="Warning" timestamp="2014-08-08T11:44:30.0228691-07:00">        <Text>System.AppDomainUnloadedException: Attempted to access an unloaded AppDomain. This can happen if the test(s) started a thread but did not stop it. Make sure that all the threads started by the test(s) are stopped before completion.</Text>      </RunInfo>      <RunInfo computerName="PRANAY-TEST" outcome="Warning" timestamp="2014-08-08T11:44:30.0228691-07:00">        <Text>System.AppDomainUnloadedException: Attempted to access an unloaded AppDomain. This can happen if the test(s) started a thread but did not stop it. Make sure that all the threads started by the test(s) are stopped before completion.</Text>      </RunInfo>      <RunInfo computerName="PRANAY-TEST" outcome="Warning" timestamp="2014-08-08T11:44:30.0238691-07:00">        <Text>System.AppDomainUnloadedException: Attempted to access an unloaded AppDomain. This can happen if the test(s) started a thread but did not stop it. Make sure that all the threads started by the test(s) are stopped before completion.</Text>      </RunInfo>      <RunInfo computerName="PRANAY-TEST" outcome="Warning" timestamp="2014-08-08T11:44:30.0248691-07:00">        <Text>System.AppDomainUnloadedException: Attempted to access an unloaded AppDomain. This can happen if the test(s) started a thread but did not stop it. Make sure that all the threads started by the test(s) are stopped before completion.</Text>      </RunInfo>      <RunInfo computerName="PRANAY-TEST" outcome="Warning" timestamp="2014-08-08T11:44:30.0268691-07:00">        <Text>System.AppDomainUnloadedException: Attempted to access an unloaded AppDomain. This can happen if the test(s) started a thread but did not stop it. Make sure that all the threads started by the test(s) are stopped before completion.</Text>      </RunInfo>      <RunInfo computerName="PRANAY-TEST" outcome="Warning" timestamp="2014-08-08T11:44:30.0278691-07:00">        <Text>System.AppDomainUnloadedException: Attempted to access an unloaded AppDomain. This can happen if the test(s) started a thread but did not stop it. Make sure that all the threads started by the test(s) are stopped before completion.</Text>      </RunInfo>      <RunInfo computerName="PRANAY-TEST" outcome="Warning" timestamp="2014-08-08T11:44:30.0278691-07:00">        <Text>System.AppDomainUnloadedException: Attempted to access an unloaded AppDomain. This can happen if the test(s) started a thread but did not stop it. Make sure that all the threads started by the test(s) are stopped before completion.</Text>      </RunInfo>      <RunInfo computerName="PRANAY-TEST" outcome="Warning" timestamp="2014-08-08T11:44:30.0278691-07:00">        <Text>System.AppDomainUnloadedException: Attempted to access an unloaded AppDomain. This can happen if the test(s) started a thread but did not stop it. Make sure that all the threads started by the test(s) are stopped before completion.</Text>      </RunInfo>      <RunInfo computerName="PRANAY-TEST" outcome="Warning" timestamp="2014-08-08T11:44:30.0288691-07:00">        <Text>System.AppDomainUnloadedException: Attempted to access an unloaded AppDomain. This can happen if the test(s) started a thread but did not stop it. Make sure that all the threads started by the test(s) are stopped before completion.</Text>      </RunInfo>      <RunInfo computerName="PRANAY-TEST" outcome="Warning" timestamp="2014-08-08T11:44:30.0288691-07:00">        <Text>System.AppDomainUnloadedException: Attempted to access an unloaded AppDomain. This can happen if the test(s) started a thread but did not stop it. Make sure that all the threads started by the test(s) are stopped before completion.</Text>      </RunInfo>      <RunInfo computerName="PRANAY-TEST" outcome="Warning" timestamp="2014-08-08T11:44:30.0288691-07:00">        <Text>System.AppDomainUnloadedException: Attempted to access an unloaded AppDomain. This can happen if the test(s) started a thread but did not stop it. Make sure that all the threads started by the test(s) are stopped before completion.</Text>      </RunInfo>      <RunInfo computerName="PRANAY-TEST" outcome="Warning" timestamp="2014-08-08T11:44:30.0298691-07:00">        <Text>System.AppDomainUnloadedException: Attempted to access an unloaded AppDomain. This can happen if the test(s) started a thread but did not stop it. Make sure that all the threads started by the test(s) are stopped before completion.</Text>      </RunInfo>      <RunInfo computerName="PRANAY-TEST" outcome="Warning" timestamp="2014-08-08T11:44:30.0308691-07:00">        <Text>System.AppDomainUnloadedException: Attempted to access an unloaded AppDomain. This can happen if the test(s) started a thread but did not stop it. Make sure that all the threads started by the test(s) are stopped before completion.</Text>      </RunInfo>      <RunInfo computerName="PRANAY-TEST" outcome="Warning" timestamp="2014-08-08T11:44:30.0308691-07:00">        <Text>System.AppDomainUnloadedException: Attempted to access an unloaded AppDomain. This can happen if the test(s) started a thread but did not stop it. Make sure that all the threads started by the test(s) are stopped before completion.</Text>      </RunInfo>      <RunInfo computerName="PRANAY-TEST" outcome="Warning" timestamp="2014-08-08T11:44:30.0308691-07:00">        <Text>System.AppDomainUnloadedException: Attempted to access an unloaded AppDomain. This can happen if the test(s) started a thread but did not stop it. Make sure that all the threads started by the test(s) are stopped before completion.</Text>      </RunInfo>      <RunInfo computerName="PRANAY-TEST" outcome="Warning" timestamp="2014-08-08T11:44:30.0318691-07:00">        <Text>System.AppDomainUnloadedException: Attempted to access an unloaded AppDomain. This can happen if the test(s) started a thread but did not stop it. Make sure that all the threads started by the test(s) are stopped before completion.</Text>      </RunInfo>      <RunInfo computerName="PRANAY-TEST" outcome="Warning" timestamp="2014-08-08T11:44:30.0318691-07:00">        <Text>System.AppDomainUnloadedException: Attempted to access an unloaded AppDomain. This can happen if the test(s) started a thread but did not stop it. Make sure that all the threads started by the test(s) are stopped before completion.</Text>      </RunInfo>      <RunInfo computerName="PRANAY-TEST" outcome="Warning" timestamp="2014-08-08T11:44:30.0318691-07:00">        <Text>System.AppDomainUnloadedException: Attempted to access an unloaded AppDomain. This can happen if the test(s) started a thread but did not stop it. Make sure that all the threads started by the test(s) are stopped before completion.</Text>      </RunInfo>      <RunInfo computerName="PRANAY-TEST" outcome="Warning" timestamp="2014-08-08T11:44:30.0328691-07:00">        <Text>System.AppDomainUnloadedException: Attempted to access an unloaded AppDomain. This can happen if the test(s) started a thread but did not stop it. Make sure that all the threads started by the test(s) are stopped before completion.</Text>      </RunInfo>      <RunInfo computerName="PRANAY-TEST" outcome="Warning" timestamp="2014-08-08T11:44:30.0328691-07:00">        <Text>System.AppDomainUnloadedException: Attempted to access an unloaded AppDomain. This can happen if the test(s) started a thread but did not stop it. Make sure that all the threads started by the test(s) are stopped before completion.</Text>      </RunInfo>      <RunInfo computerName="PRANAY-TEST" outcome="Warning" timestamp="2014-08-08T11:44:30.0328691-07:00">        <Text>System.AppDomainUnloadedException: Attempted to access an unloaded AppDomain. This can happen if the test(s) started a thread but did not stop it. Make sure that all the threads started by the test(s) are stopped before completion.</Text>      </RunInfo>      <RunInfo computerName="PRANAY-TEST" outcome="Warning" timestamp="2014-08-08T11:44:30.0338691-07:00">        <Text>System.AppDomainUnloadedException: Attempted to access an unloaded AppDomain. This can happen if the test(s) started a thread but did not stop it. Make sure that all the threads started by the test(s) are stopped before completion.</Text>      </RunInfo>      <RunInfo computerName="PRANAY-TEST" outcome="Warning" timestamp="2014-08-08T11:44:30.0338691-07:00">        <Text>System.AppDomainUnloadedException: Attempted to access an unloaded AppDomain. This can happen if the test(s) started a thread but did not stop it. Make sure that all the threads started by the test(s) are stopped before completion.</Text>      </RunInfo>      <RunInfo computerName="PRANAY-TEST" outcome="Warning" timestamp="2014-08-08T11:44:30.0348691-07:00">        <Text>System.AppDomainUnloadedException: Attempted to access an unloaded AppDomain. This can happen if the test(s) started a thread but did not stop it. Make sure that all the threads started by the test(s) are stopped before completion.</Text>      </RunInfo>      <RunInfo computerName="PRANAY-TEST" outcome="Warning" timestamp="2014-08-08T11:44:30.0348691-07:00">        <Text>System.AppDomainUnloadedException: Attempted to access an unloaded AppDomain. This can happen if the test(s) started a thread but did not stop it. Make sure that all the threads started by the test(s) are stopped before completion.</Text>      </RunInfo>      <RunInfo computerName="PRANAY-TEST" outcome="Warning" timestamp="2014-08-08T11:44:30.0348691-07:00">        <Text>System.AppDomainUnloadedException: Attempted to access an unloaded AppDomain. This can happen if the test(s) started a thread but did not stop it. Make sure that all the threads started by the test(s) are stopped before completion.</Text>      </RunInfo>      <RunInfo computerName="PRANAY-TEST" outcome="Warning" timestamp="2014-08-08T11:44:30.0358691-07:00">        <Text>System.AppDomainUnloadedException: Attempted to access an unloaded AppDomain. This can happen if the test(s) started a thread but did not stop it. Make sure that all the threads started by the test(s) are stopped before completion.</Text>      </RunInfo>      <RunInfo computerName="PRANAY-TEST" outcome="Warning" timestamp="2014-08-08T11:44:30.0358691-07:00">        <Text>System.AppDomainUnloadedException: Attempted to access an unloaded AppDomain. This can happen if the test(s) started a thread but did not stop it. Make sure that all the threads started by the test(s) are stopped before completion.</Text>      </RunInfo>      <RunInfo computerName="PRANAY-TEST" outcome="Warning" timestamp="2014-08-08T11:44:30.0358691-07:00">        <Text>System.AppDomainUnloadedException: Attempted to access an unloaded AppDomain. This can happen if the test(s) started a thread but did not stop it. Make sure that all the threads started by the test(s) are stopped before completion.</Text>      </RunInfo>      <RunInfo computerName="PRANAY-TEST" outcome="Warning" timestamp="2014-08-08T11:44:30.0368691-07:00">        <Text>System.AppDomainUnloadedException: Attempted to access an unloaded AppDomain. This can happen if the test(s) started a thread but did not stop it. Make sure that all the threads started by the test(s) are stopped before completion.</Text>      </RunInfo>      <RunInfo computerName="PRANAY-TEST" outcome="Warning" timestamp="2014-08-08T11:44:30.0368691-07:00">        <Text>System.AppDomainUnloadedException: Attempted to access an unloaded AppDomain. This can happen if the test(s) started a thread but did not stop it. Make sure that all the threads started by the test(s) are stopped before completion.</Text>      </RunInfo>      <RunInfo computerName="PRANAY-TEST" outcome="Warning" timestamp="2014-08-08T11:44:30.0368691-07:00">        <Text>System.AppDomainUnloadedException: Attempted to access an unloaded AppDomain. This can happen if the test(s) started a thread but did not stop it. Make sure that all the threads started by the test(s) are stopped before completion.</Text>      </RunInfo>      <RunInfo computerName="PRANAY-TEST" outcome="Warning" timestamp="2014-08-08T11:44:30.0378691-07:00">        <Text>System.AppDomainUnloadedException: Attempted to access an unloaded AppDomain. This can happen if the test(s) started a thread but did not stop it. Make sure that all the threads started by the test(s) are stopped before completion.</Text>      </RunInfo>      <RunInfo computerName="PRANAY-TEST" outcome="Warning" timestamp="2014-08-08T11:44:30.0378691-07:00">        <Text>System.AppDomainUnloadedException: Attempted to access an unloaded AppDomain. This can happen if the test(s) started a thread but did not stop it. Make sure that all the threads started by the test(s) are stopped before completion.</Text>      </RunInfo>      <RunInfo computerName="PRANAY-TEST" outcome="Warning" timestamp="2014-08-08T11:44:30.0388691-07:00">        <Text>System.AppDomainUnloadedException: Attempted to access an unloaded AppDomain. This can happen if the test(s) started a thread but did not stop it. Make sure that all the threads started by the test(s) are stopped before completion.</Text>      </RunInfo>      <RunInfo computerName="PRANAY-TEST" outcome="Warning" timestamp="2014-08-08T11:44:30.0388691-07:00">        <Text>System.AppDomainUnloadedException: Attempted to access an unloaded AppDomain. This can happen if the test(s) started a thread but did not stop it. Make sure that all the threads started by the test(s) are stopped before completion.</Text>      </RunInfo>      <RunInfo computerName="PRANAY-TEST" outcome="Warning" timestamp="2014-08-08T11:44:30.0388691-07:00">        <Text>System.AppDomainUnloadedException: Attempted to access an unloaded AppDomain. This can happen if the test(s) started a thread but did not stop it. Make sure that all the threads started by the test(s) are stopped before completion.</Text>      </RunInfo>      <RunInfo computerName="PRANAY-TEST" outcome="Warning" timestamp="2014-08-08T11:44:30.0398691-07:00">        <Text>System.AppDomainUnloadedException: Attempted to access an unloaded AppDomain. This can happen if the test(s) started a thread but did not stop it. Make sure that all the threads started by the test(s) are stopped before completion.</Text>      </RunInfo>      <RunInfo computerName="PRANAY-TEST" outcome="Warning" timestamp="2014-08-08T11:44:30.0398691-07:00">        <Text>System.AppDomainUnloadedException: Attempted to access an unloaded AppDomain. This can happen if the test(s) started a thread but did not stop it. Make sure that all the threads started by the test(s) are stopped before completion.</Text>      </RunInfo>      <RunInfo computerName="PRANAY-TEST" outcome="Warning" timestamp="2014-08-08T11:44:30.0398691-07:00">        <Text>System.AppDomainUnloadedException: Attempted to access an unloaded AppDomain. This can happen if the test(s) started a thread but did not stop it. Make sure that all the threads started by the test(s) are stopped before completion.</Text>      </RunInfo>      <RunInfo computerName="PRANAY-TEST" outcome="Warning" timestamp="2014-08-08T11:44:30.0408691-07:00">        <Text>System.AppDomainUnloadedException: Attempted to access an unloaded AppDomain. This can happen if the test(s) started a thread but did not stop it. Make sure that all the threads started by the test(s) are stopped before completion.</Text>      </RunInfo>      <RunInfo computerName="PRANAY-TEST" outcome="Warning" timestamp="2014-08-08T11:44:30.0418691-07:00">        <Text>System.AppDomainUnloadedException: Attempted to access an unloaded AppDomain. This can happen if the test(s) started a thread but did not stop it. Make sure that all the threads started by the test(s) are stopped before completion.</Text>      </RunInfo>      <RunInfo computerName="PRANAY-TEST" outcome="Warning" timestamp="2014-08-08T11:44:30.0418691-07:00">        <Text>System.AppDomainUnloadedException: Attempted to access an unloaded AppDomain. This can happen if the test(s) started a thread but did not stop it. Make sure that all the threads started by the test(s) are stopped before completion.</Text>      </RunInfo>      <RunInfo computerName="PRANAY-TEST" outcome="Warning" timestamp="2014-08-08T11:44:30.0418691-07:00">        <Text>System.AppDomainUnloadedException: Attempted to access an unloaded AppDomain. This can happen if the test(s) started a thread but did not stop it. Make sure that all the threads started by the test(s) are stopped before completion.</Text>      </RunInfo>      <RunInfo computerName="PRANAY-TEST" outcome="Warning" timestamp="2014-08-08T11:44:30.0418691-07:00">        <Text>System.AppDomainUnloadedException: Attempted to access an unloaded AppDomain. This can happen if the test(s) started a thread but did not stop it. Make sure that all the threads started by the test(s) are stopped before completion.</Text>      </RunInfo>      <RunInfo computerName="PRANAY-TEST" outcome="Warning" timestamp="2014-08-08T11:44:30.0438691-07:00">        <Text>System.AppDomainUnloadedException: Attempted to access an unloaded AppDomain. This can happen if the test(s) started a thread but did not stop it. Make sure that all the threads started by the test(s) are stopped before completion.</Text>      </RunInfo>      <RunInfo computerName="PRANAY-TEST" outcome="Warning" timestamp="2014-08-08T11:44:30.0438691-07:00">        <Text>System.AppDomainUnloadedException: Attempted to access an unloaded AppDomain. This can happen if the test(s) started a thread but did not stop it. Make sure that all the threads started by the test(s) are stopped before completion.</Text>      </RunInfo>      <RunInfo computerName="PRANAY-TEST" outcome="Warning" timestamp="2014-08-08T11:44:30.0448691-07:00">        <Text>System.AppDomainUnloadedException: Attempted to access an unloaded AppDomain. This can happen if the test(s) started a thread but did not stop it. Make sure that all the threads started by the test(s) are stopped before completion.</Text>      </RunInfo>      <RunInfo computerName="PRANAY-TEST" outcome="Warning" timestamp="2014-08-08T11:44:30.0448691-07:00">        <Text>System.AppDomainUnloadedException: Attempted to access an unloaded AppDomain. This can happen if the test(s) started a thread but did not stop it. Make sure that all the threads started by the test(s) are stopped before completion.</Text>      </RunInfo>      <RunInfo computerName="PRANAY-TEST" outcome="Warning" timestamp="2014-08-08T11:44:30.0458691-07:00">        <Text>System.AppDomainUnloadedException: Attempted to access an unloaded AppDomain. This can happen if the test(s) started a thread but did not stop it. Make sure that all the threads started by the test(s) are stopped before completion.</Text>      </RunInfo>      <RunInfo computerName="PRANAY-TEST" outcome="Warning" timestamp="2014-08-08T11:44:30.0458691-07:00">        <Text>System.AppDomainUnloadedException: Attempted to access an unloaded AppDomain. This can happen if the test(s) started a thread but did not stop it. Make sure that all the threads started by the test(s) are stopped before completion.</Text>      </RunInfo>      <RunInfo computerName="PRANAY-TEST" outcome="Warning" timestamp="2014-08-08T11:44:30.0468691-07:00">        <Text>System.AppDomainUnloadedException: Attempted to access an unloaded AppDomain. This can happen if the test(s) started a thread but did not stop it. Make sure that all the threads started by the test(s) are stopped before completion.</Text>      </RunInfo>    </RunInfos>  </ResultSummary></TestRun>