<?xml version="1.0" encoding="UTF-8"?><TestRun>  <Times creation="2014-08-08T11:38:37.4158691-07:00" queuing="2014-08-08T11:38:37.4158691-07:00" start="2014-08-08T11:38:37.4218691-07:00" finish="2014-08-08T11:38:42.0528691-07:00" />  <TestSettings name="default" id="9d0f6242-dbed-4a33-b71a-a7d7b37771c7">    <Execution>      <TestTypeSpecific />    </Execution>    <Deployment runDeploymentRoot="pranayp_PRANAY-TEST 2014-08-08 11_38_37" />  </TestSettings>  <Results>    <UnitTestResult executionId="e2fc7b92-98f4-471b-957e-bd5bfa002bb2" testId="80f7ea4b-b051-1cb3-0bce-bfe18bb3a52a" testName="TestSchedule" computerName="PRANAY-TEST" duration="00:01:00.3272997" startTime="2014-08-08T11:37:36.7858691-07:00" endTime="2014-08-08T11:38:37.1548691-07:00" testType="13cdc9d9-ddb5-4fa4-a97d-d965ccfc6d4b" outcome="Passed" testListId="8c84fa94-04c1-424b-9868-57a2d4851a1d" relativeResultsDirectory="e2fc7b92-98f4-471b-957e-bd5bfa002bb2" />  </Results>  <TestDefinitions>    <UnitTest name="TestSchedule" storage="f:\src\adiam_cloud_nightly_tester\bins\debug\amd64\syncfabric\tests\testschedulerwithcloudqueue\microsoft.activedirectory.connector.test.testschedulerwithcloudqueue.dll" id="80f7ea4b-b051-1cb3-0bce-bfe18bb3a52a">      <Execution id="e2fc7b92-98f4-471b-957e-bd5bfa002bb2" />      <TestMethod codeBase="f:\src\Adiam_Cloud_Nightly_Tester\bins\debug\amd64\SyncFabric\Tests\TestSchedulerWithCloudQueue\Microsoft.ActiveDirectory.Connector.Test.TestSchedulerWithCloudQueue.dll" adapterTypeName="Microsoft.VisualStudio.TestTools.TestTypes.Unit.UnitTestAdapter" className="Microsoft.ActiveDirectory.Connector.Test.SchedulerCloudQueueUnitTest" name="TestSchedule" />    </UnitTest>  </TestDefinitions>  <TestEntries>    <TestEntry testId="80f7ea4b-b051-1cb3-0bce-bfe18bb3a52a" executionId="e2fc7b92-98f4-471b-957e-bd5bfa002bb2" testListId="8c84fa94-04c1-424b-9868-57a2d4851a1d" />  </TestEntries>  <TestLists>    <TestList name="Results Not in a List" id="8c84fa94-04c1-424b-9868-57a2d4851a1d" />    <TestList name="All Loaded Results" id="19431567-8539-422a-85d7-44ee4e166bda" />  </TestLists>  <ResultSummary outcome="Completed">    <Counters total="1" executed="1" passed="1" failed="0" error="0" timeout="0" aborted="0" inconclusive="0" passedButRunAborted="0" notRunnable="0" notExecuted="0" disconnected="0" warning="0" completed="0" inProgress="0" pending="0" />  </ResultSummary></TestRun>