<?xml version="1.0" encoding="UTF-8"?><TestRun>  <Times creation="2014-08-08T11:40:30.9528691-07:00" queuing="2014-08-08T11:40:30.9528691-07:00" start="2014-08-08T11:40:30.9578691-07:00" finish="2014-08-08T11:40:31.5168691-07:00" />  <TestSettings name="default" id="7f37ae41-fc5f-40c9-964b-2fd32664ac33">    <Execution>      <TestTypeSpecific />    </Execution>    <Deployment runDeploymentRoot="pranayp_PRANAY-TEST 2014-08-08 11_40_30" />  </TestSettings>  <Results>    <UnitTestResult executionId="4b90943c-067f-432a-ab50-d3b99b59826a" testId="4d359fcf-a5d1-efc3-9843-c249d2e857bd" testName="TestObsoleteInboundEntitlements" computerName="PRANAY-TEST" duration="00:02:44.2874609" startTime="2014-08-08T11:37:46.4058691-07:00" endTime="2014-08-08T11:40:30.8758691-07:00" testType="13cdc9d9-ddb5-4fa4-a97d-d965ccfc6d4b" outcome="Passed" testListId="8c84fa94-04c1-424b-9868-57a2d4851a1d" relativeResultsDirectory="4b90943c-067f-432a-ab50-d3b99b59826a" />  </Results>  <TestDefinitions>    <UnitTest name="TestObsoleteInboundEntitlements" storage="f:\src\adiam_cloud_nightly_tester\bins\debug\amd64\syncfabric\tests\testobsoleteentitlements\microsoft.activedirectory.connector.test.testobsoleteentitlements.dll" id="4d359fcf-a5d1-efc3-9843-c249d2e857bd">      <Execution id="4b90943c-067f-432a-ab50-d3b99b59826a" />      <TestMethod codeBase="f:\src\Adiam_Cloud_Nightly_Tester\bins\debug\amd64\SyncFabric\Tests\TestObsoleteEntitlements\Microsoft.ActiveDirectory.Connector.Test.TestObsoleteEntitlements.dll" adapterTypeName="Microsoft.VisualStudio.TestTools.TestTypes.Unit.UnitTestAdapter" className="Microsoft.ActiveDirectory.Connector.Test.ObsoleteEntitlementsUnitTest" name="TestObsoleteInboundEntitlements" />    </UnitTest>  </TestDefinitions>  <TestEntries>    <TestEntry testId="4d359fcf-a5d1-efc3-9843-c249d2e857bd" executionId="4b90943c-067f-432a-ab50-d3b99b59826a" testListId="8c84fa94-04c1-424b-9868-57a2d4851a1d" />  </TestEntries>  <TestLists>    <TestList name="Results Not in a List" id="8c84fa94-04c1-424b-9868-57a2d4851a1d" />    <TestList name="All Loaded Results" id="19431567-8539-422a-85d7-44ee4e166bda" />  </TestLists>  <ResultSummary outcome="Completed">    <Counters total="1" executed="1" passed="1" failed="0" error="0" timeout="0" aborted="0" inconclusive="0" passedButRunAborted="0" notRunnable="0" notExecuted="0" disconnected="0" warning="0" completed="0" inProgress="0" pending="0" />  </ResultSummary></TestRun>