<?xml version="1.0" encoding="UTF-8"?><TestRun>  <Times creation="2014-08-08T11:39:15.7908691-07:00" queuing="2014-08-08T11:39:15.7928691-07:00" start="2014-08-08T11:39:15.7978691-07:00" finish="2014-08-08T11:42:34.1268691-07:00" />  <TestSettings name="default" id="89890b47-75b6-4016-aafa-ae5e7db949f0">    <Execution>      <TestTypeSpecific />    </Execution>    <Deployment runDeploymentRoot="pranayp_PRANAY-TEST 2014-08-08 11_39_15" />  </TestSettings>  <Results>    <UnitTestResult executionId="6f4eafb0-1577-4680-b6fa-256d38acc963" testId="7391a19e-aace-6901-a7a3-5a01c30a18ae" testName="TestErrorDuringAddUser" computerName="PRANAY-TEST" duration="00:00:40.9965188" startTime="2014-08-08T11:38:33.8648691-07:00" endTime="2014-08-08T11:39:15.5878691-07:00" testType="13cdc9d9-ddb5-4fa4-a97d-d965ccfc6d4b" outcome="Passed" testListId="8c84fa94-04c1-424b-9868-57a2d4851a1d" relativeResultsDirectory="6f4eafb0-1577-4680-b6fa-256d38acc963" />    <UnitTestResult executionId="03ded57c-301d-46b5-8d3c-1a975cdf7c7c" testId="e4b21b3e-3f33-a7c0-aa29-b561fc833905" testName="TestErrorDuringDeleteUser" computerName="PRANAY-TEST" duration="00:00:06.9203151" startTime="2014-08-08T11:39:15.7688691-07:00" endTime="2014-08-08T11:39:22.6898691-07:00" testType="13cdc9d9-ddb5-4fa4-a97d-d965ccfc6d4b" outcome="Passed" testListId="8c84fa94-04c1-424b-9868-57a2d4851a1d" relativeResultsDirectory="03ded57c-301d-46b5-8d3c-1a975cdf7c7c" />    <UnitTestResult executionId="934bcdd1-0e1e-42be-80a0-8c7ff0e863e5" testId="14741457-6f63-60be-2744-4872a8528cdb" testName="TestErrorDuringFindUser" computerName="PRANAY-TEST" duration="00:00:29.0600640" startTime="2014-08-08T11:39:22.7048691-07:00" endTime="2014-08-08T11:39:51.7648691-07:00" testType="13cdc9d9-ddb5-4fa4-a97d-d965ccfc6d4b" outcome="Passed" testListId="8c84fa94-04c1-424b-9868-57a2d4851a1d" relativeResultsDirectory="934bcdd1-0e1e-42be-80a0-8c7ff0e863e5" />    <UnitTestResult executionId="6a5971cd-6c25-4b03-ac09-2b0965648116" testId="31631701-e7f0-05d8-ea53-f91f9d5a9f39" testName="TestErrorDuringFindUsers" computerName="PRANAY-TEST" duration="00:00:31.9671273" startTime="2014-08-08T11:39:51.7938691-07:00" endTime="2014-08-08T11:40:23.7608691-07:00" testType="13cdc9d9-ddb5-4fa4-a97d-d965ccfc6d4b" outcome="Passed" testListId="8c84fa94-04c1-424b-9868-57a2d4851a1d" relativeResultsDirectory="6a5971cd-6c25-4b03-ac09-2b0965648116" />    <UnitTestResult executionId="9c651770-1208-4475-9271-cd5ea5fce39a" testId="6e0c223d-5963-4ee2-ad4b-07b64add840c" testName="TestErrorDuringUpdateUser" computerName="PRANAY-TEST" duration="00:00:18.9175572" startTime="2014-08-08T11:40:23.8168691-07:00" endTime="2014-08-08T11:40:42.7348691-07:00" testType="13cdc9d9-ddb5-4fa4-a97d-d965ccfc6d4b" outcome="Failed" testListId="8c84fa94-04c1-424b-9868-57a2d4851a1d" relativeResultsDirectory="9c651770-1208-4475-9271-cd5ea5fce39a">      <Output>        <ErrorInfo>          <Message>Assert.IsFalse failed. </Message>          <StackTrace>   at Microsoft.ActiveDirectory.Connector.Test.GoogleAppsProxyAdapterUnitTest.ExportUsersAndEnsureNoEscrows(IEnumerable`1 exports) in f:\src\Adiam_Cloud_Nightly_Tester\sources\test\Services\SyncFabric\Controller\UnitTests\TestGoogleAppsProxyAdapter\GoogleAppsProxyAdapterUnitTest.cs:line 395   at Microsoft.ActiveDirectory.Connector.Test.GoogleAppsProxyAdapterUnitTest.TestErrorDuringUpdateUser() in f:\src\Adiam_Cloud_Nightly_Tester\sources\test\Services\SyncFabric\Controller\UnitTests\TestGoogleAppsProxyAdapter\GoogleAppsProxyAdapterUnitTest.cs:line 962</StackTrace>        </ErrorInfo>      </Output>    </UnitTestResult>    <UnitTestResult executionId="92be599f-5571-4fda-9454-54c4925d85cf" testId="b29ed5a1-891e-b6da-e2d7-e91787211cbc" testName="TestErrorInvalidAdminUserName" computerName="PRANAY-TEST" duration="00:00:11.8963423" startTime="2014-08-08T11:40:42.7688691-07:00" endTime="2014-08-08T11:40:54.6678691-07:00" testType="13cdc9d9-ddb5-4fa4-a97d-d965ccfc6d4b" outcome="Passed" testListId="8c84fa94-04c1-424b-9868-57a2d4851a1d" relativeResultsDirectory="92be599f-5571-4fda-9454-54c4925d85cf" />    <UnitTestResult executionId="a42c46a9-7df9-4355-b1d4-0e5a7f849096" testId="e3045bfa-0a4f-2610-d162-d6052a6d722a" testName="TestExport" computerName="PRANAY-TEST" duration="00:01:12.9641274" startTime="2014-08-08T11:40:54.7438691-07:00" endTime="2014-08-08T11:42:07.7048691-07:00" testType="13cdc9d9-ddb5-4fa4-a97d-d965ccfc6d4b" outcome="Failed" testListId="8c84fa94-04c1-424b-9868-57a2d4851a1d" relativeResultsDirectory="a42c46a9-7df9-4355-b1d4-0e5a7f849096">      <Output>        <ErrorInfo>          <Message>Assert.IsTrue failed. </Message>          <StackTrace>   at Microsoft.ActiveDirectory.Connector.Test.GoogleAppsProxyAdapterUnitTest.TestExport() in f:\src\Adiam_Cloud_Nightly_Tester\sources\test\Services\SyncFabric\Controller\UnitTests\TestGoogleAppsProxyAdapter\GoogleAppsProxyAdapterUnitTest.cs:line 1046</StackTrace>        </ErrorInfo>      </Output>    </UnitTestResult>    <UnitTestResult executionId="075583e4-b3d9-4aed-8f7c-b720b61fca57" testId="54731a81-be20-7897-6114-1ac6cf124061" testName="TestFullImport" computerName="PRANAY-TEST" duration="00:00:09.3546301" startTime="2014-08-08T11:42:07.7168691-07:00" endTime="2014-08-08T11:42:17.0718691-07:00" testType="13cdc9d9-ddb5-4fa4-a97d-d965ccfc6d4b" outcome="Passed" testListId="8c84fa94-04c1-424b-9868-57a2d4851a1d" relativeResultsDirectory="075583e4-b3d9-4aed-8f7c-b720b61fca57" />    <UnitTestResult executionId="44530efd-11e5-4db9-af4f-96cf6ba38b75" testId="4454c496-8ce9-c10e-fd1f-7f91d84d95cf" testName="TestDomainMismatch" computerName="PRANAY-TEST" duration="00:00:06.7238544" startTime="2014-08-08T11:42:17.0808691-07:00" endTime="2014-08-08T11:42:23.8048691-07:00" testType="13cdc9d9-ddb5-4fa4-a97d-d965ccfc6d4b" outcome="Passed" testListId="8c84fa94-04c1-424b-9868-57a2d4851a1d" relativeResultsDirectory="44530efd-11e5-4db9-af4f-96cf6ba38b75" />    <UnitTestResult executionId="c36066e2-ed90-4a45-b5b2-282740b95c14" testId="58ec7d6f-1827-e293-c3f1-4b1d269072f2" testName="TestTryValidateCredentials" computerName="PRANAY-TEST" duration="00:00:09.1158099" startTime="2014-08-08T11:42:23.8178691-07:00" endTime="2014-08-08T11:42:32.9348691-07:00" testType="13cdc9d9-ddb5-4fa4-a97d-d965ccfc6d4b" outcome="Passed" testListId="8c84fa94-04c1-424b-9868-57a2d4851a1d" relativeResultsDirectory="c36066e2-ed90-4a45-b5b2-282740b95c14" />  </Results>  <TestDefinitions>    <UnitTest name="TestErrorDuringAddUser" storage="f:\src\adiam_cloud_nightly_tester\bins\debug\amd64\syncfabric\tests\testgoogleappsproxyadapter\microsoft.activedirectory.connector.test.testgoogleappsproxyadapter.dll" id="7391a19e-aace-6901-a7a3-5a01c30a18ae">      <Execution id="6f4eafb0-1577-4680-b6fa-256d38acc963" />      <TestMethod codeBase="f:\src\Adiam_Cloud_Nightly_Tester\bins\debug\amd64\SyncFabric\Tests\TestGoogleAppsProxyAdapter\Microsoft.ActiveDirectory.Connector.Test.TestGoogleAppsProxyAdapter.dll" adapterTypeName="Microsoft.VisualStudio.TestTools.TestTypes.Unit.UnitTestAdapter" className="Microsoft.ActiveDirectory.Connector.Test.GoogleAppsProxyAdapterUnitTest" name="TestErrorDuringAddUser" />    </UnitTest>    <UnitTest name="TestErrorDuringDeleteUser" storage="f:\src\adiam_cloud_nightly_tester\bins\debug\amd64\syncfabric\tests\testgoogleappsproxyadapter\microsoft.activedirectory.connector.test.testgoogleappsproxyadapter.dll" id="e4b21b3e-3f33-a7c0-aa29-b561fc833905">      <Execution id="03ded57c-301d-46b5-8d3c-1a975cdf7c7c" />      <TestMethod codeBase="f:\src\Adiam_Cloud_Nightly_Tester\bins\debug\amd64\SyncFabric\Tests\TestGoogleAppsProxyAdapter\Microsoft.ActiveDirectory.Connector.Test.TestGoogleAppsProxyAdapter.dll" adapterTypeName="Microsoft.VisualStudio.TestTools.TestTypes.Unit.UnitTestAdapter" className="Microsoft.ActiveDirectory.Connector.Test.GoogleAppsProxyAdapterUnitTest" name="TestErrorDuringDeleteUser" />    </UnitTest>    <UnitTest name="TestErrorDuringFindUser" storage="f:\src\adiam_cloud_nightly_tester\bins\debug\amd64\syncfabric\tests\testgoogleappsproxyadapter\microsoft.activedirectory.connector.test.testgoogleappsproxyadapter.dll" id="14741457-6f63-60be-2744-4872a8528cdb">      <Execution id="934bcdd1-0e1e-42be-80a0-8c7ff0e863e5" />      <TestMethod codeBase="f:\src\Adiam_Cloud_Nightly_Tester\bins\debug\amd64\SyncFabric\Tests\TestGoogleAppsProxyAdapter\Microsoft.ActiveDirectory.Connector.Test.TestGoogleAppsProxyAdapter.dll" adapterTypeName="Microsoft.VisualStudio.TestTools.TestTypes.Unit.UnitTestAdapter" className="Microsoft.ActiveDirectory.Connector.Test.GoogleAppsProxyAdapterUnitTest" name="TestErrorDuringFindUser" />    </UnitTest>    <UnitTest name="TestErrorDuringFindUsers" storage="f:\src\adiam_cloud_nightly_tester\bins\debug\amd64\syncfabric\tests\testgoogleappsproxyadapter\microsoft.activedirectory.connector.test.testgoogleappsproxyadapter.dll" id="31631701-e7f0-05d8-ea53-f91f9d5a9f39">      <Execution id="6a5971cd-6c25-4b03-ac09-2b0965648116" />      <TestMethod codeBase="f:\src\Adiam_Cloud_Nightly_Tester\bins\debug\amd64\SyncFabric\Tests\TestGoogleAppsProxyAdapter\Microsoft.ActiveDirectory.Connector.Test.TestGoogleAppsProxyAdapter.dll" adapterTypeName="Microsoft.VisualStudio.TestTools.TestTypes.Unit.UnitTestAdapter" className="Microsoft.ActiveDirectory.Connector.Test.GoogleAppsProxyAdapterUnitTest" name="TestErrorDuringFindUsers" />    </UnitTest>    <UnitTest name="TestErrorDuringUpdateUser" storage="f:\src\adiam_cloud_nightly_tester\bins\debug\amd64\syncfabric\tests\testgoogleappsproxyadapter\microsoft.activedirectory.connector.test.testgoogleappsproxyadapter.dll" id="6e0c223d-5963-4ee2-ad4b-07b64add840c">      <Execution id="9c651770-1208-4475-9271-cd5ea5fce39a" />      <TestMethod codeBase="f:\src\Adiam_Cloud_Nightly_Tester\bins\debug\amd64\SyncFabric\Tests\TestGoogleAppsProxyAdapter\Microsoft.ActiveDirectory.Connector.Test.TestGoogleAppsProxyAdapter.dll" adapterTypeName="Microsoft.VisualStudio.TestTools.TestTypes.Unit.UnitTestAdapter" className="Microsoft.ActiveDirectory.Connector.Test.GoogleAppsProxyAdapterUnitTest" name="TestErrorDuringUpdateUser" />    </UnitTest>    <UnitTest name="TestErrorInvalidAdminUserName" storage="f:\src\adiam_cloud_nightly_tester\bins\debug\amd64\syncfabric\tests\testgoogleappsproxyadapter\microsoft.activedirectory.connector.test.testgoogleappsproxyadapter.dll" id="b29ed5a1-891e-b6da-e2d7-e91787211cbc">      <Execution id="92be599f-5571-4fda-9454-54c4925d85cf" />      <TestMethod codeBase="f:\src\Adiam_Cloud_Nightly_Tester\bins\debug\amd64\SyncFabric\Tests\TestGoogleAppsProxyAdapter\Microsoft.ActiveDirectory.Connector.Test.TestGoogleAppsProxyAdapter.dll" adapterTypeName="Microsoft.VisualStudio.TestTools.TestTypes.Unit.UnitTestAdapter" className="Microsoft.ActiveDirectory.Connector.Test.GoogleAppsProxyAdapterUnitTest" name="TestErrorInvalidAdminUserName" />    </UnitTest>    <UnitTest name="TestExport" storage="f:\src\adiam_cloud_nightly_tester\bins\debug\amd64\syncfabric\tests\testgoogleappsproxyadapter\microsoft.activedirectory.connector.test.testgoogleappsproxyadapter.dll" id="e3045bfa-0a4f-2610-d162-d6052a6d722a">      <Execution id="a42c46a9-7df9-4355-b1d4-0e5a7f849096" />      <TestMethod codeBase="f:\src\Adiam_Cloud_Nightly_Tester\bins\debug\amd64\SyncFabric\Tests\TestGoogleAppsProxyAdapter\Microsoft.ActiveDirectory.Connector.Test.TestGoogleAppsProxyAdapter.dll" adapterTypeName="Microsoft.VisualStudio.TestTools.TestTypes.Unit.UnitTestAdapter" className="Microsoft.ActiveDirectory.Connector.Test.GoogleAppsProxyAdapterUnitTest" name="TestExport" />    </UnitTest>    <UnitTest name="TestFullImport" storage="f:\src\adiam_cloud_nightly_tester\bins\debug\amd64\syncfabric\tests\testgoogleappsproxyadapter\microsoft.activedirectory.connector.test.testgoogleappsproxyadapter.dll" id="54731a81-be20-7897-6114-1ac6cf124061">      <Execution id="075583e4-b3d9-4aed-8f7c-b720b61fca57" />      <TestMethod codeBase="f:\src\Adiam_Cloud_Nightly_Tester\bins\debug\amd64\SyncFabric\Tests\TestGoogleAppsProxyAdapter\Microsoft.ActiveDirectory.Connector.Test.TestGoogleAppsProxyAdapter.dll" adapterTypeName="Microsoft.VisualStudio.TestTools.TestTypes.Unit.UnitTestAdapter" className="Microsoft.ActiveDirectory.Connector.Test.GoogleAppsProxyAdapterUnitTest" name="TestFullImport" />    </UnitTest>    <UnitTest name="TestDomainMismatch" storage="f:\src\adiam_cloud_nightly_tester\bins\debug\amd64\syncfabric\tests\testgoogleappsproxyadapter\microsoft.activedirectory.connector.test.testgoogleappsproxyadapter.dll" id="4454c496-8ce9-c10e-fd1f-7f91d84d95cf">      <Execution id="44530efd-11e5-4db9-af4f-96cf6ba38b75" />      <TestMethod codeBase="f:\src\Adiam_Cloud_Nightly_Tester\bins\debug\amd64\SyncFabric\Tests\TestGoogleAppsProxyAdapter\Microsoft.ActiveDirectory.Connector.Test.TestGoogleAppsProxyAdapter.dll" adapterTypeName="Microsoft.VisualStudio.TestTools.TestTypes.Unit.UnitTestAdapter" className="Microsoft.ActiveDirectory.Connector.Test.GoogleAppsProxyAdapterUnitTest" name="TestDomainMismatch" />    </UnitTest>    <UnitTest name="TestTryValidateCredentials" storage="f:\src\adiam_cloud_nightly_tester\bins\debug\amd64\syncfabric\tests\testgoogleappsproxyadapter\microsoft.activedirectory.connector.test.testgoogleappsproxyadapter.dll" id="58ec7d6f-1827-e293-c3f1-4b1d269072f2">      <Execution id="c36066e2-ed90-4a45-b5b2-282740b95c14" />      <TestMethod codeBase="f:\src\Adiam_Cloud_Nightly_Tester\bins\debug\amd64\SyncFabric\Tests\TestGoogleAppsProxyAdapter\Microsoft.ActiveDirectory.Connector.Test.TestGoogleAppsProxyAdapter.dll" adapterTypeName="Microsoft.VisualStudio.TestTools.TestTypes.Unit.UnitTestAdapter" className="Microsoft.ActiveDirectory.Connector.Test.GoogleAppsProxyAdapterUnitTest" name="TestTryValidateCredentials" />    </UnitTest>  </TestDefinitions>  <TestEntries>    <TestEntry testId="7391a19e-aace-6901-a7a3-5a01c30a18ae" executionId="6f4eafb0-1577-4680-b6fa-256d38acc963" testListId="8c84fa94-04c1-424b-9868-57a2d4851a1d" />    <TestEntry testId="e4b21b3e-3f33-a7c0-aa29-b561fc833905" executionId="03ded57c-301d-46b5-8d3c-1a975cdf7c7c" testListId="8c84fa94-04c1-424b-9868-57a2d4851a1d" />    <TestEntry testId="14741457-6f63-60be-2744-4872a8528cdb" executionId="934bcdd1-0e1e-42be-80a0-8c7ff0e863e5" testListId="8c84fa94-04c1-424b-9868-57a2d4851a1d" />    <TestEntry testId="31631701-e7f0-05d8-ea53-f91f9d5a9f39" executionId="6a5971cd-6c25-4b03-ac09-2b0965648116" testListId="8c84fa94-04c1-424b-9868-57a2d4851a1d" />    <TestEntry testId="6e0c223d-5963-4ee2-ad4b-07b64add840c" executionId="9c651770-1208-4475-9271-cd5ea5fce39a" testListId="8c84fa94-04c1-424b-9868-57a2d4851a1d" />    <TestEntry testId="b29ed5a1-891e-b6da-e2d7-e91787211cbc" executionId="92be599f-5571-4fda-9454-54c4925d85cf" testListId="8c84fa94-04c1-424b-9868-57a2d4851a1d" />    <TestEntry testId="e3045bfa-0a4f-2610-d162-d6052a6d722a" executionId="a42c46a9-7df9-4355-b1d4-0e5a7f849096" testListId="8c84fa94-04c1-424b-9868-57a2d4851a1d" />    <TestEntry testId="54731a81-be20-7897-6114-1ac6cf124061" executionId="075583e4-b3d9-4aed-8f7c-b720b61fca57" testListId="8c84fa94-04c1-424b-9868-57a2d4851a1d" />    <TestEntry testId="4454c496-8ce9-c10e-fd1f-7f91d84d95cf" executionId="44530efd-11e5-4db9-af4f-96cf6ba38b75" testListId="8c84fa94-04c1-424b-9868-57a2d4851a1d" />    <TestEntry testId="58ec7d6f-1827-e293-c3f1-4b1d269072f2" executionId="c36066e2-ed90-4a45-b5b2-282740b95c14" testListId="8c84fa94-04c1-424b-9868-57a2d4851a1d" />  </TestEntries>  <TestLists>    <TestList name="Results Not in a List" id="8c84fa94-04c1-424b-9868-57a2d4851a1d" />    <TestList name="All Loaded Results" id="19431567-8539-422a-85d7-44ee4e166bda" />  </TestLists>  <ResultSummary outcome="Failed">    <Counters total="10" executed="10" passed="8" failed="2" error="0" timeout="0" aborted="0" inconclusive="0" passedButRunAborted="0" notRunnable="0" notExecuted="0" disconnected="0" warning="0" completed="0" inProgress="0" pending="0" />  </ResultSummary></TestRun>