<?xml version="1.0" encoding="UTF-8"?><TestRun>  <Times creation="2014-08-08T11:39:22.4208691-07:00" queuing="2014-08-08T11:39:22.4208691-07:00" start="2014-08-08T11:39:22.4268691-07:00" finish="2014-08-08T11:49:22.9408691-07:00" />  <TestSettings name="default" id="68820470-ebe3-44c3-9218-5099a3e3dd87">    <Execution>      <TestTypeSpecific />    </Execution>    <Deployment runDeploymentRoot="pranayp_PRANAY-TEST 2014-08-08 11_39_22" />  </TestSettings>  <Results>    <UnitTestResult executionId="1fc23103-d65e-4cc7-8cc6-0673a4966baf" testId="75720ab4-f3f2-7d55-c8bf-e0dca9802992" testName="TestAdaptiveConfiguration" computerName="PRANAY-TEST" duration="00:01:37.3822785" startTime="2014-08-08T11:37:44.8048691-07:00" endTime="2014-08-08T11:39:22.3228691-07:00" testType="13cdc9d9-ddb5-4fa4-a97d-d965ccfc6d4b" outcome="Failed" testListId="8c84fa94-04c1-424b-9868-57a2d4851a1d" relativeResultsDirectory="1fc23103-d65e-4cc7-8cc6-0673a4966baf">      <Output>        <ErrorInfo>          <Message>Test method Microsoft.ActiveDirectory.Connector.Test.AdaptiveConfigurationUnitTest.TestAdaptiveConfiguration threw exception: System.Net.WebException: Unable to connect to the remote server ---&gt; System.Net.Sockets.SocketException: No connection could be made because the target machine actively refused it 127.0.0.1:81</Message>          <StackTrace>    at System.Net.Sockets.Socket.DoConnect(EndPoint endPointSnapshot, SocketAddress socketAddress)   at System.Net.ServicePoint.ConnectSocketInternal(Boolean connectFailure, Socket s4, Socket s6, Socket&amp; socket, IPAddress&amp; address, ConnectSocketState state, IAsyncResult asyncResult, Exception&amp; exception) --- End of inner exception stack trace ---    at System.Net.WebClient.DownloadDataInternal(Uri address, WebRequest&amp; request)   at System.Net.WebClient.DownloadString(Uri address)   at Microsoft.ActiveDirectory.Connector.SimpleWebServiceClient.Download(IEnumerable`1 headers) in f:\src\Adiam_Cloud_Nightly_Tester\sources\dev\Services\SyncFabric\Controller\Utility\SimpleWebServiceClient.cs:line 66   at Microsoft.ActiveDirectory.Connector.Test.AdaptiveConfigurationUnitTest.TestDeployedAdaptiveConfiguration() in f:\src\Adiam_Cloud_Nightly_Tester\sources\test\Services\SyncFabric\Controller\UnitTests\TestUtility\AdaptiveConfigurationUnitTest.cs:line 72   at Microsoft.ActiveDirectory.Connector.Test.AdaptiveConfigurationUnitTest.TestAdaptiveConfiguration() in f:\src\Adiam_Cloud_Nightly_Tester\sources\test\Services\SyncFabric\Controller\UnitTests\TestUtility\AdaptiveConfigurationUnitTest.cs:line 46</StackTrace>        </ErrorInfo>      </Output>    </UnitTestResult>    <UnitTestResult executionId="c75b93ff-3f33-448d-ad08-9ed567c08c76" testId="a8f1e1a3-9eae-6ca1-b213-e197d1e29374" testName="TestCancelationEvaluation" computerName="PRANAY-TEST" duration="00:00:01.0091916" startTime="2014-08-08T11:39:22.3478691-07:00" endTime="2014-08-08T11:39:23.3578691-07:00" testType="13cdc9d9-ddb5-4fa4-a97d-d965ccfc6d4b" outcome="Passed" testListId="8c84fa94-04c1-424b-9868-57a2d4851a1d" relativeResultsDirectory="c75b93ff-3f33-448d-ad08-9ed567c08c76" />    <UnitTestResult executionId="d2438a60-1ba9-4004-a638-038df9e1f63b" testId="5e9f656b-abbd-49d4-49d8-9a4155812043" testName="TestErrorCodeMapping" computerName="PRANAY-TEST" duration="00:00:01.1195532" startTime="2014-08-08T11:39:23.3588691-07:00" endTime="2014-08-08T11:39:24.4788691-07:00" testType="13cdc9d9-ddb5-4fa4-a97d-d965ccfc6d4b" outcome="Passed" testListId="8c84fa94-04c1-424b-9868-57a2d4851a1d" relativeResultsDirectory="d2438a60-1ba9-4004-a638-038df9e1f63b" />    <UnitTestResult executionId="071c2ebd-7d1e-4981-857d-fe39d8d9e2f1" testId="7b463b21-9338-41eb-2018-847a0a5550f3" testName="TestRetrySuccessful" computerName="PRANAY-TEST" duration="00:00:00.0829774" startTime="2014-08-08T11:39:24.4798691-07:00" endTime="2014-08-08T11:39:24.5638691-07:00" testType="13cdc9d9-ddb5-4fa4-a97d-d965ccfc6d4b" outcome="Passed" testListId="8c84fa94-04c1-424b-9868-57a2d4851a1d" relativeResultsDirectory="071c2ebd-7d1e-4981-857d-fe39d8d9e2f1" />    <UnitTestResult executionId="4ca6077c-59fb-45b8-b185-dfcf1b326c5e" testId="07b817e1-dff8-3b20-8131-38d88cee2b7a" testName="TestRetryFailures" computerName="PRANAY-TEST" duration="00:00:00.6928550" startTime="2014-08-08T11:39:24.5638691-07:00" endTime="2014-08-08T11:39:25.2568691-07:00" testType="13cdc9d9-ddb5-4fa4-a97d-d965ccfc6d4b" outcome="Passed" testListId="8c84fa94-04c1-424b-9868-57a2d4851a1d" relativeResultsDirectory="4ca6077c-59fb-45b8-b185-dfcf1b326c5e" />    <UnitTestResult executionId="5571d810-95d6-4c42-9da4-a9b22edde4c4" testId="bfd767b9-1af3-90da-2c44-b907df0646ff" testName="TestRetryFailureDueToTimeouts" computerName="PRANAY-TEST" duration="00:00:00.4996868" startTime="2014-08-08T11:39:25.2568691-07:00" endTime="2014-08-08T11:39:25.7568691-07:00" testType="13cdc9d9-ddb5-4fa4-a97d-d965ccfc6d4b" outcome="Passed" testListId="8c84fa94-04c1-424b-9868-57a2d4851a1d" relativeResultsDirectory="5571d810-95d6-4c42-9da4-a9b22edde4c4" />    <UnitTestResult executionId="713e28d2-bcae-49d6-b7f5-78e0b24a9672" testId="2d41973d-4d6b-fc48-e40b-f6f805d67a12" testName="TestRetryFailureAfterTimeouts" computerName="PRANAY-TEST" duration="00:00:02.8386011" startTime="2014-08-08T11:39:25.7578691-07:00" endTime="2014-08-08T11:39:28.5968691-07:00" testType="13cdc9d9-ddb5-4fa4-a97d-d965ccfc6d4b" outcome="Passed" testListId="8c84fa94-04c1-424b-9868-57a2d4851a1d" relativeResultsDirectory="713e28d2-bcae-49d6-b7f5-78e0b24a9672" />    <UnitTestResult executionId="288e7d32-3fe7-4727-b90b-a67647cb0b8f" testId="72f0acad-e72e-0760-4147-6e0c846804f0" testName="TestRetryPerformance" computerName="PRANAY-TEST" duration="00:01:42.4954985" startTime="2014-08-08T11:39:28.5968691-07:00" endTime="2014-08-08T11:41:11.0868691-07:00" testType="13cdc9d9-ddb5-4fa4-a97d-d965ccfc6d4b" outcome="Passed" testListId="8c84fa94-04c1-424b-9868-57a2d4851a1d" relativeResultsDirectory="288e7d32-3fe7-4727-b90b-a67647cb0b8f" />    <UnitTestResult executionId="e3e2e1bf-186a-4b76-8614-01fbf44e7705" testId="8902f795-8af8-dabc-8a1d-448d54679240" testName="TestErrorCodeAnalysis" computerName="PRANAY-TEST" duration="00:00:00.0034072" startTime="2014-08-08T11:41:11.0878691-07:00" endTime="2014-08-08T11:41:11.0918691-07:00" testType="13cdc9d9-ddb5-4fa4-a97d-d965ccfc6d4b" outcome="Passed" testListId="8c84fa94-04c1-424b-9868-57a2d4851a1d" relativeResultsDirectory="e3e2e1bf-186a-4b76-8614-01fbf44e7705" />    <UnitTestResult executionId="3c9a2b77-02fd-4194-ad3c-5b7ec922249a" testId="63b7abc0-64ca-0d16-59ff-ec759d5563ba" testName="TestCreatingCompositionInstances" computerName="PRANAY-TEST" duration="00:00:00.4214109" startTime="2014-08-08T11:41:11.0918691-07:00" endTime="2014-08-08T11:41:11.5138691-07:00" testType="13cdc9d9-ddb5-4fa4-a97d-d965ccfc6d4b" outcome="Passed" testListId="8c84fa94-04c1-424b-9868-57a2d4851a1d" relativeResultsDirectory="3c9a2b77-02fd-4194-ad3c-5b7ec922249a" />    <UnitTestResult executionId="011f009e-98e1-45fe-a5d4-54df382b02d8" testId="5c3fad22-5102-f075-bd76-815a8eb6e2e5" testName="TestPerformanceNonSharedCreationPolicy" computerName="PRANAY-TEST" duration="00:08:07.3020600" startTime="2014-08-08T11:41:11.5148691-07:00" endTime="2014-08-08T11:49:18.7908691-07:00" testType="13cdc9d9-ddb5-4fa4-a97d-d965ccfc6d4b" outcome="Failed" testListId="8c84fa94-04c1-424b-9868-57a2d4851a1d" relativeResultsDirectory="011f009e-98e1-45fe-a5d4-54df382b02d8">      <Output>        <ErrorInfo>          <Message>Assert.IsTrue failed. </Message>          <StackTrace>   at Microsoft.ActiveDirectory.Connector.Test.TestComposition.TestPerformanceNonSharedCreationPolicy() in f:\src\Adiam_Cloud_Nightly_Tester\sources\test\Services\SyncFabric\Controller\UnitTests\TestUtility\TestCompostition.cs:line 92</StackTrace>        </ErrorInfo>      </Output>    </UnitTestResult>    <UnitTestResult executionId="f07756e9-e835-4f8d-a39b-5949ac7cd743" testId="67341bb2-389c-12c2-cf9f-64ead8995ff0" testName="TestCancellationExceptions" computerName="PRANAY-TEST" duration="00:00:00.0041140" startTime="2014-08-08T11:49:18.7918691-07:00" endTime="2014-08-08T11:49:18.7958691-07:00" testType="13cdc9d9-ddb5-4fa4-a97d-d965ccfc6d4b" outcome="Passed" testListId="8c84fa94-04c1-424b-9868-57a2d4851a1d" relativeResultsDirectory="f07756e9-e835-4f8d-a39b-5949ac7cd743" />    <UnitTestResult executionId="62021d03-a428-454b-bedb-e6a9c426af15" testId="41c8c9cb-e9f5-7580-1483-353f9ee32474" testName="TestExceptionCombineMessages" computerName="PRANAY-TEST" duration="00:00:00.0053559" startTime="2014-08-08T11:49:18.7958691-07:00" endTime="2014-08-08T11:49:18.8018691-07:00" testType="13cdc9d9-ddb5-4fa4-a97d-d965ccfc6d4b" outcome="Passed" testListId="8c84fa94-04c1-424b-9868-57a2d4851a1d" relativeResultsDirectory="62021d03-a428-454b-bedb-e6a9c426af15" />    <UnitTestResult executionId="2f1f04cd-830f-4315-915a-12c54c481e92" testId="1f57f1d1-6d9f-cf06-ba55-bd8fedd80a52" testName="TestExceptionExtractMessagesMultipleIterations" computerName="PRANAY-TEST" duration="00:00:01.8102775" startTime="2014-08-08T11:49:18.8018691-07:00" endTime="2014-08-08T11:49:20.6118691-07:00" testType="13cdc9d9-ddb5-4fa4-a97d-d965ccfc6d4b" outcome="Passed" testListId="8c84fa94-04c1-424b-9868-57a2d4851a1d" relativeResultsDirectory="2f1f04cd-830f-4315-915a-12c54c481e92" />    <UnitTestResult executionId="984e2b8b-b4d3-4cdf-9854-a9b92bfe67e3" testId="5e1dd0dc-81b4-3655-1371-793d50ff80a0" testName="TestReportableMessage" computerName="PRANAY-TEST" duration="00:00:00.0015240" startTime="2014-08-08T11:49:20.6128691-07:00" endTime="2014-08-08T11:49:20.6138691-07:00" testType="13cdc9d9-ddb5-4fa4-a97d-d965ccfc6d4b" outcome="Passed" testListId="8c84fa94-04c1-424b-9868-57a2d4851a1d" relativeResultsDirectory="984e2b8b-b4d3-4cdf-9854-a9b92bfe67e3" />    <UnitTestResult executionId="66b33a04-9531-411c-99d4-64242e7e9116" testId="93df08de-7565-8a05-b95e-61c3fa867e52" testName="TestTransientExceptions" computerName="PRANAY-TEST" duration="00:00:00.0018258" startTime="2014-08-08T11:49:20.6138691-07:00" endTime="2014-08-08T11:49:20.6158691-07:00" testType="13cdc9d9-ddb5-4fa4-a97d-d965ccfc6d4b" outcome="Passed" testListId="8c84fa94-04c1-424b-9868-57a2d4851a1d" relativeResultsDirectory="66b33a04-9531-411c-99d4-64242e7e9116" />    <UnitTestResult executionId="68c5bc8b-cff4-4d9a-93d0-40d5da516c16" testId="01c4307c-810d-ead0-03a4-42dfbfd66e32" testName="TestTsgIdentifierExtraction" computerName="PRANAY-TEST" duration="00:00:00.0028078" startTime="2014-08-08T11:49:20.6158691-07:00" endTime="2014-08-08T11:49:20.6188691-07:00" testType="13cdc9d9-ddb5-4fa4-a97d-d965ccfc6d4b" outcome="Passed" testListId="8c84fa94-04c1-424b-9868-57a2d4851a1d" relativeResultsDirectory="68c5bc8b-cff4-4d9a-93d0-40d5da516c16" />    <UnitTestResult executionId="98df87af-1a2b-4ad6-a4e1-02c9cdb081dc" testId="f4183073-d09d-07ee-a5b0-58385b38f93f" testName="TestErrorCodeExtraction" computerName="PRANAY-TEST" duration="00:00:00.0064953" startTime="2014-08-08T11:49:20.6188691-07:00" endTime="2014-08-08T11:49:20.6258691-07:00" testType="13cdc9d9-ddb5-4fa4-a97d-d965ccfc6d4b" outcome="Passed" testListId="8c84fa94-04c1-424b-9868-57a2d4851a1d" relativeResultsDirectory="98df87af-1a2b-4ad6-a4e1-02c9cdb081dc" />    <UnitTestResult executionId="f205a1e3-44b2-412f-bdf2-d1721d48313e" testId="1ffadd00-49e6-1d0b-b6ad-ba9dc70a3b2a" testName="TestHasException" computerName="PRANAY-TEST" duration="00:00:00.0007075" startTime="2014-08-08T11:49:20.6258691-07:00" endTime="2014-08-08T11:49:20.6268691-07:00" testType="13cdc9d9-ddb5-4fa4-a97d-d965ccfc6d4b" outcome="Passed" testListId="8c84fa94-04c1-424b-9868-57a2d4851a1d" relativeResultsDirectory="f205a1e3-44b2-412f-bdf2-d1721d48313e" />    <UnitTestResult executionId="f8ceca5a-7a00-43d9-b51c-98054f2d4fd9" testId="be33f02f-90c5-8d1d-2e15-5dce23b10aff" testName="TestQuarantineExceptions" computerName="PRANAY-TEST" duration="00:00:00.0024837" startTime="2014-08-08T11:49:20.6268691-07:00" endTime="2014-08-08T11:49:20.6298691-07:00" testType="13cdc9d9-ddb5-4fa4-a97d-d965ccfc6d4b" outcome="Passed" testListId="8c84fa94-04c1-424b-9868-57a2d4851a1d" relativeResultsDirectory="f8ceca5a-7a00-43d9-b51c-98054f2d4fd9" />    <UnitTestResult executionId="5c1d8f52-effa-4da4-9d2a-207b7b5ec9d9" testId="3f1b217c-ce32-02ce-56f4-29c36a11fe8b" testName="TestSalesforceExceptionAnalyzer" computerName="PRANAY-TEST" duration="00:00:00.0020891" startTime="2014-08-08T11:49:20.6298691-07:00" endTime="2014-08-08T11:49:20.6318691-07:00" testType="13cdc9d9-ddb5-4fa4-a97d-d965ccfc6d4b" outcome="Passed" testListId="8c84fa94-04c1-424b-9868-57a2d4851a1d" relativeResultsDirectory="5c1d8f52-effa-4da4-9d2a-207b7b5ec9d9" />    <UnitTestResult executionId="62a6955f-8bcc-4303-b45c-9bf5f53d1881" testId="928ea2b7-a9a7-ac6c-dd81-6ffe0539a38c" testName="TestComputeHash" computerName="PRANAY-TEST" duration="00:00:00.0019648" startTime="2014-08-08T11:49:20.6318691-07:00" endTime="2014-08-08T11:49:20.6348691-07:00" testType="13cdc9d9-ddb5-4fa4-a97d-d965ccfc6d4b" outcome="Passed" testListId="8c84fa94-04c1-424b-9868-57a2d4851a1d" relativeResultsDirectory="62a6955f-8bcc-4303-b45c-9bf5f53d1881" />    <UnitTestResult executionId="185a14ca-fe79-4657-9e5c-f74c55ae6ffc" testId="f1bf8ea0-62e7-5b8c-5be1-232bb02aea7f" testName="TestBaseline" computerName="PRANAY-TEST" duration="00:00:00.0071736" startTime="2014-08-08T11:49:20.6348691-07:00" endTime="2014-08-08T11:49:20.6418691-07:00" testType="13cdc9d9-ddb5-4fa4-a97d-d965ccfc6d4b" outcome="Passed" testListId="8c84fa94-04c1-424b-9868-57a2d4851a1d" relativeResultsDirectory="185a14ca-fe79-4657-9e5c-f74c55ae6ffc" />    <UnitTestResult executionId="ed3e30ba-3257-4651-ad67-849da6f666d6" testId="5f62350a-10ba-3b9a-08a4-9fc5e69ce9f3" testName="TestProduce" computerName="PRANAY-TEST" duration="00:00:00.0071501" startTime="2014-08-08T11:49:20.6428691-07:00" endTime="2014-08-08T11:49:20.6498691-07:00" testType="13cdc9d9-ddb5-4fa4-a97d-d965ccfc6d4b" outcome="Passed" testListId="8c84fa94-04c1-424b-9868-57a2d4851a1d" relativeResultsDirectory="ed3e30ba-3257-4651-ad67-849da6f666d6" />    <UnitTestResult executionId="b9f41156-cbeb-4164-bc00-2591643b7efd" testId="3802393f-9585-399f-110c-df12751411e5" testName="TestProduceBatch" computerName="PRANAY-TEST" duration="00:00:00.0051418" startTime="2014-08-08T11:49:20.6498691-07:00" endTime="2014-08-08T11:49:20.6548691-07:00" testType="13cdc9d9-ddb5-4fa4-a97d-d965ccfc6d4b" outcome="Passed" testListId="8c84fa94-04c1-424b-9868-57a2d4851a1d" relativeResultsDirectory="b9f41156-cbeb-4164-bc00-2591643b7efd" />    <UnitTestResult executionId="3f61a498-6cd3-4dc5-adbb-5eec427ad23b" testId="77bc26e2-45ec-0946-d587-e258b06c0295" testName="TestRunProfileSerialization" computerName="PRANAY-TEST" duration="00:00:01.1340388" startTime="2014-08-08T11:49:20.6558691-07:00" endTime="2014-08-08T11:49:21.7898691-07:00" testType="13cdc9d9-ddb5-4fa4-a97d-d965ccfc6d4b" outcome="Passed" testListId="8c84fa94-04c1-424b-9868-57a2d4851a1d" relativeResultsDirectory="3f61a498-6cd3-4dc5-adbb-5eec427ad23b" />    <UnitTestResult executionId="9282627a-e95f-43ae-9d74-99653cce960f" testId="b9013459-0683-4107-03c8-1f45aea2a22f" testName="TestBoolSerialization" computerName="PRANAY-TEST" duration="00:00:00.0031728" startTime="2014-08-08T11:49:21.7898691-07:00" endTime="2014-08-08T11:49:21.7928691-07:00" testType="13cdc9d9-ddb5-4fa4-a97d-d965ccfc6d4b" outcome="Passed" testListId="8c84fa94-04c1-424b-9868-57a2d4851a1d" relativeResultsDirectory="9282627a-e95f-43ae-9d74-99653cce960f" />    <UnitTestResult executionId="916b59ff-4d39-4b60-af3e-90a562bb578a" testId="c0f91bda-25a9-ecce-1604-5f5aceae79d4" testName="TestDoubleSerialization" computerName="PRANAY-TEST" duration="00:00:00.0037152" startTime="2014-08-08T11:49:21.7938691-07:00" endTime="2014-08-08T11:49:21.7978691-07:00" testType="13cdc9d9-ddb5-4fa4-a97d-d965ccfc6d4b" outcome="Passed" testListId="8c84fa94-04c1-424b-9868-57a2d4851a1d" relativeResultsDirectory="916b59ff-4d39-4b60-af3e-90a562bb578a" />    <UnitTestResult executionId="a98ad2e6-ee15-4435-979a-77bf0ab65407" testId="c563191c-7742-f6ef-d04d-8d1bd3a76cd8" testName="TestEnumerableSerialization" computerName="PRANAY-TEST" duration="00:00:00.0314521" startTime="2014-08-08T11:49:21.7978691-07:00" endTime="2014-08-08T11:49:21.8288691-07:00" testType="13cdc9d9-ddb5-4fa4-a97d-d965ccfc6d4b" outcome="Passed" testListId="8c84fa94-04c1-424b-9868-57a2d4851a1d" relativeResultsDirectory="a98ad2e6-ee15-4435-979a-77bf0ab65407" />    <UnitTestResult executionId="cc734390-5597-44d5-83da-e2ea06a53d26" testId="781c2832-1c33-fd33-f3ec-f714ea63693b" testName="TestFloatSerialization" computerName="PRANAY-TEST" duration="00:00:00.0038056" startTime="2014-08-08T11:49:21.8288691-07:00" endTime="2014-08-08T11:49:21.8328691-07:00" testType="13cdc9d9-ddb5-4fa4-a97d-d965ccfc6d4b" outcome="Passed" testListId="8c84fa94-04c1-424b-9868-57a2d4851a1d" relativeResultsDirectory="cc734390-5597-44d5-83da-e2ea06a53d26" />    <UnitTestResult executionId="19376321-0d87-4b91-b54a-4b36f9c5468d" testId="122d7de3-dbe7-5624-ab93-c49791e7087e" testName="TestGuidSerialization" computerName="PRANAY-TEST" duration="00:00:00.0030784" startTime="2014-08-08T11:49:21.8338691-07:00" endTime="2014-08-08T11:49:21.8368691-07:00" testType="13cdc9d9-ddb5-4fa4-a97d-d965ccfc6d4b" outcome="Passed" testListId="8c84fa94-04c1-424b-9868-57a2d4851a1d" relativeResultsDirectory="19376321-0d87-4b91-b54a-4b36f9c5468d" />    <UnitTestResult executionId="b10f4ba6-5537-43cb-8da4-4e9ab5d2ae28" testId="c16153a9-5a5b-49f8-4bcd-7c2e70587a67" testName="TestIntSerialization" computerName="PRANAY-TEST" duration="00:00:00.0029245" startTime="2014-08-08T11:49:21.8368691-07:00" endTime="2014-08-08T11:49:21.8398691-07:00" testType="13cdc9d9-ddb5-4fa4-a97d-d965ccfc6d4b" outcome="Passed" testListId="8c84fa94-04c1-424b-9868-57a2d4851a1d" relativeResultsDirectory="b10f4ba6-5537-43cb-8da4-4e9ab5d2ae28" />    <UnitTestResult executionId="0c70e2be-f3b5-4686-b873-0d6f15286ee6" testId="3154abfa-7de5-474a-2fcd-9eed58aadd2d" testName="TestLongSerialization" computerName="PRANAY-TEST" duration="00:00:00.0048339" startTime="2014-08-08T11:49:21.8398691-07:00" endTime="2014-08-08T11:49:21.8448691-07:00" testType="13cdc9d9-ddb5-4fa4-a97d-d965ccfc6d4b" outcome="Passed" testListId="8c84fa94-04c1-424b-9868-57a2d4851a1d" relativeResultsDirectory="0c70e2be-f3b5-4686-b873-0d6f15286ee6" />    <UnitTestResult executionId="517b5a18-e6f3-4272-95cc-d4425513d036" testId="f655edef-b397-8754-f377-655e295670e9" testName="TestUserInformationSerialization" computerName="PRANAY-TEST" duration="00:00:00.0037760" startTime="2014-08-08T11:49:21.8448691-07:00" endTime="2014-08-08T11:49:21.8488691-07:00" testType="13cdc9d9-ddb5-4fa4-a97d-d965ccfc6d4b" outcome="Passed" testListId="8c84fa94-04c1-424b-9868-57a2d4851a1d" relativeResultsDirectory="517b5a18-e6f3-4272-95cc-d4425513d036" />  </Results>  <TestDefinitions>    <UnitTest name="TestAdaptiveConfiguration" storage="f:\src\adiam_cloud_nightly_tester\bins\debug\amd64\syncfabric\tests\testutility\microsoft.activedirectory.connector.test.testutility.dll" id="75720ab4-f3f2-7d55-c8bf-e0dca9802992">      <Execution id="1fc23103-d65e-4cc7-8cc6-0673a4966baf" />      <TestMethod codeBase="f:\src\Adiam_Cloud_Nightly_Tester\bins\debug\amd64\SyncFabric\Tests\TestUtility\Microsoft.ActiveDirectory.Connector.Test.TestUtility.dll" adapterTypeName="Microsoft.VisualStudio.TestTools.TestTypes.Unit.UnitTestAdapter" className="Microsoft.ActiveDirectory.Connector.Test.AdaptiveConfigurationUnitTest" name="TestAdaptiveConfiguration" />    </UnitTest>    <UnitTest name="TestCancelationEvaluation" storage="f:\src\adiam_cloud_nightly_tester\bins\debug\amd64\syncfabric\tests\testutility\microsoft.activedirectory.connector.test.testutility.dll" id="a8f1e1a3-9eae-6ca1-b213-e197d1e29374">      <Execution id="c75b93ff-3f33-448d-ad08-9ed567c08c76" />      <TestMethod codeBase="f:\src\Adiam_Cloud_Nightly_Tester\bins\debug\amd64\SyncFabric\Tests\TestUtility\Microsoft.ActiveDirectory.Connector.Test.TestUtility.dll" adapterTypeName="Microsoft.VisualStudio.TestTools.TestTypes.Unit.UnitTestAdapter" className="Microsoft.ActiveDirectory.Connector.Test.CancellationTokenHelperUnitTest" name="TestCancelationEvaluation" />    </UnitTest>    <UnitTest name="TestErrorCodeMapping" storage="f:\src\adiam_cloud_nightly_tester\bins\debug\amd64\syncfabric\tests\testutility\microsoft.activedirectory.connector.test.testutility.dll" id="5e9f656b-abbd-49d4-49d8-9a4155812043">      <Execution id="d2438a60-1ba9-4004-a638-038df9e1f63b" />      <TestMethod codeBase="f:\src\Adiam_Cloud_Nightly_Tester\bins\debug\amd64\SyncFabric\Tests\TestUtility\Microsoft.ActiveDirectory.Connector.Test.TestUtility.dll" adapterTypeName="Microsoft.VisualStudio.TestTools.TestTypes.Unit.UnitTestAdapter" className="Microsoft.ActiveDirectory.Connector.Test.SyncFabricExceptionUnitTest" name="TestErrorCodeMapping" />    </UnitTest>    <UnitTest name="TestRetrySuccessful" storage="f:\src\adiam_cloud_nightly_tester\bins\debug\amd64\syncfabric\tests\testutility\microsoft.activedirectory.connector.test.testutility.dll" id="7b463b21-9338-41eb-2018-847a0a5550f3">      <Execution id="071c2ebd-7d1e-4981-857d-fe39d8d9e2f1" />      <TestMethod codeBase="f:\src\Adiam_Cloud_Nightly_Tester\bins\debug\amd64\SyncFabric\Tests\TestUtility\Microsoft.ActiveDirectory.Connector.Test.TestUtility.dll" adapterTypeName="Microsoft.VisualStudio.TestTools.TestTypes.Unit.UnitTestAdapter" className="Microsoft.ActiveDirectory.Connector.Test.TestRetryHelper" name="TestRetrySuccessful" />    </UnitTest>    <UnitTest name="TestRetryFailures" storage="f:\src\adiam_cloud_nightly_tester\bins\debug\amd64\syncfabric\tests\testutility\microsoft.activedirectory.connector.test.testutility.dll" id="07b817e1-dff8-3b20-8131-38d88cee2b7a">      <Execution id="4ca6077c-59fb-45b8-b185-dfcf1b326c5e" />      <TestMethod codeBase="f:\src\Adiam_Cloud_Nightly_Tester\bins\debug\amd64\SyncFabric\Tests\TestUtility\Microsoft.ActiveDirectory.Connector.Test.TestUtility.dll" adapterTypeName="Microsoft.VisualStudio.TestTools.TestTypes.Unit.UnitTestAdapter" className="Microsoft.ActiveDirectory.Connector.Test.TestRetryHelper" name="TestRetryFailures" />    </UnitTest>    <UnitTest name="TestRetryFailureDueToTimeouts" storage="f:\src\adiam_cloud_nightly_tester\bins\debug\amd64\syncfabric\tests\testutility\microsoft.activedirectory.connector.test.testutility.dll" id="bfd767b9-1af3-90da-2c44-b907df0646ff">      <Execution id="5571d810-95d6-4c42-9da4-a9b22edde4c4" />      <TestMethod codeBase="f:\src\Adiam_Cloud_Nightly_Tester\bins\debug\amd64\SyncFabric\Tests\TestUtility\Microsoft.ActiveDirectory.Connector.Test.TestUtility.dll" adapterTypeName="Microsoft.VisualStudio.TestTools.TestTypes.Unit.UnitTestAdapter" className="Microsoft.ActiveDirectory.Connector.Test.TestRetryHelper" name="TestRetryFailureDueToTimeouts" />    </UnitTest>    <UnitTest name="TestRetryFailureAfterTimeouts" storage="f:\src\adiam_cloud_nightly_tester\bins\debug\amd64\syncfabric\tests\testutility\microsoft.activedirectory.connector.test.testutility.dll" id="2d41973d-4d6b-fc48-e40b-f6f805d67a12">      <Execution id="713e28d2-bcae-49d6-b7f5-78e0b24a9672" />      <TestMethod codeBase="f:\src\Adiam_Cloud_Nightly_Tester\bins\debug\amd64\SyncFabric\Tests\TestUtility\Microsoft.ActiveDirectory.Connector.Test.TestUtility.dll" adapterTypeName="Microsoft.VisualStudio.TestTools.TestTypes.Unit.UnitTestAdapter" className="Microsoft.ActiveDirectory.Connector.Test.TestRetryHelper" name="TestRetryFailureAfterTimeouts" />    </UnitTest>    <UnitTest name="TestRetryPerformance" storage="f:\src\adiam_cloud_nightly_tester\bins\debug\amd64\syncfabric\tests\testutility\microsoft.activedirectory.connector.test.testutility.dll" id="72f0acad-e72e-0760-4147-6e0c846804f0">      <Execution id="288e7d32-3fe7-4727-b90b-a67647cb0b8f" />      <TestMethod codeBase="f:\src\Adiam_Cloud_Nightly_Tester\bins\debug\amd64\SyncFabric\Tests\TestUtility\Microsoft.ActiveDirectory.Connector.Test.TestUtility.dll" adapterTypeName="Microsoft.VisualStudio.TestTools.TestTypes.Unit.UnitTestAdapter" className="Microsoft.ActiveDirectory.Connector.Test.TestRetryHelper" name="TestRetryPerformance" />    </UnitTest>    <UnitTest name="TestErrorCodeAnalysis" storage="f:\src\adiam_cloud_nightly_tester\bins\debug\amd64\syncfabric\tests\testutility\microsoft.activedirectory.connector.test.testutility.dll" id="8902f795-8af8-dabc-8a1d-448d54679240">      <Execution id="e3e2e1bf-186a-4b76-8614-01fbf44e7705" />      <TestMethod codeBase="f:\src\Adiam_Cloud_Nightly_Tester\bins\debug\amd64\SyncFabric\Tests\TestUtility\Microsoft.ActiveDirectory.Connector.Test.TestUtility.dll" adapterTypeName="Microsoft.VisualStudio.TestTools.TestTypes.Unit.UnitTestAdapter" className="Microsoft.ActiveDirectory.Connector.Test.HttpResponseStatusCodeAnalyzerUnitTest" name="TestErrorCodeAnalysis" />    </UnitTest>    <UnitTest name="TestCreatingCompositionInstances" storage="f:\src\adiam_cloud_nightly_tester\bins\debug\amd64\syncfabric\tests\testutility\microsoft.activedirectory.connector.test.testutility.dll" id="63b7abc0-64ca-0d16-59ff-ec759d5563ba">      <Execution id="3c9a2b77-02fd-4194-ad3c-5b7ec922249a" />      <TestMethod codeBase="f:\src\Adiam_Cloud_Nightly_Tester\bins\debug\amd64\SyncFabric\Tests\TestUtility\Microsoft.ActiveDirectory.Connector.Test.TestUtility.dll" adapterTypeName="Microsoft.VisualStudio.TestTools.TestTypes.Unit.UnitTestAdapter" className="Microsoft.ActiveDirectory.Connector.Test.TestComposition" name="TestCreatingCompositionInstances" />    </UnitTest>    <UnitTest name="TestPerformanceNonSharedCreationPolicy" storage="f:\src\adiam_cloud_nightly_tester\bins\debug\amd64\syncfabric\tests\testutility\microsoft.activedirectory.connector.test.testutility.dll" id="5c3fad22-5102-f075-bd76-815a8eb6e2e5">      <Execution id="011f009e-98e1-45fe-a5d4-54df382b02d8" />      <TestMethod codeBase="f:\src\Adiam_Cloud_Nightly_Tester\bins\debug\amd64\SyncFabric\Tests\TestUtility\Microsoft.ActiveDirectory.Connector.Test.TestUtility.dll" adapterTypeName="Microsoft.VisualStudio.TestTools.TestTypes.Unit.UnitTestAdapter" className="Microsoft.ActiveDirectory.Connector.Test.TestComposition" name="TestPerformanceNonSharedCreationPolicy" />    </UnitTest>    <UnitTest name="TestCancellationExceptions" storage="f:\src\adiam_cloud_nightly_tester\bins\debug\amd64\syncfabric\tests\testutility\microsoft.activedirectory.connector.test.testutility.dll" id="67341bb2-389c-12c2-cf9f-64ead8995ff0">      <Execution id="f07756e9-e835-4f8d-a39b-5949ac7cd743" />      <TestMethod codeBase="f:\src\Adiam_Cloud_Nightly_Tester\bins\debug\amd64\SyncFabric\Tests\TestUtility\Microsoft.ActiveDirectory.Connector.Test.TestUtility.dll" adapterTypeName="Microsoft.VisualStudio.TestTools.TestTypes.Unit.UnitTestAdapter" className="Microsoft.ActiveDirectory.Connector.Test.ExceptionAnalyzerUnitTest" name="TestCancellationExceptions" />    </UnitTest>    <UnitTest name="TestExceptionCombineMessages" storage="f:\src\adiam_cloud_nightly_tester\bins\debug\amd64\syncfabric\tests\testutility\microsoft.activedirectory.connector.test.testutility.dll" id="41c8c9cb-e9f5-7580-1483-353f9ee32474">      <Execution id="62021d03-a428-454b-bedb-e6a9c426af15" />      <TestMethod codeBase="f:\src\Adiam_Cloud_Nightly_Tester\bins\debug\amd64\SyncFabric\Tests\TestUtility\Microsoft.ActiveDirectory.Connector.Test.TestUtility.dll" adapterTypeName="Microsoft.VisualStudio.TestTools.TestTypes.Unit.UnitTestAdapter" className="Microsoft.ActiveDirectory.Connector.Test.ExceptionAnalyzerUnitTest" name="TestExceptionCombineMessages" />    </UnitTest>    <UnitTest name="TestExceptionExtractMessagesMultipleIterations" storage="f:\src\adiam_cloud_nightly_tester\bins\debug\amd64\syncfabric\tests\testutility\microsoft.activedirectory.connector.test.testutility.dll" id="1f57f1d1-6d9f-cf06-ba55-bd8fedd80a52">      <Execution id="2f1f04cd-830f-4315-915a-12c54c481e92" />      <TestMethod codeBase="f:\src\Adiam_Cloud_Nightly_Tester\bins\debug\amd64\SyncFabric\Tests\TestUtility\Microsoft.ActiveDirectory.Connector.Test.TestUtility.dll" adapterTypeName="Microsoft.VisualStudio.TestTools.TestTypes.Unit.UnitTestAdapter" className="Microsoft.ActiveDirectory.Connector.Test.ExceptionAnalyzerUnitTest" name="TestExceptionExtractMessagesMultipleIterations" />    </UnitTest>    <UnitTest name="TestReportableMessage" storage="f:\src\adiam_cloud_nightly_tester\bins\debug\amd64\syncfabric\tests\testutility\microsoft.activedirectory.connector.test.testutility.dll" id="5e1dd0dc-81b4-3655-1371-793d50ff80a0">      <Execution id="984e2b8b-b4d3-4cdf-9854-a9b92bfe67e3" />      <TestMethod codeBase="f:\src\Adiam_Cloud_Nightly_Tester\bins\debug\amd64\SyncFabric\Tests\TestUtility\Microsoft.ActiveDirectory.Connector.Test.TestUtility.dll" adapterTypeName="Microsoft.VisualStudio.TestTools.TestTypes.Unit.UnitTestAdapter" className="Microsoft.ActiveDirectory.Connector.Test.ExceptionAnalyzerUnitTest" name="TestReportableMessage" />    </UnitTest>    <UnitTest name="TestTransientExceptions" storage="f:\src\adiam_cloud_nightly_tester\bins\debug\amd64\syncfabric\tests\testutility\microsoft.activedirectory.connector.test.testutility.dll" id="93df08de-7565-8a05-b95e-61c3fa867e52">      <Execution id="66b33a04-9531-411c-99d4-64242e7e9116" />      <TestMethod codeBase="f:\src\Adiam_Cloud_Nightly_Tester\bins\debug\amd64\SyncFabric\Tests\TestUtility\Microsoft.ActiveDirectory.Connector.Test.TestUtility.dll" adapterTypeName="Microsoft.VisualStudio.TestTools.TestTypes.Unit.UnitTestAdapter" className="Microsoft.ActiveDirectory.Connector.Test.ExceptionAnalyzerUnitTest" name="TestTransientExceptions" />    </UnitTest>    <UnitTest name="TestTsgIdentifierExtraction" storage="f:\src\adiam_cloud_nightly_tester\bins\debug\amd64\syncfabric\tests\testutility\microsoft.activedirectory.connector.test.testutility.dll" id="01c4307c-810d-ead0-03a4-42dfbfd66e32">      <Execution id="68c5bc8b-cff4-4d9a-93d0-40d5da516c16" />      <TestMethod codeBase="f:\src\Adiam_Cloud_Nightly_Tester\bins\debug\amd64\SyncFabric\Tests\TestUtility\Microsoft.ActiveDirectory.Connector.Test.TestUtility.dll" adapterTypeName="Microsoft.VisualStudio.TestTools.TestTypes.Unit.UnitTestAdapter" className="Microsoft.ActiveDirectory.Connector.Test.ExceptionAnalyzerUnitTest" name="TestTsgIdentifierExtraction" />    </UnitTest>    <UnitTest name="TestErrorCodeExtraction" storage="f:\src\adiam_cloud_nightly_tester\bins\debug\amd64\syncfabric\tests\testutility\microsoft.activedirectory.connector.test.testutility.dll" id="f4183073-d09d-07ee-a5b0-58385b38f93f">      <Execution id="98df87af-1a2b-4ad6-a4e1-02c9cdb081dc" />      <TestMethod codeBase="f:\src\Adiam_Cloud_Nightly_Tester\bins\debug\amd64\SyncFabric\Tests\TestUtility\Microsoft.ActiveDirectory.Connector.Test.TestUtility.dll" adapterTypeName="Microsoft.VisualStudio.TestTools.TestTypes.Unit.UnitTestAdapter" className="Microsoft.ActiveDirectory.Connector.Test.ExceptionAnalyzerUnitTest" name="TestErrorCodeExtraction" />    </UnitTest>    <UnitTest name="TestHasException" storage="f:\src\adiam_cloud_nightly_tester\bins\debug\amd64\syncfabric\tests\testutility\microsoft.activedirectory.connector.test.testutility.dll" id="1ffadd00-49e6-1d0b-b6ad-ba9dc70a3b2a">      <Execution id="f205a1e3-44b2-412f-bdf2-d1721d48313e" />      <TestMethod codeBase="f:\src\Adiam_Cloud_Nightly_Tester\bins\debug\amd64\SyncFabric\Tests\TestUtility\Microsoft.ActiveDirectory.Connector.Test.TestUtility.dll" adapterTypeName="Microsoft.VisualStudio.TestTools.TestTypes.Unit.UnitTestAdapter" className="Microsoft.ActiveDirectory.Connector.Test.ExceptionAnalyzerUnitTest" name="TestHasException" />    </UnitTest>    <UnitTest name="TestQuarantineExceptions" storage="f:\src\adiam_cloud_nightly_tester\bins\debug\amd64\syncfabric\tests\testutility\microsoft.activedirectory.connector.test.testutility.dll" id="be33f02f-90c5-8d1d-2e15-5dce23b10aff">      <Execution id="f8ceca5a-7a00-43d9-b51c-98054f2d4fd9" />      <TestMethod codeBase="f:\src\Adiam_Cloud_Nightly_Tester\bins\debug\amd64\SyncFabric\Tests\TestUtility\Microsoft.ActiveDirectory.Connector.Test.TestUtility.dll" adapterTypeName="Microsoft.VisualStudio.TestTools.TestTypes.Unit.UnitTestAdapter" className="Microsoft.ActiveDirectory.Connector.Test.ExceptionAnalyzerUnitTest" name="TestQuarantineExceptions" />    </UnitTest>    <UnitTest name="TestSalesforceExceptionAnalyzer" storage="f:\src\adiam_cloud_nightly_tester\bins\debug\amd64\syncfabric\tests\testutility\microsoft.activedirectory.connector.test.testutility.dll" id="3f1b217c-ce32-02ce-56f4-29c36a11fe8b">      <Execution id="5c1d8f52-effa-4da4-9d2a-207b7b5ec9d9" />      <TestMethod codeBase="f:\src\Adiam_Cloud_Nightly_Tester\bins\debug\amd64\SyncFabric\Tests\TestUtility\Microsoft.ActiveDirectory.Connector.Test.TestUtility.dll" adapterTypeName="Microsoft.VisualStudio.TestTools.TestTypes.Unit.UnitTestAdapter" className="Microsoft.ActiveDirectory.Connector.Test.ExceptionAnalyzerUnitTest" name="TestSalesforceExceptionAnalyzer" />    </UnitTest>    <UnitTest name="TestComputeHash" storage="f:\src\adiam_cloud_nightly_tester\bins\debug\amd64\syncfabric\tests\testutility\microsoft.activedirectory.connector.test.testutility.dll" id="928ea2b7-a9a7-ac6c-dd81-6ffe0539a38c">      <Execution id="62a6955f-8bcc-4303-b45c-9bf5f53d1881" />      <TestMethod codeBase="f:\src\Adiam_Cloud_Nightly_Tester\bins\debug\amd64\SyncFabric\Tests\TestUtility\Microsoft.ActiveDirectory.Connector.Test.TestUtility.dll" adapterTypeName="Microsoft.VisualStudio.TestTools.TestTypes.Unit.UnitTestAdapter" className="Microsoft.ActiveDirectory.Connector.Test.HashExtensionUnitTest" name="TestComputeHash" />    </UnitTest>    <UnitTest name="TestBaseline" storage="f:\src\adiam_cloud_nightly_tester\bins\debug\amd64\syncfabric\tests\testutility\microsoft.activedirectory.connector.test.testutility.dll" id="f1bf8ea0-62e7-5b8c-5be1-232bb02aea7f">      <Execution id="185a14ca-fe79-4657-9e5c-f74c55ae6ffc" />      <TestMethod codeBase="f:\src\Adiam_Cloud_Nightly_Tester\bins\debug\amd64\SyncFabric\Tests\TestUtility\Microsoft.ActiveDirectory.Connector.Test.TestUtility.dll" adapterTypeName="Microsoft.VisualStudio.TestTools.TestTypes.Unit.UnitTestAdapter" className="Microsoft.ActiveDirectory.Connector.Test.ProducerConsumerQueueUnitTest" name="TestBaseline" />    </UnitTest>    <UnitTest name="TestProduce" storage="f:\src\adiam_cloud_nightly_tester\bins\debug\amd64\syncfabric\tests\testutility\microsoft.activedirectory.connector.test.testutility.dll" id="5f62350a-10ba-3b9a-08a4-9fc5e69ce9f3">      <Execution id="ed3e30ba-3257-4651-ad67-849da6f666d6" />      <TestMethod codeBase="f:\src\Adiam_Cloud_Nightly_Tester\bins\debug\amd64\SyncFabric\Tests\TestUtility\Microsoft.ActiveDirectory.Connector.Test.TestUtility.dll" adapterTypeName="Microsoft.VisualStudio.TestTools.TestTypes.Unit.UnitTestAdapter" className="Microsoft.ActiveDirectory.Connector.Test.ProducerConsumerQueueUnitTest" name="TestProduce" />    </UnitTest>    <UnitTest name="TestProduceBatch" storage="f:\src\adiam_cloud_nightly_tester\bins\debug\amd64\syncfabric\tests\testutility\microsoft.activedirectory.connector.test.testutility.dll" id="3802393f-9585-399f-110c-df12751411e5">      <Execution id="b9f41156-cbeb-4164-bc00-2591643b7efd" />      <TestMethod codeBase="f:\src\Adiam_Cloud_Nightly_Tester\bins\debug\amd64\SyncFabric\Tests\TestUtility\Microsoft.ActiveDirectory.Connector.Test.TestUtility.dll" adapterTypeName="Microsoft.VisualStudio.TestTools.TestTypes.Unit.UnitTestAdapter" className="Microsoft.ActiveDirectory.Connector.Test.ProducerConsumerQueueUnitTest" name="TestProduceBatch" />    </UnitTest>    <UnitTest name="TestRunProfileSerialization" storage="f:\src\adiam_cloud_nightly_tester\bins\debug\amd64\syncfabric\tests\testutility\microsoft.activedirectory.connector.test.testutility.dll" id="77bc26e2-45ec-0946-d587-e258b06c0295">      <Execution id="3f61a498-6cd3-4dc5-adbb-5eec427ad23b" />      <TestMethod codeBase="f:\src\Adiam_Cloud_Nightly_Tester\bins\debug\amd64\SyncFabric\Tests\TestUtility\Microsoft.ActiveDirectory.Connector.Test.TestUtility.dll" adapterTypeName="Microsoft.VisualStudio.TestTools.TestTypes.Unit.UnitTestAdapter" className="Microsoft.ActiveDirectory.Connector.Test.SerializerUnitTest" name="TestRunProfileSerialization" />    </UnitTest>    <UnitTest name="TestBoolSerialization" storage="f:\src\adiam_cloud_nightly_tester\bins\debug\amd64\syncfabric\tests\testutility\microsoft.activedirectory.connector.test.testutility.dll" id="b9013459-0683-4107-03c8-1f45aea2a22f">      <Execution id="9282627a-e95f-43ae-9d74-99653cce960f" />      <TestMethod codeBase="f:\src\Adiam_Cloud_Nightly_Tester\bins\debug\amd64\SyncFabric\Tests\TestUtility\Microsoft.ActiveDirectory.Connector.Test.TestUtility.dll" adapterTypeName="Microsoft.VisualStudio.TestTools.TestTypes.Unit.UnitTestAdapter" className="Microsoft.ActiveDirectory.Connector.Test.SerializerUnitTest" name="TestBoolSerialization" />    </UnitTest>    <UnitTest name="TestDoubleSerialization" storage="f:\src\adiam_cloud_nightly_tester\bins\debug\amd64\syncfabric\tests\testutility\microsoft.activedirectory.connector.test.testutility.dll" id="c0f91bda-25a9-ecce-1604-5f5aceae79d4">      <Execution id="916b59ff-4d39-4b60-af3e-90a562bb578a" />      <TestMethod codeBase="f:\src\Adiam_Cloud_Nightly_Tester\bins\debug\amd64\SyncFabric\Tests\TestUtility\Microsoft.ActiveDirectory.Connector.Test.TestUtility.dll" adapterTypeName="Microsoft.VisualStudio.TestTools.TestTypes.Unit.UnitTestAdapter" className="Microsoft.ActiveDirectory.Connector.Test.SerializerUnitTest" name="TestDoubleSerialization" />    </UnitTest>    <UnitTest name="TestEnumerableSerialization" storage="f:\src\adiam_cloud_nightly_tester\bins\debug\amd64\syncfabric\tests\testutility\microsoft.activedirectory.connector.test.testutility.dll" id="c563191c-7742-f6ef-d04d-8d1bd3a76cd8">      <Execution id="a98ad2e6-ee15-4435-979a-77bf0ab65407" />      <TestMethod codeBase="f:\src\Adiam_Cloud_Nightly_Tester\bins\debug\amd64\SyncFabric\Tests\TestUtility\Microsoft.ActiveDirectory.Connector.Test.TestUtility.dll" adapterTypeName="Microsoft.VisualStudio.TestTools.TestTypes.Unit.UnitTestAdapter" className="Microsoft.ActiveDirectory.Connector.Test.SerializerUnitTest" name="TestEnumerableSerialization" />    </UnitTest>    <UnitTest name="TestFloatSerialization" storage="f:\src\adiam_cloud_nightly_tester\bins\debug\amd64\syncfabric\tests\testutility\microsoft.activedirectory.connector.test.testutility.dll" id="781c2832-1c33-fd33-f3ec-f714ea63693b">      <Execution id="cc734390-5597-44d5-83da-e2ea06a53d26" />      <TestMethod codeBase="f:\src\Adiam_Cloud_Nightly_Tester\bins\debug\amd64\SyncFabric\Tests\TestUtility\Microsoft.ActiveDirectory.Connector.Test.TestUtility.dll" adapterTypeName="Microsoft.VisualStudio.TestTools.TestTypes.Unit.UnitTestAdapter" className="Microsoft.ActiveDirectory.Connector.Test.SerializerUnitTest" name="TestFloatSerialization" />    </UnitTest>    <UnitTest name="TestGuidSerialization" storage="f:\src\adiam_cloud_nightly_tester\bins\debug\amd64\syncfabric\tests\testutility\microsoft.activedirectory.connector.test.testutility.dll" id="122d7de3-dbe7-5624-ab93-c49791e7087e">      <Execution id="19376321-0d87-4b91-b54a-4b36f9c5468d" />      <TestMethod codeBase="f:\src\Adiam_Cloud_Nightly_Tester\bins\debug\amd64\SyncFabric\Tests\TestUtility\Microsoft.ActiveDirectory.Connector.Test.TestUtility.dll" adapterTypeName="Microsoft.VisualStudio.TestTools.TestTypes.Unit.UnitTestAdapter" className="Microsoft.ActiveDirectory.Connector.Test.SerializerUnitTest" name="TestGuidSerialization" />    </UnitTest>    <UnitTest name="TestIntSerialization" storage="f:\src\adiam_cloud_nightly_tester\bins\debug\amd64\syncfabric\tests\testutility\microsoft.activedirectory.connector.test.testutility.dll" id="c16153a9-5a5b-49f8-4bcd-7c2e70587a67">      <Execution id="b10f4ba6-5537-43cb-8da4-4e9ab5d2ae28" />      <TestMethod codeBase="f:\src\Adiam_Cloud_Nightly_Tester\bins\debug\amd64\SyncFabric\Tests\TestUtility\Microsoft.ActiveDirectory.Connector.Test.TestUtility.dll" adapterTypeName="Microsoft.VisualStudio.TestTools.TestTypes.Unit.UnitTestAdapter" className="Microsoft.ActiveDirectory.Connector.Test.SerializerUnitTest" name="TestIntSerialization" />    </UnitTest>    <UnitTest name="TestLongSerialization" storage="f:\src\adiam_cloud_nightly_tester\bins\debug\amd64\syncfabric\tests\testutility\microsoft.activedirectory.connector.test.testutility.dll" id="3154abfa-7de5-474a-2fcd-9eed58aadd2d">      <Execution id="0c70e2be-f3b5-4686-b873-0d6f15286ee6" />      <TestMethod codeBase="f:\src\Adiam_Cloud_Nightly_Tester\bins\debug\amd64\SyncFabric\Tests\TestUtility\Microsoft.ActiveDirectory.Connector.Test.TestUtility.dll" adapterTypeName="Microsoft.VisualStudio.TestTools.TestTypes.Unit.UnitTestAdapter" className="Microsoft.ActiveDirectory.Connector.Test.SerializerUnitTest" name="TestLongSerialization" />    </UnitTest>    <UnitTest name="TestUserInformationSerialization" storage="f:\src\adiam_cloud_nightly_tester\bins\debug\amd64\syncfabric\tests\testutility\microsoft.activedirectory.connector.test.testutility.dll" id="f655edef-b397-8754-f377-655e295670e9">      <Execution id="517b5a18-e6f3-4272-95cc-d4425513d036" />      <TestMethod codeBase="f:\src\Adiam_Cloud_Nightly_Tester\bins\debug\amd64\SyncFabric\Tests\TestUtility\Microsoft.ActiveDirectory.Connector.Test.TestUtility.dll" adapterTypeName="Microsoft.VisualStudio.TestTools.TestTypes.Unit.UnitTestAdapter" className="Microsoft.ActiveDirectory.Connector.Test.SerializerUnitTest" name="TestUserInformationSerialization" />    </UnitTest>  </TestDefinitions>  <TestEntries>    <TestEntry testId="75720ab4-f3f2-7d55-c8bf-e0dca9802992" executionId="1fc23103-d65e-4cc7-8cc6-0673a4966baf" testListId="8c84fa94-04c1-424b-9868-57a2d4851a1d" />    <TestEntry testId="a8f1e1a3-9eae-6ca1-b213-e197d1e29374" executionId="c75b93ff-3f33-448d-ad08-9ed567c08c76" testListId="8c84fa94-04c1-424b-9868-57a2d4851a1d" />    <TestEntry testId="5e9f656b-abbd-49d4-49d8-9a4155812043" executionId="d2438a60-1ba9-4004-a638-038df9e1f63b" testListId="8c84fa94-04c1-424b-9868-57a2d4851a1d" />    <TestEntry testId="7b463b21-9338-41eb-2018-847a0a5550f3" executionId="071c2ebd-7d1e-4981-857d-fe39d8d9e2f1" testListId="8c84fa94-04c1-424b-9868-57a2d4851a1d" />    <TestEntry testId="07b817e1-dff8-3b20-8131-38d88cee2b7a" executionId="4ca6077c-59fb-45b8-b185-dfcf1b326c5e" testListId="8c84fa94-04c1-424b-9868-57a2d4851a1d" />    <TestEntry testId="bfd767b9-1af3-90da-2c44-b907df0646ff" executionId="5571d810-95d6-4c42-9da4-a9b22edde4c4" testListId="8c84fa94-04c1-424b-9868-57a2d4851a1d" />    <TestEntry testId="2d41973d-4d6b-fc48-e40b-f6f805d67a12" executionId="713e28d2-bcae-49d6-b7f5-78e0b24a9672" testListId="8c84fa94-04c1-424b-9868-57a2d4851a1d" />    <TestEntry testId="72f0acad-e72e-0760-4147-6e0c846804f0" executionId="288e7d32-3fe7-4727-b90b-a67647cb0b8f" testListId="8c84fa94-04c1-424b-9868-57a2d4851a1d" />    <TestEntry testId="8902f795-8af8-dabc-8a1d-448d54679240" executionId="e3e2e1bf-186a-4b76-8614-01fbf44e7705" testListId="8c84fa94-04c1-424b-9868-57a2d4851a1d" />    <TestEntry testId="63b7abc0-64ca-0d16-59ff-ec759d5563ba" executionId="3c9a2b77-02fd-4194-ad3c-5b7ec922249a" testListId="8c84fa94-04c1-424b-9868-57a2d4851a1d" />    <TestEntry testId="5c3fad22-5102-f075-bd76-815a8eb6e2e5" executionId="011f009e-98e1-45fe-a5d4-54df382b02d8" testListId="8c84fa94-04c1-424b-9868-57a2d4851a1d" />    <TestEntry testId="67341bb2-389c-12c2-cf9f-64ead8995ff0" executionId="f07756e9-e835-4f8d-a39b-5949ac7cd743" testListId="8c84fa94-04c1-424b-9868-57a2d4851a1d" />    <TestEntry testId="41c8c9cb-e9f5-7580-1483-353f9ee32474" executionId="62021d03-a428-454b-bedb-e6a9c426af15" testListId="8c84fa94-04c1-424b-9868-57a2d4851a1d" />    <TestEntry testId="1f57f1d1-6d9f-cf06-ba55-bd8fedd80a52" executionId="2f1f04cd-830f-4315-915a-12c54c481e92" testListId="8c84fa94-04c1-424b-9868-57a2d4851a1d" />    <TestEntry testId="5e1dd0dc-81b4-3655-1371-793d50ff80a0" executionId="984e2b8b-b4d3-4cdf-9854-a9b92bfe67e3" testListId="8c84fa94-04c1-424b-9868-57a2d4851a1d" />    <TestEntry testId="93df08de-7565-8a05-b95e-61c3fa867e52" executionId="66b33a04-9531-411c-99d4-64242e7e9116" testListId="8c84fa94-04c1-424b-9868-57a2d4851a1d" />    <TestEntry testId="01c4307c-810d-ead0-03a4-42dfbfd66e32" executionId="68c5bc8b-cff4-4d9a-93d0-40d5da516c16" testListId="8c84fa94-04c1-424b-9868-57a2d4851a1d" />    <TestEntry testId="f4183073-d09d-07ee-a5b0-58385b38f93f" executionId="98df87af-1a2b-4ad6-a4e1-02c9cdb081dc" testListId="8c84fa94-04c1-424b-9868-57a2d4851a1d" />    <TestEntry testId="1ffadd00-49e6-1d0b-b6ad-ba9dc70a3b2a" executionId="f205a1e3-44b2-412f-bdf2-d1721d48313e" testListId="8c84fa94-04c1-424b-9868-57a2d4851a1d" />    <TestEntry testId="be33f02f-90c5-8d1d-2e15-5dce23b10aff" executionId="f8ceca5a-7a00-43d9-b51c-98054f2d4fd9" testListId="8c84fa94-04c1-424b-9868-57a2d4851a1d" />    <TestEntry testId="3f1b217c-ce32-02ce-56f4-29c36a11fe8b" executionId="5c1d8f52-effa-4da4-9d2a-207b7b5ec9d9" testListId="8c84fa94-04c1-424b-9868-57a2d4851a1d" />    <TestEntry testId="928ea2b7-a9a7-ac6c-dd81-6ffe0539a38c" executionId="62a6955f-8bcc-4303-b45c-9bf5f53d1881" testListId="8c84fa94-04c1-424b-9868-57a2d4851a1d" />    <TestEntry testId="f1bf8ea0-62e7-5b8c-5be1-232bb02aea7f" executionId="185a14ca-fe79-4657-9e5c-f74c55ae6ffc" testListId="8c84fa94-04c1-424b-9868-57a2d4851a1d" />    <TestEntry testId="5f62350a-10ba-3b9a-08a4-9fc5e69ce9f3" executionId="ed3e30ba-3257-4651-ad67-849da6f666d6" testListId="8c84fa94-04c1-424b-9868-57a2d4851a1d" />    <TestEntry testId="3802393f-9585-399f-110c-df12751411e5" executionId="b9f41156-cbeb-4164-bc00-2591643b7efd" testListId="8c84fa94-04c1-424b-9868-57a2d4851a1d" />    <TestEntry testId="77bc26e2-45ec-0946-d587-e258b06c0295" executionId="3f61a498-6cd3-4dc5-adbb-5eec427ad23b" testListId="8c84fa94-04c1-424b-9868-57a2d4851a1d" />    <TestEntry testId="b9013459-0683-4107-03c8-1f45aea2a22f" executionId="9282627a-e95f-43ae-9d74-99653cce960f" testListId="8c84fa94-04c1-424b-9868-57a2d4851a1d" />    <TestEntry testId="c0f91bda-25a9-ecce-1604-5f5aceae79d4" executionId="916b59ff-4d39-4b60-af3e-90a562bb578a" testListId="8c84fa94-04c1-424b-9868-57a2d4851a1d" />    <TestEntry testId="c563191c-7742-f6ef-d04d-8d1bd3a76cd8" executionId="a98ad2e6-ee15-4435-979a-77bf0ab65407" testListId="8c84fa94-04c1-424b-9868-57a2d4851a1d" />    <TestEntry testId="781c2832-1c33-fd33-f3ec-f714ea63693b" executionId="cc734390-5597-44d5-83da-e2ea06a53d26" testListId="8c84fa94-04c1-424b-9868-57a2d4851a1d" />    <TestEntry testId="122d7de3-dbe7-5624-ab93-c49791e7087e" executionId="19376321-0d87-4b91-b54a-4b36f9c5468d" testListId="8c84fa94-04c1-424b-9868-57a2d4851a1d" />    <TestEntry testId="c16153a9-5a5b-49f8-4bcd-7c2e70587a67" executionId="b10f4ba6-5537-43cb-8da4-4e9ab5d2ae28" testListId="8c84fa94-04c1-424b-9868-57a2d4851a1d" />    <TestEntry testId="3154abfa-7de5-474a-2fcd-9eed58aadd2d" executionId="0c70e2be-f3b5-4686-b873-0d6f15286ee6" testListId="8c84fa94-04c1-424b-9868-57a2d4851a1d" />    <TestEntry testId="f655edef-b397-8754-f377-655e295670e9" executionId="517b5a18-e6f3-4272-95cc-d4425513d036" testListId="8c84fa94-04c1-424b-9868-57a2d4851a1d" />  </TestEntries>  <TestLists>    <TestList name="Results Not in a List" id="8c84fa94-04c1-424b-9868-57a2d4851a1d" />    <TestList name="All Loaded Results" id="19431567-8539-422a-85d7-44ee4e166bda" />  </TestLists>  <ResultSummary outcome="Failed">    <Counters total="34" executed="34" passed="32" failed="2" error="0" timeout="0" aborted="0" inconclusive="0" passedButRunAborted="0" notRunnable="0" notExecuted="0" disconnected="0" warning="0" completed="0" inProgress="0" pending="0" />  </ResultSummary></TestRun>