<?xml version="1.0" encoding="UTF-8"?><TestRun>  <Times creation="2014-08-08T11:38:57.6408691-07:00" queuing="2014-08-08T11:38:57.6438691-07:00" start="2014-08-08T11:38:57.6498691-07:00" finish="2014-08-08T11:38:58.1058691-07:00" />  <TestSettings name="default" id="d5ca198b-41b5-4d04-9cc6-4205ddfd0432">    <Execution>      <TestTypeSpecific />    </Execution>    <Deployment runDeploymentRoot="pranayp_PRANAY-TEST 2014-08-08 11_38_57" />  </TestSettings>  <Results>    <UnitTestResult executionId="69c9bae4-3f16-4552-8614-bc8142fd4fc1" testId="252c4882-2c64-bd9a-4d71-9fec5c85a195" testName="TestCertificateConfiguration" computerName="PRANAY-TEST" duration="00:00:00.5768236" startTime="2014-08-08T11:38:56.3208691-07:00" endTime="2014-08-08T11:38:57.3028691-07:00" testType="13cdc9d9-ddb5-4fa4-a97d-d965ccfc6d4b" outcome="Passed" testListId="8c84fa94-04c1-424b-9868-57a2d4851a1d" relativeResultsDirectory="69c9bae4-3f16-4552-8614-bc8142fd4fc1" />  </Results>  <TestDefinitions>    <UnitTest name="TestCertificateConfiguration" storage="f:\src\adiam_cloud_nightly_tester\bins\debug\amd64\syncfabric\tests\testintegrationenvironment\microsoft.activedirectory.connector.test.testmanager.dll" id="252c4882-2c64-bd9a-4d71-9fec5c85a195">      <Execution id="69c9bae4-3f16-4552-8614-bc8142fd4fc1" />      <TestMethod codeBase="f:\src\Adiam_Cloud_Nightly_Tester\bins\debug\amd64\SyncFabric\Tests\TestIntegrationEnvironment\Microsoft.ActiveDirectory.Connector.Test.TestManager.dll" adapterTypeName="Microsoft.VisualStudio.TestTools.TestTypes.Unit.UnitTestAdapter" className="Microsoft.ActiveDirectory.Connector.Test.CertificateConfigurationUnitTest" name="TestCertificateConfiguration" />    </UnitTest>  </TestDefinitions>  <TestEntries>    <TestEntry testId="252c4882-2c64-bd9a-4d71-9fec5c85a195" executionId="69c9bae4-3f16-4552-8614-bc8142fd4fc1" testListId="8c84fa94-04c1-424b-9868-57a2d4851a1d" />  </TestEntries>  <TestLists>    <TestList name="Results Not in a List" id="8c84fa94-04c1-424b-9868-57a2d4851a1d" />    <TestList name="All Loaded Results" id="19431567-8539-422a-85d7-44ee4e166bda" />  </TestLists>  <ResultSummary outcome="Completed">    <Counters total="1" executed="1" passed="1" failed="0" error="0" timeout="0" aborted="0" inconclusive="0" passedButRunAborted="0" notRunnable="0" notExecuted="0" disconnected="0" warning="0" completed="0" inProgress="0" pending="0" />  </ResultSummary></TestRun>