<?xml version="1.0" encoding="UTF-8"?>
<TestRun id="ea1806df-2cf5-4d6e-8a52-b6dedd737e7f" name="pranayp@PRANAY-TEST 2014-08-08 11:43:02" runUser="REDMOND\pranayp" xmlns="http://microsoft.com/schemas/VisualStudio/TeamTest/2010">
  <Times creation="2014-08-08T11:43:02.8588691-07:00" queuing="2014-08-08T11:43:02.8588691-07:00" start="2014-08-08T11:43:02.8638691-07:00" finish="2014-08-08T11:48:04.2978691-07:00" />
  <TestSettings name="default" id="1ae6d7f1-2b01-46ad-8f19-e5263228075f">
    <Execution>
      <TestTypeSpecific />
    </Execution>
    <Deployment runDeploymentRoot="pranayp_PRANAY-TEST 2014-08-08 11_43_02" />
  </TestSettings>
  <Results>
    <UnitTestResult executionId="03ddacdf-1905-47ee-af50-32012227914c" testId="e6b0f534-536d-e0f7-3886-be6a8421cf45" testName="TestReadingExtensionAttributeDeltas" computerName="PRANAY-TEST" duration="00:05:25.6735040" startTime="2014-08-08T11:37:36.9898691-07:00" endTime="2014-08-08T11:43:02.7968691-07:00" testType="13cdc9d9-ddb5-4fa4-a97d-d965ccfc6d4b" outcome="Passed" testListId="8c84fa94-04c1-424b-9868-57a2d4851a1d" relativeResultsDirectory="03ddacdf-1905-47ee-af50-32012227914c" />
    <UnitTestResult executionId="4be66b16-b199-4ac9-95c0-72e2621ea2ca" testId="cee746dd-3db5-d584-b879-fcee010ce4c1" testName="TestReadingExtensionAttributes" computerName="PRANAY-TEST" duration="00:02:31.3758705" startTime="2014-08-08T11:43:02.8158691-07:00" endTime="2014-08-08T11:45:34.1838691-07:00" testType="13cdc9d9-ddb5-4fa4-a97d-d965ccfc6d4b" outcome="Passed" testListId="8c84fa94-04c1-424b-9868-57a2d4851a1d" relativeResultsDirectory="4be66b16-b199-4ac9-95c0-72e2621ea2ca" />
    <UnitTestResult executionId="ae298f52-6fd1-47de-9523-a5948b7790e1" testId="802d12a9-edb4-e61c-eff0-ab27a56dc6ac" testName="TestWritingExtensionAttributes" computerName="PRANAY-TEST" duration="00:02:28.9918031" startTime="2014-08-08T11:45:34.1848691-07:00" endTime="2014-08-08T11:48:03.1688691-07:00" testType="13cdc9d9-ddb5-4fa4-a97d-d965ccfc6d4b" outcome="Passed" testListId="8c84fa94-04c1-424b-9868-57a2d4851a1d" relativeResultsDirectory="ae298f52-6fd1-47de-9523-a5948b7790e1" />
  </Results>
  <TestDefinitions>
    <UnitTest name="TestReadingExtensionAttributeDeltas" storage="f:\src\adiam_cloud_nightly_tester\bins\debug\amd64\syncfabric\tests\testextensionattributes\microsoft.activedirectory.connector.test.testextensionattributes.dll" id="e6b0f534-536d-e0f7-3886-be6a8421cf45">
      <Execution id="03ddacdf-1905-47ee-af50-32012227914c" />
      <TestMethod codeBase="f:\src\Adiam_Cloud_Nightly_Tester\bins\debug\amd64\SyncFabric\Tests\TestExtensionAttributes\Microsoft.ActiveDirectory.Connector.Test.TestExtensionAttributes.dll" adapterTypeName="Microsoft.VisualStudio.TestTools.TestTypes.Unit.UnitTestAdapter" className="Microsoft.ActiveDirectory.Connector.Test.ExtensionAttributesUnitTest" name="TestReadingExtensionAttributeDeltas" />
    </UnitTest>
    <UnitTest name="TestReadingExtensionAttributes" storage="f:\src\adiam_cloud_nightly_tester\bins\debug\amd64\syncfabric\tests\testextensionattributes\microsoft.activedirectory.connector.test.testextensionattributes.dll" id="cee746dd-3db5-d584-b879-fcee010ce4c1">
      <Execution id="4be66b16-b199-4ac9-95c0-72e2621ea2ca" />
      <TestMethod codeBase="f:\src\Adiam_Cloud_Nightly_Tester\bins\debug\amd64\SyncFabric\Tests\TestExtensionAttributes\Microsoft.ActiveDirectory.Connector.Test.TestExtensionAttributes.dll" adapterTypeName="Microsoft.VisualStudio.TestTools.TestTypes.Unit.UnitTestAdapter" className="Microsoft.ActiveDirectory.Connector.Test.ExtensionAttributesUnitTest" name="TestReadingExtensionAttributes" />
    </UnitTest>
    <UnitTest name="TestWritingExtensionAttributes" storage="f:\src\adiam_cloud_nightly_tester\bins\debug\amd64\syncfabric\tests\testextensionattributes\microsoft.activedirectory.connector.test.testextensionattributes.dll" id="802d12a9-edb4-e61c-eff0-ab27a56dc6ac">
      <Execution id="ae298f52-6fd1-47de-9523-a5948b7790e1" />
      <TestMethod codeBase="f:\src\Adiam_Cloud_Nightly_Tester\bins\debug\amd64\SyncFabric\Tests\TestExtensionAttributes\Microsoft.ActiveDirectory.Connector.Test.TestExtensionAttributes.dll" adapterTypeName="Microsoft.VisualStudio.TestTools.TestTypes.Unit.UnitTestAdapter" className="Microsoft.ActiveDirectory.Connector.Test.ExtensionAttributesUnitTest" name="TestWritingExtensionAttributes" />
    </UnitTest>
  </TestDefinitions>
  <TestEntries>
    <TestEntry testId="e6b0f534-536d-e0f7-3886-be6a8421cf45" executionId="03ddacdf-1905-47ee-af50-32012227914c" testListId="8c84fa94-04c1-424b-9868-57a2d4851a1d" />
    <TestEntry testId="cee746dd-3db5-d584-b879-fcee010ce4c1" executionId="4be66b16-b199-4ac9-95c0-72e2621ea2ca" testListId="8c84fa94-04c1-424b-9868-57a2d4851a1d" />
    <TestEntry testId="802d12a9-edb4-e61c-eff0-ab27a56dc6ac" executionId="ae298f52-6fd1-47de-9523-a5948b7790e1" testListId="8c84fa94-04c1-424b-9868-57a2d4851a1d" />
  </TestEntries>
  <TestLists>
    <TestList name="Results Not in a List" id="8c84fa94-04c1-424b-9868-57a2d4851a1d" />
    <TestList name="All Loaded Results" id="19431567-8539-422a-85d7-44ee4e166bda" />
  </TestLists>
  <ResultSummary outcome="Completed">
    <Counters total="3" executed="3" passed="3" failed="0" error="0" timeout="0" aborted="0" inconclusive="0" passedButRunAborted="0" notRunnable="0" notExecuted="0" disconnected="0" warning="0" completed="0" inProgress="0" pending="0" />
  </ResultSummary>
</TestRun>