<?xml version="1.0" encoding="UTF-8"?><TestRun>  <Times creation="2014-08-08T11:38:42.5168691-07:00" queuing="2014-08-08T11:38:42.5168691-07:00" start="2014-08-08T11:38:42.5238691-07:00" finish="2014-08-08T11:38:57.6058691-07:00" />  <TestSettings name="default" id="8f9e9655-d3cd-4dc0-b589-5a0aa5575909">    <Execution>      <TestTypeSpecific />    </Execution>    <Deployment runDeploymentRoot="pranayp_PRANAY-TEST 2014-08-08 11_38_42" />  </TestSettings>  <Results>    <UnitTestResult executionId="e2176a6a-1147-4b64-ab81-13217cb685dc" testId="3329b68e-2e30-cf77-779a-36597daab0fb" testName="TestCounters" computerName="PRANAY-TEST" duration="00:00:57.3298385" startTime="2014-08-08T11:37:45.0318691-07:00" endTime="2014-08-08T11:38:42.4288691-07:00" testType="13cdc9d9-ddb5-4fa4-a97d-d965ccfc6d4b" outcome="Passed" testListId="8c84fa94-04c1-424b-9868-57a2d4851a1d" relativeResultsDirectory="e2176a6a-1147-4b64-ab81-13217cb685dc" />    <UnitTestResult executionId="6e78593d-cc19-4ac5-912a-1d5ffa99258d" testId="c7594f63-1d95-932f-ebf8-6fee8ae5f1d6" testName="TestInstall" computerName="PRANAY-TEST" duration="00:00:00.0039469" startTime="2014-08-08T11:38:42.4498691-07:00" endTime="2014-08-08T11:38:42.4538691-07:00" testType="13cdc9d9-ddb5-4fa4-a97d-d965ccfc6d4b" outcome="Passed" testListId="8c84fa94-04c1-424b-9868-57a2d4851a1d" relativeResultsDirectory="6e78593d-cc19-4ac5-912a-1d5ffa99258d" />    <UnitTestResult executionId="82e27583-b0fe-4799-9944-eab514c09102" testId="8e8e4105-54e3-eed8-a91b-b02f9924765b" testName="TestCounters" computerName="PRANAY-TEST" duration="00:00:08.4379293" startTime="2014-08-08T11:38:42.4548691-07:00" endTime="2014-08-08T11:38:50.8928691-07:00" testType="13cdc9d9-ddb5-4fa4-a97d-d965ccfc6d4b" outcome="Passed" testListId="8c84fa94-04c1-424b-9868-57a2d4851a1d" relativeResultsDirectory="82e27583-b0fe-4799-9944-eab514c09102" />    <UnitTestResult executionId="b6ffa71f-1985-4b1c-afd4-8e6e3c631f77" testId="60bd7cb7-cfab-96c7-8f86-602f14379c86" testName="TestInstall" computerName="PRANAY-TEST" duration="00:00:00.0023844" startTime="2014-08-08T11:38:50.8928691-07:00" endTime="2014-08-08T11:38:50.8958691-07:00" testType="13cdc9d9-ddb5-4fa4-a97d-d965ccfc6d4b" outcome="Passed" testListId="8c84fa94-04c1-424b-9868-57a2d4851a1d" relativeResultsDirectory="b6ffa71f-1985-4b1c-afd4-8e6e3c631f77" />    <UnitTestResult executionId="5765abca-0cb4-45cb-a463-6737f11bbb39" testId="19bc69df-94b7-be20-df68-978042d555f0" testName="TestCounters" computerName="PRANAY-TEST" duration="00:00:04.0037233" startTime="2014-08-08T11:38:50.8958691-07:00" endTime="2014-08-08T11:38:54.8998691-07:00" testType="13cdc9d9-ddb5-4fa4-a97d-d965ccfc6d4b" outcome="Passed" testListId="8c84fa94-04c1-424b-9868-57a2d4851a1d" relativeResultsDirectory="5765abca-0cb4-45cb-a463-6737f11bbb39" />    <UnitTestResult executionId="a6e66f8b-550a-4661-8032-c8abd3f8476c" testId="cc122031-3070-be10-779a-aa473cba7b71" testName="TestInstall" computerName="PRANAY-TEST" duration="00:00:00.0023055" startTime="2014-08-08T11:38:54.9008691-07:00" endTime="2014-08-08T11:38:54.9038691-07:00" testType="13cdc9d9-ddb5-4fa4-a97d-d965ccfc6d4b" outcome="Passed" testListId="8c84fa94-04c1-424b-9868-57a2d4851a1d" relativeResultsDirectory="a6e66f8b-550a-4661-8032-c8abd3f8476c" />    <UnitTestResult executionId="22bd8fd4-0ed1-43b3-8c3f-c791da4cad6e" testId="f40f2b0d-5375-7deb-4ac2-b251f490b226" testName="TestCounters" computerName="PRANAY-TEST" duration="00:00:02.6189406" startTime="2014-08-08T11:38:54.9038691-07:00" endTime="2014-08-08T11:38:57.5228691-07:00" testType="13cdc9d9-ddb5-4fa4-a97d-d965ccfc6d4b" outcome="Passed" testListId="8c84fa94-04c1-424b-9868-57a2d4851a1d" relativeResultsDirectory="22bd8fd4-0ed1-43b3-8c3f-c791da4cad6e" />    <UnitTestResult executionId="8ee74066-f3fc-42bb-94d3-a652910c234f" testId="c8f51442-52b0-1aa0-fd33-ff84413a6623" testName="TestInstall" computerName="PRANAY-TEST" duration="00:00:00.0063052" startTime="2014-08-08T11:38:57.5238691-07:00" endTime="2014-08-08T11:38:57.5298691-07:00" testType="13cdc9d9-ddb5-4fa4-a97d-d965ccfc6d4b" outcome="Passed" testListId="8c84fa94-04c1-424b-9868-57a2d4851a1d" relativeResultsDirectory="8ee74066-f3fc-42bb-94d3-a652910c234f" />  </Results>  <TestDefinitions>    <UnitTest name="TestCounters" storage="f:\src\adiam_cloud_nightly_tester\bins\debug\amd64\syncfabric\tests\testcounters\microsoft.activedirectory.connector.test.testcounters.dll" id="3329b68e-2e30-cf77-779a-36597daab0fb">      <Execution id="e2176a6a-1147-4b64-ab81-13217cb685dc" />      <TestMethod codeBase="f:\src\Adiam_Cloud_Nightly_Tester\bins\debug\amd64\SyncFabric\Tests\TestCounters\Microsoft.ActiveDirectory.Connector.Test.TestCounters.dll" adapterTypeName="Microsoft.VisualStudio.TestTools.TestTypes.Unit.UnitTestAdapter" className="Microsoft.ActiveDirectory.Connector.Test.AzureBlobStorageAdapterPerformanceCounterCategoryUnitTest" name="TestCounters" />    </UnitTest>    <UnitTest name="TestInstall" storage="f:\src\adiam_cloud_nightly_tester\bins\debug\amd64\syncfabric\tests\testcounters\microsoft.activedirectory.connector.test.testcounters.dll" id="c7594f63-1d95-932f-ebf8-6fee8ae5f1d6">      <Execution id="6e78593d-cc19-4ac5-912a-1d5ffa99258d" />      <TestMethod codeBase="f:\src\Adiam_Cloud_Nightly_Tester\bins\debug\amd64\SyncFabric\Tests\TestCounters\Microsoft.ActiveDirectory.Connector.Test.TestCounters.dll" adapterTypeName="Microsoft.VisualStudio.TestTools.TestTypes.Unit.UnitTestAdapter" className="Microsoft.ActiveDirectory.Connector.Test.AzureBlobStorageAdapterPerformanceCounterCategoryUnitTest" name="TestInstall" />    </UnitTest>    <UnitTest name="TestCounters" storage="f:\src\adiam_cloud_nightly_tester\bins\debug\amd64\syncfabric\tests\testcounters\microsoft.activedirectory.connector.test.testcounters.dll" id="8e8e4105-54e3-eed8-a91b-b02f9924765b">      <Execution id="82e27583-b0fe-4799-9944-eab514c09102" />      <TestMethod codeBase="f:\src\Adiam_Cloud_Nightly_Tester\bins\debug\amd64\SyncFabric\Tests\TestCounters\Microsoft.ActiveDirectory.Connector.Test.TestCounters.dll" adapterTypeName="Microsoft.VisualStudio.TestTools.TestTypes.Unit.UnitTestAdapter" className="Microsoft.ActiveDirectory.Connector.Test.AzureEntityStorageAdapterPerformanceCounterCategoryUnitTest" name="TestCounters" />    </UnitTest>    <UnitTest name="TestInstall" storage="f:\src\adiam_cloud_nightly_tester\bins\debug\amd64\syncfabric\tests\testcounters\microsoft.activedirectory.connector.test.testcounters.dll" id="60bd7cb7-cfab-96c7-8f86-602f14379c86">      <Execution id="b6ffa71f-1985-4b1c-afd4-8e6e3c631f77" />      <TestMethod codeBase="f:\src\Adiam_Cloud_Nightly_Tester\bins\debug\amd64\SyncFabric\Tests\TestCounters\Microsoft.ActiveDirectory.Connector.Test.TestCounters.dll" adapterTypeName="Microsoft.VisualStudio.TestTools.TestTypes.Unit.UnitTestAdapter" className="Microsoft.ActiveDirectory.Connector.Test.AzureEntityStorageAdapterPerformanceCounterCategoryUnitTest" name="TestInstall" />    </UnitTest>    <UnitTest name="TestCounters" storage="f:\src\adiam_cloud_nightly_tester\bins\debug\amd64\syncfabric\tests\testcounters\microsoft.activedirectory.connector.test.testcounters.dll" id="19bc69df-94b7-be20-df68-978042d555f0">      <Execution id="5765abca-0cb4-45cb-a463-6737f11bbb39" />      <TestMethod codeBase="f:\src\Adiam_Cloud_Nightly_Tester\bins\debug\amd64\SyncFabric\Tests\TestCounters\Microsoft.ActiveDirectory.Connector.Test.TestCounters.dll" adapterTypeName="Microsoft.VisualStudio.TestTools.TestTypes.Unit.UnitTestAdapter" className="Microsoft.ActiveDirectory.Connector.Test.SchedulerPerformanceCounterCategoryUnitTest" name="TestCounters" />    </UnitTest>    <UnitTest name="TestInstall" storage="f:\src\adiam_cloud_nightly_tester\bins\debug\amd64\syncfabric\tests\testcounters\microsoft.activedirectory.connector.test.testcounters.dll" id="cc122031-3070-be10-779a-aa473cba7b71">      <Execution id="a6e66f8b-550a-4661-8032-c8abd3f8476c" />      <TestMethod codeBase="f:\src\Adiam_Cloud_Nightly_Tester\bins\debug\amd64\SyncFabric\Tests\TestCounters\Microsoft.ActiveDirectory.Connector.Test.TestCounters.dll" adapterTypeName="Microsoft.VisualStudio.TestTools.TestTypes.Unit.UnitTestAdapter" className="Microsoft.ActiveDirectory.Connector.Test.SchedulerPerformanceCounterCategoryUnitTest" name="TestInstall" />    </UnitTest>    <UnitTest name="TestCounters" storage="f:\src\adiam_cloud_nightly_tester\bins\debug\amd64\syncfabric\tests\testcounters\microsoft.activedirectory.connector.test.testcounters.dll" id="f40f2b0d-5375-7deb-4ac2-b251f490b226">      <Execution id="22bd8fd4-0ed1-43b3-8c3f-c791da4cad6e" />      <TestMethod codeBase="f:\src\Adiam_Cloud_Nightly_Tester\bins\debug\amd64\SyncFabric\Tests\TestCounters\Microsoft.ActiveDirectory.Connector.Test.TestCounters.dll" adapterTypeName="Microsoft.VisualStudio.TestTools.TestTypes.Unit.UnitTestAdapter" className="Microsoft.ActiveDirectory.Connector.Test.WorkerPerformanceCounterCategoryUnitTest" name="TestCounters" />    </UnitTest>    <UnitTest name="TestInstall" storage="f:\src\adiam_cloud_nightly_tester\bins\debug\amd64\syncfabric\tests\testcounters\microsoft.activedirectory.connector.test.testcounters.dll" id="c8f51442-52b0-1aa0-fd33-ff84413a6623">      <Execution id="8ee74066-f3fc-42bb-94d3-a652910c234f" />      <TestMethod codeBase="f:\src\Adiam_Cloud_Nightly_Tester\bins\debug\amd64\SyncFabric\Tests\TestCounters\Microsoft.ActiveDirectory.Connector.Test.TestCounters.dll" adapterTypeName="Microsoft.VisualStudio.TestTools.TestTypes.Unit.UnitTestAdapter" className="Microsoft.ActiveDirectory.Connector.Test.WorkerPerformanceCounterCategoryUnitTest" name="TestInstall" />    </UnitTest>  </TestDefinitions>  <TestEntries>    <TestEntry testId="3329b68e-2e30-cf77-779a-36597daab0fb" executionId="e2176a6a-1147-4b64-ab81-13217cb685dc" testListId="8c84fa94-04c1-424b-9868-57a2d4851a1d" />    <TestEntry testId="c7594f63-1d95-932f-ebf8-6fee8ae5f1d6" executionId="6e78593d-cc19-4ac5-912a-1d5ffa99258d" testListId="8c84fa94-04c1-424b-9868-57a2d4851a1d" />    <TestEntry testId="8e8e4105-54e3-eed8-a91b-b02f9924765b" executionId="82e27583-b0fe-4799-9944-eab514c09102" testListId="8c84fa94-04c1-424b-9868-57a2d4851a1d" />    <TestEntry testId="60bd7cb7-cfab-96c7-8f86-602f14379c86" executionId="b6ffa71f-1985-4b1c-afd4-8e6e3c631f77" testListId="8c84fa94-04c1-424b-9868-57a2d4851a1d" />    <TestEntry testId="19bc69df-94b7-be20-df68-978042d555f0" executionId="5765abca-0cb4-45cb-a463-6737f11bbb39" testListId="8c84fa94-04c1-424b-9868-57a2d4851a1d" />    <TestEntry testId="cc122031-3070-be10-779a-aa473cba7b71" executionId="a6e66f8b-550a-4661-8032-c8abd3f8476c" testListId="8c84fa94-04c1-424b-9868-57a2d4851a1d" />    <TestEntry testId="f40f2b0d-5375-7deb-4ac2-b251f490b226" executionId="22bd8fd4-0ed1-43b3-8c3f-c791da4cad6e" testListId="8c84fa94-04c1-424b-9868-57a2d4851a1d" />    <TestEntry testId="c8f51442-52b0-1aa0-fd33-ff84413a6623" executionId="8ee74066-f3fc-42bb-94d3-a652910c234f" testListId="8c84fa94-04c1-424b-9868-57a2d4851a1d" />  </TestEntries>  <TestLists>    <TestList name="Results Not in a List" id="8c84fa94-04c1-424b-9868-57a2d4851a1d" />    <TestList name="All Loaded Results" id="19431567-8539-422a-85d7-44ee4e166bda" />  </TestLists>  <ResultSummary outcome="Completed">    <Counters total="8" executed="8" passed="8" failed="0" error="0" timeout="0" aborted="0" inconclusive="0" passedButRunAborted="0" notRunnable="0" notExecuted="0" disconnected="0" warning="0" completed="0" inProgress="0" pending="0" />  </ResultSummary></TestRun>