<?xml version="1.0" encoding="UTF-8"?><TestRun>  <Times creation="2014-08-08T11:38:31.1948691-07:00" queuing="2014-08-08T11:38:31.1948691-07:00" start="2014-08-08T11:38:31.2008691-07:00" finish="2014-08-08T11:51:52.9178691-07:00" />  <TestSettings name="default" id="6acdfb68-d3ea-43c0-a8ba-fb65cad21f75">    <Execution>      <TestTypeSpecific />    </Execution>    <Deployment runDeploymentRoot="pranayp_PRANAY-TEST 2014-08-08 11_38_31" />  </TestSettings>  <Results>    <UnitTestResult executionId="f4637dea-cd52-4d70-adbe-a93a090c0dc1" testId="18937c0a-d430-3ed7-5de0-9efef451b17f" testName="TestEvaluationAddEntriesDeltaImport" computerName="PRANAY-TEST" duration="00:00:48.9776039" startTime="2014-08-08T11:37:41.9558691-07:00" endTime="2014-08-08T11:38:31.0828691-07:00" testType="13cdc9d9-ddb5-4fa4-a97d-d965ccfc6d4b" outcome="Passed" testListId="8c84fa94-04c1-424b-9868-57a2d4851a1d" relativeResultsDirectory="f4637dea-cd52-4d70-adbe-a93a090c0dc1" />    <UnitTestResult executionId="fee14607-43a6-4726-8a27-5a34264495f0" testId="84683915-914e-76d2-ff0c-f63d0945f016" testName="TestEvaluationAddEntriesFullImport" computerName="PRANAY-TEST" duration="00:00:03.3035479" startTime="2014-08-08T11:38:31.1048691-07:00" endTime="2014-08-08T11:38:34.4088691-07:00" testType="13cdc9d9-ddb5-4fa4-a97d-d965ccfc6d4b" outcome="Passed" testListId="8c84fa94-04c1-424b-9868-57a2d4851a1d" relativeResultsDirectory="fee14607-43a6-4726-8a27-5a34264495f0" />    <UnitTestResult executionId="612d64c3-20ce-4177-a1c6-fc218505d580" testId="8576ec24-f4a9-8a72-a8dd-0b5d2d599876" testName="TestEvaluationAddEntry" computerName="PRANAY-TEST" duration="00:00:06.9505392" startTime="2014-08-08T11:38:34.4098691-07:00" endTime="2014-08-08T11:38:41.3598691-07:00" testType="13cdc9d9-ddb5-4fa4-a97d-d965ccfc6d4b" outcome="Passed" testListId="8c84fa94-04c1-424b-9868-57a2d4851a1d" relativeResultsDirectory="612d64c3-20ce-4177-a1c6-fc218505d580" />    <UnitTestResult executionId="415b88b7-552b-4319-bf84-b5afbc83fea1" testId="152450e7-856e-bb2b-4d6f-e40c7f9dbd2e" testName="TestEvaluationDeleteEntry" computerName="PRANAY-TEST" duration="00:00:14.7358261" startTime="2014-08-08T11:38:41.3598691-07:00" endTime="2014-08-08T11:38:56.0958691-07:00" testType="13cdc9d9-ddb5-4fa4-a97d-d965ccfc6d4b" outcome="Passed" testListId="8c84fa94-04c1-424b-9868-57a2d4851a1d" relativeResultsDirectory="415b88b7-552b-4319-bf84-b5afbc83fea1" />    <UnitTestResult executionId="4b2baf37-9576-4a12-8dfe-eafdd7631dcd" testId="75e1b7c2-c3d2-5af1-49c9-bc11b2cb5db1" testName="TestEvaluationUpdateEntryAddProperty" computerName="PRANAY-TEST" duration="00:00:06.9978939" startTime="2014-08-08T11:38:56.0958691-07:00" endTime="2014-08-08T11:39:03.0938691-07:00" testType="13cdc9d9-ddb5-4fa4-a97d-d965ccfc6d4b" outcome="Passed" testListId="8c84fa94-04c1-424b-9868-57a2d4851a1d" relativeResultsDirectory="4b2baf37-9576-4a12-8dfe-eafdd7631dcd" />    <UnitTestResult executionId="2eb981a3-9e83-49b8-b95d-3807e3d3e385" testId="2f810a59-157a-f704-15fd-a9dd60cf128c" testName="TestEvaluationUpdateEntryModifyPropertyAddValue" computerName="PRANAY-TEST" duration="00:00:02.3591099" startTime="2014-08-08T11:39:03.0938691-07:00" endTime="2014-08-08T11:39:05.4538691-07:00" testType="13cdc9d9-ddb5-4fa4-a97d-d965ccfc6d4b" outcome="Passed" testListId="8c84fa94-04c1-424b-9868-57a2d4851a1d" relativeResultsDirectory="2eb981a3-9e83-49b8-b95d-3807e3d3e385" />    <UnitTestResult executionId="5fee7c46-31a2-437e-882c-33aba0f0da09" testId="65269f3e-1491-3b2f-bd10-253000701cf6" testName="TestEvaluationUpdateEntryModifyPropertyChangeEmptyPluralValue" computerName="PRANAY-TEST" duration="00:00:02.5015638" startTime="2014-08-08T11:39:05.4538691-07:00" endTime="2014-08-08T11:39:07.9558691-07:00" testType="13cdc9d9-ddb5-4fa4-a97d-d965ccfc6d4b" outcome="Passed" testListId="8c84fa94-04c1-424b-9868-57a2d4851a1d" relativeResultsDirectory="5fee7c46-31a2-437e-882c-33aba0f0da09" />    <UnitTestResult executionId="2ad21e88-969a-4073-a391-e9718c323eff" testId="4654d6da-37d7-1d53-bc61-35b74b53b63e" testName="TestEvaluationUpdateEntryModifyPropertyChangeEmptySingleValue" computerName="PRANAY-TEST" duration="00:00:01.9859279" startTime="2014-08-08T11:39:07.9558691-07:00" endTime="2014-08-08T11:39:09.9418691-07:00" testType="13cdc9d9-ddb5-4fa4-a97d-d965ccfc6d4b" outcome="Passed" testListId="8c84fa94-04c1-424b-9868-57a2d4851a1d" relativeResultsDirectory="2ad21e88-969a-4073-a391-e9718c323eff" />    <UnitTestResult executionId="007f6985-68ff-4095-8447-80714f2331a5" testId="2c9ca260-1974-fd99-a3d8-7b2db4c5155e" testName="TestEvaluationUpdateEntryModifyPropertyChangePluralValue" computerName="PRANAY-TEST" duration="00:00:02.5201203" startTime="2014-08-08T11:39:09.9418691-07:00" endTime="2014-08-08T11:39:12.4628691-07:00" testType="13cdc9d9-ddb5-4fa4-a97d-d965ccfc6d4b" outcome="Passed" testListId="8c84fa94-04c1-424b-9868-57a2d4851a1d" relativeResultsDirectory="007f6985-68ff-4095-8447-80714f2331a5" />    <UnitTestResult executionId="b0a98392-560f-4db6-922e-8d17a06b6719" testId="890975dc-e36b-8502-958d-b3fe8d105766" testName="TestEvaluationUpdateEntryModifyPropertyChangeSingleValue" computerName="PRANAY-TEST" duration="00:00:05.5951918" startTime="2014-08-08T11:39:12.4628691-07:00" endTime="2014-08-08T11:39:18.0578691-07:00" testType="13cdc9d9-ddb5-4fa4-a97d-d965ccfc6d4b" outcome="Passed" testListId="8c84fa94-04c1-424b-9868-57a2d4851a1d" relativeResultsDirectory="b0a98392-560f-4db6-922e-8d17a06b6719" />    <UnitTestResult executionId="090d643e-2929-4782-9748-4999946da6e9" testId="ce5bd05d-a8c3-1b66-15c0-5b93557a4c49" testName="TestEvaluationUpdateEntryModifyPropertyRemoveValue" computerName="PRANAY-TEST" duration="00:00:10.3928652" startTime="2014-08-08T11:39:18.0588691-07:00" endTime="2014-08-08T11:39:28.4508691-07:00" testType="13cdc9d9-ddb5-4fa4-a97d-d965ccfc6d4b" outcome="Passed" testListId="8c84fa94-04c1-424b-9868-57a2d4851a1d" relativeResultsDirectory="090d643e-2929-4782-9748-4999946da6e9" />    <UnitTestResult executionId="b88b43aa-dc68-4d6d-a904-7d62489f3ead" testId="2afd2ba9-14ba-3668-2fcb-28ad6ed00319" testName="TestEvaluationUpdateEntryRemoveProperty" computerName="PRANAY-TEST" duration="00:00:03.8210898" startTime="2014-08-08T11:39:28.4518691-07:00" endTime="2014-08-08T11:39:32.2728691-07:00" testType="13cdc9d9-ddb5-4fa4-a97d-d965ccfc6d4b" outcome="Passed" testListId="8c84fa94-04c1-424b-9868-57a2d4851a1d" relativeResultsDirectory="b88b43aa-dc68-4d6d-a904-7d62489f3ead" />    <UnitTestResult executionId="ab8db66e-de57-4ebd-805c-188aef5141de" testId="8fb9cdd4-4f56-c18b-ad3d-10e70bdaef42" testName="TestEvaluationUpdateEntryReplaceProperty" computerName="PRANAY-TEST" duration="00:00:02.3342336" startTime="2014-08-08T11:39:32.2728691-07:00" endTime="2014-08-08T11:39:34.6078691-07:00" testType="13cdc9d9-ddb5-4fa4-a97d-d965ccfc6d4b" outcome="Passed" testListId="8c84fa94-04c1-424b-9868-57a2d4851a1d" relativeResultsDirectory="ab8db66e-de57-4ebd-805c-188aef5141de" />    <UnitTestResult executionId="405b2759-afeb-42ae-9772-3893db4568e9" testId="ea94627c-f4b2-2f4c-d9d5-1994d9b12500" testName="TestEvaluationUpdateEntryModifyJoiningPropertyWithoutManagerReference" computerName="PRANAY-TEST" duration="00:00:02.2892052" startTime="2014-08-08T11:39:34.6078691-07:00" endTime="2014-08-08T11:39:36.8968691-07:00" testType="13cdc9d9-ddb5-4fa4-a97d-d965ccfc6d4b" outcome="Passed" testListId="8c84fa94-04c1-424b-9868-57a2d4851a1d" relativeResultsDirectory="405b2759-afeb-42ae-9772-3893db4568e9" />    <UnitTestResult executionId="00bb3d96-2a0f-4116-849f-2f8d64f7cdce" testId="05f352d4-54bd-c75f-3dc5-be368a48575f" testName="TestEvaluationDeltaAddEntrySoftDeleteUnspecified" computerName="PRANAY-TEST" duration="00:00:03.1960426" startTime="2014-08-08T11:39:36.8968691-07:00" endTime="2014-08-08T11:39:40.0938691-07:00" testType="13cdc9d9-ddb5-4fa4-a97d-d965ccfc6d4b" outcome="Passed" testListId="8c84fa94-04c1-424b-9868-57a2d4851a1d" relativeResultsDirectory="00bb3d96-2a0f-4116-849f-2f8d64f7cdce" />    <UnitTestResult executionId="cfd140b1-50a6-44cc-b70b-74395e82572f" testId="c6e7a9d1-346e-8f82-6b70-c791122e8bda" testName="TestEvaluationDeltaAddEntry" computerName="PRANAY-TEST" duration="00:00:02.2173195" startTime="2014-08-08T11:39:40.0938691-07:00" endTime="2014-08-08T11:39:42.3118691-07:00" testType="13cdc9d9-ddb5-4fa4-a97d-d965ccfc6d4b" outcome="Passed" testListId="8c84fa94-04c1-424b-9868-57a2d4851a1d" relativeResultsDirectory="cfd140b1-50a6-44cc-b70b-74395e82572f" />    <UnitTestResult executionId="c4c784d1-ba7d-4e70-8fbc-fbbb80232e2b" testId="37b734e0-fef5-050d-bbbe-df6e268c0dcc" testName="TestEvaluationDeltaUpdateEntry" computerName="PRANAY-TEST" duration="00:00:02.5109433" startTime="2014-08-08T11:39:42.3118691-07:00" endTime="2014-08-08T11:39:44.8228691-07:00" testType="13cdc9d9-ddb5-4fa4-a97d-d965ccfc6d4b" outcome="Passed" testListId="8c84fa94-04c1-424b-9868-57a2d4851a1d" relativeResultsDirectory="c4c784d1-ba7d-4e70-8fbc-fbbb80232e2b" />    <UnitTestResult executionId="cf5990c0-1eeb-4cdd-8fb2-8de7863e425c" testId="2474952d-c670-3e8c-72e9-c0b3be0677b1" testName="TestEvaluationDeltaUpdateEntryJoiningProperty" computerName="PRANAY-TEST" duration="00:00:01.6287058" startTime="2014-08-08T11:39:44.8228691-07:00" endTime="2014-08-08T11:39:46.4518691-07:00" testType="13cdc9d9-ddb5-4fa4-a97d-d965ccfc6d4b" outcome="Passed" testListId="8c84fa94-04c1-424b-9868-57a2d4851a1d" relativeResultsDirectory="cf5990c0-1eeb-4cdd-8fb2-8de7863e425c" />    <UnitTestResult executionId="68a4c337-471d-43e7-93a4-b274f8d4fb67" testId="ff50d17a-b66a-6f4c-9dd4-9f583155128a" testName="TestEvaluationDeltaUpdateEntryNoUserName" computerName="PRANAY-TEST" duration="00:00:01.9070064" startTime="2014-08-08T11:39:46.4518691-07:00" endTime="2014-08-08T11:39:48.3598691-07:00" testType="13cdc9d9-ddb5-4fa4-a97d-d965ccfc6d4b" outcome="Passed" testListId="8c84fa94-04c1-424b-9868-57a2d4851a1d" relativeResultsDirectory="68a4c337-471d-43e7-93a4-b274f8d4fb67" />    <UnitTestResult executionId="c1ff1e3d-7446-4805-a907-7fc9bc66cc64" testId="002e6f13-965d-d5ef-bc1c-0f880453d010" testName="TestEvaluationDeltaDeleteEntry" computerName="PRANAY-TEST" duration="00:00:02.8458945" startTime="2014-08-08T11:39:48.3598691-07:00" endTime="2014-08-08T11:39:51.2058691-07:00" testType="13cdc9d9-ddb5-4fa4-a97d-d965ccfc6d4b" outcome="Passed" testListId="8c84fa94-04c1-424b-9868-57a2d4851a1d" relativeResultsDirectory="c1ff1e3d-7446-4805-a907-7fc9bc66cc64" />    <UnitTestResult executionId="14be331a-cb39-4e3a-83b3-690b67fd1153" testId="3efdb477-5d53-9fd3-f42e-1bf54675bfaa" testName="TestEvaluationDeltaEntitlementGrants" computerName="PRANAY-TEST" duration="00:00:05.2543970" startTime="2014-08-08T11:39:51.2058691-07:00" endTime="2014-08-08T11:39:56.4598691-07:00" testType="13cdc9d9-ddb5-4fa4-a97d-d965ccfc6d4b" outcome="Passed" testListId="8c84fa94-04c1-424b-9868-57a2d4851a1d" relativeResultsDirectory="14be331a-cb39-4e3a-83b3-690b67fd1153" />    <UnitTestResult executionId="d50e3498-bad6-4e33-835d-25cc3e89e443" testId="cfc2c358-16e3-9d73-fae1-8379e04fd4e3" testName="CitrixDelta_TestEvaluationDeltaRuleAddEntriesFullImport" computerName="PRANAY-TEST" duration="00:00:02.8227979" startTime="2014-08-08T11:39:56.4608691-07:00" endTime="2014-08-08T11:39:59.2838691-07:00" testType="13cdc9d9-ddb5-4fa4-a97d-d965ccfc6d4b" outcome="Passed" testListId="8c84fa94-04c1-424b-9868-57a2d4851a1d" relativeResultsDirectory="d50e3498-bad6-4e33-835d-25cc3e89e443" />    <UnitTestResult executionId="0d2cac7e-126a-4a6d-8f0c-00c31f0ac47c" testId="126f8bca-a9f9-80ac-0ed9-3394be2bb930" testName="CitrixDelta_TestGetMathingEntries" computerName="PRANAY-TEST" duration="00:00:02.2851820" startTime="2014-08-08T11:39:59.2838691-07:00" endTime="2014-08-08T11:40:01.5698691-07:00" testType="13cdc9d9-ddb5-4fa4-a97d-d965ccfc6d4b" outcome="Passed" testListId="8c84fa94-04c1-424b-9868-57a2d4851a1d" relativeResultsDirectory="0d2cac7e-126a-4a6d-8f0c-00c31f0ac47c" />    <UnitTestResult executionId="fdaa3daa-658e-419b-bfa5-cea4a2f34d86" testId="9e4ee257-d36b-633c-8276-a01eccf4756c" testName="CitrixDelta_TestEvaluationDeltaRuleAddEntry" computerName="PRANAY-TEST" duration="00:00:01.6925289" startTime="2014-08-08T11:40:01.5698691-07:00" endTime="2014-08-08T11:40:03.2618691-07:00" testType="13cdc9d9-ddb5-4fa4-a97d-d965ccfc6d4b" outcome="Passed" testListId="8c84fa94-04c1-424b-9868-57a2d4851a1d" relativeResultsDirectory="fdaa3daa-658e-419b-bfa5-cea4a2f34d86" />    <UnitTestResult executionId="8f2d687f-7d0b-46a5-9075-15bb1e24e1f6" testId="fd3133ec-7f92-6cdf-c2a3-ed7ff2bb616a" testName="CitrixDelta_TestEvaluationDeltaRuleAddEntryConflictingJoiningProperty" computerName="PRANAY-TEST" duration="00:00:03.2292959" startTime="2014-08-08T11:40:03.2628691-07:00" endTime="2014-08-08T11:40:06.4918691-07:00" testType="13cdc9d9-ddb5-4fa4-a97d-d965ccfc6d4b" outcome="Passed" testListId="8c84fa94-04c1-424b-9868-57a2d4851a1d" relativeResultsDirectory="8f2d687f-7d0b-46a5-9075-15bb1e24e1f6" />    <UnitTestResult executionId="95e6ed00-e525-4145-b33e-212e39e15c58" testId="406c5b1d-26a1-5fa1-c181-5a849b1c97c1" testName="CitrixDelta_TestEvaluationDeltaRuleUpdateEntry" computerName="PRANAY-TEST" duration="00:00:01.6399069" startTime="2014-08-08T11:40:06.4918691-07:00" endTime="2014-08-08T11:40:08.1318691-07:00" testType="13cdc9d9-ddb5-4fa4-a97d-d965ccfc6d4b" outcome="Passed" testListId="8c84fa94-04c1-424b-9868-57a2d4851a1d" relativeResultsDirectory="95e6ed00-e525-4145-b33e-212e39e15c58" />    <UnitTestResult executionId="4e4fade9-c919-4168-94d0-fe460b5ba3ca" testId="b744f138-0453-946a-992b-c472627fc573" testName="CitrixDelta_TestEvaluationAddEntryWithIgnorableProperties" computerName="PRANAY-TEST" duration="00:00:00.4207137" startTime="2014-08-08T11:40:08.1328691-07:00" endTime="2014-08-08T11:40:08.5538691-07:00" testType="13cdc9d9-ddb5-4fa4-a97d-d965ccfc6d4b" outcome="Passed" testListId="8c84fa94-04c1-424b-9868-57a2d4851a1d" relativeResultsDirectory="4e4fade9-c919-4168-94d0-fe460b5ba3ca" />    <UnitTestResult executionId="5f14c98f-7ad1-43d8-a2ab-777d3b4fa48e" testId="a9d733c8-d48e-f6bb-b4d3-7976700bfbf0" testName="CitrixDelta_TestEvaluationDeltaRuleUpdateEntryJoiningProperty" computerName="PRANAY-TEST" duration="00:00:02.2218081" startTime="2014-08-08T11:40:08.5538691-07:00" endTime="2014-08-08T11:40:10.7758691-07:00" testType="13cdc9d9-ddb5-4fa4-a97d-d965ccfc6d4b" outcome="Passed" testListId="8c84fa94-04c1-424b-9868-57a2d4851a1d" relativeResultsDirectory="5f14c98f-7ad1-43d8-a2ab-777d3b4fa48e" />    <UnitTestResult executionId="c0e5b212-6779-40b1-b7f0-8f89fc324715" testId="7b755a4b-dc89-c521-9a30-86e418521e16" testName="CitrixDelta_TestEvaluationDeltaRuleAddEntryRequiredFieldsAsMissing" computerName="PRANAY-TEST" duration="00:00:01.4977189" startTime="2014-08-08T11:40:10.7758691-07:00" endTime="2014-08-08T11:40:12.2738691-07:00" testType="13cdc9d9-ddb5-4fa4-a97d-d965ccfc6d4b" outcome="Passed" testListId="8c84fa94-04c1-424b-9868-57a2d4851a1d" relativeResultsDirectory="c0e5b212-6779-40b1-b7f0-8f89fc324715" />    <UnitTestResult executionId="c6dcfcc6-e95b-4381-8faf-00e2100872cc" testId="6c06d0f5-3471-313b-e10e-b9f12b637ff2" testName="CitrixDelta_TestEvaluationDeltaRuleUpdateEntryRequiredFieldsAsMissing" computerName="PRANAY-TEST" duration="00:00:01.8627614" startTime="2014-08-08T11:40:12.2738691-07:00" endTime="2014-08-08T11:40:14.1368691-07:00" testType="13cdc9d9-ddb5-4fa4-a97d-d965ccfc6d4b" outcome="Passed" testListId="8c84fa94-04c1-424b-9868-57a2d4851a1d" relativeResultsDirectory="c6dcfcc6-e95b-4381-8faf-00e2100872cc" />    <UnitTestResult executionId="d8f9679d-4c93-4f52-a224-a8e7faa16b18" testId="c802827e-efe3-51e2-97c1-33d93500f3a2" testName="CitrixDelta_TestEvaluationDeltaRuleDeleteEntry" computerName="PRANAY-TEST" duration="00:00:01.9174098" startTime="2014-08-08T11:40:14.1368691-07:00" endTime="2014-08-08T11:40:16.0538691-07:00" testType="13cdc9d9-ddb5-4fa4-a97d-d965ccfc6d4b" outcome="Passed" testListId="8c84fa94-04c1-424b-9868-57a2d4851a1d" relativeResultsDirectory="d8f9679d-4c93-4f52-a224-a8e7faa16b18" />    <UnitTestResult executionId="7dd2a869-a0ea-4caf-85fd-84ccbdb04865" testId="37c47701-80c6-3896-9990-8d0409fca0c7" testName="CitrixFullTest_EvaluationAddEntriesFullImport" computerName="PRANAY-TEST" duration="00:00:01.9661573" startTime="2014-08-08T11:40:16.0548691-07:00" endTime="2014-08-08T11:40:18.0208691-07:00" testType="13cdc9d9-ddb5-4fa4-a97d-d965ccfc6d4b" outcome="Passed" testListId="8c84fa94-04c1-424b-9868-57a2d4851a1d" relativeResultsDirectory="7dd2a869-a0ea-4caf-85fd-84ccbdb04865" />    <UnitTestResult executionId="0c3abf2f-b10d-4994-afbf-3a3dbcda9376" testId="c217fbff-c242-d81e-c53e-034951fa27a1" testName="CitrixFullTest_EvaluationAddEntry" computerName="PRANAY-TEST" duration="00:00:01.5478556" startTime="2014-08-08T11:40:18.0208691-07:00" endTime="2014-08-08T11:40:19.5698691-07:00" testType="13cdc9d9-ddb5-4fa4-a97d-d965ccfc6d4b" outcome="Passed" testListId="8c84fa94-04c1-424b-9868-57a2d4851a1d" relativeResultsDirectory="0c3abf2f-b10d-4994-afbf-3a3dbcda9376" />    <UnitTestResult executionId="c55c80e7-308a-4a9f-a005-d3f4b46a63e4" testId="0fe007d5-ed59-ac2c-7270-c00726184183" testName="CitrixFullTest_EvaluationAddEntryWithIgnorableProperties" computerName="PRANAY-TEST" duration="00:00:00.8917551" startTime="2014-08-08T11:40:19.5698691-07:00" endTime="2014-08-08T11:40:20.4618691-07:00" testType="13cdc9d9-ddb5-4fa4-a97d-d965ccfc6d4b" outcome="Passed" testListId="8c84fa94-04c1-424b-9868-57a2d4851a1d" relativeResultsDirectory="c55c80e7-308a-4a9f-a005-d3f4b46a63e4" />    <UnitTestResult executionId="f3c9660f-ad65-49f8-84ec-d84d3c17cc78" testId="aec71a0d-2f7a-fc59-beff-f8db211207f9" testName="CitrixFullTest_EvaluationAddEntryWithRequiredFieldsAsEmpty" computerName="PRANAY-TEST" duration="00:00:01.1065694" startTime="2014-08-08T11:40:20.4618691-07:00" endTime="2014-08-08T11:40:21.5688691-07:00" testType="13cdc9d9-ddb5-4fa4-a97d-d965ccfc6d4b" outcome="Passed" testListId="8c84fa94-04c1-424b-9868-57a2d4851a1d" relativeResultsDirectory="f3c9660f-ad65-49f8-84ec-d84d3c17cc78" />    <UnitTestResult executionId="e4988d57-2b9c-4f43-ba3a-ae1f1428387f" testId="dc875d05-0ec9-5c9d-1997-10ead1823883" testName="CitrixFullTest_EvaluationUpdateEntryWithRequiredFieldsAsEmpty" computerName="PRANAY-TEST" duration="00:00:02.7660060" startTime="2014-08-08T11:40:21.5688691-07:00" endTime="2014-08-08T11:40:24.3348691-07:00" testType="13cdc9d9-ddb5-4fa4-a97d-d965ccfc6d4b" outcome="Passed" testListId="8c84fa94-04c1-424b-9868-57a2d4851a1d" relativeResultsDirectory="e4988d57-2b9c-4f43-ba3a-ae1f1428387f" />    <UnitTestResult executionId="bcd090b3-2888-47e2-853c-cb6a2d97c1f1" testId="c15a4323-c865-61a1-f1c0-7db6671dd0c5" testName="CitrixFullTest_EvaluationDeleteEntry" computerName="PRANAY-TEST" duration="00:00:00.1995295" startTime="2014-08-08T11:40:24.3348691-07:00" endTime="2014-08-08T11:40:24.5348691-07:00" testType="13cdc9d9-ddb5-4fa4-a97d-d965ccfc6d4b" outcome="Passed" testListId="8c84fa94-04c1-424b-9868-57a2d4851a1d" relativeResultsDirectory="bcd090b3-2888-47e2-853c-cb6a2d97c1f1" />    <UnitTestResult executionId="9e79b5ff-c36e-4f4e-b317-5a1d4d14eee3" testId="3a2aa1a8-e750-6b03-adca-533240319bbe" testName="CitrixFullTest_EvaluationUpdateEntry" computerName="PRANAY-TEST" duration="00:00:02.9026529" startTime="2014-08-08T11:40:24.5348691-07:00" endTime="2014-08-08T11:40:27.4378691-07:00" testType="13cdc9d9-ddb5-4fa4-a97d-d965ccfc6d4b" outcome="Passed" testListId="8c84fa94-04c1-424b-9868-57a2d4851a1d" relativeResultsDirectory="9e79b5ff-c36e-4f4e-b317-5a1d4d14eee3" />    <UnitTestResult executionId="059f79e5-9231-4410-b142-b26ea82dd8f3" testId="3aca52fc-b36b-3ce6-3854-24e5ad3b633e" testName="CitrixFullTest_EvaluationUpdateEntryWithIgnorableProperties" computerName="PRANAY-TEST" duration="00:00:02.0736506" startTime="2014-08-08T11:40:27.4378691-07:00" endTime="2014-08-08T11:40:29.5118691-07:00" testType="13cdc9d9-ddb5-4fa4-a97d-d965ccfc6d4b" outcome="Passed" testListId="8c84fa94-04c1-424b-9868-57a2d4851a1d" relativeResultsDirectory="059f79e5-9231-4410-b142-b26ea82dd8f3" />    <UnitTestResult executionId="3c936d07-3d6d-41f0-b76d-f09e0ea38e03" testId="617543fe-8bb1-69ac-e202-c14b90120b82" testName="GoogleAppsV2TestRuleEvaluationDeltaRuleAddUsersFullImport" computerName="PRANAY-TEST" duration="00:00:02.4048831" startTime="2014-08-08T11:40:29.5118691-07:00" endTime="2014-08-08T11:40:31.9178691-07:00" testType="13cdc9d9-ddb5-4fa4-a97d-d965ccfc6d4b" outcome="Passed" testListId="8c84fa94-04c1-424b-9868-57a2d4851a1d" relativeResultsDirectory="3c936d07-3d6d-41f0-b76d-f09e0ea38e03" />    <UnitTestResult executionId="b1ea457d-e276-4dd7-8e4a-b2912bbbacc5" testId="ec7a6886-8f1f-9c98-788a-f1395deea79c" testName="GoogleAppsV2TestRuleEvaluationDeltaRuleAddUser" computerName="PRANAY-TEST" duration="00:00:01.6791878" startTime="2014-08-08T11:40:31.9178691-07:00" endTime="2014-08-08T11:40:33.5968691-07:00" testType="13cdc9d9-ddb5-4fa4-a97d-d965ccfc6d4b" outcome="Passed" testListId="8c84fa94-04c1-424b-9868-57a2d4851a1d" relativeResultsDirectory="b1ea457d-e276-4dd7-8e4a-b2912bbbacc5" />    <UnitTestResult executionId="f279f54a-1f06-4da6-a8db-a71202dc6286" testId="f10fea4f-210b-311c-2d9a-d938a65ef8bd" testName="GoogleAppsV2TestRuleEvaluationDeltaRuleAddGroups" computerName="PRANAY-TEST" duration="00:00:04.6765621" startTime="2014-08-08T11:40:33.5968691-07:00" endTime="2014-08-08T11:40:38.2738691-07:00" testType="13cdc9d9-ddb5-4fa4-a97d-d965ccfc6d4b" outcome="Passed" testListId="8c84fa94-04c1-424b-9868-57a2d4851a1d" relativeResultsDirectory="f279f54a-1f06-4da6-a8db-a71202dc6286" />    <UnitTestResult executionId="080300b3-29ed-4e7a-8195-11acb8fceb7b" testId="69287587-ff02-4952-5676-76aac7f0a850" testName="GoogleAppsV2TestRuleEvaluationDeltaRuleDeleteGroup" computerName="PRANAY-TEST" duration="00:00:03.8020868" startTime="2014-08-08T11:40:38.2738691-07:00" endTime="2014-08-08T11:40:42.0758691-07:00" testType="13cdc9d9-ddb5-4fa4-a97d-d965ccfc6d4b" outcome="Passed" testListId="8c84fa94-04c1-424b-9868-57a2d4851a1d" relativeResultsDirectory="080300b3-29ed-4e7a-8195-11acb8fceb7b" />    <UnitTestResult executionId="214ce1fe-f5ee-4655-8262-c81c4ac81a15" testId="536eabeb-7113-6b80-aee1-bb4cd40b2e5c" testName="GoogleAppsV2TestRuleEvaluationDeltaRuleUpdateGroup" computerName="PRANAY-TEST" duration="00:00:06.3246220" startTime="2014-08-08T11:40:42.0758691-07:00" endTime="2014-08-08T11:40:48.4008691-07:00" testType="13cdc9d9-ddb5-4fa4-a97d-d965ccfc6d4b" outcome="Passed" testListId="8c84fa94-04c1-424b-9868-57a2d4851a1d" relativeResultsDirectory="214ce1fe-f5ee-4655-8262-c81c4ac81a15" />    <UnitTestResult executionId="0c01651d-7c21-4c2a-b06d-4361a57f3f3b" testId="edd2811f-67dc-6d8e-5162-b9fb7b189687" testName="GoogleAppsV2TestRuleEvaluationDeltaRuleAddUserConflictingJoiningProperty" computerName="PRANAY-TEST" duration="00:00:03.3579292" startTime="2014-08-08T11:40:48.4008691-07:00" endTime="2014-08-08T11:40:51.7588691-07:00" testType="13cdc9d9-ddb5-4fa4-a97d-d965ccfc6d4b" outcome="Passed" testListId="8c84fa94-04c1-424b-9868-57a2d4851a1d" relativeResultsDirectory="0c01651d-7c21-4c2a-b06d-4361a57f3f3b" />    <UnitTestResult executionId="f98f2749-d7a4-4b13-90d7-e4469dab1546" testId="b1caa5ee-fb23-be77-dff8-022592d0566f" testName="GoogleAppsV2TestRuleEvaluationDeltaRuleUpdateUser" computerName="PRANAY-TEST" duration="00:00:05.7249142" startTime="2014-08-08T11:40:51.7588691-07:00" endTime="2014-08-08T11:40:57.4838691-07:00" testType="13cdc9d9-ddb5-4fa4-a97d-d965ccfc6d4b" outcome="Passed" testListId="8c84fa94-04c1-424b-9868-57a2d4851a1d" relativeResultsDirectory="f98f2749-d7a4-4b13-90d7-e4469dab1546" />    <UnitTestResult executionId="91b80890-2085-48ae-bb90-20de510108a4" testId="255be184-a8f2-05c0-34eb-c01f1a136cdf" testName="GoogleAppsV2TestRuleEvaluationDeltaRuleUpdateEntrySuspendUser" computerName="PRANAY-TEST" duration="00:00:03.0830917" startTime="2014-08-08T11:40:57.4838691-07:00" endTime="2014-08-08T11:41:00.5678691-07:00" testType="13cdc9d9-ddb5-4fa4-a97d-d965ccfc6d4b" outcome="Passed" testListId="8c84fa94-04c1-424b-9868-57a2d4851a1d" relativeResultsDirectory="91b80890-2085-48ae-bb90-20de510108a4" />    <UnitTestResult executionId="9e8eea06-3319-478f-934b-9cf7e791a1db" testId="7296fedb-95e2-a60f-f7e7-1363c18db812" testName="GoogleAppsV2TestRuleEvaluationDeltaRuleUpdateUserModifyJoiningProperty" computerName="PRANAY-TEST" duration="00:00:03.5141219" startTime="2014-08-08T11:41:00.5678691-07:00" endTime="2014-08-08T11:41:04.0818691-07:00" testType="13cdc9d9-ddb5-4fa4-a97d-d965ccfc6d4b" outcome="Passed" testListId="8c84fa94-04c1-424b-9868-57a2d4851a1d" relativeResultsDirectory="9e8eea06-3319-478f-934b-9cf7e791a1db" />    <UnitTestResult executionId="e9091612-5066-4ee3-913f-6b913e1652ef" testId="20b90c17-d2ea-0339-d20d-c9c11ecafa4e" testName="GoogleAppsV2TestRuleEvaluationDeltaRuleDeleteUser" computerName="PRANAY-TEST" duration="00:00:01.6041074" startTime="2014-08-08T11:41:04.0818691-07:00" endTime="2014-08-08T11:41:05.6868691-07:00" testType="13cdc9d9-ddb5-4fa4-a97d-d965ccfc6d4b" outcome="Passed" testListId="8c84fa94-04c1-424b-9868-57a2d4851a1d" relativeResultsDirectory="e9091612-5066-4ee3-913f-6b913e1652ef" />    <UnitTestResult executionId="55a9fabb-b244-431e-9950-f15ed5ba3c03" testId="4aa00cac-a2e3-36c9-07fb-79e3809de0f2" testName="GoogleAppsV2TestRuleEvaluationDeltaRuleAddGroupMember" computerName="PRANAY-TEST" duration="00:00:03.0310024" startTime="2014-08-08T11:41:05.6868691-07:00" endTime="2014-08-08T11:41:08.7178691-07:00" testType="13cdc9d9-ddb5-4fa4-a97d-d965ccfc6d4b" outcome="Passed" testListId="8c84fa94-04c1-424b-9868-57a2d4851a1d" relativeResultsDirectory="55a9fabb-b244-431e-9950-f15ed5ba3c03" />    <UnitTestResult executionId="82431c33-1c07-41dd-8fe1-7d65b2649bc6" testId="2b48c906-4187-e2cf-7c11-cfe6d2116fd3" testName="GoogleAppsV2TestRuleEvaluationDeltaRuleDeleteGroupMember" computerName="PRANAY-TEST" duration="00:00:03.3987823" startTime="2014-08-08T11:41:08.7178691-07:00" endTime="2014-08-08T11:41:12.1168691-07:00" testType="13cdc9d9-ddb5-4fa4-a97d-d965ccfc6d4b" outcome="Passed" testListId="8c84fa94-04c1-424b-9868-57a2d4851a1d" relativeResultsDirectory="82431c33-1c07-41dd-8fe1-7d65b2649bc6" />    <UnitTestResult executionId="b387e4d7-6ed0-4196-b50d-acd98cafaf6f" testId="ce357d0d-f0ab-105f-4d84-ddc1116e418c" testName="SalesforceSandbox_TestEvaluationDeltaUpdateEntryJoiningProperty" computerName="PRANAY-TEST" duration="00:00:08.5776201" startTime="2014-08-08T11:41:12.1168691-07:00" endTime="2014-08-08T11:41:20.6948691-07:00" testType="13cdc9d9-ddb5-4fa4-a97d-d965ccfc6d4b" outcome="Passed" testListId="8c84fa94-04c1-424b-9868-57a2d4851a1d" relativeResultsDirectory="b387e4d7-6ed0-4196-b50d-acd98cafaf6f" />    <UnitTestResult executionId="2f262a3d-4176-4d05-bd11-6d72ccac3b3b" testId="bd7e38d7-1ecd-5bcc-d01d-cf56415c37af" testName="SalesforceSandbox_TestEvaluationDeltaAddEntryConflictingJoiningPropertyDeleteOldEntry" computerName="PRANAY-TEST" duration="00:00:02.8966737" startTime="2014-08-08T11:41:20.6948691-07:00" endTime="2014-08-08T11:41:23.5918691-07:00" testType="13cdc9d9-ddb5-4fa4-a97d-d965ccfc6d4b" outcome="Passed" testListId="8c84fa94-04c1-424b-9868-57a2d4851a1d" relativeResultsDirectory="2f262a3d-4176-4d05-bd11-6d72ccac3b3b" />    <UnitTestResult executionId="44d59012-f70b-480a-9f1d-ada01338b57d" testId="9014f1c5-7947-0520-ff2b-03002839a696" testName="SalesforceSandbox_TestEvaluationDeltaAddEntry" computerName="PRANAY-TEST" duration="00:00:04.1940732" startTime="2014-08-08T11:41:23.5918691-07:00" endTime="2014-08-08T11:41:27.7868691-07:00" testType="13cdc9d9-ddb5-4fa4-a97d-d965ccfc6d4b" outcome="Passed" testListId="8c84fa94-04c1-424b-9868-57a2d4851a1d" relativeResultsDirectory="44d59012-f70b-480a-9f1d-ada01338b57d" />    <UnitTestResult executionId="81450e2a-dfbd-408e-a7c6-593bad69c497" testId="d13e5f44-ac9c-f72b-0cff-385f1c33e0f1" testName="SalesforceSandbox_TestEvaluationDeltaUpdateEntryWithNoProperties" computerName="PRANAY-TEST" duration="00:00:02.7897690" startTime="2014-08-08T11:41:27.7868691-07:00" endTime="2014-08-08T11:41:30.5768691-07:00" testType="13cdc9d9-ddb5-4fa4-a97d-d965ccfc6d4b" outcome="Passed" testListId="8c84fa94-04c1-424b-9868-57a2d4851a1d" relativeResultsDirectory="81450e2a-dfbd-408e-a7c6-593bad69c497" />    <UnitTestResult executionId="729eea4c-b696-4ad4-864d-6720d50ff21e" testId="c6857374-f4ca-c972-9b8c-9192da29d384" testName="SalesforceSandbox_TestEvaluationDeltaAddEntryWithEmptyLast" computerName="PRANAY-TEST" duration="00:00:03.8075570" startTime="2014-08-08T11:41:30.5768691-07:00" endTime="2014-08-08T11:41:34.3838691-07:00" testType="13cdc9d9-ddb5-4fa4-a97d-d965ccfc6d4b" outcome="Passed" testListId="8c84fa94-04c1-424b-9868-57a2d4851a1d" relativeResultsDirectory="729eea4c-b696-4ad4-864d-6720d50ff21e" />    <UnitTestResult executionId="36253586-f337-4529-b14e-2b894f918d4a" testId="e552f827-28a3-e618-7d69-9b6a4a5837a9" testName="SalesforceSandbox_TestEvaluationDeltaAddUpdateEntryWithEmptyLast" computerName="PRANAY-TEST" duration="00:00:10.3945467" startTime="2014-08-08T11:41:34.3838691-07:00" endTime="2014-08-08T11:41:44.7788691-07:00" testType="13cdc9d9-ddb5-4fa4-a97d-d965ccfc6d4b" outcome="Passed" testListId="8c84fa94-04c1-424b-9868-57a2d4851a1d" relativeResultsDirectory="36253586-f337-4529-b14e-2b894f918d4a" />    <UnitTestResult executionId="a35d5883-078f-4f3f-a344-057843ee205c" testId="bb30121b-75dd-99c1-e175-00f6bd200252" testName="SalesforceSandbox_TestEvaluationDeltaAddUpdateEntrySoftMatchEmail" computerName="PRANAY-TEST" duration="00:00:04.4539763" startTime="2014-08-08T11:41:44.7788691-07:00" endTime="2014-08-08T11:41:49.2328691-07:00" testType="13cdc9d9-ddb5-4fa4-a97d-d965ccfc6d4b" outcome="Passed" testListId="8c84fa94-04c1-424b-9868-57a2d4851a1d" relativeResultsDirectory="a35d5883-078f-4f3f-a344-057843ee205c" />    <UnitTestResult executionId="abd6038c-d881-4a08-a768-f4057d33d4ba" testId="a13cfe5a-143d-0ce3-436a-3d02afb6c98d" testName="SalesforceSandbox_TestEvaluationDeltaAddEntrySoftDeleteReactivation" computerName="PRANAY-TEST" duration="00:00:19.6663299" startTime="2014-08-08T11:41:49.2328691-07:00" endTime="2014-08-08T11:42:08.8988691-07:00" testType="13cdc9d9-ddb5-4fa4-a97d-d965ccfc6d4b" outcome="Passed" testListId="8c84fa94-04c1-424b-9868-57a2d4851a1d" relativeResultsDirectory="abd6038c-d881-4a08-a768-f4057d33d4ba" />    <UnitTestResult executionId="e38394bb-23c7-4655-bddf-c75c80877e90" testId="5799fda4-5ed8-b192-d1e6-37760c261b21" testName="SalesforceSandbox_TestEvaluationDeltaDeleteEntry" computerName="PRANAY-TEST" duration="00:00:06.4042225" startTime="2014-08-08T11:42:08.8988691-07:00" endTime="2014-08-08T11:42:15.3028691-07:00" testType="13cdc9d9-ddb5-4fa4-a97d-d965ccfc6d4b" outcome="Passed" testListId="8c84fa94-04c1-424b-9868-57a2d4851a1d" relativeResultsDirectory="e38394bb-23c7-4655-bddf-c75c80877e90" />    <UnitTestResult executionId="f73509aa-bab1-44e6-97e4-ea4a8f7ca7f2" testId="6ffc6326-ee2e-2fd1-658f-19cd53cf4b99" testName="JiveTestEvaluationDeltaUpdateEntryAddModifySingleValued" computerName="PRANAY-TEST" duration="00:00:33.2869655" startTime="2014-08-08T11:42:15.3028691-07:00" endTime="2014-08-08T11:42:48.5918691-07:00" testType="13cdc9d9-ddb5-4fa4-a97d-d965ccfc6d4b" outcome="Passed" testListId="8c84fa94-04c1-424b-9868-57a2d4851a1d" relativeResultsDirectory="f73509aa-bab1-44e6-97e4-ea4a8f7ca7f2" />    <UnitTestResult executionId="54eec3b9-6cb1-4f0a-a4d2-c619ef7531cf" testId="6e756866-f482-035c-c92d-6eaa313addc1" testName="JiveTestEvaluationDeltaUpdateEntryJoiningProperty" computerName="PRANAY-TEST" duration="00:00:16.9530680" startTime="2014-08-08T11:42:48.5918691-07:00" endTime="2014-08-08T11:43:05.5448691-07:00" testType="13cdc9d9-ddb5-4fa4-a97d-d965ccfc6d4b" outcome="Passed" testListId="8c84fa94-04c1-424b-9868-57a2d4851a1d" relativeResultsDirectory="54eec3b9-6cb1-4f0a-a4d2-c619ef7531cf" />    <UnitTestResult executionId="9ca4acfc-9066-46e6-8f9c-2d94edfa15d7" testId="34e8b2d1-ec07-9235-70d0-8cfe5f413feb" testName="JiveTestEvaluationDeltaAddAndUpdateEntryInSamePage" computerName="PRANAY-TEST" duration="00:00:05.0718864" startTime="2014-08-08T11:43:05.5448691-07:00" endTime="2014-08-08T11:43:10.6168691-07:00" testType="13cdc9d9-ddb5-4fa4-a97d-d965ccfc6d4b" outcome="Passed" testListId="8c84fa94-04c1-424b-9868-57a2d4851a1d" relativeResultsDirectory="9ca4acfc-9066-46e6-8f9c-2d94edfa15d7" />    <UnitTestResult executionId="1994dc0a-6ce9-492b-9995-c505c35cb607" testId="3017499b-38c0-64e9-550e-c64d4f114a48" testName="JiveTestEvaluationDeltaUpdateEntryWithIndependentTargetDirectoryUpdateToJoiningProperty" computerName="PRANAY-TEST" duration="00:00:14.6677554" startTime="2014-08-08T11:43:10.6168691-07:00" endTime="2014-08-08T11:43:25.2848691-07:00" testType="13cdc9d9-ddb5-4fa4-a97d-d965ccfc6d4b" outcome="Passed" testListId="8c84fa94-04c1-424b-9868-57a2d4851a1d" relativeResultsDirectory="1994dc0a-6ce9-492b-9995-c505c35cb607" />    <UnitTestResult executionId="2f444759-5ac3-43ca-94f0-a4020afdb3a4" testId="952c029d-df7c-0071-1a76-7284a18f486c" testName="JiveTestEvaluationDeltaUpdateEntryNoEntitledAddModifySingleValued" computerName="PRANAY-TEST" duration="00:00:14.9999076" startTime="2014-08-08T11:43:25.2848691-07:00" endTime="2014-08-08T11:43:40.2888691-07:00" testType="13cdc9d9-ddb5-4fa4-a97d-d965ccfc6d4b" outcome="Passed" testListId="8c84fa94-04c1-424b-9868-57a2d4851a1d" relativeResultsDirectory="2f444759-5ac3-43ca-94f0-a4020afdb3a4" />    <UnitTestResult executionId="c1c8f95d-3194-428d-a662-7bbb1ccbf11f" testId="0d930d5a-5674-621c-a13b-ed02061faa99" testName="JiveTestEvaluationDeltaAddEntryAddModifySingleValued" computerName="PRANAY-TEST" duration="00:00:14.4988988" startTime="2014-08-08T11:43:40.2888691-07:00" endTime="2014-08-08T11:43:54.7878691-07:00" testType="13cdc9d9-ddb5-4fa4-a97d-d965ccfc6d4b" outcome="Passed" testListId="8c84fa94-04c1-424b-9868-57a2d4851a1d" relativeResultsDirectory="c1c8f95d-3194-428d-a662-7bbb1ccbf11f" />    <UnitTestResult executionId="b740a75b-1b7a-4146-bd40-d8d5c3b5b856" testId="091337bf-85b5-b841-b436-68e3b6e70561" testName="JiveTestEvaluationDeltaAddEntry" computerName="PRANAY-TEST" duration="00:00:15.6562390" startTime="2014-08-08T11:43:54.7878691-07:00" endTime="2014-08-08T11:44:10.4438691-07:00" testType="13cdc9d9-ddb5-4fa4-a97d-d965ccfc6d4b" outcome="Passed" testListId="8c84fa94-04c1-424b-9868-57a2d4851a1d" relativeResultsDirectory="b740a75b-1b7a-4146-bd40-d8d5c3b5b856" />    <UnitTestResult executionId="54aed78c-8690-498c-960a-a864a950cf30" testId="eaf97ccf-ef19-7f33-04a4-bf5e20ab7e1e" testName="JiveTestEvaluationDeltaAddEntryWithEmptyLast" computerName="PRANAY-TEST" duration="00:00:14.7712552" startTime="2014-08-08T11:44:10.4438691-07:00" endTime="2014-08-08T11:44:25.2148691-07:00" testType="13cdc9d9-ddb5-4fa4-a97d-d965ccfc6d4b" outcome="Passed" testListId="8c84fa94-04c1-424b-9868-57a2d4851a1d" relativeResultsDirectory="54aed78c-8690-498c-960a-a864a950cf30" />    <UnitTestResult executionId="23f2bf4f-5b95-4a20-885c-25df355ef9e3" testId="b396295e-5023-b10a-8e18-6df79e1b4d7d" testName="JiveTestEvaluationDeltaAddUpdateEntryWithEmptyLast" computerName="PRANAY-TEST" duration="00:00:15.9305072" startTime="2014-08-08T11:44:25.2198691-07:00" endTime="2014-08-08T11:44:41.1508691-07:00" testType="13cdc9d9-ddb5-4fa4-a97d-d965ccfc6d4b" outcome="Passed" testListId="8c84fa94-04c1-424b-9868-57a2d4851a1d" relativeResultsDirectory="23f2bf4f-5b95-4a20-885c-25df355ef9e3" />    <UnitTestResult executionId="416c762c-9a73-4691-a426-5904221a71cb" testId="3d4889c7-64dd-93f6-2c30-51016d55f4cf" testName="JiveTestEvaluationDeltaAddEntrySoftDeleteReactivation" computerName="PRANAY-TEST" duration="00:00:15.4408635" startTime="2014-08-08T11:44:41.1508691-07:00" endTime="2014-08-08T11:44:56.5918691-07:00" testType="13cdc9d9-ddb5-4fa4-a97d-d965ccfc6d4b" outcome="Passed" testListId="8c84fa94-04c1-424b-9868-57a2d4851a1d" relativeResultsDirectory="416c762c-9a73-4691-a426-5904221a71cb" />    <UnitTestResult executionId="d51aec5e-b12e-496b-8578-478a88f94edb" testId="47681b42-15a9-9c7b-a929-e1193ac0421c" testName="JiveTestEvaluationDeltaDeleteEntry" computerName="PRANAY-TEST" duration="00:00:24.0248347" startTime="2014-08-08T11:44:56.5918691-07:00" endTime="2014-08-08T11:45:20.6158691-07:00" testType="13cdc9d9-ddb5-4fa4-a97d-d965ccfc6d4b" outcome="Passed" testListId="8c84fa94-04c1-424b-9868-57a2d4851a1d" relativeResultsDirectory="d51aec5e-b12e-496b-8578-478a88f94edb" />    <UnitTestResult executionId="6698e476-dde2-42f8-82f6-d4f95962ee07" testId="85748b08-7dc9-64b7-3b53-8114bfc53f7d" testName="Docusign_TestEvaluationDeltaRuleAddEntriesFullImport" computerName="PRANAY-TEST" duration="00:00:01.3516694" startTime="2014-08-08T11:45:20.6158691-07:00" endTime="2014-08-08T11:45:21.9678691-07:00" testType="13cdc9d9-ddb5-4fa4-a97d-d965ccfc6d4b" outcome="Passed" testListId="8c84fa94-04c1-424b-9868-57a2d4851a1d" relativeResultsDirectory="6698e476-dde2-42f8-82f6-d4f95962ee07" />    <UnitTestResult executionId="b3946703-e4d9-416c-97ba-4fc8cef5e1d3" testId="5162f402-29f5-262c-91de-627391be3a72" testName="Docusign_TestEvaluationDeltaRuleAddEntry" computerName="PRANAY-TEST" duration="00:00:00.5229324" startTime="2014-08-08T11:45:21.9678691-07:00" endTime="2014-08-08T11:45:22.4918691-07:00" testType="13cdc9d9-ddb5-4fa4-a97d-d965ccfc6d4b" outcome="Passed" testListId="8c84fa94-04c1-424b-9868-57a2d4851a1d" relativeResultsDirectory="b3946703-e4d9-416c-97ba-4fc8cef5e1d3" />    <UnitTestResult executionId="224acc76-2d1b-475e-87da-06aec881e380" testId="8b88ae79-ba8c-368b-c8b4-a1e8180902d4" testName="Docusign_TestEvaluationAddEntryWithIgnorableProperties" computerName="PRANAY-TEST" duration="00:00:00.2448578" startTime="2014-08-08T11:45:22.4918691-07:00" endTime="2014-08-08T11:45:22.7368691-07:00" testType="13cdc9d9-ddb5-4fa4-a97d-d965ccfc6d4b" outcome="Passed" testListId="8c84fa94-04c1-424b-9868-57a2d4851a1d" relativeResultsDirectory="224acc76-2d1b-475e-87da-06aec881e380" />    <UnitTestResult executionId="dba8b213-4282-4923-9108-2e7ceea1c724" testId="3d8365c0-0f15-3f62-703a-11d9cbdffa3a" testName="Docusign_TestEvaluationDeltaRuleUpdateEntry" computerName="PRANAY-TEST" duration="00:00:01.2022219" startTime="2014-08-08T11:45:22.7368691-07:00" endTime="2014-08-08T11:45:23.9388691-07:00" testType="13cdc9d9-ddb5-4fa4-a97d-d965ccfc6d4b" outcome="Passed" testListId="8c84fa94-04c1-424b-9868-57a2d4851a1d" relativeResultsDirectory="dba8b213-4282-4923-9108-2e7ceea1c724" />    <UnitTestResult executionId="21f7fae3-ebc0-4604-9843-2f7645feee17" testId="95457a60-b298-1c36-92a6-31b400395a2f" testName="Docusign_TestEvaluationDeltaRuleUpdateEntryJoiningProperty" computerName="PRANAY-TEST" duration="00:00:01.3543010" startTime="2014-08-08T11:45:23.9388691-07:00" endTime="2014-08-08T11:45:25.2938691-07:00" testType="13cdc9d9-ddb5-4fa4-a97d-d965ccfc6d4b" outcome="Passed" testListId="8c84fa94-04c1-424b-9868-57a2d4851a1d" relativeResultsDirectory="21f7fae3-ebc0-4604-9843-2f7645feee17" />    <UnitTestResult executionId="226d08a5-dcca-45c7-a69c-48490bb14c4e" testId="d7e373c2-9659-4f2a-6daf-4d79aaa69015" testName="Docusign_TestEvaluationDeltaRuleAddEntryRequiredFieldsAsMissing" computerName="PRANAY-TEST" duration="00:00:00.4879387" startTime="2014-08-08T11:45:25.2938691-07:00" endTime="2014-08-08T11:45:25.7818691-07:00" testType="13cdc9d9-ddb5-4fa4-a97d-d965ccfc6d4b" outcome="Passed" testListId="8c84fa94-04c1-424b-9868-57a2d4851a1d" relativeResultsDirectory="226d08a5-dcca-45c7-a69c-48490bb14c4e" />    <UnitTestResult executionId="e11f925e-e736-4e34-b40e-a9fd6e9327f6" testId="d6d8a4b0-d6c2-3a37-54f3-f8cced528ca8" testName="Docusign_TestEvaluationDeltaRuleUpdateEntryRequiredFieldsAsMissing" computerName="PRANAY-TEST" duration="00:00:00.8864258" startTime="2014-08-08T11:45:25.7818691-07:00" endTime="2014-08-08T11:45:26.6688691-07:00" testType="13cdc9d9-ddb5-4fa4-a97d-d965ccfc6d4b" outcome="Passed" testListId="8c84fa94-04c1-424b-9868-57a2d4851a1d" relativeResultsDirectory="e11f925e-e736-4e34-b40e-a9fd6e9327f6" />    <UnitTestResult executionId="e70c336e-5fee-48b7-9a12-5353bcc2fba6" testId="b792b0dd-b3be-a3f1-3bcd-c107590d6fc8" testName="Docusign_TestEvaluationDeltaRuleDeleteEntry" computerName="PRANAY-TEST" duration="00:00:00.8260350" startTime="2014-08-08T11:45:26.6688691-07:00" endTime="2014-08-08T11:45:27.4948691-07:00" testType="13cdc9d9-ddb5-4fa4-a97d-d965ccfc6d4b" outcome="Passed" testListId="8c84fa94-04c1-424b-9868-57a2d4851a1d" relativeResultsDirectory="e70c336e-5fee-48b7-9a12-5353bcc2fba6" />    <UnitTestResult executionId="2dfae999-fac7-4e39-995b-a550f8fbc955" testId="91a628cf-6390-b172-ec50-f63ad9c3c70a" testName="TestLookupResolution" computerName="PRANAY-TEST" duration="00:00:02.7664787" startTime="2014-08-08T11:45:27.4948691-07:00" endTime="2014-08-08T11:45:30.2618691-07:00" testType="13cdc9d9-ddb5-4fa4-a97d-d965ccfc6d4b" outcome="Passed" testListId="8c84fa94-04c1-424b-9868-57a2d4851a1d" relativeResultsDirectory="2dfae999-fac7-4e39-995b-a550f8fbc955" />    <UnitTestResult executionId="2becc5ae-9b29-486b-8c96-7cb06c769945" testId="5227561d-0c30-e557-2058-442448cccced" testName="TestMinimizingExports" computerName="PRANAY-TEST" duration="00:00:01.7258527" startTime="2014-08-08T11:45:30.2628691-07:00" endTime="2014-08-08T11:45:31.9888691-07:00" testType="13cdc9d9-ddb5-4fa4-a97d-d965ccfc6d4b" outcome="Passed" testListId="8c84fa94-04c1-424b-9868-57a2d4851a1d" relativeResultsDirectory="2becc5ae-9b29-486b-8c96-7cb06c769945" />    <UnitTestResult executionId="f8b44914-f1a1-4c05-a73d-022efc396c75" testId="6065a504-a92c-35a8-bdda-2f7c8a7a04be" testName="TestMinimizingExports" computerName="PRANAY-TEST" duration="00:00:00.9423180" startTime="2014-08-08T11:45:31.9888691-07:00" endTime="2014-08-08T11:45:32.9318691-07:00" testType="13cdc9d9-ddb5-4fa4-a97d-d965ccfc6d4b" outcome="Passed" testListId="8c84fa94-04c1-424b-9868-57a2d4851a1d" relativeResultsDirectory="f8b44914-f1a1-4c05-a73d-022efc396c75" />    <UnitTestResult executionId="eb0d4be0-c75d-409b-8aa6-a3f55e9d8d39" testId="f1ecc676-796a-bab7-4397-5b1a209a370e" testName="TestResolvingReferencesAgainstExportedEntries" computerName="PRANAY-TEST" duration="00:00:00.8137464" startTime="2014-08-08T11:45:32.9318691-07:00" endTime="2014-08-08T11:45:33.7458691-07:00" testType="13cdc9d9-ddb5-4fa4-a97d-d965ccfc6d4b" outcome="Passed" testListId="8c84fa94-04c1-424b-9868-57a2d4851a1d" relativeResultsDirectory="eb0d4be0-c75d-409b-8aa6-a3f55e9d8d39" />    <UnitTestResult executionId="9ea252e0-5a90-439d-aece-1b5171d89bd2" testId="9d4e3f4b-b86d-ac90-281e-a3304ca44c7a" testName="TestResolvingReferencesAgainstExportingAddEntries" computerName="PRANAY-TEST" duration="00:00:00.6115775" startTime="2014-08-08T11:45:33.7458691-07:00" endTime="2014-08-08T11:45:34.3578691-07:00" testType="13cdc9d9-ddb5-4fa4-a97d-d965ccfc6d4b" outcome="Passed" testListId="8c84fa94-04c1-424b-9868-57a2d4851a1d" relativeResultsDirectory="9ea252e0-5a90-439d-aece-1b5171d89bd2" />    <UnitTestResult executionId="544be4d0-2565-4650-963c-0be70600ee66" testId="2e900f6c-f222-7463-9386-904886bc3987" testName="TestResolvingReferencesAgainstExportingUpdateEntries" computerName="PRANAY-TEST" duration="00:00:01.2753483" startTime="2014-08-08T11:45:34.3578691-07:00" endTime="2014-08-08T11:45:35.6338691-07:00" testType="13cdc9d9-ddb5-4fa4-a97d-d965ccfc6d4b" outcome="Passed" testListId="8c84fa94-04c1-424b-9868-57a2d4851a1d" relativeResultsDirectory="544be4d0-2565-4650-963c-0be70600ee66" />    <UnitTestResult executionId="6cb806e5-6ea4-45cb-b764-0128d2edd10e" testId="cead4fa1-0663-8c43-4ad1-6fe47f1fad71" testName="TestResolvingReferencesAgainstExportingAddAndUpdateSameEntry" computerName="PRANAY-TEST" duration="00:00:00.7681071" startTime="2014-08-08T11:45:35.6338691-07:00" endTime="2014-08-08T11:45:36.4018691-07:00" testType="13cdc9d9-ddb5-4fa4-a97d-d965ccfc6d4b" outcome="Passed" testListId="8c84fa94-04c1-424b-9868-57a2d4851a1d" relativeResultsDirectory="6cb806e5-6ea4-45cb-b764-0128d2edd10e" />    <UnitTestResult executionId="0d0394fb-55be-4d1b-9eae-cfc204ddb7f7" testId="832ac897-24f2-4376-a38f-7a7babe3ddd0" testName="TestResolvingReferencesAgainstUnexportableEntries" computerName="PRANAY-TEST" duration="00:00:00.5657184" startTime="2014-08-08T11:45:36.4018691-07:00" endTime="2014-08-08T11:45:36.9678691-07:00" testType="13cdc9d9-ddb5-4fa4-a97d-d965ccfc6d4b" outcome="Passed" testListId="8c84fa94-04c1-424b-9868-57a2d4851a1d" relativeResultsDirectory="0d0394fb-55be-4d1b-9eae-cfc204ddb7f7" />    <UnitTestResult executionId="8565741b-cd06-4c3f-b9d7-3bb9a3648e02" testId="ee292ed4-7a55-7777-699a-a518b7cfd1ca" testName="TestResolvingReferencesAgainstUnexportedEntries" computerName="PRANAY-TEST" duration="00:00:01.0769158" startTime="2014-08-08T11:45:36.9678691-07:00" endTime="2014-08-08T11:45:38.0448691-07:00" testType="13cdc9d9-ddb5-4fa4-a97d-d965ccfc6d4b" outcome="Passed" testListId="8c84fa94-04c1-424b-9868-57a2d4851a1d" relativeResultsDirectory="8565741b-cd06-4c3f-b9d7-3bb9a3648e02" />    <UnitTestResult executionId="d71e5494-591d-409c-849d-7911823e652a" testId="cc4fe52d-0f69-5c52-bdec-2608a267a54e" testName="TestReferenceResolutionFailure" computerName="PRANAY-TEST" duration="00:00:00.5846155" startTime="2014-08-08T11:45:38.0448691-07:00" endTime="2014-08-08T11:45:38.6298691-07:00" testType="13cdc9d9-ddb5-4fa4-a97d-d965ccfc6d4b" outcome="Passed" testListId="8c84fa94-04c1-424b-9868-57a2d4851a1d" relativeResultsDirectory="d71e5494-591d-409c-849d-7911823e652a" />    <UnitTestResult executionId="72a97f82-823f-40ac-a017-48a0cf400dcb" testId="a19eaff0-c5e9-eddf-7936-97254f10056a" testName="TestResolvingReferencesAgainstExportedEntries" computerName="PRANAY-TEST" duration="00:00:01.3479288" startTime="2014-08-08T11:45:38.6298691-07:00" endTime="2014-08-08T11:45:39.9788691-07:00" testType="13cdc9d9-ddb5-4fa4-a97d-d965ccfc6d4b" outcome="Passed" testListId="8c84fa94-04c1-424b-9868-57a2d4851a1d" relativeResultsDirectory="72a97f82-823f-40ac-a017-48a0cf400dcb" />    <UnitTestResult executionId="ede3f9d5-a46f-43a8-b3e4-e030fc3c5558" testId="4169e968-29c7-4101-5a8e-fc0103ed595d" testName="TestResolvingReferencesAgainstExportingAddEntries" computerName="PRANAY-TEST" duration="00:00:01.4013758" startTime="2014-08-08T11:45:39.9788691-07:00" endTime="2014-08-08T11:45:41.3808691-07:00" testType="13cdc9d9-ddb5-4fa4-a97d-d965ccfc6d4b" outcome="Passed" testListId="8c84fa94-04c1-424b-9868-57a2d4851a1d" relativeResultsDirectory="ede3f9d5-a46f-43a8-b3e4-e030fc3c5558" />    <UnitTestResult executionId="48714f25-613e-4b32-a666-e971c05fcff6" testId="268b44ec-1a76-f505-10e8-530521ddd1b7" testName="TestResolvingReferencesAgainstExportingUpdateEntries" computerName="PRANAY-TEST" duration="00:00:02.3864857" startTime="2014-08-08T11:45:41.3808691-07:00" endTime="2014-08-08T11:45:43.7668691-07:00" testType="13cdc9d9-ddb5-4fa4-a97d-d965ccfc6d4b" outcome="Passed" testListId="8c84fa94-04c1-424b-9868-57a2d4851a1d" relativeResultsDirectory="48714f25-613e-4b32-a666-e971c05fcff6" />    <UnitTestResult executionId="0b63005c-4427-4c11-8828-b014ac0e9c09" testId="74f2ae45-7b48-2f5e-bfc5-8f6ebec21a81" testName="TestResolvingReferencesAgainstUnexportableEntries" computerName="PRANAY-TEST" duration="00:00:01.6023767" startTime="2014-08-08T11:45:43.7668691-07:00" endTime="2014-08-08T11:45:45.3698691-07:00" testType="13cdc9d9-ddb5-4fa4-a97d-d965ccfc6d4b" outcome="Passed" testListId="8c84fa94-04c1-424b-9868-57a2d4851a1d" relativeResultsDirectory="0b63005c-4427-4c11-8828-b014ac0e9c09" />    <UnitTestResult executionId="6f378534-2b35-4ad9-a1d0-e2134c02b58f" testId="c55c81cb-28de-ac89-2db8-1e7748a3a754" testName="TestResolvingReferencesAgainstUnexportedEntries" computerName="PRANAY-TEST" duration="00:00:02.4993434" startTime="2014-08-08T11:45:45.3698691-07:00" endTime="2014-08-08T11:45:47.8698691-07:00" testType="13cdc9d9-ddb5-4fa4-a97d-d965ccfc6d4b" outcome="Passed" testListId="8c84fa94-04c1-424b-9868-57a2d4851a1d" relativeResultsDirectory="6f378534-2b35-4ad9-a1d0-e2134c02b58f" />    <UnitTestResult executionId="676c9510-7c8e-49f0-83a6-bdf3dc7261ac" testId="989fb13e-274d-68fb-9b69-f09b6c7aece1" testName="TestReferenceResolutionFailure" computerName="PRANAY-TEST" duration="00:00:01.7953920" startTime="2014-08-08T11:45:47.8698691-07:00" endTime="2014-08-08T11:45:49.6648691-07:00" testType="13cdc9d9-ddb5-4fa4-a97d-d965ccfc6d4b" outcome="Passed" testListId="8c84fa94-04c1-424b-9868-57a2d4851a1d" relativeResultsDirectory="676c9510-7c8e-49f0-83a6-bdf3dc7261ac" />    <UnitTestResult executionId="c81a4324-8291-4f0f-b785-922eb83e1abe" testId="ec1d30da-b7c7-a747-648b-5c33fe6ed928" testName="TestEvaluationDeltaRuleAddEntriesFullImport" computerName="PRANAY-TEST" duration="00:00:02.7242520" startTime="2014-08-08T11:45:49.6648691-07:00" endTime="2014-08-08T11:45:52.3898691-07:00" testType="13cdc9d9-ddb5-4fa4-a97d-d965ccfc6d4b" outcome="Passed" testListId="8c84fa94-04c1-424b-9868-57a2d4851a1d" relativeResultsDirectory="c81a4324-8291-4f0f-b785-922eb83e1abe" />    <UnitTestResult executionId="6abdb2cf-0d8d-4368-8a89-66493131c2b5" testId="a345d540-91fb-da11-9330-90ce41adb41e" testName="TestEvaluationDeltaRuleAddEntry" computerName="PRANAY-TEST" duration="00:00:01.4151184" startTime="2014-08-08T11:45:52.3898691-07:00" endTime="2014-08-08T11:45:53.8058691-07:00" testType="13cdc9d9-ddb5-4fa4-a97d-d965ccfc6d4b" outcome="Passed" testListId="8c84fa94-04c1-424b-9868-57a2d4851a1d" relativeResultsDirectory="6abdb2cf-0d8d-4368-8a89-66493131c2b5" />    <UnitTestResult executionId="321a1499-725f-4b13-9138-d190046c7b41" testId="99b1c96f-b7b0-7844-aacc-15cb99429656" testName="TestEvaluationDeltaRuleUpdateEntry" computerName="PRANAY-TEST" duration="00:00:01.8740106" startTime="2014-08-08T11:45:53.8058691-07:00" endTime="2014-08-08T11:45:55.6798691-07:00" testType="13cdc9d9-ddb5-4fa4-a97d-d965ccfc6d4b" outcome="Passed" testListId="8c84fa94-04c1-424b-9868-57a2d4851a1d" relativeResultsDirectory="321a1499-725f-4b13-9138-d190046c7b41" />    <UnitTestResult executionId="0c89d0c3-c932-49f8-9083-cf94a45d7093" testId="33aeeeb2-14ab-6cb4-8c56-33c7ed859282" testName="TestEvaluationDeltaRuleAddEntryRequiredFieldsAsMissing" computerName="PRANAY-TEST" duration="00:00:01.4652436" startTime="2014-08-08T11:45:55.6798691-07:00" endTime="2014-08-08T11:45:57.1458691-07:00" testType="13cdc9d9-ddb5-4fa4-a97d-d965ccfc6d4b" outcome="Passed" testListId="8c84fa94-04c1-424b-9868-57a2d4851a1d" relativeResultsDirectory="0c89d0c3-c932-49f8-9083-cf94a45d7093" />    <UnitTestResult executionId="e5145bdf-f125-4a05-9e2d-0901162708a9" testId="69e4e5f6-4617-ddeb-f5c0-0df9ec15f089" testName="TestEvaluationDeltaRuleUpdateEntryRequiredFieldsAsMissing" computerName="PRANAY-TEST" duration="00:00:01.4592779" startTime="2014-08-08T11:45:57.1458691-07:00" endTime="2014-08-08T11:45:58.6048691-07:00" testType="13cdc9d9-ddb5-4fa4-a97d-d965ccfc6d4b" outcome="Passed" testListId="8c84fa94-04c1-424b-9868-57a2d4851a1d" relativeResultsDirectory="e5145bdf-f125-4a05-9e2d-0901162708a9" />    <UnitTestResult executionId="e9d57bc3-2f99-417c-a091-c5a5760746a5" testId="dc8d6ebb-9235-1b29-f2bf-247a86c5d2d5" testName="TestEvaluationDeltaRuleDeleteEntry" computerName="PRANAY-TEST" duration="00:00:02.3749585" startTime="2014-08-08T11:45:58.6048691-07:00" endTime="2014-08-08T11:46:00.9798691-07:00" testType="13cdc9d9-ddb5-4fa4-a97d-d965ccfc6d4b" outcome="Passed" testListId="8c84fa94-04c1-424b-9868-57a2d4851a1d" relativeResultsDirectory="e9d57bc3-2f99-417c-a091-c5a5760746a5" />    <UnitTestResult executionId="28f45b0e-71bc-4e32-8e9e-643b4c723da2" testId="11da0646-c7f5-7d32-4d0f-bea367d7b422" testName="TestEvaluationAddEntriesFullImport" computerName="PRANAY-TEST" duration="00:00:03.0353486" startTime="2014-08-08T11:46:00.9808691-07:00" endTime="2014-08-08T11:46:04.0158691-07:00" testType="13cdc9d9-ddb5-4fa4-a97d-d965ccfc6d4b" outcome="Passed" testListId="8c84fa94-04c1-424b-9868-57a2d4851a1d" relativeResultsDirectory="28f45b0e-71bc-4e32-8e9e-643b4c723da2" />    <UnitTestResult executionId="738f71f6-b48a-49f5-823c-c19eed647b75" testId="ee866577-d015-1c98-5ff2-3dfa2a28b7ba" testName="TestEvaluationAddEntry" computerName="PRANAY-TEST" duration="00:00:01.3557634" startTime="2014-08-08T11:46:04.0168691-07:00" endTime="2014-08-08T11:46:05.3728691-07:00" testType="13cdc9d9-ddb5-4fa4-a97d-d965ccfc6d4b" outcome="Passed" testListId="8c84fa94-04c1-424b-9868-57a2d4851a1d" relativeResultsDirectory="738f71f6-b48a-49f5-823c-c19eed647b75" />    <UnitTestResult executionId="21259861-687c-4038-ab4a-2ddf6fd2cdf5" testId="167f0931-9689-51f3-a3ba-2cfe36f8bde4" testName="TestEvaluationAddEntryWithRequiredFieldsAsEmpty" computerName="PRANAY-TEST" duration="00:00:01.1416209" startTime="2014-08-08T11:46:05.3728691-07:00" endTime="2014-08-08T11:46:06.5148691-07:00" testType="13cdc9d9-ddb5-4fa4-a97d-d965ccfc6d4b" outcome="Passed" testListId="8c84fa94-04c1-424b-9868-57a2d4851a1d" relativeResultsDirectory="21259861-687c-4038-ab4a-2ddf6fd2cdf5" />    <UnitTestResult executionId="b5d49dc0-0772-4563-adfb-cac7cdf16e37" testId="2ce5b921-6348-0da7-d91e-f8945c46a0ca" testName="TestEvaluationUpdateEntryWithRequiredFieldsAsEmpty" computerName="PRANAY-TEST" duration="00:00:01.4873485" startTime="2014-08-08T11:46:06.5148691-07:00" endTime="2014-08-08T11:46:08.0018691-07:00" testType="13cdc9d9-ddb5-4fa4-a97d-d965ccfc6d4b" outcome="Passed" testListId="8c84fa94-04c1-424b-9868-57a2d4851a1d" relativeResultsDirectory="b5d49dc0-0772-4563-adfb-cac7cdf16e37" />    <UnitTestResult executionId="a2e3ac54-112f-4000-a3db-05e225941a59" testId="b918301d-50a2-2839-8203-268dedb44412" testName="TestEvaluationDeleteEntry" computerName="PRANAY-TEST" duration="00:00:00.2219871" startTime="2014-08-08T11:46:08.0028691-07:00" endTime="2014-08-08T11:46:08.2248691-07:00" testType="13cdc9d9-ddb5-4fa4-a97d-d965ccfc6d4b" outcome="Passed" testListId="8c84fa94-04c1-424b-9868-57a2d4851a1d" relativeResultsDirectory="a2e3ac54-112f-4000-a3db-05e225941a59" />    <UnitTestResult executionId="752d6414-0478-411d-9f93-63d8a986d9e1" testId="808993b3-9819-5267-21ac-0abf2a5f56e3" testName="TestEvaluationUpdateEntry" computerName="PRANAY-TEST" duration="00:00:02.4552705" startTime="2014-08-08T11:46:08.2248691-07:00" endTime="2014-08-08T11:46:10.6798691-07:00" testType="13cdc9d9-ddb5-4fa4-a97d-d965ccfc6d4b" outcome="Passed" testListId="8c84fa94-04c1-424b-9868-57a2d4851a1d" relativeResultsDirectory="752d6414-0478-411d-9f93-63d8a986d9e1" />    <UnitTestResult executionId="46949304-5ea3-44be-bfc5-cef6955fa9d2" testId="349cdd52-dfc2-b5ae-f6a7-0e08413771f9" testName="DropboxOutboundDeltaSynchronizationRuleUnitTestEvaluationAddEntry" computerName="PRANAY-TEST" duration="00:00:06.1645535" startTime="2014-08-08T11:46:10.6808691-07:00" endTime="2014-08-08T11:46:16.8458691-07:00" testType="13cdc9d9-ddb5-4fa4-a97d-d965ccfc6d4b" outcome="Passed" testListId="8c84fa94-04c1-424b-9868-57a2d4851a1d" relativeResultsDirectory="46949304-5ea3-44be-bfc5-cef6955fa9d2" />    <UnitTestResult executionId="2414e139-ff85-43a4-80e2-96c6f4865d91" testId="f589bc68-7876-0ceb-3636-e86ce9678abf" testName="DropboxOutboundDeltaSynchronizationRuleUnitTestEvaluationUpdateEntryModifySingleValued" computerName="PRANAY-TEST" duration="00:00:02.7124928" startTime="2014-08-08T11:46:16.8458691-07:00" endTime="2014-08-08T11:46:19.5578691-07:00" testType="13cdc9d9-ddb5-4fa4-a97d-d965ccfc6d4b" outcome="Passed" testListId="8c84fa94-04c1-424b-9868-57a2d4851a1d" relativeResultsDirectory="2414e139-ff85-43a4-80e2-96c6f4865d91" />    <UnitTestResult executionId="7cdd1868-e987-471e-ba67-a6f930a53f47" testId="0c58a986-5d37-a4ec-2a36-2ed082f05faa" testName="DropboxOutboundDeltaSynchronizationRuleUnitTestEvaluationHardDeleteEntry" computerName="PRANAY-TEST" duration="00:00:03.2185306" startTime="2014-08-08T11:46:19.5578691-07:00" endTime="2014-08-08T11:46:22.7768691-07:00" testType="13cdc9d9-ddb5-4fa4-a97d-d965ccfc6d4b" outcome="Passed" testListId="8c84fa94-04c1-424b-9868-57a2d4851a1d" relativeResultsDirectory="7cdd1868-e987-471e-ba67-a6f930a53f47" />    <UnitTestResult executionId="9d7fadff-f4ae-476c-9517-71fb0275ed27" testId="e095c484-315c-3377-cc33-833b4a54574d" testName="DropboxOutboundDeltaSynchronizationRuleUnitTestEvaluationUpdateEntryRemoveEntitlements" computerName="PRANAY-TEST" duration="00:00:03.3126644" startTime="2014-08-08T11:46:22.7768691-07:00" endTime="2014-08-08T11:46:26.0898691-07:00" testType="13cdc9d9-ddb5-4fa4-a97d-d965ccfc6d4b" outcome="Passed" testListId="8c84fa94-04c1-424b-9868-57a2d4851a1d" relativeResultsDirectory="9d7fadff-f4ae-476c-9517-71fb0275ed27" />    <UnitTestResult executionId="781efdc6-b4ae-4a49-9ddc-b8588ea0a9b2" testId="790b72b7-2c61-1e0c-46e3-3782fbba0dbf" testName="DropboxOutboundFullSynchronizationRuleUnitTestAddEntry" computerName="PRANAY-TEST" duration="00:00:04.6758168" startTime="2014-08-08T11:46:26.0898691-07:00" endTime="2014-08-08T11:46:30.7658691-07:00" testType="13cdc9d9-ddb5-4fa4-a97d-d965ccfc6d4b" outcome="Passed" testListId="8c84fa94-04c1-424b-9868-57a2d4851a1d" relativeResultsDirectory="781efdc6-b4ae-4a49-9ddc-b8588ea0a9b2" />    <UnitTestResult executionId="cf68fb68-464e-4722-81bd-20e8fb0fe6d8" testId="47b12cb4-a20b-5bd1-f2c7-46712aa8b2fa" testName="DropboxOutboundFullSynchronizationRuleUnitTestAddEntryNoEntitlements" computerName="PRANAY-TEST" duration="00:00:02.1469110" startTime="2014-08-08T11:46:30.7658691-07:00" endTime="2014-08-08T11:46:32.9138691-07:00" testType="13cdc9d9-ddb5-4fa4-a97d-d965ccfc6d4b" outcome="Passed" testListId="8c84fa94-04c1-424b-9868-57a2d4851a1d" relativeResultsDirectory="cf68fb68-464e-4722-81bd-20e8fb0fe6d8" />    <UnitTestResult executionId="62cf57ef-1cde-48a8-8d72-63b941963a93" testId="0e00d8de-990e-c804-4aca-382406ed7f4b" testName="DropboxOutboundFullSynchronizationRuleUnitTestUpdateEntryAddModifySingleValued" computerName="PRANAY-TEST" duration="00:00:02.7358142" startTime="2014-08-08T11:46:32.9138691-07:00" endTime="2014-08-08T11:46:35.6498691-07:00" testType="13cdc9d9-ddb5-4fa4-a97d-d965ccfc6d4b" outcome="Passed" testListId="8c84fa94-04c1-424b-9868-57a2d4851a1d" relativeResultsDirectory="62cf57ef-1cde-48a8-8d72-63b941963a93" />    <UnitTestResult executionId="12dd0a9c-dd86-4a03-a505-849924ebbec2" testId="9ac5e985-4fe0-2b88-75cd-be068900fe06" testName="DropboxOutboundFullSynchronizationRuleUnitTestUpdateEntryNoChanges" computerName="PRANAY-TEST" duration="00:00:02.2120460" startTime="2014-08-08T11:46:35.6498691-07:00" endTime="2014-08-08T11:46:37.8618691-07:00" testType="13cdc9d9-ddb5-4fa4-a97d-d965ccfc6d4b" outcome="Passed" testListId="8c84fa94-04c1-424b-9868-57a2d4851a1d" relativeResultsDirectory="12dd0a9c-dd86-4a03-a505-849924ebbec2" />    <UnitTestResult executionId="ec404541-42c0-4381-a00b-9edcf6b1b267" testId="935e0a1a-05e5-ade1-6b1a-2f0bf2db4c2c" testName="DropboxOutboundFullSynchronizationRuleUnitTestUpdateEntryRemoveEntitlements" computerName="PRANAY-TEST" duration="00:00:04.3908511" startTime="2014-08-08T11:46:37.8618691-07:00" endTime="2014-08-08T11:46:42.2528691-07:00" testType="13cdc9d9-ddb5-4fa4-a97d-d965ccfc6d4b" outcome="Passed" testListId="8c84fa94-04c1-424b-9868-57a2d4851a1d" relativeResultsDirectory="ec404541-42c0-4381-a00b-9edcf6b1b267" />    <UnitTestResult executionId="7f78e937-7ae5-4a81-8f09-1ce47bf5be40" testId="b170f538-b8bd-d24f-32c4-6a388a87388e" testName="TestEvaluationDeltaAddEntryWithCustomSchema" computerName="PRANAY-TEST" duration="00:00:00.6185560" startTime="2014-08-08T11:46:42.2528691-07:00" endTime="2014-08-08T11:46:42.8718691-07:00" testType="13cdc9d9-ddb5-4fa4-a97d-d965ccfc6d4b" outcome="Passed" testListId="8c84fa94-04c1-424b-9868-57a2d4851a1d" relativeResultsDirectory="7f78e937-7ae5-4a81-8f09-1ce47bf5be40" />    <UnitTestResult executionId="22bef7ee-a390-454d-8a2a-d04ab33efab2" testId="b9243f7c-878b-bea8-7137-18241325c856" testName="TestEvaluationDeltaAddEntrySoftDeleteUnspecified" computerName="PRANAY-TEST" duration="00:00:02.4215929" startTime="2014-08-08T11:46:42.8728691-07:00" endTime="2014-08-08T11:46:45.2938691-07:00" testType="13cdc9d9-ddb5-4fa4-a97d-d965ccfc6d4b" outcome="Passed" testListId="8c84fa94-04c1-424b-9868-57a2d4851a1d" relativeResultsDirectory="22bef7ee-a390-454d-8a2a-d04ab33efab2" />    <UnitTestResult executionId="256268c3-f2ec-463c-a915-c0a97c9f05a9" testId="39c1e0a8-0cab-ea6f-d7de-04692df57273" testName="TestEvaluationDeltaAddUser" computerName="PRANAY-TEST" duration="00:00:01.6287054" startTime="2014-08-08T11:46:45.2938691-07:00" endTime="2014-08-08T11:46:46.9238691-07:00" testType="13cdc9d9-ddb5-4fa4-a97d-d965ccfc6d4b" outcome="Passed" testListId="8c84fa94-04c1-424b-9868-57a2d4851a1d" relativeResultsDirectory="256268c3-f2ec-463c-a915-c0a97c9f05a9" />    <UnitTestResult executionId="75219f3b-5395-40d6-a462-bdc67f21e0e1" testId="5607234b-784e-a97e-32b3-b429dd10f1b8" testName="TestEvaluationDeltaUpdateEntry" computerName="PRANAY-TEST" duration="00:00:01.5233951" startTime="2014-08-08T11:46:46.9238691-07:00" endTime="2014-08-08T11:46:48.4478691-07:00" testType="13cdc9d9-ddb5-4fa4-a97d-d965ccfc6d4b" outcome="Passed" testListId="8c84fa94-04c1-424b-9868-57a2d4851a1d" relativeResultsDirectory="75219f3b-5395-40d6-a462-bdc67f21e0e1" />    <UnitTestResult executionId="5a9b3f32-199b-49e5-973b-fa848aff9f3c" testId="dc2d620e-56e8-64f7-9d9f-cac22966c8ab" testName="TestEvaluationDeltaUpdateEntryNoUserName" computerName="PRANAY-TEST" duration="00:00:01.2973890" startTime="2014-08-08T11:46:48.4478691-07:00" endTime="2014-08-08T11:46:49.7458691-07:00" testType="13cdc9d9-ddb5-4fa4-a97d-d965ccfc6d4b" outcome="Passed" testListId="8c84fa94-04c1-424b-9868-57a2d4851a1d" relativeResultsDirectory="5a9b3f32-199b-49e5-973b-fa848aff9f3c" />    <UnitTestResult executionId="23b4407d-09c2-47bc-9926-dc9a7c1b52ee" testId="ddf8586d-d39e-fb6e-0ca9-d989af86119c" testName="TestEvaluationDeltaDeleteEntry" computerName="PRANAY-TEST" duration="00:00:02.0168853" startTime="2014-08-08T11:46:49.7458691-07:00" endTime="2014-08-08T11:46:51.7628691-07:00" testType="13cdc9d9-ddb5-4fa4-a97d-d965ccfc6d4b" outcome="Passed" testListId="8c84fa94-04c1-424b-9868-57a2d4851a1d" relativeResultsDirectory="23b4407d-09c2-47bc-9926-dc9a7c1b52ee" />    <UnitTestResult executionId="1d8c633a-80f7-4ae7-ab71-fa2ab724073c" testId="f789a0b4-cf23-be75-6644-13382f042c8f" testName="TestEvaluationDeltaServiceNowDuplicateExport" computerName="PRANAY-TEST" duration="00:00:01.3621549" startTime="2014-08-08T11:46:51.7628691-07:00" endTime="2014-08-08T11:46:53.1248691-07:00" testType="13cdc9d9-ddb5-4fa4-a97d-d965ccfc6d4b" outcome="Passed" testListId="8c84fa94-04c1-424b-9868-57a2d4851a1d" relativeResultsDirectory="1d8c633a-80f7-4ae7-ab71-fa2ab724073c" />    <UnitTestResult executionId="e48ef5c7-5bfd-4912-b7c8-916d634da5e4" testId="57457be8-7418-c3d6-ab80-60f97eccfb7d" testName="TestEvaluationSourceEntriesWithSameJoiningProperty" computerName="PRANAY-TEST" duration="00:00:01.8096847" startTime="2014-08-08T11:46:53.1248691-07:00" endTime="2014-08-08T11:46:54.9348691-07:00" testType="13cdc9d9-ddb5-4fa4-a97d-d965ccfc6d4b" outcome="Passed" testListId="8c84fa94-04c1-424b-9868-57a2d4851a1d" relativeResultsDirectory="e48ef5c7-5bfd-4912-b7c8-916d634da5e4">      <Output>        <StdOut>Debug Trace:Add = 1Update = 0Delete = 0</StdOut>      </Output>    </UnitTestResult>    <UnitTestResult executionId="980da390-0ab8-4023-bbea-ba800fe95d79" testId="48399553-6b2c-a3c2-15cb-058f2277bd52" testName="TestEvaluationAddEntriesDeltaImport" computerName="PRANAY-TEST" duration="00:00:02.3340530" startTime="2014-08-08T11:46:54.9358691-07:00" endTime="2014-08-08T11:46:57.2708691-07:00" testType="13cdc9d9-ddb5-4fa4-a97d-d965ccfc6d4b" outcome="Passed" testListId="8c84fa94-04c1-424b-9868-57a2d4851a1d" relativeResultsDirectory="980da390-0ab8-4023-bbea-ba800fe95d79" />    <UnitTestResult executionId="15f44c91-fd79-48f2-b763-022b5b4dbd0d" testId="7f865c52-be81-71b1-042c-a5137d9f7f43" testName="TestEvaluationAddEntriesFullImport" computerName="PRANAY-TEST" duration="00:00:02.0964455" startTime="2014-08-08T11:46:57.2708691-07:00" endTime="2014-08-08T11:46:59.3668691-07:00" testType="13cdc9d9-ddb5-4fa4-a97d-d965ccfc6d4b" outcome="Passed" testListId="8c84fa94-04c1-424b-9868-57a2d4851a1d" relativeResultsDirectory="15f44c91-fd79-48f2-b763-022b5b4dbd0d" />    <UnitTestResult executionId="de88137c-7c56-424f-b7b1-4b96bee1092e" testId="ae2cc506-6033-2770-2a34-d511b51fbb1f" testName="TestEvaluationAddEntry" computerName="PRANAY-TEST" duration="00:00:01.1001218" startTime="2014-08-08T11:46:59.3668691-07:00" endTime="2014-08-08T11:47:00.4678691-07:00" testType="13cdc9d9-ddb5-4fa4-a97d-d965ccfc6d4b" outcome="Passed" testListId="8c84fa94-04c1-424b-9868-57a2d4851a1d" relativeResultsDirectory="de88137c-7c56-424f-b7b1-4b96bee1092e" />    <UnitTestResult executionId="16353f36-ac79-4fcb-bad8-decab012237e" testId="2411bd40-92da-4785-c529-61b721361315" testName="TestEvaluationDeleteEntry" computerName="PRANAY-TEST" duration="00:00:02.0749572" startTime="2014-08-08T11:47:00.4678691-07:00" endTime="2014-08-08T11:47:02.5428691-07:00" testType="13cdc9d9-ddb5-4fa4-a97d-d965ccfc6d4b" outcome="Passed" testListId="8c84fa94-04c1-424b-9868-57a2d4851a1d" relativeResultsDirectory="16353f36-ac79-4fcb-bad8-decab012237e" />    <UnitTestResult executionId="0be6b719-50e7-4bbb-9515-f61f9fe153e6" testId="fb1ac286-16cc-e63a-e4b9-b2203907074b" testName="TestEvaluationUpdateEntryAddProperty" computerName="PRANAY-TEST" duration="00:00:03.6262097" startTime="2014-08-08T11:47:02.5428691-07:00" endTime="2014-08-08T11:47:06.1688691-07:00" testType="13cdc9d9-ddb5-4fa4-a97d-d965ccfc6d4b" outcome="Passed" testListId="8c84fa94-04c1-424b-9868-57a2d4851a1d" relativeResultsDirectory="0be6b719-50e7-4bbb-9515-f61f9fe153e6" />    <UnitTestResult executionId="cd38bfca-de8e-4e51-ad45-9bd079682062" testId="e6603c38-3f87-a45b-7b3c-3553c043be14" testName="TestEvaluationUpdateEntryModifyPropertyAddValue" computerName="PRANAY-TEST" duration="00:00:01.7062572" startTime="2014-08-08T11:47:06.1688691-07:00" endTime="2014-08-08T11:47:07.8758691-07:00" testType="13cdc9d9-ddb5-4fa4-a97d-d965ccfc6d4b" outcome="Passed" testListId="8c84fa94-04c1-424b-9868-57a2d4851a1d" relativeResultsDirectory="cd38bfca-de8e-4e51-ad45-9bd079682062" />    <UnitTestResult executionId="b45ed115-75e3-4c7a-a252-9d24b79a9b1e" testId="840723ea-f5e0-2268-d15c-49d0d582c4b3" testName="TestEvaluationUpdateEntryModifyPropertyChangeEmptyPluralValue" computerName="PRANAY-TEST" duration="00:00:01.9881090" startTime="2014-08-08T11:47:07.8758691-07:00" endTime="2014-08-08T11:47:09.8638691-07:00" testType="13cdc9d9-ddb5-4fa4-a97d-d965ccfc6d4b" outcome="Passed" testListId="8c84fa94-04c1-424b-9868-57a2d4851a1d" relativeResultsDirectory="b45ed115-75e3-4c7a-a252-9d24b79a9b1e" />    <UnitTestResult executionId="8a10a963-382d-4fc6-b24f-baee814e944b" testId="5f9f0c8e-0f26-fe98-0796-690ac9c9a61d" testName="TestEvaluationUpdateEntryModifyPropertyChangeEmptySingleValue" computerName="PRANAY-TEST" duration="00:00:02.0053766" startTime="2014-08-08T11:47:09.8638691-07:00" endTime="2014-08-08T11:47:11.8748691-07:00" testType="13cdc9d9-ddb5-4fa4-a97d-d965ccfc6d4b" outcome="Passed" testListId="8c84fa94-04c1-424b-9868-57a2d4851a1d" relativeResultsDirectory="8a10a963-382d-4fc6-b24f-baee814e944b" />    <UnitTestResult executionId="674cd40b-9b7d-4e68-b0ca-599ca376b045" testId="8d742f5e-0c5d-5f85-49e8-c004380f93db" testName="TestEvaluationUpdateEntryModifyPropertyChangePluralValue" computerName="PRANAY-TEST" duration="00:00:02.0050406" startTime="2014-08-08T11:47:11.8748691-07:00" endTime="2014-08-08T11:47:13.8798691-07:00" testType="13cdc9d9-ddb5-4fa4-a97d-d965ccfc6d4b" outcome="Passed" testListId="8c84fa94-04c1-424b-9868-57a2d4851a1d" relativeResultsDirectory="674cd40b-9b7d-4e68-b0ca-599ca376b045" />    <UnitTestResult executionId="ad5b9cd1-c8a3-4a4f-9fc2-11e0276a54e1" testId="cf59d00e-ed52-4703-2852-18ea8599bea8" testName="TestEvaluationUpdateEntryModifyPropertyChangeSingleValue" computerName="PRANAY-TEST" duration="00:00:01.9806586" startTime="2014-08-08T11:47:13.8798691-07:00" endTime="2014-08-08T11:47:15.8608691-07:00" testType="13cdc9d9-ddb5-4fa4-a97d-d965ccfc6d4b" outcome="Passed" testListId="8c84fa94-04c1-424b-9868-57a2d4851a1d" relativeResultsDirectory="ad5b9cd1-c8a3-4a4f-9fc2-11e0276a54e1" />    <UnitTestResult executionId="001431b8-6710-4dff-b157-4df4cac6d2e7" testId="69adb5e5-a3d4-57a5-da8e-2fb2b0f9b4ef" testName="TestEvaluationUpdateEntryModifyPropertyRemoveValue" computerName="PRANAY-TEST" duration="00:00:01.9972783" startTime="2014-08-08T11:47:15.8608691-07:00" endTime="2014-08-08T11:47:17.8588691-07:00" testType="13cdc9d9-ddb5-4fa4-a97d-d965ccfc6d4b" outcome="Passed" testListId="8c84fa94-04c1-424b-9868-57a2d4851a1d" relativeResultsDirectory="001431b8-6710-4dff-b157-4df4cac6d2e7" />    <UnitTestResult executionId="023a2da6-6aec-4da2-876e-799027ec1870" testId="23e5352d-1e5f-3713-e9e6-02e243dc0f27" testName="TestEvaluationUpdateEntryRemovePluralProperty" computerName="PRANAY-TEST" duration="00:00:02.7093742" startTime="2014-08-08T11:47:17.8588691-07:00" endTime="2014-08-08T11:47:20.5678691-07:00" testType="13cdc9d9-ddb5-4fa4-a97d-d965ccfc6d4b" outcome="Passed" testListId="8c84fa94-04c1-424b-9868-57a2d4851a1d" relativeResultsDirectory="023a2da6-6aec-4da2-876e-799027ec1870" />    <UnitTestResult executionId="346b6070-2e3a-450b-95e7-bbd548ac5546" testId="a915857a-f1aa-19ef-352b-8bf1bd6307de" testName="TestEvaluationUpdateEntryRemoveProperty" computerName="PRANAY-TEST" duration="00:00:01.8041182" startTime="2014-08-08T11:47:20.5678691-07:00" endTime="2014-08-08T11:47:22.3728691-07:00" testType="13cdc9d9-ddb5-4fa4-a97d-d965ccfc6d4b" outcome="Passed" testListId="8c84fa94-04c1-424b-9868-57a2d4851a1d" relativeResultsDirectory="346b6070-2e3a-450b-95e7-bbd548ac5546" />    <UnitTestResult executionId="66724bac-c7af-45dc-8b2f-11cba5b3667a" testId="f77450fd-ab82-bbdf-0b6b-7ab0a25045c8" testName="TestEvaluationUpdateEntryReplaceProperty" computerName="PRANAY-TEST" duration="00:00:02.0210436" startTime="2014-08-08T11:47:22.3728691-07:00" endTime="2014-08-08T11:47:24.3938691-07:00" testType="13cdc9d9-ddb5-4fa4-a97d-d965ccfc6d4b" outcome="Passed" testListId="8c84fa94-04c1-424b-9868-57a2d4851a1d" relativeResultsDirectory="66724bac-c7af-45dc-8b2f-11cba5b3667a" />    <UnitTestResult executionId="9d2b76e8-d742-43b6-907a-dc9ccd093b17" testId="b33e3f74-5ee4-a122-c84b-0cd609d26535" testName="TestEvaluationUpdateEntryModifyJoiningProperty" computerName="PRANAY-TEST" duration="00:00:02.3805365" startTime="2014-08-08T11:47:24.3938691-07:00" endTime="2014-08-08T11:47:26.7748691-07:00" testType="13cdc9d9-ddb5-4fa4-a97d-d965ccfc6d4b" outcome="Passed" testListId="8c84fa94-04c1-424b-9868-57a2d4851a1d" relativeResultsDirectory="9d2b76e8-d742-43b6-907a-dc9ccd093b17" />    <UnitTestResult executionId="24fe72a4-921e-4c77-8ba2-e24e82d6318a" testId="d8adf926-f41f-b729-2a10-a19f77a651ce" testName="TestEvaluationDeltaRuleAddEntriesFullImport" computerName="PRANAY-TEST" duration="00:00:03.1660029" startTime="2014-08-08T11:47:26.7748691-07:00" endTime="2014-08-08T11:47:29.9408691-07:00" testType="13cdc9d9-ddb5-4fa4-a97d-d965ccfc6d4b" outcome="Passed" testListId="8c84fa94-04c1-424b-9868-57a2d4851a1d" relativeResultsDirectory="24fe72a4-921e-4c77-8ba2-e24e82d6318a" />    <UnitTestResult executionId="13742a7c-a1f7-4b46-a246-de965f973462" testId="ff620ef5-8887-9f54-a19b-43756dc1bba6" testName="TestEvaluationDeltaRuleAddEntry" computerName="PRANAY-TEST" duration="00:00:01.6007244" startTime="2014-08-08T11:47:29.9408691-07:00" endTime="2014-08-08T11:47:31.5418691-07:00" testType="13cdc9d9-ddb5-4fa4-a97d-d965ccfc6d4b" outcome="Passed" testListId="8c84fa94-04c1-424b-9868-57a2d4851a1d" relativeResultsDirectory="13742a7c-a1f7-4b46-a246-de965f973462" />    <UnitTestResult executionId="8ce5cf07-20d7-41cb-923d-bebea3b12aae" testId="189f0efd-19be-0954-1ccf-e5c6e296627f" testName="TestEvaluationDeltaRuleAddEntryConflictingJoiningProperty" computerName="PRANAY-TEST" duration="00:00:02.0797483" startTime="2014-08-08T11:47:31.5418691-07:00" endTime="2014-08-08T11:47:33.6218691-07:00" testType="13cdc9d9-ddb5-4fa4-a97d-d965ccfc6d4b" outcome="Passed" testListId="8c84fa94-04c1-424b-9868-57a2d4851a1d" relativeResultsDirectory="8ce5cf07-20d7-41cb-923d-bebea3b12aae" />    <UnitTestResult executionId="06d49406-7bb3-4847-b657-c69d5d98e617" testId="b3df487f-7e9d-9e99-d508-f1e8753e80d6" testName="TestEvaluationDeltaRuleUpdateEntry" computerName="PRANAY-TEST" duration="00:00:02.0109150" startTime="2014-08-08T11:47:33.6218691-07:00" endTime="2014-08-08T11:47:35.6328691-07:00" testType="13cdc9d9-ddb5-4fa4-a97d-d965ccfc6d4b" outcome="Passed" testListId="8c84fa94-04c1-424b-9868-57a2d4851a1d" relativeResultsDirectory="06d49406-7bb3-4847-b657-c69d5d98e617" />    <UnitTestResult executionId="f2529df4-b047-4352-8c6c-7a3fd7268661" testId="ff738f4e-c415-6faf-8c75-7a26ccebc28d" testName="TestEvaluationDeltaRuleUpdateEntrySuspendUser" computerName="PRANAY-TEST" duration="00:00:01.9903491" startTime="2014-08-08T11:47:35.6338691-07:00" endTime="2014-08-08T11:47:37.6238691-07:00" testType="13cdc9d9-ddb5-4fa4-a97d-d965ccfc6d4b" outcome="Passed" testListId="8c84fa94-04c1-424b-9868-57a2d4851a1d" relativeResultsDirectory="f2529df4-b047-4352-8c6c-7a3fd7268661" />    <UnitTestResult executionId="61845a57-5c4c-4356-9590-187445f9f2be" testId="5de289ef-91da-1dc7-4676-edd5c098328f" testName="TestEvaluationDeltaRuleUpdateEntryModifyJoiningProperty" computerName="PRANAY-TEST" duration="00:00:02.1034378" startTime="2014-08-08T11:47:37.6238691-07:00" endTime="2014-08-08T11:47:39.7278691-07:00" testType="13cdc9d9-ddb5-4fa4-a97d-d965ccfc6d4b" outcome="Passed" testListId="8c84fa94-04c1-424b-9868-57a2d4851a1d" relativeResultsDirectory="61845a57-5c4c-4356-9590-187445f9f2be" />    <UnitTestResult executionId="156c3a7b-f6d2-4cf7-9c36-a50aad0be819" testId="b0f42037-f9cc-0955-70ad-2d641467b818" testName="TestEvaluationDeltaRuleDeleteEntry" computerName="PRANAY-TEST" duration="00:00:01.8118620" startTime="2014-08-08T11:47:39.7278691-07:00" endTime="2014-08-08T11:47:41.5398691-07:00" testType="13cdc9d9-ddb5-4fa4-a97d-d965ccfc6d4b" outcome="Passed" testListId="8c84fa94-04c1-424b-9868-57a2d4851a1d" relativeResultsDirectory="156c3a7b-f6d2-4cf7-9c36-a50aad0be819" />    <UnitTestResult executionId="02e77285-05b3-4495-a958-0dde6608a9c2" testId="6ab4365e-9889-7c91-5a19-5c54c0e535be" testName="TestEvaluationDeltaRuleAddEntriesDeltaImport" computerName="PRANAY-TEST" duration="00:00:01.6286742" startTime="2014-08-08T11:47:41.5398691-07:00" endTime="2014-08-08T11:47:43.1688691-07:00" testType="13cdc9d9-ddb5-4fa4-a97d-d965ccfc6d4b" outcome="Passed" testListId="8c84fa94-04c1-424b-9868-57a2d4851a1d" relativeResultsDirectory="02e77285-05b3-4495-a958-0dde6608a9c2" />    <UnitTestResult executionId="5f723b89-5376-45f7-b885-f61a8ff75dbd" testId="9e007d10-13b6-06c4-6473-821b884116e7" testName="TestEvaluationDeltaRuleAddEntriesFullImport" computerName="PRANAY-TEST" duration="00:00:02.1024419" startTime="2014-08-08T11:47:43.1698691-07:00" endTime="2014-08-08T11:47:45.2718691-07:00" testType="13cdc9d9-ddb5-4fa4-a97d-d965ccfc6d4b" outcome="Passed" testListId="8c84fa94-04c1-424b-9868-57a2d4851a1d" relativeResultsDirectory="5f723b89-5376-45f7-b885-f61a8ff75dbd" />    <UnitTestResult executionId="f679e578-81d7-4f64-9c21-cc4391660856" testId="a0d3514e-a26d-1780-64a5-937813f9edb7" testName="TestEvaluationDeltaRuleAddEntry" computerName="PRANAY-TEST" duration="00:00:01.2096389" startTime="2014-08-08T11:47:45.2718691-07:00" endTime="2014-08-08T11:47:46.4818691-07:00" testType="13cdc9d9-ddb5-4fa4-a97d-d965ccfc6d4b" outcome="Passed" testListId="8c84fa94-04c1-424b-9868-57a2d4851a1d" relativeResultsDirectory="f679e578-81d7-4f64-9c21-cc4391660856" />    <UnitTestResult executionId="d49d6be2-3c13-4bd7-b0f1-bf115ab259c2" testId="7c7de4af-a20b-ab55-b553-98a2084794b8" testName="TestEvaluationDeltaRuleDeleteEntry" computerName="PRANAY-TEST" duration="00:00:02.5069290" startTime="2014-08-08T11:47:46.4818691-07:00" endTime="2014-08-08T11:47:48.9888691-07:00" testType="13cdc9d9-ddb5-4fa4-a97d-d965ccfc6d4b" outcome="Passed" testListId="8c84fa94-04c1-424b-9868-57a2d4851a1d" relativeResultsDirectory="d49d6be2-3c13-4bd7-b0f1-bf115ab259c2" />    <UnitTestResult executionId="cb62ad38-9d1a-4ea4-80b5-81bc14d80fd2" testId="85937213-1706-42cf-736b-a4404641b9c4" testName="TestEvaluationDeltaRuleUpdateEntryAddProperty" computerName="PRANAY-TEST" duration="00:00:01.9868383" startTime="2014-08-08T11:47:48.9898691-07:00" endTime="2014-08-08T11:47:50.9768691-07:00" testType="13cdc9d9-ddb5-4fa4-a97d-d965ccfc6d4b" outcome="Passed" testListId="8c84fa94-04c1-424b-9868-57a2d4851a1d" relativeResultsDirectory="cb62ad38-9d1a-4ea4-80b5-81bc14d80fd2" />    <UnitTestResult executionId="ac2fc553-7773-47d4-8e17-9cd1d3f252e8" testId="69de8e4a-c0e8-38fa-8947-2715bea07fd8" testName="TestEvaluationUpdateEntryModifyJoiningProperty" computerName="PRANAY-TEST" duration="00:00:02.4958780" startTime="2014-08-08T11:47:50.9768691-07:00" endTime="2014-08-08T11:47:53.4728691-07:00" testType="13cdc9d9-ddb5-4fa4-a97d-d965ccfc6d4b" outcome="Passed" testListId="8c84fa94-04c1-424b-9868-57a2d4851a1d" relativeResultsDirectory="ac2fc553-7773-47d4-8e17-9cd1d3f252e8" />    <UnitTestResult executionId="b2f74850-c1df-4100-a040-cb017796d6fe" testId="94b24158-8a23-ddba-0460-dbeccc9610e8" testName="TestEvaluationUpdateEntryMultipleProperties" computerName="PRANAY-TEST" duration="00:00:01.0079709" startTime="2014-08-08T11:47:53.4728691-07:00" endTime="2014-08-08T11:47:54.4808691-07:00" testType="13cdc9d9-ddb5-4fa4-a97d-d965ccfc6d4b" outcome="Passed" testListId="8c84fa94-04c1-424b-9868-57a2d4851a1d" relativeResultsDirectory="b2f74850-c1df-4100-a040-cb017796d6fe" />    <UnitTestResult executionId="e1c75ba4-5c89-472b-980c-ebde94db8349" testId="38aa5524-3b55-3941-9b90-e976979166f7" testName="TestEvaluationDeleteEntry" computerName="PRANAY-TEST" duration="00:00:00.8394488" startTime="2014-08-08T11:47:54.4818691-07:00" endTime="2014-08-08T11:47:55.3208691-07:00" testType="13cdc9d9-ddb5-4fa4-a97d-d965ccfc6d4b" outcome="Passed" testListId="8c84fa94-04c1-424b-9868-57a2d4851a1d" relativeResultsDirectory="e1c75ba4-5c89-472b-980c-ebde94db8349" />    <UnitTestResult executionId="2400e2e9-c331-4694-a9eb-98c905249218" testId="1f95e3b2-640e-2584-6eae-f9667169f986" testName="TestEvaluationEntryPropertyModificationType" computerName="PRANAY-TEST" duration="00:00:01.9522830" startTime="2014-08-08T11:47:55.3208691-07:00" endTime="2014-08-08T11:47:57.2738691-07:00" testType="13cdc9d9-ddb5-4fa4-a97d-d965ccfc6d4b" outcome="Passed" testListId="8c84fa94-04c1-424b-9868-57a2d4851a1d" relativeResultsDirectory="2400e2e9-c331-4694-a9eb-98c905249218" />    <UnitTestResult executionId="8371e0f1-2186-43dd-af2b-8fc6d13b5e3a" testId="cf632b45-53a8-ec98-7f06-42910d776d3d" testName="TestEvaluationUpdateEntryAllPropertiesFlowed" computerName="PRANAY-TEST" duration="00:00:01.3085566" startTime="2014-08-08T11:47:57.2738691-07:00" endTime="2014-08-08T11:47:58.5828691-07:00" testType="13cdc9d9-ddb5-4fa4-a97d-d965ccfc6d4b" outcome="Passed" testListId="8c84fa94-04c1-424b-9868-57a2d4851a1d" relativeResultsDirectory="8371e0f1-2186-43dd-af2b-8fc6d13b5e3a" />    <UnitTestResult executionId="b4fd8002-2d02-42ec-a55f-4b82e00c76ae" testId="e4995530-afc9-120e-71f0-1601903eea4d" testName="TestEvaluationAddEntry" computerName="PRANAY-TEST" duration="00:00:01.1076111" startTime="2014-08-08T11:47:58.5828691-07:00" endTime="2014-08-08T11:47:59.6908691-07:00" testType="13cdc9d9-ddb5-4fa4-a97d-d965ccfc6d4b" outcome="Passed" testListId="8c84fa94-04c1-424b-9868-57a2d4851a1d" relativeResultsDirectory="b4fd8002-2d02-42ec-a55f-4b82e00c76ae" />    <UnitTestResult executionId="0fe528e1-e73c-4842-80e1-44ad27d8c6eb" testId="b248a4b7-9971-e6be-c3c9-5da91fa6b34d" testName="TestEvaluationUpdateEntry" computerName="PRANAY-TEST" duration="00:00:01.0930867" startTime="2014-08-08T11:47:59.6908691-07:00" endTime="2014-08-08T11:48:00.7838691-07:00" testType="13cdc9d9-ddb5-4fa4-a97d-d965ccfc6d4b" outcome="Passed" testListId="8c84fa94-04c1-424b-9868-57a2d4851a1d" relativeResultsDirectory="0fe528e1-e73c-4842-80e1-44ad27d8c6eb" />    <UnitTestResult executionId="b6c53739-bad2-435c-af5d-c8384070f8ff" testId="d3056140-c8f8-84d4-4ee4-260d5deecd0a" testName="TestEvaluationUpdateEntryNoChanges" computerName="PRANAY-TEST" duration="00:00:01.3810843" startTime="2014-08-08T11:48:00.7838691-07:00" endTime="2014-08-08T11:48:02.1658691-07:00" testType="13cdc9d9-ddb5-4fa4-a97d-d965ccfc6d4b" outcome="Passed" testListId="8c84fa94-04c1-424b-9868-57a2d4851a1d" relativeResultsDirectory="b6c53739-bad2-435c-af5d-c8384070f8ff" />    <UnitTestResult executionId="e94c81be-8f06-4eef-b8cb-67381168b4c0" testId="610a3302-ce96-5bed-dd26-156455cb9f3b" testName="TestEvaluationAddEntriesFullImport" computerName="PRANAY-TEST" duration="00:00:01.8859708" startTime="2014-08-08T11:48:02.1658691-07:00" endTime="2014-08-08T11:48:04.0518691-07:00" testType="13cdc9d9-ddb5-4fa4-a97d-d965ccfc6d4b" outcome="Passed" testListId="8c84fa94-04c1-424b-9868-57a2d4851a1d" relativeResultsDirectory="e94c81be-8f06-4eef-b8cb-67381168b4c0" />    <UnitTestResult executionId="e68b0954-5a76-4d16-8505-18d6f08be41a" testId="be0bc21c-d6de-c590-e79a-f418ce3ca38a" testName="TestEvaluationAddEntry" computerName="PRANAY-TEST" duration="00:00:01.3657149" startTime="2014-08-08T11:48:04.0528691-07:00" endTime="2014-08-08T11:48:05.4188691-07:00" testType="13cdc9d9-ddb5-4fa4-a97d-d965ccfc6d4b" outcome="Passed" testListId="8c84fa94-04c1-424b-9868-57a2d4851a1d" relativeResultsDirectory="e68b0954-5a76-4d16-8505-18d6f08be41a" />    <UnitTestResult executionId="6b562c40-d9e1-4939-9724-1b2d5038e50a" testId="0fe5f656-8692-1a38-ebdc-d886d56dd739" testName="TestEvaluationUpdateEntry" computerName="PRANAY-TEST" duration="00:00:01.3275488" startTime="2014-08-08T11:48:05.4188691-07:00" endTime="2014-08-08T11:48:06.7458691-07:00" testType="13cdc9d9-ddb5-4fa4-a97d-d965ccfc6d4b" outcome="Passed" testListId="8c84fa94-04c1-424b-9868-57a2d4851a1d" relativeResultsDirectory="6b562c40-d9e1-4939-9724-1b2d5038e50a" />    <UnitTestResult executionId="8bb42893-1a05-4433-b46c-6a793f2f4dcd" testId="704b2b03-6c63-bbe9-fa59-7f5762b5afac" testName="TestEvaluationUpdateEntryModifyJoiningProperty" computerName="PRANAY-TEST" duration="00:00:01.5744735" startTime="2014-08-08T11:48:06.7468691-07:00" endTime="2014-08-08T11:48:08.3208691-07:00" testType="13cdc9d9-ddb5-4fa4-a97d-d965ccfc6d4b" outcome="Passed" testListId="8c84fa94-04c1-424b-9868-57a2d4851a1d" relativeResultsDirectory="8bb42893-1a05-4433-b46c-6a793f2f4dcd" />    <UnitTestResult executionId="219f4a30-42ec-4204-9224-3ee0fbe9f7b3" testId="824f2887-99b5-e28b-afc1-e5b00490d0d0" testName="TestEvaluationDeleteEntry" computerName="PRANAY-TEST" duration="00:00:01.0077557" startTime="2014-08-08T11:48:08.3208691-07:00" endTime="2014-08-08T11:48:09.3288691-07:00" testType="13cdc9d9-ddb5-4fa4-a97d-d965ccfc6d4b" outcome="Passed" testListId="8c84fa94-04c1-424b-9868-57a2d4851a1d" relativeResultsDirectory="219f4a30-42ec-4204-9224-3ee0fbe9f7b3" />    <UnitTestResult executionId="9195c7e6-e42a-47a7-a267-96d4c2f49401" testId="a89a10da-dbf1-7cb8-89d1-3eb2304b7f2e" testName="ConcurOutboundFullSynchronizationRuleUnitTestAddEntry" computerName="PRANAY-TEST" duration="00:00:18.9468517" startTime="2014-08-08T11:48:09.3288691-07:00" endTime="2014-08-08T11:48:28.2758691-07:00" testType="13cdc9d9-ddb5-4fa4-a97d-d965ccfc6d4b" outcome="Passed" testListId="8c84fa94-04c1-424b-9868-57a2d4851a1d" relativeResultsDirectory="9195c7e6-e42a-47a7-a267-96d4c2f49401" />    <UnitTestResult executionId="3e2dcd35-eca1-41e4-9735-1a98c89c43fd" testId="a2cd58ef-528d-3e7f-3d88-cd90748aed6a" testName="ConcurOutboundFullSynchronizationRuleUnitTestAddEntryNoEntitlements" computerName="PRANAY-TEST" duration="00:00:02.3966181" startTime="2014-08-08T11:48:28.2758691-07:00" endTime="2014-08-08T11:48:30.6728691-07:00" testType="13cdc9d9-ddb5-4fa4-a97d-d965ccfc6d4b" outcome="Passed" testListId="8c84fa94-04c1-424b-9868-57a2d4851a1d" relativeResultsDirectory="3e2dcd35-eca1-41e4-9735-1a98c89c43fd" />    <UnitTestResult executionId="9eb8fed9-cd8b-4a3a-b48d-f2324c55e836" testId="341b6de6-7a39-6dbd-e8f7-38298dba2ed2" testName="ConcurOutboundFullSynchronizationRuleUnitTestAddModifySingleValued" computerName="PRANAY-TEST" duration="00:00:10.7925333" startTime="2014-08-08T11:48:30.6728691-07:00" endTime="2014-08-08T11:48:41.4648691-07:00" testType="13cdc9d9-ddb5-4fa4-a97d-d965ccfc6d4b" outcome="Passed" testListId="8c84fa94-04c1-424b-9868-57a2d4851a1d" relativeResultsDirectory="9eb8fed9-cd8b-4a3a-b48d-f2324c55e836" />    <UnitTestResult executionId="c30f2574-3e8e-4456-82dc-a029ce2278d3" testId="7ad750ba-c7fa-3616-eb25-7ac0021cbef0" testName="ConcurOutboundFullSynchronizationRuleUnitTestUpdateEntryNoChanges" computerName="PRANAY-TEST" duration="00:00:12.3650801" startTime="2014-08-08T11:48:41.4648691-07:00" endTime="2014-08-08T11:48:53.8298691-07:00" testType="13cdc9d9-ddb5-4fa4-a97d-d965ccfc6d4b" outcome="Passed" testListId="8c84fa94-04c1-424b-9868-57a2d4851a1d" relativeResultsDirectory="c30f2574-3e8e-4456-82dc-a029ce2278d3" />    <UnitTestResult executionId="ce40ce9b-77f5-4b2e-b5d1-5a24cf2aff00" testId="64562811-ee7b-bf16-5a5b-1ea08109ad5e" testName="ConcurOutboundFullSynchronizationRuleUnitTestUpdateEntryRemoveEntitlements" computerName="PRANAY-TEST" duration="00:00:15.1773168" startTime="2014-08-08T11:48:53.8298691-07:00" endTime="2014-08-08T11:49:09.0068691-07:00" testType="13cdc9d9-ddb5-4fa4-a97d-d965ccfc6d4b" outcome="Passed" testListId="8c84fa94-04c1-424b-9868-57a2d4851a1d" relativeResultsDirectory="ce40ce9b-77f5-4b2e-b5d1-5a24cf2aff00" />    <UnitTestResult executionId="137fa600-0148-45b8-995c-712ed6a16dab" testId="445237a5-cf57-30b4-31f5-6febf86e0cd8" testName="ConcurOutboundFullSynchronizationRuleUnitTestUpdateEntryReactivateThroughEntitlements" computerName="PRANAY-TEST" duration="00:00:15.2744887" startTime="2014-08-08T11:49:09.0068691-07:00" endTime="2014-08-08T11:49:24.2808691-07:00" testType="13cdc9d9-ddb5-4fa4-a97d-d965ccfc6d4b" outcome="Passed" testListId="8c84fa94-04c1-424b-9868-57a2d4851a1d" relativeResultsDirectory="137fa600-0148-45b8-995c-712ed6a16dab" />    <UnitTestResult executionId="e097d665-f64f-4886-aad3-bd0c62f9e1f4" testId="2bd29c15-5508-a902-1cb5-125e645abedf" testName="ConcurOutboundDeltaSynchronizationRuleUnitTestAddEntry" computerName="PRANAY-TEST" duration="00:00:09.2757714" startTime="2014-08-08T11:49:24.2808691-07:00" endTime="2014-08-08T11:49:33.5568691-07:00" testType="13cdc9d9-ddb5-4fa4-a97d-d965ccfc6d4b" outcome="Passed" testListId="8c84fa94-04c1-424b-9868-57a2d4851a1d" relativeResultsDirectory="e097d665-f64f-4886-aad3-bd0c62f9e1f4" />    <UnitTestResult executionId="76c0f933-6022-4128-9c1d-39cbac2f5044" testId="8c3ba9bb-7832-ffd1-170a-1441256e854c" testName="ConcurOutboundDeltaSynchronizationRuleUnitTestUpdateEntryAddModifySingleValued" computerName="PRANAY-TEST" duration="00:00:14.4955423" startTime="2014-08-08T11:49:33.5568691-07:00" endTime="2014-08-08T11:49:48.0518691-07:00" testType="13cdc9d9-ddb5-4fa4-a97d-d965ccfc6d4b" outcome="Passed" testListId="8c84fa94-04c1-424b-9868-57a2d4851a1d" relativeResultsDirectory="76c0f933-6022-4128-9c1d-39cbac2f5044" />    <UnitTestResult executionId="6d2f8fd2-adbe-459f-b7f0-daddd553bc29" testId="b9c96c8c-032f-22af-3f27-f99506942510" testName="ConcurOutboundDeltaSynchronizationRuleUnitTestHardDeleteEntry" computerName="PRANAY-TEST" duration="00:00:09.7219096" startTime="2014-08-08T11:49:48.0518691-07:00" endTime="2014-08-08T11:49:57.7738691-07:00" testType="13cdc9d9-ddb5-4fa4-a97d-d965ccfc6d4b" outcome="Passed" testListId="8c84fa94-04c1-424b-9868-57a2d4851a1d" relativeResultsDirectory="6d2f8fd2-adbe-459f-b7f0-daddd553bc29" />    <UnitTestResult executionId="27466b6f-0d5d-4f78-99b6-ab3ebbe5dc44" testId="37dd3f27-094b-b023-c4b2-5c7379a42960" testName="TestEvaluationAddEntriesDeltaImport" computerName="PRANAY-TEST" duration="00:00:01.3057787" startTime="2014-08-08T11:49:57.7738691-07:00" endTime="2014-08-08T11:49:59.0798691-07:00" testType="13cdc9d9-ddb5-4fa4-a97d-d965ccfc6d4b" outcome="Passed" testListId="8c84fa94-04c1-424b-9868-57a2d4851a1d" relativeResultsDirectory="27466b6f-0d5d-4f78-99b6-ab3ebbe5dc44" />    <UnitTestResult executionId="244002d3-0f5d-4218-bbe0-cf6a57da8043" testId="3642160b-5b00-b460-8e75-0fde77bfab69" testName="TestEvaluationAddEntriesFullImport" computerName="PRANAY-TEST" duration="00:00:01.3956430" startTime="2014-08-08T11:49:59.0808691-07:00" endTime="2014-08-08T11:50:00.4758691-07:00" testType="13cdc9d9-ddb5-4fa4-a97d-d965ccfc6d4b" outcome="Passed" testListId="8c84fa94-04c1-424b-9868-57a2d4851a1d" relativeResultsDirectory="244002d3-0f5d-4218-bbe0-cf6a57da8043" />    <UnitTestResult executionId="a86d7d4a-136b-4bd0-921d-a807401959c3" testId="dcb7303b-a4e1-73ae-0175-ac4efc7d950d" testName="TestEvaluationAddEntry" computerName="PRANAY-TEST" duration="00:00:00.5287518" startTime="2014-08-08T11:50:00.4758691-07:00" endTime="2014-08-08T11:50:01.0048691-07:00" testType="13cdc9d9-ddb5-4fa4-a97d-d965ccfc6d4b" outcome="Passed" testListId="8c84fa94-04c1-424b-9868-57a2d4851a1d" relativeResultsDirectory="a86d7d4a-136b-4bd0-921d-a807401959c3" />    <UnitTestResult executionId="3015e4e7-1f25-49ff-9da4-b41480fd7623" testId="13f6564e-ba4a-748a-a6d7-f1618f3df3ef" testName="TestEvaluationDeleteEntry" computerName="PRANAY-TEST" duration="00:00:01.8166836" startTime="2014-08-08T11:50:01.0058691-07:00" endTime="2014-08-08T11:50:02.8218691-07:00" testType="13cdc9d9-ddb5-4fa4-a97d-d965ccfc6d4b" outcome="Passed" testListId="8c84fa94-04c1-424b-9868-57a2d4851a1d" relativeResultsDirectory="3015e4e7-1f25-49ff-9da4-b41480fd7623" />    <UnitTestResult executionId="6e4cb218-d7ba-4d3f-b864-3c7093debb12" testId="474b5dd5-1587-50ca-dd9b-d02d03dd4a66" testName="TestEvaluationUpdateEntryAddProperty" computerName="PRANAY-TEST" duration="00:00:01.7686302" startTime="2014-08-08T11:50:02.8228691-07:00" endTime="2014-08-08T11:50:04.5908691-07:00" testType="13cdc9d9-ddb5-4fa4-a97d-d965ccfc6d4b" outcome="Passed" testListId="8c84fa94-04c1-424b-9868-57a2d4851a1d" relativeResultsDirectory="6e4cb218-d7ba-4d3f-b864-3c7093debb12" />    <UnitTestResult executionId="9bc52f42-2195-482d-bd17-d5991bb4275d" testId="540f2f7b-3302-ccd2-deeb-895ced06d76e" testName="TestEvaluationUpdateEntryModifyPropertyAddValue" computerName="PRANAY-TEST" duration="00:00:01.5917811" startTime="2014-08-08T11:50:04.5908691-07:00" endTime="2014-08-08T11:50:06.1828691-07:00" testType="13cdc9d9-ddb5-4fa4-a97d-d965ccfc6d4b" outcome="Passed" testListId="8c84fa94-04c1-424b-9868-57a2d4851a1d" relativeResultsDirectory="9bc52f42-2195-482d-bd17-d5991bb4275d" />    <UnitTestResult executionId="31d6b584-66cd-4a7a-aaf1-ff189e6f3bd8" testId="a0ae5918-70c1-af32-e462-c1d079d434f8" testName="TestEvaluationUpdateEntryModifyPropertyChangeEmptyPluralValue" computerName="PRANAY-TEST" duration="00:00:01.6005847" startTime="2014-08-08T11:50:06.1838691-07:00" endTime="2014-08-08T11:50:07.7838691-07:00" testType="13cdc9d9-ddb5-4fa4-a97d-d965ccfc6d4b" outcome="Passed" testListId="8c84fa94-04c1-424b-9868-57a2d4851a1d" relativeResultsDirectory="31d6b584-66cd-4a7a-aaf1-ff189e6f3bd8" />    <UnitTestResult executionId="4176f999-7d47-4ef7-97dd-95ab6b819106" testId="e993b251-f1ac-ab49-eff7-8c7ad71b3bd8" testName="TestEvaluationUpdateEntryModifyPropertyChangeEmptySingleValue" computerName="PRANAY-TEST" duration="00:00:02.1065275" startTime="2014-08-08T11:50:07.7838691-07:00" endTime="2014-08-08T11:50:09.8908691-07:00" testType="13cdc9d9-ddb5-4fa4-a97d-d965ccfc6d4b" outcome="Passed" testListId="8c84fa94-04c1-424b-9868-57a2d4851a1d" relativeResultsDirectory="4176f999-7d47-4ef7-97dd-95ab6b819106" />    <UnitTestResult executionId="fc2a2795-19dc-4dad-acfb-33344dde4080" testId="a8eb12a9-95e8-5f54-5b18-91a72d9750da" testName="TestEvaluationUpdateEntryModifyPropertyChangePluralValue" computerName="PRANAY-TEST" duration="00:00:02.0000527" startTime="2014-08-08T11:50:09.8908691-07:00" endTime="2014-08-08T11:50:11.8908691-07:00" testType="13cdc9d9-ddb5-4fa4-a97d-d965ccfc6d4b" outcome="Passed" testListId="8c84fa94-04c1-424b-9868-57a2d4851a1d" relativeResultsDirectory="fc2a2795-19dc-4dad-acfb-33344dde4080" />    <UnitTestResult executionId="57ba3096-53d6-40c6-a315-2e9173371004" testId="d46c4a2a-1aee-9eac-816a-f30077b9a7ac" testName="TestEvaluationUpdateEntryModifyPropertyChangeSingleValue" computerName="PRANAY-TEST" duration="00:00:02.0246060" startTime="2014-08-08T11:50:11.8918691-07:00" endTime="2014-08-08T11:50:13.9158691-07:00" testType="13cdc9d9-ddb5-4fa4-a97d-d965ccfc6d4b" outcome="Passed" testListId="8c84fa94-04c1-424b-9868-57a2d4851a1d" relativeResultsDirectory="57ba3096-53d6-40c6-a315-2e9173371004" />    <UnitTestResult executionId="561e53ae-0fc4-4174-8e44-cccaa0120626" testId="7aae5f3a-c3b6-daa3-f3b0-ba9f032c47b2" testName="TestEvaluationUpdateEntryModifyPropertyRemoveValue" computerName="PRANAY-TEST" duration="00:00:01.9747999" startTime="2014-08-08T11:50:13.9168691-07:00" endTime="2014-08-08T11:50:15.8908691-07:00" testType="13cdc9d9-ddb5-4fa4-a97d-d965ccfc6d4b" outcome="Passed" testListId="8c84fa94-04c1-424b-9868-57a2d4851a1d" relativeResultsDirectory="561e53ae-0fc4-4174-8e44-cccaa0120626" />    <UnitTestResult executionId="5f26fd88-5053-4212-a376-15e551f2c3e5" testId="0fb03f10-bce5-433c-c60c-39f730a720a8" testName="TestEvaluationUpdateEntryRemoveProperty" computerName="PRANAY-TEST" duration="00:00:02.3600780" startTime="2014-08-08T11:50:15.8918691-07:00" endTime="2014-08-08T11:50:18.2518691-07:00" testType="13cdc9d9-ddb5-4fa4-a97d-d965ccfc6d4b" outcome="Passed" testListId="8c84fa94-04c1-424b-9868-57a2d4851a1d" relativeResultsDirectory="5f26fd88-5053-4212-a376-15e551f2c3e5" />    <UnitTestResult executionId="c9618afe-ce4a-426e-b1da-b797a8d5e622" testId="ea242f04-09a0-76db-9e8a-e316acf5c69f" testName="TestEvaluationUpdateEntryReplaceProperty" computerName="PRANAY-TEST" duration="00:00:01.6485988" startTime="2014-08-08T11:50:18.2518691-07:00" endTime="2014-08-08T11:50:19.9008691-07:00" testType="13cdc9d9-ddb5-4fa4-a97d-d965ccfc6d4b" outcome="Passed" testListId="8c84fa94-04c1-424b-9868-57a2d4851a1d" relativeResultsDirectory="c9618afe-ce4a-426e-b1da-b797a8d5e622" />    <UnitTestResult executionId="218dc526-e829-4e78-8776-faa23af8a0ef" testId="9bc67291-9f0e-55c5-5cc4-56b773c5d2af" testName="TestEvaluationUpdateEntryModifyJoiningProperty" computerName="PRANAY-TEST" duration="00:00:02.4657598" startTime="2014-08-08T11:50:19.9008691-07:00" endTime="2014-08-08T11:50:22.3668691-07:00" testType="13cdc9d9-ddb5-4fa4-a97d-d965ccfc6d4b" outcome="Passed" testListId="8c84fa94-04c1-424b-9868-57a2d4851a1d" relativeResultsDirectory="218dc526-e829-4e78-8776-faa23af8a0ef" />    <UnitTestResult executionId="9f8d25e4-25d3-4f6a-afff-0543223b9fc2" testId="8ea65b87-ff15-9f81-0d6d-a8838ece8ba1" testName="TestGeneratingFakeEntitlements" computerName="PRANAY-TEST" duration="00:00:00.0726982" startTime="2014-08-08T11:50:22.3668691-07:00" endTime="2014-08-08T11:50:22.4468691-07:00" testType="13cdc9d9-ddb5-4fa4-a97d-d965ccfc6d4b" outcome="Passed" testListId="8c84fa94-04c1-424b-9868-57a2d4851a1d" relativeResultsDirectory="9f8d25e4-25d3-4f6a-afff-0543223b9fc2" />    <UnitTestResult executionId="c335e7e1-8d4e-4a1d-b186-2f8ea5c989db" testId="65999ffd-5718-ef06-b7a3-8722a6539f80" testName="TestEvaluationAddEntitlementEntries" computerName="PRANAY-TEST" duration="00:00:02.3127638" startTime="2014-08-08T11:50:22.4468691-07:00" endTime="2014-08-08T11:50:24.7598691-07:00" testType="13cdc9d9-ddb5-4fa4-a97d-d965ccfc6d4b" outcome="Passed" testListId="8c84fa94-04c1-424b-9868-57a2d4851a1d" relativeResultsDirectory="c335e7e1-8d4e-4a1d-b186-2f8ea5c989db" />    <UnitTestResult executionId="064cd519-73f8-43f0-b0d5-f13e6e84d07e" testId="b1069a9d-b624-5d0b-ea12-45f29da6dfdc" testName="TestEvaluationDeleteEntitlementEntry" computerName="PRANAY-TEST" duration="00:00:00.2905117" startTime="2014-08-08T11:50:24.7598691-07:00" endTime="2014-08-08T11:50:25.0508691-07:00" testType="13cdc9d9-ddb5-4fa4-a97d-d965ccfc6d4b" outcome="Passed" testListId="8c84fa94-04c1-424b-9868-57a2d4851a1d" relativeResultsDirectory="064cd519-73f8-43f0-b0d5-f13e6e84d07e" />    <UnitTestResult executionId="389f39ec-8681-43a8-8f7e-08710214e80a" testId="65626a32-53ec-5f37-846a-49f8889e1fc5" testName="TestEvaluationUpdateEntitlementEntry" computerName="PRANAY-TEST" duration="00:00:02.0951470" startTime="2014-08-08T11:50:25.0508691-07:00" endTime="2014-08-08T11:50:27.1458691-07:00" testType="13cdc9d9-ddb5-4fa4-a97d-d965ccfc6d4b" outcome="Passed" testListId="8c84fa94-04c1-424b-9868-57a2d4851a1d" relativeResultsDirectory="389f39ec-8681-43a8-8f7e-08710214e80a" />    <UnitTestResult executionId="31ac9433-a0b2-475e-985c-e98e82f3509e" testId="110bc64f-bfb0-adec-3c83-77bb4319bcf8" testName="Salesforce_TestEvaluationDeltaUpdateEntryAddModifySingleValued" computerName="PRANAY-TEST" duration="00:00:03.0505933" startTime="2014-08-08T11:50:27.1458691-07:00" endTime="2014-08-08T11:50:30.1978691-07:00" testType="13cdc9d9-ddb5-4fa4-a97d-d965ccfc6d4b" outcome="Passed" testListId="8c84fa94-04c1-424b-9868-57a2d4851a1d" relativeResultsDirectory="31ac9433-a0b2-475e-985c-e98e82f3509e" />    <UnitTestResult executionId="db61b1fa-0a03-4019-8d1c-94f25315557b" testId="c6e0d603-31e7-4947-542e-553f5ba55d97" testName="Salesforce_TestEvaluationDeltaUpdateEntryJoiningProperty" computerName="PRANAY-TEST" duration="00:00:02.9966543" startTime="2014-08-08T11:50:30.1978691-07:00" endTime="2014-08-08T11:50:33.1938691-07:00" testType="13cdc9d9-ddb5-4fa4-a97d-d965ccfc6d4b" outcome="Passed" testListId="8c84fa94-04c1-424b-9868-57a2d4851a1d" relativeResultsDirectory="db61b1fa-0a03-4019-8d1c-94f25315557b" />    <UnitTestResult executionId="59b75211-1d49-4058-9753-3f37b2d6f582" testId="a4f9d0d9-73a7-1b46-88f3-91b08060ebbd" testName="Salesforce_TestEvaluationDeltaUpdateEntryConflictingJoiningPropertyAddNewEntry" computerName="PRANAY-TEST" duration="00:00:03.0029252" startTime="2014-08-08T11:50:33.1948691-07:00" endTime="2014-08-08T11:50:36.1978691-07:00" testType="13cdc9d9-ddb5-4fa4-a97d-d965ccfc6d4b" outcome="Passed" testListId="8c84fa94-04c1-424b-9868-57a2d4851a1d" relativeResultsDirectory="59b75211-1d49-4058-9753-3f37b2d6f582" />    <UnitTestResult executionId="59dcad4b-7e87-44fc-bf7f-b380774ab9e9" testId="de6857d0-448f-2310-31c6-a7a23afe6a3e" testName="Salesforce_TestEvaluationDeltaUpdateEntryWithIndependentTargetDirectoryUpdateToJoiningProperty" computerName="PRANAY-TEST" duration="00:00:02.8195631" startTime="2014-08-08T11:50:36.1978691-07:00" endTime="2014-08-08T11:50:39.0178691-07:00" testType="13cdc9d9-ddb5-4fa4-a97d-d965ccfc6d4b" outcome="Passed" testListId="8c84fa94-04c1-424b-9868-57a2d4851a1d" relativeResultsDirectory="59dcad4b-7e87-44fc-bf7f-b380774ab9e9" />    <UnitTestResult executionId="90938e54-61a6-4786-8fc3-752dc615aa9c" testId="3ef15904-f31e-dc4d-95b3-55834f250610" testName="Salesforce_TestEvaluationDeltaUpdateEntryConflictingJoiningPropertyDeleteOldEntry" computerName="PRANAY-TEST" duration="00:00:02.3744180" startTime="2014-08-08T11:50:39.0178691-07:00" endTime="2014-08-08T11:50:41.3918691-07:00" testType="13cdc9d9-ddb5-4fa4-a97d-d965ccfc6d4b" outcome="Passed" testListId="8c84fa94-04c1-424b-9868-57a2d4851a1d" relativeResultsDirectory="90938e54-61a6-4786-8fc3-752dc615aa9c" />    <UnitTestResult executionId="ef49cd1d-3691-4e03-a977-b19c1242ca8a" testId="7c1e5291-13c0-65d8-d43c-3aa4c8d8f5be" testName="Salesforce_TestEvaluationDeltaAddEntryConflictingJoiningPropertyDeleteOldEntry" computerName="PRANAY-TEST" duration="00:00:02.8554410" startTime="2014-08-08T11:50:41.3918691-07:00" endTime="2014-08-08T11:50:44.2478691-07:00" testType="13cdc9d9-ddb5-4fa4-a97d-d965ccfc6d4b" outcome="Passed" testListId="8c84fa94-04c1-424b-9868-57a2d4851a1d" relativeResultsDirectory="ef49cd1d-3691-4e03-a977-b19c1242ca8a" />    <UnitTestResult executionId="54ad97a9-c567-4c15-811a-77bf0c5b7349" testId="5073b2a2-19e9-7963-23a4-1b3a09f51cc9" testName="Salesforce_TestEvaluationDeltaUpdateEntriesSwapJoiningProperties" computerName="PRANAY-TEST" duration="00:00:02.8483151" startTime="2014-08-08T11:50:44.2478691-07:00" endTime="2014-08-08T11:50:47.0968691-07:00" testType="13cdc9d9-ddb5-4fa4-a97d-d965ccfc6d4b" outcome="Passed" testListId="8c84fa94-04c1-424b-9868-57a2d4851a1d" relativeResultsDirectory="54ad97a9-c567-4c15-811a-77bf0c5b7349" />    <UnitTestResult executionId="368927f5-5de5-47b1-99a5-c83483935ede" testId="0a5f03f1-b7c8-910a-7b9b-7ee0568aa3d0" testName="Salesforce_TestEvaluationDeltaChainJoiningPropertyUpdates" computerName="PRANAY-TEST" duration="00:00:02.7622569" startTime="2014-08-08T11:50:47.0968691-07:00" endTime="2014-08-08T11:50:49.8588691-07:00" testType="13cdc9d9-ddb5-4fa4-a97d-d965ccfc6d4b" outcome="Passed" testListId="8c84fa94-04c1-424b-9868-57a2d4851a1d" relativeResultsDirectory="368927f5-5de5-47b1-99a5-c83483935ede" />    <UnitTestResult executionId="6d6aab3d-6ecd-4924-a16a-55f4438e8b40" testId="8fe115ec-8c1e-5434-a83f-361248910d97" testName="Salesforce_TestEvaluationDeltaUpdateEntryNoEntitledAddModifySingleValued" computerName="PRANAY-TEST" duration="00:00:02.7307855" startTime="2014-08-08T11:50:49.8588691-07:00" endTime="2014-08-08T11:50:52.5898691-07:00" testType="13cdc9d9-ddb5-4fa4-a97d-d965ccfc6d4b" outcome="Passed" testListId="8c84fa94-04c1-424b-9868-57a2d4851a1d" relativeResultsDirectory="6d6aab3d-6ecd-4924-a16a-55f4438e8b40" />    <UnitTestResult executionId="e3c8d771-5c93-463c-82ea-701d526bd573" testId="1a13a317-bb9f-62ca-2beb-8a9e04c69cdc" testName="Salesforce_TestEvaluationDeltaAddEntryAddModifySingleValued" computerName="PRANAY-TEST" duration="00:00:02.5680420" startTime="2014-08-08T11:50:52.5898691-07:00" endTime="2014-08-08T11:50:55.1588691-07:00" testType="13cdc9d9-ddb5-4fa4-a97d-d965ccfc6d4b" outcome="Passed" testListId="8c84fa94-04c1-424b-9868-57a2d4851a1d" relativeResultsDirectory="e3c8d771-5c93-463c-82ea-701d526bd573" />    <UnitTestResult executionId="fac8c4b9-7ac5-47a7-85b8-3d93c503d8b7" testId="0f13609d-5060-85cb-ff2f-802b6dc3eb61" testName="Salesforce_TestEvaluationDeltaAddEntry" computerName="PRANAY-TEST" duration="00:00:02.3499113" startTime="2014-08-08T11:50:55.1588691-07:00" endTime="2014-08-08T11:50:57.5088691-07:00" testType="13cdc9d9-ddb5-4fa4-a97d-d965ccfc6d4b" outcome="Passed" testListId="8c84fa94-04c1-424b-9868-57a2d4851a1d" relativeResultsDirectory="fac8c4b9-7ac5-47a7-85b8-3d93c503d8b7" />    <UnitTestResult executionId="dd616e59-e3ee-4aaa-82dc-b46fadc85af9" testId="1cde2d7b-9d41-3a8c-3f86-8e2f1b9defc1" testName="Salesforce_TestEvaluationDeltaAddUpdateEntryWithMultipleGrants" computerName="PRANAY-TEST" duration="00:00:02.1153014" startTime="2014-08-08T11:50:57.5088691-07:00" endTime="2014-08-08T11:50:59.6238691-07:00" testType="13cdc9d9-ddb5-4fa4-a97d-d965ccfc6d4b" outcome="Passed" testListId="8c84fa94-04c1-424b-9868-57a2d4851a1d" relativeResultsDirectory="dd616e59-e3ee-4aaa-82dc-b46fadc85af9" />    <UnitTestResult executionId="8b8001ab-47ec-4b35-a02c-6fdbf15fc6b0" testId="8b162b16-c318-cd7e-6122-f1a807ec27d6" testName="Salesforce_TestEvaluationDeltaUpdateEntryWithNoProperties" computerName="PRANAY-TEST" duration="00:00:02.8622971" startTime="2014-08-08T11:50:59.6238691-07:00" endTime="2014-08-08T11:51:02.4868691-07:00" testType="13cdc9d9-ddb5-4fa4-a97d-d965ccfc6d4b" outcome="Passed" testListId="8c84fa94-04c1-424b-9868-57a2d4851a1d" relativeResultsDirectory="8b8001ab-47ec-4b35-a02c-6fdbf15fc6b0" />    <UnitTestResult executionId="b32618e0-654a-493d-bace-ba9e4c2c68f9" testId="6c70d5eb-3a0d-4028-0836-da5c44aac304" testName="Salesforce_TestEvaluationDeltaAddEntryWithEmptyLast" computerName="PRANAY-TEST" duration="00:00:02.9201172" startTime="2014-08-08T11:51:02.4868691-07:00" endTime="2014-08-08T11:51:05.4068691-07:00" testType="13cdc9d9-ddb5-4fa4-a97d-d965ccfc6d4b" outcome="Passed" testListId="8c84fa94-04c1-424b-9868-57a2d4851a1d" relativeResultsDirectory="b32618e0-654a-493d-bace-ba9e4c2c68f9" />    <UnitTestResult executionId="956e93dd-f169-474a-b96e-fca69c1ace9f" testId="e15155ad-2ca9-c6a0-7b74-393cf6a52d84" testName="Salesforce_TestEvaluationDeltaAddUpdateEntryWithEmptyLast" computerName="PRANAY-TEST" duration="00:00:02.5940581" startTime="2014-08-08T11:51:05.4068691-07:00" endTime="2014-08-08T11:51:08.0018691-07:00" testType="13cdc9d9-ddb5-4fa4-a97d-d965ccfc6d4b" outcome="Passed" testListId="8c84fa94-04c1-424b-9868-57a2d4851a1d" relativeResultsDirectory="956e93dd-f169-474a-b96e-fca69c1ace9f" />    <UnitTestResult executionId="6a99145c-7bc7-4e72-8dc3-7e1897944acd" testId="ce4a17e4-e7bd-49f8-9f79-269e2d393b65" testName="Salesforce_TestEvaluationDeltaAddUpdateEntrySoftMatchEmail" computerName="PRANAY-TEST" duration="00:00:02.6897295" startTime="2014-08-08T11:51:08.0018691-07:00" endTime="2014-08-08T11:51:10.6918691-07:00" testType="13cdc9d9-ddb5-4fa4-a97d-d965ccfc6d4b" outcome="Passed" testListId="8c84fa94-04c1-424b-9868-57a2d4851a1d" relativeResultsDirectory="6a99145c-7bc7-4e72-8dc3-7e1897944acd" />    <UnitTestResult executionId="4da27718-1645-4c6e-9a49-eaf95ae71f2e" testId="133f4025-27bd-954b-fbd4-812838db0b33" testName="Salesforce_TestEvaluationDeltaAddEntrySoftDeleteReactivation" computerName="PRANAY-TEST" duration="00:00:02.9242463" startTime="2014-08-08T11:51:10.6918691-07:00" endTime="2014-08-08T11:51:13.6158691-07:00" testType="13cdc9d9-ddb5-4fa4-a97d-d965ccfc6d4b" outcome="Passed" testListId="8c84fa94-04c1-424b-9868-57a2d4851a1d" relativeResultsDirectory="4da27718-1645-4c6e-9a49-eaf95ae71f2e" />    <UnitTestResult executionId="fd6cbcd8-9c72-440e-bc15-c69597b1ab83" testId="489c968b-b880-5fc8-bd0b-6eba1dfa4aa5" testName="Salesforce_TestEvaluationDeltaDeleteEntry" computerName="PRANAY-TEST" duration="00:00:02.5279422" startTime="2014-08-08T11:51:13.6158691-07:00" endTime="2014-08-08T11:51:16.1448691-07:00" testType="13cdc9d9-ddb5-4fa4-a97d-d965ccfc6d4b" outcome="Passed" testListId="8c84fa94-04c1-424b-9868-57a2d4851a1d" relativeResultsDirectory="fd6cbcd8-9c72-440e-bc15-c69597b1ab83" />    <UnitTestResult executionId="4a9d31d9-42b9-48f2-aa0e-53e7ee1187ad" testId="fb9792fa-75e3-20db-19bd-ef45b841138e" testName="Salesforce_NewCorp_TestEvaluationDeltaAddEntry" computerName="PRANAY-TEST" duration="00:00:02.3793420" startTime="2014-08-08T11:51:16.1448691-07:00" endTime="2014-08-08T11:51:18.5238691-07:00" testType="13cdc9d9-ddb5-4fa4-a97d-d965ccfc6d4b" outcome="Passed" testListId="8c84fa94-04c1-424b-9868-57a2d4851a1d" relativeResultsDirectory="4a9d31d9-42b9-48f2-aa0e-53e7ee1187ad" />    <UnitTestResult executionId="949ce1e6-6fb0-4d20-ad8b-b8c836c68720" testId="5508897a-23b9-1a65-d1ac-d3e0b8b09507" testName="SalesforceSandbox_NewCorp_TestEvaluationDeltaAddEntry" computerName="PRANAY-TEST" duration="00:00:01.9921299" startTime="2014-08-08T11:51:18.5238691-07:00" endTime="2014-08-08T11:51:20.5238691-07:00" testType="13cdc9d9-ddb5-4fa4-a97d-d965ccfc6d4b" outcome="Passed" testListId="8c84fa94-04c1-424b-9868-57a2d4851a1d" relativeResultsDirectory="949ce1e6-6fb0-4d20-ad8b-b8c836c68720" />    <UnitTestResult executionId="9a0c1920-cc74-4c74-94db-1a33e54a3ba3" testId="d356ddf5-0e19-09c0-c2fa-f401bec05e78" testName="TestEvaluationAddEntry" computerName="PRANAY-TEST" duration="00:00:00.2417246" startTime="2014-08-08T11:51:20.5238691-07:00" endTime="2014-08-08T11:51:20.7668691-07:00" testType="13cdc9d9-ddb5-4fa4-a97d-d965ccfc6d4b" outcome="Passed" testListId="8c84fa94-04c1-424b-9868-57a2d4851a1d" relativeResultsDirectory="9a0c1920-cc74-4c74-94db-1a33e54a3ba3" />    <UnitTestResult executionId="eff5603b-b2c5-420c-b9b8-977463e9b393" testId="a6ccdbec-7c1b-7248-8151-1e4172fe1694" testName="TestEvaluationAddEntriesFullImport" computerName="PRANAY-TEST" duration="00:00:02.0459857" startTime="2014-08-08T11:51:20.7668691-07:00" endTime="2014-08-08T11:51:22.8138691-07:00" testType="13cdc9d9-ddb5-4fa4-a97d-d965ccfc6d4b" outcome="Passed" testListId="8c84fa94-04c1-424b-9868-57a2d4851a1d" relativeResultsDirectory="eff5603b-b2c5-420c-b9b8-977463e9b393" />    <UnitTestResult executionId="f72d31ae-515b-4603-8a5d-b54e6f4fc727" testId="37e1099d-2930-51bf-2b04-45431403a844" testName="TestEvaluationAddEntry" computerName="PRANAY-TEST" duration="00:00:01.4823264" startTime="2014-08-08T11:51:22.8138691-07:00" endTime="2014-08-08T11:51:24.2958691-07:00" testType="13cdc9d9-ddb5-4fa4-a97d-d965ccfc6d4b" outcome="Passed" testListId="8c84fa94-04c1-424b-9868-57a2d4851a1d" relativeResultsDirectory="f72d31ae-515b-4603-8a5d-b54e6f4fc727" />    <UnitTestResult executionId="216aec9d-c64d-4c8c-be5d-3f1777f6dd2b" testId="bcf322c6-9d9c-e86e-0623-1328f8498152" testName="TestEvaluationAddEntryForExistingSoftDeletedUser" computerName="PRANAY-TEST" duration="00:00:01.2353571" startTime="2014-08-08T11:51:24.2958691-07:00" endTime="2014-08-08T11:51:25.5318691-07:00" testType="13cdc9d9-ddb5-4fa4-a97d-d965ccfc6d4b" outcome="Passed" testListId="8c84fa94-04c1-424b-9868-57a2d4851a1d" relativeResultsDirectory="216aec9d-c64d-4c8c-be5d-3f1777f6dd2b" />    <UnitTestResult executionId="d54d1291-41bc-494d-baa6-1278b8611468" testId="dca28467-50ab-e2d2-6db6-df0eb8172821" testName="TestEvaluationAddUpdateEntryWithEntitlements" computerName="PRANAY-TEST" duration="00:00:02.5685567" startTime="2014-08-08T11:51:25.5318691-07:00" endTime="2014-08-08T11:51:28.1008691-07:00" testType="13cdc9d9-ddb5-4fa4-a97d-d965ccfc6d4b" outcome="Passed" testListId="8c84fa94-04c1-424b-9868-57a2d4851a1d" relativeResultsDirectory="d54d1291-41bc-494d-baa6-1278b8611468" />    <UnitTestResult executionId="29a00a75-035b-400c-90a2-7d7f66f562f7" testId="c2939ce9-c8dd-1b53-453e-34eece35106c" testName="TestEvaluationAddEntryWithLastNameEmpty" computerName="PRANAY-TEST" duration="00:00:01.3986695" startTime="2014-08-08T11:51:28.1008691-07:00" endTime="2014-08-08T11:51:29.4998691-07:00" testType="13cdc9d9-ddb5-4fa4-a97d-d965ccfc6d4b" outcome="Passed" testListId="8c84fa94-04c1-424b-9868-57a2d4851a1d" relativeResultsDirectory="29a00a75-035b-400c-90a2-7d7f66f562f7" />    <UnitTestResult executionId="375773ce-a345-4559-b2fe-934b8e423349" testId="c0fdd524-ebb4-4c6f-1ae1-8480f8bc304c" testName="TestEvaluationAddUpdateEntryWithLastNameEmpty" computerName="PRANAY-TEST" duration="00:00:01.4665871" startTime="2014-08-08T11:51:29.4998691-07:00" endTime="2014-08-08T11:51:30.9668691-07:00" testType="13cdc9d9-ddb5-4fa4-a97d-d965ccfc6d4b" outcome="Passed" testListId="8c84fa94-04c1-424b-9868-57a2d4851a1d" relativeResultsDirectory="375773ce-a345-4559-b2fe-934b8e423349" />    <UnitTestResult executionId="07195a52-7021-434c-b2cb-3aa2310ffc6b" testId="34aae3b4-4dbb-a429-3b4c-908d986b466e" testName="TestEvaluationDeleteEntry" computerName="PRANAY-TEST" duration="00:00:01.1381209" startTime="2014-08-08T11:51:30.9668691-07:00" endTime="2014-08-08T11:51:32.1048691-07:00" testType="13cdc9d9-ddb5-4fa4-a97d-d965ccfc6d4b" outcome="Passed" testListId="8c84fa94-04c1-424b-9868-57a2d4851a1d" relativeResultsDirectory="07195a52-7021-434c-b2cb-3aa2310ffc6b" />    <UnitTestResult executionId="1eb44a47-7aa4-4afc-8c91-fa394e9d97b8" testId="1aa8b70a-b8eb-cae3-a307-3dbd4f25086c" testName="TestEvaluationDeleteAdminEntry" computerName="PRANAY-TEST" duration="00:00:01.0417693" startTime="2014-08-08T11:51:32.1048691-07:00" endTime="2014-08-08T11:51:33.1468691-07:00" testType="13cdc9d9-ddb5-4fa4-a97d-d965ccfc6d4b" outcome="Passed" testListId="8c84fa94-04c1-424b-9868-57a2d4851a1d" relativeResultsDirectory="1eb44a47-7aa4-4afc-8c91-fa394e9d97b8" />    <UnitTestResult executionId="6aba72b4-b239-4a09-88c0-741a0224e4b6" testId="e641d876-5e5a-c584-d6d1-cc06b1218347" testName="TestEvaluationUpdateEntryAddProperty" computerName="PRANAY-TEST" duration="00:00:00.6760678" startTime="2014-08-08T11:51:33.1468691-07:00" endTime="2014-08-08T11:51:33.8238691-07:00" testType="13cdc9d9-ddb5-4fa4-a97d-d965ccfc6d4b" outcome="Passed" testListId="8c84fa94-04c1-424b-9868-57a2d4851a1d" relativeResultsDirectory="6aba72b4-b239-4a09-88c0-741a0224e4b6" />    <UnitTestResult executionId="95d5d3ae-dab7-4667-973f-1d343fb34e7b" testId="4b6aef25-149d-bb6d-7b29-a5a7f15e7ee4" testName="TestEvaluationUpdateEntry" computerName="PRANAY-TEST" duration="00:00:02.4889873" startTime="2014-08-08T11:51:33.8238691-07:00" endTime="2014-08-08T11:51:36.3128691-07:00" testType="13cdc9d9-ddb5-4fa4-a97d-d965ccfc6d4b" outcome="Passed" testListId="8c84fa94-04c1-424b-9868-57a2d4851a1d" relativeResultsDirectory="95d5d3ae-dab7-4667-973f-1d343fb34e7b" />    <UnitTestResult executionId="cb8d1884-d6c6-40c1-9e1d-40150992a713" testId="aecf9cf5-4d17-afeb-52be-72d9e2818a7e" testName="TestEvaluationUpdateEntryModifyJoiningProperty" computerName="PRANAY-TEST" duration="00:00:01.1112790" startTime="2014-08-08T11:51:36.3128691-07:00" endTime="2014-08-08T11:51:37.4248691-07:00" testType="13cdc9d9-ddb5-4fa4-a97d-d965ccfc6d4b" outcome="Passed" testListId="8c84fa94-04c1-424b-9868-57a2d4851a1d" relativeResultsDirectory="cb8d1884-d6c6-40c1-9e1d-40150992a713" />    <UnitTestResult executionId="13ae8ea8-0a9d-4d0c-aa5a-9d5b819ad9eb" testId="2bf76d00-0b2d-4d2a-ed7b-40b84b94f276" testName="TestEvaluationUpdateEntryModifyPropertyAddValue" computerName="PRANAY-TEST" duration="00:00:00.7221887" startTime="2014-08-08T11:51:37.4248691-07:00" endTime="2014-08-08T11:51:38.1468691-07:00" testType="13cdc9d9-ddb5-4fa4-a97d-d965ccfc6d4b" outcome="Passed" testListId="8c84fa94-04c1-424b-9868-57a2d4851a1d" relativeResultsDirectory="13ae8ea8-0a9d-4d0c-aa5a-9d5b819ad9eb" />    <UnitTestResult executionId="98365ec7-c06b-4fd3-8540-4c6dd9cc4c69" testId="aaf7673c-3690-47d3-6bb5-482c5f24f213" testName="TestEvaluationUpdateEntryModifyPropertyChangeEmptyPluralValue" computerName="PRANAY-TEST" duration="00:00:00.7175141" startTime="2014-08-08T11:51:38.1478691-07:00" endTime="2014-08-08T11:51:38.8648691-07:00" testType="13cdc9d9-ddb5-4fa4-a97d-d965ccfc6d4b" outcome="Passed" testListId="8c84fa94-04c1-424b-9868-57a2d4851a1d" relativeResultsDirectory="98365ec7-c06b-4fd3-8540-4c6dd9cc4c69" />    <UnitTestResult executionId="f1263a78-4438-4722-9ca2-41f2238dde67" testId="6c61fe55-e50a-5bef-e67f-90b4f89cdc54" testName="TestEvaluationUpdateEntryModifyPropertyChangeEmptySingleValue" computerName="PRANAY-TEST" duration="00:00:00.7087133" startTime="2014-08-08T11:51:38.8648691-07:00" endTime="2014-08-08T11:51:39.5738691-07:00" testType="13cdc9d9-ddb5-4fa4-a97d-d965ccfc6d4b" outcome="Passed" testListId="8c84fa94-04c1-424b-9868-57a2d4851a1d" relativeResultsDirectory="f1263a78-4438-4722-9ca2-41f2238dde67" />    <UnitTestResult executionId="dc474476-9608-4696-a74b-d5f1ebd86b5f" testId="9876eb3a-4910-7af4-5024-31e212a1cbdc" testName="TestEvaluationUpdateEntryModifyPropertyChangePluralValue" computerName="PRANAY-TEST" duration="00:00:00.7941767" startTime="2014-08-08T11:51:39.5748691-07:00" endTime="2014-08-08T11:51:40.3688691-07:00" testType="13cdc9d9-ddb5-4fa4-a97d-d965ccfc6d4b" outcome="Passed" testListId="8c84fa94-04c1-424b-9868-57a2d4851a1d" relativeResultsDirectory="dc474476-9608-4696-a74b-d5f1ebd86b5f" />    <UnitTestResult executionId="79073cec-c25e-41f8-bbae-9d86c9390b60" testId="b7625cf1-b610-5d13-4f12-32d6876d6336" testName="TestEvaluationUpdateEntryModifyPropertyChangeSingleValue" computerName="PRANAY-TEST" duration="00:00:00.7028134" startTime="2014-08-08T11:51:40.3688691-07:00" endTime="2014-08-08T11:51:41.0718691-07:00" testType="13cdc9d9-ddb5-4fa4-a97d-d965ccfc6d4b" outcome="Passed" testListId="8c84fa94-04c1-424b-9868-57a2d4851a1d" relativeResultsDirectory="79073cec-c25e-41f8-bbae-9d86c9390b60" />    <UnitTestResult executionId="a072ec17-8f18-42cc-a202-983dc99ffe37" testId="b4c8e0ce-bbde-31a2-0dfc-06e4ee0b7201" testName="TestEvaluationUpdateEntryRemoveProperty" computerName="PRANAY-TEST" duration="00:00:01.0235485" startTime="2014-08-08T11:51:41.0718691-07:00" endTime="2014-08-08T11:51:42.0958691-07:00" testType="13cdc9d9-ddb5-4fa4-a97d-d965ccfc6d4b" outcome="Passed" testListId="8c84fa94-04c1-424b-9868-57a2d4851a1d" relativeResultsDirectory="a072ec17-8f18-42cc-a202-983dc99ffe37" />    <UnitTestResult executionId="f1551e21-b3fd-4b45-b3a5-1f120f241faf" testId="ec73293f-e87e-9a28-c7ec-c7e7a51aecd2" testName="TestEvaluationUpdateEntryModifyPropertyRemoveValue" computerName="PRANAY-TEST" duration="00:00:00.7866531" startTime="2014-08-08T11:51:42.0958691-07:00" endTime="2014-08-08T11:51:42.8828691-07:00" testType="13cdc9d9-ddb5-4fa4-a97d-d965ccfc6d4b" outcome="Passed" testListId="8c84fa94-04c1-424b-9868-57a2d4851a1d" relativeResultsDirectory="f1551e21-b3fd-4b45-b3a5-1f120f241faf" />    <UnitTestResult executionId="be4772d4-3f25-4144-ac07-1911334662e1" testId="4831ce1f-f2db-4c4d-9f80-ff2586afc23c" testName="TestEvaluationUpdateEntryReplaceProperty" computerName="PRANAY-TEST" duration="00:00:00.7513280" startTime="2014-08-08T11:51:42.8828691-07:00" endTime="2014-08-08T11:51:43.6348691-07:00" testType="13cdc9d9-ddb5-4fa4-a97d-d965ccfc6d4b" outcome="Passed" testListId="8c84fa94-04c1-424b-9868-57a2d4851a1d" relativeResultsDirectory="be4772d4-3f25-4144-ac07-1911334662e1" />    <UnitTestResult executionId="69f70749-e5e7-415a-a286-a939b4133478" testId="b04e7110-5a79-ead1-0b2d-421790c1c9a0" testName="TestEvaluationAddEntriesFullImport" computerName="PRANAY-TEST" duration="00:00:05.2569639" startTime="2014-08-08T11:51:43.6348691-07:00" endTime="2014-08-08T11:51:48.8918691-07:00" testType="13cdc9d9-ddb5-4fa4-a97d-d965ccfc6d4b" outcome="Passed" testListId="8c84fa94-04c1-424b-9868-57a2d4851a1d" relativeResultsDirectory="69f70749-e5e7-415a-a286-a939b4133478" />    <UnitTestResult executionId="0fe1126d-5cbc-4b59-95a3-90f6a05ae36d" testId="0d727253-2a41-8689-dfc6-0370fb4678e3" testName="TestEntryMappingFunctionReplaceProcessing" computerName="PRANAY-TEST" duration="00:00:02.8022689" startTime="2014-08-08T11:51:48.8918691-07:00" endTime="2014-08-08T11:51:51.6948691-07:00" testType="13cdc9d9-ddb5-4fa4-a97d-d965ccfc6d4b" outcome="Passed" testListId="8c84fa94-04c1-424b-9868-57a2d4851a1d" relativeResultsDirectory="0fe1126d-5cbc-4b59-95a3-90f6a05ae36d" />    <UnitTestResult executionId="2bbf5544-b559-4437-93c2-2c96049c5c53" testId="aad8092e-7726-fd6d-1c2e-3c1a51611329" testName="TestEntryMappingFunctionDictionaryProcessing" computerName="PRANAY-TEST" duration="00:00:00.0020464" startTime="2014-08-08T11:51:51.6948691-07:00" endTime="2014-08-08T11:51:51.6978691-07:00" testType="13cdc9d9-ddb5-4fa4-a97d-d965ccfc6d4b" outcome="Passed" testListId="8c84fa94-04c1-424b-9868-57a2d4851a1d" relativeResultsDirectory="2bbf5544-b559-4437-93c2-2c96049c5c53" />    <UnitTestResult executionId="9589e2a3-386c-4f13-8ceb-231e212abca0" testId="61712ccb-1eb1-bed1-cdbc-971301eaab09" testName="TestEntryMappingFunctionSwitchProcessing" computerName="PRANAY-TEST" duration="00:00:00.0074084" startTime="2014-08-08T11:51:51.6978691-07:00" endTime="2014-08-08T11:51:51.7048691-07:00" testType="13cdc9d9-ddb5-4fa4-a97d-d965ccfc6d4b" outcome="Passed" testListId="8c84fa94-04c1-424b-9868-57a2d4851a1d" relativeResultsDirectory="9589e2a3-386c-4f13-8ceb-231e212abca0" />    <UnitTestResult executionId="9d6f4ea3-4071-48a7-b6c0-818d43af59a6" testId="27937de2-b44e-f2c7-a270-383b2fc7d892" testName="TestEntryMappingFunctionNaryOperatorConcatenateProcessing" computerName="PRANAY-TEST" duration="00:00:00.0022200" startTime="2014-08-08T11:51:51.7048691-07:00" endTime="2014-08-08T11:51:51.7078691-07:00" testType="13cdc9d9-ddb5-4fa4-a97d-d965ccfc6d4b" outcome="Passed" testListId="8c84fa94-04c1-424b-9868-57a2d4851a1d" relativeResultsDirectory="9d6f4ea3-4071-48a7-b6c0-818d43af59a6" />  </Results>  <TestDefinitions>    <UnitTest name="TestEvaluationAddEntriesDeltaImport" storage="f:\src\adiam_cloud_nightly_tester\bins\debug\amd64\syncfabric\tests\testruleprocessor\microsoft.activedirectory.connector.test.testruleprocessor.dll" id="18937c0a-d430-3ed7-5de0-9efef451b17f">      <Execution id="f4637dea-cd52-4d70-adbe-a93a090c0dc1" />      <TestMethod codeBase="f:\src\Adiam_Cloud_Nightly_Tester\bins\debug\amd64\SyncFabric\Tests\TestRuleProcessor\Microsoft.ActiveDirectory.Connector.Test.TestRuleProcessor.dll" adapterTypeName="Microsoft.VisualStudio.TestTools.TestTypes.Unit.UnitTestAdapter" className="Microsoft.ActiveDirectory.Connector.Test.BoxOutboundSyncRuleUnitTest" name="TestEvaluationAddEntriesDeltaImport" />    </UnitTest>    <UnitTest name="TestEvaluationAddEntriesFullImport" storage="f:\src\adiam_cloud_nightly_tester\bins\debug\amd64\syncfabric\tests\testruleprocessor\microsoft.activedirectory.connector.test.testruleprocessor.dll" id="84683915-914e-76d2-ff0c-f63d0945f016">      <Execution id="fee14607-43a6-4726-8a27-5a34264495f0" />      <TestMethod codeBase="f:\src\Adiam_Cloud_Nightly_Tester\bins\debug\amd64\SyncFabric\Tests\TestRuleProcessor\Microsoft.ActiveDirectory.Connector.Test.TestRuleProcessor.dll" adapterTypeName="Microsoft.VisualStudio.TestTools.TestTypes.Unit.UnitTestAdapter" className="Microsoft.ActiveDirectory.Connector.Test.BoxOutboundSyncRuleUnitTest" name="TestEvaluationAddEntriesFullImport" />    </UnitTest>    <UnitTest name="TestEvaluationAddEntry" storage="f:\src\adiam_cloud_nightly_tester\bins\debug\amd64\syncfabric\tests\testruleprocessor\microsoft.activedirectory.connector.test.testruleprocessor.dll" id="8576ec24-f4a9-8a72-a8dd-0b5d2d599876">      <Execution id="612d64c3-20ce-4177-a1c6-fc218505d580" />      <TestMethod codeBase="f:\src\Adiam_Cloud_Nightly_Tester\bins\debug\amd64\SyncFabric\Tests\TestRuleProcessor\Microsoft.ActiveDirectory.Connector.Test.TestRuleProcessor.dll" adapterTypeName="Microsoft.VisualStudio.TestTools.TestTypes.Unit.UnitTestAdapter" className="Microsoft.ActiveDirectory.Connector.Test.BoxOutboundSyncRuleUnitTest" name="TestEvaluationAddEntry" />    </UnitTest>    <UnitTest name="TestEvaluationDeleteEntry" storage="f:\src\adiam_cloud_nightly_tester\bins\debug\amd64\syncfabric\tests\testruleprocessor\microsoft.activedirectory.connector.test.testruleprocessor.dll" id="152450e7-856e-bb2b-4d6f-e40c7f9dbd2e">      <Execution id="415b88b7-552b-4319-bf84-b5afbc83fea1" />      <TestMethod codeBase="f:\src\Adiam_Cloud_Nightly_Tester\bins\debug\amd64\SyncFabric\Tests\TestRuleProcessor\Microsoft.ActiveDirectory.Connector.Test.TestRuleProcessor.dll" adapterTypeName="Microsoft.VisualStudio.TestTools.TestTypes.Unit.UnitTestAdapter" className="Microsoft.ActiveDirectory.Connector.Test.BoxOutboundSyncRuleUnitTest" name="TestEvaluationDeleteEntry" />    </UnitTest>    <UnitTest name="TestEvaluationUpdateEntryAddProperty" storage="f:\src\adiam_cloud_nightly_tester\bins\debug\amd64\syncfabric\tests\testruleprocessor\microsoft.activedirectory.connector.test.testruleprocessor.dll" id="75e1b7c2-c3d2-5af1-49c9-bc11b2cb5db1">      <Execution id="4b2baf37-9576-4a12-8dfe-eafdd7631dcd" />      <TestMethod codeBase="f:\src\Adiam_Cloud_Nightly_Tester\bins\debug\amd64\SyncFabric\Tests\TestRuleProcessor\Microsoft.ActiveDirectory.Connector.Test.TestRuleProcessor.dll" adapterTypeName="Microsoft.VisualStudio.TestTools.TestTypes.Unit.UnitTestAdapter" className="Microsoft.ActiveDirectory.Connector.Test.BoxOutboundSyncRuleUnitTest" name="TestEvaluationUpdateEntryAddProperty" />    </UnitTest>    <UnitTest name="TestEvaluationUpdateEntryModifyPropertyAddValue" storage="f:\src\adiam_cloud_nightly_tester\bins\debug\amd64\syncfabric\tests\testruleprocessor\microsoft.activedirectory.connector.test.testruleprocessor.dll" id="2f810a59-157a-f704-15fd-a9dd60cf128c">      <Execution id="2eb981a3-9e83-49b8-b95d-3807e3d3e385" />      <TestMethod codeBase="f:\src\Adiam_Cloud_Nightly_Tester\bins\debug\amd64\SyncFabric\Tests\TestRuleProcessor\Microsoft.ActiveDirectory.Connector.Test.TestRuleProcessor.dll" adapterTypeName="Microsoft.VisualStudio.TestTools.TestTypes.Unit.UnitTestAdapter" className="Microsoft.ActiveDirectory.Connector.Test.BoxOutboundSyncRuleUnitTest" name="TestEvaluationUpdateEntryModifyPropertyAddValue" />    </UnitTest>    <UnitTest name="TestEvaluationUpdateEntryModifyPropertyChangeEmptyPluralValue" storage="f:\src\adiam_cloud_nightly_tester\bins\debug\amd64\syncfabric\tests\testruleprocessor\microsoft.activedirectory.connector.test.testruleprocessor.dll" id="65269f3e-1491-3b2f-bd10-253000701cf6">      <Execution id="5fee7c46-31a2-437e-882c-33aba0f0da09" />      <TestMethod codeBase="f:\src\Adiam_Cloud_Nightly_Tester\bins\debug\amd64\SyncFabric\Tests\TestRuleProcessor\Microsoft.ActiveDirectory.Connector.Test.TestRuleProcessor.dll" adapterTypeName="Microsoft.VisualStudio.TestTools.TestTypes.Unit.UnitTestAdapter" className="Microsoft.ActiveDirectory.Connector.Test.BoxOutboundSyncRuleUnitTest" name="TestEvaluationUpdateEntryModifyPropertyChangeEmptyPluralValue" />    </UnitTest>    <UnitTest name="TestEvaluationUpdateEntryModifyPropertyChangeEmptySingleValue" storage="f:\src\adiam_cloud_nightly_tester\bins\debug\amd64\syncfabric\tests\testruleprocessor\microsoft.activedirectory.connector.test.testruleprocessor.dll" id="4654d6da-37d7-1d53-bc61-35b74b53b63e">      <Execution id="2ad21e88-969a-4073-a391-e9718c323eff" />      <TestMethod codeBase="f:\src\Adiam_Cloud_Nightly_Tester\bins\debug\amd64\SyncFabric\Tests\TestRuleProcessor\Microsoft.ActiveDirectory.Connector.Test.TestRuleProcessor.dll" adapterTypeName="Microsoft.VisualStudio.TestTools.TestTypes.Unit.UnitTestAdapter" className="Microsoft.ActiveDirectory.Connector.Test.BoxOutboundSyncRuleUnitTest" name="TestEvaluationUpdateEntryModifyPropertyChangeEmptySingleValue" />    </UnitTest>    <UnitTest name="TestEvaluationUpdateEntryModifyPropertyChangePluralValue" storage="f:\src\adiam_cloud_nightly_tester\bins\debug\amd64\syncfabric\tests\testruleprocessor\microsoft.activedirectory.connector.test.testruleprocessor.dll" id="2c9ca260-1974-fd99-a3d8-7b2db4c5155e">      <Execution id="007f6985-68ff-4095-8447-80714f2331a5" />      <TestMethod codeBase="f:\src\Adiam_Cloud_Nightly_Tester\bins\debug\amd64\SyncFabric\Tests\TestRuleProcessor\Microsoft.ActiveDirectory.Connector.Test.TestRuleProcessor.dll" adapterTypeName="Microsoft.VisualStudio.TestTools.TestTypes.Unit.UnitTestAdapter" className="Microsoft.ActiveDirectory.Connector.Test.BoxOutboundSyncRuleUnitTest" name="TestEvaluationUpdateEntryModifyPropertyChangePluralValue" />    </UnitTest>    <UnitTest name="TestEvaluationUpdateEntryModifyPropertyChangeSingleValue" storage="f:\src\adiam_cloud_nightly_tester\bins\debug\amd64\syncfabric\tests\testruleprocessor\microsoft.activedirectory.connector.test.testruleprocessor.dll" id="890975dc-e36b-8502-958d-b3fe8d105766">      <Execution id="b0a98392-560f-4db6-922e-8d17a06b6719" />      <TestMethod codeBase="f:\src\Adiam_Cloud_Nightly_Tester\bins\debug\amd64\SyncFabric\Tests\TestRuleProcessor\Microsoft.ActiveDirectory.Connector.Test.TestRuleProcessor.dll" adapterTypeName="Microsoft.VisualStudio.TestTools.TestTypes.Unit.UnitTestAdapter" className="Microsoft.ActiveDirectory.Connector.Test.BoxOutboundSyncRuleUnitTest" name="TestEvaluationUpdateEntryModifyPropertyChangeSingleValue" />    </UnitTest>    <UnitTest name="TestEvaluationUpdateEntryModifyPropertyRemoveValue" storage="f:\src\adiam_cloud_nightly_tester\bins\debug\amd64\syncfabric\tests\testruleprocessor\microsoft.activedirectory.connector.test.testruleprocessor.dll" id="ce5bd05d-a8c3-1b66-15c0-5b93557a4c49">      <Execution id="090d643e-2929-4782-9748-4999946da6e9" />      <TestMethod codeBase="f:\src\Adiam_Cloud_Nightly_Tester\bins\debug\amd64\SyncFabric\Tests\TestRuleProcessor\Microsoft.ActiveDirectory.Connector.Test.TestRuleProcessor.dll" adapterTypeName="Microsoft.VisualStudio.TestTools.TestTypes.Unit.UnitTestAdapter" className="Microsoft.ActiveDirectory.Connector.Test.BoxOutboundSyncRuleUnitTest" name="TestEvaluationUpdateEntryModifyPropertyRemoveValue" />    </UnitTest>    <UnitTest name="TestEvaluationUpdateEntryRemoveProperty" storage="f:\src\adiam_cloud_nightly_tester\bins\debug\amd64\syncfabric\tests\testruleprocessor\microsoft.activedirectory.connector.test.testruleprocessor.dll" id="2afd2ba9-14ba-3668-2fcb-28ad6ed00319">      <Execution id="b88b43aa-dc68-4d6d-a904-7d62489f3ead" />      <TestMethod codeBase="f:\src\Adiam_Cloud_Nightly_Tester\bins\debug\amd64\SyncFabric\Tests\TestRuleProcessor\Microsoft.ActiveDirectory.Connector.Test.TestRuleProcessor.dll" adapterTypeName="Microsoft.VisualStudio.TestTools.TestTypes.Unit.UnitTestAdapter" className="Microsoft.ActiveDirectory.Connector.Test.BoxOutboundSyncRuleUnitTest" name="TestEvaluationUpdateEntryRemoveProperty" />    </UnitTest>    <UnitTest name="TestEvaluationUpdateEntryReplaceProperty" storage="f:\src\adiam_cloud_nightly_tester\bins\debug\amd64\syncfabric\tests\testruleprocessor\microsoft.activedirectory.connector.test.testruleprocessor.dll" id="8fb9cdd4-4f56-c18b-ad3d-10e70bdaef42">      <Execution id="ab8db66e-de57-4ebd-805c-188aef5141de" />      <TestMethod codeBase="f:\src\Adiam_Cloud_Nightly_Tester\bins\debug\amd64\SyncFabric\Tests\TestRuleProcessor\Microsoft.ActiveDirectory.Connector.Test.TestRuleProcessor.dll" adapterTypeName="Microsoft.VisualStudio.TestTools.TestTypes.Unit.UnitTestAdapter" className="Microsoft.ActiveDirectory.Connector.Test.BoxOutboundSyncRuleUnitTest" name="TestEvaluationUpdateEntryReplaceProperty" />    </UnitTest>    <UnitTest name="TestEvaluationUpdateEntryModifyJoiningPropertyWithoutManagerReference" storage="f:\src\adiam_cloud_nightly_tester\bins\debug\amd64\syncfabric\tests\testruleprocessor\microsoft.activedirectory.connector.test.testruleprocessor.dll" id="ea94627c-f4b2-2f4c-d9d5-1994d9b12500">      <Execution id="405b2759-afeb-42ae-9772-3893db4568e9" />      <TestMethod codeBase="f:\src\Adiam_Cloud_Nightly_Tester\bins\debug\amd64\SyncFabric\Tests\TestRuleProcessor\Microsoft.ActiveDirectory.Connector.Test.TestRuleProcessor.dll" adapterTypeName="Microsoft.VisualStudio.TestTools.TestTypes.Unit.UnitTestAdapter" className="Microsoft.ActiveDirectory.Connector.Test.BoxOutboundSyncRuleUnitTest" name="TestEvaluationUpdateEntryModifyJoiningPropertyWithoutManagerReference" />    </UnitTest>    <UnitTest name="TestEvaluationDeltaAddEntrySoftDeleteUnspecified" storage="f:\src\adiam_cloud_nightly_tester\bins\debug\amd64\syncfabric\tests\testruleprocessor\microsoft.activedirectory.connector.test.testruleprocessor.dll" id="05f352d4-54bd-c75f-3dc5-be368a48575f">      <Execution id="00bb3d96-2a0f-4116-849f-2f8d64f7cdce" />      <TestMethod codeBase="f:\src\Adiam_Cloud_Nightly_Tester\bins\debug\amd64\SyncFabric\Tests\TestRuleProcessor\Microsoft.ActiveDirectory.Connector.Test.TestRuleProcessor.dll" adapterTypeName="Microsoft.VisualStudio.TestTools.TestTypes.Unit.UnitTestAdapter" className="Microsoft.ActiveDirectory.Connector.Test.BoxOutboundDeltaSyncRuleUnitTest" name="TestEvaluationDeltaAddEntrySoftDeleteUnspecified" />    </UnitTest>    <UnitTest name="TestEvaluationDeltaAddEntry" storage="f:\src\adiam_cloud_nightly_tester\bins\debug\amd64\syncfabric\tests\testruleprocessor\microsoft.activedirectory.connector.test.testruleprocessor.dll" id="c6e7a9d1-346e-8f82-6b70-c791122e8bda">      <Execution id="cfd140b1-50a6-44cc-b70b-74395e82572f" />      <TestMethod codeBase="f:\src\Adiam_Cloud_Nightly_Tester\bins\debug\amd64\SyncFabric\Tests\TestRuleProcessor\Microsoft.ActiveDirectory.Connector.Test.TestRuleProcessor.dll" adapterTypeName="Microsoft.VisualStudio.TestTools.TestTypes.Unit.UnitTestAdapter" className="Microsoft.ActiveDirectory.Connector.Test.BoxOutboundDeltaSyncRuleUnitTest" name="TestEvaluationDeltaAddEntry" />    </UnitTest>    <UnitTest name="TestEvaluationDeltaUpdateEntry" storage="f:\src\adiam_cloud_nightly_tester\bins\debug\amd64\syncfabric\tests\testruleprocessor\microsoft.activedirectory.connector.test.testruleprocessor.dll" id="37b734e0-fef5-050d-bbbe-df6e268c0dcc">      <Execution id="c4c784d1-ba7d-4e70-8fbc-fbbb80232e2b" />      <TestMethod codeBase="f:\src\Adiam_Cloud_Nightly_Tester\bins\debug\amd64\SyncFabric\Tests\TestRuleProcessor\Microsoft.ActiveDirectory.Connector.Test.TestRuleProcessor.dll" adapterTypeName="Microsoft.VisualStudio.TestTools.TestTypes.Unit.UnitTestAdapter" className="Microsoft.ActiveDirectory.Connector.Test.BoxOutboundDeltaSyncRuleUnitTest" name="TestEvaluationDeltaUpdateEntry" />    </UnitTest>    <UnitTest name="TestEvaluationDeltaUpdateEntryJoiningProperty" storage="f:\src\adiam_cloud_nightly_tester\bins\debug\amd64\syncfabric\tests\testruleprocessor\microsoft.activedirectory.connector.test.testruleprocessor.dll" id="2474952d-c670-3e8c-72e9-c0b3be0677b1">      <Execution id="cf5990c0-1eeb-4cdd-8fb2-8de7863e425c" />      <TestMethod codeBase="f:\src\Adiam_Cloud_Nightly_Tester\bins\debug\amd64\SyncFabric\Tests\TestRuleProcessor\Microsoft.ActiveDirectory.Connector.Test.TestRuleProcessor.dll" adapterTypeName="Microsoft.VisualStudio.TestTools.TestTypes.Unit.UnitTestAdapter" className="Microsoft.ActiveDirectory.Connector.Test.BoxOutboundDeltaSyncRuleUnitTest" name="TestEvaluationDeltaUpdateEntryJoiningProperty" />    </UnitTest>    <UnitTest name="TestEvaluationDeltaUpdateEntryNoUserName" storage="f:\src\adiam_cloud_nightly_tester\bins\debug\amd64\syncfabric\tests\testruleprocessor\microsoft.activedirectory.connector.test.testruleprocessor.dll" id="ff50d17a-b66a-6f4c-9dd4-9f583155128a">      <Execution id="68a4c337-471d-43e7-93a4-b274f8d4fb67" />      <TestMethod codeBase="f:\src\Adiam_Cloud_Nightly_Tester\bins\debug\amd64\SyncFabric\Tests\TestRuleProcessor\Microsoft.ActiveDirectory.Connector.Test.TestRuleProcessor.dll" adapterTypeName="Microsoft.VisualStudio.TestTools.TestTypes.Unit.UnitTestAdapter" className="Microsoft.ActiveDirectory.Connector.Test.BoxOutboundDeltaSyncRuleUnitTest" name="TestEvaluationDeltaUpdateEntryNoUserName" />    </UnitTest>    <UnitTest name="TestEvaluationDeltaDeleteEntry" storage="f:\src\adiam_cloud_nightly_tester\bins\debug\amd64\syncfabric\tests\testruleprocessor\microsoft.activedirectory.connector.test.testruleprocessor.dll" id="002e6f13-965d-d5ef-bc1c-0f880453d010">      <Execution id="c1ff1e3d-7446-4805-a907-7fc9bc66cc64" />      <TestMethod codeBase="f:\src\Adiam_Cloud_Nightly_Tester\bins\debug\amd64\SyncFabric\Tests\TestRuleProcessor\Microsoft.ActiveDirectory.Connector.Test.TestRuleProcessor.dll" adapterTypeName="Microsoft.VisualStudio.TestTools.TestTypes.Unit.UnitTestAdapter" className="Microsoft.ActiveDirectory.Connector.Test.BoxOutboundDeltaSyncRuleUnitTest" name="TestEvaluationDeltaDeleteEntry" />    </UnitTest>    <UnitTest name="TestEvaluationDeltaEntitlementGrants" storage="f:\src\adiam_cloud_nightly_tester\bins\debug\amd64\syncfabric\tests\testruleprocessor\microsoft.activedirectory.connector.test.testruleprocessor.dll" id="3efdb477-5d53-9fd3-f42e-1bf54675bfaa">      <Execution id="14be331a-cb39-4e3a-83b3-690b67fd1153" />      <TestMethod codeBase="f:\src\Adiam_Cloud_Nightly_Tester\bins\debug\amd64\SyncFabric\Tests\TestRuleProcessor\Microsoft.ActiveDirectory.Connector.Test.TestRuleProcessor.dll" adapterTypeName="Microsoft.VisualStudio.TestTools.TestTypes.Unit.UnitTestAdapter" className="Microsoft.ActiveDirectory.Connector.Test.BoxOutboundDeltaSyncRuleUnitTest" name="TestEvaluationDeltaEntitlementGrants" />    </UnitTest>    <UnitTest name="CitrixDelta_TestEvaluationDeltaRuleAddEntriesFullImport" storage="f:\src\adiam_cloud_nightly_tester\bins\debug\amd64\syncfabric\tests\testruleprocessor\microsoft.activedirectory.connector.test.testruleprocessor.dll" id="cfc2c358-16e3-9d73-fae1-8379e04fd4e3">      <Execution id="d50e3498-bad6-4e33-835d-25cc3e89e443" />      <TestMethod codeBase="f:\src\Adiam_Cloud_Nightly_Tester\bins\debug\amd64\SyncFabric\Tests\TestRuleProcessor\Microsoft.ActiveDirectory.Connector.Test.TestRuleProcessor.dll" adapterTypeName="Microsoft.VisualStudio.TestTools.TestTypes.Unit.UnitTestAdapter" className="Microsoft.ActiveDirectory.Connector.Test.CitrixOutboundDeltaSyncRuleUnitTest" name="CitrixDelta_TestEvaluationDeltaRuleAddEntriesFullImport" />    </UnitTest>    <UnitTest name="CitrixDelta_TestGetMathingEntries" storage="f:\src\adiam_cloud_nightly_tester\bins\debug\amd64\syncfabric\tests\testruleprocessor\microsoft.activedirectory.connector.test.testruleprocessor.dll" id="126f8bca-a9f9-80ac-0ed9-3394be2bb930">      <Execution id="0d2cac7e-126a-4a6d-8f0c-00c31f0ac47c" />      <TestMethod codeBase="f:\src\Adiam_Cloud_Nightly_Tester\bins\debug\amd64\SyncFabric\Tests\TestRuleProcessor\Microsoft.ActiveDirectory.Connector.Test.TestRuleProcessor.dll" adapterTypeName="Microsoft.VisualStudio.TestTools.TestTypes.Unit.UnitTestAdapter" className="Microsoft.ActiveDirectory.Connector.Test.CitrixOutboundDeltaSyncRuleUnitTest" name="CitrixDelta_TestGetMathingEntries" />    </UnitTest>    <UnitTest name="CitrixDelta_TestEvaluationDeltaRuleAddEntry" storage="f:\src\adiam_cloud_nightly_tester\bins\debug\amd64\syncfabric\tests\testruleprocessor\microsoft.activedirectory.connector.test.testruleprocessor.dll" id="9e4ee257-d36b-633c-8276-a01eccf4756c">      <Execution id="fdaa3daa-658e-419b-bfa5-cea4a2f34d86" />      <TestMethod codeBase="f:\src\Adiam_Cloud_Nightly_Tester\bins\debug\amd64\SyncFabric\Tests\TestRuleProcessor\Microsoft.ActiveDirectory.Connector.Test.TestRuleProcessor.dll" adapterTypeName="Microsoft.VisualStudio.TestTools.TestTypes.Unit.UnitTestAdapter" className="Microsoft.ActiveDirectory.Connector.Test.CitrixOutboundDeltaSyncRuleUnitTest" name="CitrixDelta_TestEvaluationDeltaRuleAddEntry" />    </UnitTest>    <UnitTest name="CitrixDelta_TestEvaluationDeltaRuleAddEntryConflictingJoiningProperty" storage="f:\src\adiam_cloud_nightly_tester\bins\debug\amd64\syncfabric\tests\testruleprocessor\microsoft.activedirectory.connector.test.testruleprocessor.dll" id="fd3133ec-7f92-6cdf-c2a3-ed7ff2bb616a">      <Execution id="8f2d687f-7d0b-46a5-9075-15bb1e24e1f6" />      <TestMethod codeBase="f:\src\Adiam_Cloud_Nightly_Tester\bins\debug\amd64\SyncFabric\Tests\TestRuleProcessor\Microsoft.ActiveDirectory.Connector.Test.TestRuleProcessor.dll" adapterTypeName="Microsoft.VisualStudio.TestTools.TestTypes.Unit.UnitTestAdapter" className="Microsoft.ActiveDirectory.Connector.Test.CitrixOutboundDeltaSyncRuleUnitTest" name="CitrixDelta_TestEvaluationDeltaRuleAddEntryConflictingJoiningProperty" />    </UnitTest>    <UnitTest name="CitrixDelta_TestEvaluationDeltaRuleUpdateEntry" storage="f:\src\adiam_cloud_nightly_tester\bins\debug\amd64\syncfabric\tests\testruleprocessor\microsoft.activedirectory.connector.test.testruleprocessor.dll" id="406c5b1d-26a1-5fa1-c181-5a849b1c97c1">      <Execution id="95e6ed00-e525-4145-b33e-212e39e15c58" />      <TestMethod codeBase="f:\src\Adiam_Cloud_Nightly_Tester\bins\debug\amd64\SyncFabric\Tests\TestRuleProcessor\Microsoft.ActiveDirectory.Connector.Test.TestRuleProcessor.dll" adapterTypeName="Microsoft.VisualStudio.TestTools.TestTypes.Unit.UnitTestAdapter" className="Microsoft.ActiveDirectory.Connector.Test.CitrixOutboundDeltaSyncRuleUnitTest" name="CitrixDelta_TestEvaluationDeltaRuleUpdateEntry" />    </UnitTest>    <UnitTest name="CitrixDelta_TestEvaluationAddEntryWithIgnorableProperties" storage="f:\src\adiam_cloud_nightly_tester\bins\debug\amd64\syncfabric\tests\testruleprocessor\microsoft.activedirectory.connector.test.testruleprocessor.dll" id="b744f138-0453-946a-992b-c472627fc573">      <Execution id="4e4fade9-c919-4168-94d0-fe460b5ba3ca" />      <TestMethod codeBase="f:\src\Adiam_Cloud_Nightly_Tester\bins\debug\amd64\SyncFabric\Tests\TestRuleProcessor\Microsoft.ActiveDirectory.Connector.Test.TestRuleProcessor.dll" adapterTypeName="Microsoft.VisualStudio.TestTools.TestTypes.Unit.UnitTestAdapter" className="Microsoft.ActiveDirectory.Connector.Test.CitrixOutboundDeltaSyncRuleUnitTest" name="CitrixDelta_TestEvaluationAddEntryWithIgnorableProperties" />    </UnitTest>    <UnitTest name="CitrixDelta_TestEvaluationDeltaRuleUpdateEntryJoiningProperty" storage="f:\src\adiam_cloud_nightly_tester\bins\debug\amd64\syncfabric\tests\testruleprocessor\microsoft.activedirectory.connector.test.testruleprocessor.dll" id="a9d733c8-d48e-f6bb-b4d3-7976700bfbf0">      <Execution id="5f14c98f-7ad1-43d8-a2ab-777d3b4fa48e" />      <TestMethod codeBase="f:\src\Adiam_Cloud_Nightly_Tester\bins\debug\amd64\SyncFabric\Tests\TestRuleProcessor\Microsoft.ActiveDirectory.Connector.Test.TestRuleProcessor.dll" adapterTypeName="Microsoft.VisualStudio.TestTools.TestTypes.Unit.UnitTestAdapter" className="Microsoft.ActiveDirectory.Connector.Test.CitrixOutboundDeltaSyncRuleUnitTest" name="CitrixDelta_TestEvaluationDeltaRuleUpdateEntryJoiningProperty" />    </UnitTest>    <UnitTest name="CitrixDelta_TestEvaluationDeltaRuleAddEntryRequiredFieldsAsMissing" storage="f:\src\adiam_cloud_nightly_tester\bins\debug\amd64\syncfabric\tests\testruleprocessor\microsoft.activedirectory.connector.test.testruleprocessor.dll" id="7b755a4b-dc89-c521-9a30-86e418521e16">      <Execution id="c0e5b212-6779-40b1-b7f0-8f89fc324715" />      <TestMethod codeBase="f:\src\Adiam_Cloud_Nightly_Tester\bins\debug\amd64\SyncFabric\Tests\TestRuleProcessor\Microsoft.ActiveDirectory.Connector.Test.TestRuleProcessor.dll" adapterTypeName="Microsoft.VisualStudio.TestTools.TestTypes.Unit.UnitTestAdapter" className="Microsoft.ActiveDirectory.Connector.Test.CitrixOutboundDeltaSyncRuleUnitTest" name="CitrixDelta_TestEvaluationDeltaRuleAddEntryRequiredFieldsAsMissing" />    </UnitTest>    <UnitTest name="CitrixDelta_TestEvaluationDeltaRuleUpdateEntryRequiredFieldsAsMissing" storage="f:\src\adiam_cloud_nightly_tester\bins\debug\amd64\syncfabric\tests\testruleprocessor\microsoft.activedirectory.connector.test.testruleprocessor.dll" id="6c06d0f5-3471-313b-e10e-b9f12b637ff2">      <Execution id="c6dcfcc6-e95b-4381-8faf-00e2100872cc" />      <TestMethod codeBase="f:\src\Adiam_Cloud_Nightly_Tester\bins\debug\amd64\SyncFabric\Tests\TestRuleProcessor\Microsoft.ActiveDirectory.Connector.Test.TestRuleProcessor.dll" adapterTypeName="Microsoft.VisualStudio.TestTools.TestTypes.Unit.UnitTestAdapter" className="Microsoft.ActiveDirectory.Connector.Test.CitrixOutboundDeltaSyncRuleUnitTest" name="CitrixDelta_TestEvaluationDeltaRuleUpdateEntryRequiredFieldsAsMissing" />    </UnitTest>    <UnitTest name="CitrixDelta_TestEvaluationDeltaRuleDeleteEntry" storage="f:\src\adiam_cloud_nightly_tester\bins\debug\amd64\syncfabric\tests\testruleprocessor\microsoft.activedirectory.connector.test.testruleprocessor.dll" id="c802827e-efe3-51e2-97c1-33d93500f3a2">      <Execution id="d8f9679d-4c93-4f52-a224-a8e7faa16b18" />      <TestMethod codeBase="f:\src\Adiam_Cloud_Nightly_Tester\bins\debug\amd64\SyncFabric\Tests\TestRuleProcessor\Microsoft.ActiveDirectory.Connector.Test.TestRuleProcessor.dll" adapterTypeName="Microsoft.VisualStudio.TestTools.TestTypes.Unit.UnitTestAdapter" className="Microsoft.ActiveDirectory.Connector.Test.CitrixOutboundDeltaSyncRuleUnitTest" name="CitrixDelta_TestEvaluationDeltaRuleDeleteEntry" />    </UnitTest>    <UnitTest name="CitrixFullTest_EvaluationAddEntriesFullImport" storage="f:\src\adiam_cloud_nightly_tester\bins\debug\amd64\syncfabric\tests\testruleprocessor\microsoft.activedirectory.connector.test.testruleprocessor.dll" id="37c47701-80c6-3896-9990-8d0409fca0c7">      <Execution id="7dd2a869-a0ea-4caf-85fd-84ccbdb04865" />      <TestMethod codeBase="f:\src\Adiam_Cloud_Nightly_Tester\bins\debug\amd64\SyncFabric\Tests\TestRuleProcessor\Microsoft.ActiveDirectory.Connector.Test.TestRuleProcessor.dll" adapterTypeName="Microsoft.VisualStudio.TestTools.TestTypes.Unit.UnitTestAdapter" className="Microsoft.ActiveDirectory.Connector.Test.CitrixOutboundSynchronizationRuleUnitTest" name="CitrixFullTest_EvaluationAddEntriesFullImport" />    </UnitTest>    <UnitTest name="CitrixFullTest_EvaluationAddEntry" storage="f:\src\adiam_cloud_nightly_tester\bins\debug\amd64\syncfabric\tests\testruleprocessor\microsoft.activedirectory.connector.test.testruleprocessor.dll" id="c217fbff-c242-d81e-c53e-034951fa27a1">      <Execution id="0c3abf2f-b10d-4994-afbf-3a3dbcda9376" />      <TestMethod codeBase="f:\src\Adiam_Cloud_Nightly_Tester\bins\debug\amd64\SyncFabric\Tests\TestRuleProcessor\Microsoft.ActiveDirectory.Connector.Test.TestRuleProcessor.dll" adapterTypeName="Microsoft.VisualStudio.TestTools.TestTypes.Unit.UnitTestAdapter" className="Microsoft.ActiveDirectory.Connector.Test.CitrixOutboundSynchronizationRuleUnitTest" name="CitrixFullTest_EvaluationAddEntry" />    </UnitTest>    <UnitTest name="CitrixFullTest_EvaluationAddEntryWithIgnorableProperties" storage="f:\src\adiam_cloud_nightly_tester\bins\debug\amd64\syncfabric\tests\testruleprocessor\microsoft.activedirectory.connector.test.testruleprocessor.dll" id="0fe007d5-ed59-ac2c-7270-c00726184183">      <Execution id="c55c80e7-308a-4a9f-a005-d3f4b46a63e4" />      <TestMethod codeBase="f:\src\Adiam_Cloud_Nightly_Tester\bins\debug\amd64\SyncFabric\Tests\TestRuleProcessor\Microsoft.ActiveDirectory.Connector.Test.TestRuleProcessor.dll" adapterTypeName="Microsoft.VisualStudio.TestTools.TestTypes.Unit.UnitTestAdapter" className="Microsoft.ActiveDirectory.Connector.Test.CitrixOutboundSynchronizationRuleUnitTest" name="CitrixFullTest_EvaluationAddEntryWithIgnorableProperties" />    </UnitTest>    <UnitTest name="CitrixFullTest_EvaluationAddEntryWithRequiredFieldsAsEmpty" storage="f:\src\adiam_cloud_nightly_tester\bins\debug\amd64\syncfabric\tests\testruleprocessor\microsoft.activedirectory.connector.test.testruleprocessor.dll" id="aec71a0d-2f7a-fc59-beff-f8db211207f9">      <Execution id="f3c9660f-ad65-49f8-84ec-d84d3c17cc78" />      <TestMethod codeBase="f:\src\Adiam_Cloud_Nightly_Tester\bins\debug\amd64\SyncFabric\Tests\TestRuleProcessor\Microsoft.ActiveDirectory.Connector.Test.TestRuleProcessor.dll" adapterTypeName="Microsoft.VisualStudio.TestTools.TestTypes.Unit.UnitTestAdapter" className="Microsoft.ActiveDirectory.Connector.Test.CitrixOutboundSynchronizationRuleUnitTest" name="CitrixFullTest_EvaluationAddEntryWithRequiredFieldsAsEmpty" />    </UnitTest>    <UnitTest name="CitrixFullTest_EvaluationUpdateEntryWithRequiredFieldsAsEmpty" storage="f:\src\adiam_cloud_nightly_tester\bins\debug\amd64\syncfabric\tests\testruleprocessor\microsoft.activedirectory.connector.test.testruleprocessor.dll" id="dc875d05-0ec9-5c9d-1997-10ead1823883">      <Execution id="e4988d57-2b9c-4f43-ba3a-ae1f1428387f" />      <TestMethod codeBase="f:\src\Adiam_Cloud_Nightly_Tester\bins\debug\amd64\SyncFabric\Tests\TestRuleProcessor\Microsoft.ActiveDirectory.Connector.Test.TestRuleProcessor.dll" adapterTypeName="Microsoft.VisualStudio.TestTools.TestTypes.Unit.UnitTestAdapter" className="Microsoft.ActiveDirectory.Connector.Test.CitrixOutboundSynchronizationRuleUnitTest" name="CitrixFullTest_EvaluationUpdateEntryWithRequiredFieldsAsEmpty" />    </UnitTest>    <UnitTest name="CitrixFullTest_EvaluationDeleteEntry" storage="f:\src\adiam_cloud_nightly_tester\bins\debug\amd64\syncfabric\tests\testruleprocessor\microsoft.activedirectory.connector.test.testruleprocessor.dll" id="c15a4323-c865-61a1-f1c0-7db6671dd0c5">      <Execution id="bcd090b3-2888-47e2-853c-cb6a2d97c1f1" />      <TestMethod codeBase="f:\src\Adiam_Cloud_Nightly_Tester\bins\debug\amd64\SyncFabric\Tests\TestRuleProcessor\Microsoft.ActiveDirectory.Connector.Test.TestRuleProcessor.dll" adapterTypeName="Microsoft.VisualStudio.TestTools.TestTypes.Unit.UnitTestAdapter" className="Microsoft.ActiveDirectory.Connector.Test.CitrixOutboundSynchronizationRuleUnitTest" name="CitrixFullTest_EvaluationDeleteEntry" />    </UnitTest>    <UnitTest name="CitrixFullTest_EvaluationUpdateEntry" storage="f:\src\adiam_cloud_nightly_tester\bins\debug\amd64\syncfabric\tests\testruleprocessor\microsoft.activedirectory.connector.test.testruleprocessor.dll" id="3a2aa1a8-e750-6b03-adca-533240319bbe">      <Execution id="9e79b5ff-c36e-4f4e-b317-5a1d4d14eee3" />      <TestMethod codeBase="f:\src\Adiam_Cloud_Nightly_Tester\bins\debug\amd64\SyncFabric\Tests\TestRuleProcessor\Microsoft.ActiveDirectory.Connector.Test.TestRuleProcessor.dll" adapterTypeName="Microsoft.VisualStudio.TestTools.TestTypes.Unit.UnitTestAdapter" className="Microsoft.ActiveDirectory.Connector.Test.CitrixOutboundSynchronizationRuleUnitTest" name="CitrixFullTest_EvaluationUpdateEntry" />    </UnitTest>    <UnitTest name="CitrixFullTest_EvaluationUpdateEntryWithIgnorableProperties" storage="f:\src\adiam_cloud_nightly_tester\bins\debug\amd64\syncfabric\tests\testruleprocessor\microsoft.activedirectory.connector.test.testruleprocessor.dll" id="3aca52fc-b36b-3ce6-3854-24e5ad3b633e">      <Execution id="059f79e5-9231-4410-b142-b26ea82dd8f3" />      <TestMethod codeBase="f:\src\Adiam_Cloud_Nightly_Tester\bins\debug\amd64\SyncFabric\Tests\TestRuleProcessor\Microsoft.ActiveDirectory.Connector.Test.TestRuleProcessor.dll" adapterTypeName="Microsoft.VisualStudio.TestTools.TestTypes.Unit.UnitTestAdapter" className="Microsoft.ActiveDirectory.Connector.Test.CitrixOutboundSynchronizationRuleUnitTest" name="CitrixFullTest_EvaluationUpdateEntryWithIgnorableProperties" />    </UnitTest>    <UnitTest name="GoogleAppsV2TestRuleEvaluationDeltaRuleAddUsersFullImport" storage="f:\src\adiam_cloud_nightly_tester\bins\debug\amd64\syncfabric\tests\testruleprocessor\microsoft.activedirectory.connector.test.testruleprocessor.dll" id="617543fe-8bb1-69ac-e202-c14b90120b82">      <Execution id="3c936d07-3d6d-41f0-b76d-f09e0ea38e03" />      <TestMethod codeBase="f:\src\Adiam_Cloud_Nightly_Tester\bins\debug\amd64\SyncFabric\Tests\TestRuleProcessor\Microsoft.ActiveDirectory.Connector.Test.TestRuleProcessor.dll" adapterTypeName="Microsoft.VisualStudio.TestTools.TestTypes.Unit.UnitTestAdapter" className="Microsoft.ActiveDirectory.Connector.Test.GoogleAppsV2OutboundDeltaSyncRuleUnitTestRealSchema" name="GoogleAppsV2TestRuleEvaluationDeltaRuleAddUsersFullImport" />    </UnitTest>    <UnitTest name="GoogleAppsV2TestRuleEvaluationDeltaRuleAddUser" storage="f:\src\adiam_cloud_nightly_tester\bins\debug\amd64\syncfabric\tests\testruleprocessor\microsoft.activedirectory.connector.test.testruleprocessor.dll" id="ec7a6886-8f1f-9c98-788a-f1395deea79c">      <Execution id="b1ea457d-e276-4dd7-8e4a-b2912bbbacc5" />      <TestMethod codeBase="f:\src\Adiam_Cloud_Nightly_Tester\bins\debug\amd64\SyncFabric\Tests\TestRuleProcessor\Microsoft.ActiveDirectory.Connector.Test.TestRuleProcessor.dll" adapterTypeName="Microsoft.VisualStudio.TestTools.TestTypes.Unit.UnitTestAdapter" className="Microsoft.ActiveDirectory.Connector.Test.GoogleAppsV2OutboundDeltaSyncRuleUnitTestRealSchema" name="GoogleAppsV2TestRuleEvaluationDeltaRuleAddUser" />    </UnitTest>    <UnitTest name="GoogleAppsV2TestRuleEvaluationDeltaRuleAddGroups" storage="f:\src\adiam_cloud_nightly_tester\bins\debug\amd64\syncfabric\tests\testruleprocessor\microsoft.activedirectory.connector.test.testruleprocessor.dll" id="f10fea4f-210b-311c-2d9a-d938a65ef8bd">      <Execution id="f279f54a-1f06-4da6-a8db-a71202dc6286" />      <TestMethod codeBase="f:\src\Adiam_Cloud_Nightly_Tester\bins\debug\amd64\SyncFabric\Tests\TestRuleProcessor\Microsoft.ActiveDirectory.Connector.Test.TestRuleProcessor.dll" adapterTypeName="Microsoft.VisualStudio.TestTools.TestTypes.Unit.UnitTestAdapter" className="Microsoft.ActiveDirectory.Connector.Test.GoogleAppsV2OutboundDeltaSyncRuleUnitTestRealSchema" name="GoogleAppsV2TestRuleEvaluationDeltaRuleAddGroups" />    </UnitTest>    <UnitTest name="GoogleAppsV2TestRuleEvaluationDeltaRuleDeleteGroup" storage="f:\src\adiam_cloud_nightly_tester\bins\debug\amd64\syncfabric\tests\testruleprocessor\microsoft.activedirectory.connector.test.testruleprocessor.dll" id="69287587-ff02-4952-5676-76aac7f0a850">      <Execution id="080300b3-29ed-4e7a-8195-11acb8fceb7b" />      <TestMethod codeBase="f:\src\Adiam_Cloud_Nightly_Tester\bins\debug\amd64\SyncFabric\Tests\TestRuleProcessor\Microsoft.ActiveDirectory.Connector.Test.TestRuleProcessor.dll" adapterTypeName="Microsoft.VisualStudio.TestTools.TestTypes.Unit.UnitTestAdapter" className="Microsoft.ActiveDirectory.Connector.Test.GoogleAppsV2OutboundDeltaSyncRuleUnitTestRealSchema" name="GoogleAppsV2TestRuleEvaluationDeltaRuleDeleteGroup" />    </UnitTest>    <UnitTest name="GoogleAppsV2TestRuleEvaluationDeltaRuleUpdateGroup" storage="f:\src\adiam_cloud_nightly_tester\bins\debug\amd64\syncfabric\tests\testruleprocessor\microsoft.activedirectory.connector.test.testruleprocessor.dll" id="536eabeb-7113-6b80-aee1-bb4cd40b2e5c">      <Execution id="214ce1fe-f5ee-4655-8262-c81c4ac81a15" />      <TestMethod codeBase="f:\src\Adiam_Cloud_Nightly_Tester\bins\debug\amd64\SyncFabric\Tests\TestRuleProcessor\Microsoft.ActiveDirectory.Connector.Test.TestRuleProcessor.dll" adapterTypeName="Microsoft.VisualStudio.TestTools.TestTypes.Unit.UnitTestAdapter" className="Microsoft.ActiveDirectory.Connector.Test.GoogleAppsV2OutboundDeltaSyncRuleUnitTestRealSchema" name="GoogleAppsV2TestRuleEvaluationDeltaRuleUpdateGroup" />    </UnitTest>    <UnitTest name="GoogleAppsV2TestRuleEvaluationDeltaRuleAddUserConflictingJoiningProperty" storage="f:\src\adiam_cloud_nightly_tester\bins\debug\amd64\syncfabric\tests\testruleprocessor\microsoft.activedirectory.connector.test.testruleprocessor.dll" id="edd2811f-67dc-6d8e-5162-b9fb7b189687">      <Execution id="0c01651d-7c21-4c2a-b06d-4361a57f3f3b" />      <TestMethod codeBase="f:\src\Adiam_Cloud_Nightly_Tester\bins\debug\amd64\SyncFabric\Tests\TestRuleProcessor\Microsoft.ActiveDirectory.Connector.Test.TestRuleProcessor.dll" adapterTypeName="Microsoft.VisualStudio.TestTools.TestTypes.Unit.UnitTestAdapter" className="Microsoft.ActiveDirectory.Connector.Test.GoogleAppsV2OutboundDeltaSyncRuleUnitTestRealSchema" name="GoogleAppsV2TestRuleEvaluationDeltaRuleAddUserConflictingJoiningProperty" />    </UnitTest>    <UnitTest name="GoogleAppsV2TestRuleEvaluationDeltaRuleUpdateUser" storage="f:\src\adiam_cloud_nightly_tester\bins\debug\amd64\syncfabric\tests\testruleprocessor\microsoft.activedirectory.connector.test.testruleprocessor.dll" id="b1caa5ee-fb23-be77-dff8-022592d0566f">      <Execution id="f98f2749-d7a4-4b13-90d7-e4469dab1546" />      <TestMethod codeBase="f:\src\Adiam_Cloud_Nightly_Tester\bins\debug\amd64\SyncFabric\Tests\TestRuleProcessor\Microsoft.ActiveDirectory.Connector.Test.TestRuleProcessor.dll" adapterTypeName="Microsoft.VisualStudio.TestTools.TestTypes.Unit.UnitTestAdapter" className="Microsoft.ActiveDirectory.Connector.Test.GoogleAppsV2OutboundDeltaSyncRuleUnitTestRealSchema" name="GoogleAppsV2TestRuleEvaluationDeltaRuleUpdateUser" />    </UnitTest>    <UnitTest name="GoogleAppsV2TestRuleEvaluationDeltaRuleUpdateEntrySuspendUser" storage="f:\src\adiam_cloud_nightly_tester\bins\debug\amd64\syncfabric\tests\testruleprocessor\microsoft.activedirectory.connector.test.testruleprocessor.dll" id="255be184-a8f2-05c0-34eb-c01f1a136cdf">      <Execution id="91b80890-2085-48ae-bb90-20de510108a4" />      <TestMethod codeBase="f:\src\Adiam_Cloud_Nightly_Tester\bins\debug\amd64\SyncFabric\Tests\TestRuleProcessor\Microsoft.ActiveDirectory.Connector.Test.TestRuleProcessor.dll" adapterTypeName="Microsoft.VisualStudio.TestTools.TestTypes.Unit.UnitTestAdapter" className="Microsoft.ActiveDirectory.Connector.Test.GoogleAppsV2OutboundDeltaSyncRuleUnitTestRealSchema" name="GoogleAppsV2TestRuleEvaluationDeltaRuleUpdateEntrySuspendUser" />    </UnitTest>    <UnitTest name="GoogleAppsV2TestRuleEvaluationDeltaRuleUpdateUserModifyJoiningProperty" storage="f:\src\adiam_cloud_nightly_tester\bins\debug\amd64\syncfabric\tests\testruleprocessor\microsoft.activedirectory.connector.test.testruleprocessor.dll" id="7296fedb-95e2-a60f-f7e7-1363c18db812">      <Execution id="9e8eea06-3319-478f-934b-9cf7e791a1db" />      <TestMethod codeBase="f:\src\Adiam_Cloud_Nightly_Tester\bins\debug\amd64\SyncFabric\Tests\TestRuleProcessor\Microsoft.ActiveDirectory.Connector.Test.TestRuleProcessor.dll" adapterTypeName="Microsoft.VisualStudio.TestTools.TestTypes.Unit.UnitTestAdapter" className="Microsoft.ActiveDirectory.Connector.Test.GoogleAppsV2OutboundDeltaSyncRuleUnitTestRealSchema" name="GoogleAppsV2TestRuleEvaluationDeltaRuleUpdateUserModifyJoiningProperty" />    </UnitTest>    <UnitTest name="GoogleAppsV2TestRuleEvaluationDeltaRuleDeleteUser" storage="f:\src\adiam_cloud_nightly_tester\bins\debug\amd64\syncfabric\tests\testruleprocessor\microsoft.activedirectory.connector.test.testruleprocessor.dll" id="20b90c17-d2ea-0339-d20d-c9c11ecafa4e">      <Execution id="e9091612-5066-4ee3-913f-6b913e1652ef" />      <TestMethod codeBase="f:\src\Adiam_Cloud_Nightly_Tester\bins\debug\amd64\SyncFabric\Tests\TestRuleProcessor\Microsoft.ActiveDirectory.Connector.Test.TestRuleProcessor.dll" adapterTypeName="Microsoft.VisualStudio.TestTools.TestTypes.Unit.UnitTestAdapter" className="Microsoft.ActiveDirectory.Connector.Test.GoogleAppsV2OutboundDeltaSyncRuleUnitTestRealSchema" name="GoogleAppsV2TestRuleEvaluationDeltaRuleDeleteUser" />    </UnitTest>    <UnitTest name="GoogleAppsV2TestRuleEvaluationDeltaRuleAddGroupMember" storage="f:\src\adiam_cloud_nightly_tester\bins\debug\amd64\syncfabric\tests\testruleprocessor\microsoft.activedirectory.connector.test.testruleprocessor.dll" id="4aa00cac-a2e3-36c9-07fb-79e3809de0f2">      <Execution id="55a9fabb-b244-431e-9950-f15ed5ba3c03" />      <TestMethod codeBase="f:\src\Adiam_Cloud_Nightly_Tester\bins\debug\amd64\SyncFabric\Tests\TestRuleProcessor\Microsoft.ActiveDirectory.Connector.Test.TestRuleProcessor.dll" adapterTypeName="Microsoft.VisualStudio.TestTools.TestTypes.Unit.UnitTestAdapter" className="Microsoft.ActiveDirectory.Connector.Test.GoogleAppsV2OutboundDeltaSyncRuleUnitTestRealSchema" name="GoogleAppsV2TestRuleEvaluationDeltaRuleAddGroupMember" />    </UnitTest>    <UnitTest name="GoogleAppsV2TestRuleEvaluationDeltaRuleDeleteGroupMember" storage="f:\src\adiam_cloud_nightly_tester\bins\debug\amd64\syncfabric\tests\testruleprocessor\microsoft.activedirectory.connector.test.testruleprocessor.dll" id="2b48c906-4187-e2cf-7c11-cfe6d2116fd3">      <Execution id="82431c33-1c07-41dd-8fe1-7d65b2649bc6" />      <TestMethod codeBase="f:\src\Adiam_Cloud_Nightly_Tester\bins\debug\amd64\SyncFabric\Tests\TestRuleProcessor\Microsoft.ActiveDirectory.Connector.Test.TestRuleProcessor.dll" adapterTypeName="Microsoft.VisualStudio.TestTools.TestTypes.Unit.UnitTestAdapter" className="Microsoft.ActiveDirectory.Connector.Test.GoogleAppsV2OutboundDeltaSyncRuleUnitTestRealSchema" name="GoogleAppsV2TestRuleEvaluationDeltaRuleDeleteGroupMember" />    </UnitTest>    <UnitTest name="SalesforceSandbox_TestEvaluationDeltaUpdateEntryJoiningProperty" storage="f:\src\adiam_cloud_nightly_tester\bins\debug\amd64\syncfabric\tests\testruleprocessor\microsoft.activedirectory.connector.test.testruleprocessor.dll" id="ce357d0d-f0ab-105f-4d84-ddc1116e418c">      <Execution id="b387e4d7-6ed0-4196-b50d-acd98cafaf6f" />      <TestMethod codeBase="f:\src\Adiam_Cloud_Nightly_Tester\bins\debug\amd64\SyncFabric\Tests\TestRuleProcessor\Microsoft.ActiveDirectory.Connector.Test.TestRuleProcessor.dll" adapterTypeName="Microsoft.VisualStudio.TestTools.TestTypes.Unit.UnitTestAdapter" className="Microsoft.ActiveDirectory.Connector.Test.SalesForceSandboxOutboundDeltaSynchronizationRuleUnitTest" name="SalesforceSandbox_TestEvaluationDeltaUpdateEntryJoiningProperty" />    </UnitTest>    <UnitTest name="SalesforceSandbox_TestEvaluationDeltaAddEntryConflictingJoiningPropertyDeleteOldEntry" storage="f:\src\adiam_cloud_nightly_tester\bins\debug\amd64\syncfabric\tests\testruleprocessor\microsoft.activedirectory.connector.test.testruleprocessor.dll" id="bd7e38d7-1ecd-5bcc-d01d-cf56415c37af">      <Execution id="2f262a3d-4176-4d05-bd11-6d72ccac3b3b" />      <TestMethod codeBase="f:\src\Adiam_Cloud_Nightly_Tester\bins\debug\amd64\SyncFabric\Tests\TestRuleProcessor\Microsoft.ActiveDirectory.Connector.Test.TestRuleProcessor.dll" adapterTypeName="Microsoft.VisualStudio.TestTools.TestTypes.Unit.UnitTestAdapter" className="Microsoft.ActiveDirectory.Connector.Test.SalesForceSandboxOutboundDeltaSynchronizationRuleUnitTest" name="SalesforceSandbox_TestEvaluationDeltaAddEntryConflictingJoiningPropertyDeleteOldEntry" />    </UnitTest>    <UnitTest name="SalesforceSandbox_TestEvaluationDeltaAddEntry" storage="f:\src\adiam_cloud_nightly_tester\bins\debug\amd64\syncfabric\tests\testruleprocessor\microsoft.activedirectory.connector.test.testruleprocessor.dll" id="9014f1c5-7947-0520-ff2b-03002839a696">      <Execution id="44d59012-f70b-480a-9f1d-ada01338b57d" />      <TestMethod codeBase="f:\src\Adiam_Cloud_Nightly_Tester\bins\debug\amd64\SyncFabric\Tests\TestRuleProcessor\Microsoft.ActiveDirectory.Connector.Test.TestRuleProcessor.dll" adapterTypeName="Microsoft.VisualStudio.TestTools.TestTypes.Unit.UnitTestAdapter" className="Microsoft.ActiveDirectory.Connector.Test.SalesForceSandboxOutboundDeltaSynchronizationRuleUnitTest" name="SalesforceSandbox_TestEvaluationDeltaAddEntry" />    </UnitTest>    <UnitTest name="SalesforceSandbox_TestEvaluationDeltaUpdateEntryWithNoProperties" storage="f:\src\adiam_cloud_nightly_tester\bins\debug\amd64\syncfabric\tests\testruleprocessor\microsoft.activedirectory.connector.test.testruleprocessor.dll" id="d13e5f44-ac9c-f72b-0cff-385f1c33e0f1">      <Execution id="81450e2a-dfbd-408e-a7c6-593bad69c497" />      <TestMethod codeBase="f:\src\Adiam_Cloud_Nightly_Tester\bins\debug\amd64\SyncFabric\Tests\TestRuleProcessor\Microsoft.ActiveDirectory.Connector.Test.TestRuleProcessor.dll" adapterTypeName="Microsoft.VisualStudio.TestTools.TestTypes.Unit.UnitTestAdapter" className="Microsoft.ActiveDirectory.Connector.Test.SalesForceSandboxOutboundDeltaSynchronizationRuleUnitTest" name="SalesforceSandbox_TestEvaluationDeltaUpdateEntryWithNoProperties" />    </UnitTest>    <UnitTest name="SalesforceSandbox_TestEvaluationDeltaAddEntryWithEmptyLast" storage="f:\src\adiam_cloud_nightly_tester\bins\debug\amd64\syncfabric\tests\testruleprocessor\microsoft.activedirectory.connector.test.testruleprocessor.dll" id="c6857374-f4ca-c972-9b8c-9192da29d384">      <Execution id="729eea4c-b696-4ad4-864d-6720d50ff21e" />      <TestMethod codeBase="f:\src\Adiam_Cloud_Nightly_Tester\bins\debug\amd64\SyncFabric\Tests\TestRuleProcessor\Microsoft.ActiveDirectory.Connector.Test.TestRuleProcessor.dll" adapterTypeName="Microsoft.VisualStudio.TestTools.TestTypes.Unit.UnitTestAdapter" className="Microsoft.ActiveDirectory.Connector.Test.SalesForceSandboxOutboundDeltaSynchronizationRuleUnitTest" name="SalesforceSandbox_TestEvaluationDeltaAddEntryWithEmptyLast" />    </UnitTest>    <UnitTest name="SalesforceSandbox_TestEvaluationDeltaAddUpdateEntryWithEmptyLast" storage="f:\src\adiam_cloud_nightly_tester\bins\debug\amd64\syncfabric\tests\testruleprocessor\microsoft.activedirectory.connector.test.testruleprocessor.dll" id="e552f827-28a3-e618-7d69-9b6a4a5837a9">      <Execution id="36253586-f337-4529-b14e-2b894f918d4a" />      <TestMethod codeBase="f:\src\Adiam_Cloud_Nightly_Tester\bins\debug\amd64\SyncFabric\Tests\TestRuleProcessor\Microsoft.ActiveDirectory.Connector.Test.TestRuleProcessor.dll" adapterTypeName="Microsoft.VisualStudio.TestTools.TestTypes.Unit.UnitTestAdapter" className="Microsoft.ActiveDirectory.Connector.Test.SalesForceSandboxOutboundDeltaSynchronizationRuleUnitTest" name="SalesforceSandbox_TestEvaluationDeltaAddUpdateEntryWithEmptyLast" />    </UnitTest>    <UnitTest name="SalesforceSandbox_TestEvaluationDeltaAddUpdateEntrySoftMatchEmail" storage="f:\src\adiam_cloud_nightly_tester\bins\debug\amd64\syncfabric\tests\testruleprocessor\microsoft.activedirectory.connector.test.testruleprocessor.dll" id="bb30121b-75dd-99c1-e175-00f6bd200252">      <Execution id="a35d5883-078f-4f3f-a344-057843ee205c" />      <TestMethod codeBase="f:\src\Adiam_Cloud_Nightly_Tester\bins\debug\amd64\SyncFabric\Tests\TestRuleProcessor\Microsoft.ActiveDirectory.Connector.Test.TestRuleProcessor.dll" adapterTypeName="Microsoft.VisualStudio.TestTools.TestTypes.Unit.UnitTestAdapter" className="Microsoft.ActiveDirectory.Connector.Test.SalesForceSandboxOutboundDeltaSynchronizationRuleUnitTest" name="SalesforceSandbox_TestEvaluationDeltaAddUpdateEntrySoftMatchEmail" />    </UnitTest>    <UnitTest name="SalesforceSandbox_TestEvaluationDeltaAddEntrySoftDeleteReactivation" storage="f:\src\adiam_cloud_nightly_tester\bins\debug\amd64\syncfabric\tests\testruleprocessor\microsoft.activedirectory.connector.test.testruleprocessor.dll" id="a13cfe5a-143d-0ce3-436a-3d02afb6c98d">      <Execution id="abd6038c-d881-4a08-a768-f4057d33d4ba" />      <TestMethod codeBase="f:\src\Adiam_Cloud_Nightly_Tester\bins\debug\amd64\SyncFabric\Tests\TestRuleProcessor\Microsoft.ActiveDirectory.Connector.Test.TestRuleProcessor.dll" adapterTypeName="Microsoft.VisualStudio.TestTools.TestTypes.Unit.UnitTestAdapter" className="Microsoft.ActiveDirectory.Connector.Test.SalesForceSandboxOutboundDeltaSynchronizationRuleUnitTest" name="SalesforceSandbox_TestEvaluationDeltaAddEntrySoftDeleteReactivation" />    </UnitTest>    <UnitTest name="SalesforceSandbox_TestEvaluationDeltaDeleteEntry" storage="f:\src\adiam_cloud_nightly_tester\bins\debug\amd64\syncfabric\tests\testruleprocessor\microsoft.activedirectory.connector.test.testruleprocessor.dll" id="5799fda4-5ed8-b192-d1e6-37760c261b21">      <Execution id="e38394bb-23c7-4655-bddf-c75c80877e90" />      <TestMethod codeBase="f:\src\Adiam_Cloud_Nightly_Tester\bins\debug\amd64\SyncFabric\Tests\TestRuleProcessor\Microsoft.ActiveDirectory.Connector.Test.TestRuleProcessor.dll" adapterTypeName="Microsoft.VisualStudio.TestTools.TestTypes.Unit.UnitTestAdapter" className="Microsoft.ActiveDirectory.Connector.Test.SalesForceSandboxOutboundDeltaSynchronizationRuleUnitTest" name="SalesforceSandbox_TestEvaluationDeltaDeleteEntry" />    </UnitTest>    <UnitTest name="JiveTestEvaluationDeltaUpdateEntryAddModifySingleValued" storage="f:\src\adiam_cloud_nightly_tester\bins\debug\amd64\syncfabric\tests\testruleprocessor\microsoft.activedirectory.connector.test.testruleprocessor.dll" id="6ffc6326-ee2e-2fd1-658f-19cd53cf4b99">      <Execution id="f73509aa-bab1-44e6-97e4-ea4a8f7ca7f2" />      <TestMethod codeBase="f:\src\Adiam_Cloud_Nightly_Tester\bins\debug\amd64\SyncFabric\Tests\TestRuleProcessor\Microsoft.ActiveDirectory.Connector.Test.TestRuleProcessor.dll" adapterTypeName="Microsoft.VisualStudio.TestTools.TestTypes.Unit.UnitTestAdapter" className="Microsoft.ActiveDirectory.Connector.Test.JiveOutboundDeltaSynchronizationRuleUnitTest" name="JiveTestEvaluationDeltaUpdateEntryAddModifySingleValued" />    </UnitTest>    <UnitTest name="JiveTestEvaluationDeltaUpdateEntryJoiningProperty" storage="f:\src\adiam_cloud_nightly_tester\bins\debug\amd64\syncfabric\tests\testruleprocessor\microsoft.activedirectory.connector.test.testruleprocessor.dll" id="6e756866-f482-035c-c92d-6eaa313addc1">      <Execution id="54eec3b9-6cb1-4f0a-a4d2-c619ef7531cf" />      <TestMethod codeBase="f:\src\Adiam_Cloud_Nightly_Tester\bins\debug\amd64\SyncFabric\Tests\TestRuleProcessor\Microsoft.ActiveDirectory.Connector.Test.TestRuleProcessor.dll" adapterTypeName="Microsoft.VisualStudio.TestTools.TestTypes.Unit.UnitTestAdapter" className="Microsoft.ActiveDirectory.Connector.Test.JiveOutboundDeltaSynchronizationRuleUnitTest" name="JiveTestEvaluationDeltaUpdateEntryJoiningProperty" />    </UnitTest>    <UnitTest name="JiveTestEvaluationDeltaAddAndUpdateEntryInSamePage" storage="f:\src\adiam_cloud_nightly_tester\bins\debug\amd64\syncfabric\tests\testruleprocessor\microsoft.activedirectory.connector.test.testruleprocessor.dll" id="34e8b2d1-ec07-9235-70d0-8cfe5f413feb">      <Execution id="9ca4acfc-9066-46e6-8f9c-2d94edfa15d7" />      <TestMethod codeBase="f:\src\Adiam_Cloud_Nightly_Tester\bins\debug\amd64\SyncFabric\Tests\TestRuleProcessor\Microsoft.ActiveDirectory.Connector.Test.TestRuleProcessor.dll" adapterTypeName="Microsoft.VisualStudio.TestTools.TestTypes.Unit.UnitTestAdapter" className="Microsoft.ActiveDirectory.Connector.Test.JiveOutboundDeltaSynchronizationRuleUnitTest" name="JiveTestEvaluationDeltaAddAndUpdateEntryInSamePage" />    </UnitTest>    <UnitTest name="JiveTestEvaluationDeltaUpdateEntryWithIndependentTargetDirectoryUpdateToJoiningProperty" storage="f:\src\adiam_cloud_nightly_tester\bins\debug\amd64\syncfabric\tests\testruleprocessor\microsoft.activedirectory.connector.test.testruleprocessor.dll" id="3017499b-38c0-64e9-550e-c64d4f114a48">      <Execution id="1994dc0a-6ce9-492b-9995-c505c35cb607" />      <TestMethod codeBase="f:\src\Adiam_Cloud_Nightly_Tester\bins\debug\amd64\SyncFabric\Tests\TestRuleProcessor\Microsoft.ActiveDirectory.Connector.Test.TestRuleProcessor.dll" adapterTypeName="Microsoft.VisualStudio.TestTools.TestTypes.Unit.UnitTestAdapter" className="Microsoft.ActiveDirectory.Connector.Test.JiveOutboundDeltaSynchronizationRuleUnitTest" name="JiveTestEvaluationDeltaUpdateEntryWithIndependentTargetDirectoryUpdateToJoiningProperty" />    </UnitTest>    <UnitTest name="JiveTestEvaluationDeltaUpdateEntryNoEntitledAddModifySingleValued" storage="f:\src\adiam_cloud_nightly_tester\bins\debug\amd64\syncfabric\tests\testruleprocessor\microsoft.activedirectory.connector.test.testruleprocessor.dll" id="952c029d-df7c-0071-1a76-7284a18f486c">      <Execution id="2f444759-5ac3-43ca-94f0-a4020afdb3a4" />      <TestMethod codeBase="f:\src\Adiam_Cloud_Nightly_Tester\bins\debug\amd64\SyncFabric\Tests\TestRuleProcessor\Microsoft.ActiveDirectory.Connector.Test.TestRuleProcessor.dll" adapterTypeName="Microsoft.VisualStudio.TestTools.TestTypes.Unit.UnitTestAdapter" className="Microsoft.ActiveDirectory.Connector.Test.JiveOutboundDeltaSynchronizationRuleUnitTest" name="JiveTestEvaluationDeltaUpdateEntryNoEntitledAddModifySingleValued" />    </UnitTest>    <UnitTest name="JiveTestEvaluationDeltaAddEntryAddModifySingleValued" storage="f:\src\adiam_cloud_nightly_tester\bins\debug\amd64\syncfabric\tests\testruleprocessor\microsoft.activedirectory.connector.test.testruleprocessor.dll" id="0d930d5a-5674-621c-a13b-ed02061faa99">      <Execution id="c1c8f95d-3194-428d-a662-7bbb1ccbf11f" />      <TestMethod codeBase="f:\src\Adiam_Cloud_Nightly_Tester\bins\debug\amd64\SyncFabric\Tests\TestRuleProcessor\Microsoft.ActiveDirectory.Connector.Test.TestRuleProcessor.dll" adapterTypeName="Microsoft.VisualStudio.TestTools.TestTypes.Unit.UnitTestAdapter" className="Microsoft.ActiveDirectory.Connector.Test.JiveOutboundDeltaSynchronizationRuleUnitTest" name="JiveTestEvaluationDeltaAddEntryAddModifySingleValued" />    </UnitTest>    <UnitTest name="JiveTestEvaluationDeltaAddEntry" storage="f:\src\adiam_cloud_nightly_tester\bins\debug\amd64\syncfabric\tests\testruleprocessor\microsoft.activedirectory.connector.test.testruleprocessor.dll" id="091337bf-85b5-b841-b436-68e3b6e70561">      <Execution id="b740a75b-1b7a-4146-bd40-d8d5c3b5b856" />      <TestMethod codeBase="f:\src\Adiam_Cloud_Nightly_Tester\bins\debug\amd64\SyncFabric\Tests\TestRuleProcessor\Microsoft.ActiveDirectory.Connector.Test.TestRuleProcessor.dll" adapterTypeName="Microsoft.VisualStudio.TestTools.TestTypes.Unit.UnitTestAdapter" className="Microsoft.ActiveDirectory.Connector.Test.JiveOutboundDeltaSynchronizationRuleUnitTest" name="JiveTestEvaluationDeltaAddEntry" />    </UnitTest>    <UnitTest name="JiveTestEvaluationDeltaAddEntryWithEmptyLast" storage="f:\src\adiam_cloud_nightly_tester\bins\debug\amd64\syncfabric\tests\testruleprocessor\microsoft.activedirectory.connector.test.testruleprocessor.dll" id="eaf97ccf-ef19-7f33-04a4-bf5e20ab7e1e">      <Execution id="54aed78c-8690-498c-960a-a864a950cf30" />      <TestMethod codeBase="f:\src\Adiam_Cloud_Nightly_Tester\bins\debug\amd64\SyncFabric\Tests\TestRuleProcessor\Microsoft.ActiveDirectory.Connector.Test.TestRuleProcessor.dll" adapterTypeName="Microsoft.VisualStudio.TestTools.TestTypes.Unit.UnitTestAdapter" className="Microsoft.ActiveDirectory.Connector.Test.JiveOutboundDeltaSynchronizationRuleUnitTest" name="JiveTestEvaluationDeltaAddEntryWithEmptyLast" />    </UnitTest>    <UnitTest name="JiveTestEvaluationDeltaAddUpdateEntryWithEmptyLast" storage="f:\src\adiam_cloud_nightly_tester\bins\debug\amd64\syncfabric\tests\testruleprocessor\microsoft.activedirectory.connector.test.testruleprocessor.dll" id="b396295e-5023-b10a-8e18-6df79e1b4d7d">      <Execution id="23f2bf4f-5b95-4a20-885c-25df355ef9e3" />      <TestMethod codeBase="f:\src\Adiam_Cloud_Nightly_Tester\bins\debug\amd64\SyncFabric\Tests\TestRuleProcessor\Microsoft.ActiveDirectory.Connector.Test.TestRuleProcessor.dll" adapterTypeName="Microsoft.VisualStudio.TestTools.TestTypes.Unit.UnitTestAdapter" className="Microsoft.ActiveDirectory.Connector.Test.JiveOutboundDeltaSynchronizationRuleUnitTest" name="JiveTestEvaluationDeltaAddUpdateEntryWithEmptyLast" />    </UnitTest>    <UnitTest name="JiveTestEvaluationDeltaAddEntrySoftDeleteReactivation" storage="f:\src\adiam_cloud_nightly_tester\bins\debug\amd64\syncfabric\tests\testruleprocessor\microsoft.activedirectory.connector.test.testruleprocessor.dll" id="3d4889c7-64dd-93f6-2c30-51016d55f4cf">      <Execution id="416c762c-9a73-4691-a426-5904221a71cb" />      <TestMethod codeBase="f:\src\Adiam_Cloud_Nightly_Tester\bins\debug\amd64\SyncFabric\Tests\TestRuleProcessor\Microsoft.ActiveDirectory.Connector.Test.TestRuleProcessor.dll" adapterTypeName="Microsoft.VisualStudio.TestTools.TestTypes.Unit.UnitTestAdapter" className="Microsoft.ActiveDirectory.Connector.Test.JiveOutboundDeltaSynchronizationRuleUnitTest" name="JiveTestEvaluationDeltaAddEntrySoftDeleteReactivation" />    </UnitTest>    <UnitTest name="JiveTestEvaluationDeltaDeleteEntry" storage="f:\src\adiam_cloud_nightly_tester\bins\debug\amd64\syncfabric\tests\testruleprocessor\microsoft.activedirectory.connector.test.testruleprocessor.dll" id="47681b42-15a9-9c7b-a929-e1193ac0421c">      <Execution id="d51aec5e-b12e-496b-8578-478a88f94edb" />      <TestMethod codeBase="f:\src\Adiam_Cloud_Nightly_Tester\bins\debug\amd64\SyncFabric\Tests\TestRuleProcessor\Microsoft.ActiveDirectory.Connector.Test.TestRuleProcessor.dll" adapterTypeName="Microsoft.VisualStudio.TestTools.TestTypes.Unit.UnitTestAdapter" className="Microsoft.ActiveDirectory.Connector.Test.JiveOutboundDeltaSynchronizationRuleUnitTest" name="JiveTestEvaluationDeltaDeleteEntry" />    </UnitTest>    <UnitTest name="Docusign_TestEvaluationDeltaRuleAddEntriesFullImport" storage="f:\src\adiam_cloud_nightly_tester\bins\debug\amd64\syncfabric\tests\testruleprocessor\microsoft.activedirectory.connector.test.testruleprocessor.dll" id="85748b08-7dc9-64b7-3b53-8114bfc53f7d">      <Execution id="6698e476-dde2-42f8-82f6-d4f95962ee07" />      <TestMethod codeBase="f:\src\Adiam_Cloud_Nightly_Tester\bins\debug\amd64\SyncFabric\Tests\TestRuleProcessor\Microsoft.ActiveDirectory.Connector.Test.TestRuleProcessor.dll" adapterTypeName="Microsoft.VisualStudio.TestTools.TestTypes.Unit.UnitTestAdapter" className="Microsoft.ActiveDirectory.Connector.Test.DocuSignOutboundDeltaSyncRuleUnitTest" name="Docusign_TestEvaluationDeltaRuleAddEntriesFullImport" />    </UnitTest>    <UnitTest name="Docusign_TestEvaluationDeltaRuleAddEntry" storage="f:\src\adiam_cloud_nightly_tester\bins\debug\amd64\syncfabric\tests\testruleprocessor\microsoft.activedirectory.connector.test.testruleprocessor.dll" id="5162f402-29f5-262c-91de-627391be3a72">      <Execution id="b3946703-e4d9-416c-97ba-4fc8cef5e1d3" />      <TestMethod codeBase="f:\src\Adiam_Cloud_Nightly_Tester\bins\debug\amd64\SyncFabric\Tests\TestRuleProcessor\Microsoft.ActiveDirectory.Connector.Test.TestRuleProcessor.dll" adapterTypeName="Microsoft.VisualStudio.TestTools.TestTypes.Unit.UnitTestAdapter" className="Microsoft.ActiveDirectory.Connector.Test.DocuSignOutboundDeltaSyncRuleUnitTest" name="Docusign_TestEvaluationDeltaRuleAddEntry" />    </UnitTest>    <UnitTest name="Docusign_TestEvaluationAddEntryWithIgnorableProperties" storage="f:\src\adiam_cloud_nightly_tester\bins\debug\amd64\syncfabric\tests\testruleprocessor\microsoft.activedirectory.connector.test.testruleprocessor.dll" id="8b88ae79-ba8c-368b-c8b4-a1e8180902d4">      <Execution id="224acc76-2d1b-475e-87da-06aec881e380" />      <TestMethod codeBase="f:\src\Adiam_Cloud_Nightly_Tester\bins\debug\amd64\SyncFabric\Tests\TestRuleProcessor\Microsoft.ActiveDirectory.Connector.Test.TestRuleProcessor.dll" adapterTypeName="Microsoft.VisualStudio.TestTools.TestTypes.Unit.UnitTestAdapter" className="Microsoft.ActiveDirectory.Connector.Test.DocuSignOutboundDeltaSyncRuleUnitTest" name="Docusign_TestEvaluationAddEntryWithIgnorableProperties" />    </UnitTest>    <UnitTest name="Docusign_TestEvaluationDeltaRuleUpdateEntry" storage="f:\src\adiam_cloud_nightly_tester\bins\debug\amd64\syncfabric\tests\testruleprocessor\microsoft.activedirectory.connector.test.testruleprocessor.dll" id="3d8365c0-0f15-3f62-703a-11d9cbdffa3a">      <Execution id="dba8b213-4282-4923-9108-2e7ceea1c724" />      <TestMethod codeBase="f:\src\Adiam_Cloud_Nightly_Tester\bins\debug\amd64\SyncFabric\Tests\TestRuleProcessor\Microsoft.ActiveDirectory.Connector.Test.TestRuleProcessor.dll" adapterTypeName="Microsoft.VisualStudio.TestTools.TestTypes.Unit.UnitTestAdapter" className="Microsoft.ActiveDirectory.Connector.Test.DocuSignOutboundDeltaSyncRuleUnitTest" name="Docusign_TestEvaluationDeltaRuleUpdateEntry" />    </UnitTest>    <UnitTest name="Docusign_TestEvaluationDeltaRuleUpdateEntryJoiningProperty" storage="f:\src\adiam_cloud_nightly_tester\bins\debug\amd64\syncfabric\tests\testruleprocessor\microsoft.activedirectory.connector.test.testruleprocessor.dll" id="95457a60-b298-1c36-92a6-31b400395a2f">      <Execution id="21f7fae3-ebc0-4604-9843-2f7645feee17" />      <TestMethod codeBase="f:\src\Adiam_Cloud_Nightly_Tester\bins\debug\amd64\SyncFabric\Tests\TestRuleProcessor\Microsoft.ActiveDirectory.Connector.Test.TestRuleProcessor.dll" adapterTypeName="Microsoft.VisualStudio.TestTools.TestTypes.Unit.UnitTestAdapter" className="Microsoft.ActiveDirectory.Connector.Test.DocuSignOutboundDeltaSyncRuleUnitTest" name="Docusign_TestEvaluationDeltaRuleUpdateEntryJoiningProperty" />    </UnitTest>    <UnitTest name="Docusign_TestEvaluationDeltaRuleAddEntryRequiredFieldsAsMissing" storage="f:\src\adiam_cloud_nightly_tester\bins\debug\amd64\syncfabric\tests\testruleprocessor\microsoft.activedirectory.connector.test.testruleprocessor.dll" id="d7e373c2-9659-4f2a-6daf-4d79aaa69015">      <Execution id="226d08a5-dcca-45c7-a69c-48490bb14c4e" />      <TestMethod codeBase="f:\src\Adiam_Cloud_Nightly_Tester\bins\debug\amd64\SyncFabric\Tests\TestRuleProcessor\Microsoft.ActiveDirectory.Connector.Test.TestRuleProcessor.dll" adapterTypeName="Microsoft.VisualStudio.TestTools.TestTypes.Unit.UnitTestAdapter" className="Microsoft.ActiveDirectory.Connector.Test.DocuSignOutboundDeltaSyncRuleUnitTest" name="Docusign_TestEvaluationDeltaRuleAddEntryRequiredFieldsAsMissing" />    </UnitTest>    <UnitTest name="Docusign_TestEvaluationDeltaRuleUpdateEntryRequiredFieldsAsMissing" storage="f:\src\adiam_cloud_nightly_tester\bins\debug\amd64\syncfabric\tests\testruleprocessor\microsoft.activedirectory.connector.test.testruleprocessor.dll" id="d6d8a4b0-d6c2-3a37-54f3-f8cced528ca8">      <Execution id="e11f925e-e736-4e34-b40e-a9fd6e9327f6" />      <TestMethod codeBase="f:\src\Adiam_Cloud_Nightly_Tester\bins\debug\amd64\SyncFabric\Tests\TestRuleProcessor\Microsoft.ActiveDirectory.Connector.Test.TestRuleProcessor.dll" adapterTypeName="Microsoft.VisualStudio.TestTools.TestTypes.Unit.UnitTestAdapter" className="Microsoft.ActiveDirectory.Connector.Test.DocuSignOutboundDeltaSyncRuleUnitTest" name="Docusign_TestEvaluationDeltaRuleUpdateEntryRequiredFieldsAsMissing" />    </UnitTest>    <UnitTest name="Docusign_TestEvaluationDeltaRuleDeleteEntry" storage="f:\src\adiam_cloud_nightly_tester\bins\debug\amd64\syncfabric\tests\testruleprocessor\microsoft.activedirectory.connector.test.testruleprocessor.dll" id="b792b0dd-b3be-a3f1-3bcd-c107590d6fc8">      <Execution id="e70c336e-5fee-48b7-9a12-5353bcc2fba6" />      <TestMethod codeBase="f:\src\Adiam_Cloud_Nightly_Tester\bins\debug\amd64\SyncFabric\Tests\TestRuleProcessor\Microsoft.ActiveDirectory.Connector.Test.TestRuleProcessor.dll" adapterTypeName="Microsoft.VisualStudio.TestTools.TestTypes.Unit.UnitTestAdapter" className="Microsoft.ActiveDirectory.Connector.Test.DocuSignOutboundDeltaSyncRuleUnitTest" name="Docusign_TestEvaluationDeltaRuleDeleteEntry" />    </UnitTest>    <UnitTest name="TestLookupResolution" storage="f:\src\adiam_cloud_nightly_tester\bins\debug\amd64\syncfabric\tests\testruleprocessor\microsoft.activedirectory.connector.test.testruleprocessor.dll" id="91a628cf-6390-b172-ec50-f63ad9c3c70a">      <Execution id="2dfae999-fac7-4e39-995b-a550f8fbc955" />      <TestMethod codeBase="f:\src\Adiam_Cloud_Nightly_Tester\bins\debug\amd64\SyncFabric\Tests\TestRuleProcessor\Microsoft.ActiveDirectory.Connector.Test.TestRuleProcessor.dll" adapterTypeName="Microsoft.VisualStudio.TestTools.TestTypes.Unit.UnitTestAdapter" className="Microsoft.ActiveDirectory.Connector.Test.LookupResolverUnitTest" name="TestLookupResolution" />    </UnitTest>    <UnitTest name="TestMinimizingExports" storage="f:\src\adiam_cloud_nightly_tester\bins\debug\amd64\syncfabric\tests\testruleprocessor\microsoft.activedirectory.connector.test.testruleprocessor.dll" id="5227561d-0c30-e557-2058-442448cccced">      <Execution id="2becc5ae-9b29-486b-8c96-7cb06c769945" />      <TestMethod codeBase="f:\src\Adiam_Cloud_Nightly_Tester\bins\debug\amd64\SyncFabric\Tests\TestRuleProcessor\Microsoft.ActiveDirectory.Connector.Test.TestRuleProcessor.dll" adapterTypeName="Microsoft.VisualStudio.TestTools.TestTypes.Unit.UnitTestAdapter" className="Microsoft.ActiveDirectory.Connector.Test.LookupResolverUnitTest" name="TestMinimizingExports" />    </UnitTest>    <UnitTest name="TestMinimizingExports" storage="f:\src\adiam_cloud_nightly_tester\bins\debug\amd64\syncfabric\tests\testruleprocessor\microsoft.activedirectory.connector.test.testruleprocessor.dll" id="6065a504-a92c-35a8-bdda-2f7c8a7a04be">      <Execution id="f8b44914-f1a1-4c05-a73d-022efc396c75" />      <TestMethod codeBase="f:\src\Adiam_Cloud_Nightly_Tester\bins\debug\amd64\SyncFabric\Tests\TestRuleProcessor\Microsoft.ActiveDirectory.Connector.Test.TestRuleProcessor.dll" adapterTypeName="Microsoft.VisualStudio.TestTools.TestTypes.Unit.UnitTestAdapter" className="Microsoft.ActiveDirectory.Connector.Test.ReferenceResolverSyncRuleDeltaUnitTest" name="TestMinimizingExports" />    </UnitTest>    <UnitTest name="TestResolvingReferencesAgainstExportedEntries" storage="f:\src\adiam_cloud_nightly_tester\bins\debug\amd64\syncfabric\tests\testruleprocessor\microsoft.activedirectory.connector.test.testruleprocessor.dll" id="f1ecc676-796a-bab7-4397-5b1a209a370e">      <Execution id="eb0d4be0-c75d-409b-8aa6-a3f55e9d8d39" />      <TestMethod codeBase="f:\src\Adiam_Cloud_Nightly_Tester\bins\debug\amd64\SyncFabric\Tests\TestRuleProcessor\Microsoft.ActiveDirectory.Connector.Test.TestRuleProcessor.dll" adapterTypeName="Microsoft.VisualStudio.TestTools.TestTypes.Unit.UnitTestAdapter" className="Microsoft.ActiveDirectory.Connector.Test.ReferenceResolverSyncRuleDeltaUnitTest" name="TestResolvingReferencesAgainstExportedEntries" />    </UnitTest>    <UnitTest name="TestResolvingReferencesAgainstExportingAddEntries" storage="f:\src\adiam_cloud_nightly_tester\bins\debug\amd64\syncfabric\tests\testruleprocessor\microsoft.activedirectory.connector.test.testruleprocessor.dll" id="9d4e3f4b-b86d-ac90-281e-a3304ca44c7a">      <Execution id="9ea252e0-5a90-439d-aece-1b5171d89bd2" />      <TestMethod codeBase="f:\src\Adiam_Cloud_Nightly_Tester\bins\debug\amd64\SyncFabric\Tests\TestRuleProcessor\Microsoft.ActiveDirectory.Connector.Test.TestRuleProcessor.dll" adapterTypeName="Microsoft.VisualStudio.TestTools.TestTypes.Unit.UnitTestAdapter" className="Microsoft.ActiveDirectory.Connector.Test.ReferenceResolverSyncRuleDeltaUnitTest" name="TestResolvingReferencesAgainstExportingAddEntries" />    </UnitTest>    <UnitTest name="TestResolvingReferencesAgainstExportingUpdateEntries" storage="f:\src\adiam_cloud_nightly_tester\bins\debug\amd64\syncfabric\tests\testruleprocessor\microsoft.activedirectory.connector.test.testruleprocessor.dll" id="2e900f6c-f222-7463-9386-904886bc3987">      <Execution id="544be4d0-2565-4650-963c-0be70600ee66" />      <TestMethod codeBase="f:\src\Adiam_Cloud_Nightly_Tester\bins\debug\amd64\SyncFabric\Tests\TestRuleProcessor\Microsoft.ActiveDirectory.Connector.Test.TestRuleProcessor.dll" adapterTypeName="Microsoft.VisualStudio.TestTools.TestTypes.Unit.UnitTestAdapter" className="Microsoft.ActiveDirectory.Connector.Test.ReferenceResolverSyncRuleDeltaUnitTest" name="TestResolvingReferencesAgainstExportingUpdateEntries" />    </UnitTest>    <UnitTest name="TestResolvingReferencesAgainstExportingAddAndUpdateSameEntry" storage="f:\src\adiam_cloud_nightly_tester\bins\debug\amd64\syncfabric\tests\testruleprocessor\microsoft.activedirectory.connector.test.testruleprocessor.dll" id="cead4fa1-0663-8c43-4ad1-6fe47f1fad71">      <Execution id="6cb806e5-6ea4-45cb-b764-0128d2edd10e" />      <TestMethod codeBase="f:\src\Adiam_Cloud_Nightly_Tester\bins\debug\amd64\SyncFabric\Tests\TestRuleProcessor\Microsoft.ActiveDirectory.Connector.Test.TestRuleProcessor.dll" adapterTypeName="Microsoft.VisualStudio.TestTools.TestTypes.Unit.UnitTestAdapter" className="Microsoft.ActiveDirectory.Connector.Test.ReferenceResolverSyncRuleDeltaUnitTest" name="TestResolvingReferencesAgainstExportingAddAndUpdateSameEntry" />    </UnitTest>    <UnitTest name="TestResolvingReferencesAgainstUnexportableEntries" storage="f:\src\adiam_cloud_nightly_tester\bins\debug\amd64\syncfabric\tests\testruleprocessor\microsoft.activedirectory.connector.test.testruleprocessor.dll" id="832ac897-24f2-4376-a38f-7a7babe3ddd0">      <Execution id="0d0394fb-55be-4d1b-9eae-cfc204ddb7f7" />      <TestMethod codeBase="f:\src\Adiam_Cloud_Nightly_Tester\bins\debug\amd64\SyncFabric\Tests\TestRuleProcessor\Microsoft.ActiveDirectory.Connector.Test.TestRuleProcessor.dll" adapterTypeName="Microsoft.VisualStudio.TestTools.TestTypes.Unit.UnitTestAdapter" className="Microsoft.ActiveDirectory.Connector.Test.ReferenceResolverSyncRuleDeltaUnitTest" name="TestResolvingReferencesAgainstUnexportableEntries" />    </UnitTest>    <UnitTest name="TestResolvingReferencesAgainstUnexportedEntries" storage="f:\src\adiam_cloud_nightly_tester\bins\debug\amd64\syncfabric\tests\testruleprocessor\microsoft.activedirectory.connector.test.testruleprocessor.dll" id="ee292ed4-7a55-7777-699a-a518b7cfd1ca">      <Execution id="8565741b-cd06-4c3f-b9d7-3bb9a3648e02" />      <TestMethod codeBase="f:\src\Adiam_Cloud_Nightly_Tester\bins\debug\amd64\SyncFabric\Tests\TestRuleProcessor\Microsoft.ActiveDirectory.Connector.Test.TestRuleProcessor.dll" adapterTypeName="Microsoft.VisualStudio.TestTools.TestTypes.Unit.UnitTestAdapter" className="Microsoft.ActiveDirectory.Connector.Test.ReferenceResolverSyncRuleDeltaUnitTest" name="TestResolvingReferencesAgainstUnexportedEntries" />    </UnitTest>    <UnitTest name="TestReferenceResolutionFailure" storage="f:\src\adiam_cloud_nightly_tester\bins\debug\amd64\syncfabric\tests\testruleprocessor\microsoft.activedirectory.connector.test.testruleprocessor.dll" id="cc4fe52d-0f69-5c52-bdec-2608a267a54e">      <Execution id="d71e5494-591d-409c-849d-7911823e652a" />      <TestMethod codeBase="f:\src\Adiam_Cloud_Nightly_Tester\bins\debug\amd64\SyncFabric\Tests\TestRuleProcessor\Microsoft.ActiveDirectory.Connector.Test.TestRuleProcessor.dll" adapterTypeName="Microsoft.VisualStudio.TestTools.TestTypes.Unit.UnitTestAdapter" className="Microsoft.ActiveDirectory.Connector.Test.ReferenceResolverSyncRuleDeltaUnitTest" name="TestReferenceResolutionFailure" />    </UnitTest>    <UnitTest name="TestResolvingReferencesAgainstExportedEntries" storage="f:\src\adiam_cloud_nightly_tester\bins\debug\amd64\syncfabric\tests\testruleprocessor\microsoft.activedirectory.connector.test.testruleprocessor.dll" id="a19eaff0-c5e9-eddf-7936-97254f10056a">      <Execution id="72a97f82-823f-40ac-a017-48a0cf400dcb" />      <TestMethod codeBase="f:\src\Adiam_Cloud_Nightly_Tester\bins\debug\amd64\SyncFabric\Tests\TestRuleProcessor\Microsoft.ActiveDirectory.Connector.Test.TestRuleProcessor.dll" adapterTypeName="Microsoft.VisualStudio.TestTools.TestTypes.Unit.UnitTestAdapter" className="Microsoft.ActiveDirectory.Connector.Test.ReferenceResolverSyncRuleFullUnitTest" name="TestResolvingReferencesAgainstExportedEntries" />    </UnitTest>    <UnitTest name="TestResolvingReferencesAgainstExportingAddEntries" storage="f:\src\adiam_cloud_nightly_tester\bins\debug\amd64\syncfabric\tests\testruleprocessor\microsoft.activedirectory.connector.test.testruleprocessor.dll" id="4169e968-29c7-4101-5a8e-fc0103ed595d">      <Execution id="ede3f9d5-a46f-43a8-b3e4-e030fc3c5558" />      <TestMethod codeBase="f:\src\Adiam_Cloud_Nightly_Tester\bins\debug\amd64\SyncFabric\Tests\TestRuleProcessor\Microsoft.ActiveDirectory.Connector.Test.TestRuleProcessor.dll" adapterTypeName="Microsoft.VisualStudio.TestTools.TestTypes.Unit.UnitTestAdapter" className="Microsoft.ActiveDirectory.Connector.Test.ReferenceResolverSyncRuleFullUnitTest" name="TestResolvingReferencesAgainstExportingAddEntries" />    </UnitTest>    <UnitTest name="TestResolvingReferencesAgainstExportingUpdateEntries" storage="f:\src\adiam_cloud_nightly_tester\bins\debug\amd64\syncfabric\tests\testruleprocessor\microsoft.activedirectory.connector.test.testruleprocessor.dll" id="268b44ec-1a76-f505-10e8-530521ddd1b7">      <Execution id="48714f25-613e-4b32-a666-e971c05fcff6" />      <TestMethod codeBase="f:\src\Adiam_Cloud_Nightly_Tester\bins\debug\amd64\SyncFabric\Tests\TestRuleProcessor\Microsoft.ActiveDirectory.Connector.Test.TestRuleProcessor.dll" adapterTypeName="Microsoft.VisualStudio.TestTools.TestTypes.Unit.UnitTestAdapter" className="Microsoft.ActiveDirectory.Connector.Test.ReferenceResolverSyncRuleFullUnitTest" name="TestResolvingReferencesAgainstExportingUpdateEntries" />    </UnitTest>    <UnitTest name="TestResolvingReferencesAgainstUnexportableEntries" storage="f:\src\adiam_cloud_nightly_tester\bins\debug\amd64\syncfabric\tests\testruleprocessor\microsoft.activedirectory.connector.test.testruleprocessor.dll" id="74f2ae45-7b48-2f5e-bfc5-8f6ebec21a81">      <Execution id="0b63005c-4427-4c11-8828-b014ac0e9c09" />      <TestMethod codeBase="f:\src\Adiam_Cloud_Nightly_Tester\bins\debug\amd64\SyncFabric\Tests\TestRuleProcessor\Microsoft.ActiveDirectory.Connector.Test.TestRuleProcessor.dll" adapterTypeName="Microsoft.VisualStudio.TestTools.TestTypes.Unit.UnitTestAdapter" className="Microsoft.ActiveDirectory.Connector.Test.ReferenceResolverSyncRuleFullUnitTest" name="TestResolvingReferencesAgainstUnexportableEntries" />    </UnitTest>    <UnitTest name="TestResolvingReferencesAgainstUnexportedEntries" storage="f:\src\adiam_cloud_nightly_tester\bins\debug\amd64\syncfabric\tests\testruleprocessor\microsoft.activedirectory.connector.test.testruleprocessor.dll" id="c55c81cb-28de-ac89-2db8-1e7748a3a754">      <Execution id="6f378534-2b35-4ad9-a1d0-e2134c02b58f" />      <TestMethod codeBase="f:\src\Adiam_Cloud_Nightly_Tester\bins\debug\amd64\SyncFabric\Tests\TestRuleProcessor\Microsoft.ActiveDirectory.Connector.Test.TestRuleProcessor.dll" adapterTypeName="Microsoft.VisualStudio.TestTools.TestTypes.Unit.UnitTestAdapter" className="Microsoft.ActiveDirectory.Connector.Test.ReferenceResolverSyncRuleFullUnitTest" name="TestResolvingReferencesAgainstUnexportedEntries" />    </UnitTest>    <UnitTest name="TestReferenceResolutionFailure" storage="f:\src\adiam_cloud_nightly_tester\bins\debug\amd64\syncfabric\tests\testruleprocessor\microsoft.activedirectory.connector.test.testruleprocessor.dll" id="989fb13e-274d-68fb-9b69-f09b6c7aece1">      <Execution id="676c9510-7c8e-49f0-83a6-bdf3dc7261ac" />      <TestMethod codeBase="f:\src\Adiam_Cloud_Nightly_Tester\bins\debug\amd64\SyncFabric\Tests\TestRuleProcessor\Microsoft.ActiveDirectory.Connector.Test.TestRuleProcessor.dll" adapterTypeName="Microsoft.VisualStudio.TestTools.TestTypes.Unit.UnitTestAdapter" className="Microsoft.ActiveDirectory.Connector.Test.ReferenceResolverSyncRuleFullUnitTest" name="TestReferenceResolutionFailure" />    </UnitTest>    <UnitTest name="TestEvaluationDeltaRuleAddEntriesFullImport" storage="f:\src\adiam_cloud_nightly_tester\bins\debug\amd64\syncfabric\tests\testruleprocessor\microsoft.activedirectory.connector.test.testruleprocessor.dll" id="ec1d30da-b7c7-a747-648b-5c33fe6ed928">      <Execution id="c81a4324-8291-4f0f-b785-922eb83e1abe" />      <TestMethod codeBase="f:\src\Adiam_Cloud_Nightly_Tester\bins\debug\amd64\SyncFabric\Tests\TestRuleProcessor\Microsoft.ActiveDirectory.Connector.Test.TestRuleProcessor.dll" adapterTypeName="Microsoft.VisualStudio.TestTools.TestTypes.Unit.UnitTestAdapter" className="Microsoft.ActiveDirectory.Connector.Test.NetSuiteOutboundDeltaSyncRuleUnitTest" name="TestEvaluationDeltaRuleAddEntriesFullImport" />    </UnitTest>    <UnitTest name="TestEvaluationDeltaRuleAddEntry" storage="f:\src\adiam_cloud_nightly_tester\bins\debug\amd64\syncfabric\tests\testruleprocessor\microsoft.activedirectory.connector.test.testruleprocessor.dll" id="a345d540-91fb-da11-9330-90ce41adb41e">      <Execution id="6abdb2cf-0d8d-4368-8a89-66493131c2b5" />      <TestMethod codeBase="f:\src\Adiam_Cloud_Nightly_Tester\bins\debug\amd64\SyncFabric\Tests\TestRuleProcessor\Microsoft.ActiveDirectory.Connector.Test.TestRuleProcessor.dll" adapterTypeName="Microsoft.VisualStudio.TestTools.TestTypes.Unit.UnitTestAdapter" className="Microsoft.ActiveDirectory.Connector.Test.NetSuiteOutboundDeltaSyncRuleUnitTest" name="TestEvaluationDeltaRuleAddEntry" />    </UnitTest>    <UnitTest name="TestEvaluationDeltaRuleUpdateEntry" storage="f:\src\adiam_cloud_nightly_tester\bins\debug\amd64\syncfabric\tests\testruleprocessor\microsoft.activedirectory.connector.test.testruleprocessor.dll" id="99b1c96f-b7b0-7844-aacc-15cb99429656">      <Execution id="321a1499-725f-4b13-9138-d190046c7b41" />      <TestMethod codeBase="f:\src\Adiam_Cloud_Nightly_Tester\bins\debug\amd64\SyncFabric\Tests\TestRuleProcessor\Microsoft.ActiveDirectory.Connector.Test.TestRuleProcessor.dll" adapterTypeName="Microsoft.VisualStudio.TestTools.TestTypes.Unit.UnitTestAdapter" className="Microsoft.ActiveDirectory.Connector.Test.NetSuiteOutboundDeltaSyncRuleUnitTest" name="TestEvaluationDeltaRuleUpdateEntry" />    </UnitTest>    <UnitTest name="TestEvaluationDeltaRuleAddEntryRequiredFieldsAsMissing" storage="f:\src\adiam_cloud_nightly_tester\bins\debug\amd64\syncfabric\tests\testruleprocessor\microsoft.activedirectory.connector.test.testruleprocessor.dll" id="33aeeeb2-14ab-6cb4-8c56-33c7ed859282">      <Execution id="0c89d0c3-c932-49f8-9083-cf94a45d7093" />      <TestMethod codeBase="f:\src\Adiam_Cloud_Nightly_Tester\bins\debug\amd64\SyncFabric\Tests\TestRuleProcessor\Microsoft.ActiveDirectory.Connector.Test.TestRuleProcessor.dll" adapterTypeName="Microsoft.VisualStudio.TestTools.TestTypes.Unit.UnitTestAdapter" className="Microsoft.ActiveDirectory.Connector.Test.NetSuiteOutboundDeltaSyncRuleUnitTest" name="TestEvaluationDeltaRuleAddEntryRequiredFieldsAsMissing" />    </UnitTest>    <UnitTest name="TestEvaluationDeltaRuleUpdateEntryRequiredFieldsAsMissing" storage="f:\src\adiam_cloud_nightly_tester\bins\debug\amd64\syncfabric\tests\testruleprocessor\microsoft.activedirectory.connector.test.testruleprocessor.dll" id="69e4e5f6-4617-ddeb-f5c0-0df9ec15f089">      <Execution id="e5145bdf-f125-4a05-9e2d-0901162708a9" />      <TestMethod codeBase="f:\src\Adiam_Cloud_Nightly_Tester\bins\debug\amd64\SyncFabric\Tests\TestRuleProcessor\Microsoft.ActiveDirectory.Connector.Test.TestRuleProcessor.dll" adapterTypeName="Microsoft.VisualStudio.TestTools.TestTypes.Unit.UnitTestAdapter" className="Microsoft.ActiveDirectory.Connector.Test.NetSuiteOutboundDeltaSyncRuleUnitTest" name="TestEvaluationDeltaRuleUpdateEntryRequiredFieldsAsMissing" />    </UnitTest>    <UnitTest name="TestEvaluationDeltaRuleDeleteEntry" storage="f:\src\adiam_cloud_nightly_tester\bins\debug\amd64\syncfabric\tests\testruleprocessor\microsoft.activedirectory.connector.test.testruleprocessor.dll" id="dc8d6ebb-9235-1b29-f2bf-247a86c5d2d5">      <Execution id="e9d57bc3-2f99-417c-a091-c5a5760746a5" />      <TestMethod codeBase="f:\src\Adiam_Cloud_Nightly_Tester\bins\debug\amd64\SyncFabric\Tests\TestRuleProcessor\Microsoft.ActiveDirectory.Connector.Test.TestRuleProcessor.dll" adapterTypeName="Microsoft.VisualStudio.TestTools.TestTypes.Unit.UnitTestAdapter" className="Microsoft.ActiveDirectory.Connector.Test.NetSuiteOutboundDeltaSyncRuleUnitTest" name="TestEvaluationDeltaRuleDeleteEntry" />    </UnitTest>    <UnitTest name="TestEvaluationAddEntriesFullImport" storage="f:\src\adiam_cloud_nightly_tester\bins\debug\amd64\syncfabric\tests\testruleprocessor\microsoft.activedirectory.connector.test.testruleprocessor.dll" id="11da0646-c7f5-7d32-4d0f-bea367d7b422">      <Execution id="28f45b0e-71bc-4e32-8e9e-643b4c723da2" />      <TestMethod codeBase="f:\src\Adiam_Cloud_Nightly_Tester\bins\debug\amd64\SyncFabric\Tests\TestRuleProcessor\Microsoft.ActiveDirectory.Connector.Test.TestRuleProcessor.dll" adapterTypeName="Microsoft.VisualStudio.TestTools.TestTypes.Unit.UnitTestAdapter" className="Microsoft.ActiveDirectory.Connector.Test.NetSuiteOutboundSynchronizationRuleUnitTest" name="TestEvaluationAddEntriesFullImport" />    </UnitTest>    <UnitTest name="TestEvaluationAddEntry" storage="f:\src\adiam_cloud_nightly_tester\bins\debug\amd64\syncfabric\tests\testruleprocessor\microsoft.activedirectory.connector.test.testruleprocessor.dll" id="ee866577-d015-1c98-5ff2-3dfa2a28b7ba">      <Execution id="738f71f6-b48a-49f5-823c-c19eed647b75" />      <TestMethod codeBase="f:\src\Adiam_Cloud_Nightly_Tester\bins\debug\amd64\SyncFabric\Tests\TestRuleProcessor\Microsoft.ActiveDirectory.Connector.Test.TestRuleProcessor.dll" adapterTypeName="Microsoft.VisualStudio.TestTools.TestTypes.Unit.UnitTestAdapter" className="Microsoft.ActiveDirectory.Connector.Test.NetSuiteOutboundSynchronizationRuleUnitTest" name="TestEvaluationAddEntry" />    </UnitTest>    <UnitTest name="TestEvaluationAddEntryWithRequiredFieldsAsEmpty" storage="f:\src\adiam_cloud_nightly_tester\bins\debug\amd64\syncfabric\tests\testruleprocessor\microsoft.activedirectory.connector.test.testruleprocessor.dll" id="167f0931-9689-51f3-a3ba-2cfe36f8bde4">      <Execution id="21259861-687c-4038-ab4a-2ddf6fd2cdf5" />      <TestMethod codeBase="f:\src\Adiam_Cloud_Nightly_Tester\bins\debug\amd64\SyncFabric\Tests\TestRuleProcessor\Microsoft.ActiveDirectory.Connector.Test.TestRuleProcessor.dll" adapterTypeName="Microsoft.VisualStudio.TestTools.TestTypes.Unit.UnitTestAdapter" className="Microsoft.ActiveDirectory.Connector.Test.NetSuiteOutboundSynchronizationRuleUnitTest" name="TestEvaluationAddEntryWithRequiredFieldsAsEmpty" />    </UnitTest>    <UnitTest name="TestEvaluationUpdateEntryWithRequiredFieldsAsEmpty" storage="f:\src\adiam_cloud_nightly_tester\bins\debug\amd64\syncfabric\tests\testruleprocessor\microsoft.activedirectory.connector.test.testruleprocessor.dll" id="2ce5b921-6348-0da7-d91e-f8945c46a0ca">      <Execution id="b5d49dc0-0772-4563-adfb-cac7cdf16e37" />      <TestMethod codeBase="f:\src\Adiam_Cloud_Nightly_Tester\bins\debug\amd64\SyncFabric\Tests\TestRuleProcessor\Microsoft.ActiveDirectory.Connector.Test.TestRuleProcessor.dll" adapterTypeName="Microsoft.VisualStudio.TestTools.TestTypes.Unit.UnitTestAdapter" className="Microsoft.ActiveDirectory.Connector.Test.NetSuiteOutboundSynchronizationRuleUnitTest" name="TestEvaluationUpdateEntryWithRequiredFieldsAsEmpty" />    </UnitTest>    <UnitTest name="TestEvaluationDeleteEntry" storage="f:\src\adiam_cloud_nightly_tester\bins\debug\amd64\syncfabric\tests\testruleprocessor\microsoft.activedirectory.connector.test.testruleprocessor.dll" id="b918301d-50a2-2839-8203-268dedb44412">      <Execution id="a2e3ac54-112f-4000-a3db-05e225941a59" />      <TestMethod codeBase="f:\src\Adiam_Cloud_Nightly_Tester\bins\debug\amd64\SyncFabric\Tests\TestRuleProcessor\Microsoft.ActiveDirectory.Connector.Test.TestRuleProcessor.dll" adapterTypeName="Microsoft.VisualStudio.TestTools.TestTypes.Unit.UnitTestAdapter" className="Microsoft.ActiveDirectory.Connector.Test.NetSuiteOutboundSynchronizationRuleUnitTest" name="TestEvaluationDeleteEntry" />    </UnitTest>    <UnitTest name="TestEvaluationUpdateEntry" storage="f:\src\adiam_cloud_nightly_tester\bins\debug\amd64\syncfabric\tests\testruleprocessor\microsoft.activedirectory.connector.test.testruleprocessor.dll" id="808993b3-9819-5267-21ac-0abf2a5f56e3">      <Execution id="752d6414-0478-411d-9f93-63d8a986d9e1" />      <TestMethod codeBase="f:\src\Adiam_Cloud_Nightly_Tester\bins\debug\amd64\SyncFabric\Tests\TestRuleProcessor\Microsoft.ActiveDirectory.Connector.Test.TestRuleProcessor.dll" adapterTypeName="Microsoft.VisualStudio.TestTools.TestTypes.Unit.UnitTestAdapter" className="Microsoft.ActiveDirectory.Connector.Test.NetSuiteOutboundSynchronizationRuleUnitTest" name="TestEvaluationUpdateEntry" />    </UnitTest>    <UnitTest name="DropboxOutboundDeltaSynchronizationRuleUnitTestEvaluationAddEntry" storage="f:\src\adiam_cloud_nightly_tester\bins\debug\amd64\syncfabric\tests\testruleprocessor\microsoft.activedirectory.connector.test.testruleprocessor.dll" id="349cdd52-dfc2-b5ae-f6a7-0e08413771f9">      <Execution id="46949304-5ea3-44be-bfc5-cef6955fa9d2" />      <TestMethod codeBase="f:\src\Adiam_Cloud_Nightly_Tester\bins\debug\amd64\SyncFabric\Tests\TestRuleProcessor\Microsoft.ActiveDirectory.Connector.Test.TestRuleProcessor.dll" adapterTypeName="Microsoft.VisualStudio.TestTools.TestTypes.Unit.UnitTestAdapter" className="Microsoft.ActiveDirectory.Connector.Test.DropboxOutboundDeltaSynchronizationRuleUnitTest" name="DropboxOutboundDeltaSynchronizationRuleUnitTestEvaluationAddEntry" />    </UnitTest>    <UnitTest name="DropboxOutboundDeltaSynchronizationRuleUnitTestEvaluationUpdateEntryModifySingleValued" storage="f:\src\adiam_cloud_nightly_tester\bins\debug\amd64\syncfabric\tests\testruleprocessor\microsoft.activedirectory.connector.test.testruleprocessor.dll" id="f589bc68-7876-0ceb-3636-e86ce9678abf">      <Execution id="2414e139-ff85-43a4-80e2-96c6f4865d91" />      <TestMethod codeBase="f:\src\Adiam_Cloud_Nightly_Tester\bins\debug\amd64\SyncFabric\Tests\TestRuleProcessor\Microsoft.ActiveDirectory.Connector.Test.TestRuleProcessor.dll" adapterTypeName="Microsoft.VisualStudio.TestTools.TestTypes.Unit.UnitTestAdapter" className="Microsoft.ActiveDirectory.Connector.Test.DropboxOutboundDeltaSynchronizationRuleUnitTest" name="DropboxOutboundDeltaSynchronizationRuleUnitTestEvaluationUpdateEntryModifySingleValued" />    </UnitTest>    <UnitTest name="DropboxOutboundDeltaSynchronizationRuleUnitTestEvaluationHardDeleteEntry" storage="f:\src\adiam_cloud_nightly_tester\bins\debug\amd64\syncfabric\tests\testruleprocessor\microsoft.activedirectory.connector.test.testruleprocessor.dll" id="0c58a986-5d37-a4ec-2a36-2ed082f05faa">      <Execution id="7cdd1868-e987-471e-ba67-a6f930a53f47" />      <TestMethod codeBase="f:\src\Adiam_Cloud_Nightly_Tester\bins\debug\amd64\SyncFabric\Tests\TestRuleProcessor\Microsoft.ActiveDirectory.Connector.Test.TestRuleProcessor.dll" adapterTypeName="Microsoft.VisualStudio.TestTools.TestTypes.Unit.UnitTestAdapter" className="Microsoft.ActiveDirectory.Connector.Test.DropboxOutboundDeltaSynchronizationRuleUnitTest" name="DropboxOutboundDeltaSynchronizationRuleUnitTestEvaluationHardDeleteEntry" />    </UnitTest>    <UnitTest name="DropboxOutboundDeltaSynchronizationRuleUnitTestEvaluationUpdateEntryRemoveEntitlements" storage="f:\src\adiam_cloud_nightly_tester\bins\debug\amd64\syncfabric\tests\testruleprocessor\microsoft.activedirectory.connector.test.testruleprocessor.dll" id="e095c484-315c-3377-cc33-833b4a54574d">      <Execution id="9d7fadff-f4ae-476c-9517-71fb0275ed27" />      <TestMethod codeBase="f:\src\Adiam_Cloud_Nightly_Tester\bins\debug\amd64\SyncFabric\Tests\TestRuleProcessor\Microsoft.ActiveDirectory.Connector.Test.TestRuleProcessor.dll" adapterTypeName="Microsoft.VisualStudio.TestTools.TestTypes.Unit.UnitTestAdapter" className="Microsoft.ActiveDirectory.Connector.Test.DropboxOutboundDeltaSynchronizationRuleUnitTest" name="DropboxOutboundDeltaSynchronizationRuleUnitTestEvaluationUpdateEntryRemoveEntitlements" />    </UnitTest>    <UnitTest name="DropboxOutboundFullSynchronizationRuleUnitTestAddEntry" storage="f:\src\adiam_cloud_nightly_tester\bins\debug\amd64\syncfabric\tests\testruleprocessor\microsoft.activedirectory.connector.test.testruleprocessor.dll" id="790b72b7-2c61-1e0c-46e3-3782fbba0dbf">      <Execution id="781efdc6-b4ae-4a49-9ddc-b8588ea0a9b2" />      <TestMethod codeBase="f:\src\Adiam_Cloud_Nightly_Tester\bins\debug\amd64\SyncFabric\Tests\TestRuleProcessor\Microsoft.ActiveDirectory.Connector.Test.TestRuleProcessor.dll" adapterTypeName="Microsoft.VisualStudio.TestTools.TestTypes.Unit.UnitTestAdapter" className="Microsoft.ActiveDirectory.Connector.Test.DropboxOutboundFullSynchronizationRuleUnitTest" name="DropboxOutboundFullSynchronizationRuleUnitTestAddEntry" />    </UnitTest>    <UnitTest name="DropboxOutboundFullSynchronizationRuleUnitTestAddEntryNoEntitlements" storage="f:\src\adiam_cloud_nightly_tester\bins\debug\amd64\syncfabric\tests\testruleprocessor\microsoft.activedirectory.connector.test.testruleprocessor.dll" id="47b12cb4-a20b-5bd1-f2c7-46712aa8b2fa">      <Execution id="cf68fb68-464e-4722-81bd-20e8fb0fe6d8" />      <TestMethod codeBase="f:\src\Adiam_Cloud_Nightly_Tester\bins\debug\amd64\SyncFabric\Tests\TestRuleProcessor\Microsoft.ActiveDirectory.Connector.Test.TestRuleProcessor.dll" adapterTypeName="Microsoft.VisualStudio.TestTools.TestTypes.Unit.UnitTestAdapter" className="Microsoft.ActiveDirectory.Connector.Test.DropboxOutboundFullSynchronizationRuleUnitTest" name="DropboxOutboundFullSynchronizationRuleUnitTestAddEntryNoEntitlements" />    </UnitTest>    <UnitTest name="DropboxOutboundFullSynchronizationRuleUnitTestUpdateEntryAddModifySingleValued" storage="f:\src\adiam_cloud_nightly_tester\bins\debug\amd64\syncfabric\tests\testruleprocessor\microsoft.activedirectory.connector.test.testruleprocessor.dll" id="0e00d8de-990e-c804-4aca-382406ed7f4b">      <Execution id="62cf57ef-1cde-48a8-8d72-63b941963a93" />      <TestMethod codeBase="f:\src\Adiam_Cloud_Nightly_Tester\bins\debug\amd64\SyncFabric\Tests\TestRuleProcessor\Microsoft.ActiveDirectory.Connector.Test.TestRuleProcessor.dll" adapterTypeName="Microsoft.VisualStudio.TestTools.TestTypes.Unit.UnitTestAdapter" className="Microsoft.ActiveDirectory.Connector.Test.DropboxOutboundFullSynchronizationRuleUnitTest" name="DropboxOutboundFullSynchronizationRuleUnitTestUpdateEntryAddModifySingleValued" />    </UnitTest>    <UnitTest name="DropboxOutboundFullSynchronizationRuleUnitTestUpdateEntryNoChanges" storage="f:\src\adiam_cloud_nightly_tester\bins\debug\amd64\syncfabric\tests\testruleprocessor\microsoft.activedirectory.connector.test.testruleprocessor.dll" id="9ac5e985-4fe0-2b88-75cd-be068900fe06">      <Execution id="12dd0a9c-dd86-4a03-a505-849924ebbec2" />      <TestMethod codeBase="f:\src\Adiam_Cloud_Nightly_Tester\bins\debug\amd64\SyncFabric\Tests\TestRuleProcessor\Microsoft.ActiveDirectory.Connector.Test.TestRuleProcessor.dll" adapterTypeName="Microsoft.VisualStudio.TestTools.TestTypes.Unit.UnitTestAdapter" className="Microsoft.ActiveDirectory.Connector.Test.DropboxOutboundFullSynchronizationRuleUnitTest" name="DropboxOutboundFullSynchronizationRuleUnitTestUpdateEntryNoChanges" />    </UnitTest>    <UnitTest name="DropboxOutboundFullSynchronizationRuleUnitTestUpdateEntryRemoveEntitlements" storage="f:\src\adiam_cloud_nightly_tester\bins\debug\amd64\syncfabric\tests\testruleprocessor\microsoft.activedirectory.connector.test.testruleprocessor.dll" id="935e0a1a-05e5-ade1-6b1a-2f0bf2db4c2c">      <Execution id="ec404541-42c0-4381-a00b-9edcf6b1b267" />      <TestMethod codeBase="f:\src\Adiam_Cloud_Nightly_Tester\bins\debug\amd64\SyncFabric\Tests\TestRuleProcessor\Microsoft.ActiveDirectory.Connector.Test.TestRuleProcessor.dll" adapterTypeName="Microsoft.VisualStudio.TestTools.TestTypes.Unit.UnitTestAdapter" className="Microsoft.ActiveDirectory.Connector.Test.DropboxOutboundFullSynchronizationRuleUnitTest" name="DropboxOutboundFullSynchronizationRuleUnitTestUpdateEntryRemoveEntitlements" />    </UnitTest>    <UnitTest name="TestEvaluationDeltaAddEntryWithCustomSchema" storage="f:\src\adiam_cloud_nightly_tester\bins\debug\amd64\syncfabric\tests\testruleprocessor\microsoft.activedirectory.connector.test.testruleprocessor.dll" id="b170f538-b8bd-d24f-32c4-6a388a87388e">      <Execution id="7f78e937-7ae5-4a81-8f09-1ce47bf5be40" />      <TestMethod codeBase="f:\src\Adiam_Cloud_Nightly_Tester\bins\debug\amd64\SyncFabric\Tests\TestRuleProcessor\Microsoft.ActiveDirectory.Connector.Test.TestRuleProcessor.dll" adapterTypeName="Microsoft.VisualStudio.TestTools.TestTypes.Unit.UnitTestAdapter" className="Microsoft.ActiveDirectory.Connector.Test.ServiceNowOutboundDeltaSyncRuleUnitTest" name="TestEvaluationDeltaAddEntryWithCustomSchema" />    </UnitTest>    <UnitTest name="TestEvaluationDeltaAddEntrySoftDeleteUnspecified" storage="f:\src\adiam_cloud_nightly_tester\bins\debug\amd64\syncfabric\tests\testruleprocessor\microsoft.activedirectory.connector.test.testruleprocessor.dll" id="b9243f7c-878b-bea8-7137-18241325c856">      <Execution id="22bef7ee-a390-454d-8a2a-d04ab33efab2" />      <TestMethod codeBase="f:\src\Adiam_Cloud_Nightly_Tester\bins\debug\amd64\SyncFabric\Tests\TestRuleProcessor\Microsoft.ActiveDirectory.Connector.Test.TestRuleProcessor.dll" adapterTypeName="Microsoft.VisualStudio.TestTools.TestTypes.Unit.UnitTestAdapter" className="Microsoft.ActiveDirectory.Connector.Test.ServiceNowOutboundDeltaSyncRuleUnitTest" name="TestEvaluationDeltaAddEntrySoftDeleteUnspecified" />    </UnitTest>    <UnitTest name="TestEvaluationDeltaAddUser" storage="f:\src\adiam_cloud_nightly_tester\bins\debug\amd64\syncfabric\tests\testruleprocessor\microsoft.activedirectory.connector.test.testruleprocessor.dll" id="39c1e0a8-0cab-ea6f-d7de-04692df57273">      <Execution id="256268c3-f2ec-463c-a915-c0a97c9f05a9" />      <TestMethod codeBase="f:\src\Adiam_Cloud_Nightly_Tester\bins\debug\amd64\SyncFabric\Tests\TestRuleProcessor\Microsoft.ActiveDirectory.Connector.Test.TestRuleProcessor.dll" adapterTypeName="Microsoft.VisualStudio.TestTools.TestTypes.Unit.UnitTestAdapter" className="Microsoft.ActiveDirectory.Connector.Test.ServiceNowOutboundDeltaSyncRuleUnitTest" name="TestEvaluationDeltaAddUser" />    </UnitTest>    <UnitTest name="TestEvaluationDeltaUpdateEntry" storage="f:\src\adiam_cloud_nightly_tester\bins\debug\amd64\syncfabric\tests\testruleprocessor\microsoft.activedirectory.connector.test.testruleprocessor.dll" id="5607234b-784e-a97e-32b3-b429dd10f1b8">      <Execution id="75219f3b-5395-40d6-a462-bdc67f21e0e1" />      <TestMethod codeBase="f:\src\Adiam_Cloud_Nightly_Tester\bins\debug\amd64\SyncFabric\Tests\TestRuleProcessor\Microsoft.ActiveDirectory.Connector.Test.TestRuleProcessor.dll" adapterTypeName="Microsoft.VisualStudio.TestTools.TestTypes.Unit.UnitTestAdapter" className="Microsoft.ActiveDirectory.Connector.Test.ServiceNowOutboundDeltaSyncRuleUnitTest" name="TestEvaluationDeltaUpdateEntry" />    </UnitTest>    <UnitTest name="TestEvaluationDeltaUpdateEntryNoUserName" storage="f:\src\adiam_cloud_nightly_tester\bins\debug\amd64\syncfabric\tests\testruleprocessor\microsoft.activedirectory.connector.test.testruleprocessor.dll" id="dc2d620e-56e8-64f7-9d9f-cac22966c8ab">      <Execution id="5a9b3f32-199b-49e5-973b-fa848aff9f3c" />      <TestMethod codeBase="f:\src\Adiam_Cloud_Nightly_Tester\bins\debug\amd64\SyncFabric\Tests\TestRuleProcessor\Microsoft.ActiveDirectory.Connector.Test.TestRuleProcessor.dll" adapterTypeName="Microsoft.VisualStudio.TestTools.TestTypes.Unit.UnitTestAdapter" className="Microsoft.ActiveDirectory.Connector.Test.ServiceNowOutboundDeltaSyncRuleUnitTest" name="TestEvaluationDeltaUpdateEntryNoUserName" />    </UnitTest>    <UnitTest name="TestEvaluationDeltaDeleteEntry" storage="f:\src\adiam_cloud_nightly_tester\bins\debug\amd64\syncfabric\tests\testruleprocessor\microsoft.activedirectory.connector.test.testruleprocessor.dll" id="ddf8586d-d39e-fb6e-0ca9-d989af86119c">      <Execution id="23b4407d-09c2-47bc-9926-dc9a7c1b52ee" />      <TestMethod codeBase="f:\src\Adiam_Cloud_Nightly_Tester\bins\debug\amd64\SyncFabric\Tests\TestRuleProcessor\Microsoft.ActiveDirectory.Connector.Test.TestRuleProcessor.dll" adapterTypeName="Microsoft.VisualStudio.TestTools.TestTypes.Unit.UnitTestAdapter" className="Microsoft.ActiveDirectory.Connector.Test.ServiceNowOutboundDeltaSyncRuleUnitTest" name="TestEvaluationDeltaDeleteEntry" />    </UnitTest>    <UnitTest name="TestEvaluationDeltaServiceNowDuplicateExport" storage="f:\src\adiam_cloud_nightly_tester\bins\debug\amd64\syncfabric\tests\testruleprocessor\microsoft.activedirectory.connector.test.testruleprocessor.dll" id="f789a0b4-cf23-be75-6644-13382f042c8f">      <Execution id="1d8c633a-80f7-4ae7-ab71-fa2ab724073c" />      <TestMethod codeBase="f:\src\Adiam_Cloud_Nightly_Tester\bins\debug\amd64\SyncFabric\Tests\TestRuleProcessor\Microsoft.ActiveDirectory.Connector.Test.TestRuleProcessor.dll" adapterTypeName="Microsoft.VisualStudio.TestTools.TestTypes.Unit.UnitTestAdapter" className="Microsoft.ActiveDirectory.Connector.Test.ServiceNowOutboundDeltaSyncRuleUnitTest" name="TestEvaluationDeltaServiceNowDuplicateExport" />    </UnitTest>    <UnitTest name="TestEvaluationSourceEntriesWithSameJoiningProperty" storage="f:\src\adiam_cloud_nightly_tester\bins\debug\amd64\syncfabric\tests\testruleprocessor\microsoft.activedirectory.connector.test.testruleprocessor.dll" id="57457be8-7418-c3d6-ab80-60f97eccfb7d">      <Execution id="e48ef5c7-5bfd-4912-b7c8-916d634da5e4" />      <TestMethod codeBase="f:\src\Adiam_Cloud_Nightly_Tester\bins\debug\amd64\SyncFabric\Tests\TestRuleProcessor\Microsoft.ActiveDirectory.Connector.Test.TestRuleProcessor.dll" adapterTypeName="Microsoft.VisualStudio.TestTools.TestTypes.Unit.UnitTestAdapter" className="Microsoft.ActiveDirectory.Connector.Test.ServiceNowOutboundDeltaSyncRuleUnitTest" name="TestEvaluationSourceEntriesWithSameJoiningProperty" />    </UnitTest>    <UnitTest name="TestEvaluationAddEntriesDeltaImport" storage="f:\src\adiam_cloud_nightly_tester\bins\debug\amd64\syncfabric\tests\testruleprocessor\microsoft.activedirectory.connector.test.testruleprocessor.dll" id="48399553-6b2c-a3c2-15cb-058f2277bd52">      <Execution id="980da390-0ab8-4023-bbea-ba800fe95d79" />      <TestMethod codeBase="f:\src\Adiam_Cloud_Nightly_Tester\bins\debug\amd64\SyncFabric\Tests\TestRuleProcessor\Microsoft.ActiveDirectory.Connector.Test.TestRuleProcessor.dll" adapterTypeName="Microsoft.VisualStudio.TestTools.TestTypes.Unit.UnitTestAdapter" className="Microsoft.ActiveDirectory.Connector.Test.ServiceNowOutboundSyncRuleUnitTest" name="TestEvaluationAddEntriesDeltaImport" />    </UnitTest>    <UnitTest name="TestEvaluationAddEntriesFullImport" storage="f:\src\adiam_cloud_nightly_tester\bins\debug\amd64\syncfabric\tests\testruleprocessor\microsoft.activedirectory.connector.test.testruleprocessor.dll" id="7f865c52-be81-71b1-042c-a5137d9f7f43">      <Execution id="15f44c91-fd79-48f2-b763-022b5b4dbd0d" />      <TestMethod codeBase="f:\src\Adiam_Cloud_Nightly_Tester\bins\debug\amd64\SyncFabric\Tests\TestRuleProcessor\Microsoft.ActiveDirectory.Connector.Test.TestRuleProcessor.dll" adapterTypeName="Microsoft.VisualStudio.TestTools.TestTypes.Unit.UnitTestAdapter" className="Microsoft.ActiveDirectory.Connector.Test.ServiceNowOutboundSyncRuleUnitTest" name="TestEvaluationAddEntriesFullImport" />    </UnitTest>    <UnitTest name="TestEvaluationAddEntry" storage="f:\src\adiam_cloud_nightly_tester\bins\debug\amd64\syncfabric\tests\testruleprocessor\microsoft.activedirectory.connector.test.testruleprocessor.dll" id="ae2cc506-6033-2770-2a34-d511b51fbb1f">      <Execution id="de88137c-7c56-424f-b7b1-4b96bee1092e" />      <TestMethod codeBase="f:\src\Adiam_Cloud_Nightly_Tester\bins\debug\amd64\SyncFabric\Tests\TestRuleProcessor\Microsoft.ActiveDirectory.Connector.Test.TestRuleProcessor.dll" adapterTypeName="Microsoft.VisualStudio.TestTools.TestTypes.Unit.UnitTestAdapter" className="Microsoft.ActiveDirectory.Connector.Test.ServiceNowOutboundSyncRuleUnitTest" name="TestEvaluationAddEntry" />    </UnitTest>    <UnitTest name="TestEvaluationDeleteEntry" storage="f:\src\adiam_cloud_nightly_tester\bins\debug\amd64\syncfabric\tests\testruleprocessor\microsoft.activedirectory.connector.test.testruleprocessor.dll" id="2411bd40-92da-4785-c529-61b721361315">      <Execution id="16353f36-ac79-4fcb-bad8-decab012237e" />      <TestMethod codeBase="f:\src\Adiam_Cloud_Nightly_Tester\bins\debug\amd64\SyncFabric\Tests\TestRuleProcessor\Microsoft.ActiveDirectory.Connector.Test.TestRuleProcessor.dll" adapterTypeName="Microsoft.VisualStudio.TestTools.TestTypes.Unit.UnitTestAdapter" className="Microsoft.ActiveDirectory.Connector.Test.ServiceNowOutboundSyncRuleUnitTest" name="TestEvaluationDeleteEntry" />    </UnitTest>    <UnitTest name="TestEvaluationUpdateEntryAddProperty" storage="f:\src\adiam_cloud_nightly_tester\bins\debug\amd64\syncfabric\tests\testruleprocessor\microsoft.activedirectory.connector.test.testruleprocessor.dll" id="fb1ac286-16cc-e63a-e4b9-b2203907074b">      <Execution id="0be6b719-50e7-4bbb-9515-f61f9fe153e6" />      <TestMethod codeBase="f:\src\Adiam_Cloud_Nightly_Tester\bins\debug\amd64\SyncFabric\Tests\TestRuleProcessor\Microsoft.ActiveDirectory.Connector.Test.TestRuleProcessor.dll" adapterTypeName="Microsoft.VisualStudio.TestTools.TestTypes.Unit.UnitTestAdapter" className="Microsoft.ActiveDirectory.Connector.Test.ServiceNowOutboundSyncRuleUnitTest" name="TestEvaluationUpdateEntryAddProperty" />    </UnitTest>    <UnitTest name="TestEvaluationUpdateEntryModifyPropertyAddValue" storage="f:\src\adiam_cloud_nightly_tester\bins\debug\amd64\syncfabric\tests\testruleprocessor\microsoft.activedirectory.connector.test.testruleprocessor.dll" id="e6603c38-3f87-a45b-7b3c-3553c043be14">      <Execution id="cd38bfca-de8e-4e51-ad45-9bd079682062" />      <TestMethod codeBase="f:\src\Adiam_Cloud_Nightly_Tester\bins\debug\amd64\SyncFabric\Tests\TestRuleProcessor\Microsoft.ActiveDirectory.Connector.Test.TestRuleProcessor.dll" adapterTypeName="Microsoft.VisualStudio.TestTools.TestTypes.Unit.UnitTestAdapter" className="Microsoft.ActiveDirectory.Connector.Test.ServiceNowOutboundSyncRuleUnitTest" name="TestEvaluationUpdateEntryModifyPropertyAddValue" />    </UnitTest>    <UnitTest name="TestEvaluationUpdateEntryModifyPropertyChangeEmptyPluralValue" storage="f:\src\adiam_cloud_nightly_tester\bins\debug\amd64\syncfabric\tests\testruleprocessor\microsoft.activedirectory.connector.test.testruleprocessor.dll" id="840723ea-f5e0-2268-d15c-49d0d582c4b3">      <Execution id="b45ed115-75e3-4c7a-a252-9d24b79a9b1e" />      <TestMethod codeBase="f:\src\Adiam_Cloud_Nightly_Tester\bins\debug\amd64\SyncFabric\Tests\TestRuleProcessor\Microsoft.ActiveDirectory.Connector.Test.TestRuleProcessor.dll" adapterTypeName="Microsoft.VisualStudio.TestTools.TestTypes.Unit.UnitTestAdapter" className="Microsoft.ActiveDirectory.Connector.Test.ServiceNowOutboundSyncRuleUnitTest" name="TestEvaluationUpdateEntryModifyPropertyChangeEmptyPluralValue" />    </UnitTest>    <UnitTest name="TestEvaluationUpdateEntryModifyPropertyChangeEmptySingleValue" storage="f:\src\adiam_cloud_nightly_tester\bins\debug\amd64\syncfabric\tests\testruleprocessor\microsoft.activedirectory.connector.test.testruleprocessor.dll" id="5f9f0c8e-0f26-fe98-0796-690ac9c9a61d">      <Execution id="8a10a963-382d-4fc6-b24f-baee814e944b" />      <TestMethod codeBase="f:\src\Adiam_Cloud_Nightly_Tester\bins\debug\amd64\SyncFabric\Tests\TestRuleProcessor\Microsoft.ActiveDirectory.Connector.Test.TestRuleProcessor.dll" adapterTypeName="Microsoft.VisualStudio.TestTools.TestTypes.Unit.UnitTestAdapter" className="Microsoft.ActiveDirectory.Connector.Test.ServiceNowOutboundSyncRuleUnitTest" name="TestEvaluationUpdateEntryModifyPropertyChangeEmptySingleValue" />    </UnitTest>    <UnitTest name="TestEvaluationUpdateEntryModifyPropertyChangePluralValue" storage="f:\src\adiam_cloud_nightly_tester\bins\debug\amd64\syncfabric\tests\testruleprocessor\microsoft.activedirectory.connector.test.testruleprocessor.dll" id="8d742f5e-0c5d-5f85-49e8-c004380f93db">      <Execution id="674cd40b-9b7d-4e68-b0ca-599ca376b045" />      <TestMethod codeBase="f:\src\Adiam_Cloud_Nightly_Tester\bins\debug\amd64\SyncFabric\Tests\TestRuleProcessor\Microsoft.ActiveDirectory.Connector.Test.TestRuleProcessor.dll" adapterTypeName="Microsoft.VisualStudio.TestTools.TestTypes.Unit.UnitTestAdapter" className="Microsoft.ActiveDirectory.Connector.Test.ServiceNowOutboundSyncRuleUnitTest" name="TestEvaluationUpdateEntryModifyPropertyChangePluralValue" />    </UnitTest>    <UnitTest name="TestEvaluationUpdateEntryModifyPropertyChangeSingleValue" storage="f:\src\adiam_cloud_nightly_tester\bins\debug\amd64\syncfabric\tests\testruleprocessor\microsoft.activedirectory.connector.test.testruleprocessor.dll" id="cf59d00e-ed52-4703-2852-18ea8599bea8">      <Execution id="ad5b9cd1-c8a3-4a4f-9fc2-11e0276a54e1" />      <TestMethod codeBase="f:\src\Adiam_Cloud_Nightly_Tester\bins\debug\amd64\SyncFabric\Tests\TestRuleProcessor\Microsoft.ActiveDirectory.Connector.Test.TestRuleProcessor.dll" adapterTypeName="Microsoft.VisualStudio.TestTools.TestTypes.Unit.UnitTestAdapter" className="Microsoft.ActiveDirectory.Connector.Test.ServiceNowOutboundSyncRuleUnitTest" name="TestEvaluationUpdateEntryModifyPropertyChangeSingleValue" />    </UnitTest>    <UnitTest name="TestEvaluationUpdateEntryModifyPropertyRemoveValue" storage="f:\src\adiam_cloud_nightly_tester\bins\debug\amd64\syncfabric\tests\testruleprocessor\microsoft.activedirectory.connector.test.testruleprocessor.dll" id="69adb5e5-a3d4-57a5-da8e-2fb2b0f9b4ef">      <Execution id="001431b8-6710-4dff-b157-4df4cac6d2e7" />      <TestMethod codeBase="f:\src\Adiam_Cloud_Nightly_Tester\bins\debug\amd64\SyncFabric\Tests\TestRuleProcessor\Microsoft.ActiveDirectory.Connector.Test.TestRuleProcessor.dll" adapterTypeName="Microsoft.VisualStudio.TestTools.TestTypes.Unit.UnitTestAdapter" className="Microsoft.ActiveDirectory.Connector.Test.ServiceNowOutboundSyncRuleUnitTest" name="TestEvaluationUpdateEntryModifyPropertyRemoveValue" />    </UnitTest>    <UnitTest name="TestEvaluationUpdateEntryRemovePluralProperty" storage="f:\src\adiam_cloud_nightly_tester\bins\debug\amd64\syncfabric\tests\testruleprocessor\microsoft.activedirectory.connector.test.testruleprocessor.dll" id="23e5352d-1e5f-3713-e9e6-02e243dc0f27">      <Execution id="023a2da6-6aec-4da2-876e-799027ec1870" />      <TestMethod codeBase="f:\src\Adiam_Cloud_Nightly_Tester\bins\debug\amd64\SyncFabric\Tests\TestRuleProcessor\Microsoft.ActiveDirectory.Connector.Test.TestRuleProcessor.dll" adapterTypeName="Microsoft.VisualStudio.TestTools.TestTypes.Unit.UnitTestAdapter" className="Microsoft.ActiveDirectory.Connector.Test.ServiceNowOutboundSyncRuleUnitTest" name="TestEvaluationUpdateEntryRemovePluralProperty" />    </UnitTest>    <UnitTest name="TestEvaluationUpdateEntryRemoveProperty" storage="f:\src\adiam_cloud_nightly_tester\bins\debug\amd64\syncfabric\tests\testruleprocessor\microsoft.activedirectory.connector.test.testruleprocessor.dll" id="a915857a-f1aa-19ef-352b-8bf1bd6307de">      <Execution id="346b6070-2e3a-450b-95e7-bbd548ac5546" />      <TestMethod codeBase="f:\src\Adiam_Cloud_Nightly_Tester\bins\debug\amd64\SyncFabric\Tests\TestRuleProcessor\Microsoft.ActiveDirectory.Connector.Test.TestRuleProcessor.dll" adapterTypeName="Microsoft.VisualStudio.TestTools.TestTypes.Unit.UnitTestAdapter" className="Microsoft.ActiveDirectory.Connector.Test.ServiceNowOutboundSyncRuleUnitTest" name="TestEvaluationUpdateEntryRemoveProperty" />    </UnitTest>    <UnitTest name="TestEvaluationUpdateEntryReplaceProperty" storage="f:\src\adiam_cloud_nightly_tester\bins\debug\amd64\syncfabric\tests\testruleprocessor\microsoft.activedirectory.connector.test.testruleprocessor.dll" id="f77450fd-ab82-bbdf-0b6b-7ab0a25045c8">      <Execution id="66724bac-c7af-45dc-8b2f-11cba5b3667a" />      <TestMethod codeBase="f:\src\Adiam_Cloud_Nightly_Tester\bins\debug\amd64\SyncFabric\Tests\TestRuleProcessor\Microsoft.ActiveDirectory.Connector.Test.TestRuleProcessor.dll" adapterTypeName="Microsoft.VisualStudio.TestTools.TestTypes.Unit.UnitTestAdapter" className="Microsoft.ActiveDirectory.Connector.Test.ServiceNowOutboundSyncRuleUnitTest" name="TestEvaluationUpdateEntryReplaceProperty" />    </UnitTest>    <UnitTest name="TestEvaluationUpdateEntryModifyJoiningProperty" storage="f:\src\adiam_cloud_nightly_tester\bins\debug\amd64\syncfabric\tests\testruleprocessor\microsoft.activedirectory.connector.test.testruleprocessor.dll" id="b33e3f74-5ee4-a122-c84b-0cd609d26535">      <Execution id="9d2b76e8-d742-43b6-907a-dc9ccd093b17" />      <TestMethod codeBase="f:\src\Adiam_Cloud_Nightly_Tester\bins\debug\amd64\SyncFabric\Tests\TestRuleProcessor\Microsoft.ActiveDirectory.Connector.Test.TestRuleProcessor.dll" adapterTypeName="Microsoft.VisualStudio.TestTools.TestTypes.Unit.UnitTestAdapter" className="Microsoft.ActiveDirectory.Connector.Test.ServiceNowOutboundSyncRuleUnitTest" name="TestEvaluationUpdateEntryModifyJoiningProperty" />    </UnitTest>    <UnitTest name="TestEvaluationDeltaRuleAddEntriesFullImport" storage="f:\src\adiam_cloud_nightly_tester\bins\debug\amd64\syncfabric\tests\testruleprocessor\microsoft.activedirectory.connector.test.testruleprocessor.dll" id="d8adf926-f41f-b729-2a10-a19f77a651ce">      <Execution id="24fe72a4-921e-4c77-8ba2-e24e82d6318a" />      <TestMethod codeBase="f:\src\Adiam_Cloud_Nightly_Tester\bins\debug\amd64\SyncFabric\Tests\TestRuleProcessor\Microsoft.ActiveDirectory.Connector.Test.TestRuleProcessor.dll" adapterTypeName="Microsoft.VisualStudio.TestTools.TestTypes.Unit.UnitTestAdapter" className="Microsoft.ActiveDirectory.Connector.Test.GoogleAppsOutboundDeltaSyncRuleUnitTestRealSchema" name="TestEvaluationDeltaRuleAddEntriesFullImport" />    </UnitTest>    <UnitTest name="TestEvaluationDeltaRuleAddEntry" storage="f:\src\adiam_cloud_nightly_tester\bins\debug\amd64\syncfabric\tests\testruleprocessor\microsoft.activedirectory.connector.test.testruleprocessor.dll" id="ff620ef5-8887-9f54-a19b-43756dc1bba6">      <Execution id="13742a7c-a1f7-4b46-a246-de965f973462" />      <TestMethod codeBase="f:\src\Adiam_Cloud_Nightly_Tester\bins\debug\amd64\SyncFabric\Tests\TestRuleProcessor\Microsoft.ActiveDirectory.Connector.Test.TestRuleProcessor.dll" adapterTypeName="Microsoft.VisualStudio.TestTools.TestTypes.Unit.UnitTestAdapter" className="Microsoft.ActiveDirectory.Connector.Test.GoogleAppsOutboundDeltaSyncRuleUnitTestRealSchema" name="TestEvaluationDeltaRuleAddEntry" />    </UnitTest>    <UnitTest name="TestEvaluationDeltaRuleAddEntryConflictingJoiningProperty" storage="f:\src\adiam_cloud_nightly_tester\bins\debug\amd64\syncfabric\tests\testruleprocessor\microsoft.activedirectory.connector.test.testruleprocessor.dll" id="189f0efd-19be-0954-1ccf-e5c6e296627f">      <Execution id="8ce5cf07-20d7-41cb-923d-bebea3b12aae" />      <TestMethod codeBase="f:\src\Adiam_Cloud_Nightly_Tester\bins\debug\amd64\SyncFabric\Tests\TestRuleProcessor\Microsoft.ActiveDirectory.Connector.Test.TestRuleProcessor.dll" adapterTypeName="Microsoft.VisualStudio.TestTools.TestTypes.Unit.UnitTestAdapter" className="Microsoft.ActiveDirectory.Connector.Test.GoogleAppsOutboundDeltaSyncRuleUnitTestRealSchema" name="TestEvaluationDeltaRuleAddEntryConflictingJoiningProperty" />    </UnitTest>    <UnitTest name="TestEvaluationDeltaRuleUpdateEntry" storage="f:\src\adiam_cloud_nightly_tester\bins\debug\amd64\syncfabric\tests\testruleprocessor\microsoft.activedirectory.connector.test.testruleprocessor.dll" id="b3df487f-7e9d-9e99-d508-f1e8753e80d6">      <Execution id="06d49406-7bb3-4847-b657-c69d5d98e617" />      <TestMethod codeBase="f:\src\Adiam_Cloud_Nightly_Tester\bins\debug\amd64\SyncFabric\Tests\TestRuleProcessor\Microsoft.ActiveDirectory.Connector.Test.TestRuleProcessor.dll" adapterTypeName="Microsoft.VisualStudio.TestTools.TestTypes.Unit.UnitTestAdapter" className="Microsoft.ActiveDirectory.Connector.Test.GoogleAppsOutboundDeltaSyncRuleUnitTestRealSchema" name="TestEvaluationDeltaRuleUpdateEntry" />    </UnitTest>    <UnitTest name="TestEvaluationDeltaRuleUpdateEntrySuspendUser" storage="f:\src\adiam_cloud_nightly_tester\bins\debug\amd64\syncfabric\tests\testruleprocessor\microsoft.activedirectory.connector.test.testruleprocessor.dll" id="ff738f4e-c415-6faf-8c75-7a26ccebc28d">      <Execution id="f2529df4-b047-4352-8c6c-7a3fd7268661" />      <TestMethod codeBase="f:\src\Adiam_Cloud_Nightly_Tester\bins\debug\amd64\SyncFabric\Tests\TestRuleProcessor\Microsoft.ActiveDirectory.Connector.Test.TestRuleProcessor.dll" adapterTypeName="Microsoft.VisualStudio.TestTools.TestTypes.Unit.UnitTestAdapter" className="Microsoft.ActiveDirectory.Connector.Test.GoogleAppsOutboundDeltaSyncRuleUnitTestRealSchema" name="TestEvaluationDeltaRuleUpdateEntrySuspendUser" />    </UnitTest>    <UnitTest name="TestEvaluationDeltaRuleUpdateEntryModifyJoiningProperty" storage="f:\src\adiam_cloud_nightly_tester\bins\debug\amd64\syncfabric\tests\testruleprocessor\microsoft.activedirectory.connector.test.testruleprocessor.dll" id="5de289ef-91da-1dc7-4676-edd5c098328f">      <Execution id="61845a57-5c4c-4356-9590-187445f9f2be" />      <TestMethod codeBase="f:\src\Adiam_Cloud_Nightly_Tester\bins\debug\amd64\SyncFabric\Tests\TestRuleProcessor\Microsoft.ActiveDirectory.Connector.Test.TestRuleProcessor.dll" adapterTypeName="Microsoft.VisualStudio.TestTools.TestTypes.Unit.UnitTestAdapter" className="Microsoft.ActiveDirectory.Connector.Test.GoogleAppsOutboundDeltaSyncRuleUnitTestRealSchema" name="TestEvaluationDeltaRuleUpdateEntryModifyJoiningProperty" />    </UnitTest>    <UnitTest name="TestEvaluationDeltaRuleDeleteEntry" storage="f:\src\adiam_cloud_nightly_tester\bins\debug\amd64\syncfabric\tests\testruleprocessor\microsoft.activedirectory.connector.test.testruleprocessor.dll" id="b0f42037-f9cc-0955-70ad-2d641467b818">      <Execution id="156c3a7b-f6d2-4cf7-9c36-a50aad0be819" />      <TestMethod codeBase="f:\src\Adiam_Cloud_Nightly_Tester\bins\debug\amd64\SyncFabric\Tests\TestRuleProcessor\Microsoft.ActiveDirectory.Connector.Test.TestRuleProcessor.dll" adapterTypeName="Microsoft.VisualStudio.TestTools.TestTypes.Unit.UnitTestAdapter" className="Microsoft.ActiveDirectory.Connector.Test.GoogleAppsOutboundDeltaSyncRuleUnitTestRealSchema" name="TestEvaluationDeltaRuleDeleteEntry" />    </UnitTest>    <UnitTest name="TestEvaluationDeltaRuleAddEntriesDeltaImport" storage="f:\src\adiam_cloud_nightly_tester\bins\debug\amd64\syncfabric\tests\testruleprocessor\microsoft.activedirectory.connector.test.testruleprocessor.dll" id="6ab4365e-9889-7c91-5a19-5c54c0e535be">      <Execution id="02e77285-05b3-4495-a958-0dde6608a9c2" />      <TestMethod codeBase="f:\src\Adiam_Cloud_Nightly_Tester\bins\debug\amd64\SyncFabric\Tests\TestRuleProcessor\Microsoft.ActiveDirectory.Connector.Test.TestRuleProcessor.dll" adapterTypeName="Microsoft.VisualStudio.TestTools.TestTypes.Unit.UnitTestAdapter" className="Microsoft.ActiveDirectory.Connector.Test.GoogleAppsOutboundDeltaSyncRuleEntryStoreUnitTest" name="TestEvaluationDeltaRuleAddEntriesDeltaImport" />    </UnitTest>    <UnitTest name="TestEvaluationDeltaRuleAddEntriesFullImport" storage="f:\src\adiam_cloud_nightly_tester\bins\debug\amd64\syncfabric\tests\testruleprocessor\microsoft.activedirectory.connector.test.testruleprocessor.dll" id="9e007d10-13b6-06c4-6473-821b884116e7">      <Execution id="5f723b89-5376-45f7-b885-f61a8ff75dbd" />      <TestMethod codeBase="f:\src\Adiam_Cloud_Nightly_Tester\bins\debug\amd64\SyncFabric\Tests\TestRuleProcessor\Microsoft.ActiveDirectory.Connector.Test.TestRuleProcessor.dll" adapterTypeName="Microsoft.VisualStudio.TestTools.TestTypes.Unit.UnitTestAdapter" className="Microsoft.ActiveDirectory.Connector.Test.GoogleAppsOutboundDeltaSyncRuleEntryStoreUnitTest" name="TestEvaluationDeltaRuleAddEntriesFullImport" />    </UnitTest>    <UnitTest name="TestEvaluationDeltaRuleAddEntry" storage="f:\src\adiam_cloud_nightly_tester\bins\debug\amd64\syncfabric\tests\testruleprocessor\microsoft.activedirectory.connector.test.testruleprocessor.dll" id="a0d3514e-a26d-1780-64a5-937813f9edb7">      <Execution id="f679e578-81d7-4f64-9c21-cc4391660856" />      <TestMethod codeBase="f:\src\Adiam_Cloud_Nightly_Tester\bins\debug\amd64\SyncFabric\Tests\TestRuleProcessor\Microsoft.ActiveDirectory.Connector.Test.TestRuleProcessor.dll" adapterTypeName="Microsoft.VisualStudio.TestTools.TestTypes.Unit.UnitTestAdapter" className="Microsoft.ActiveDirectory.Connector.Test.GoogleAppsOutboundDeltaSyncRuleEntryStoreUnitTest" name="TestEvaluationDeltaRuleAddEntry" />    </UnitTest>    <UnitTest name="TestEvaluationDeltaRuleDeleteEntry" storage="f:\src\adiam_cloud_nightly_tester\bins\debug\amd64\syncfabric\tests\testruleprocessor\microsoft.activedirectory.connector.test.testruleprocessor.dll" id="7c7de4af-a20b-ab55-b553-98a2084794b8">      <Execution id="d49d6be2-3c13-4bd7-b0f1-bf115ab259c2" />      <TestMethod codeBase="f:\src\Adiam_Cloud_Nightly_Tester\bins\debug\amd64\SyncFabric\Tests\TestRuleProcessor\Microsoft.ActiveDirectory.Connector.Test.TestRuleProcessor.dll" adapterTypeName="Microsoft.VisualStudio.TestTools.TestTypes.Unit.UnitTestAdapter" className="Microsoft.ActiveDirectory.Connector.Test.GoogleAppsOutboundDeltaSyncRuleEntryStoreUnitTest" name="TestEvaluationDeltaRuleDeleteEntry" />    </UnitTest>    <UnitTest name="TestEvaluationDeltaRuleUpdateEntryAddProperty" storage="f:\src\adiam_cloud_nightly_tester\bins\debug\amd64\syncfabric\tests\testruleprocessor\microsoft.activedirectory.connector.test.testruleprocessor.dll" id="85937213-1706-42cf-736b-a4404641b9c4">      <Execution id="cb62ad38-9d1a-4ea4-80b5-81bc14d80fd2" />      <TestMethod codeBase="f:\src\Adiam_Cloud_Nightly_Tester\bins\debug\amd64\SyncFabric\Tests\TestRuleProcessor\Microsoft.ActiveDirectory.Connector.Test.TestRuleProcessor.dll" adapterTypeName="Microsoft.VisualStudio.TestTools.TestTypes.Unit.UnitTestAdapter" className="Microsoft.ActiveDirectory.Connector.Test.GoogleAppsOutboundDeltaSyncRuleEntryStoreUnitTest" name="TestEvaluationDeltaRuleUpdateEntryAddProperty" />    </UnitTest>    <UnitTest name="TestEvaluationUpdateEntryModifyJoiningProperty" storage="f:\src\adiam_cloud_nightly_tester\bins\debug\amd64\syncfabric\tests\testruleprocessor\microsoft.activedirectory.connector.test.testruleprocessor.dll" id="69de8e4a-c0e8-38fa-8947-2715bea07fd8">      <Execution id="ac2fc553-7773-47d4-8e17-9cd1d3f252e8" />      <TestMethod codeBase="f:\src\Adiam_Cloud_Nightly_Tester\bins\debug\amd64\SyncFabric\Tests\TestRuleProcessor\Microsoft.ActiveDirectory.Connector.Test.TestRuleProcessor.dll" adapterTypeName="Microsoft.VisualStudio.TestTools.TestTypes.Unit.UnitTestAdapter" className="Microsoft.ActiveDirectory.Connector.Test.QuickBooksOnlineInboundFullSynchronizationRuleUnitTest" name="TestEvaluationUpdateEntryModifyJoiningProperty" />    </UnitTest>    <UnitTest name="TestEvaluationUpdateEntryMultipleProperties" storage="f:\src\adiam_cloud_nightly_tester\bins\debug\amd64\syncfabric\tests\testruleprocessor\microsoft.activedirectory.connector.test.testruleprocessor.dll" id="94b24158-8a23-ddba-0460-dbeccc9610e8">      <Execution id="b2f74850-c1df-4100-a040-cb017796d6fe" />      <TestMethod codeBase="f:\src\Adiam_Cloud_Nightly_Tester\bins\debug\amd64\SyncFabric\Tests\TestRuleProcessor\Microsoft.ActiveDirectory.Connector.Test.TestRuleProcessor.dll" adapterTypeName="Microsoft.VisualStudio.TestTools.TestTypes.Unit.UnitTestAdapter" className="Microsoft.ActiveDirectory.Connector.Test.QuickBooksOnlineInboundFullSynchronizationRuleUnitTest" name="TestEvaluationUpdateEntryMultipleProperties" />    </UnitTest>    <UnitTest name="TestEvaluationDeleteEntry" storage="f:\src\adiam_cloud_nightly_tester\bins\debug\amd64\syncfabric\tests\testruleprocessor\microsoft.activedirectory.connector.test.testruleprocessor.dll" id="38aa5524-3b55-3941-9b90-e976979166f7">      <Execution id="e1c75ba4-5c89-472b-980c-ebde94db8349" />      <TestMethod codeBase="f:\src\Adiam_Cloud_Nightly_Tester\bins\debug\amd64\SyncFabric\Tests\TestRuleProcessor\Microsoft.ActiveDirectory.Connector.Test.TestRuleProcessor.dll" adapterTypeName="Microsoft.VisualStudio.TestTools.TestTypes.Unit.UnitTestAdapter" className="Microsoft.ActiveDirectory.Connector.Test.QuickBooksOnlineInboundFullSynchronizationRuleUnitTest" name="TestEvaluationDeleteEntry" />    </UnitTest>    <UnitTest name="TestEvaluationEntryPropertyModificationType" storage="f:\src\adiam_cloud_nightly_tester\bins\debug\amd64\syncfabric\tests\testruleprocessor\microsoft.activedirectory.connector.test.testruleprocessor.dll" id="1f95e3b2-640e-2584-6eae-f9667169f986">      <Execution id="2400e2e9-c331-4694-a9eb-98c905249218" />      <TestMethod codeBase="f:\src\Adiam_Cloud_Nightly_Tester\bins\debug\amd64\SyncFabric\Tests\TestRuleProcessor\Microsoft.ActiveDirectory.Connector.Test.TestRuleProcessor.dll" adapterTypeName="Microsoft.VisualStudio.TestTools.TestTypes.Unit.UnitTestAdapter" className="Microsoft.ActiveDirectory.Connector.Test.QuickBooksOnlineInboundFullSynchronizationRuleUnitTest" name="TestEvaluationEntryPropertyModificationType" />    </UnitTest>    <UnitTest name="TestEvaluationUpdateEntryAllPropertiesFlowed" storage="f:\src\adiam_cloud_nightly_tester\bins\debug\amd64\syncfabric\tests\testruleprocessor\microsoft.activedirectory.connector.test.testruleprocessor.dll" id="cf632b45-53a8-ec98-7f06-42910d776d3d">      <Execution id="8371e0f1-2186-43dd-af2b-8fc6d13b5e3a" />      <TestMethod codeBase="f:\src\Adiam_Cloud_Nightly_Tester\bins\debug\amd64\SyncFabric\Tests\TestRuleProcessor\Microsoft.ActiveDirectory.Connector.Test.TestRuleProcessor.dll" adapterTypeName="Microsoft.VisualStudio.TestTools.TestTypes.Unit.UnitTestAdapter" className="Microsoft.ActiveDirectory.Connector.Test.QuickBooksOnlineInboundFullSynchronizationRuleUnitTest" name="TestEvaluationUpdateEntryAllPropertiesFlowed" />    </UnitTest>    <UnitTest name="TestEvaluationAddEntry" storage="f:\src\adiam_cloud_nightly_tester\bins\debug\amd64\syncfabric\tests\testruleprocessor\microsoft.activedirectory.connector.test.testruleprocessor.dll" id="e4995530-afc9-120e-71f0-1601903eea4d">      <Execution id="b4fd8002-2d02-42ec-a55f-4b82e00c76ae" />      <TestMethod codeBase="f:\src\Adiam_Cloud_Nightly_Tester\bins\debug\amd64\SyncFabric\Tests\TestRuleProcessor\Microsoft.ActiveDirectory.Connector.Test.TestRuleProcessor.dll" adapterTypeName="Microsoft.VisualStudio.TestTools.TestTypes.Unit.UnitTestAdapter" className="Microsoft.ActiveDirectory.Connector.Test.QuickBooksOnlineInboundFullSynchronizationRuleUnitTest" name="TestEvaluationAddEntry" />    </UnitTest>    <UnitTest name="TestEvaluationUpdateEntry" storage="f:\src\adiam_cloud_nightly_tester\bins\debug\amd64\syncfabric\tests\testruleprocessor\microsoft.activedirectory.connector.test.testruleprocessor.dll" id="b248a4b7-9971-e6be-c3c9-5da91fa6b34d">      <Execution id="0fe528e1-e73c-4842-80e1-44ad27d8c6eb" />      <TestMethod codeBase="f:\src\Adiam_Cloud_Nightly_Tester\bins\debug\amd64\SyncFabric\Tests\TestRuleProcessor\Microsoft.ActiveDirectory.Connector.Test.TestRuleProcessor.dll" adapterTypeName="Microsoft.VisualStudio.TestTools.TestTypes.Unit.UnitTestAdapter" className="Microsoft.ActiveDirectory.Connector.Test.QuickBooksOnlineInboundFullSynchronizationRuleUnitTest" name="TestEvaluationUpdateEntry" />    </UnitTest>    <UnitTest name="TestEvaluationUpdateEntryNoChanges" storage="f:\src\adiam_cloud_nightly_tester\bins\debug\amd64\syncfabric\tests\testruleprocessor\microsoft.activedirectory.connector.test.testruleprocessor.dll" id="d3056140-c8f8-84d4-4ee4-260d5deecd0a">      <Execution id="b6c53739-bad2-435c-af5d-c8384070f8ff" />      <TestMethod codeBase="f:\src\Adiam_Cloud_Nightly_Tester\bins\debug\amd64\SyncFabric\Tests\TestRuleProcessor\Microsoft.ActiveDirectory.Connector.Test.TestRuleProcessor.dll" adapterTypeName="Microsoft.VisualStudio.TestTools.TestTypes.Unit.UnitTestAdapter" className="Microsoft.ActiveDirectory.Connector.Test.QuickBooksOnlineInboundFullSynchronizationRuleUnitTest" name="TestEvaluationUpdateEntryNoChanges" />    </UnitTest>    <UnitTest name="TestEvaluationAddEntriesFullImport" storage="f:\src\adiam_cloud_nightly_tester\bins\debug\amd64\syncfabric\tests\testruleprocessor\microsoft.activedirectory.connector.test.testruleprocessor.dll" id="610a3302-ce96-5bed-dd26-156455cb9f3b">      <Execution id="e94c81be-8f06-4eef-b8cb-67381168b4c0" />      <TestMethod codeBase="f:\src\Adiam_Cloud_Nightly_Tester\bins\debug\amd64\SyncFabric\Tests\TestRuleProcessor\Microsoft.ActiveDirectory.Connector.Test.TestRuleProcessor.dll" adapterTypeName="Microsoft.VisualStudio.TestTools.TestTypes.Unit.UnitTestAdapter" className="Microsoft.ActiveDirectory.Connector.Test.GoogleAppsOutboundFullSyncRuleUnitTestRealSchema" name="TestEvaluationAddEntriesFullImport" />    </UnitTest>    <UnitTest name="TestEvaluationAddEntry" storage="f:\src\adiam_cloud_nightly_tester\bins\debug\amd64\syncfabric\tests\testruleprocessor\microsoft.activedirectory.connector.test.testruleprocessor.dll" id="be0bc21c-d6de-c590-e79a-f418ce3ca38a">      <Execution id="e68b0954-5a76-4d16-8505-18d6f08be41a" />      <TestMethod codeBase="f:\src\Adiam_Cloud_Nightly_Tester\bins\debug\amd64\SyncFabric\Tests\TestRuleProcessor\Microsoft.ActiveDirectory.Connector.Test.TestRuleProcessor.dll" adapterTypeName="Microsoft.VisualStudio.TestTools.TestTypes.Unit.UnitTestAdapter" className="Microsoft.ActiveDirectory.Connector.Test.GoogleAppsOutboundFullSyncRuleUnitTestRealSchema" name="TestEvaluationAddEntry" />    </UnitTest>    <UnitTest name="TestEvaluationUpdateEntry" storage="f:\src\adiam_cloud_nightly_tester\bins\debug\amd64\syncfabric\tests\testruleprocessor\microsoft.activedirectory.connector.test.testruleprocessor.dll" id="0fe5f656-8692-1a38-ebdc-d886d56dd739">      <Execution id="6b562c40-d9e1-4939-9724-1b2d5038e50a" />      <TestMethod codeBase="f:\src\Adiam_Cloud_Nightly_Tester\bins\debug\amd64\SyncFabric\Tests\TestRuleProcessor\Microsoft.ActiveDirectory.Connector.Test.TestRuleProcessor.dll" adapterTypeName="Microsoft.VisualStudio.TestTools.TestTypes.Unit.UnitTestAdapter" className="Microsoft.ActiveDirectory.Connector.Test.GoogleAppsOutboundFullSyncRuleUnitTestRealSchema" name="TestEvaluationUpdateEntry" />    </UnitTest>    <UnitTest name="TestEvaluationUpdateEntryModifyJoiningProperty" storage="f:\src\adiam_cloud_nightly_tester\bins\debug\amd64\syncfabric\tests\testruleprocessor\microsoft.activedirectory.connector.test.testruleprocessor.dll" id="704b2b03-6c63-bbe9-fa59-7f5762b5afac">      <Execution id="8bb42893-1a05-4433-b46c-6a793f2f4dcd" />      <TestMethod codeBase="f:\src\Adiam_Cloud_Nightly_Tester\bins\debug\amd64\SyncFabric\Tests\TestRuleProcessor\Microsoft.ActiveDirectory.Connector.Test.TestRuleProcessor.dll" adapterTypeName="Microsoft.VisualStudio.TestTools.TestTypes.Unit.UnitTestAdapter" className="Microsoft.ActiveDirectory.Connector.Test.GoogleAppsOutboundFullSyncRuleUnitTestRealSchema" name="TestEvaluationUpdateEntryModifyJoiningProperty" />    </UnitTest>    <UnitTest name="TestEvaluationDeleteEntry" storage="f:\src\adiam_cloud_nightly_tester\bins\debug\amd64\syncfabric\tests\testruleprocessor\microsoft.activedirectory.connector.test.testruleprocessor.dll" id="824f2887-99b5-e28b-afc1-e5b00490d0d0">      <Execution id="219f4a30-42ec-4204-9224-3ee0fbe9f7b3" />      <TestMethod codeBase="f:\src\Adiam_Cloud_Nightly_Tester\bins\debug\amd64\SyncFabric\Tests\TestRuleProcessor\Microsoft.ActiveDirectory.Connector.Test.TestRuleProcessor.dll" adapterTypeName="Microsoft.VisualStudio.TestTools.TestTypes.Unit.UnitTestAdapter" className="Microsoft.ActiveDirectory.Connector.Test.GoogleAppsOutboundFullSyncRuleUnitTestRealSchema" name="TestEvaluationDeleteEntry" />    </UnitTest>    <UnitTest name="ConcurOutboundFullSynchronizationRuleUnitTestAddEntry" storage="f:\src\adiam_cloud_nightly_tester\bins\debug\amd64\syncfabric\tests\testruleprocessor\microsoft.activedirectory.connector.test.testruleprocessor.dll" id="a89a10da-dbf1-7cb8-89d1-3eb2304b7f2e">      <Execution id="9195c7e6-e42a-47a7-a267-96d4c2f49401" />      <TestMethod codeBase="f:\src\Adiam_Cloud_Nightly_Tester\bins\debug\amd64\SyncFabric\Tests\TestRuleProcessor\Microsoft.ActiveDirectory.Connector.Test.TestRuleProcessor.dll" adapterTypeName="Microsoft.VisualStudio.TestTools.TestTypes.Unit.UnitTestAdapter" className="Microsoft.ActiveDirectory.Connector.Test.ConcurOutboundFullSynchronizationRuleUnitTest" name="ConcurOutboundFullSynchronizationRuleUnitTestAddEntry" />    </UnitTest>    <UnitTest name="ConcurOutboundFullSynchronizationRuleUnitTestAddEntryNoEntitlements" storage="f:\src\adiam_cloud_nightly_tester\bins\debug\amd64\syncfabric\tests\testruleprocessor\microsoft.activedirectory.connector.test.testruleprocessor.dll" id="a2cd58ef-528d-3e7f-3d88-cd90748aed6a">      <Execution id="3e2dcd35-eca1-41e4-9735-1a98c89c43fd" />      <TestMethod codeBase="f:\src\Adiam_Cloud_Nightly_Tester\bins\debug\amd64\SyncFabric\Tests\TestRuleProcessor\Microsoft.ActiveDirectory.Connector.Test.TestRuleProcessor.dll" adapterTypeName="Microsoft.VisualStudio.TestTools.TestTypes.Unit.UnitTestAdapter" className="Microsoft.ActiveDirectory.Connector.Test.ConcurOutboundFullSynchronizationRuleUnitTest" name="ConcurOutboundFullSynchronizationRuleUnitTestAddEntryNoEntitlements" />    </UnitTest>    <UnitTest name="ConcurOutboundFullSynchronizationRuleUnitTestAddModifySingleValued" storage="f:\src\adiam_cloud_nightly_tester\bins\debug\amd64\syncfabric\tests\testruleprocessor\microsoft.activedirectory.connector.test.testruleprocessor.dll" id="341b6de6-7a39-6dbd-e8f7-38298dba2ed2">      <Execution id="9eb8fed9-cd8b-4a3a-b48d-f2324c55e836" />      <TestMethod codeBase="f:\src\Adiam_Cloud_Nightly_Tester\bins\debug\amd64\SyncFabric\Tests\TestRuleProcessor\Microsoft.ActiveDirectory.Connector.Test.TestRuleProcessor.dll" adapterTypeName="Microsoft.VisualStudio.TestTools.TestTypes.Unit.UnitTestAdapter" className="Microsoft.ActiveDirectory.Connector.Test.ConcurOutboundFullSynchronizationRuleUnitTest" name="ConcurOutboundFullSynchronizationRuleUnitTestAddModifySingleValued" />    </UnitTest>    <UnitTest name="ConcurOutboundFullSynchronizationRuleUnitTestUpdateEntryNoChanges" storage="f:\src\adiam_cloud_nightly_tester\bins\debug\amd64\syncfabric\tests\testruleprocessor\microsoft.activedirectory.connector.test.testruleprocessor.dll" id="7ad750ba-c7fa-3616-eb25-7ac0021cbef0">      <Execution id="c30f2574-3e8e-4456-82dc-a029ce2278d3" />      <TestMethod codeBase="f:\src\Adiam_Cloud_Nightly_Tester\bins\debug\amd64\SyncFabric\Tests\TestRuleProcessor\Microsoft.ActiveDirectory.Connector.Test.TestRuleProcessor.dll" adapterTypeName="Microsoft.VisualStudio.TestTools.TestTypes.Unit.UnitTestAdapter" className="Microsoft.ActiveDirectory.Connector.Test.ConcurOutboundFullSynchronizationRuleUnitTest" name="ConcurOutboundFullSynchronizationRuleUnitTestUpdateEntryNoChanges" />    </UnitTest>    <UnitTest name="ConcurOutboundFullSynchronizationRuleUnitTestUpdateEntryRemoveEntitlements" storage="f:\src\adiam_cloud_nightly_tester\bins\debug\amd64\syncfabric\tests\testruleprocessor\microsoft.activedirectory.connector.test.testruleprocessor.dll" id="64562811-ee7b-bf16-5a5b-1ea08109ad5e">      <Execution id="ce40ce9b-77f5-4b2e-b5d1-5a24cf2aff00" />      <TestMethod codeBase="f:\src\Adiam_Cloud_Nightly_Tester\bins\debug\amd64\SyncFabric\Tests\TestRuleProcessor\Microsoft.ActiveDirectory.Connector.Test.TestRuleProcessor.dll" adapterTypeName="Microsoft.VisualStudio.TestTools.TestTypes.Unit.UnitTestAdapter" className="Microsoft.ActiveDirectory.Connector.Test.ConcurOutboundFullSynchronizationRuleUnitTest" name="ConcurOutboundFullSynchronizationRuleUnitTestUpdateEntryRemoveEntitlements" />    </UnitTest>    <UnitTest name="ConcurOutboundFullSynchronizationRuleUnitTestUpdateEntryReactivateThroughEntitlements" storage="f:\src\adiam_cloud_nightly_tester\bins\debug\amd64\syncfabric\tests\testruleprocessor\microsoft.activedirectory.connector.test.testruleprocessor.dll" id="445237a5-cf57-30b4-31f5-6febf86e0cd8">      <Execution id="137fa600-0148-45b8-995c-712ed6a16dab" />      <TestMethod codeBase="f:\src\Adiam_Cloud_Nightly_Tester\bins\debug\amd64\SyncFabric\Tests\TestRuleProcessor\Microsoft.ActiveDirectory.Connector.Test.TestRuleProcessor.dll" adapterTypeName="Microsoft.VisualStudio.TestTools.TestTypes.Unit.UnitTestAdapter" className="Microsoft.ActiveDirectory.Connector.Test.ConcurOutboundFullSynchronizationRuleUnitTest" name="ConcurOutboundFullSynchronizationRuleUnitTestUpdateEntryReactivateThroughEntitlements" />    </UnitTest>    <UnitTest name="ConcurOutboundDeltaSynchronizationRuleUnitTestAddEntry" storage="f:\src\adiam_cloud_nightly_tester\bins\debug\amd64\syncfabric\tests\testruleprocessor\microsoft.activedirectory.connector.test.testruleprocessor.dll" id="2bd29c15-5508-a902-1cb5-125e645abedf">      <Execution id="e097d665-f64f-4886-aad3-bd0c62f9e1f4" />      <TestMethod codeBase="f:\src\Adiam_Cloud_Nightly_Tester\bins\debug\amd64\SyncFabric\Tests\TestRuleProcessor\Microsoft.ActiveDirectory.Connector.Test.TestRuleProcessor.dll" adapterTypeName="Microsoft.VisualStudio.TestTools.TestTypes.Unit.UnitTestAdapter" className="Microsoft.ActiveDirectory.Connector.Test.ConcurOutboundDeltaSynchronizationRuleUnitTest" name="ConcurOutboundDeltaSynchronizationRuleUnitTestAddEntry" />    </UnitTest>    <UnitTest name="ConcurOutboundDeltaSynchronizationRuleUnitTestUpdateEntryAddModifySingleValued" storage="f:\src\adiam_cloud_nightly_tester\bins\debug\amd64\syncfabric\tests\testruleprocessor\microsoft.activedirectory.connector.test.testruleprocessor.dll" id="8c3ba9bb-7832-ffd1-170a-1441256e854c">      <Execution id="76c0f933-6022-4128-9c1d-39cbac2f5044" />      <TestMethod codeBase="f:\src\Adiam_Cloud_Nightly_Tester\bins\debug\amd64\SyncFabric\Tests\TestRuleProcessor\Microsoft.ActiveDirectory.Connector.Test.TestRuleProcessor.dll" adapterTypeName="Microsoft.VisualStudio.TestTools.TestTypes.Unit.UnitTestAdapter" className="Microsoft.ActiveDirectory.Connector.Test.ConcurOutboundDeltaSynchronizationRuleUnitTest" name="ConcurOutboundDeltaSynchronizationRuleUnitTestUpdateEntryAddModifySingleValued" />    </UnitTest>    <UnitTest name="ConcurOutboundDeltaSynchronizationRuleUnitTestHardDeleteEntry" storage="f:\src\adiam_cloud_nightly_tester\bins\debug\amd64\syncfabric\tests\testruleprocessor\microsoft.activedirectory.connector.test.testruleprocessor.dll" id="b9c96c8c-032f-22af-3f27-f99506942510">      <Execution id="6d2f8fd2-adbe-459f-b7f0-daddd553bc29" />      <TestMethod codeBase="f:\src\Adiam_Cloud_Nightly_Tester\bins\debug\amd64\SyncFabric\Tests\TestRuleProcessor\Microsoft.ActiveDirectory.Connector.Test.TestRuleProcessor.dll" adapterTypeName="Microsoft.VisualStudio.TestTools.TestTypes.Unit.UnitTestAdapter" className="Microsoft.ActiveDirectory.Connector.Test.ConcurOutboundDeltaSynchronizationRuleUnitTest" name="ConcurOutboundDeltaSynchronizationRuleUnitTestHardDeleteEntry" />    </UnitTest>    <UnitTest name="TestEvaluationAddEntriesDeltaImport" storage="f:\src\adiam_cloud_nightly_tester\bins\debug\amd64\syncfabric\tests\testruleprocessor\microsoft.activedirectory.connector.test.testruleprocessor.dll" id="37dd3f27-094b-b023-c4b2-5c7379a42960">      <Execution id="27466b6f-0d5d-4f78-99b6-ab3ebbe5dc44" />      <TestMethod codeBase="f:\src\Adiam_Cloud_Nightly_Tester\bins\debug\amd64\SyncFabric\Tests\TestRuleProcessor\Microsoft.ActiveDirectory.Connector.Test.TestRuleProcessor.dll" adapterTypeName="Microsoft.VisualStudio.TestTools.TestTypes.Unit.UnitTestAdapter" className="Microsoft.ActiveDirectory.Connector.Test.GoogleAppsOutboundFullSyncRuleUnitTest" name="TestEvaluationAddEntriesDeltaImport" />    </UnitTest>    <UnitTest name="TestEvaluationAddEntriesFullImport" storage="f:\src\adiam_cloud_nightly_tester\bins\debug\amd64\syncfabric\tests\testruleprocessor\microsoft.activedirectory.connector.test.testruleprocessor.dll" id="3642160b-5b00-b460-8e75-0fde77bfab69">      <Execution id="244002d3-0f5d-4218-bbe0-cf6a57da8043" />      <TestMethod codeBase="f:\src\Adiam_Cloud_Nightly_Tester\bins\debug\amd64\SyncFabric\Tests\TestRuleProcessor\Microsoft.ActiveDirectory.Connector.Test.TestRuleProcessor.dll" adapterTypeName="Microsoft.VisualStudio.TestTools.TestTypes.Unit.UnitTestAdapter" className="Microsoft.ActiveDirectory.Connector.Test.GoogleAppsOutboundFullSyncRuleUnitTest" name="TestEvaluationAddEntriesFullImport" />    </UnitTest>    <UnitTest name="TestEvaluationAddEntry" storage="f:\src\adiam_cloud_nightly_tester\bins\debug\amd64\syncfabric\tests\testruleprocessor\microsoft.activedirectory.connector.test.testruleprocessor.dll" id="dcb7303b-a4e1-73ae-0175-ac4efc7d950d">      <Execution id="a86d7d4a-136b-4bd0-921d-a807401959c3" />      <TestMethod codeBase="f:\src\Adiam_Cloud_Nightly_Tester\bins\debug\amd64\SyncFabric\Tests\TestRuleProcessor\Microsoft.ActiveDirectory.Connector.Test.TestRuleProcessor.dll" adapterTypeName="Microsoft.VisualStudio.TestTools.TestTypes.Unit.UnitTestAdapter" className="Microsoft.ActiveDirectory.Connector.Test.GoogleAppsOutboundFullSyncRuleUnitTest" name="TestEvaluationAddEntry" />    </UnitTest>    <UnitTest name="TestEvaluationDeleteEntry" storage="f:\src\adiam_cloud_nightly_tester\bins\debug\amd64\syncfabric\tests\testruleprocessor\microsoft.activedirectory.connector.test.testruleprocessor.dll" id="13f6564e-ba4a-748a-a6d7-f1618f3df3ef">      <Execution id="3015e4e7-1f25-49ff-9da4-b41480fd7623" />      <TestMethod codeBase="f:\src\Adiam_Cloud_Nightly_Tester\bins\debug\amd64\SyncFabric\Tests\TestRuleProcessor\Microsoft.ActiveDirectory.Connector.Test.TestRuleProcessor.dll" adapterTypeName="Microsoft.VisualStudio.TestTools.TestTypes.Unit.UnitTestAdapter" className="Microsoft.ActiveDirectory.Connector.Test.GoogleAppsOutboundFullSyncRuleUnitTest" name="TestEvaluationDeleteEntry" />    </UnitTest>    <UnitTest name="TestEvaluationUpdateEntryAddProperty" storage="f:\src\adiam_cloud_nightly_tester\bins\debug\amd64\syncfabric\tests\testruleprocessor\microsoft.activedirectory.connector.test.testruleprocessor.dll" id="474b5dd5-1587-50ca-dd9b-d02d03dd4a66">      <Execution id="6e4cb218-d7ba-4d3f-b864-3c7093debb12" />      <TestMethod codeBase="f:\src\Adiam_Cloud_Nightly_Tester\bins\debug\amd64\SyncFabric\Tests\TestRuleProcessor\Microsoft.ActiveDirectory.Connector.Test.TestRuleProcessor.dll" adapterTypeName="Microsoft.VisualStudio.TestTools.TestTypes.Unit.UnitTestAdapter" className="Microsoft.ActiveDirectory.Connector.Test.GoogleAppsOutboundFullSyncRuleUnitTest" name="TestEvaluationUpdateEntryAddProperty" />    </UnitTest>    <UnitTest name="TestEvaluationUpdateEntryModifyPropertyAddValue" storage="f:\src\adiam_cloud_nightly_tester\bins\debug\amd64\syncfabric\tests\testruleprocessor\microsoft.activedirectory.connector.test.testruleprocessor.dll" id="540f2f7b-3302-ccd2-deeb-895ced06d76e">      <Execution id="9bc52f42-2195-482d-bd17-d5991bb4275d" />      <TestMethod codeBase="f:\src\Adiam_Cloud_Nightly_Tester\bins\debug\amd64\SyncFabric\Tests\TestRuleProcessor\Microsoft.ActiveDirectory.Connector.Test.TestRuleProcessor.dll" adapterTypeName="Microsoft.VisualStudio.TestTools.TestTypes.Unit.UnitTestAdapter" className="Microsoft.ActiveDirectory.Connector.Test.GoogleAppsOutboundFullSyncRuleUnitTest" name="TestEvaluationUpdateEntryModifyPropertyAddValue" />    </UnitTest>    <UnitTest name="TestEvaluationUpdateEntryModifyPropertyChangeEmptyPluralValue" storage="f:\src\adiam_cloud_nightly_tester\bins\debug\amd64\syncfabric\tests\testruleprocessor\microsoft.activedirectory.connector.test.testruleprocessor.dll" id="a0ae5918-70c1-af32-e462-c1d079d434f8">      <Execution id="31d6b584-66cd-4a7a-aaf1-ff189e6f3bd8" />      <TestMethod codeBase="f:\src\Adiam_Cloud_Nightly_Tester\bins\debug\amd64\SyncFabric\Tests\TestRuleProcessor\Microsoft.ActiveDirectory.Connector.Test.TestRuleProcessor.dll" adapterTypeName="Microsoft.VisualStudio.TestTools.TestTypes.Unit.UnitTestAdapter" className="Microsoft.ActiveDirectory.Connector.Test.GoogleAppsOutboundFullSyncRuleUnitTest" name="TestEvaluationUpdateEntryModifyPropertyChangeEmptyPluralValue" />    </UnitTest>    <UnitTest name="TestEvaluationUpdateEntryModifyPropertyChangeEmptySingleValue" storage="f:\src\adiam_cloud_nightly_tester\bins\debug\amd64\syncfabric\tests\testruleprocessor\microsoft.activedirectory.connector.test.testruleprocessor.dll" id="e993b251-f1ac-ab49-eff7-8c7ad71b3bd8">      <Execution id="4176f999-7d47-4ef7-97dd-95ab6b819106" />      <TestMethod codeBase="f:\src\Adiam_Cloud_Nightly_Tester\bins\debug\amd64\SyncFabric\Tests\TestRuleProcessor\Microsoft.ActiveDirectory.Connector.Test.TestRuleProcessor.dll" adapterTypeName="Microsoft.VisualStudio.TestTools.TestTypes.Unit.UnitTestAdapter" className="Microsoft.ActiveDirectory.Connector.Test.GoogleAppsOutboundFullSyncRuleUnitTest" name="TestEvaluationUpdateEntryModifyPropertyChangeEmptySingleValue" />    </UnitTest>    <UnitTest name="TestEvaluationUpdateEntryModifyPropertyChangePluralValue" storage="f:\src\adiam_cloud_nightly_tester\bins\debug\amd64\syncfabric\tests\testruleprocessor\microsoft.activedirectory.connector.test.testruleprocessor.dll" id="a8eb12a9-95e8-5f54-5b18-91a72d9750da">      <Execution id="fc2a2795-19dc-4dad-acfb-33344dde4080" />      <TestMethod codeBase="f:\src\Adiam_Cloud_Nightly_Tester\bins\debug\amd64\SyncFabric\Tests\TestRuleProcessor\Microsoft.ActiveDirectory.Connector.Test.TestRuleProcessor.dll" adapterTypeName="Microsoft.VisualStudio.TestTools.TestTypes.Unit.UnitTestAdapter" className="Microsoft.ActiveDirectory.Connector.Test.GoogleAppsOutboundFullSyncRuleUnitTest" name="TestEvaluationUpdateEntryModifyPropertyChangePluralValue" />    </UnitTest>    <UnitTest name="TestEvaluationUpdateEntryModifyPropertyChangeSingleValue" storage="f:\src\adiam_cloud_nightly_tester\bins\debug\amd64\syncfabric\tests\testruleprocessor\microsoft.activedirectory.connector.test.testruleprocessor.dll" id="d46c4a2a-1aee-9eac-816a-f30077b9a7ac">      <Execution id="57ba3096-53d6-40c6-a315-2e9173371004" />      <TestMethod codeBase="f:\src\Adiam_Cloud_Nightly_Tester\bins\debug\amd64\SyncFabric\Tests\TestRuleProcessor\Microsoft.ActiveDirectory.Connector.Test.TestRuleProcessor.dll" adapterTypeName="Microsoft.VisualStudio.TestTools.TestTypes.Unit.UnitTestAdapter" className="Microsoft.ActiveDirectory.Connector.Test.GoogleAppsOutboundFullSyncRuleUnitTest" name="TestEvaluationUpdateEntryModifyPropertyChangeSingleValue" />    </UnitTest>    <UnitTest name="TestEvaluationUpdateEntryModifyPropertyRemoveValue" storage="f:\src\adiam_cloud_nightly_tester\bins\debug\amd64\syncfabric\tests\testruleprocessor\microsoft.activedirectory.connector.test.testruleprocessor.dll" id="7aae5f3a-c3b6-daa3-f3b0-ba9f032c47b2">      <Execution id="561e53ae-0fc4-4174-8e44-cccaa0120626" />      <TestMethod codeBase="f:\src\Adiam_Cloud_Nightly_Tester\bins\debug\amd64\SyncFabric\Tests\TestRuleProcessor\Microsoft.ActiveDirectory.Connector.Test.TestRuleProcessor.dll" adapterTypeName="Microsoft.VisualStudio.TestTools.TestTypes.Unit.UnitTestAdapter" className="Microsoft.ActiveDirectory.Connector.Test.GoogleAppsOutboundFullSyncRuleUnitTest" name="TestEvaluationUpdateEntryModifyPropertyRemoveValue" />    </UnitTest>    <UnitTest name="TestEvaluationUpdateEntryRemoveProperty" storage="f:\src\adiam_cloud_nightly_tester\bins\debug\amd64\syncfabric\tests\testruleprocessor\microsoft.activedirectory.connector.test.testruleprocessor.dll" id="0fb03f10-bce5-433c-c60c-39f730a720a8">      <Execution id="5f26fd88-5053-4212-a376-15e551f2c3e5" />      <TestMethod codeBase="f:\src\Adiam_Cloud_Nightly_Tester\bins\debug\amd64\SyncFabric\Tests\TestRuleProcessor\Microsoft.ActiveDirectory.Connector.Test.TestRuleProcessor.dll" adapterTypeName="Microsoft.VisualStudio.TestTools.TestTypes.Unit.UnitTestAdapter" className="Microsoft.ActiveDirectory.Connector.Test.GoogleAppsOutboundFullSyncRuleUnitTest" name="TestEvaluationUpdateEntryRemoveProperty" />    </UnitTest>    <UnitTest name="TestEvaluationUpdateEntryReplaceProperty" storage="f:\src\adiam_cloud_nightly_tester\bins\debug\amd64\syncfabric\tests\testruleprocessor\microsoft.activedirectory.connector.test.testruleprocessor.dll" id="ea242f04-09a0-76db-9e8a-e316acf5c69f">      <Execution id="c9618afe-ce4a-426e-b1da-b797a8d5e622" />      <TestMethod codeBase="f:\src\Adiam_Cloud_Nightly_Tester\bins\debug\amd64\SyncFabric\Tests\TestRuleProcessor\Microsoft.ActiveDirectory.Connector.Test.TestRuleProcessor.dll" adapterTypeName="Microsoft.VisualStudio.TestTools.TestTypes.Unit.UnitTestAdapter" className="Microsoft.ActiveDirectory.Connector.Test.GoogleAppsOutboundFullSyncRuleUnitTest" name="TestEvaluationUpdateEntryReplaceProperty" />    </UnitTest>    <UnitTest name="TestEvaluationUpdateEntryModifyJoiningProperty" storage="f:\src\adiam_cloud_nightly_tester\bins\debug\amd64\syncfabric\tests\testruleprocessor\microsoft.activedirectory.connector.test.testruleprocessor.dll" id="9bc67291-9f0e-55c5-5cc4-56b773c5d2af">      <Execution id="218dc526-e829-4e78-8776-faa23af8a0ef" />      <TestMethod codeBase="f:\src\Adiam_Cloud_Nightly_Tester\bins\debug\amd64\SyncFabric\Tests\TestRuleProcessor\Microsoft.ActiveDirectory.Connector.Test.TestRuleProcessor.dll" adapterTypeName="Microsoft.VisualStudio.TestTools.TestTypes.Unit.UnitTestAdapter" className="Microsoft.ActiveDirectory.Connector.Test.GoogleAppsOutboundFullSyncRuleUnitTest" name="TestEvaluationUpdateEntryModifyJoiningProperty" />    </UnitTest>    <UnitTest name="TestGeneratingFakeEntitlements" storage="f:\src\adiam_cloud_nightly_tester\bins\debug\amd64\syncfabric\tests\testruleprocessor\microsoft.activedirectory.connector.test.testruleprocessor.dll" id="8ea65b87-ff15-9f81-0d6d-a8838ece8ba1">      <Execution id="9f8d25e4-25d3-4f6a-afff-0543223b9fc2" />      <TestMethod codeBase="f:\src\Adiam_Cloud_Nightly_Tester\bins\debug\amd64\SyncFabric\Tests\TestRuleProcessor\Microsoft.ActiveDirectory.Connector.Test.TestRuleProcessor.dll" adapterTypeName="Microsoft.VisualStudio.TestTools.TestTypes.Unit.UnitTestAdapter" className="Microsoft.ActiveDirectory.Connector.Test.SalesForceInboundSynchronizationRuleUnitTest" name="TestGeneratingFakeEntitlements" />    </UnitTest>    <UnitTest name="TestEvaluationAddEntitlementEntries" storage="f:\src\adiam_cloud_nightly_tester\bins\debug\amd64\syncfabric\tests\testruleprocessor\microsoft.activedirectory.connector.test.testruleprocessor.dll" id="65999ffd-5718-ef06-b7a3-8722a6539f80">      <Execution id="c335e7e1-8d4e-4a1d-b186-2f8ea5c989db" />      <TestMethod codeBase="f:\src\Adiam_Cloud_Nightly_Tester\bins\debug\amd64\SyncFabric\Tests\TestRuleProcessor\Microsoft.ActiveDirectory.Connector.Test.TestRuleProcessor.dll" adapterTypeName="Microsoft.VisualStudio.TestTools.TestTypes.Unit.UnitTestAdapter" className="Microsoft.ActiveDirectory.Connector.Test.SalesForceInboundSynchronizationRuleUnitTest" name="TestEvaluationAddEntitlementEntries" />    </UnitTest>    <UnitTest name="TestEvaluationDeleteEntitlementEntry" storage="f:\src\adiam_cloud_nightly_tester\bins\debug\amd64\syncfabric\tests\testruleprocessor\microsoft.activedirectory.connector.test.testruleprocessor.dll" id="b1069a9d-b624-5d0b-ea12-45f29da6dfdc">      <Execution id="064cd519-73f8-43f0-b0d5-f13e6e84d07e" />      <TestMethod codeBase="f:\src\Adiam_Cloud_Nightly_Tester\bins\debug\amd64\SyncFabric\Tests\TestRuleProcessor\Microsoft.ActiveDirectory.Connector.Test.TestRuleProcessor.dll" adapterTypeName="Microsoft.VisualStudio.TestTools.TestTypes.Unit.UnitTestAdapter" className="Microsoft.ActiveDirectory.Connector.Test.SalesForceInboundSynchronizationRuleUnitTest" name="TestEvaluationDeleteEntitlementEntry" />    </UnitTest>    <UnitTest name="TestEvaluationUpdateEntitlementEntry" storage="f:\src\adiam_cloud_nightly_tester\bins\debug\amd64\syncfabric\tests\testruleprocessor\microsoft.activedirectory.connector.test.testruleprocessor.dll" id="65626a32-53ec-5f37-846a-49f8889e1fc5">      <Execution id="389f39ec-8681-43a8-8f7e-08710214e80a" />      <TestMethod codeBase="f:\src\Adiam_Cloud_Nightly_Tester\bins\debug\amd64\SyncFabric\Tests\TestRuleProcessor\Microsoft.ActiveDirectory.Connector.Test.TestRuleProcessor.dll" adapterTypeName="Microsoft.VisualStudio.TestTools.TestTypes.Unit.UnitTestAdapter" className="Microsoft.ActiveDirectory.Connector.Test.SalesForceInboundSynchronizationRuleUnitTest" name="TestEvaluationUpdateEntitlementEntry" />    </UnitTest>    <UnitTest name="Salesforce_TestEvaluationDeltaUpdateEntryAddModifySingleValued" storage="f:\src\adiam_cloud_nightly_tester\bins\debug\amd64\syncfabric\tests\testruleprocessor\microsoft.activedirectory.connector.test.testruleprocessor.dll" id="110bc64f-bfb0-adec-3c83-77bb4319bcf8">      <Execution id="31ac9433-a0b2-475e-985c-e98e82f3509e" />      <TestMethod codeBase="f:\src\Adiam_Cloud_Nightly_Tester\bins\debug\amd64\SyncFabric\Tests\TestRuleProcessor\Microsoft.ActiveDirectory.Connector.Test.TestRuleProcessor.dll" adapterTypeName="Microsoft.VisualStudio.TestTools.TestTypes.Unit.UnitTestAdapter" className="Microsoft.ActiveDirectory.Connector.Test.SalesForceOutboundDeltaSynchronizationRuleUnitTest" name="Salesforce_TestEvaluationDeltaUpdateEntryAddModifySingleValued" />    </UnitTest>    <UnitTest name="Salesforce_TestEvaluationDeltaUpdateEntryJoiningProperty" storage="f:\src\adiam_cloud_nightly_tester\bins\debug\amd64\syncfabric\tests\testruleprocessor\microsoft.activedirectory.connector.test.testruleprocessor.dll" id="c6e0d603-31e7-4947-542e-553f5ba55d97">      <Execution id="db61b1fa-0a03-4019-8d1c-94f25315557b" />      <TestMethod codeBase="f:\src\Adiam_Cloud_Nightly_Tester\bins\debug\amd64\SyncFabric\Tests\TestRuleProcessor\Microsoft.ActiveDirectory.Connector.Test.TestRuleProcessor.dll" adapterTypeName="Microsoft.VisualStudio.TestTools.TestTypes.Unit.UnitTestAdapter" className="Microsoft.ActiveDirectory.Connector.Test.SalesForceOutboundDeltaSynchronizationRuleUnitTest" name="Salesforce_TestEvaluationDeltaUpdateEntryJoiningProperty" />    </UnitTest>    <UnitTest name="Salesforce_TestEvaluationDeltaUpdateEntryConflictingJoiningPropertyAddNewEntry" storage="f:\src\adiam_cloud_nightly_tester\bins\debug\amd64\syncfabric\tests\testruleprocessor\microsoft.activedirectory.connector.test.testruleprocessor.dll" id="a4f9d0d9-73a7-1b46-88f3-91b08060ebbd">      <Execution id="59b75211-1d49-4058-9753-3f37b2d6f582" />      <TestMethod codeBase="f:\src\Adiam_Cloud_Nightly_Tester\bins\debug\amd64\SyncFabric\Tests\TestRuleProcessor\Microsoft.ActiveDirectory.Connector.Test.TestRuleProcessor.dll" adapterTypeName="Microsoft.VisualStudio.TestTools.TestTypes.Unit.UnitTestAdapter" className="Microsoft.ActiveDirectory.Connector.Test.SalesForceOutboundDeltaSynchronizationRuleUnitTest" name="Salesforce_TestEvaluationDeltaUpdateEntryConflictingJoiningPropertyAddNewEntry" />    </UnitTest>    <UnitTest name="Salesforce_TestEvaluationDeltaUpdateEntryWithIndependentTargetDirectoryUpdateToJoiningProperty" storage="f:\src\adiam_cloud_nightly_tester\bins\debug\amd64\syncfabric\tests\testruleprocessor\microsoft.activedirectory.connector.test.testruleprocessor.dll" id="de6857d0-448f-2310-31c6-a7a23afe6a3e">      <Execution id="59dcad4b-7e87-44fc-bf7f-b380774ab9e9" />      <TestMethod codeBase="f:\src\Adiam_Cloud_Nightly_Tester\bins\debug\amd64\SyncFabric\Tests\TestRuleProcessor\Microsoft.ActiveDirectory.Connector.Test.TestRuleProcessor.dll" adapterTypeName="Microsoft.VisualStudio.TestTools.TestTypes.Unit.UnitTestAdapter" className="Microsoft.ActiveDirectory.Connector.Test.SalesForceOutboundDeltaSynchronizationRuleUnitTest" name="Salesforce_TestEvaluationDeltaUpdateEntryWithIndependentTargetDirectoryUpdateToJoiningProperty" />    </UnitTest>    <UnitTest name="Salesforce_TestEvaluationDeltaUpdateEntryConflictingJoiningPropertyDeleteOldEntry" storage="f:\src\adiam_cloud_nightly_tester\bins\debug\amd64\syncfabric\tests\testruleprocessor\microsoft.activedirectory.connector.test.testruleprocessor.dll" id="3ef15904-f31e-dc4d-95b3-55834f250610">      <Execution id="90938e54-61a6-4786-8fc3-752dc615aa9c" />      <TestMethod codeBase="f:\src\Adiam_Cloud_Nightly_Tester\bins\debug\amd64\SyncFabric\Tests\TestRuleProcessor\Microsoft.ActiveDirectory.Connector.Test.TestRuleProcessor.dll" adapterTypeName="Microsoft.VisualStudio.TestTools.TestTypes.Unit.UnitTestAdapter" className="Microsoft.ActiveDirectory.Connector.Test.SalesForceOutboundDeltaSynchronizationRuleUnitTest" name="Salesforce_TestEvaluationDeltaUpdateEntryConflictingJoiningPropertyDeleteOldEntry" />    </UnitTest>    <UnitTest name="Salesforce_TestEvaluationDeltaAddEntryConflictingJoiningPropertyDeleteOldEntry" storage="f:\src\adiam_cloud_nightly_tester\bins\debug\amd64\syncfabric\tests\testruleprocessor\microsoft.activedirectory.connector.test.testruleprocessor.dll" id="7c1e5291-13c0-65d8-d43c-3aa4c8d8f5be">      <Execution id="ef49cd1d-3691-4e03-a977-b19c1242ca8a" />      <TestMethod codeBase="f:\src\Adiam_Cloud_Nightly_Tester\bins\debug\amd64\SyncFabric\Tests\TestRuleProcessor\Microsoft.ActiveDirectory.Connector.Test.TestRuleProcessor.dll" adapterTypeName="Microsoft.VisualStudio.TestTools.TestTypes.Unit.UnitTestAdapter" className="Microsoft.ActiveDirectory.Connector.Test.SalesForceOutboundDeltaSynchronizationRuleUnitTest" name="Salesforce_TestEvaluationDeltaAddEntryConflictingJoiningPropertyDeleteOldEntry" />    </UnitTest>    <UnitTest name="Salesforce_TestEvaluationDeltaUpdateEntriesSwapJoiningProperties" storage="f:\src\adiam_cloud_nightly_tester\bins\debug\amd64\syncfabric\tests\testruleprocessor\microsoft.activedirectory.connector.test.testruleprocessor.dll" id="5073b2a2-19e9-7963-23a4-1b3a09f51cc9">      <Execution id="54ad97a9-c567-4c15-811a-77bf0c5b7349" />      <TestMethod codeBase="f:\src\Adiam_Cloud_Nightly_Tester\bins\debug\amd64\SyncFabric\Tests\TestRuleProcessor\Microsoft.ActiveDirectory.Connector.Test.TestRuleProcessor.dll" adapterTypeName="Microsoft.VisualStudio.TestTools.TestTypes.Unit.UnitTestAdapter" className="Microsoft.ActiveDirectory.Connector.Test.SalesForceOutboundDeltaSynchronizationRuleUnitTest" name="Salesforce_TestEvaluationDeltaUpdateEntriesSwapJoiningProperties" />    </UnitTest>    <UnitTest name="Salesforce_TestEvaluationDeltaChainJoiningPropertyUpdates" storage="f:\src\adiam_cloud_nightly_tester\bins\debug\amd64\syncfabric\tests\testruleprocessor\microsoft.activedirectory.connector.test.testruleprocessor.dll" id="0a5f03f1-b7c8-910a-7b9b-7ee0568aa3d0">      <Execution id="368927f5-5de5-47b1-99a5-c83483935ede" />      <TestMethod codeBase="f:\src\Adiam_Cloud_Nightly_Tester\bins\debug\amd64\SyncFabric\Tests\TestRuleProcessor\Microsoft.ActiveDirectory.Connector.Test.TestRuleProcessor.dll" adapterTypeName="Microsoft.VisualStudio.TestTools.TestTypes.Unit.UnitTestAdapter" className="Microsoft.ActiveDirectory.Connector.Test.SalesForceOutboundDeltaSynchronizationRuleUnitTest" name="Salesforce_TestEvaluationDeltaChainJoiningPropertyUpdates" />    </UnitTest>    <UnitTest name="Salesforce_TestEvaluationDeltaUpdateEntryNoEntitledAddModifySingleValued" storage="f:\src\adiam_cloud_nightly_tester\bins\debug\amd64\syncfabric\tests\testruleprocessor\microsoft.activedirectory.connector.test.testruleprocessor.dll" id="8fe115ec-8c1e-5434-a83f-361248910d97">      <Execution id="6d6aab3d-6ecd-4924-a16a-55f4438e8b40" />      <TestMethod codeBase="f:\src\Adiam_Cloud_Nightly_Tester\bins\debug\amd64\SyncFabric\Tests\TestRuleProcessor\Microsoft.ActiveDirectory.Connector.Test.TestRuleProcessor.dll" adapterTypeName="Microsoft.VisualStudio.TestTools.TestTypes.Unit.UnitTestAdapter" className="Microsoft.ActiveDirectory.Connector.Test.SalesForceOutboundDeltaSynchronizationRuleUnitTest" name="Salesforce_TestEvaluationDeltaUpdateEntryNoEntitledAddModifySingleValued" />    </UnitTest>    <UnitTest name="Salesforce_TestEvaluationDeltaAddEntryAddModifySingleValued" storage="f:\src\adiam_cloud_nightly_tester\bins\debug\amd64\syncfabric\tests\testruleprocessor\microsoft.activedirectory.connector.test.testruleprocessor.dll" id="1a13a317-bb9f-62ca-2beb-8a9e04c69cdc">      <Execution id="e3c8d771-5c93-463c-82ea-701d526bd573" />      <TestMethod codeBase="f:\src\Adiam_Cloud_Nightly_Tester\bins\debug\amd64\SyncFabric\Tests\TestRuleProcessor\Microsoft.ActiveDirectory.Connector.Test.TestRuleProcessor.dll" adapterTypeName="Microsoft.VisualStudio.TestTools.TestTypes.Unit.UnitTestAdapter" className="Microsoft.ActiveDirectory.Connector.Test.SalesForceOutboundDeltaSynchronizationRuleUnitTest" name="Salesforce_TestEvaluationDeltaAddEntryAddModifySingleValued" />    </UnitTest>    <UnitTest name="Salesforce_TestEvaluationDeltaAddEntry" storage="f:\src\adiam_cloud_nightly_tester\bins\debug\amd64\syncfabric\tests\testruleprocessor\microsoft.activedirectory.connector.test.testruleprocessor.dll" id="0f13609d-5060-85cb-ff2f-802b6dc3eb61">      <Execution id="fac8c4b9-7ac5-47a7-85b8-3d93c503d8b7" />      <TestMethod codeBase="f:\src\Adiam_Cloud_Nightly_Tester\bins\debug\amd64\SyncFabric\Tests\TestRuleProcessor\Microsoft.ActiveDirectory.Connector.Test.TestRuleProcessor.dll" adapterTypeName="Microsoft.VisualStudio.TestTools.TestTypes.Unit.UnitTestAdapter" className="Microsoft.ActiveDirectory.Connector.Test.SalesForceOutboundDeltaSynchronizationRuleUnitTest" name="Salesforce_TestEvaluationDeltaAddEntry" />    </UnitTest>    <UnitTest name="Salesforce_TestEvaluationDeltaAddUpdateEntryWithMultipleGrants" storage="f:\src\adiam_cloud_nightly_tester\bins\debug\amd64\syncfabric\tests\testruleprocessor\microsoft.activedirectory.connector.test.testruleprocessor.dll" id="1cde2d7b-9d41-3a8c-3f86-8e2f1b9defc1">      <Execution id="dd616e59-e3ee-4aaa-82dc-b46fadc85af9" />      <TestMethod codeBase="f:\src\Adiam_Cloud_Nightly_Tester\bins\debug\amd64\SyncFabric\Tests\TestRuleProcessor\Microsoft.ActiveDirectory.Connector.Test.TestRuleProcessor.dll" adapterTypeName="Microsoft.VisualStudio.TestTools.TestTypes.Unit.UnitTestAdapter" className="Microsoft.ActiveDirectory.Connector.Test.SalesForceOutboundDeltaSynchronizationRuleUnitTest" name="Salesforce_TestEvaluationDeltaAddUpdateEntryWithMultipleGrants" />    </UnitTest>    <UnitTest name="Salesforce_TestEvaluationDeltaUpdateEntryWithNoProperties" storage="f:\src\adiam_cloud_nightly_tester\bins\debug\amd64\syncfabric\tests\testruleprocessor\microsoft.activedirectory.connector.test.testruleprocessor.dll" id="8b162b16-c318-cd7e-6122-f1a807ec27d6">      <Execution id="8b8001ab-47ec-4b35-a02c-6fdbf15fc6b0" />      <TestMethod codeBase="f:\src\Adiam_Cloud_Nightly_Tester\bins\debug\amd64\SyncFabric\Tests\TestRuleProcessor\Microsoft.ActiveDirectory.Connector.Test.TestRuleProcessor.dll" adapterTypeName="Microsoft.VisualStudio.TestTools.TestTypes.Unit.UnitTestAdapter" className="Microsoft.ActiveDirectory.Connector.Test.SalesForceOutboundDeltaSynchronizationRuleUnitTest" name="Salesforce_TestEvaluationDeltaUpdateEntryWithNoProperties" />    </UnitTest>    <UnitTest name="Salesforce_TestEvaluationDeltaAddEntryWithEmptyLast" storage="f:\src\adiam_cloud_nightly_tester\bins\debug\amd64\syncfabric\tests\testruleprocessor\microsoft.activedirectory.connector.test.testruleprocessor.dll" id="6c70d5eb-3a0d-4028-0836-da5c44aac304">      <Execution id="b32618e0-654a-493d-bace-ba9e4c2c68f9" />      <TestMethod codeBase="f:\src\Adiam_Cloud_Nightly_Tester\bins\debug\amd64\SyncFabric\Tests\TestRuleProcessor\Microsoft.ActiveDirectory.Connector.Test.TestRuleProcessor.dll" adapterTypeName="Microsoft.VisualStudio.TestTools.TestTypes.Unit.UnitTestAdapter" className="Microsoft.ActiveDirectory.Connector.Test.SalesForceOutboundDeltaSynchronizationRuleUnitTest" name="Salesforce_TestEvaluationDeltaAddEntryWithEmptyLast" />    </UnitTest>    <UnitTest name="Salesforce_TestEvaluationDeltaAddUpdateEntryWithEmptyLast" storage="f:\src\adiam_cloud_nightly_tester\bins\debug\amd64\syncfabric\tests\testruleprocessor\microsoft.activedirectory.connector.test.testruleprocessor.dll" id="e15155ad-2ca9-c6a0-7b74-393cf6a52d84">      <Execution id="956e93dd-f169-474a-b96e-fca69c1ace9f" />      <TestMethod codeBase="f:\src\Adiam_Cloud_Nightly_Tester\bins\debug\amd64\SyncFabric\Tests\TestRuleProcessor\Microsoft.ActiveDirectory.Connector.Test.TestRuleProcessor.dll" adapterTypeName="Microsoft.VisualStudio.TestTools.TestTypes.Unit.UnitTestAdapter" className="Microsoft.ActiveDirectory.Connector.Test.SalesForceOutboundDeltaSynchronizationRuleUnitTest" name="Salesforce_TestEvaluationDeltaAddUpdateEntryWithEmptyLast" />    </UnitTest>    <UnitTest name="Salesforce_TestEvaluationDeltaAddUpdateEntrySoftMatchEmail" storage="f:\src\adiam_cloud_nightly_tester\bins\debug\amd64\syncfabric\tests\testruleprocessor\microsoft.activedirectory.connector.test.testruleprocessor.dll" id="ce4a17e4-e7bd-49f8-9f79-269e2d393b65">      <Execution id="6a99145c-7bc7-4e72-8dc3-7e1897944acd" />      <TestMethod codeBase="f:\src\Adiam_Cloud_Nightly_Tester\bins\debug\amd64\SyncFabric\Tests\TestRuleProcessor\Microsoft.ActiveDirectory.Connector.Test.TestRuleProcessor.dll" adapterTypeName="Microsoft.VisualStudio.TestTools.TestTypes.Unit.UnitTestAdapter" className="Microsoft.ActiveDirectory.Connector.Test.SalesForceOutboundDeltaSynchronizationRuleUnitTest" name="Salesforce_TestEvaluationDeltaAddUpdateEntrySoftMatchEmail" />    </UnitTest>    <UnitTest name="Salesforce_TestEvaluationDeltaAddEntrySoftDeleteReactivation" storage="f:\src\adiam_cloud_nightly_tester\bins\debug\amd64\syncfabric\tests\testruleprocessor\microsoft.activedirectory.connector.test.testruleprocessor.dll" id="133f4025-27bd-954b-fbd4-812838db0b33">      <Execution id="4da27718-1645-4c6e-9a49-eaf95ae71f2e" />      <TestMethod codeBase="f:\src\Adiam_Cloud_Nightly_Tester\bins\debug\amd64\SyncFabric\Tests\TestRuleProcessor\Microsoft.ActiveDirectory.Connector.Test.TestRuleProcessor.dll" adapterTypeName="Microsoft.VisualStudio.TestTools.TestTypes.Unit.UnitTestAdapter" className="Microsoft.ActiveDirectory.Connector.Test.SalesForceOutboundDeltaSynchronizationRuleUnitTest" name="Salesforce_TestEvaluationDeltaAddEntrySoftDeleteReactivation" />    </UnitTest>    <UnitTest name="Salesforce_TestEvaluationDeltaDeleteEntry" storage="f:\src\adiam_cloud_nightly_tester\bins\debug\amd64\syncfabric\tests\testruleprocessor\microsoft.activedirectory.connector.test.testruleprocessor.dll" id="489c968b-b880-5fc8-bd0b-6eba1dfa4aa5">      <Execution id="fd6cbcd8-9c72-440e-bc15-c69597b1ab83" />      <TestMethod codeBase="f:\src\Adiam_Cloud_Nightly_Tester\bins\debug\amd64\SyncFabric\Tests\TestRuleProcessor\Microsoft.ActiveDirectory.Connector.Test.TestRuleProcessor.dll" adapterTypeName="Microsoft.VisualStudio.TestTools.TestTypes.Unit.UnitTestAdapter" className="Microsoft.ActiveDirectory.Connector.Test.SalesForceOutboundDeltaSynchronizationRuleUnitTest" name="Salesforce_TestEvaluationDeltaDeleteEntry" />    </UnitTest>    <UnitTest name="Salesforce_NewCorp_TestEvaluationDeltaAddEntry" storage="f:\src\adiam_cloud_nightly_tester\bins\debug\amd64\syncfabric\tests\testruleprocessor\microsoft.activedirectory.connector.test.testruleprocessor.dll" id="fb9792fa-75e3-20db-19bd-ef45b841138e">      <Execution id="4a9d31d9-42b9-48f2-aa0e-53e7ee1187ad" />      <TestMethod codeBase="f:\src\Adiam_Cloud_Nightly_Tester\bins\debug\amd64\SyncFabric\Tests\TestRuleProcessor\Microsoft.ActiveDirectory.Connector.Test.TestRuleProcessor.dll" adapterTypeName="Microsoft.VisualStudio.TestTools.TestTypes.Unit.UnitTestAdapter" className="Microsoft.ActiveDirectory.Connector.Test.SalesForceOutboundDeltaSynchronizationRuleUnitTest" name="Salesforce_NewCorp_TestEvaluationDeltaAddEntry" />    </UnitTest>    <UnitTest name="SalesforceSandbox_NewCorp_TestEvaluationDeltaAddEntry" storage="f:\src\adiam_cloud_nightly_tester\bins\debug\amd64\syncfabric\tests\testruleprocessor\microsoft.activedirectory.connector.test.testruleprocessor.dll" id="5508897a-23b9-1a65-d1ac-d3e0b8b09507">      <Execution id="949ce1e6-6fb0-4d20-ad8b-b8c836c68720" />      <TestMethod codeBase="f:\src\Adiam_Cloud_Nightly_Tester\bins\debug\amd64\SyncFabric\Tests\TestRuleProcessor\Microsoft.ActiveDirectory.Connector.Test.TestRuleProcessor.dll" adapterTypeName="Microsoft.VisualStudio.TestTools.TestTypes.Unit.UnitTestAdapter" className="Microsoft.ActiveDirectory.Connector.Test.SalesForceOutboundDeltaSynchronizationRuleUnitTest" name="SalesforceSandbox_NewCorp_TestEvaluationDeltaAddEntry" />    </UnitTest>    <UnitTest name="TestEvaluationAddEntry" storage="f:\src\adiam_cloud_nightly_tester\bins\debug\amd64\syncfabric\tests\testruleprocessor\microsoft.activedirectory.connector.test.testruleprocessor.dll" id="d356ddf5-0e19-09c0-c2fa-f401bec05e78">      <Execution id="9a0c1920-cc74-4c74-94db-1a33e54a3ba3" />      <TestMethod codeBase="f:\src\Adiam_Cloud_Nightly_Tester\bins\debug\amd64\SyncFabric\Tests\TestRuleProcessor\Microsoft.ActiveDirectory.Connector.Test.TestRuleProcessor.dll" adapterTypeName="Microsoft.VisualStudio.TestTools.TestTypes.Unit.UnitTestAdapter" className="Microsoft.ActiveDirectory.Connector.Test.SimpleCloudIdentityManagementOutboundSynchronizationRuleUnitTest" name="TestEvaluationAddEntry" />    </UnitTest>    <UnitTest name="TestEvaluationAddEntriesFullImport" storage="f:\src\adiam_cloud_nightly_tester\bins\debug\amd64\syncfabric\tests\testruleprocessor\microsoft.activedirectory.connector.test.testruleprocessor.dll" id="a6ccdbec-7c1b-7248-8151-1e4172fe1694">      <Execution id="eff5603b-b2c5-420c-b9b8-977463e9b393" />      <TestMethod codeBase="f:\src\Adiam_Cloud_Nightly_Tester\bins\debug\amd64\SyncFabric\Tests\TestRuleProcessor\Microsoft.ActiveDirectory.Connector.Test.TestRuleProcessor.dll" adapterTypeName="Microsoft.VisualStudio.TestTools.TestTypes.Unit.UnitTestAdapter" className="Microsoft.ActiveDirectory.Connector.Test.SalesForceOutboundSynchronizationRuleUnitTest" name="TestEvaluationAddEntriesFullImport" />    </UnitTest>    <UnitTest name="TestEvaluationAddEntry" storage="f:\src\adiam_cloud_nightly_tester\bins\debug\amd64\syncfabric\tests\testruleprocessor\microsoft.activedirectory.connector.test.testruleprocessor.dll" id="37e1099d-2930-51bf-2b04-45431403a844">      <Execution id="f72d31ae-515b-4603-8a5d-b54e6f4fc727" />      <TestMethod codeBase="f:\src\Adiam_Cloud_Nightly_Tester\bins\debug\amd64\SyncFabric\Tests\TestRuleProcessor\Microsoft.ActiveDirectory.Connector.Test.TestRuleProcessor.dll" adapterTypeName="Microsoft.VisualStudio.TestTools.TestTypes.Unit.UnitTestAdapter" className="Microsoft.ActiveDirectory.Connector.Test.SalesForceOutboundSynchronizationRuleUnitTest" name="TestEvaluationAddEntry" />    </UnitTest>    <UnitTest name="TestEvaluationAddEntryForExistingSoftDeletedUser" storage="f:\src\adiam_cloud_nightly_tester\bins\debug\amd64\syncfabric\tests\testruleprocessor\microsoft.activedirectory.connector.test.testruleprocessor.dll" id="bcf322c6-9d9c-e86e-0623-1328f8498152">      <Execution id="216aec9d-c64d-4c8c-be5d-3f1777f6dd2b" />      <TestMethod codeBase="f:\src\Adiam_Cloud_Nightly_Tester\bins\debug\amd64\SyncFabric\Tests\TestRuleProcessor\Microsoft.ActiveDirectory.Connector.Test.TestRuleProcessor.dll" adapterTypeName="Microsoft.VisualStudio.TestTools.TestTypes.Unit.UnitTestAdapter" className="Microsoft.ActiveDirectory.Connector.Test.SalesForceOutboundSynchronizationRuleUnitTest" name="TestEvaluationAddEntryForExistingSoftDeletedUser" />    </UnitTest>    <UnitTest name="TestEvaluationAddUpdateEntryWithEntitlements" storage="f:\src\adiam_cloud_nightly_tester\bins\debug\amd64\syncfabric\tests\testruleprocessor\microsoft.activedirectory.connector.test.testruleprocessor.dll" id="dca28467-50ab-e2d2-6db6-df0eb8172821">      <Execution id="d54d1291-41bc-494d-baa6-1278b8611468" />      <TestMethod codeBase="f:\src\Adiam_Cloud_Nightly_Tester\bins\debug\amd64\SyncFabric\Tests\TestRuleProcessor\Microsoft.ActiveDirectory.Connector.Test.TestRuleProcessor.dll" adapterTypeName="Microsoft.VisualStudio.TestTools.TestTypes.Unit.UnitTestAdapter" className="Microsoft.ActiveDirectory.Connector.Test.SalesForceOutboundSynchronizationRuleUnitTest" name="TestEvaluationAddUpdateEntryWithEntitlements" />    </UnitTest>    <UnitTest name="TestEvaluationAddEntryWithLastNameEmpty" storage="f:\src\adiam_cloud_nightly_tester\bins\debug\amd64\syncfabric\tests\testruleprocessor\microsoft.activedirectory.connector.test.testruleprocessor.dll" id="c2939ce9-c8dd-1b53-453e-34eece35106c">      <Execution id="29a00a75-035b-400c-90a2-7d7f66f562f7" />      <TestMethod codeBase="f:\src\Adiam_Cloud_Nightly_Tester\bins\debug\amd64\SyncFabric\Tests\TestRuleProcessor\Microsoft.ActiveDirectory.Connector.Test.TestRuleProcessor.dll" adapterTypeName="Microsoft.VisualStudio.TestTools.TestTypes.Unit.UnitTestAdapter" className="Microsoft.ActiveDirectory.Connector.Test.SalesForceOutboundSynchronizationRuleUnitTest" name="TestEvaluationAddEntryWithLastNameEmpty" />    </UnitTest>    <UnitTest name="TestEvaluationAddUpdateEntryWithLastNameEmpty" storage="f:\src\adiam_cloud_nightly_tester\bins\debug\amd64\syncfabric\tests\testruleprocessor\microsoft.activedirectory.connector.test.testruleprocessor.dll" id="c0fdd524-ebb4-4c6f-1ae1-8480f8bc304c">      <Execution id="375773ce-a345-4559-b2fe-934b8e423349" />      <TestMethod codeBase="f:\src\Adiam_Cloud_Nightly_Tester\bins\debug\amd64\SyncFabric\Tests\TestRuleProcessor\Microsoft.ActiveDirectory.Connector.Test.TestRuleProcessor.dll" adapterTypeName="Microsoft.VisualStudio.TestTools.TestTypes.Unit.UnitTestAdapter" className="Microsoft.ActiveDirectory.Connector.Test.SalesForceOutboundSynchronizationRuleUnitTest" name="TestEvaluationAddUpdateEntryWithLastNameEmpty" />    </UnitTest>    <UnitTest name="TestEvaluationDeleteEntry" storage="f:\src\adiam_cloud_nightly_tester\bins\debug\amd64\syncfabric\tests\testruleprocessor\microsoft.activedirectory.connector.test.testruleprocessor.dll" id="34aae3b4-4dbb-a429-3b4c-908d986b466e">      <Execution id="07195a52-7021-434c-b2cb-3aa2310ffc6b" />      <TestMethod codeBase="f:\src\Adiam_Cloud_Nightly_Tester\bins\debug\amd64\SyncFabric\Tests\TestRuleProcessor\Microsoft.ActiveDirectory.Connector.Test.TestRuleProcessor.dll" adapterTypeName="Microsoft.VisualStudio.TestTools.TestTypes.Unit.UnitTestAdapter" className="Microsoft.ActiveDirectory.Connector.Test.SalesForceOutboundSynchronizationRuleUnitTest" name="TestEvaluationDeleteEntry" />    </UnitTest>    <UnitTest name="TestEvaluationDeleteAdminEntry" storage="f:\src\adiam_cloud_nightly_tester\bins\debug\amd64\syncfabric\tests\testruleprocessor\microsoft.activedirectory.connector.test.testruleprocessor.dll" id="1aa8b70a-b8eb-cae3-a307-3dbd4f25086c">      <Execution id="1eb44a47-7aa4-4afc-8c91-fa394e9d97b8" />      <TestMethod codeBase="f:\src\Adiam_Cloud_Nightly_Tester\bins\debug\amd64\SyncFabric\Tests\TestRuleProcessor\Microsoft.ActiveDirectory.Connector.Test.TestRuleProcessor.dll" adapterTypeName="Microsoft.VisualStudio.TestTools.TestTypes.Unit.UnitTestAdapter" className="Microsoft.ActiveDirectory.Connector.Test.SalesForceOutboundSynchronizationRuleUnitTest" name="TestEvaluationDeleteAdminEntry" />    </UnitTest>    <UnitTest name="TestEvaluationUpdateEntryAddProperty" storage="f:\src\adiam_cloud_nightly_tester\bins\debug\amd64\syncfabric\tests\testruleprocessor\microsoft.activedirectory.connector.test.testruleprocessor.dll" id="e641d876-5e5a-c584-d6d1-cc06b1218347">      <Execution id="6aba72b4-b239-4a09-88c0-741a0224e4b6" />      <TestMethod codeBase="f:\src\Adiam_Cloud_Nightly_Tester\bins\debug\amd64\SyncFabric\Tests\TestRuleProcessor\Microsoft.ActiveDirectory.Connector.Test.TestRuleProcessor.dll" adapterTypeName="Microsoft.VisualStudio.TestTools.TestTypes.Unit.UnitTestAdapter" className="Microsoft.ActiveDirectory.Connector.Test.SalesForceOutboundSynchronizationRuleUnitTest" name="TestEvaluationUpdateEntryAddProperty" />    </UnitTest>    <UnitTest name="TestEvaluationUpdateEntry" storage="f:\src\adiam_cloud_nightly_tester\bins\debug\amd64\syncfabric\tests\testruleprocessor\microsoft.activedirectory.connector.test.testruleprocessor.dll" id="4b6aef25-149d-bb6d-7b29-a5a7f15e7ee4">      <Execution id="95d5d3ae-dab7-4667-973f-1d343fb34e7b" />      <TestMethod codeBase="f:\src\Adiam_Cloud_Nightly_Tester\bins\debug\amd64\SyncFabric\Tests\TestRuleProcessor\Microsoft.ActiveDirectory.Connector.Test.TestRuleProcessor.dll" adapterTypeName="Microsoft.VisualStudio.TestTools.TestTypes.Unit.UnitTestAdapter" className="Microsoft.ActiveDirectory.Connector.Test.SalesForceOutboundSynchronizationRuleUnitTest" name="TestEvaluationUpdateEntry" />    </UnitTest>    <UnitTest name="TestEvaluationUpdateEntryModifyJoiningProperty" storage="f:\src\adiam_cloud_nightly_tester\bins\debug\amd64\syncfabric\tests\testruleprocessor\microsoft.activedirectory.connector.test.testruleprocessor.dll" id="aecf9cf5-4d17-afeb-52be-72d9e2818a7e">      <Execution id="cb8d1884-d6c6-40c1-9e1d-40150992a713" />      <TestMethod codeBase="f:\src\Adiam_Cloud_Nightly_Tester\bins\debug\amd64\SyncFabric\Tests\TestRuleProcessor\Microsoft.ActiveDirectory.Connector.Test.TestRuleProcessor.dll" adapterTypeName="Microsoft.VisualStudio.TestTools.TestTypes.Unit.UnitTestAdapter" className="Microsoft.ActiveDirectory.Connector.Test.SalesForceOutboundSynchronizationRuleUnitTest" name="TestEvaluationUpdateEntryModifyJoiningProperty" />    </UnitTest>    <UnitTest name="TestEvaluationUpdateEntryModifyPropertyAddValue" storage="f:\src\adiam_cloud_nightly_tester\bins\debug\amd64\syncfabric\tests\testruleprocessor\microsoft.activedirectory.connector.test.testruleprocessor.dll" id="2bf76d00-0b2d-4d2a-ed7b-40b84b94f276">      <Execution id="13ae8ea8-0a9d-4d0c-aa5a-9d5b819ad9eb" />      <TestMethod codeBase="f:\src\Adiam_Cloud_Nightly_Tester\bins\debug\amd64\SyncFabric\Tests\TestRuleProcessor\Microsoft.ActiveDirectory.Connector.Test.TestRuleProcessor.dll" adapterTypeName="Microsoft.VisualStudio.TestTools.TestTypes.Unit.UnitTestAdapter" className="Microsoft.ActiveDirectory.Connector.Test.SalesForceOutboundSynchronizationRuleUnitTest" name="TestEvaluationUpdateEntryModifyPropertyAddValue" />    </UnitTest>    <UnitTest name="TestEvaluationUpdateEntryModifyPropertyChangeEmptyPluralValue" storage="f:\src\adiam_cloud_nightly_tester\bins\debug\amd64\syncfabric\tests\testruleprocessor\microsoft.activedirectory.connector.test.testruleprocessor.dll" id="aaf7673c-3690-47d3-6bb5-482c5f24f213">      <Execution id="98365ec7-c06b-4fd3-8540-4c6dd9cc4c69" />      <TestMethod codeBase="f:\src\Adiam_Cloud_Nightly_Tester\bins\debug\amd64\SyncFabric\Tests\TestRuleProcessor\Microsoft.ActiveDirectory.Connector.Test.TestRuleProcessor.dll" adapterTypeName="Microsoft.VisualStudio.TestTools.TestTypes.Unit.UnitTestAdapter" className="Microsoft.ActiveDirectory.Connector.Test.SalesForceOutboundSynchronizationRuleUnitTest" name="TestEvaluationUpdateEntryModifyPropertyChangeEmptyPluralValue" />    </UnitTest>    <UnitTest name="TestEvaluationUpdateEntryModifyPropertyChangeEmptySingleValue" storage="f:\src\adiam_cloud_nightly_tester\bins\debug\amd64\syncfabric\tests\testruleprocessor\microsoft.activedirectory.connector.test.testruleprocessor.dll" id="6c61fe55-e50a-5bef-e67f-90b4f89cdc54">      <Execution id="f1263a78-4438-4722-9ca2-41f2238dde67" />      <TestMethod codeBase="f:\src\Adiam_Cloud_Nightly_Tester\bins\debug\amd64\SyncFabric\Tests\TestRuleProcessor\Microsoft.ActiveDirectory.Connector.Test.TestRuleProcessor.dll" adapterTypeName="Microsoft.VisualStudio.TestTools.TestTypes.Unit.UnitTestAdapter" className="Microsoft.ActiveDirectory.Connector.Test.SalesForceOutboundSynchronizationRuleUnitTest" name="TestEvaluationUpdateEntryModifyPropertyChangeEmptySingleValue" />    </UnitTest>    <UnitTest name="TestEvaluationUpdateEntryModifyPropertyChangePluralValue" storage="f:\src\adiam_cloud_nightly_tester\bins\debug\amd64\syncfabric\tests\testruleprocessor\microsoft.activedirectory.connector.test.testruleprocessor.dll" id="9876eb3a-4910-7af4-5024-31e212a1cbdc">      <Execution id="dc474476-9608-4696-a74b-d5f1ebd86b5f" />      <TestMethod codeBase="f:\src\Adiam_Cloud_Nightly_Tester\bins\debug\amd64\SyncFabric\Tests\TestRuleProcessor\Microsoft.ActiveDirectory.Connector.Test.TestRuleProcessor.dll" adapterTypeName="Microsoft.VisualStudio.TestTools.TestTypes.Unit.UnitTestAdapter" className="Microsoft.ActiveDirectory.Connector.Test.SalesForceOutboundSynchronizationRuleUnitTest" name="TestEvaluationUpdateEntryModifyPropertyChangePluralValue" />    </UnitTest>    <UnitTest name="TestEvaluationUpdateEntryModifyPropertyChangeSingleValue" storage="f:\src\adiam_cloud_nightly_tester\bins\debug\amd64\syncfabric\tests\testruleprocessor\microsoft.activedirectory.connector.test.testruleprocessor.dll" id="b7625cf1-b610-5d13-4f12-32d6876d6336">      <Execution id="79073cec-c25e-41f8-bbae-9d86c9390b60" />      <TestMethod codeBase="f:\src\Adiam_Cloud_Nightly_Tester\bins\debug\amd64\SyncFabric\Tests\TestRuleProcessor\Microsoft.ActiveDirectory.Connector.Test.TestRuleProcessor.dll" adapterTypeName="Microsoft.VisualStudio.TestTools.TestTypes.Unit.UnitTestAdapter" className="Microsoft.ActiveDirectory.Connector.Test.SalesForceOutboundSynchronizationRuleUnitTest" name="TestEvaluationUpdateEntryModifyPropertyChangeSingleValue" />    </UnitTest>    <UnitTest name="TestEvaluationUpdateEntryRemoveProperty" storage="f:\src\adiam_cloud_nightly_tester\bins\debug\amd64\syncfabric\tests\testruleprocessor\microsoft.activedirectory.connector.test.testruleprocessor.dll" id="b4c8e0ce-bbde-31a2-0dfc-06e4ee0b7201">      <Execution id="a072ec17-8f18-42cc-a202-983dc99ffe37" />      <TestMethod codeBase="f:\src\Adiam_Cloud_Nightly_Tester\bins\debug\amd64\SyncFabric\Tests\TestRuleProcessor\Microsoft.ActiveDirectory.Connector.Test.TestRuleProcessor.dll" adapterTypeName="Microsoft.VisualStudio.TestTools.TestTypes.Unit.UnitTestAdapter" className="Microsoft.ActiveDirectory.Connector.Test.SalesForceOutboundSynchronizationRuleUnitTest" name="TestEvaluationUpdateEntryRemoveProperty" />    </UnitTest>    <UnitTest name="TestEvaluationUpdateEntryModifyPropertyRemoveValue" storage="f:\src\adiam_cloud_nightly_tester\bins\debug\amd64\syncfabric\tests\testruleprocessor\microsoft.activedirectory.connector.test.testruleprocessor.dll" id="ec73293f-e87e-9a28-c7ec-c7e7a51aecd2">      <Execution id="f1551e21-b3fd-4b45-b3a5-1f120f241faf" />      <TestMethod codeBase="f:\src\Adiam_Cloud_Nightly_Tester\bins\debug\amd64\SyncFabric\Tests\TestRuleProcessor\Microsoft.ActiveDirectory.Connector.Test.TestRuleProcessor.dll" adapterTypeName="Microsoft.VisualStudio.TestTools.TestTypes.Unit.UnitTestAdapter" className="Microsoft.ActiveDirectory.Connector.Test.SalesForceOutboundSynchronizationRuleUnitTest" name="TestEvaluationUpdateEntryModifyPropertyRemoveValue" />    </UnitTest>    <UnitTest name="TestEvaluationUpdateEntryReplaceProperty" storage="f:\src\adiam_cloud_nightly_tester\bins\debug\amd64\syncfabric\tests\testruleprocessor\microsoft.activedirectory.connector.test.testruleprocessor.dll" id="4831ce1f-f2db-4c4d-9f80-ff2586afc23c">      <Execution id="be4772d4-3f25-4144-ac07-1911334662e1" />      <TestMethod codeBase="f:\src\Adiam_Cloud_Nightly_Tester\bins\debug\amd64\SyncFabric\Tests\TestRuleProcessor\Microsoft.ActiveDirectory.Connector.Test.TestRuleProcessor.dll" adapterTypeName="Microsoft.VisualStudio.TestTools.TestTypes.Unit.UnitTestAdapter" className="Microsoft.ActiveDirectory.Connector.Test.SalesForceOutboundSynchronizationRuleUnitTest" name="TestEvaluationUpdateEntryReplaceProperty" />    </UnitTest>    <UnitTest name="TestEvaluationAddEntriesFullImport" storage="f:\src\adiam_cloud_nightly_tester\bins\debug\amd64\syncfabric\tests\testruleprocessor\microsoft.activedirectory.connector.test.testruleprocessor.dll" id="b04e7110-5a79-ead1-0b2d-421790c1c9a0">      <Execution id="69f70749-e5e7-415a-a286-a939b4133478" />      <TestMethod codeBase="f:\src\Adiam_Cloud_Nightly_Tester\bins\debug\amd64\SyncFabric\Tests\TestRuleProcessor\Microsoft.ActiveDirectory.Connector.Test.TestRuleProcessor.dll" adapterTypeName="Microsoft.VisualStudio.TestTools.TestTypes.Unit.UnitTestAdapter" className="Microsoft.ActiveDirectory.Connector.Test.QuickBooksOnlineInboundSynchronizationRuleUnitTest" name="TestEvaluationAddEntriesFullImport" />    </UnitTest>    <UnitTest name="TestEntryMappingFunctionReplaceProcessing" storage="f:\src\adiam_cloud_nightly_tester\bins\debug\amd64\syncfabric\tests\testruleprocessor\microsoft.activedirectory.connector.test.testruleprocessor.dll" id="0d727253-2a41-8689-dfc6-0370fb4678e3">      <Execution id="0fe1126d-5cbc-4b59-95a3-90f6a05ae36d" />      <TestMethod codeBase="f:\src\Adiam_Cloud_Nightly_Tester\bins\debug\amd64\SyncFabric\Tests\TestRuleProcessor\Microsoft.ActiveDirectory.Connector.Test.TestRuleProcessor.dll" adapterTypeName="Microsoft.VisualStudio.TestTools.TestTypes.Unit.UnitTestAdapter" className="Microsoft.ActiveDirectory.Connector.Test.EntryMappingFunctionProcessingTest" name="TestEntryMappingFunctionReplaceProcessing" />    </UnitTest>    <UnitTest name="TestEntryMappingFunctionDictionaryProcessing" storage="f:\src\adiam_cloud_nightly_tester\bins\debug\amd64\syncfabric\tests\testruleprocessor\microsoft.activedirectory.connector.test.testruleprocessor.dll" id="aad8092e-7726-fd6d-1c2e-3c1a51611329">      <Execution id="2bbf5544-b559-4437-93c2-2c96049c5c53" />      <TestMethod codeBase="f:\src\Adiam_Cloud_Nightly_Tester\bins\debug\amd64\SyncFabric\Tests\TestRuleProcessor\Microsoft.ActiveDirectory.Connector.Test.TestRuleProcessor.dll" adapterTypeName="Microsoft.VisualStudio.TestTools.TestTypes.Unit.UnitTestAdapter" className="Microsoft.ActiveDirectory.Connector.Test.EntryMappingFunctionProcessingTest" name="TestEntryMappingFunctionDictionaryProcessing" />    </UnitTest>    <UnitTest name="TestEntryMappingFunctionSwitchProcessing" storage="f:\src\adiam_cloud_nightly_tester\bins\debug\amd64\syncfabric\tests\testruleprocessor\microsoft.activedirectory.connector.test.testruleprocessor.dll" id="61712ccb-1eb1-bed1-cdbc-971301eaab09">      <Execution id="9589e2a3-386c-4f13-8ceb-231e212abca0" />      <TestMethod codeBase="f:\src\Adiam_Cloud_Nightly_Tester\bins\debug\amd64\SyncFabric\Tests\TestRuleProcessor\Microsoft.ActiveDirectory.Connector.Test.TestRuleProcessor.dll" adapterTypeName="Microsoft.VisualStudio.TestTools.TestTypes.Unit.UnitTestAdapter" className="Microsoft.ActiveDirectory.Connector.Test.EntryMappingFunctionProcessingTest" name="TestEntryMappingFunctionSwitchProcessing" />    </UnitTest>    <UnitTest name="TestEntryMappingFunctionNaryOperatorConcatenateProcessing" storage="f:\src\adiam_cloud_nightly_tester\bins\debug\amd64\syncfabric\tests\testruleprocessor\microsoft.activedirectory.connector.test.testruleprocessor.dll" id="27937de2-b44e-f2c7-a270-383b2fc7d892">      <Execution id="9d6f4ea3-4071-48a7-b6c0-818d43af59a6" />      <TestMethod codeBase="f:\src\Adiam_Cloud_Nightly_Tester\bins\debug\amd64\SyncFabric\Tests\TestRuleProcessor\Microsoft.ActiveDirectory.Connector.Test.TestRuleProcessor.dll" adapterTypeName="Microsoft.VisualStudio.TestTools.TestTypes.Unit.UnitTestAdapter" className="Microsoft.ActiveDirectory.Connector.Test.EntryMappingFunctionProcessingTest" name="TestEntryMappingFunctionNaryOperatorConcatenateProcessing" />    </UnitTest>  </TestDefinitions>  <TestEntries>    <TestEntry testId="18937c0a-d430-3ed7-5de0-9efef451b17f" executionId="f4637dea-cd52-4d70-adbe-a93a090c0dc1" testListId="8c84fa94-04c1-424b-9868-57a2d4851a1d" />    <TestEntry testId="84683915-914e-76d2-ff0c-f63d0945f016" executionId="fee14607-43a6-4726-8a27-5a34264495f0" testListId="8c84fa94-04c1-424b-9868-57a2d4851a1d" />    <TestEntry testId="8576ec24-f4a9-8a72-a8dd-0b5d2d599876" executionId="612d64c3-20ce-4177-a1c6-fc218505d580" testListId="8c84fa94-04c1-424b-9868-57a2d4851a1d" />    <TestEntry testId="152450e7-856e-bb2b-4d6f-e40c7f9dbd2e" executionId="415b88b7-552b-4319-bf84-b5afbc83fea1" testListId="8c84fa94-04c1-424b-9868-57a2d4851a1d" />    <TestEntry testId="75e1b7c2-c3d2-5af1-49c9-bc11b2cb5db1" executionId="4b2baf37-9576-4a12-8dfe-eafdd7631dcd" testListId="8c84fa94-04c1-424b-9868-57a2d4851a1d" />    <TestEntry testId="2f810a59-157a-f704-15fd-a9dd60cf128c" executionId="2eb981a3-9e83-49b8-b95d-3807e3d3e385" testListId="8c84fa94-04c1-424b-9868-57a2d4851a1d" />    <TestEntry testId="65269f3e-1491-3b2f-bd10-253000701cf6" executionId="5fee7c46-31a2-437e-882c-33aba0f0da09" testListId="8c84fa94-04c1-424b-9868-57a2d4851a1d" />    <TestEntry testId="4654d6da-37d7-1d53-bc61-35b74b53b63e" executionId="2ad21e88-969a-4073-a391-e9718c323eff" testListId="8c84fa94-04c1-424b-9868-57a2d4851a1d" />    <TestEntry testId="2c9ca260-1974-fd99-a3d8-7b2db4c5155e" executionId="007f6985-68ff-4095-8447-80714f2331a5" testListId="8c84fa94-04c1-424b-9868-57a2d4851a1d" />    <TestEntry testId="890975dc-e36b-8502-958d-b3fe8d105766" executionId="b0a98392-560f-4db6-922e-8d17a06b6719" testListId="8c84fa94-04c1-424b-9868-57a2d4851a1d" />    <TestEntry testId="ce5bd05d-a8c3-1b66-15c0-5b93557a4c49" executionId="090d643e-2929-4782-9748-4999946da6e9" testListId="8c84fa94-04c1-424b-9868-57a2d4851a1d" />    <TestEntry testId="2afd2ba9-14ba-3668-2fcb-28ad6ed00319" executionId="b88b43aa-dc68-4d6d-a904-7d62489f3ead" testListId="8c84fa94-04c1-424b-9868-57a2d4851a1d" />    <TestEntry testId="8fb9cdd4-4f56-c18b-ad3d-10e70bdaef42" executionId="ab8db66e-de57-4ebd-805c-188aef5141de" testListId="8c84fa94-04c1-424b-9868-57a2d4851a1d" />    <TestEntry testId="ea94627c-f4b2-2f4c-d9d5-1994d9b12500" executionId="405b2759-afeb-42ae-9772-3893db4568e9" testListId="8c84fa94-04c1-424b-9868-57a2d4851a1d" />    <TestEntry testId="05f352d4-54bd-c75f-3dc5-be368a48575f" executionId="00bb3d96-2a0f-4116-849f-2f8d64f7cdce" testListId="8c84fa94-04c1-424b-9868-57a2d4851a1d" />    <TestEntry testId="c6e7a9d1-346e-8f82-6b70-c791122e8bda" executionId="cfd140b1-50a6-44cc-b70b-74395e82572f" testListId="8c84fa94-04c1-424b-9868-57a2d4851a1d" />    <TestEntry testId="37b734e0-fef5-050d-bbbe-df6e268c0dcc" executionId="c4c784d1-ba7d-4e70-8fbc-fbbb80232e2b" testListId="8c84fa94-04c1-424b-9868-57a2d4851a1d" />    <TestEntry testId="2474952d-c670-3e8c-72e9-c0b3be0677b1" executionId="cf5990c0-1eeb-4cdd-8fb2-8de7863e425c" testListId="8c84fa94-04c1-424b-9868-57a2d4851a1d" />    <TestEntry testId="ff50d17a-b66a-6f4c-9dd4-9f583155128a" executionId="68a4c337-471d-43e7-93a4-b274f8d4fb67" testListId="8c84fa94-04c1-424b-9868-57a2d4851a1d" />    <TestEntry testId="002e6f13-965d-d5ef-bc1c-0f880453d010" executionId="c1ff1e3d-7446-4805-a907-7fc9bc66cc64" testListId="8c84fa94-04c1-424b-9868-57a2d4851a1d" />    <TestEntry testId="3efdb477-5d53-9fd3-f42e-1bf54675bfaa" executionId="14be331a-cb39-4e3a-83b3-690b67fd1153" testListId="8c84fa94-04c1-424b-9868-57a2d4851a1d" />    <TestEntry testId="cfc2c358-16e3-9d73-fae1-8379e04fd4e3" executionId="d50e3498-bad6-4e33-835d-25cc3e89e443" testListId="8c84fa94-04c1-424b-9868-57a2d4851a1d" />    <TestEntry testId="126f8bca-a9f9-80ac-0ed9-3394be2bb930" executionId="0d2cac7e-126a-4a6d-8f0c-00c31f0ac47c" testListId="8c84fa94-04c1-424b-9868-57a2d4851a1d" />    <TestEntry testId="9e4ee257-d36b-633c-8276-a01eccf4756c" executionId="fdaa3daa-658e-419b-bfa5-cea4a2f34d86" testListId="8c84fa94-04c1-424b-9868-57a2d4851a1d" />    <TestEntry testId="fd3133ec-7f92-6cdf-c2a3-ed7ff2bb616a" executionId="8f2d687f-7d0b-46a5-9075-15bb1e24e1f6" testListId="8c84fa94-04c1-424b-9868-57a2d4851a1d" />    <TestEntry testId="406c5b1d-26a1-5fa1-c181-5a849b1c97c1" executionId="95e6ed00-e525-4145-b33e-212e39e15c58" testListId="8c84fa94-04c1-424b-9868-57a2d4851a1d" />    <TestEntry testId="b744f138-0453-946a-992b-c472627fc573" executionId="4e4fade9-c919-4168-94d0-fe460b5ba3ca" testListId="8c84fa94-04c1-424b-9868-57a2d4851a1d" />    <TestEntry testId="a9d733c8-d48e-f6bb-b4d3-7976700bfbf0" executionId="5f14c98f-7ad1-43d8-a2ab-777d3b4fa48e" testListId="8c84fa94-04c1-424b-9868-57a2d4851a1d" />    <TestEntry testId="7b755a4b-dc89-c521-9a30-86e418521e16" executionId="c0e5b212-6779-40b1-b7f0-8f89fc324715" testListId="8c84fa94-04c1-424b-9868-57a2d4851a1d" />    <TestEntry testId="6c06d0f5-3471-313b-e10e-b9f12b637ff2" executionId="c6dcfcc6-e95b-4381-8faf-00e2100872cc" testListId="8c84fa94-04c1-424b-9868-57a2d4851a1d" />    <TestEntry testId="c802827e-efe3-51e2-97c1-33d93500f3a2" executionId="d8f9679d-4c93-4f52-a224-a8e7faa16b18" testListId="8c84fa94-04c1-424b-9868-57a2d4851a1d" />    <TestEntry testId="37c47701-80c6-3896-9990-8d0409fca0c7" executionId="7dd2a869-a0ea-4caf-85fd-84ccbdb04865" testListId="8c84fa94-04c1-424b-9868-57a2d4851a1d" />    <TestEntry testId="c217fbff-c242-d81e-c53e-034951fa27a1" executionId="0c3abf2f-b10d-4994-afbf-3a3dbcda9376" testListId="8c84fa94-04c1-424b-9868-57a2d4851a1d" />    <TestEntry testId="0fe007d5-ed59-ac2c-7270-c00726184183" executionId="c55c80e7-308a-4a9f-a005-d3f4b46a63e4" testListId="8c84fa94-04c1-424b-9868-57a2d4851a1d" />    <TestEntry testId="aec71a0d-2f7a-fc59-beff-f8db211207f9" executionId="f3c9660f-ad65-49f8-84ec-d84d3c17cc78" testListId="8c84fa94-04c1-424b-9868-57a2d4851a1d" />    <TestEntry testId="dc875d05-0ec9-5c9d-1997-10ead1823883" executionId="e4988d57-2b9c-4f43-ba3a-ae1f1428387f" testListId="8c84fa94-04c1-424b-9868-57a2d4851a1d" />    <TestEntry testId="c15a4323-c865-61a1-f1c0-7db6671dd0c5" executionId="bcd090b3-2888-47e2-853c-cb6a2d97c1f1" testListId="8c84fa94-04c1-424b-9868-57a2d4851a1d" />    <TestEntry testId="3a2aa1a8-e750-6b03-adca-533240319bbe" executionId="9e79b5ff-c36e-4f4e-b317-5a1d4d14eee3" testListId="8c84fa94-04c1-424b-9868-57a2d4851a1d" />    <TestEntry testId="3aca52fc-b36b-3ce6-3854-24e5ad3b633e" executionId="059f79e5-9231-4410-b142-b26ea82dd8f3" testListId="8c84fa94-04c1-424b-9868-57a2d4851a1d" />    <TestEntry testId="617543fe-8bb1-69ac-e202-c14b90120b82" executionId="3c936d07-3d6d-41f0-b76d-f09e0ea38e03" testListId="8c84fa94-04c1-424b-9868-57a2d4851a1d" />    <TestEntry testId="ec7a6886-8f1f-9c98-788a-f1395deea79c" executionId="b1ea457d-e276-4dd7-8e4a-b2912bbbacc5" testListId="8c84fa94-04c1-424b-9868-57a2d4851a1d" />    <TestEntry testId="f10fea4f-210b-311c-2d9a-d938a65ef8bd" executionId="f279f54a-1f06-4da6-a8db-a71202dc6286" testListId="8c84fa94-04c1-424b-9868-57a2d4851a1d" />    <TestEntry testId="69287587-ff02-4952-5676-76aac7f0a850" executionId="080300b3-29ed-4e7a-8195-11acb8fceb7b" testListId="8c84fa94-04c1-424b-9868-57a2d4851a1d" />    <TestEntry testId="536eabeb-7113-6b80-aee1-bb4cd40b2e5c" executionId="214ce1fe-f5ee-4655-8262-c81c4ac81a15" testListId="8c84fa94-04c1-424b-9868-57a2d4851a1d" />    <TestEntry testId="edd2811f-67dc-6d8e-5162-b9fb7b189687" executionId="0c01651d-7c21-4c2a-b06d-4361a57f3f3b" testListId="8c84fa94-04c1-424b-9868-57a2d4851a1d" />    <TestEntry testId="b1caa5ee-fb23-be77-dff8-022592d0566f" executionId="f98f2749-d7a4-4b13-90d7-e4469dab1546" testListId="8c84fa94-04c1-424b-9868-57a2d4851a1d" />    <TestEntry testId="255be184-a8f2-05c0-34eb-c01f1a136cdf" executionId="91b80890-2085-48ae-bb90-20de510108a4" testListId="8c84fa94-04c1-424b-9868-57a2d4851a1d" />    <TestEntry testId="7296fedb-95e2-a60f-f7e7-1363c18db812" executionId="9e8eea06-3319-478f-934b-9cf7e791a1db" testListId="8c84fa94-04c1-424b-9868-57a2d4851a1d" />    <TestEntry testId="20b90c17-d2ea-0339-d20d-c9c11ecafa4e" executionId="e9091612-5066-4ee3-913f-6b913e1652ef" testListId="8c84fa94-04c1-424b-9868-57a2d4851a1d" />    <TestEntry testId="4aa00cac-a2e3-36c9-07fb-79e3809de0f2" executionId="55a9fabb-b244-431e-9950-f15ed5ba3c03" testListId="8c84fa94-04c1-424b-9868-57a2d4851a1d" />    <TestEntry testId="2b48c906-4187-e2cf-7c11-cfe6d2116fd3" executionId="82431c33-1c07-41dd-8fe1-7d65b2649bc6" testListId="8c84fa94-04c1-424b-9868-57a2d4851a1d" />    <TestEntry testId="ce357d0d-f0ab-105f-4d84-ddc1116e418c" executionId="b387e4d7-6ed0-4196-b50d-acd98cafaf6f" testListId="8c84fa94-04c1-424b-9868-57a2d4851a1d" />    <TestEntry testId="bd7e38d7-1ecd-5bcc-d01d-cf56415c37af" executionId="2f262a3d-4176-4d05-bd11-6d72ccac3b3b" testListId="8c84fa94-04c1-424b-9868-57a2d4851a1d" />    <TestEntry testId="9014f1c5-7947-0520-ff2b-03002839a696" executionId="44d59012-f70b-480a-9f1d-ada01338b57d" testListId="8c84fa94-04c1-424b-9868-57a2d4851a1d" />    <TestEntry testId="d13e5f44-ac9c-f72b-0cff-385f1c33e0f1" executionId="81450e2a-dfbd-408e-a7c6-593bad69c497" testListId="8c84fa94-04c1-424b-9868-57a2d4851a1d" />    <TestEntry testId="c6857374-f4ca-c972-9b8c-9192da29d384" executionId="729eea4c-b696-4ad4-864d-6720d50ff21e" testListId="8c84fa94-04c1-424b-9868-57a2d4851a1d" />    <TestEntry testId="e552f827-28a3-e618-7d69-9b6a4a5837a9" executionId="36253586-f337-4529-b14e-2b894f918d4a" testListId="8c84fa94-04c1-424b-9868-57a2d4851a1d" />    <TestEntry testId="bb30121b-75dd-99c1-e175-00f6bd200252" executionId="a35d5883-078f-4f3f-a344-057843ee205c" testListId="8c84fa94-04c1-424b-9868-57a2d4851a1d" />    <TestEntry testId="a13cfe5a-143d-0ce3-436a-3d02afb6c98d" executionId="abd6038c-d881-4a08-a768-f4057d33d4ba" testListId="8c84fa94-04c1-424b-9868-57a2d4851a1d" />    <TestEntry testId="5799fda4-5ed8-b192-d1e6-37760c261b21" executionId="e38394bb-23c7-4655-bddf-c75c80877e90" testListId="8c84fa94-04c1-424b-9868-57a2d4851a1d" />    <TestEntry testId="6ffc6326-ee2e-2fd1-658f-19cd53cf4b99" executionId="f73509aa-bab1-44e6-97e4-ea4a8f7ca7f2" testListId="8c84fa94-04c1-424b-9868-57a2d4851a1d" />    <TestEntry testId="6e756866-f482-035c-c92d-6eaa313addc1" executionId="54eec3b9-6cb1-4f0a-a4d2-c619ef7531cf" testListId="8c84fa94-04c1-424b-9868-57a2d4851a1d" />    <TestEntry testId="34e8b2d1-ec07-9235-70d0-8cfe5f413feb" executionId="9ca4acfc-9066-46e6-8f9c-2d94edfa15d7" testListId="8c84fa94-04c1-424b-9868-57a2d4851a1d" />    <TestEntry testId="3017499b-38c0-64e9-550e-c64d4f114a48" executionId="1994dc0a-6ce9-492b-9995-c505c35cb607" testListId="8c84fa94-04c1-424b-9868-57a2d4851a1d" />    <TestEntry testId="952c029d-df7c-0071-1a76-7284a18f486c" executionId="2f444759-5ac3-43ca-94f0-a4020afdb3a4" testListId="8c84fa94-04c1-424b-9868-57a2d4851a1d" />    <TestEntry testId="0d930d5a-5674-621c-a13b-ed02061faa99" executionId="c1c8f95d-3194-428d-a662-7bbb1ccbf11f" testListId="8c84fa94-04c1-424b-9868-57a2d4851a1d" />    <TestEntry testId="091337bf-85b5-b841-b436-68e3b6e70561" executionId="b740a75b-1b7a-4146-bd40-d8d5c3b5b856" testListId="8c84fa94-04c1-424b-9868-57a2d4851a1d" />    <TestEntry testId="eaf97ccf-ef19-7f33-04a4-bf5e20ab7e1e" executionId="54aed78c-8690-498c-960a-a864a950cf30" testListId="8c84fa94-04c1-424b-9868-57a2d4851a1d" />    <TestEntry testId="b396295e-5023-b10a-8e18-6df79e1b4d7d" executionId="23f2bf4f-5b95-4a20-885c-25df355ef9e3" testListId="8c84fa94-04c1-424b-9868-57a2d4851a1d" />    <TestEntry testId="3d4889c7-64dd-93f6-2c30-51016d55f4cf" executionId="416c762c-9a73-4691-a426-5904221a71cb" testListId="8c84fa94-04c1-424b-9868-57a2d4851a1d" />    <TestEntry testId="47681b42-15a9-9c7b-a929-e1193ac0421c" executionId="d51aec5e-b12e-496b-8578-478a88f94edb" testListId="8c84fa94-04c1-424b-9868-57a2d4851a1d" />    <TestEntry testId="85748b08-7dc9-64b7-3b53-8114bfc53f7d" executionId="6698e476-dde2-42f8-82f6-d4f95962ee07" testListId="8c84fa94-04c1-424b-9868-57a2d4851a1d" />    <TestEntry testId="5162f402-29f5-262c-91de-627391be3a72" executionId="b3946703-e4d9-416c-97ba-4fc8cef5e1d3" testListId="8c84fa94-04c1-424b-9868-57a2d4851a1d" />    <TestEntry testId="8b88ae79-ba8c-368b-c8b4-a1e8180902d4" executionId="224acc76-2d1b-475e-87da-06aec881e380" testListId="8c84fa94-04c1-424b-9868-57a2d4851a1d" />    <TestEntry testId="3d8365c0-0f15-3f62-703a-11d9cbdffa3a" executionId="dba8b213-4282-4923-9108-2e7ceea1c724" testListId="8c84fa94-04c1-424b-9868-57a2d4851a1d" />    <TestEntry testId="95457a60-b298-1c36-92a6-31b400395a2f" executionId="21f7fae3-ebc0-4604-9843-2f7645feee17" testListId="8c84fa94-04c1-424b-9868-57a2d4851a1d" />    <TestEntry testId="d7e373c2-9659-4f2a-6daf-4d79aaa69015" executionId="226d08a5-dcca-45c7-a69c-48490bb14c4e" testListId="8c84fa94-04c1-424b-9868-57a2d4851a1d" />    <TestEntry testId="d6d8a4b0-d6c2-3a37-54f3-f8cced528ca8" executionId="e11f925e-e736-4e34-b40e-a9fd6e9327f6" testListId="8c84fa94-04c1-424b-9868-57a2d4851a1d" />    <TestEntry testId="b792b0dd-b3be-a3f1-3bcd-c107590d6fc8" executionId="e70c336e-5fee-48b7-9a12-5353bcc2fba6" testListId="8c84fa94-04c1-424b-9868-57a2d4851a1d" />    <TestEntry testId="91a628cf-6390-b172-ec50-f63ad9c3c70a" executionId="2dfae999-fac7-4e39-995b-a550f8fbc955" testListId="8c84fa94-04c1-424b-9868-57a2d4851a1d" />    <TestEntry testId="5227561d-0c30-e557-2058-442448cccced" executionId="2becc5ae-9b29-486b-8c96-7cb06c769945" testListId="8c84fa94-04c1-424b-9868-57a2d4851a1d" />    <TestEntry testId="6065a504-a92c-35a8-bdda-2f7c8a7a04be" executionId="f8b44914-f1a1-4c05-a73d-022efc396c75" testListId="8c84fa94-04c1-424b-9868-57a2d4851a1d" />    <TestEntry testId="f1ecc676-796a-bab7-4397-5b1a209a370e" executionId="eb0d4be0-c75d-409b-8aa6-a3f55e9d8d39" testListId="8c84fa94-04c1-424b-9868-57a2d4851a1d" />    <TestEntry testId="9d4e3f4b-b86d-ac90-281e-a3304ca44c7a" executionId="9ea252e0-5a90-439d-aece-1b5171d89bd2" testListId="8c84fa94-04c1-424b-9868-57a2d4851a1d" />    <TestEntry testId="2e900f6c-f222-7463-9386-904886bc3987" executionId="544be4d0-2565-4650-963c-0be70600ee66" testListId="8c84fa94-04c1-424b-9868-57a2d4851a1d" />    <TestEntry testId="cead4fa1-0663-8c43-4ad1-6fe47f1fad71" executionId="6cb806e5-6ea4-45cb-b764-0128d2edd10e" testListId="8c84fa94-04c1-424b-9868-57a2d4851a1d" />    <TestEntry testId="832ac897-24f2-4376-a38f-7a7babe3ddd0" executionId="0d0394fb-55be-4d1b-9eae-cfc204ddb7f7" testListId="8c84fa94-04c1-424b-9868-57a2d4851a1d" />    <TestEntry testId="ee292ed4-7a55-7777-699a-a518b7cfd1ca" executionId="8565741b-cd06-4c3f-b9d7-3bb9a3648e02" testListId="8c84fa94-04c1-424b-9868-57a2d4851a1d" />    <TestEntry testId="cc4fe52d-0f69-5c52-bdec-2608a267a54e" executionId="d71e5494-591d-409c-849d-7911823e652a" testListId="8c84fa94-04c1-424b-9868-57a2d4851a1d" />    <TestEntry testId="a19eaff0-c5e9-eddf-7936-97254f10056a" executionId="72a97f82-823f-40ac-a017-48a0cf400dcb" testListId="8c84fa94-04c1-424b-9868-57a2d4851a1d" />    <TestEntry testId="4169e968-29c7-4101-5a8e-fc0103ed595d" executionId="ede3f9d5-a46f-43a8-b3e4-e030fc3c5558" testListId="8c84fa94-04c1-424b-9868-57a2d4851a1d" />    <TestEntry testId="268b44ec-1a76-f505-10e8-530521ddd1b7" executionId="48714f25-613e-4b32-a666-e971c05fcff6" testListId="8c84fa94-04c1-424b-9868-57a2d4851a1d" />    <TestEntry testId="74f2ae45-7b48-2f5e-bfc5-8f6ebec21a81" executionId="0b63005c-4427-4c11-8828-b014ac0e9c09" testListId="8c84fa94-04c1-424b-9868-57a2d4851a1d" />    <TestEntry testId="c55c81cb-28de-ac89-2db8-1e7748a3a754" executionId="6f378534-2b35-4ad9-a1d0-e2134c02b58f" testListId="8c84fa94-04c1-424b-9868-57a2d4851a1d" />    <TestEntry testId="989fb13e-274d-68fb-9b69-f09b6c7aece1" executionId="676c9510-7c8e-49f0-83a6-bdf3dc7261ac" testListId="8c84fa94-04c1-424b-9868-57a2d4851a1d" />    <TestEntry testId="ec1d30da-b7c7-a747-648b-5c33fe6ed928" executionId="c81a4324-8291-4f0f-b785-922eb83e1abe" testListId="8c84fa94-04c1-424b-9868-57a2d4851a1d" />    <TestEntry testId="a345d540-91fb-da11-9330-90ce41adb41e" executionId="6abdb2cf-0d8d-4368-8a89-66493131c2b5" testListId="8c84fa94-04c1-424b-9868-57a2d4851a1d" />    <TestEntry testId="99b1c96f-b7b0-7844-aacc-15cb99429656" executionId="321a1499-725f-4b13-9138-d190046c7b41" testListId="8c84fa94-04c1-424b-9868-57a2d4851a1d" />    <TestEntry testId="33aeeeb2-14ab-6cb4-8c56-33c7ed859282" executionId="0c89d0c3-c932-49f8-9083-cf94a45d7093" testListId="8c84fa94-04c1-424b-9868-57a2d4851a1d" />    <TestEntry testId="69e4e5f6-4617-ddeb-f5c0-0df9ec15f089" executionId="e5145bdf-f125-4a05-9e2d-0901162708a9" testListId="8c84fa94-04c1-424b-9868-57a2d4851a1d" />    <TestEntry testId="dc8d6ebb-9235-1b29-f2bf-247a86c5d2d5" executionId="e9d57bc3-2f99-417c-a091-c5a5760746a5" testListId="8c84fa94-04c1-424b-9868-57a2d4851a1d" />    <TestEntry testId="11da0646-c7f5-7d32-4d0f-bea367d7b422" executionId="28f45b0e-71bc-4e32-8e9e-643b4c723da2" testListId="8c84fa94-04c1-424b-9868-57a2d4851a1d" />    <TestEntry testId="ee866577-d015-1c98-5ff2-3dfa2a28b7ba" executionId="738f71f6-b48a-49f5-823c-c19eed647b75" testListId="8c84fa94-04c1-424b-9868-57a2d4851a1d" />    <TestEntry testId="167f0931-9689-51f3-a3ba-2cfe36f8bde4" executionId="21259861-687c-4038-ab4a-2ddf6fd2cdf5" testListId="8c84fa94-04c1-424b-9868-57a2d4851a1d" />    <TestEntry testId="2ce5b921-6348-0da7-d91e-f8945c46a0ca" executionId="b5d49dc0-0772-4563-adfb-cac7cdf16e37" testListId="8c84fa94-04c1-424b-9868-57a2d4851a1d" />    <TestEntry testId="b918301d-50a2-2839-8203-268dedb44412" executionId="a2e3ac54-112f-4000-a3db-05e225941a59" testListId="8c84fa94-04c1-424b-9868-57a2d4851a1d" />    <TestEntry testId="808993b3-9819-5267-21ac-0abf2a5f56e3" executionId="752d6414-0478-411d-9f93-63d8a986d9e1" testListId="8c84fa94-04c1-424b-9868-57a2d4851a1d" />    <TestEntry testId="349cdd52-dfc2-b5ae-f6a7-0e08413771f9" executionId="46949304-5ea3-44be-bfc5-cef6955fa9d2" testListId="8c84fa94-04c1-424b-9868-57a2d4851a1d" />    <TestEntry testId="f589bc68-7876-0ceb-3636-e86ce9678abf" executionId="2414e139-ff85-43a4-80e2-96c6f4865d91" testListId="8c84fa94-04c1-424b-9868-57a2d4851a1d" />    <TestEntry testId="0c58a986-5d37-a4ec-2a36-2ed082f05faa" executionId="7cdd1868-e987-471e-ba67-a6f930a53f47" testListId="8c84fa94-04c1-424b-9868-57a2d4851a1d" />    <TestEntry testId="e095c484-315c-3377-cc33-833b4a54574d" executionId="9d7fadff-f4ae-476c-9517-71fb0275ed27" testListId="8c84fa94-04c1-424b-9868-57a2d4851a1d" />    <TestEntry testId="790b72b7-2c61-1e0c-46e3-3782fbba0dbf" executionId="781efdc6-b4ae-4a49-9ddc-b8588ea0a9b2" testListId="8c84fa94-04c1-424b-9868-57a2d4851a1d" />    <TestEntry testId="47b12cb4-a20b-5bd1-f2c7-46712aa8b2fa" executionId="cf68fb68-464e-4722-81bd-20e8fb0fe6d8" testListId="8c84fa94-04c1-424b-9868-57a2d4851a1d" />    <TestEntry testId="0e00d8de-990e-c804-4aca-382406ed7f4b" executionId="62cf57ef-1cde-48a8-8d72-63b941963a93" testListId="8c84fa94-04c1-424b-9868-57a2d4851a1d" />    <TestEntry testId="9ac5e985-4fe0-2b88-75cd-be068900fe06" executionId="12dd0a9c-dd86-4a03-a505-849924ebbec2" testListId="8c84fa94-04c1-424b-9868-57a2d4851a1d" />    <TestEntry testId="935e0a1a-05e5-ade1-6b1a-2f0bf2db4c2c" executionId="ec404541-42c0-4381-a00b-9edcf6b1b267" testListId="8c84fa94-04c1-424b-9868-57a2d4851a1d" />    <TestEntry testId="b170f538-b8bd-d24f-32c4-6a388a87388e" executionId="7f78e937-7ae5-4a81-8f09-1ce47bf5be40" testListId="8c84fa94-04c1-424b-9868-57a2d4851a1d" />    <TestEntry testId="b9243f7c-878b-bea8-7137-18241325c856" executionId="22bef7ee-a390-454d-8a2a-d04ab33efab2" testListId="8c84fa94-04c1-424b-9868-57a2d4851a1d" />    <TestEntry testId="39c1e0a8-0cab-ea6f-d7de-04692df57273" executionId="256268c3-f2ec-463c-a915-c0a97c9f05a9" testListId="8c84fa94-04c1-424b-9868-57a2d4851a1d" />    <TestEntry testId="5607234b-784e-a97e-32b3-b429dd10f1b8" executionId="75219f3b-5395-40d6-a462-bdc67f21e0e1" testListId="8c84fa94-04c1-424b-9868-57a2d4851a1d" />    <TestEntry testId="dc2d620e-56e8-64f7-9d9f-cac22966c8ab" executionId="5a9b3f32-199b-49e5-973b-fa848aff9f3c" testListId="8c84fa94-04c1-424b-9868-57a2d4851a1d" />    <TestEntry testId="ddf8586d-d39e-fb6e-0ca9-d989af86119c" executionId="23b4407d-09c2-47bc-9926-dc9a7c1b52ee" testListId="8c84fa94-04c1-424b-9868-57a2d4851a1d" />    <TestEntry testId="f789a0b4-cf23-be75-6644-13382f042c8f" executionId="1d8c633a-80f7-4ae7-ab71-fa2ab724073c" testListId="8c84fa94-04c1-424b-9868-57a2d4851a1d" />    <TestEntry testId="57457be8-7418-c3d6-ab80-60f97eccfb7d" executionId="e48ef5c7-5bfd-4912-b7c8-916d634da5e4" testListId="8c84fa94-04c1-424b-9868-57a2d4851a1d" />    <TestEntry testId="48399553-6b2c-a3c2-15cb-058f2277bd52" executionId="980da390-0ab8-4023-bbea-ba800fe95d79" testListId="8c84fa94-04c1-424b-9868-57a2d4851a1d" />    <TestEntry testId="7f865c52-be81-71b1-042c-a5137d9f7f43" executionId="15f44c91-fd79-48f2-b763-022b5b4dbd0d" testListId="8c84fa94-04c1-424b-9868-57a2d4851a1d" />    <TestEntry testId="ae2cc506-6033-2770-2a34-d511b51fbb1f" executionId="de88137c-7c56-424f-b7b1-4b96bee1092e" testListId="8c84fa94-04c1-424b-9868-57a2d4851a1d" />    <TestEntry testId="2411bd40-92da-4785-c529-61b721361315" executionId="16353f36-ac79-4fcb-bad8-decab012237e" testListId="8c84fa94-04c1-424b-9868-57a2d4851a1d" />    <TestEntry testId="fb1ac286-16cc-e63a-e4b9-b2203907074b" executionId="0be6b719-50e7-4bbb-9515-f61f9fe153e6" testListId="8c84fa94-04c1-424b-9868-57a2d4851a1d" />    <TestEntry testId="e6603c38-3f87-a45b-7b3c-3553c043be14" executionId="cd38bfca-de8e-4e51-ad45-9bd079682062" testListId="8c84fa94-04c1-424b-9868-57a2d4851a1d" />    <TestEntry testId="840723ea-f5e0-2268-d15c-49d0d582c4b3" executionId="b45ed115-75e3-4c7a-a252-9d24b79a9b1e" testListId="8c84fa94-04c1-424b-9868-57a2d4851a1d" />    <TestEntry testId="5f9f0c8e-0f26-fe98-0796-690ac9c9a61d" executionId="8a10a963-382d-4fc6-b24f-baee814e944b" testListId="8c84fa94-04c1-424b-9868-57a2d4851a1d" />    <TestEntry testId="8d742f5e-0c5d-5f85-49e8-c004380f93db" executionId="674cd40b-9b7d-4e68-b0ca-599ca376b045" testListId="8c84fa94-04c1-424b-9868-57a2d4851a1d" />    <TestEntry testId="cf59d00e-ed52-4703-2852-18ea8599bea8" executionId="ad5b9cd1-c8a3-4a4f-9fc2-11e0276a54e1" testListId="8c84fa94-04c1-424b-9868-57a2d4851a1d" />    <TestEntry testId="69adb5e5-a3d4-57a5-da8e-2fb2b0f9b4ef" executionId="001431b8-6710-4dff-b157-4df4cac6d2e7" testListId="8c84fa94-04c1-424b-9868-57a2d4851a1d" />    <TestEntry testId="23e5352d-1e5f-3713-e9e6-02e243dc0f27" executionId="023a2da6-6aec-4da2-876e-799027ec1870" testListId="8c84fa94-04c1-424b-9868-57a2d4851a1d" />    <TestEntry testId="a915857a-f1aa-19ef-352b-8bf1bd6307de" executionId="346b6070-2e3a-450b-95e7-bbd548ac5546" testListId="8c84fa94-04c1-424b-9868-57a2d4851a1d" />    <TestEntry testId="f77450fd-ab82-bbdf-0b6b-7ab0a25045c8" executionId="66724bac-c7af-45dc-8b2f-11cba5b3667a" testListId="8c84fa94-04c1-424b-9868-57a2d4851a1d" />    <TestEntry testId="b33e3f74-5ee4-a122-c84b-0cd609d26535" executionId="9d2b76e8-d742-43b6-907a-dc9ccd093b17" testListId="8c84fa94-04c1-424b-9868-57a2d4851a1d" />    <TestEntry testId="d8adf926-f41f-b729-2a10-a19f77a651ce" executionId="24fe72a4-921e-4c77-8ba2-e24e82d6318a" testListId="8c84fa94-04c1-424b-9868-57a2d4851a1d" />    <TestEntry testId="ff620ef5-8887-9f54-a19b-43756dc1bba6" executionId="13742a7c-a1f7-4b46-a246-de965f973462" testListId="8c84fa94-04c1-424b-9868-57a2d4851a1d" />    <TestEntry testId="189f0efd-19be-0954-1ccf-e5c6e296627f" executionId="8ce5cf07-20d7-41cb-923d-bebea3b12aae" testListId="8c84fa94-04c1-424b-9868-57a2d4851a1d" />    <TestEntry testId="b3df487f-7e9d-9e99-d508-f1e8753e80d6" executionId="06d49406-7bb3-4847-b657-c69d5d98e617" testListId="8c84fa94-04c1-424b-9868-57a2d4851a1d" />    <TestEntry testId="ff738f4e-c415-6faf-8c75-7a26ccebc28d" executionId="f2529df4-b047-4352-8c6c-7a3fd7268661" testListId="8c84fa94-04c1-424b-9868-57a2d4851a1d" />    <TestEntry testId="5de289ef-91da-1dc7-4676-edd5c098328f" executionId="61845a57-5c4c-4356-9590-187445f9f2be" testListId="8c84fa94-04c1-424b-9868-57a2d4851a1d" />    <TestEntry testId="b0f42037-f9cc-0955-70ad-2d641467b818" executionId="156c3a7b-f6d2-4cf7-9c36-a50aad0be819" testListId="8c84fa94-04c1-424b-9868-57a2d4851a1d" />    <TestEntry testId="6ab4365e-9889-7c91-5a19-5c54c0e535be" executionId="02e77285-05b3-4495-a958-0dde6608a9c2" testListId="8c84fa94-04c1-424b-9868-57a2d4851a1d" />    <TestEntry testId="9e007d10-13b6-06c4-6473-821b884116e7" executionId="5f723b89-5376-45f7-b885-f61a8ff75dbd" testListId="8c84fa94-04c1-424b-9868-57a2d4851a1d" />    <TestEntry testId="a0d3514e-a26d-1780-64a5-937813f9edb7" executionId="f679e578-81d7-4f64-9c21-cc4391660856" testListId="8c84fa94-04c1-424b-9868-57a2d4851a1d" />    <TestEntry testId="7c7de4af-a20b-ab55-b553-98a2084794b8" executionId="d49d6be2-3c13-4bd7-b0f1-bf115ab259c2" testListId="8c84fa94-04c1-424b-9868-57a2d4851a1d" />    <TestEntry testId="85937213-1706-42cf-736b-a4404641b9c4" executionId="cb62ad38-9d1a-4ea4-80b5-81bc14d80fd2" testListId="8c84fa94-04c1-424b-9868-57a2d4851a1d" />    <TestEntry testId="69de8e4a-c0e8-38fa-8947-2715bea07fd8" executionId="ac2fc553-7773-47d4-8e17-9cd1d3f252e8" testListId="8c84fa94-04c1-424b-9868-57a2d4851a1d" />    <TestEntry testId="94b24158-8a23-ddba-0460-dbeccc9610e8" executionId="b2f74850-c1df-4100-a040-cb017796d6fe" testListId="8c84fa94-04c1-424b-9868-57a2d4851a1d" />    <TestEntry testId="38aa5524-3b55-3941-9b90-e976979166f7" executionId="e1c75ba4-5c89-472b-980c-ebde94db8349" testListId="8c84fa94-04c1-424b-9868-57a2d4851a1d" />    <TestEntry testId="1f95e3b2-640e-2584-6eae-f9667169f986" executionId="2400e2e9-c331-4694-a9eb-98c905249218" testListId="8c84fa94-04c1-424b-9868-57a2d4851a1d" />    <TestEntry testId="cf632b45-53a8-ec98-7f06-42910d776d3d" executionId="8371e0f1-2186-43dd-af2b-8fc6d13b5e3a" testListId="8c84fa94-04c1-424b-9868-57a2d4851a1d" />    <TestEntry testId="e4995530-afc9-120e-71f0-1601903eea4d" executionId="b4fd8002-2d02-42ec-a55f-4b82e00c76ae" testListId="8c84fa94-04c1-424b-9868-57a2d4851a1d" />    <TestEntry testId="b248a4b7-9971-e6be-c3c9-5da91fa6b34d" executionId="0fe528e1-e73c-4842-80e1-44ad27d8c6eb" testListId="8c84fa94-04c1-424b-9868-57a2d4851a1d" />    <TestEntry testId="d3056140-c8f8-84d4-4ee4-260d5deecd0a" executionId="b6c53739-bad2-435c-af5d-c8384070f8ff" testListId="8c84fa94-04c1-424b-9868-57a2d4851a1d" />    <TestEntry testId="610a3302-ce96-5bed-dd26-156455cb9f3b" executionId="e94c81be-8f06-4eef-b8cb-67381168b4c0" testListId="8c84fa94-04c1-424b-9868-57a2d4851a1d" />    <TestEntry testId="be0bc21c-d6de-c590-e79a-f418ce3ca38a" executionId="e68b0954-5a76-4d16-8505-18d6f08be41a" testListId="8c84fa94-04c1-424b-9868-57a2d4851a1d" />    <TestEntry testId="0fe5f656-8692-1a38-ebdc-d886d56dd739" executionId="6b562c40-d9e1-4939-9724-1b2d5038e50a" testListId="8c84fa94-04c1-424b-9868-57a2d4851a1d" />    <TestEntry testId="704b2b03-6c63-bbe9-fa59-7f5762b5afac" executionId="8bb42893-1a05-4433-b46c-6a793f2f4dcd" testListId="8c84fa94-04c1-424b-9868-57a2d4851a1d" />    <TestEntry testId="824f2887-99b5-e28b-afc1-e5b00490d0d0" executionId="219f4a30-42ec-4204-9224-3ee0fbe9f7b3" testListId="8c84fa94-04c1-424b-9868-57a2d4851a1d" />    <TestEntry testId="a89a10da-dbf1-7cb8-89d1-3eb2304b7f2e" executionId="9195c7e6-e42a-47a7-a267-96d4c2f49401" testListId="8c84fa94-04c1-424b-9868-57a2d4851a1d" />    <TestEntry testId="a2cd58ef-528d-3e7f-3d88-cd90748aed6a" executionId="3e2dcd35-eca1-41e4-9735-1a98c89c43fd" testListId="8c84fa94-04c1-424b-9868-57a2d4851a1d" />    <TestEntry testId="341b6de6-7a39-6dbd-e8f7-38298dba2ed2" executionId="9eb8fed9-cd8b-4a3a-b48d-f2324c55e836" testListId="8c84fa94-04c1-424b-9868-57a2d4851a1d" />    <TestEntry testId="7ad750ba-c7fa-3616-eb25-7ac0021cbef0" executionId="c30f2574-3e8e-4456-82dc-a029ce2278d3" testListId="8c84fa94-04c1-424b-9868-57a2d4851a1d" />    <TestEntry testId="64562811-ee7b-bf16-5a5b-1ea08109ad5e" executionId="ce40ce9b-77f5-4b2e-b5d1-5a24cf2aff00" testListId="8c84fa94-04c1-424b-9868-57a2d4851a1d" />    <TestEntry testId="445237a5-cf57-30b4-31f5-6febf86e0cd8" executionId="137fa600-0148-45b8-995c-712ed6a16dab" testListId="8c84fa94-04c1-424b-9868-57a2d4851a1d" />    <TestEntry testId="2bd29c15-5508-a902-1cb5-125e645abedf" executionId="e097d665-f64f-4886-aad3-bd0c62f9e1f4" testListId="8c84fa94-04c1-424b-9868-57a2d4851a1d" />    <TestEntry testId="8c3ba9bb-7832-ffd1-170a-1441256e854c" executionId="76c0f933-6022-4128-9c1d-39cbac2f5044" testListId="8c84fa94-04c1-424b-9868-57a2d4851a1d" />    <TestEntry testId="b9c96c8c-032f-22af-3f27-f99506942510" executionId="6d2f8fd2-adbe-459f-b7f0-daddd553bc29" testListId="8c84fa94-04c1-424b-9868-57a2d4851a1d" />    <TestEntry testId="37dd3f27-094b-b023-c4b2-5c7379a42960" executionId="27466b6f-0d5d-4f78-99b6-ab3ebbe5dc44" testListId="8c84fa94-04c1-424b-9868-57a2d4851a1d" />    <TestEntry testId="3642160b-5b00-b460-8e75-0fde77bfab69" executionId="244002d3-0f5d-4218-bbe0-cf6a57da8043" testListId="8c84fa94-04c1-424b-9868-57a2d4851a1d" />    <TestEntry testId="dcb7303b-a4e1-73ae-0175-ac4efc7d950d" executionId="a86d7d4a-136b-4bd0-921d-a807401959c3" testListId="8c84fa94-04c1-424b-9868-57a2d4851a1d" />    <TestEntry testId="13f6564e-ba4a-748a-a6d7-f1618f3df3ef" executionId="3015e4e7-1f25-49ff-9da4-b41480fd7623" testListId="8c84fa94-04c1-424b-9868-57a2d4851a1d" />    <TestEntry testId="474b5dd5-1587-50ca-dd9b-d02d03dd4a66" executionId="6e4cb218-d7ba-4d3f-b864-3c7093debb12" testListId="8c84fa94-04c1-424b-9868-57a2d4851a1d" />    <TestEntry testId="540f2f7b-3302-ccd2-deeb-895ced06d76e" executionId="9bc52f42-2195-482d-bd17-d5991bb4275d" testListId="8c84fa94-04c1-424b-9868-57a2d4851a1d" />    <TestEntry testId="a0ae5918-70c1-af32-e462-c1d079d434f8" executionId="31d6b584-66cd-4a7a-aaf1-ff189e6f3bd8" testListId="8c84fa94-04c1-424b-9868-57a2d4851a1d" />    <TestEntry testId="e993b251-f1ac-ab49-eff7-8c7ad71b3bd8" executionId="4176f999-7d47-4ef7-97dd-95ab6b819106" testListId="8c84fa94-04c1-424b-9868-57a2d4851a1d" />    <TestEntry testId="a8eb12a9-95e8-5f54-5b18-91a72d9750da" executionId="fc2a2795-19dc-4dad-acfb-33344dde4080" testListId="8c84fa94-04c1-424b-9868-57a2d4851a1d" />    <TestEntry testId="d46c4a2a-1aee-9eac-816a-f30077b9a7ac" executionId="57ba3096-53d6-40c6-a315-2e9173371004" testListId="8c84fa94-04c1-424b-9868-57a2d4851a1d" />    <TestEntry testId="7aae5f3a-c3b6-daa3-f3b0-ba9f032c47b2" executionId="561e53ae-0fc4-4174-8e44-cccaa0120626" testListId="8c84fa94-04c1-424b-9868-57a2d4851a1d" />    <TestEntry testId="0fb03f10-bce5-433c-c60c-39f730a720a8" executionId="5f26fd88-5053-4212-a376-15e551f2c3e5" testListId="8c84fa94-04c1-424b-9868-57a2d4851a1d" />    <TestEntry testId="ea242f04-09a0-76db-9e8a-e316acf5c69f" executionId="c9618afe-ce4a-426e-b1da-b797a8d5e622" testListId="8c84fa94-04c1-424b-9868-57a2d4851a1d" />    <TestEntry testId="9bc67291-9f0e-55c5-5cc4-56b773c5d2af" executionId="218dc526-e829-4e78-8776-faa23af8a0ef" testListId="8c84fa94-04c1-424b-9868-57a2d4851a1d" />    <TestEntry testId="8ea65b87-ff15-9f81-0d6d-a8838ece8ba1" executionId="9f8d25e4-25d3-4f6a-afff-0543223b9fc2" testListId="8c84fa94-04c1-424b-9868-57a2d4851a1d" />    <TestEntry testId="65999ffd-5718-ef06-b7a3-8722a6539f80" executionId="c335e7e1-8d4e-4a1d-b186-2f8ea5c989db" testListId="8c84fa94-04c1-424b-9868-57a2d4851a1d" />    <TestEntry testId="b1069a9d-b624-5d0b-ea12-45f29da6dfdc" executionId="064cd519-73f8-43f0-b0d5-f13e6e84d07e" testListId="8c84fa94-04c1-424b-9868-57a2d4851a1d" />    <TestEntry testId="65626a32-53ec-5f37-846a-49f8889e1fc5" executionId="389f39ec-8681-43a8-8f7e-08710214e80a" testListId="8c84fa94-04c1-424b-9868-57a2d4851a1d" />    <TestEntry testId="110bc64f-bfb0-adec-3c83-77bb4319bcf8" executionId="31ac9433-a0b2-475e-985c-e98e82f3509e" testListId="8c84fa94-04c1-424b-9868-57a2d4851a1d" />    <TestEntry testId="c6e0d603-31e7-4947-542e-553f5ba55d97" executionId="db61b1fa-0a03-4019-8d1c-94f25315557b" testListId="8c84fa94-04c1-424b-9868-57a2d4851a1d" />    <TestEntry testId="a4f9d0d9-73a7-1b46-88f3-91b08060ebbd" executionId="59b75211-1d49-4058-9753-3f37b2d6f582" testListId="8c84fa94-04c1-424b-9868-57a2d4851a1d" />    <TestEntry testId="de6857d0-448f-2310-31c6-a7a23afe6a3e" executionId="59dcad4b-7e87-44fc-bf7f-b380774ab9e9" testListId="8c84fa94-04c1-424b-9868-57a2d4851a1d" />    <TestEntry testId="3ef15904-f31e-dc4d-95b3-55834f250610" executionId="90938e54-61a6-4786-8fc3-752dc615aa9c" testListId="8c84fa94-04c1-424b-9868-57a2d4851a1d" />    <TestEntry testId="7c1e5291-13c0-65d8-d43c-3aa4c8d8f5be" executionId="ef49cd1d-3691-4e03-a977-b19c1242ca8a" testListId="8c84fa94-04c1-424b-9868-57a2d4851a1d" />    <TestEntry testId="5073b2a2-19e9-7963-23a4-1b3a09f51cc9" executionId="54ad97a9-c567-4c15-811a-77bf0c5b7349" testListId="8c84fa94-04c1-424b-9868-57a2d4851a1d" />    <TestEntry testId="0a5f03f1-b7c8-910a-7b9b-7ee0568aa3d0" executionId="368927f5-5de5-47b1-99a5-c83483935ede" testListId="8c84fa94-04c1-424b-9868-57a2d4851a1d" />    <TestEntry testId="8fe115ec-8c1e-5434-a83f-361248910d97" executionId="6d6aab3d-6ecd-4924-a16a-55f4438e8b40" testListId="8c84fa94-04c1-424b-9868-57a2d4851a1d" />    <TestEntry testId="1a13a317-bb9f-62ca-2beb-8a9e04c69cdc" executionId="e3c8d771-5c93-463c-82ea-701d526bd573" testListId="8c84fa94-04c1-424b-9868-57a2d4851a1d" />    <TestEntry testId="0f13609d-5060-85cb-ff2f-802b6dc3eb61" executionId="fac8c4b9-7ac5-47a7-85b8-3d93c503d8b7" testListId="8c84fa94-04c1-424b-9868-57a2d4851a1d" />    <TestEntry testId="1cde2d7b-9d41-3a8c-3f86-8e2f1b9defc1" executionId="dd616e59-e3ee-4aaa-82dc-b46fadc85af9" testListId="8c84fa94-04c1-424b-9868-57a2d4851a1d" />    <TestEntry testId="8b162b16-c318-cd7e-6122-f1a807ec27d6" executionId="8b8001ab-47ec-4b35-a02c-6fdbf15fc6b0" testListId="8c84fa94-04c1-424b-9868-57a2d4851a1d" />    <TestEntry testId="6c70d5eb-3a0d-4028-0836-da5c44aac304" executionId="b32618e0-654a-493d-bace-ba9e4c2c68f9" testListId="8c84fa94-04c1-424b-9868-57a2d4851a1d" />    <TestEntry testId="e15155ad-2ca9-c6a0-7b74-393cf6a52d84" executionId="956e93dd-f169-474a-b96e-fca69c1ace9f" testListId="8c84fa94-04c1-424b-9868-57a2d4851a1d" />    <TestEntry testId="ce4a17e4-e7bd-49f8-9f79-269e2d393b65" executionId="6a99145c-7bc7-4e72-8dc3-7e1897944acd" testListId="8c84fa94-04c1-424b-9868-57a2d4851a1d" />    <TestEntry testId="133f4025-27bd-954b-fbd4-812838db0b33" executionId="4da27718-1645-4c6e-9a49-eaf95ae71f2e" testListId="8c84fa94-04c1-424b-9868-57a2d4851a1d" />    <TestEntry testId="489c968b-b880-5fc8-bd0b-6eba1dfa4aa5" executionId="fd6cbcd8-9c72-440e-bc15-c69597b1ab83" testListId="8c84fa94-04c1-424b-9868-57a2d4851a1d" />    <TestEntry testId="fb9792fa-75e3-20db-19bd-ef45b841138e" executionId="4a9d31d9-42b9-48f2-aa0e-53e7ee1187ad" testListId="8c84fa94-04c1-424b-9868-57a2d4851a1d" />    <TestEntry testId="5508897a-23b9-1a65-d1ac-d3e0b8b09507" executionId="949ce1e6-6fb0-4d20-ad8b-b8c836c68720" testListId="8c84fa94-04c1-424b-9868-57a2d4851a1d" />    <TestEntry testId="d356ddf5-0e19-09c0-c2fa-f401bec05e78" executionId="9a0c1920-cc74-4c74-94db-1a33e54a3ba3" testListId="8c84fa94-04c1-424b-9868-57a2d4851a1d" />    <TestEntry testId="a6ccdbec-7c1b-7248-8151-1e4172fe1694" executionId="eff5603b-b2c5-420c-b9b8-977463e9b393" testListId="8c84fa94-04c1-424b-9868-57a2d4851a1d" />    <TestEntry testId="37e1099d-2930-51bf-2b04-45431403a844" executionId="f72d31ae-515b-4603-8a5d-b54e6f4fc727" testListId="8c84fa94-04c1-424b-9868-57a2d4851a1d" />    <TestEntry testId="bcf322c6-9d9c-e86e-0623-1328f8498152" executionId="216aec9d-c64d-4c8c-be5d-3f1777f6dd2b" testListId="8c84fa94-04c1-424b-9868-57a2d4851a1d" />    <TestEntry testId="dca28467-50ab-e2d2-6db6-df0eb8172821" executionId="d54d1291-41bc-494d-baa6-1278b8611468" testListId="8c84fa94-04c1-424b-9868-57a2d4851a1d" />    <TestEntry testId="c2939ce9-c8dd-1b53-453e-34eece35106c" executionId="29a00a75-035b-400c-90a2-7d7f66f562f7" testListId="8c84fa94-04c1-424b-9868-57a2d4851a1d" />    <TestEntry testId="c0fdd524-ebb4-4c6f-1ae1-8480f8bc304c" executionId="375773ce-a345-4559-b2fe-934b8e423349" testListId="8c84fa94-04c1-424b-9868-57a2d4851a1d" />    <TestEntry testId="34aae3b4-4dbb-a429-3b4c-908d986b466e" executionId="07195a52-7021-434c-b2cb-3aa2310ffc6b" testListId="8c84fa94-04c1-424b-9868-57a2d4851a1d" />    <TestEntry testId="1aa8b70a-b8eb-cae3-a307-3dbd4f25086c" executionId="1eb44a47-7aa4-4afc-8c91-fa394e9d97b8" testListId="8c84fa94-04c1-424b-9868-57a2d4851a1d" />    <TestEntry testId="e641d876-5e5a-c584-d6d1-cc06b1218347" executionId="6aba72b4-b239-4a09-88c0-741a0224e4b6" testListId="8c84fa94-04c1-424b-9868-57a2d4851a1d" />    <TestEntry testId="4b6aef25-149d-bb6d-7b29-a5a7f15e7ee4" executionId="95d5d3ae-dab7-4667-973f-1d343fb34e7b" testListId="8c84fa94-04c1-424b-9868-57a2d4851a1d" />    <TestEntry testId="aecf9cf5-4d17-afeb-52be-72d9e2818a7e" executionId="cb8d1884-d6c6-40c1-9e1d-40150992a713" testListId="8c84fa94-04c1-424b-9868-57a2d4851a1d" />    <TestEntry testId="2bf76d00-0b2d-4d2a-ed7b-40b84b94f276" executionId="13ae8ea8-0a9d-4d0c-aa5a-9d5b819ad9eb" testListId="8c84fa94-04c1-424b-9868-57a2d4851a1d" />    <TestEntry testId="aaf7673c-3690-47d3-6bb5-482c5f24f213" executionId="98365ec7-c06b-4fd3-8540-4c6dd9cc4c69" testListId="8c84fa94-04c1-424b-9868-57a2d4851a1d" />    <TestEntry testId="6c61fe55-e50a-5bef-e67f-90b4f89cdc54" executionId="f1263a78-4438-4722-9ca2-41f2238dde67" testListId="8c84fa94-04c1-424b-9868-57a2d4851a1d" />    <TestEntry testId="9876eb3a-4910-7af4-5024-31e212a1cbdc" executionId="dc474476-9608-4696-a74b-d5f1ebd86b5f" testListId="8c84fa94-04c1-424b-9868-57a2d4851a1d" />    <TestEntry testId="b7625cf1-b610-5d13-4f12-32d6876d6336" executionId="79073cec-c25e-41f8-bbae-9d86c9390b60" testListId="8c84fa94-04c1-424b-9868-57a2d4851a1d" />    <TestEntry testId="b4c8e0ce-bbde-31a2-0dfc-06e4ee0b7201" executionId="a072ec17-8f18-42cc-a202-983dc99ffe37" testListId="8c84fa94-04c1-424b-9868-57a2d4851a1d" />    <TestEntry testId="ec73293f-e87e-9a28-c7ec-c7e7a51aecd2" executionId="f1551e21-b3fd-4b45-b3a5-1f120f241faf" testListId="8c84fa94-04c1-424b-9868-57a2d4851a1d" />    <TestEntry testId="4831ce1f-f2db-4c4d-9f80-ff2586afc23c" executionId="be4772d4-3f25-4144-ac07-1911334662e1" testListId="8c84fa94-04c1-424b-9868-57a2d4851a1d" />    <TestEntry testId="b04e7110-5a79-ead1-0b2d-421790c1c9a0" executionId="69f70749-e5e7-415a-a286-a939b4133478" testListId="8c84fa94-04c1-424b-9868-57a2d4851a1d" />    <TestEntry testId="0d727253-2a41-8689-dfc6-0370fb4678e3" executionId="0fe1126d-5cbc-4b59-95a3-90f6a05ae36d" testListId="8c84fa94-04c1-424b-9868-57a2d4851a1d" />    <TestEntry testId="aad8092e-7726-fd6d-1c2e-3c1a51611329" executionId="2bbf5544-b559-4437-93c2-2c96049c5c53" testListId="8c84fa94-04c1-424b-9868-57a2d4851a1d" />    <TestEntry testId="61712ccb-1eb1-bed1-cdbc-971301eaab09" executionId="9589e2a3-386c-4f13-8ceb-231e212abca0" testListId="8c84fa94-04c1-424b-9868-57a2d4851a1d" />    <TestEntry testId="27937de2-b44e-f2c7-a270-383b2fc7d892" executionId="9d6f4ea3-4071-48a7-b6c0-818d43af59a6" testListId="8c84fa94-04c1-424b-9868-57a2d4851a1d" />  </TestEntries>  <TestLists>    <TestList name="Results Not in a List" id="8c84fa94-04c1-424b-9868-57a2d4851a1d" />    <TestList name="All Loaded Results" id="19431567-8539-422a-85d7-44ee4e166bda" />  </TestLists>  <ResultSummary outcome="Completed">    <Counters total="236" executed="236" passed="236" failed="0" error="0" timeout="0" aborted="0" inconclusive="0" passedButRunAborted="0" notRunnable="0" notExecuted="0" disconnected="0" warning="0" completed="0" inProgress="0" pending="0" />  </ResultSummary></TestRun>