<?xml version="1.0" encoding="UTF-8"?><TestRun>  <Times creation="2014-08-08T11:38:18.6628691-07:00" queuing="2014-08-08T11:38:18.6628691-07:00" start="2014-08-08T11:38:18.6688691-07:00" finish="2014-08-08T11:39:00.8768691-07:00" />  <TestSettings name="default" id="46bc3d88-5042-42b7-a58e-216b0e500664">    <Execution>      <TestTypeSpecific />    </Execution>    <Deployment runDeploymentRoot="pranayp_PRANAY-TEST 2014-08-08 11_38_18" />  </TestSettings>  <Results>    <UnitTestResult executionId="18f119c7-04ab-4826-87be-3ad517591464" testId="cd9413f3-cd78-f1b8-b53d-707a8795850e" testName="TestETWManifestInstallation" computerName="PRANAY-TEST" duration="00:00:14.6523267" startTime="2014-08-08T11:38:03.6918691-07:00" endTime="2014-08-08T11:38:18.6028691-07:00" testType="13cdc9d9-ddb5-4fa4-a97d-d965ccfc6d4b" outcome="Failed" testListId="8c84fa94-04c1-424b-9868-57a2d4851a1d" relativeResultsDirectory="18f119c7-04ab-4826-87be-3ad517591464">      <Output>        <ErrorInfo>          <Message>Test method Microsoft.ActiveDirectory.Connector.Test.MonitoringInstallerUnitTest.TestETWManifestInstallation threw exception: System.ArgumentException: WevUtil did not finish in the stipulated time with these arguments: im MonitoringAdapterTraceSpecification.man</Message>          <StackTrace>    at Microsoft.ActiveDirectory.Connector.MonitoringAdapterTraceSpecificationInstaller.ExecuteWevtutil(String arguments) in f:\src\Adiam_Cloud_Nightly_Tester\sources\dev\Services\SyncFabric\Controller\MonitoringAdapter\MonitoringAdapterTraceSpecificationInstaller.cs:line 56   at Microsoft.ActiveDirectory.Connector.MonitoringAdapterTraceSpecificationInstaller.Install() in f:\src\Adiam_Cloud_Nightly_Tester\sources\dev\Services\SyncFabric\Controller\MonitoringAdapter\MonitoringAdapterTraceSpecificationInstaller.cs:line 103   at Microsoft.ActiveDirectory.Connector.Test.MonitoringInstallerUnitTest.TestETWManifestInstallation() in f:\src\Adiam_Cloud_Nightly_Tester\sources\test\Services\SyncFabric\Controller\UnitTests\TestMonitoring\MonitoringInstallerUnitTest.cs:line 20</StackTrace>        </ErrorInfo>      </Output>    </UnitTestResult>    <UnitTestResult executionId="a50f3f18-cf3a-419e-b6fc-3619fc45cc43" testId="259d1ce1-fdb8-909a-90d9-6e804528f429" testName="TestCriticalErrorEmission" computerName="PRANAY-TEST" duration="00:00:10.7290347" startTime="2014-08-08T11:38:18.6608691-07:00" endTime="2014-08-08T11:38:29.3908691-07:00" testType="13cdc9d9-ddb5-4fa4-a97d-d965ccfc6d4b" outcome="Passed" testListId="8c84fa94-04c1-424b-9868-57a2d4851a1d" relativeResultsDirectory="a50f3f18-cf3a-419e-b6fc-3619fc45cc43" />    <UnitTestResult executionId="81670c9a-d04b-409f-986e-161d63dda7a3" testId="a7b273e0-2999-2341-10e8-f8aa44944872" testName="TestEmissionMetadata" computerName="PRANAY-TEST" duration="00:00:00.0035050" startTime="2014-08-08T11:38:29.3918691-07:00" endTime="2014-08-08T11:38:29.3958691-07:00" testType="13cdc9d9-ddb5-4fa4-a97d-d965ccfc6d4b" outcome="Passed" testListId="8c84fa94-04c1-424b-9868-57a2d4851a1d" relativeResultsDirectory="81670c9a-d04b-409f-986e-161d63dda7a3" />    <UnitTestResult executionId="3dae9af0-90c3-496c-8129-9f1279383041" testId="9863179c-272a-b23d-7dee-1e1cfee1927f" testName="TestEmissionContainsSecrets" computerName="PRANAY-TEST" duration="00:00:00.0058540" startTime="2014-08-08T11:38:29.3958691-07:00" endTime="2014-08-08T11:38:29.4018691-07:00" testType="13cdc9d9-ddb5-4fa4-a97d-d965ccfc6d4b" outcome="Passed" testListId="8c84fa94-04c1-424b-9868-57a2d4851a1d" relativeResultsDirectory="3dae9af0-90c3-496c-8129-9f1279383041" />    <UnitTestResult executionId="abfd0441-74c1-4346-8bd2-23ee8a305d03" testId="5cbc4369-c490-f77c-7bd7-7aa365b037f0" testName="TestErrorEmission" computerName="PRANAY-TEST" duration="00:00:00.2235046" startTime="2014-08-08T11:38:29.4028691-07:00" endTime="2014-08-08T11:38:29.6258691-07:00" testType="13cdc9d9-ddb5-4fa4-a97d-d965ccfc6d4b" outcome="Passed" testListId="8c84fa94-04c1-424b-9868-57a2d4851a1d" relativeResultsDirectory="abfd0441-74c1-4346-8bd2-23ee8a305d03" />    <UnitTestResult executionId="8a033764-083d-4fb9-9c61-cf7bd78f9587" testId="17fadc5f-bc6f-27ee-d038-d3341be9a0c2" testName="TestInformationEmission" computerName="PRANAY-TEST" duration="00:00:00.0062470" startTime="2014-08-08T11:38:29.6258691-07:00" endTime="2014-08-08T11:38:29.6328691-07:00" testType="13cdc9d9-ddb5-4fa4-a97d-d965ccfc6d4b" outcome="Passed" testListId="8c84fa94-04c1-424b-9868-57a2d4851a1d" relativeResultsDirectory="8a033764-083d-4fb9-9c61-cf7bd78f9587" />    <UnitTestResult executionId="7f144f7d-e8d4-4617-9e34-9a49eb20584f" testId="ee8f64dc-2147-ad36-bbf3-b9abd414090a" testName="TestOperationTracker" computerName="PRANAY-TEST" duration="00:00:05.2544736" startTime="2014-08-08T11:38:29.6328691-07:00" endTime="2014-08-08T11:38:34.8878691-07:00" testType="13cdc9d9-ddb5-4fa4-a97d-d965ccfc6d4b" outcome="Passed" testListId="8c84fa94-04c1-424b-9868-57a2d4851a1d" relativeResultsDirectory="7f144f7d-e8d4-4617-9e34-9a49eb20584f" />    <UnitTestResult executionId="8718646b-5bed-43a0-bbc6-8bedeefcd157" testId="d622cb79-30b3-81d8-86a1-43538721ce2d" testName="TestSplittingEmission" computerName="PRANAY-TEST" duration="00:00:00.0375844" startTime="2014-08-08T11:38:34.8888691-07:00" endTime="2014-08-08T11:38:34.9268691-07:00" testType="13cdc9d9-ddb5-4fa4-a97d-d965ccfc6d4b" outcome="Passed" testListId="8c84fa94-04c1-424b-9868-57a2d4851a1d" relativeResultsDirectory="8718646b-5bed-43a0-bbc6-8bedeefcd157" />    <UnitTestResult executionId="cef1ec68-0c81-409c-a26c-b7d801d38f6f" testId="82726b63-af00-05a0-ea65-8a4a07f9d9dd" testName="TestEmitRunProfileStatisticsEmission" computerName="PRANAY-TEST" duration="00:00:00.0085394" startTime="2014-08-08T11:38:34.9268691-07:00" endTime="2014-08-08T11:38:34.9358691-07:00" testType="13cdc9d9-ddb5-4fa4-a97d-d965ccfc6d4b" outcome="Passed" testListId="8c84fa94-04c1-424b-9868-57a2d4851a1d" relativeResultsDirectory="cef1ec68-0c81-409c-a26c-b7d801d38f6f" />    <UnitTestResult executionId="36ecfedd-2da6-4d52-89dc-8cf996f5e8c8" testId="b9deaf76-e752-369a-84d5-87982beda926" testName="TestEmitMetricEmission" computerName="PRANAY-TEST" duration="00:00:00.0080217" startTime="2014-08-08T11:38:34.9358691-07:00" endTime="2014-08-08T11:38:34.9438691-07:00" testType="13cdc9d9-ddb5-4fa4-a97d-d965ccfc6d4b" outcome="Passed" testListId="8c84fa94-04c1-424b-9868-57a2d4851a1d" relativeResultsDirectory="36ecfedd-2da6-4d52-89dc-8cf996f5e8c8" />    <UnitTestResult executionId="ed268bfb-ed04-4fc3-a4db-74cbf9870d79" testId="9aeec150-0375-d597-e089-fd38a184c221" testName="TestEmitOperationMetricEmission" computerName="PRANAY-TEST" duration="00:00:00.9162815" startTime="2014-08-08T11:38:34.9438691-07:00" endTime="2014-08-08T11:38:35.8608691-07:00" testType="13cdc9d9-ddb5-4fa4-a97d-d965ccfc6d4b" outcome="Passed" testListId="8c84fa94-04c1-424b-9868-57a2d4851a1d" relativeResultsDirectory="ed268bfb-ed04-4fc3-a4db-74cbf9870d79" />    <UnitTestResult executionId="4b7dec19-fcdd-4d74-b71e-2700f80161ef" testId="9c44ca8d-1807-7017-8e45-bff4f8c2989b" testName="TestUsageEmission" computerName="PRANAY-TEST" duration="00:00:00.0068152" startTime="2014-08-08T11:38:35.8608691-07:00" endTime="2014-08-08T11:38:35.8678691-07:00" testType="13cdc9d9-ddb5-4fa4-a97d-d965ccfc6d4b" outcome="Passed" testListId="8c84fa94-04c1-424b-9868-57a2d4851a1d" relativeResultsDirectory="4b7dec19-fcdd-4d74-b71e-2700f80161ef" />    <UnitTestResult executionId="80e2fe20-51b1-4564-be9c-bf507234abb1" testId="af38a6ff-7475-dbd1-751f-211e79a189b0" testName="TestVerboseMessageEmission" computerName="PRANAY-TEST" duration="00:00:00.0014874" startTime="2014-08-08T11:38:35.8678691-07:00" endTime="2014-08-08T11:38:35.8698691-07:00" testType="13cdc9d9-ddb5-4fa4-a97d-d965ccfc6d4b" outcome="Passed" testListId="8c84fa94-04c1-424b-9868-57a2d4851a1d" relativeResultsDirectory="80e2fe20-51b1-4564-be9c-bf507234abb1" />    <UnitTestResult executionId="39d4791b-cbf2-4a24-bea8-c71e27a6163c" testId="ea40065e-cc4e-a1d4-954b-5fbf4a249a8e" testName="TestWarningEmission" computerName="PRANAY-TEST" duration="00:00:00.0039904" startTime="2014-08-08T11:38:35.8698691-07:00" endTime="2014-08-08T11:38:35.8738691-07:00" testType="13cdc9d9-ddb5-4fa4-a97d-d965ccfc6d4b" outcome="Passed" testListId="8c84fa94-04c1-424b-9868-57a2d4851a1d" relativeResultsDirectory="39d4791b-cbf2-4a24-bea8-c71e27a6163c" />    <UnitTestResult executionId="ad7cb931-8243-4c65-90a3-49d3f3abcc2a" testId="5dbf5956-c002-fd4c-16ad-369bfa4a7c61" testName="TestEndToEndTracingIdentifier" computerName="PRANAY-TEST" duration="00:00:00.0165423" startTime="2014-08-08T11:38:35.8738691-07:00" endTime="2014-08-08T11:38:35.8908691-07:00" testType="13cdc9d9-ddb5-4fa4-a97d-d965ccfc6d4b" outcome="Passed" testListId="8c84fa94-04c1-424b-9868-57a2d4851a1d" relativeResultsDirectory="ad7cb931-8243-4c65-90a3-49d3f3abcc2a" />  </Results>  <TestDefinitions>    <UnitTest name="TestETWManifestInstallation" storage="f:\src\adiam_cloud_nightly_tester\bins\debug\amd64\syncfabric\tests\testmonitoring\microsoft.activedirectory.connector.test.testmonitoring.dll" id="cd9413f3-cd78-f1b8-b53d-707a8795850e">      <Execution id="18f119c7-04ab-4826-87be-3ad517591464" />      <TestMethod codeBase="f:\src\Adiam_Cloud_Nightly_Tester\bins\debug\amd64\SyncFabric\Tests\TestMonitoring\Microsoft.ActiveDirectory.Connector.Test.TestMonitoring.dll" adapterTypeName="Microsoft.VisualStudio.TestTools.TestTypes.Unit.UnitTestAdapter" className="Microsoft.ActiveDirectory.Connector.Test.MonitoringInstallerUnitTest" name="TestETWManifestInstallation" />    </UnitTest>    <UnitTest name="TestCriticalErrorEmission" storage="f:\src\adiam_cloud_nightly_tester\bins\debug\amd64\syncfabric\tests\testmonitoring\microsoft.activedirectory.connector.test.testmonitoring.dll" id="259d1ce1-fdb8-909a-90d9-6e804528f429">      <Execution id="a50f3f18-cf3a-419e-b6fc-3619fc45cc43" />      <TestMethod codeBase="f:\src\Adiam_Cloud_Nightly_Tester\bins\debug\amd64\SyncFabric\Tests\TestMonitoring\Microsoft.ActiveDirectory.Connector.Test.TestMonitoring.dll" adapterTypeName="Microsoft.VisualStudio.TestTools.TestTypes.Unit.UnitTestAdapter" className="Microsoft.ActiveDirectory.Connector.Test.MonitoringUnitTest" name="TestCriticalErrorEmission" />    </UnitTest>    <UnitTest name="TestEmissionMetadata" storage="f:\src\adiam_cloud_nightly_tester\bins\debug\amd64\syncfabric\tests\testmonitoring\microsoft.activedirectory.connector.test.testmonitoring.dll" id="a7b273e0-2999-2341-10e8-f8aa44944872">      <Execution id="81670c9a-d04b-409f-986e-161d63dda7a3" />      <TestMethod codeBase="f:\src\Adiam_Cloud_Nightly_Tester\bins\debug\amd64\SyncFabric\Tests\TestMonitoring\Microsoft.ActiveDirectory.Connector.Test.TestMonitoring.dll" adapterTypeName="Microsoft.VisualStudio.TestTools.TestTypes.Unit.UnitTestAdapter" className="Microsoft.ActiveDirectory.Connector.Test.MonitoringUnitTest" name="TestEmissionMetadata" />    </UnitTest>    <UnitTest name="TestEmissionContainsSecrets" storage="f:\src\adiam_cloud_nightly_tester\bins\debug\amd64\syncfabric\tests\testmonitoring\microsoft.activedirectory.connector.test.testmonitoring.dll" id="9863179c-272a-b23d-7dee-1e1cfee1927f">      <Execution id="3dae9af0-90c3-496c-8129-9f1279383041" />      <TestMethod codeBase="f:\src\Adiam_Cloud_Nightly_Tester\bins\debug\amd64\SyncFabric\Tests\TestMonitoring\Microsoft.ActiveDirectory.Connector.Test.TestMonitoring.dll" adapterTypeName="Microsoft.VisualStudio.TestTools.TestTypes.Unit.UnitTestAdapter" className="Microsoft.ActiveDirectory.Connector.Test.MonitoringUnitTest" name="TestEmissionContainsSecrets" />    </UnitTest>    <UnitTest name="TestErrorEmission" storage="f:\src\adiam_cloud_nightly_tester\bins\debug\amd64\syncfabric\tests\testmonitoring\microsoft.activedirectory.connector.test.testmonitoring.dll" id="5cbc4369-c490-f77c-7bd7-7aa365b037f0">      <Execution id="abfd0441-74c1-4346-8bd2-23ee8a305d03" />      <TestMethod codeBase="f:\src\Adiam_Cloud_Nightly_Tester\bins\debug\amd64\SyncFabric\Tests\TestMonitoring\Microsoft.ActiveDirectory.Connector.Test.TestMonitoring.dll" adapterTypeName="Microsoft.VisualStudio.TestTools.TestTypes.Unit.UnitTestAdapter" className="Microsoft.ActiveDirectory.Connector.Test.MonitoringUnitTest" name="TestErrorEmission" />    </UnitTest>    <UnitTest name="TestInformationEmission" storage="f:\src\adiam_cloud_nightly_tester\bins\debug\amd64\syncfabric\tests\testmonitoring\microsoft.activedirectory.connector.test.testmonitoring.dll" id="17fadc5f-bc6f-27ee-d038-d3341be9a0c2">      <Execution id="8a033764-083d-4fb9-9c61-cf7bd78f9587" />      <TestMethod codeBase="f:\src\Adiam_Cloud_Nightly_Tester\bins\debug\amd64\SyncFabric\Tests\TestMonitoring\Microsoft.ActiveDirectory.Connector.Test.TestMonitoring.dll" adapterTypeName="Microsoft.VisualStudio.TestTools.TestTypes.Unit.UnitTestAdapter" className="Microsoft.ActiveDirectory.Connector.Test.MonitoringUnitTest" name="TestInformationEmission" />    </UnitTest>    <UnitTest name="TestOperationTracker" storage="f:\src\adiam_cloud_nightly_tester\bins\debug\amd64\syncfabric\tests\testmonitoring\microsoft.activedirectory.connector.test.testmonitoring.dll" id="ee8f64dc-2147-ad36-bbf3-b9abd414090a">      <Execution id="7f144f7d-e8d4-4617-9e34-9a49eb20584f" />      <TestMethod codeBase="f:\src\Adiam_Cloud_Nightly_Tester\bins\debug\amd64\SyncFabric\Tests\TestMonitoring\Microsoft.ActiveDirectory.Connector.Test.TestMonitoring.dll" adapterTypeName="Microsoft.VisualStudio.TestTools.TestTypes.Unit.UnitTestAdapter" className="Microsoft.ActiveDirectory.Connector.Test.MonitoringUnitTest" name="TestOperationTracker" />    </UnitTest>    <UnitTest name="TestSplittingEmission" storage="f:\src\adiam_cloud_nightly_tester\bins\debug\amd64\syncfabric\tests\testmonitoring\microsoft.activedirectory.connector.test.testmonitoring.dll" id="d622cb79-30b3-81d8-86a1-43538721ce2d">      <Execution id="8718646b-5bed-43a0-bbc6-8bedeefcd157" />      <TestMethod codeBase="f:\src\Adiam_Cloud_Nightly_Tester\bins\debug\amd64\SyncFabric\Tests\TestMonitoring\Microsoft.ActiveDirectory.Connector.Test.TestMonitoring.dll" adapterTypeName="Microsoft.VisualStudio.TestTools.TestTypes.Unit.UnitTestAdapter" className="Microsoft.ActiveDirectory.Connector.Test.MonitoringUnitTest" name="TestSplittingEmission" />    </UnitTest>    <UnitTest name="TestEmitRunProfileStatisticsEmission" storage="f:\src\adiam_cloud_nightly_tester\bins\debug\amd64\syncfabric\tests\testmonitoring\microsoft.activedirectory.connector.test.testmonitoring.dll" id="82726b63-af00-05a0-ea65-8a4a07f9d9dd">      <Execution id="cef1ec68-0c81-409c-a26c-b7d801d38f6f" />      <TestMethod codeBase="f:\src\Adiam_Cloud_Nightly_Tester\bins\debug\amd64\SyncFabric\Tests\TestMonitoring\Microsoft.ActiveDirectory.Connector.Test.TestMonitoring.dll" adapterTypeName="Microsoft.VisualStudio.TestTools.TestTypes.Unit.UnitTestAdapter" className="Microsoft.ActiveDirectory.Connector.Test.MonitoringUnitTest" name="TestEmitRunProfileStatisticsEmission" />    </UnitTest>    <UnitTest name="TestEmitMetricEmission" storage="f:\src\adiam_cloud_nightly_tester\bins\debug\amd64\syncfabric\tests\testmonitoring\microsoft.activedirectory.connector.test.testmonitoring.dll" id="b9deaf76-e752-369a-84d5-87982beda926">      <Execution id="36ecfedd-2da6-4d52-89dc-8cf996f5e8c8" />      <TestMethod codeBase="f:\src\Adiam_Cloud_Nightly_Tester\bins\debug\amd64\SyncFabric\Tests\TestMonitoring\Microsoft.ActiveDirectory.Connector.Test.TestMonitoring.dll" adapterTypeName="Microsoft.VisualStudio.TestTools.TestTypes.Unit.UnitTestAdapter" className="Microsoft.ActiveDirectory.Connector.Test.MonitoringUnitTest" name="TestEmitMetricEmission" />    </UnitTest>    <UnitTest name="TestEmitOperationMetricEmission" storage="f:\src\adiam_cloud_nightly_tester\bins\debug\amd64\syncfabric\tests\testmonitoring\microsoft.activedirectory.connector.test.testmonitoring.dll" id="9aeec150-0375-d597-e089-fd38a184c221">      <Execution id="ed268bfb-ed04-4fc3-a4db-74cbf9870d79" />      <TestMethod codeBase="f:\src\Adiam_Cloud_Nightly_Tester\bins\debug\amd64\SyncFabric\Tests\TestMonitoring\Microsoft.ActiveDirectory.Connector.Test.TestMonitoring.dll" adapterTypeName="Microsoft.VisualStudio.TestTools.TestTypes.Unit.UnitTestAdapter" className="Microsoft.ActiveDirectory.Connector.Test.MonitoringUnitTest" name="TestEmitOperationMetricEmission" />    </UnitTest>    <UnitTest name="TestUsageEmission" storage="f:\src\adiam_cloud_nightly_tester\bins\debug\amd64\syncfabric\tests\testmonitoring\microsoft.activedirectory.connector.test.testmonitoring.dll" id="9c44ca8d-1807-7017-8e45-bff4f8c2989b">      <Execution id="4b7dec19-fcdd-4d74-b71e-2700f80161ef" />      <TestMethod codeBase="f:\src\Adiam_Cloud_Nightly_Tester\bins\debug\amd64\SyncFabric\Tests\TestMonitoring\Microsoft.ActiveDirectory.Connector.Test.TestMonitoring.dll" adapterTypeName="Microsoft.VisualStudio.TestTools.TestTypes.Unit.UnitTestAdapter" className="Microsoft.ActiveDirectory.Connector.Test.MonitoringUnitTest" name="TestUsageEmission" />    </UnitTest>    <UnitTest name="TestVerboseMessageEmission" storage="f:\src\adiam_cloud_nightly_tester\bins\debug\amd64\syncfabric\tests\testmonitoring\microsoft.activedirectory.connector.test.testmonitoring.dll" id="af38a6ff-7475-dbd1-751f-211e79a189b0">      <Execution id="80e2fe20-51b1-4564-be9c-bf507234abb1" />      <TestMethod codeBase="f:\src\Adiam_Cloud_Nightly_Tester\bins\debug\amd64\SyncFabric\Tests\TestMonitoring\Microsoft.ActiveDirectory.Connector.Test.TestMonitoring.dll" adapterTypeName="Microsoft.VisualStudio.TestTools.TestTypes.Unit.UnitTestAdapter" className="Microsoft.ActiveDirectory.Connector.Test.MonitoringUnitTest" name="TestVerboseMessageEmission" />    </UnitTest>    <UnitTest name="TestWarningEmission" storage="f:\src\adiam_cloud_nightly_tester\bins\debug\amd64\syncfabric\tests\testmonitoring\microsoft.activedirectory.connector.test.testmonitoring.dll" id="ea40065e-cc4e-a1d4-954b-5fbf4a249a8e">      <Execution id="39d4791b-cbf2-4a24-bea8-c71e27a6163c" />      <TestMethod codeBase="f:\src\Adiam_Cloud_Nightly_Tester\bins\debug\amd64\SyncFabric\Tests\TestMonitoring\Microsoft.ActiveDirectory.Connector.Test.TestMonitoring.dll" adapterTypeName="Microsoft.VisualStudio.TestTools.TestTypes.Unit.UnitTestAdapter" className="Microsoft.ActiveDirectory.Connector.Test.MonitoringUnitTest" name="TestWarningEmission" />    </UnitTest>    <UnitTest name="TestEndToEndTracingIdentifier" storage="f:\src\adiam_cloud_nightly_tester\bins\debug\amd64\syncfabric\tests\testmonitoring\microsoft.activedirectory.connector.test.testmonitoring.dll" id="5dbf5956-c002-fd4c-16ad-369bfa4a7c61">      <Execution id="ad7cb931-8243-4c65-90a3-49d3f3abcc2a" />      <TestMethod codeBase="f:\src\Adiam_Cloud_Nightly_Tester\bins\debug\amd64\SyncFabric\Tests\TestMonitoring\Microsoft.ActiveDirectory.Connector.Test.TestMonitoring.dll" adapterTypeName="Microsoft.VisualStudio.TestTools.TestTypes.Unit.UnitTestAdapter" className="Microsoft.ActiveDirectory.Connector.Test.MonitoringUnitTest" name="TestEndToEndTracingIdentifier" />    </UnitTest>  </TestDefinitions>  <TestEntries>    <TestEntry testId="cd9413f3-cd78-f1b8-b53d-707a8795850e" executionId="18f119c7-04ab-4826-87be-3ad517591464" testListId="8c84fa94-04c1-424b-9868-57a2d4851a1d" />    <TestEntry testId="259d1ce1-fdb8-909a-90d9-6e804528f429" executionId="a50f3f18-cf3a-419e-b6fc-3619fc45cc43" testListId="8c84fa94-04c1-424b-9868-57a2d4851a1d" />    <TestEntry testId="a7b273e0-2999-2341-10e8-f8aa44944872" executionId="81670c9a-d04b-409f-986e-161d63dda7a3" testListId="8c84fa94-04c1-424b-9868-57a2d4851a1d" />    <TestEntry testId="9863179c-272a-b23d-7dee-1e1cfee1927f" executionId="3dae9af0-90c3-496c-8129-9f1279383041" testListId="8c84fa94-04c1-424b-9868-57a2d4851a1d" />    <TestEntry testId="5cbc4369-c490-f77c-7bd7-7aa365b037f0" executionId="abfd0441-74c1-4346-8bd2-23ee8a305d03" testListId="8c84fa94-04c1-424b-9868-57a2d4851a1d" />    <TestEntry testId="17fadc5f-bc6f-27ee-d038-d3341be9a0c2" executionId="8a033764-083d-4fb9-9c61-cf7bd78f9587" testListId="8c84fa94-04c1-424b-9868-57a2d4851a1d" />    <TestEntry testId="ee8f64dc-2147-ad36-bbf3-b9abd414090a" executionId="7f144f7d-e8d4-4617-9e34-9a49eb20584f" testListId="8c84fa94-04c1-424b-9868-57a2d4851a1d" />    <TestEntry testId="d622cb79-30b3-81d8-86a1-43538721ce2d" executionId="8718646b-5bed-43a0-bbc6-8bedeefcd157" testListId="8c84fa94-04c1-424b-9868-57a2d4851a1d" />    <TestEntry testId="82726b63-af00-05a0-ea65-8a4a07f9d9dd" executionId="cef1ec68-0c81-409c-a26c-b7d801d38f6f" testListId="8c84fa94-04c1-424b-9868-57a2d4851a1d" />    <TestEntry testId="b9deaf76-e752-369a-84d5-87982beda926" executionId="36ecfedd-2da6-4d52-89dc-8cf996f5e8c8" testListId="8c84fa94-04c1-424b-9868-57a2d4851a1d" />    <TestEntry testId="9aeec150-0375-d597-e089-fd38a184c221" executionId="ed268bfb-ed04-4fc3-a4db-74cbf9870d79" testListId="8c84fa94-04c1-424b-9868-57a2d4851a1d" />    <TestEntry testId="9c44ca8d-1807-7017-8e45-bff4f8c2989b" executionId="4b7dec19-fcdd-4d74-b71e-2700f80161ef" testListId="8c84fa94-04c1-424b-9868-57a2d4851a1d" />    <TestEntry testId="af38a6ff-7475-dbd1-751f-211e79a189b0" executionId="80e2fe20-51b1-4564-be9c-bf507234abb1" testListId="8c84fa94-04c1-424b-9868-57a2d4851a1d" />    <TestEntry testId="ea40065e-cc4e-a1d4-954b-5fbf4a249a8e" executionId="39d4791b-cbf2-4a24-bea8-c71e27a6163c" testListId="8c84fa94-04c1-424b-9868-57a2d4851a1d" />    <TestEntry testId="5dbf5956-c002-fd4c-16ad-369bfa4a7c61" executionId="ad7cb931-8243-4c65-90a3-49d3f3abcc2a" testListId="8c84fa94-04c1-424b-9868-57a2d4851a1d" />  </TestEntries>  <TestLists>    <TestList name="Results Not in a List" id="8c84fa94-04c1-424b-9868-57a2d4851a1d" />    <TestList name="All Loaded Results" id="19431567-8539-422a-85d7-44ee4e166bda" />  </TestLists>  <ResultSummary outcome="Failed">    <Counters total="15" executed="15" passed="14" failed="1" error="0" timeout="0" aborted="0" inconclusive="0" passedButRunAborted="0" notRunnable="0" notExecuted="0" disconnected="0" warning="0" completed="0" inProgress="0" pending="0" />  </ResultSummary></TestRun>