<?xml version="1.0" encoding="UTF-8"?><TestRun>  <Times creation="2014-08-08T11:37:53.6688691-07:00" queuing="2014-08-08T11:37:53.6688691-07:00" start="2014-08-08T11:37:53.6768691-07:00" finish="2014-08-08T11:38:57.1688691-07:00" />  <TestSettings name="default" id="f312e371-4c8f-43c9-b049-1035ca948bae">    <Execution>      <TestTypeSpecific />    </Execution>    <Deployment runDeploymentRoot="pranayp_PRANAY-TEST 2014-08-08 11_37_53" />  </TestSettings>  <Results>    <UnitTestResult executionId="7527940f-4db1-4c8c-b3e5-fc0fd8afdc3d" testId="a28f9d51-ad52-6dbd-aefb-6e9cf4aa315b" testName="TestSendMessage" computerName="PRANAY-TEST" duration="00:00:01.5453172" startTime="2014-08-08T11:37:51.7348691-07:00" endTime="2014-08-08T11:37:53.5758691-07:00" testType="13cdc9d9-ddb5-4fa4-a97d-d965ccfc6d4b" outcome="Passed" testListId="8c84fa94-04c1-424b-9868-57a2d4851a1d" relativeResultsDirectory="7527940f-4db1-4c8c-b3e5-fc0fd8afdc3d">      <Output>        <StdOut>"To: someName@someDomain.com Body: e6846386-99a5-4005-9278-81b3dadc6f7e"Debug Trace:"To: someName@someDomain.com Body: e6846386-99a5-4005-9278-81b3dadc6f7e"</StdOut>      </Output>    </UnitTestResult>    <UnitTestResult executionId="75fd41dc-996c-4b46-80aa-6ec3dee0bd56" testId="5503110d-12a1-058a-c6af-253f7c815c7e" testName="TestDeleteLockedProfile" computerName="PRANAY-TEST" duration="00:00:13.1353496" startTime="2014-08-08T11:37:53.5998691-07:00" endTime="2014-08-08T11:38:06.7358691-07:00" testType="13cdc9d9-ddb5-4fa4-a97d-d965ccfc6d4b" outcome="Passed" testListId="8c84fa94-04c1-424b-9868-57a2d4851a1d" relativeResultsDirectory="75fd41dc-996c-4b46-80aa-6ec3dee0bd56" />    <UnitTestResult executionId="7aea7b7a-bb5a-4332-8484-e02847d7f59d" testId="1605dfa0-8640-12ea-c982-2875fad35cfb" testName="TestDeleteProfile" computerName="PRANAY-TEST" duration="00:00:00.3518727" startTime="2014-08-08T11:38:06.7358691-07:00" endTime="2014-08-08T11:38:07.0888691-07:00" testType="13cdc9d9-ddb5-4fa4-a97d-d965ccfc6d4b" outcome="Passed" testListId="8c84fa94-04c1-424b-9868-57a2d4851a1d" relativeResultsDirectory="7aea7b7a-bb5a-4332-8484-e02847d7f59d" />    <UnitTestResult executionId="45d877f3-5fc5-4d10-b817-d1dee989df32" testId="81a5e050-8363-6273-dc8c-c1ed9eb96adf" testName="TestGetProfile" computerName="PRANAY-TEST" duration="00:00:01.7211300" startTime="2014-08-08T11:38:07.0888691-07:00" endTime="2014-08-08T11:38:08.8098691-07:00" testType="13cdc9d9-ddb5-4fa4-a97d-d965ccfc6d4b" outcome="Passed" testListId="8c84fa94-04c1-424b-9868-57a2d4851a1d" relativeResultsDirectory="45d877f3-5fc5-4d10-b817-d1dee989df32" />    <UnitTestResult executionId="d8a33d5d-0853-4563-92aa-111beb31403d" testId="0c5cf71a-16e1-849b-473a-b22c997c4529" testName="TestGetTenantInformation" computerName="PRANAY-TEST" duration="00:00:00.2709582" startTime="2014-08-08T11:38:08.8098691-07:00" endTime="2014-08-08T11:38:09.0818691-07:00" testType="13cdc9d9-ddb5-4fa4-a97d-d965ccfc6d4b" outcome="Passed" testListId="8c84fa94-04c1-424b-9868-57a2d4851a1d" relativeResultsDirectory="d8a33d5d-0853-4563-92aa-111beb31403d" />    <UnitTestResult executionId="cd452e4e-777c-4d57-ba0f-3875ae596625" testId="74062545-51a6-8363-ce39-23d047f55b76" testName="TestLockProfile" computerName="PRANAY-TEST" duration="00:00:01.8458186" startTime="2014-08-08T11:38:09.0818691-07:00" endTime="2014-08-08T11:38:10.9278691-07:00" testType="13cdc9d9-ddb5-4fa4-a97d-d965ccfc6d4b" outcome="Passed" testListId="8c84fa94-04c1-424b-9868-57a2d4851a1d" relativeResultsDirectory="cd452e4e-777c-4d57-ba0f-3875ae596625" />    <UnitTestResult executionId="0855456f-c9f1-4ee2-ba06-7432b28f9095" testId="5c271379-e927-0652-646f-186eed4d3186" testName="TestLockTenant" computerName="PRANAY-TEST" duration="00:00:00.7461684" startTime="2014-08-08T11:38:10.9288691-07:00" endTime="2014-08-08T11:38:11.6748691-07:00" testType="13cdc9d9-ddb5-4fa4-a97d-d965ccfc6d4b" outcome="Passed" testListId="8c84fa94-04c1-424b-9868-57a2d4851a1d" relativeResultsDirectory="0855456f-c9f1-4ee2-ba06-7432b28f9095" />    <UnitTestResult executionId="77c1523e-ecdd-4c69-a123-c5e451c7930e" testId="36f71f40-452a-dfc2-0fdf-20ec4da4207c" testName="TestUnlockProfile" computerName="PRANAY-TEST" duration="00:00:03.2377361" startTime="2014-08-08T11:38:11.6758691-07:00" endTime="2014-08-08T11:38:15.0878691-07:00" testType="13cdc9d9-ddb5-4fa4-a97d-d965ccfc6d4b" outcome="Passed" testListId="8c84fa94-04c1-424b-9868-57a2d4851a1d" relativeResultsDirectory="77c1523e-ecdd-4c69-a123-c5e451c7930e" />    <UnitTestResult executionId="e46d7bda-b1e8-438b-a28a-93f117ba58ce" testId="2cfc7ce1-ca4b-c48e-dce5-222b9dcb43f6" testName="TestUpdateProfile" computerName="PRANAY-TEST" duration="00:00:04.1468832" startTime="2014-08-08T11:38:15.0888691-07:00" endTime="2014-08-08T11:38:19.2358691-07:00" testType="13cdc9d9-ddb5-4fa4-a97d-d965ccfc6d4b" outcome="Passed" testListId="8c84fa94-04c1-424b-9868-57a2d4851a1d" relativeResultsDirectory="e46d7bda-b1e8-438b-a28a-93f117ba58ce" />    <UnitTestResult executionId="421f7bc3-2948-4cb9-9f5e-1fa7e2bd134f" testId="05e68277-ee1c-c451-1dce-47c30fcca06e" testName="TestUpdateTenant" computerName="PRANAY-TEST" duration="00:00:00.6902380" startTime="2014-08-08T11:38:19.2368691-07:00" endTime="2014-08-08T11:38:19.9278691-07:00" testType="13cdc9d9-ddb5-4fa4-a97d-d965ccfc6d4b" outcome="Passed" testListId="8c84fa94-04c1-424b-9868-57a2d4851a1d" relativeResultsDirectory="421f7bc3-2948-4cb9-9f5e-1fa7e2bd134f" />    <UnitTestResult executionId="556a9729-a7df-4ed7-90a5-15c7a2d63b01" testId="7bf253a5-4dc6-2ca4-5780-4151dc256608" testName="TestUpdateWithInboundProfile" computerName="PRANAY-TEST" duration="00:00:05.3452991" startTime="2014-08-08T11:38:19.9278691-07:00" endTime="2014-08-08T11:38:25.2738691-07:00" testType="13cdc9d9-ddb5-4fa4-a97d-d965ccfc6d4b" outcome="Passed" testListId="8c84fa94-04c1-424b-9868-57a2d4851a1d" relativeResultsDirectory="556a9729-a7df-4ed7-90a5-15c7a2d63b01">      <Output>        <StdOut>"To: craigmcm@microsoft.com Body: &lt;?xml version="1.0" encoding="utf-16"?&gt;&lt;Fault xmlns="http://schemas.microsoft.com/ws/2005/05/envelope/none"&gt;&lt;Code&gt;&lt;Value xmlns:a="http://schemas.microsoft.com/2006/11/IdentityManagement/DirectoryAccess/fault"&gt;a:UnwillingToPerform&lt;/Value&gt;&lt;/Code&gt;&lt;Reason&gt;&lt;Text xml:lang=""&gt;An error occurred executing the run profile with this identifier: QBOInMock.52e5937e28b549db8eec4e0de038d8f6  Time: 08/08/2014 11:38:24  Thread: 7&lt;/Text&gt;&lt;/Reason&gt;&lt;Detail&gt;&lt;FaultDetail xmlns:i="http://www.w3.org/2001/XMLSchema-instance" xmlns="http://schemas.datacontract.org/2004/07/Microsoft.ActiveDirectory.Connector"&gt;&lt;ErrorCode&gt;UnSpecified&lt;/ErrorCode&gt;&lt;ErrorSource&gt;None&lt;/ErrorSource&gt;&lt;Exception i:nil="true" /&gt;&lt;ExceptionMessage&gt;&lt;/ExceptionMessage&gt;&lt;Scope&gt;None&lt;/Scope&gt;&lt;TenantActionable&gt;false&lt;/TenantActionable&gt;&lt;Transient&gt;false&lt;/Transient&gt;&lt;/FaultDetail&gt;&lt;/Detail&gt;&lt;/Fault&gt;""To: craigmcm@microsoft.com Body: &lt;?xml version="1.0" encoding="utf-16"?&gt;&lt;Fault xmlns="http://schemas.microsoft.com/ws/2005/05/envelope/none"&gt;&lt;Code&gt;&lt;Value xmlns:a="http://schemas.microsoft.com/2006/11/IdentityManagement/DirectoryAccess/fault"&gt;a:UnwillingToPerform&lt;/Value&gt;&lt;/Code&gt;&lt;Reason&gt;&lt;Text xml:lang=""&gt;An error occurred executing the run profile with this identifier: QBOInMock.52e5937e28b549db8eec4e0de038d8f6  Time: 08/08/2014 11:38:24  Thread: 7&lt;/Text&gt;&lt;/Reason&gt;&lt;Detail&gt;&lt;FaultDetail xmlns:i="http://www.w3.org/2001/XMLSchema-instance" xmlns="http://schemas.datacontract.org/2004/07/Microsoft.ActiveDirectory.Connector"&gt;&lt;ErrorCode&gt;UnSpecified&lt;/ErrorCode&gt;&lt;ErrorSource&gt;None&lt;/ErrorSource&gt;&lt;Exception i:nil="true" /&gt;&lt;ExceptionMessage&gt;&lt;/ExceptionMessage&gt;&lt;Scope&gt;None&lt;/Scope&gt;&lt;TenantActionable&gt;false&lt;/TenantActionable&gt;&lt;Transient&gt;false&lt;/Transient&gt;&lt;/FaultDetail&gt;&lt;/Detail&gt;&lt;/Fault&gt;"Debug Trace:"To: craigmcm@microsoft.com Body: &lt;?xml version="1.0" encoding="utf-16"?&gt;&lt;Fault xmlns="http://schemas.microsoft.com/ws/2005/05/envelope/none"&gt;&lt;Code&gt;&lt;Value xmlns:a="http://schemas.microsoft.com/2006/11/IdentityManagement/DirectoryAccess/fault"&gt;a:UnwillingToPerform&lt;/Value&gt;&lt;/Code&gt;&lt;Reason&gt;&lt;Text xml:lang=""&gt;An error occurred executing the run profile with this identifier: QBOInMock.52e5937e28b549db8eec4e0de038d8f6  Time: 08/08/2014 11:38:24  Thread: 7&lt;/Text&gt;&lt;/Reason&gt;&lt;Detail&gt;&lt;FaultDetail xmlns:i="http://www.w3.org/2001/XMLSchema-instance" xmlns="http://schemas.datacontract.org/2004/07/Microsoft.ActiveDirectory.Connector"&gt;&lt;ErrorCode&gt;UnSpecified&lt;/ErrorCode&gt;&lt;ErrorSource&gt;None&lt;/ErrorSource&gt;&lt;Exception i:nil="true" /&gt;&lt;ExceptionMessage&gt;&lt;/ExceptionMessage&gt;&lt;Scope&gt;None&lt;/Scope&gt;&lt;TenantActionable&gt;false&lt;/TenantActionable&gt;&lt;Transient&gt;false&lt;/Transient&gt;&lt;/FaultDetail&gt;&lt;/Detail&gt;&lt;/Fault&gt;""To: craigmcm@microsoft.com Body: &lt;?xml version="1.0" encoding="utf-16"?&gt;&lt;Fault xmlns="http://schemas.microsoft.com/ws/2005/05/envelope/none"&gt;&lt;Code&gt;&lt;Value xmlns:a="http://schemas.microsoft.com/2006/11/IdentityManagement/DirectoryAccess/fault"&gt;a:UnwillingToPerform&lt;/Value&gt;&lt;/Code&gt;&lt;Reason&gt;&lt;Text xml:lang=""&gt;An error occurred executing the run profile with this identifier: QBOInMock.52e5937e28b549db8eec4e0de038d8f6  Time: 08/08/2014 11:38:24  Thread: 7&lt;/Text&gt;&lt;/Reason&gt;&lt;Detail&gt;&lt;FaultDetail xmlns:i="http://www.w3.org/2001/XMLSchema-instance" xmlns="http://schemas.datacontract.org/2004/07/Microsoft.ActiveDirectory.Connector"&gt;&lt;ErrorCode&gt;UnSpecified&lt;/ErrorCode&gt;&lt;ErrorSource&gt;None&lt;/ErrorSource&gt;&lt;Exception i:nil="true" /&gt;&lt;ExceptionMessage&gt;&lt;/ExceptionMessage&gt;&lt;Scope&gt;None&lt;/Scope&gt;&lt;TenantActionable&gt;false&lt;/TenantActionable&gt;&lt;Transient&gt;false&lt;/Transient&gt;&lt;/FaultDetail&gt;&lt;/Detail&gt;&lt;/Fault&gt;"</StdOut>      </Output>    </UnitTestResult>    <UnitTestResult executionId="38158846-f0e1-4caa-a66d-7c991bf859d3" testId="f83dd1e5-c982-3e03-7bb7-a885fbdc71dc" testName="TestUpdateWithObsoleteProfile" computerName="PRANAY-TEST" duration="00:00:01.1867767" startTime="2014-08-08T11:38:25.2748691-07:00" endTime="2014-08-08T11:38:26.4618691-07:00" testType="13cdc9d9-ddb5-4fa4-a97d-d965ccfc6d4b" outcome="Passed" testListId="8c84fa94-04c1-424b-9868-57a2d4851a1d" relativeResultsDirectory="38158846-f0e1-4caa-a66d-7c991bf859d3" />    <UnitTestResult executionId="bcc557c3-4dad-4efa-9dff-3f71a99fb2ed" testId="2bde9850-fde2-4637-0e0a-947e09897723" testName="TestUpdateWithOutboundProfile" computerName="PRANAY-TEST" duration="00:00:01.5200006" startTime="2014-08-08T11:38:26.4618691-07:00" endTime="2014-08-08T11:38:27.9818691-07:00" testType="13cdc9d9-ddb5-4fa4-a97d-d965ccfc6d4b" outcome="Passed" testListId="8c84fa94-04c1-424b-9868-57a2d4851a1d" relativeResultsDirectory="bcc557c3-4dad-4efa-9dff-3f71a99fb2ed" />    <UnitTestResult executionId="6610fc4a-0793-4761-9a7c-f640a163f125" testId="31a973ea-dffe-fa0f-f696-e70f8fe5ba6e" testName="TestUpdateWithSingleExecutionProfile" computerName="PRANAY-TEST" duration="00:00:01.5072789" startTime="2014-08-08T11:38:27.9818691-07:00" endTime="2014-08-08T11:38:29.4898691-07:00" testType="13cdc9d9-ddb5-4fa4-a97d-d965ccfc6d4b" outcome="Passed" testListId="8c84fa94-04c1-424b-9868-57a2d4851a1d" relativeResultsDirectory="6610fc4a-0793-4761-9a7c-f640a163f125" />  </Results>  <TestDefinitions>    <UnitTest name="TestSendMessage" storage="f:\src\adiam_cloud_nightly_tester\bins\debug\amd64\syncfabric\tests\testsynchronizationworker\microsoft.activedirectory.connector.test.testsynchronizationworker.dll" id="a28f9d51-ad52-6dbd-aefb-6e9cf4aa315b">      <Execution id="7527940f-4db1-4c8c-b3e5-fc0fd8afdc3d" />      <TestMethod codeBase="f:\src\Adiam_Cloud_Nightly_Tester\bins\debug\amd64\SyncFabric\Tests\TestSynchronizationWorker\Microsoft.ActiveDirectory.Connector.Test.TestSynchronizationWorker.dll" adapterTypeName="Microsoft.VisualStudio.TestTools.TestTypes.Unit.UnitTestAdapter" className="Microsoft.ActiveDirectory.Connector.Test.MessengerUserTest" name="TestSendMessage" />    </UnitTest>    <UnitTest name="TestDeleteLockedProfile" storage="f:\src\adiam_cloud_nightly_tester\bins\debug\amd64\syncfabric\tests\testsynchronizationworker\microsoft.activedirectory.connector.test.testsynchronizationworker.dll" id="5503110d-12a1-058a-c6af-253f7c815c7e">      <Execution id="75fd41dc-996c-4b46-80aa-6ec3dee0bd56" />      <TestMethod codeBase="f:\src\Adiam_Cloud_Nightly_Tester\bins\debug\amd64\SyncFabric\Tests\TestSynchronizationWorker\Microsoft.ActiveDirectory.Connector.Test.TestSynchronizationWorker.dll" adapterTypeName="Microsoft.VisualStudio.TestTools.TestTypes.Unit.UnitTestAdapter" className="Microsoft.ActiveDirectory.Connector.Test.StorageUnitTest" name="TestDeleteLockedProfile" />    </UnitTest>    <UnitTest name="TestDeleteProfile" storage="f:\src\adiam_cloud_nightly_tester\bins\debug\amd64\syncfabric\tests\testsynchronizationworker\microsoft.activedirectory.connector.test.testsynchronizationworker.dll" id="1605dfa0-8640-12ea-c982-2875fad35cfb">      <Execution id="7aea7b7a-bb5a-4332-8484-e02847d7f59d" />      <TestMethod codeBase="f:\src\Adiam_Cloud_Nightly_Tester\bins\debug\amd64\SyncFabric\Tests\TestSynchronizationWorker\Microsoft.ActiveDirectory.Connector.Test.TestSynchronizationWorker.dll" adapterTypeName="Microsoft.VisualStudio.TestTools.TestTypes.Unit.UnitTestAdapter" className="Microsoft.ActiveDirectory.Connector.Test.StorageUnitTest" name="TestDeleteProfile" />    </UnitTest>    <UnitTest name="TestGetProfile" storage="f:\src\adiam_cloud_nightly_tester\bins\debug\amd64\syncfabric\tests\testsynchronizationworker\microsoft.activedirectory.connector.test.testsynchronizationworker.dll" id="81a5e050-8363-6273-dc8c-c1ed9eb96adf">      <Execution id="45d877f3-5fc5-4d10-b817-d1dee989df32" />      <TestMethod codeBase="f:\src\Adiam_Cloud_Nightly_Tester\bins\debug\amd64\SyncFabric\Tests\TestSynchronizationWorker\Microsoft.ActiveDirectory.Connector.Test.TestSynchronizationWorker.dll" adapterTypeName="Microsoft.VisualStudio.TestTools.TestTypes.Unit.UnitTestAdapter" className="Microsoft.ActiveDirectory.Connector.Test.StorageUnitTest" name="TestGetProfile" />    </UnitTest>    <UnitTest name="TestGetTenantInformation" storage="f:\src\adiam_cloud_nightly_tester\bins\debug\amd64\syncfabric\tests\testsynchronizationworker\microsoft.activedirectory.connector.test.testsynchronizationworker.dll" id="0c5cf71a-16e1-849b-473a-b22c997c4529">      <Execution id="d8a33d5d-0853-4563-92aa-111beb31403d" />      <TestMethod codeBase="f:\src\Adiam_Cloud_Nightly_Tester\bins\debug\amd64\SyncFabric\Tests\TestSynchronizationWorker\Microsoft.ActiveDirectory.Connector.Test.TestSynchronizationWorker.dll" adapterTypeName="Microsoft.VisualStudio.TestTools.TestTypes.Unit.UnitTestAdapter" className="Microsoft.ActiveDirectory.Connector.Test.StorageUnitTest" name="TestGetTenantInformation" />    </UnitTest>    <UnitTest name="TestLockProfile" storage="f:\src\adiam_cloud_nightly_tester\bins\debug\amd64\syncfabric\tests\testsynchronizationworker\microsoft.activedirectory.connector.test.testsynchronizationworker.dll" id="74062545-51a6-8363-ce39-23d047f55b76">      <Execution id="cd452e4e-777c-4d57-ba0f-3875ae596625" />      <TestMethod codeBase="f:\src\Adiam_Cloud_Nightly_Tester\bins\debug\amd64\SyncFabric\Tests\TestSynchronizationWorker\Microsoft.ActiveDirectory.Connector.Test.TestSynchronizationWorker.dll" adapterTypeName="Microsoft.VisualStudio.TestTools.TestTypes.Unit.UnitTestAdapter" className="Microsoft.ActiveDirectory.Connector.Test.StorageUnitTest" name="TestLockProfile" />    </UnitTest>    <UnitTest name="TestLockTenant" storage="f:\src\adiam_cloud_nightly_tester\bins\debug\amd64\syncfabric\tests\testsynchronizationworker\microsoft.activedirectory.connector.test.testsynchronizationworker.dll" id="5c271379-e927-0652-646f-186eed4d3186">      <Execution id="0855456f-c9f1-4ee2-ba06-7432b28f9095" />      <TestMethod codeBase="f:\src\Adiam_Cloud_Nightly_Tester\bins\debug\amd64\SyncFabric\Tests\TestSynchronizationWorker\Microsoft.ActiveDirectory.Connector.Test.TestSynchronizationWorker.dll" adapterTypeName="Microsoft.VisualStudio.TestTools.TestTypes.Unit.UnitTestAdapter" className="Microsoft.ActiveDirectory.Connector.Test.StorageUnitTest" name="TestLockTenant" />    </UnitTest>    <UnitTest name="TestUnlockProfile" storage="f:\src\adiam_cloud_nightly_tester\bins\debug\amd64\syncfabric\tests\testsynchronizationworker\microsoft.activedirectory.connector.test.testsynchronizationworker.dll" id="36f71f40-452a-dfc2-0fdf-20ec4da4207c">      <Execution id="77c1523e-ecdd-4c69-a123-c5e451c7930e" />      <TestMethod codeBase="f:\src\Adiam_Cloud_Nightly_Tester\bins\debug\amd64\SyncFabric\Tests\TestSynchronizationWorker\Microsoft.ActiveDirectory.Connector.Test.TestSynchronizationWorker.dll" adapterTypeName="Microsoft.VisualStudio.TestTools.TestTypes.Unit.UnitTestAdapter" className="Microsoft.ActiveDirectory.Connector.Test.StorageUnitTest" name="TestUnlockProfile" />    </UnitTest>    <UnitTest name="TestUpdateProfile" storage="f:\src\adiam_cloud_nightly_tester\bins\debug\amd64\syncfabric\tests\testsynchronizationworker\microsoft.activedirectory.connector.test.testsynchronizationworker.dll" id="2cfc7ce1-ca4b-c48e-dce5-222b9dcb43f6">      <Execution id="e46d7bda-b1e8-438b-a28a-93f117ba58ce" />      <TestMethod codeBase="f:\src\Adiam_Cloud_Nightly_Tester\bins\debug\amd64\SyncFabric\Tests\TestSynchronizationWorker\Microsoft.ActiveDirectory.Connector.Test.TestSynchronizationWorker.dll" adapterTypeName="Microsoft.VisualStudio.TestTools.TestTypes.Unit.UnitTestAdapter" className="Microsoft.ActiveDirectory.Connector.Test.StorageUnitTest" name="TestUpdateProfile" />    </UnitTest>    <UnitTest name="TestUpdateTenant" storage="f:\src\adiam_cloud_nightly_tester\bins\debug\amd64\syncfabric\tests\testsynchronizationworker\microsoft.activedirectory.connector.test.testsynchronizationworker.dll" id="05e68277-ee1c-c451-1dce-47c30fcca06e">      <Execution id="421f7bc3-2948-4cb9-9f5e-1fa7e2bd134f" />      <TestMethod codeBase="f:\src\Adiam_Cloud_Nightly_Tester\bins\debug\amd64\SyncFabric\Tests\TestSynchronizationWorker\Microsoft.ActiveDirectory.Connector.Test.TestSynchronizationWorker.dll" adapterTypeName="Microsoft.VisualStudio.TestTools.TestTypes.Unit.UnitTestAdapter" className="Microsoft.ActiveDirectory.Connector.Test.StorageUnitTest" name="TestUpdateTenant" />    </UnitTest>    <UnitTest name="TestUpdateWithInboundProfile" storage="f:\src\adiam_cloud_nightly_tester\bins\debug\amd64\syncfabric\tests\testsynchronizationworker\microsoft.activedirectory.connector.test.testsynchronizationworker.dll" id="7bf253a5-4dc6-2ca4-5780-4151dc256608">      <Execution id="556a9729-a7df-4ed7-90a5-15c7a2d63b01" />      <TestMethod codeBase="f:\src\Adiam_Cloud_Nightly_Tester\bins\debug\amd64\SyncFabric\Tests\TestSynchronizationWorker\Microsoft.ActiveDirectory.Connector.Test.TestSynchronizationWorker.dll" adapterTypeName="Microsoft.VisualStudio.TestTools.TestTypes.Unit.UnitTestAdapter" className="Microsoft.ActiveDirectory.Connector.Test.RunControllerUnitTest" name="TestUpdateWithInboundProfile" />    </UnitTest>    <UnitTest name="TestUpdateWithObsoleteProfile" storage="f:\src\adiam_cloud_nightly_tester\bins\debug\amd64\syncfabric\tests\testsynchronizationworker\microsoft.activedirectory.connector.test.testsynchronizationworker.dll" id="f83dd1e5-c982-3e03-7bb7-a885fbdc71dc">      <Execution id="38158846-f0e1-4caa-a66d-7c991bf859d3" />      <TestMethod codeBase="f:\src\Adiam_Cloud_Nightly_Tester\bins\debug\amd64\SyncFabric\Tests\TestSynchronizationWorker\Microsoft.ActiveDirectory.Connector.Test.TestSynchronizationWorker.dll" adapterTypeName="Microsoft.VisualStudio.TestTools.TestTypes.Unit.UnitTestAdapter" className="Microsoft.ActiveDirectory.Connector.Test.RunControllerUnitTest" name="TestUpdateWithObsoleteProfile" />    </UnitTest>    <UnitTest name="TestUpdateWithOutboundProfile" storage="f:\src\adiam_cloud_nightly_tester\bins\debug\amd64\syncfabric\tests\testsynchronizationworker\microsoft.activedirectory.connector.test.testsynchronizationworker.dll" id="2bde9850-fde2-4637-0e0a-947e09897723">      <Execution id="bcc557c3-4dad-4efa-9dff-3f71a99fb2ed" />      <TestMethod codeBase="f:\src\Adiam_Cloud_Nightly_Tester\bins\debug\amd64\SyncFabric\Tests\TestSynchronizationWorker\Microsoft.ActiveDirectory.Connector.Test.TestSynchronizationWorker.dll" adapterTypeName="Microsoft.VisualStudio.TestTools.TestTypes.Unit.UnitTestAdapter" className="Microsoft.ActiveDirectory.Connector.Test.RunControllerUnitTest" name="TestUpdateWithOutboundProfile" />    </UnitTest>    <UnitTest name="TestUpdateWithSingleExecutionProfile" storage="f:\src\adiam_cloud_nightly_tester\bins\debug\amd64\syncfabric\tests\testsynchronizationworker\microsoft.activedirectory.connector.test.testsynchronizationworker.dll" id="31a973ea-dffe-fa0f-f696-e70f8fe5ba6e">      <Execution id="6610fc4a-0793-4761-9a7c-f640a163f125" />      <TestMethod codeBase="f:\src\Adiam_Cloud_Nightly_Tester\bins\debug\amd64\SyncFabric\Tests\TestSynchronizationWorker\Microsoft.ActiveDirectory.Connector.Test.TestSynchronizationWorker.dll" adapterTypeName="Microsoft.VisualStudio.TestTools.TestTypes.Unit.UnitTestAdapter" className="Microsoft.ActiveDirectory.Connector.Test.RunControllerUnitTest" name="TestUpdateWithSingleExecutionProfile" />    </UnitTest>  </TestDefinitions>  <TestEntries>    <TestEntry testId="a28f9d51-ad52-6dbd-aefb-6e9cf4aa315b" executionId="7527940f-4db1-4c8c-b3e5-fc0fd8afdc3d" testListId="8c84fa94-04c1-424b-9868-57a2d4851a1d" />    <TestEntry testId="5503110d-12a1-058a-c6af-253f7c815c7e" executionId="75fd41dc-996c-4b46-80aa-6ec3dee0bd56" testListId="8c84fa94-04c1-424b-9868-57a2d4851a1d" />    <TestEntry testId="1605dfa0-8640-12ea-c982-2875fad35cfb" executionId="7aea7b7a-bb5a-4332-8484-e02847d7f59d" testListId="8c84fa94-04c1-424b-9868-57a2d4851a1d" />    <TestEntry testId="81a5e050-8363-6273-dc8c-c1ed9eb96adf" executionId="45d877f3-5fc5-4d10-b817-d1dee989df32" testListId="8c84fa94-04c1-424b-9868-57a2d4851a1d" />    <TestEntry testId="0c5cf71a-16e1-849b-473a-b22c997c4529" executionId="d8a33d5d-0853-4563-92aa-111beb31403d" testListId="8c84fa94-04c1-424b-9868-57a2d4851a1d" />    <TestEntry testId="74062545-51a6-8363-ce39-23d047f55b76" executionId="cd452e4e-777c-4d57-ba0f-3875ae596625" testListId="8c84fa94-04c1-424b-9868-57a2d4851a1d" />    <TestEntry testId="5c271379-e927-0652-646f-186eed4d3186" executionId="0855456f-c9f1-4ee2-ba06-7432b28f9095" testListId="8c84fa94-04c1-424b-9868-57a2d4851a1d" />    <TestEntry testId="36f71f40-452a-dfc2-0fdf-20ec4da4207c" executionId="77c1523e-ecdd-4c69-a123-c5e451c7930e" testListId="8c84fa94-04c1-424b-9868-57a2d4851a1d" />    <TestEntry testId="2cfc7ce1-ca4b-c48e-dce5-222b9dcb43f6" executionId="e46d7bda-b1e8-438b-a28a-93f117ba58ce" testListId="8c84fa94-04c1-424b-9868-57a2d4851a1d" />    <TestEntry testId="05e68277-ee1c-c451-1dce-47c30fcca06e" executionId="421f7bc3-2948-4cb9-9f5e-1fa7e2bd134f" testListId="8c84fa94-04c1-424b-9868-57a2d4851a1d" />    <TestEntry testId="7bf253a5-4dc6-2ca4-5780-4151dc256608" executionId="556a9729-a7df-4ed7-90a5-15c7a2d63b01" testListId="8c84fa94-04c1-424b-9868-57a2d4851a1d" />    <TestEntry testId="f83dd1e5-c982-3e03-7bb7-a885fbdc71dc" executionId="38158846-f0e1-4caa-a66d-7c991bf859d3" testListId="8c84fa94-04c1-424b-9868-57a2d4851a1d" />    <TestEntry testId="2bde9850-fde2-4637-0e0a-947e09897723" executionId="bcc557c3-4dad-4efa-9dff-3f71a99fb2ed" testListId="8c84fa94-04c1-424b-9868-57a2d4851a1d" />    <TestEntry testId="31a973ea-dffe-fa0f-f696-e70f8fe5ba6e" executionId="6610fc4a-0793-4761-9a7c-f640a163f125" testListId="8c84fa94-04c1-424b-9868-57a2d4851a1d" />  </TestEntries>  <TestLists>    <TestList name="Results Not in a List" id="8c84fa94-04c1-424b-9868-57a2d4851a1d" />    <TestList name="All Loaded Results" id="19431567-8539-422a-85d7-44ee4e166bda" />  </TestLists>  <ResultSummary outcome="Completed">    <Counters total="14" executed="14" passed="14" failed="0" error="0" timeout="0" aborted="0" inconclusive="0" passedButRunAborted="0" notRunnable="0" notExecuted="0" disconnected="0" warning="0" completed="0" inProgress="0" pending="0" />  </ResultSummary></TestRun>