<?xml version="1.0" encoding="UTF-8"?><TestRun>  <Times creation="2014-08-08T11:37:57.0828691-07:00" queuing="2014-08-08T11:37:57.0828691-07:00" start="2014-08-08T11:37:57.0888691-07:00" finish="2014-08-08T11:42:24.2198691-07:00" />  <TestSettings name="default" id="e6796c36-6456-40d4-b2c6-6868dc75542c">    <Execution>      <TestTypeSpecific />    </Execution>    <Deployment runDeploymentRoot="pranayp_PRANAY-TEST 2014-08-08 11_37_57" />  </TestSettings>  <Results>    <UnitTestResult executionId="2c01d5e8-fafa-4093-be88-241deee10e72" testId="f9f5e9cf-77a3-044e-f334-7f46f1a2b1b7" testName="TestDeserialize" computerName="PRANAY-TEST" duration="00:00:14.3823224" startTime="2014-08-08T11:37:42.0328691-07:00" endTime="2014-08-08T11:37:56.7328691-07:00" testType="13cdc9d9-ddb5-4fa4-a97d-d965ccfc6d4b" outcome="Passed" testListId="8c84fa94-04c1-424b-9868-57a2d4851a1d" relativeResultsDirectory="2c01d5e8-fafa-4093-be88-241deee10e72" />    <UnitTestResult executionId="40832ab4-51f8-4bfe-afcb-704b7ce6f30a" testId="28d5d07c-01de-0904-82c1-ac180a5203c2" testName="TestSerialize" computerName="PRANAY-TEST" duration="00:00:01.0129318" startTime="2014-08-08T11:37:56.7928691-07:00" endTime="2014-08-08T11:37:57.8058691-07:00" testType="13cdc9d9-ddb5-4fa4-a97d-d965ccfc6d4b" outcome="Passed" testListId="8c84fa94-04c1-424b-9868-57a2d4851a1d" relativeResultsDirectory="40832ab4-51f8-4bfe-afcb-704b7ce6f30a" />    <UnitTestResult executionId="689a552a-e07f-4b8c-a461-60610bd80617" testId="8f2791d3-9770-6d20-251f-4fac2d4c521e" testName="TestExecutePreviewRunProfile" computerName="PRANAY-TEST" duration="00:01:31.5685159" startTime="2014-08-08T11:37:57.8068691-07:00" endTime="2014-08-08T11:39:29.4128691-07:00" testType="13cdc9d9-ddb5-4fa4-a97d-d965ccfc6d4b" outcome="Passed" testListId="8c84fa94-04c1-424b-9868-57a2d4851a1d" relativeResultsDirectory="689a552a-e07f-4b8c-a461-60610bd80617" />    <UnitTestResult executionId="3bd53fde-363e-41dc-ace0-105b929b366b" testId="5599880a-251c-6214-45e4-911a1bb9646c" testName="TestExecutePreviewRunProfileForSchemaWithWithNullSourceNames" computerName="PRANAY-TEST" duration="00:00:32.9848558" startTime="2014-08-08T11:39:29.4138691-07:00" endTime="2014-08-08T11:40:02.3968691-07:00" testType="13cdc9d9-ddb5-4fa4-a97d-d965ccfc6d4b" outcome="Passed" testListId="8c84fa94-04c1-424b-9868-57a2d4851a1d" relativeResultsDirectory="3bd53fde-363e-41dc-ace0-105b929b366b" />    <UnitTestResult executionId="e5793072-f86f-4362-8d6f-0a1c01b90a4a" testId="853abd7b-ee31-d683-d6d2-37099e454b94" testName="TestExecuteInvalidPreviewRunProfile" computerName="PRANAY-TEST" duration="00:00:00.4146595" startTime="2014-08-08T11:40:02.3968691-07:00" endTime="2014-08-08T11:40:02.8118691-07:00" testType="13cdc9d9-ddb5-4fa4-a97d-d965ccfc6d4b" outcome="Passed" testListId="8c84fa94-04c1-424b-9868-57a2d4851a1d" relativeResultsDirectory="e5793072-f86f-4362-8d6f-0a1c01b90a4a" />    <UnitTestResult executionId="0fa45708-f6d5-438c-91e2-6739386a3c11" testId="fc18ea1e-6b3e-4f7c-b0d3-d9e6efabdeac" testName="TestEntryMappingFunctionDateFormatHyphenatedYearMonthDayFormat" computerName="PRANAY-TEST" duration="00:00:00.0025110" startTime="2014-08-08T11:40:02.8118691-07:00" endTime="2014-08-08T11:40:02.8158691-07:00" testType="13cdc9d9-ddb5-4fa4-a97d-d965ccfc6d4b" outcome="Passed" testListId="8c84fa94-04c1-424b-9868-57a2d4851a1d" relativeResultsDirectory="0fa45708-f6d5-438c-91e2-6739386a3c11" />    <UnitTestResult executionId="982c0b8b-e8c6-4445-ac47-18e7c2becc72" testId="a9c12a84-ba82-52df-8378-c9af1dfb8403" testName="TestEntryMappingFunctionDateFormatInvalidFormat" computerName="PRANAY-TEST" duration="00:00:00.0014816" startTime="2014-08-08T11:40:02.8158691-07:00" endTime="2014-08-08T11:40:02.8178691-07:00" testType="13cdc9d9-ddb5-4fa4-a97d-d965ccfc6d4b" outcome="Passed" testListId="8c84fa94-04c1-424b-9868-57a2d4851a1d" relativeResultsDirectory="982c0b8b-e8c6-4445-ac47-18e7c2becc72" />    <UnitTestResult executionId="9b78b86d-251e-43f9-af17-ef163a3a528d" testId="17e1148f-9cb9-30f1-449a-ba3931933ae7" testName="TestEntryMappingFunctionReplaceWithBackupRegularExpression" computerName="PRANAY-TEST" duration="00:00:00.0048793" startTime="2014-08-08T11:40:02.8178691-07:00" endTime="2014-08-08T11:40:02.8228691-07:00" testType="13cdc9d9-ddb5-4fa4-a97d-d965ccfc6d4b" outcome="Passed" testListId="8c84fa94-04c1-424b-9868-57a2d4851a1d" relativeResultsDirectory="9b78b86d-251e-43f9-af17-ef163a3a528d" />    <UnitTestResult executionId="496b672e-331d-44f1-8049-6cb5602aee8a" testId="7941fc65-96b0-9d89-61ac-0cfdfa8afe41" testName="TestEntryMappingFunctionReplace" computerName="PRANAY-TEST" duration="00:00:00.0008800" startTime="2014-08-08T11:40:02.8228691-07:00" endTime="2014-08-08T11:40:02.8238691-07:00" testType="13cdc9d9-ddb5-4fa4-a97d-d965ccfc6d4b" outcome="Passed" testListId="8c84fa94-04c1-424b-9868-57a2d4851a1d" relativeResultsDirectory="496b672e-331d-44f1-8049-6cb5602aee8a" />    <UnitTestResult executionId="27d377d7-dfcc-4b23-95c3-0a5bb515c324" testId="46e210ff-108a-db8a-d82a-217f1bea6d01" testName="TestEntryMappingFunctionReplaceCostcoEmailMapping" computerName="PRANAY-TEST" duration="00:00:00.0016938" startTime="2014-08-08T11:40:02.8238691-07:00" endTime="2014-08-08T11:40:02.8258691-07:00" testType="13cdc9d9-ddb5-4fa4-a97d-d965ccfc6d4b" outcome="Passed" testListId="8c84fa94-04c1-424b-9868-57a2d4851a1d" relativeResultsDirectory="27d377d7-dfcc-4b23-95c3-0a5bb515c324" />    <UnitTestResult executionId="93f3c9f3-49c3-4eb5-994b-564617976c13" testId="523b454a-6300-effd-fea9-5c4fc00a2f50" testName="TestEqualityComparison" computerName="PRANAY-TEST" duration="00:00:00.0043881" startTime="2014-08-08T11:40:02.8258691-07:00" endTime="2014-08-08T11:40:02.8308691-07:00" testType="13cdc9d9-ddb5-4fa4-a97d-d965ccfc6d4b" outcome="Passed" testListId="8c84fa94-04c1-424b-9868-57a2d4851a1d" relativeResultsDirectory="93f3c9f3-49c3-4eb5-994b-564617976c13" />    <UnitTestResult executionId="f5303b7c-4e87-41b1-bb37-98b018f2579d" testId="bb158ed2-d162-4013-4727-09aaf50c6872" testName="TestEqualityComparisonByDirectoryIdentifier" computerName="PRANAY-TEST" duration="00:00:00.0041148" startTime="2014-08-08T11:40:02.8308691-07:00" endTime="2014-08-08T11:40:02.8358691-07:00" testType="13cdc9d9-ddb5-4fa4-a97d-d965ccfc6d4b" outcome="Passed" testListId="8c84fa94-04c1-424b-9868-57a2d4851a1d" relativeResultsDirectory="f5303b7c-4e87-41b1-bb37-98b018f2579d" />    <UnitTestResult executionId="0f1f36fa-2bb2-4595-954e-2b1a774afe7b" testId="1aa68fa2-c2a1-63dc-75bb-32ae90005e07" testName="TestComplexValue" computerName="PRANAY-TEST" duration="00:00:00.0139843" startTime="2014-08-08T11:40:02.8358691-07:00" endTime="2014-08-08T11:40:02.8508691-07:00" testType="13cdc9d9-ddb5-4fa4-a97d-d965ccfc6d4b" outcome="Passed" testListId="8c84fa94-04c1-424b-9868-57a2d4851a1d" relativeResultsDirectory="0f1f36fa-2bb2-4595-954e-2b1a774afe7b" />    <UnitTestResult executionId="1bda5247-e8dd-461b-a51c-84ac6f5e5e67" testId="a8b1c482-9544-1ec7-b283-a3c167a9f977" testName="TestAliasedRunProfileFactories" computerName="PRANAY-TEST" duration="00:00:46.3227357" startTime="2014-08-08T11:40:02.8508691-07:00" endTime="2014-08-08T11:40:49.1718691-07:00" testType="13cdc9d9-ddb5-4fa4-a97d-d965ccfc6d4b" outcome="Passed" testListId="8c84fa94-04c1-424b-9868-57a2d4851a1d" relativeResultsDirectory="1bda5247-e8dd-461b-a51c-84ac6f5e5e67" />    <UnitTestResult executionId="4cda4778-833f-436e-a020-e18dfbdffff1" testId="5e6ab9be-2026-1b39-d160-f37bce9b58ba" testName="TestCreateRunProfile" computerName="PRANAY-TEST" duration="00:00:00.2638562" startTime="2014-08-08T11:40:49.1718691-07:00" endTime="2014-08-08T11:40:49.4358691-07:00" testType="13cdc9d9-ddb5-4fa4-a97d-d965ccfc6d4b" outcome="Passed" testListId="8c84fa94-04c1-424b-9868-57a2d4851a1d" relativeResultsDirectory="4cda4778-833f-436e-a020-e18dfbdffff1" />    <UnitTestResult executionId="cdcfe1cf-1cfd-4d57-8049-8086c61283d5" testId="de825c03-6f03-5d15-170c-3df85d0a6a26" testName="TestCreateRunProfileWithCustomSchema" computerName="PRANAY-TEST" duration="00:00:00.2214982" startTime="2014-08-08T11:40:49.4358691-07:00" endTime="2014-08-08T11:40:49.6578691-07:00" testType="13cdc9d9-ddb5-4fa4-a97d-d965ccfc6d4b" outcome="Passed" testListId="8c84fa94-04c1-424b-9868-57a2d4851a1d" relativeResultsDirectory="cdcfe1cf-1cfd-4d57-8049-8086c61283d5" />    <UnitTestResult executionId="120f5573-5533-4a9c-8f9e-b61c07b1ce77" testId="1ba69f03-4c54-adb7-d4d5-95c7280e48fb" testName="TestCreateRunProfileWithCustomSchemaForMultiInstance" computerName="PRANAY-TEST" duration="00:00:00.1514715" startTime="2014-08-08T11:40:49.6578691-07:00" endTime="2014-08-08T11:40:49.8098691-07:00" testType="13cdc9d9-ddb5-4fa4-a97d-d965ccfc6d4b" outcome="Passed" testListId="8c84fa94-04c1-424b-9868-57a2d4851a1d" relativeResultsDirectory="120f5573-5533-4a9c-8f9e-b61c07b1ce77" />    <UnitTestResult executionId="f348e7c0-1681-40d9-af80-9b7ba7bfa66e" testId="dce90559-5c26-13ca-7e93-da2caaab92ee" testName="TestCreateAndExecuteNoOpRunProfile" computerName="PRANAY-TEST" duration="00:00:00.0067432" startTime="2014-08-08T11:40:49.8098691-07:00" endTime="2014-08-08T11:40:49.8168691-07:00" testType="13cdc9d9-ddb5-4fa4-a97d-d965ccfc6d4b" outcome="Passed" testListId="8c84fa94-04c1-424b-9868-57a2d4851a1d" relativeResultsDirectory="f348e7c0-1681-40d9-af80-9b7ba7bfa66e" />    <UnitTestResult executionId="19b60c0c-54d1-4f24-9528-8b14259a6cf3" testId="ada4a13e-50a6-96b8-c7f0-ae6a94d7fe4e" testName="TestCreateAndExecuteNoOpRunProfileSpecificInstance" computerName="PRANAY-TEST" duration="00:00:00.0046833" startTime="2014-08-08T11:40:49.8168691-07:00" endTime="2014-08-08T11:40:49.8218691-07:00" testType="13cdc9d9-ddb5-4fa4-a97d-d965ccfc6d4b" outcome="Passed" testListId="8c84fa94-04c1-424b-9868-57a2d4851a1d" relativeResultsDirectory="19b60c0c-54d1-4f24-9528-8b14259a6cf3" />    <UnitTestResult executionId="88738828-d4e2-48d0-894b-9393a66dcb55" testId="05eebf05-11c8-1deb-04c7-76a3bcc362f3" testName="TestUpgradeRunProfileScenarioSyncRuleChanges" computerName="PRANAY-TEST" duration="00:00:00.5854963" startTime="2014-08-08T11:40:49.8218691-07:00" endTime="2014-08-08T11:40:50.4078691-07:00" testType="13cdc9d9-ddb5-4fa4-a97d-d965ccfc6d4b" outcome="Passed" testListId="8c84fa94-04c1-424b-9868-57a2d4851a1d" relativeResultsDirectory="88738828-d4e2-48d0-894b-9393a66dcb55" />    <UnitTestResult executionId="c8ea1927-2b80-4b21-afd1-8f59c38c065e" testId="94f0b2a7-1d61-9f85-d48b-8e6b8c878b28" testName="TestPreviewRunProfileInitialization" computerName="PRANAY-TEST" duration="00:00:00.0094645" startTime="2014-08-08T11:40:50.4078691-07:00" endTime="2014-08-08T11:40:50.4178691-07:00" testType="13cdc9d9-ddb5-4fa4-a97d-d965ccfc6d4b" outcome="Passed" testListId="8c84fa94-04c1-424b-9868-57a2d4851a1d" relativeResultsDirectory="c8ea1927-2b80-4b21-afd1-8f59c38c065e" />    <UnitTestResult executionId="a3623583-7ee2-435f-a3c9-c61c1e2ab5e7" testId="e9bb32c6-9418-3162-3f7c-b054d003e0ec" testName="TestConnectorDataStorePrefixForExistingRunProfile" computerName="PRANAY-TEST" duration="00:00:00.5534248" startTime="2014-08-08T11:40:50.4178691-07:00" endTime="2014-08-08T11:40:50.9718691-07:00" testType="13cdc9d9-ddb5-4fa4-a97d-d965ccfc6d4b" outcome="Passed" testListId="8c84fa94-04c1-424b-9868-57a2d4851a1d" relativeResultsDirectory="a3623583-7ee2-435f-a3c9-c61c1e2ab5e7" />    <UnitTestResult executionId="e9ace4e2-53cb-4997-b0de-42ca77104b4e" testId="b6f84d84-1b99-8981-a141-9a6a943e0e61" testName="TestUpgradeRunProfileScenarioSyncRuleChangesFromRunProfileXml" computerName="PRANAY-TEST" duration="00:00:00.9345404" startTime="2014-08-08T11:40:50.9718691-07:00" endTime="2014-08-08T11:40:51.9068691-07:00" testType="13cdc9d9-ddb5-4fa4-a97d-d965ccfc6d4b" outcome="Passed" testListId="8c84fa94-04c1-424b-9868-57a2d4851a1d" relativeResultsDirectory="e9ace4e2-53cb-4997-b0de-42ca77104b4e" />    <UnitTestResult executionId="f540ea12-6019-4867-b814-5febfcce1661" testId="76474685-2af2-33ba-2c90-02e19c5d0a1f" testName="TestAddModificationAddEntry" computerName="PRANAY-TEST" duration="00:00:00.0465682" startTime="2014-08-08T11:40:51.9068691-07:00" endTime="2014-08-08T11:40:51.9538691-07:00" testType="13cdc9d9-ddb5-4fa4-a97d-d965ccfc6d4b" outcome="Passed" testListId="8c84fa94-04c1-424b-9868-57a2d4851a1d" relativeResultsDirectory="f540ea12-6019-4867-b814-5febfcce1661" />    <UnitTestResult executionId="405080ec-36b6-4172-bda7-68ea584d8945" testId="78dcb742-f031-1d5b-b982-87aa6e1e6446" testName="TestAddModificationDeleteEntry" computerName="PRANAY-TEST" duration="00:00:00.0664181" startTime="2014-08-08T11:40:51.9538691-07:00" endTime="2014-08-08T11:40:52.0208691-07:00" testType="13cdc9d9-ddb5-4fa4-a97d-d965ccfc6d4b" outcome="Passed" testListId="8c84fa94-04c1-424b-9868-57a2d4851a1d" relativeResultsDirectory="405080ec-36b6-4172-bda7-68ea584d8945" />    <UnitTestResult executionId="98eeb9d7-7525-4f08-9a05-951a31953d07" testId="ffecb73a-db60-90a7-f0c2-d60f5b178046" testName="TestAddModificationUpdateEntryAddProperty" computerName="PRANAY-TEST" duration="00:00:00.0635517" startTime="2014-08-08T11:40:52.0208691-07:00" endTime="2014-08-08T11:40:52.0848691-07:00" testType="13cdc9d9-ddb5-4fa4-a97d-d965ccfc6d4b" outcome="Passed" testListId="8c84fa94-04c1-424b-9868-57a2d4851a1d" relativeResultsDirectory="98eeb9d7-7525-4f08-9a05-951a31953d07" />    <UnitTestResult executionId="0a7f4c44-d9a9-4f6f-a3b5-931b5a8c8777" testId="3e8b8c1d-ced9-6c82-77fa-ed9b1560e71c" testName="TestAddModificationUpdateEntryRemoveProperty" computerName="PRANAY-TEST" duration="00:00:00.0824900" startTime="2014-08-08T11:40:52.0848691-07:00" endTime="2014-08-08T11:40:52.1678691-07:00" testType="13cdc9d9-ddb5-4fa4-a97d-d965ccfc6d4b" outcome="Passed" testListId="8c84fa94-04c1-424b-9868-57a2d4851a1d" relativeResultsDirectory="0a7f4c44-d9a9-4f6f-a3b5-931b5a8c8777" />    <UnitTestResult executionId="ce2d36e0-7f2d-46d8-9e31-adb0430ba367" testId="06f11a04-819d-d6c3-8bf7-32401b1b9605" testName="TestAddModificationUpdateEntryReplaceProperty" computerName="PRANAY-TEST" duration="00:00:00.0885650" startTime="2014-08-08T11:40:52.1678691-07:00" endTime="2014-08-08T11:40:52.2568691-07:00" testType="13cdc9d9-ddb5-4fa4-a97d-d965ccfc6d4b" outcome="Passed" testListId="8c84fa94-04c1-424b-9868-57a2d4851a1d" relativeResultsDirectory="ce2d36e0-7f2d-46d8-9e31-adb0430ba367" />    <UnitTestResult executionId="a0b72ae2-12c6-4316-b61f-79294831c085" testId="a45c2967-286b-7c37-f401-359209262feb" testName="TestAddModificationUpdateEntryModifyPropertyAddValue" computerName="PRANAY-TEST" duration="00:00:00.0809625" startTime="2014-08-08T11:40:52.2568691-07:00" endTime="2014-08-08T11:40:52.3378691-07:00" testType="13cdc9d9-ddb5-4fa4-a97d-d965ccfc6d4b" outcome="Passed" testListId="8c84fa94-04c1-424b-9868-57a2d4851a1d" relativeResultsDirectory="a0b72ae2-12c6-4316-b61f-79294831c085" />    <UnitTestResult executionId="3765cec7-e92d-4aeb-9511-21217a192a1e" testId="5cd67ce4-99c6-7674-3400-719523694478" testName="TestAddModificationUpdateEntryModifyPropertyChangeValue" computerName="PRANAY-TEST" duration="00:00:00.0855589" startTime="2014-08-08T11:40:52.3378691-07:00" endTime="2014-08-08T11:40:52.4238691-07:00" testType="13cdc9d9-ddb5-4fa4-a97d-d965ccfc6d4b" outcome="Passed" testListId="8c84fa94-04c1-424b-9868-57a2d4851a1d" relativeResultsDirectory="3765cec7-e92d-4aeb-9511-21217a192a1e" />    <UnitTestResult executionId="33047fe4-c43d-4f39-ba25-0d38ba096746" testId="787dcca7-5c2b-2e8e-1388-23167085f2b0" testName="TestAddModificationUpdateEntryModifyPropertyRemoveValue" computerName="PRANAY-TEST" duration="00:00:00.0569250" startTime="2014-08-08T11:40:52.4238691-07:00" endTime="2014-08-08T11:40:52.4808691-07:00" testType="13cdc9d9-ddb5-4fa4-a97d-d965ccfc6d4b" outcome="Passed" testListId="8c84fa94-04c1-424b-9868-57a2d4851a1d" relativeResultsDirectory="33047fe4-c43d-4f39-ba25-0d38ba096746" />    <UnitTestResult executionId="abf5311e-709f-46e5-ab20-ad28b5df9f22" testId="d69e4c11-b254-1ecd-28cb-95e371dce10a" testName="TestEntries" computerName="PRANAY-TEST" duration="00:00:00.0688094" startTime="2014-08-08T11:40:52.4818691-07:00" endTime="2014-08-08T11:40:52.5508691-07:00" testType="13cdc9d9-ddb5-4fa4-a97d-d965ccfc6d4b" outcome="Passed" testListId="8c84fa94-04c1-424b-9868-57a2d4851a1d" relativeResultsDirectory="abf5311e-709f-46e5-ab20-ad28b5df9f22" />    <UnitTestResult executionId="05ea3f3d-6aed-453c-be96-6588a1c947df" testId="959c0057-799d-03df-ec56-e2335203dfa3" testName="TestFictitiousUserEntries" computerName="PRANAY-TEST" duration="00:00:00.1153976" startTime="2014-08-08T11:40:52.5508691-07:00" endTime="2014-08-08T11:40:52.6668691-07:00" testType="13cdc9d9-ddb5-4fa4-a97d-d965ccfc6d4b" outcome="Passed" testListId="8c84fa94-04c1-424b-9868-57a2d4851a1d" relativeResultsDirectory="05ea3f3d-6aed-453c-be96-6588a1c947df" />    <UnitTestResult executionId="598c14cd-34c3-471c-94e8-0047103a820c" testId="75cc9708-40f0-0027-3fe2-020475f2ffd1" testName="TestModifications" computerName="PRANAY-TEST" duration="00:00:00.0602457" startTime="2014-08-08T11:40:52.6668691-07:00" endTime="2014-08-08T11:40:52.7268691-07:00" testType="13cdc9d9-ddb5-4fa4-a97d-d965ccfc6d4b" outcome="Passed" testListId="8c84fa94-04c1-424b-9868-57a2d4851a1d" relativeResultsDirectory="598c14cd-34c3-471c-94e8-0047103a820c" />    <UnitTestResult executionId="1730976d-c911-419c-a53f-65c60eaf5a0e" testId="a4ea69ff-9527-d13d-d388-b37035301378" testName="TestExport" computerName="PRANAY-TEST" duration="00:00:00.0323844" startTime="2014-08-08T11:40:52.7268691-07:00" endTime="2014-08-08T11:40:52.7598691-07:00" testType="13cdc9d9-ddb5-4fa4-a97d-d965ccfc6d4b" outcome="Passed" testListId="8c84fa94-04c1-424b-9868-57a2d4851a1d" relativeResultsDirectory="1730976d-c911-419c-a53f-65c60eaf5a0e" />    <UnitTestResult executionId="7dc5fb37-34d8-4b94-9ba8-4253db4651fd" testId="56fb6329-543b-5aed-4800-814beb2dd128" testName="TestImportByAnchor" computerName="PRANAY-TEST" duration="00:00:00.0130993" startTime="2014-08-08T11:40:52.7608691-07:00" endTime="2014-08-08T11:40:52.7738691-07:00" testType="13cdc9d9-ddb5-4fa4-a97d-d965ccfc6d4b" outcome="Passed" testListId="8c84fa94-04c1-424b-9868-57a2d4851a1d" relativeResultsDirectory="7dc5fb37-34d8-4b94-9ba8-4253db4651fd" />    <UnitTestResult executionId="27085a83-64f0-4031-afe2-8441e438a241" testId="8419adf9-bc34-8240-c945-4587eeaf6525" testName="TestImportByJoiningPropertyValue" computerName="PRANAY-TEST" duration="00:00:00.0057373" startTime="2014-08-08T11:40:52.7738691-07:00" endTime="2014-08-08T11:40:52.7798691-07:00" testType="13cdc9d9-ddb5-4fa4-a97d-d965ccfc6d4b" outcome="Passed" testListId="8c84fa94-04c1-424b-9868-57a2d4851a1d" relativeResultsDirectory="27085a83-64f0-4031-afe2-8441e438a241" />    <UnitTestResult executionId="1c6aeca7-4bcf-4d1a-a6f6-4ce030a99def" testId="f25986ac-0cda-aa59-3b5d-791997d447b3" testName="TestDeserialize" computerName="PRANAY-TEST" duration="00:00:01.2393741" startTime="2014-08-08T11:40:52.7798691-07:00" endTime="2014-08-08T11:40:54.0198691-07:00" testType="13cdc9d9-ddb5-4fa4-a97d-d965ccfc6d4b" outcome="Passed" testListId="8c84fa94-04c1-424b-9868-57a2d4851a1d" relativeResultsDirectory="1c6aeca7-4bcf-4d1a-a6f6-4ce030a99def" />    <UnitTestResult executionId="aedcb655-d5ce-47a7-b3cd-56136788f833" testId="dc279dc7-7352-6c97-b480-4e7a5f8da47c" testName="TestDeserializeLegacyConnectorStatus" computerName="PRANAY-TEST" duration="00:00:00.1710023" startTime="2014-08-08T11:40:54.0208691-07:00" endTime="2014-08-08T11:40:54.1918691-07:00" testType="13cdc9d9-ddb5-4fa4-a97d-d965ccfc6d4b" outcome="Passed" testListId="8c84fa94-04c1-424b-9868-57a2d4851a1d" relativeResultsDirectory="aedcb655-d5ce-47a7-b3cd-56136788f833" />    <UnitTestResult executionId="e69af30b-0b89-4448-a6a1-c8066683052b" testId="772c1756-d080-2db9-6dd9-316a7e57de68" testName="TestDeserializeNoVersion" computerName="PRANAY-TEST" duration="00:01:24.4078839" startTime="2014-08-08T11:40:54.1918691-07:00" endTime="2014-08-08T11:42:18.5948691-07:00" testType="13cdc9d9-ddb5-4fa4-a97d-d965ccfc6d4b" outcome="Passed" testListId="8c84fa94-04c1-424b-9868-57a2d4851a1d" relativeResultsDirectory="e69af30b-0b89-4448-a6a1-c8066683052b" />    <UnitTestResult executionId="5a5dade6-b127-45e5-b22f-2fcd8e72726a" testId="f07bf4fc-9608-5eef-1829-77aa6cf157aa" testName="TestMessage" computerName="PRANAY-TEST" duration="00:00:00.7518773" startTime="2014-08-08T11:42:18.5958691-07:00" endTime="2014-08-08T11:42:19.3478691-07:00" testType="13cdc9d9-ddb5-4fa4-a97d-d965ccfc6d4b" outcome="Passed" testListId="8c84fa94-04c1-424b-9868-57a2d4851a1d" relativeResultsDirectory="5a5dade6-b127-45e5-b22f-2fcd8e72726a" />    <UnitTestResult executionId="0806fd20-9610-458c-8514-1b02174d03eb" testId="539ccdc7-34e0-6e6a-622c-0fba7623f8e9" testName="TestExporterPaging" computerName="PRANAY-TEST" duration="00:00:00.1683057" startTime="2014-08-08T11:42:19.3478691-07:00" endTime="2014-08-08T11:42:19.5168691-07:00" testType="13cdc9d9-ddb5-4fa4-a97d-d965ccfc6d4b" outcome="Passed" testListId="8c84fa94-04c1-424b-9868-57a2d4851a1d" relativeResultsDirectory="0806fd20-9610-458c-8514-1b02174d03eb" />    <UnitTestResult executionId="d7936c79-2649-4e19-b527-7b540a88d3f1" testId="7f039267-543a-fa27-c064-dcfb93ec4a81" testName="TestSerialize" computerName="PRANAY-TEST" duration="00:00:00.3728686" startTime="2014-08-08T11:42:19.5168691-07:00" endTime="2014-08-08T11:42:19.8908691-07:00" testType="13cdc9d9-ddb5-4fa4-a97d-d965ccfc6d4b" outcome="Passed" testListId="8c84fa94-04c1-424b-9868-57a2d4851a1d" relativeResultsDirectory="d7936c79-2649-4e19-b527-7b540a88d3f1" />    <UnitTestResult executionId="5c978370-4bdd-452f-82fb-3305702d7304" testId="f3a22ae9-62f6-6b29-34d3-3e501f2bf4b0" testName="TestWatermarkReset" computerName="PRANAY-TEST" duration="00:00:00.3058850" startTime="2014-08-08T11:42:19.8908691-07:00" endTime="2014-08-08T11:42:20.1968691-07:00" testType="13cdc9d9-ddb5-4fa4-a97d-d965ccfc6d4b" outcome="Passed" testListId="8c84fa94-04c1-424b-9868-57a2d4851a1d" relativeResultsDirectory="5c978370-4bdd-452f-82fb-3305702d7304" />    <UnitTestResult executionId="4879d86b-103d-445c-863e-09691c713348" testId="6cae51db-cb1d-4bef-6d96-8aec681fb27b" testName="TestVersioning" computerName="PRANAY-TEST" duration="00:00:00.0152492" startTime="2014-08-08T11:42:20.1968691-07:00" endTime="2014-08-08T11:42:20.2128691-07:00" testType="13cdc9d9-ddb5-4fa4-a97d-d965ccfc6d4b" outcome="Passed" testListId="8c84fa94-04c1-424b-9868-57a2d4851a1d" relativeResultsDirectory="4879d86b-103d-445c-863e-09691c713348" />    <UnitTestResult executionId="c821d1ed-de52-41e9-8d56-3cb521745586" testId="c84cd775-8597-263e-8d25-5495a1a4be47" testName="TestDeserializeQuickBooksOnline" computerName="PRANAY-TEST" duration="00:00:00.0040408" startTime="2014-08-08T11:42:20.2128691-07:00" endTime="2014-08-08T11:42:20.2168691-07:00" testType="13cdc9d9-ddb5-4fa4-a97d-d965ccfc6d4b" outcome="Passed" testListId="8c84fa94-04c1-424b-9868-57a2d4851a1d" relativeResultsDirectory="c821d1ed-de52-41e9-8d56-3cb521745586" />    <UnitTestResult executionId="c510d1ed-ec56-4278-b353-40f94233f4fe" testId="1235b514-c144-0c70-8ed1-8e44f69a90ff" testName="TestDeserializeSalesForce" computerName="PRANAY-TEST" duration="00:00:00.0007930" startTime="2014-08-08T11:42:20.2168691-07:00" endTime="2014-08-08T11:42:20.2178691-07:00" testType="13cdc9d9-ddb5-4fa4-a97d-d965ccfc6d4b" outcome="Passed" testListId="8c84fa94-04c1-424b-9868-57a2d4851a1d" relativeResultsDirectory="c510d1ed-ec56-4278-b353-40f94233f4fe" />    <UnitTestResult executionId="9bf5db7f-46d0-4616-9f16-6dd7d0faeb87" testId="72ca6348-e3e1-ffab-55f7-81b5a55416b5" testName="TestSerializeQuickBooksOnline" computerName="PRANAY-TEST" duration="00:00:00.0003287" startTime="2014-08-08T11:42:20.2178691-07:00" endTime="2014-08-08T11:42:20.2188691-07:00" testType="13cdc9d9-ddb5-4fa4-a97d-d965ccfc6d4b" outcome="Passed" testListId="8c84fa94-04c1-424b-9868-57a2d4851a1d" relativeResultsDirectory="9bf5db7f-46d0-4616-9f16-6dd7d0faeb87" />    <UnitTestResult executionId="f6f934d5-41e1-42bb-8407-5a4dc390c4fb" testId="dfc190d4-e3cc-e599-4219-0478ddd2c871" testName="TestSerializeSalesForce" computerName="PRANAY-TEST" duration="00:00:00.0003626" startTime="2014-08-08T11:42:20.2188691-07:00" endTime="2014-08-08T11:42:20.2198691-07:00" testType="13cdc9d9-ddb5-4fa4-a97d-d965ccfc6d4b" outcome="Passed" testListId="8c84fa94-04c1-424b-9868-57a2d4851a1d" relativeResultsDirectory="f6f934d5-41e1-42bb-8407-5a4dc390c4fb" />    <UnitTestResult executionId="8295a542-731c-4d34-8e59-b18e29804317" testId="b6ca8dcf-6172-e862-6a18-cdb23bb6c687" testName="TestDeserialize" computerName="PRANAY-TEST" duration="00:00:00.0041613" startTime="2014-08-08T11:42:20.2198691-07:00" endTime="2014-08-08T11:42:20.2238691-07:00" testType="13cdc9d9-ddb5-4fa4-a97d-d965ccfc6d4b" outcome="Passed" testListId="8c84fa94-04c1-424b-9868-57a2d4851a1d" relativeResultsDirectory="8295a542-731c-4d34-8e59-b18e29804317" />    <UnitTestResult executionId="97b9801a-0d79-4cc5-bde0-aed84f9e3ac8" testId="b3020c94-f365-f694-6bcf-1496fd071604" testName="TestSerialize" computerName="PRANAY-TEST" duration="00:00:00.0003880" startTime="2014-08-08T11:42:20.2238691-07:00" endTime="2014-08-08T11:42:20.2248691-07:00" testType="13cdc9d9-ddb5-4fa4-a97d-d965ccfc6d4b" outcome="Passed" testListId="8c84fa94-04c1-424b-9868-57a2d4851a1d" relativeResultsDirectory="97b9801a-0d79-4cc5-bde0-aed84f9e3ac8" />    <UnitTestResult executionId="ec55e96d-f808-4313-bd6d-1da580b134cc" testId="c89abfa0-b55a-24c6-c97d-0e4769696f83" testName="TestCreation" computerName="PRANAY-TEST" duration="00:00:00.0179135" startTime="2014-08-08T11:42:20.2248691-07:00" endTime="2014-08-08T11:42:20.2428691-07:00" testType="13cdc9d9-ddb5-4fa4-a97d-d965ccfc6d4b" outcome="Passed" testListId="8c84fa94-04c1-424b-9868-57a2d4851a1d" relativeResultsDirectory="ec55e96d-f808-4313-bd6d-1da580b134cc" />    <UnitTestResult executionId="d0e3e0da-fa34-44db-8dca-fe8151632dc9" testId="ec6200fc-c3cb-8017-c7df-ba5489248b4c" testName="TestGetEntries" computerName="PRANAY-TEST" duration="00:00:01.9874353" startTime="2014-08-08T11:42:20.2428691-07:00" endTime="2014-08-08T11:42:22.2308691-07:00" testType="13cdc9d9-ddb5-4fa4-a97d-d965ccfc6d4b" outcome="Passed" testListId="8c84fa94-04c1-424b-9868-57a2d4851a1d" relativeResultsDirectory="d0e3e0da-fa34-44db-8dca-fe8151632dc9" />    <UnitTestResult executionId="0cfa515c-7ef5-4407-972e-019143770a09" testId="a748cff0-f727-2f92-e63c-97ade7e3f150" testName="TestPutExportEntries" computerName="PRANAY-TEST" duration="00:00:00.2532333" startTime="2014-08-08T11:42:22.2308691-07:00" endTime="2014-08-08T11:42:22.4848691-07:00" testType="13cdc9d9-ddb5-4fa4-a97d-d965ccfc6d4b" outcome="Passed" testListId="8c84fa94-04c1-424b-9868-57a2d4851a1d" relativeResultsDirectory="0cfa515c-7ef5-4407-972e-019143770a09" />    <UnitTestResult executionId="85c2f444-1b08-4f88-bfcf-43e052cdbf42" testId="078c4570-fe14-6243-4d53-73f71257145f" testName="TestSynchronizeDelta" computerName="PRANAY-TEST" duration="00:00:00.1538417" startTime="2014-08-08T11:42:22.4848691-07:00" endTime="2014-08-08T11:42:22.6388691-07:00" testType="13cdc9d9-ddb5-4fa4-a97d-d965ccfc6d4b" outcome="Passed" testListId="8c84fa94-04c1-424b-9868-57a2d4851a1d" relativeResultsDirectory="85c2f444-1b08-4f88-bfcf-43e052cdbf42" />    <UnitTestResult executionId="046145dd-9a28-46bc-bcc7-edc62f9c1e82" testId="ea41c9ae-eee2-2dcc-3fab-596c10c52245" testName="TestSynchronizeFull" computerName="PRANAY-TEST" duration="00:00:00.3192083" startTime="2014-08-08T11:42:22.6388691-07:00" endTime="2014-08-08T11:42:22.9588691-07:00" testType="13cdc9d9-ddb5-4fa4-a97d-d965ccfc6d4b" outcome="Passed" testListId="8c84fa94-04c1-424b-9868-57a2d4851a1d" relativeResultsDirectory="046145dd-9a28-46bc-bcc7-edc62f9c1e82" />  </Results>  <TestDefinitions>    <UnitTest name="TestDeserialize" storage="f:\src\adiam_cloud_nightly_tester\bins\debug\amd64\syncfabric\tests\testrunprofile\microsoft.activedirectory.connector.test.testrunprofile.dll" id="f9f5e9cf-77a3-044e-f334-7f46f1a2b1b7">      <Execution id="2c01d5e8-fafa-4093-be88-241deee10e72" />      <TestMethod codeBase="f:\src\Adiam_Cloud_Nightly_Tester\bins\debug\amd64\SyncFabric\Tests\TestRunProfile\Microsoft.ActiveDirectory.Connector.Test.TestRunProfile.dll" adapterTypeName="Microsoft.VisualStudio.TestTools.TestTypes.Unit.UnitTestAdapter" className="Microsoft.ActiveDirectory.Connector.Test.ConnectedDirectoryUnitTest" name="TestDeserialize" />    </UnitTest>    <UnitTest name="TestSerialize" storage="f:\src\adiam_cloud_nightly_tester\bins\debug\amd64\syncfabric\tests\testrunprofile\microsoft.activedirectory.connector.test.testrunprofile.dll" id="28d5d07c-01de-0904-82c1-ac180a5203c2">      <Execution id="40832ab4-51f8-4bfe-afcb-704b7ce6f30a" />      <TestMethod codeBase="f:\src\Adiam_Cloud_Nightly_Tester\bins\debug\amd64\SyncFabric\Tests\TestRunProfile\Microsoft.ActiveDirectory.Connector.Test.TestRunProfile.dll" adapterTypeName="Microsoft.VisualStudio.TestTools.TestTypes.Unit.UnitTestAdapter" className="Microsoft.ActiveDirectory.Connector.Test.ConnectedDirectoryUnitTest" name="TestSerialize" />    </UnitTest>    <UnitTest name="TestExecutePreviewRunProfile" storage="f:\src\adiam_cloud_nightly_tester\bins\debug\amd64\syncfabric\tests\testrunprofile\microsoft.activedirectory.connector.test.testrunprofile.dll" id="8f2791d3-9770-6d20-251f-4fac2d4c521e">      <Execution id="689a552a-e07f-4b8c-a461-60610bd80617" />      <TestMethod codeBase="f:\src\Adiam_Cloud_Nightly_Tester\bins\debug\amd64\SyncFabric\Tests\TestRunProfile\Microsoft.ActiveDirectory.Connector.Test.TestRunProfile.dll" adapterTypeName="Microsoft.VisualStudio.TestTools.TestTypes.Unit.UnitTestAdapter" className="Microsoft.ActiveDirectory.Connector.Test.PreviewRunProfileUnitTest" name="TestExecutePreviewRunProfile" />    </UnitTest>    <UnitTest name="TestExecutePreviewRunProfileForSchemaWithWithNullSourceNames" storage="f:\src\adiam_cloud_nightly_tester\bins\debug\amd64\syncfabric\tests\testrunprofile\microsoft.activedirectory.connector.test.testrunprofile.dll" id="5599880a-251c-6214-45e4-911a1bb9646c">      <Execution id="3bd53fde-363e-41dc-ace0-105b929b366b" />      <TestMethod codeBase="f:\src\Adiam_Cloud_Nightly_Tester\bins\debug\amd64\SyncFabric\Tests\TestRunProfile\Microsoft.ActiveDirectory.Connector.Test.TestRunProfile.dll" adapterTypeName="Microsoft.VisualStudio.TestTools.TestTypes.Unit.UnitTestAdapter" className="Microsoft.ActiveDirectory.Connector.Test.PreviewRunProfileUnitTest" name="TestExecutePreviewRunProfileForSchemaWithWithNullSourceNames" />    </UnitTest>    <UnitTest name="TestExecuteInvalidPreviewRunProfile" storage="f:\src\adiam_cloud_nightly_tester\bins\debug\amd64\syncfabric\tests\testrunprofile\microsoft.activedirectory.connector.test.testrunprofile.dll" id="853abd7b-ee31-d683-d6d2-37099e454b94">      <Execution id="e5793072-f86f-4362-8d6f-0a1c01b90a4a" />      <TestMethod codeBase="f:\src\Adiam_Cloud_Nightly_Tester\bins\debug\amd64\SyncFabric\Tests\TestRunProfile\Microsoft.ActiveDirectory.Connector.Test.TestRunProfile.dll" adapterTypeName="Microsoft.VisualStudio.TestTools.TestTypes.Unit.UnitTestAdapter" className="Microsoft.ActiveDirectory.Connector.Test.PreviewRunProfileUnitTest" name="TestExecuteInvalidPreviewRunProfile" />    </UnitTest>    <UnitTest name="TestEntryMappingFunctionDateFormatHyphenatedYearMonthDayFormat" storage="f:\src\adiam_cloud_nightly_tester\bins\debug\amd64\syncfabric\tests\testrunprofile\microsoft.activedirectory.connector.test.testrunprofile.dll" id="fc18ea1e-6b3e-4f7c-b0d3-d9e6efabdeac">      <Execution id="0fa45708-f6d5-438c-91e2-6739386a3c11" />      <TestMethod codeBase="f:\src\Adiam_Cloud_Nightly_Tester\bins\debug\amd64\SyncFabric\Tests\TestRunProfile\Microsoft.ActiveDirectory.Connector.Test.TestRunProfile.dll" adapterTypeName="Microsoft.VisualStudio.TestTools.TestTypes.Unit.UnitTestAdapter" className="Microsoft.ActiveDirectory.Connector.Test.EntryMappingUnitTest" name="TestEntryMappingFunctionDateFormatHyphenatedYearMonthDayFormat" />    </UnitTest>    <UnitTest name="TestEntryMappingFunctionDateFormatInvalidFormat" storage="f:\src\adiam_cloud_nightly_tester\bins\debug\amd64\syncfabric\tests\testrunprofile\microsoft.activedirectory.connector.test.testrunprofile.dll" id="a9c12a84-ba82-52df-8378-c9af1dfb8403">      <Execution id="982c0b8b-e8c6-4445-ac47-18e7c2becc72" />      <TestMethod codeBase="f:\src\Adiam_Cloud_Nightly_Tester\bins\debug\amd64\SyncFabric\Tests\TestRunProfile\Microsoft.ActiveDirectory.Connector.Test.TestRunProfile.dll" adapterTypeName="Microsoft.VisualStudio.TestTools.TestTypes.Unit.UnitTestAdapter" className="Microsoft.ActiveDirectory.Connector.Test.EntryMappingUnitTest" name="TestEntryMappingFunctionDateFormatInvalidFormat" />    </UnitTest>    <UnitTest name="TestEntryMappingFunctionReplaceWithBackupRegularExpression" storage="f:\src\adiam_cloud_nightly_tester\bins\debug\amd64\syncfabric\tests\testrunprofile\microsoft.activedirectory.connector.test.testrunprofile.dll" id="17e1148f-9cb9-30f1-449a-ba3931933ae7">      <Execution id="9b78b86d-251e-43f9-af17-ef163a3a528d" />      <TestMethod codeBase="f:\src\Adiam_Cloud_Nightly_Tester\bins\debug\amd64\SyncFabric\Tests\TestRunProfile\Microsoft.ActiveDirectory.Connector.Test.TestRunProfile.dll" adapterTypeName="Microsoft.VisualStudio.TestTools.TestTypes.Unit.UnitTestAdapter" className="Microsoft.ActiveDirectory.Connector.Test.EntryMappingUnitTest" name="TestEntryMappingFunctionReplaceWithBackupRegularExpression" />    </UnitTest>    <UnitTest name="TestEntryMappingFunctionReplace" storage="f:\src\adiam_cloud_nightly_tester\bins\debug\amd64\syncfabric\tests\testrunprofile\microsoft.activedirectory.connector.test.testrunprofile.dll" id="7941fc65-96b0-9d89-61ac-0cfdfa8afe41">      <Execution id="496b672e-331d-44f1-8049-6cb5602aee8a" />      <TestMethod codeBase="f:\src\Adiam_Cloud_Nightly_Tester\bins\debug\amd64\SyncFabric\Tests\TestRunProfile\Microsoft.ActiveDirectory.Connector.Test.TestRunProfile.dll" adapterTypeName="Microsoft.VisualStudio.TestTools.TestTypes.Unit.UnitTestAdapter" className="Microsoft.ActiveDirectory.Connector.Test.EntryMappingUnitTest" name="TestEntryMappingFunctionReplace" />    </UnitTest>    <UnitTest name="TestEntryMappingFunctionReplaceCostcoEmailMapping" storage="f:\src\adiam_cloud_nightly_tester\bins\debug\amd64\syncfabric\tests\testrunprofile\microsoft.activedirectory.connector.test.testrunprofile.dll" id="46e210ff-108a-db8a-d82a-217f1bea6d01">      <Execution id="27d377d7-dfcc-4b23-95c3-0a5bb515c324" />      <TestMethod codeBase="f:\src\Adiam_Cloud_Nightly_Tester\bins\debug\amd64\SyncFabric\Tests\TestRunProfile\Microsoft.ActiveDirectory.Connector.Test.TestRunProfile.dll" adapterTypeName="Microsoft.VisualStudio.TestTools.TestTypes.Unit.UnitTestAdapter" className="Microsoft.ActiveDirectory.Connector.Test.EntryMappingUnitTest" name="TestEntryMappingFunctionReplaceCostcoEmailMapping" />    </UnitTest>    <UnitTest name="TestEqualityComparison" storage="f:\src\adiam_cloud_nightly_tester\bins\debug\amd64\syncfabric\tests\testrunprofile\microsoft.activedirectory.connector.test.testrunprofile.dll" id="523b454a-6300-effd-fea9-5c4fc00a2f50">      <Execution id="93f3c9f3-49c3-4eb5-994b-564617976c13" />      <TestMethod codeBase="f:\src\Adiam_Cloud_Nightly_Tester\bins\debug\amd64\SyncFabric\Tests\TestRunProfile\Microsoft.ActiveDirectory.Connector.Test.TestRunProfile.dll" adapterTypeName="Microsoft.VisualStudio.TestTools.TestTypes.Unit.UnitTestAdapter" className="Microsoft.ActiveDirectory.Connector.Test.EntryIdentificationPropertyComparerUnitTest" name="TestEqualityComparison" />    </UnitTest>    <UnitTest name="TestEqualityComparisonByDirectoryIdentifier" storage="f:\src\adiam_cloud_nightly_tester\bins\debug\amd64\syncfabric\tests\testrunprofile\microsoft.activedirectory.connector.test.testrunprofile.dll" id="bb158ed2-d162-4013-4727-09aaf50c6872">      <Execution id="f5303b7c-4e87-41b1-bb37-98b018f2579d" />      <TestMethod codeBase="f:\src\Adiam_Cloud_Nightly_Tester\bins\debug\amd64\SyncFabric\Tests\TestRunProfile\Microsoft.ActiveDirectory.Connector.Test.TestRunProfile.dll" adapterTypeName="Microsoft.VisualStudio.TestTools.TestTypes.Unit.UnitTestAdapter" className="Microsoft.ActiveDirectory.Connector.Test.DirectoryEntryComparerUnitTest" name="TestEqualityComparisonByDirectoryIdentifier" />    </UnitTest>    <UnitTest name="TestComplexValue" storage="f:\src\adiam_cloud_nightly_tester\bins\debug\amd64\syncfabric\tests\testrunprofile\microsoft.activedirectory.connector.test.testrunprofile.dll" id="1aa68fa2-c2a1-63dc-75bb-32ae90005e07">      <Execution id="0f1f36fa-2bb2-4595-954e-2b1a774afe7b" />      <TestMethod codeBase="f:\src\Adiam_Cloud_Nightly_Tester\bins\debug\amd64\SyncFabric\Tests\TestRunProfile\Microsoft.ActiveDirectory.Connector.Test.TestRunProfile.dll" adapterTypeName="Microsoft.VisualStudio.TestTools.TestTypes.Unit.UnitTestAdapter" className="Microsoft.ActiveDirectory.Connector.Test.EntryPropertyComplexUnitTest" name="TestComplexValue" />    </UnitTest>    <UnitTest name="TestAliasedRunProfileFactories" storage="f:\src\adiam_cloud_nightly_tester\bins\debug\amd64\syncfabric\tests\testrunprofile\microsoft.activedirectory.connector.test.testrunprofile.dll" id="a8b1c482-9544-1ec7-b283-a3c167a9f977">      <Execution id="1bda5247-e8dd-461b-a51c-84ac6f5e5e67" />      <TestMethod codeBase="f:\src\Adiam_Cloud_Nightly_Tester\bins\debug\amd64\SyncFabric\Tests\TestRunProfile\Microsoft.ActiveDirectory.Connector.Test.TestRunProfile.dll" adapterTypeName="Microsoft.VisualStudio.TestTools.TestTypes.Unit.UnitTestAdapter" className="Microsoft.ActiveDirectory.Connector.Test.RunProfileFactoryFacadeUnitTest" name="TestAliasedRunProfileFactories" />    </UnitTest>    <UnitTest name="TestCreateRunProfile" storage="f:\src\adiam_cloud_nightly_tester\bins\debug\amd64\syncfabric\tests\testrunprofile\microsoft.activedirectory.connector.test.testrunprofile.dll" id="5e6ab9be-2026-1b39-d160-f37bce9b58ba">      <Execution id="4cda4778-833f-436e-a020-e18dfbdffff1" />      <TestMethod codeBase="f:\src\Adiam_Cloud_Nightly_Tester\bins\debug\amd64\SyncFabric\Tests\TestRunProfile\Microsoft.ActiveDirectory.Connector.Test.TestRunProfile.dll" adapterTypeName="Microsoft.VisualStudio.TestTools.TestTypes.Unit.UnitTestAdapter" className="Microsoft.ActiveDirectory.Connector.Test.RunProfileFactoryFacadeUnitTest" name="TestCreateRunProfile" />    </UnitTest>    <UnitTest name="TestCreateRunProfileWithCustomSchema" storage="f:\src\adiam_cloud_nightly_tester\bins\debug\amd64\syncfabric\tests\testrunprofile\microsoft.activedirectory.connector.test.testrunprofile.dll" id="de825c03-6f03-5d15-170c-3df85d0a6a26">      <Execution id="cdcfe1cf-1cfd-4d57-8049-8086c61283d5" />      <TestMethod codeBase="f:\src\Adiam_Cloud_Nightly_Tester\bins\debug\amd64\SyncFabric\Tests\TestRunProfile\Microsoft.ActiveDirectory.Connector.Test.TestRunProfile.dll" adapterTypeName="Microsoft.VisualStudio.TestTools.TestTypes.Unit.UnitTestAdapter" className="Microsoft.ActiveDirectory.Connector.Test.RunProfileFactoryFacadeUnitTest" name="TestCreateRunProfileWithCustomSchema" />    </UnitTest>    <UnitTest name="TestCreateRunProfileWithCustomSchemaForMultiInstance" storage="f:\src\adiam_cloud_nightly_tester\bins\debug\amd64\syncfabric\tests\testrunprofile\microsoft.activedirectory.connector.test.testrunprofile.dll" id="1ba69f03-4c54-adb7-d4d5-95c7280e48fb">      <Execution id="120f5573-5533-4a9c-8f9e-b61c07b1ce77" />      <TestMethod codeBase="f:\src\Adiam_Cloud_Nightly_Tester\bins\debug\amd64\SyncFabric\Tests\TestRunProfile\Microsoft.ActiveDirectory.Connector.Test.TestRunProfile.dll" adapterTypeName="Microsoft.VisualStudio.TestTools.TestTypes.Unit.UnitTestAdapter" className="Microsoft.ActiveDirectory.Connector.Test.RunProfileFactoryFacadeUnitTest" name="TestCreateRunProfileWithCustomSchemaForMultiInstance" />    </UnitTest>    <UnitTest name="TestCreateAndExecuteNoOpRunProfile" storage="f:\src\adiam_cloud_nightly_tester\bins\debug\amd64\syncfabric\tests\testrunprofile\microsoft.activedirectory.connector.test.testrunprofile.dll" id="dce90559-5c26-13ca-7e93-da2caaab92ee">      <Execution id="f348e7c0-1681-40d9-af80-9b7ba7bfa66e" />      <TestMethod codeBase="f:\src\Adiam_Cloud_Nightly_Tester\bins\debug\amd64\SyncFabric\Tests\TestRunProfile\Microsoft.ActiveDirectory.Connector.Test.TestRunProfile.dll" adapterTypeName="Microsoft.VisualStudio.TestTools.TestTypes.Unit.UnitTestAdapter" className="Microsoft.ActiveDirectory.Connector.Test.RunProfileFactoryFacadeUnitTest" name="TestCreateAndExecuteNoOpRunProfile" />    </UnitTest>    <UnitTest name="TestCreateAndExecuteNoOpRunProfileSpecificInstance" storage="f:\src\adiam_cloud_nightly_tester\bins\debug\amd64\syncfabric\tests\testrunprofile\microsoft.activedirectory.connector.test.testrunprofile.dll" id="ada4a13e-50a6-96b8-c7f0-ae6a94d7fe4e">      <Execution id="19b60c0c-54d1-4f24-9528-8b14259a6cf3" />      <TestMethod codeBase="f:\src\Adiam_Cloud_Nightly_Tester\bins\debug\amd64\SyncFabric\Tests\TestRunProfile\Microsoft.ActiveDirectory.Connector.Test.TestRunProfile.dll" adapterTypeName="Microsoft.VisualStudio.TestTools.TestTypes.Unit.UnitTestAdapter" className="Microsoft.ActiveDirectory.Connector.Test.RunProfileFactoryFacadeUnitTest" name="TestCreateAndExecuteNoOpRunProfileSpecificInstance" />    </UnitTest>    <UnitTest name="TestUpgradeRunProfileScenarioSyncRuleChanges" storage="f:\src\adiam_cloud_nightly_tester\bins\debug\amd64\syncfabric\tests\testrunprofile\microsoft.activedirectory.connector.test.testrunprofile.dll" id="05eebf05-11c8-1deb-04c7-76a3bcc362f3">      <Execution id="88738828-d4e2-48d0-894b-9393a66dcb55" />      <TestMethod codeBase="f:\src\Adiam_Cloud_Nightly_Tester\bins\debug\amd64\SyncFabric\Tests\TestRunProfile\Microsoft.ActiveDirectory.Connector.Test.TestRunProfile.dll" adapterTypeName="Microsoft.VisualStudio.TestTools.TestTypes.Unit.UnitTestAdapter" className="Microsoft.ActiveDirectory.Connector.Test.RunProfileFactoryFacadeUnitTest" name="TestUpgradeRunProfileScenarioSyncRuleChanges" />    </UnitTest>    <UnitTest name="TestPreviewRunProfileInitialization" storage="f:\src\adiam_cloud_nightly_tester\bins\debug\amd64\syncfabric\tests\testrunprofile\microsoft.activedirectory.connector.test.testrunprofile.dll" id="94f0b2a7-1d61-9f85-d48b-8e6b8c878b28">      <Execution id="c8ea1927-2b80-4b21-afd1-8f59c38c065e" />      <TestMethod codeBase="f:\src\Adiam_Cloud_Nightly_Tester\bins\debug\amd64\SyncFabric\Tests\TestRunProfile\Microsoft.ActiveDirectory.Connector.Test.TestRunProfile.dll" adapterTypeName="Microsoft.VisualStudio.TestTools.TestTypes.Unit.UnitTestAdapter" className="Microsoft.ActiveDirectory.Connector.Test.RunProfileFactoryFacadeUnitTest" name="TestPreviewRunProfileInitialization" />    </UnitTest>    <UnitTest name="TestConnectorDataStorePrefixForExistingRunProfile" storage="f:\src\adiam_cloud_nightly_tester\bins\debug\amd64\syncfabric\tests\testrunprofile\microsoft.activedirectory.connector.test.testrunprofile.dll" id="e9bb32c6-9418-3162-3f7c-b054d003e0ec">      <Execution id="a3623583-7ee2-435f-a3c9-c61c1e2ab5e7" />      <TestMethod codeBase="f:\src\Adiam_Cloud_Nightly_Tester\bins\debug\amd64\SyncFabric\Tests\TestRunProfile\Microsoft.ActiveDirectory.Connector.Test.TestRunProfile.dll" adapterTypeName="Microsoft.VisualStudio.TestTools.TestTypes.Unit.UnitTestAdapter" className="Microsoft.ActiveDirectory.Connector.Test.RunProfileFactoryFacadeUnitTest" name="TestConnectorDataStorePrefixForExistingRunProfile" />    </UnitTest>    <UnitTest name="TestUpgradeRunProfileScenarioSyncRuleChangesFromRunProfileXml" storage="f:\src\adiam_cloud_nightly_tester\bins\debug\amd64\syncfabric\tests\testrunprofile\microsoft.activedirectory.connector.test.testrunprofile.dll" id="b6f84d84-1b99-8981-a141-9a6a943e0e61">      <Execution id="e9ace4e2-53cb-4997-b0de-42ca77104b4e" />      <TestMethod codeBase="f:\src\Adiam_Cloud_Nightly_Tester\bins\debug\amd64\SyncFabric\Tests\TestRunProfile\Microsoft.ActiveDirectory.Connector.Test.TestRunProfile.dll" adapterTypeName="Microsoft.VisualStudio.TestTools.TestTypes.Unit.UnitTestAdapter" className="Microsoft.ActiveDirectory.Connector.Test.RunProfileFactoryFacadeUnitTest" name="TestUpgradeRunProfileScenarioSyncRuleChangesFromRunProfileXml" />    </UnitTest>    <UnitTest name="TestAddModificationAddEntry" storage="f:\src\adiam_cloud_nightly_tester\bins\debug\amd64\syncfabric\tests\testrunprofile\microsoft.activedirectory.connector.test.testrunprofile.dll" id="76474685-2af2-33ba-2c90-02e19c5d0a1f">      <Execution id="f540ea12-6019-4867-b814-5febfcce1661" />      <TestMethod codeBase="f:\src\Adiam_Cloud_Nightly_Tester\bins\debug\amd64\SyncFabric\Tests\TestRunProfile\Microsoft.ActiveDirectory.Connector.Test.TestRunProfile.dll" adapterTypeName="Microsoft.VisualStudio.TestTools.TestTypes.Unit.UnitTestAdapter" className="Microsoft.ActiveDirectory.Connector.Test.EntryStoreUnitTest" name="TestAddModificationAddEntry" />    </UnitTest>    <UnitTest name="TestAddModificationDeleteEntry" storage="f:\src\adiam_cloud_nightly_tester\bins\debug\amd64\syncfabric\tests\testrunprofile\microsoft.activedirectory.connector.test.testrunprofile.dll" id="78dcb742-f031-1d5b-b982-87aa6e1e6446">      <Execution id="405080ec-36b6-4172-bda7-68ea584d8945" />      <TestMethod codeBase="f:\src\Adiam_Cloud_Nightly_Tester\bins\debug\amd64\SyncFabric\Tests\TestRunProfile\Microsoft.ActiveDirectory.Connector.Test.TestRunProfile.dll" adapterTypeName="Microsoft.VisualStudio.TestTools.TestTypes.Unit.UnitTestAdapter" className="Microsoft.ActiveDirectory.Connector.Test.EntryStoreUnitTest" name="TestAddModificationDeleteEntry" />    </UnitTest>    <UnitTest name="TestAddModificationUpdateEntryAddProperty" storage="f:\src\adiam_cloud_nightly_tester\bins\debug\amd64\syncfabric\tests\testrunprofile\microsoft.activedirectory.connector.test.testrunprofile.dll" id="ffecb73a-db60-90a7-f0c2-d60f5b178046">      <Execution id="98eeb9d7-7525-4f08-9a05-951a31953d07" />      <TestMethod codeBase="f:\src\Adiam_Cloud_Nightly_Tester\bins\debug\amd64\SyncFabric\Tests\TestRunProfile\Microsoft.ActiveDirectory.Connector.Test.TestRunProfile.dll" adapterTypeName="Microsoft.VisualStudio.TestTools.TestTypes.Unit.UnitTestAdapter" className="Microsoft.ActiveDirectory.Connector.Test.EntryStoreUnitTest" name="TestAddModificationUpdateEntryAddProperty" />    </UnitTest>    <UnitTest name="TestAddModificationUpdateEntryRemoveProperty" storage="f:\src\adiam_cloud_nightly_tester\bins\debug\amd64\syncfabric\tests\testrunprofile\microsoft.activedirectory.connector.test.testrunprofile.dll" id="3e8b8c1d-ced9-6c82-77fa-ed9b1560e71c">      <Execution id="0a7f4c44-d9a9-4f6f-a3b5-931b5a8c8777" />      <TestMethod codeBase="f:\src\Adiam_Cloud_Nightly_Tester\bins\debug\amd64\SyncFabric\Tests\TestRunProfile\Microsoft.ActiveDirectory.Connector.Test.TestRunProfile.dll" adapterTypeName="Microsoft.VisualStudio.TestTools.TestTypes.Unit.UnitTestAdapter" className="Microsoft.ActiveDirectory.Connector.Test.EntryStoreUnitTest" name="TestAddModificationUpdateEntryRemoveProperty" />    </UnitTest>    <UnitTest name="TestAddModificationUpdateEntryReplaceProperty" storage="f:\src\adiam_cloud_nightly_tester\bins\debug\amd64\syncfabric\tests\testrunprofile\microsoft.activedirectory.connector.test.testrunprofile.dll" id="06f11a04-819d-d6c3-8bf7-32401b1b9605">      <Execution id="ce2d36e0-7f2d-46d8-9e31-adb0430ba367" />      <TestMethod codeBase="f:\src\Adiam_Cloud_Nightly_Tester\bins\debug\amd64\SyncFabric\Tests\TestRunProfile\Microsoft.ActiveDirectory.Connector.Test.TestRunProfile.dll" adapterTypeName="Microsoft.VisualStudio.TestTools.TestTypes.Unit.UnitTestAdapter" className="Microsoft.ActiveDirectory.Connector.Test.EntryStoreUnitTest" name="TestAddModificationUpdateEntryReplaceProperty" />    </UnitTest>    <UnitTest name="TestAddModificationUpdateEntryModifyPropertyAddValue" storage="f:\src\adiam_cloud_nightly_tester\bins\debug\amd64\syncfabric\tests\testrunprofile\microsoft.activedirectory.connector.test.testrunprofile.dll" id="a45c2967-286b-7c37-f401-359209262feb">      <Execution id="a0b72ae2-12c6-4316-b61f-79294831c085" />      <TestMethod codeBase="f:\src\Adiam_Cloud_Nightly_Tester\bins\debug\amd64\SyncFabric\Tests\TestRunProfile\Microsoft.ActiveDirectory.Connector.Test.TestRunProfile.dll" adapterTypeName="Microsoft.VisualStudio.TestTools.TestTypes.Unit.UnitTestAdapter" className="Microsoft.ActiveDirectory.Connector.Test.EntryStoreUnitTest" name="TestAddModificationUpdateEntryModifyPropertyAddValue" />    </UnitTest>    <UnitTest name="TestAddModificationUpdateEntryModifyPropertyChangeValue" storage="f:\src\adiam_cloud_nightly_tester\bins\debug\amd64\syncfabric\tests\testrunprofile\microsoft.activedirectory.connector.test.testrunprofile.dll" id="5cd67ce4-99c6-7674-3400-719523694478">      <Execution id="3765cec7-e92d-4aeb-9511-21217a192a1e" />      <TestMethod codeBase="f:\src\Adiam_Cloud_Nightly_Tester\bins\debug\amd64\SyncFabric\Tests\TestRunProfile\Microsoft.ActiveDirectory.Connector.Test.TestRunProfile.dll" adapterTypeName="Microsoft.VisualStudio.TestTools.TestTypes.Unit.UnitTestAdapter" className="Microsoft.ActiveDirectory.Connector.Test.EntryStoreUnitTest" name="TestAddModificationUpdateEntryModifyPropertyChangeValue" />    </UnitTest>    <UnitTest name="TestAddModificationUpdateEntryModifyPropertyRemoveValue" storage="f:\src\adiam_cloud_nightly_tester\bins\debug\amd64\syncfabric\tests\testrunprofile\microsoft.activedirectory.connector.test.testrunprofile.dll" id="787dcca7-5c2b-2e8e-1388-23167085f2b0">      <Execution id="33047fe4-c43d-4f39-ba25-0d38ba096746" />      <TestMethod codeBase="f:\src\Adiam_Cloud_Nightly_Tester\bins\debug\amd64\SyncFabric\Tests\TestRunProfile\Microsoft.ActiveDirectory.Connector.Test.TestRunProfile.dll" adapterTypeName="Microsoft.VisualStudio.TestTools.TestTypes.Unit.UnitTestAdapter" className="Microsoft.ActiveDirectory.Connector.Test.EntryStoreUnitTest" name="TestAddModificationUpdateEntryModifyPropertyRemoveValue" />    </UnitTest>    <UnitTest name="TestEntries" storage="f:\src\adiam_cloud_nightly_tester\bins\debug\amd64\syncfabric\tests\testrunprofile\microsoft.activedirectory.connector.test.testrunprofile.dll" id="d69e4c11-b254-1ecd-28cb-95e371dce10a">      <Execution id="abf5311e-709f-46e5-ab20-ad28b5df9f22" />      <TestMethod codeBase="f:\src\Adiam_Cloud_Nightly_Tester\bins\debug\amd64\SyncFabric\Tests\TestRunProfile\Microsoft.ActiveDirectory.Connector.Test.TestRunProfile.dll" adapterTypeName="Microsoft.VisualStudio.TestTools.TestTypes.Unit.UnitTestAdapter" className="Microsoft.ActiveDirectory.Connector.Test.EntryStoreUnitTest" name="TestEntries" />    </UnitTest>    <UnitTest name="TestFictitiousUserEntries" storage="f:\src\adiam_cloud_nightly_tester\bins\debug\amd64\syncfabric\tests\testrunprofile\microsoft.activedirectory.connector.test.testrunprofile.dll" id="959c0057-799d-03df-ec56-e2335203dfa3">      <Execution id="05ea3f3d-6aed-453c-be96-6588a1c947df" />      <TestMethod codeBase="f:\src\Adiam_Cloud_Nightly_Tester\bins\debug\amd64\SyncFabric\Tests\TestRunProfile\Microsoft.ActiveDirectory.Connector.Test.TestRunProfile.dll" adapterTypeName="Microsoft.VisualStudio.TestTools.TestTypes.Unit.UnitTestAdapter" className="Microsoft.ActiveDirectory.Connector.Test.EntryStoreUnitTest" name="TestFictitiousUserEntries" />    </UnitTest>    <UnitTest name="TestModifications" storage="f:\src\adiam_cloud_nightly_tester\bins\debug\amd64\syncfabric\tests\testrunprofile\microsoft.activedirectory.connector.test.testrunprofile.dll" id="75cc9708-40f0-0027-3fe2-020475f2ffd1">      <Execution id="598c14cd-34c3-471c-94e8-0047103a820c" />      <TestMethod codeBase="f:\src\Adiam_Cloud_Nightly_Tester\bins\debug\amd64\SyncFabric\Tests\TestRunProfile\Microsoft.ActiveDirectory.Connector.Test.TestRunProfile.dll" adapterTypeName="Microsoft.VisualStudio.TestTools.TestTypes.Unit.UnitTestAdapter" className="Microsoft.ActiveDirectory.Connector.Test.EntryStoreUnitTest" name="TestModifications" />    </UnitTest>    <UnitTest name="TestExport" storage="f:\src\adiam_cloud_nightly_tester\bins\debug\amd64\syncfabric\tests\testrunprofile\microsoft.activedirectory.connector.test.testrunprofile.dll" id="a4ea69ff-9527-d13d-d388-b37035301378">      <Execution id="1730976d-c911-419c-a53f-65c60eaf5a0e" />      <TestMethod codeBase="f:\src\Adiam_Cloud_Nightly_Tester\bins\debug\amd64\SyncFabric\Tests\TestRunProfile\Microsoft.ActiveDirectory.Connector.Test.TestRunProfile.dll" adapterTypeName="Microsoft.VisualStudio.TestTools.TestTypes.Unit.UnitTestAdapter" className="Microsoft.ActiveDirectory.Connector.Test.MultiplexProxyAdapterUnitTest" name="TestExport" />    </UnitTest>    <UnitTest name="TestImportByAnchor" storage="f:\src\adiam_cloud_nightly_tester\bins\debug\amd64\syncfabric\tests\testrunprofile\microsoft.activedirectory.connector.test.testrunprofile.dll" id="56fb6329-543b-5aed-4800-814beb2dd128">      <Execution id="7dc5fb37-34d8-4b94-9ba8-4253db4651fd" />      <TestMethod codeBase="f:\src\Adiam_Cloud_Nightly_Tester\bins\debug\amd64\SyncFabric\Tests\TestRunProfile\Microsoft.ActiveDirectory.Connector.Test.TestRunProfile.dll" adapterTypeName="Microsoft.VisualStudio.TestTools.TestTypes.Unit.UnitTestAdapter" className="Microsoft.ActiveDirectory.Connector.Test.MultiplexProxyAdapterUnitTest" name="TestImportByAnchor" />    </UnitTest>    <UnitTest name="TestImportByJoiningPropertyValue" storage="f:\src\adiam_cloud_nightly_tester\bins\debug\amd64\syncfabric\tests\testrunprofile\microsoft.activedirectory.connector.test.testrunprofile.dll" id="8419adf9-bc34-8240-c945-4587eeaf6525">      <Execution id="27085a83-64f0-4031-afe2-8441e438a241" />      <TestMethod codeBase="f:\src\Adiam_Cloud_Nightly_Tester\bins\debug\amd64\SyncFabric\Tests\TestRunProfile\Microsoft.ActiveDirectory.Connector.Test.TestRunProfile.dll" adapterTypeName="Microsoft.VisualStudio.TestTools.TestTypes.Unit.UnitTestAdapter" className="Microsoft.ActiveDirectory.Connector.Test.MultiplexProxyAdapterUnitTest" name="TestImportByJoiningPropertyValue" />    </UnitTest>    <UnitTest name="TestDeserialize" storage="f:\src\adiam_cloud_nightly_tester\bins\debug\amd64\syncfabric\tests\testrunprofile\microsoft.activedirectory.connector.test.testrunprofile.dll" id="f25986ac-0cda-aa59-3b5d-791997d447b3">      <Execution id="1c6aeca7-4bcf-4d1a-a6f6-4ce030a99def" />      <TestMethod codeBase="f:\src\Adiam_Cloud_Nightly_Tester\bins\debug\amd64\SyncFabric\Tests\TestRunProfile\Microsoft.ActiveDirectory.Connector.Test.TestRunProfile.dll" adapterTypeName="Microsoft.VisualStudio.TestTools.TestTypes.Unit.UnitTestAdapter" className="Microsoft.ActiveDirectory.Connector.Test.RunProfileUnitTest" name="TestDeserialize" />    </UnitTest>    <UnitTest name="TestDeserializeLegacyConnectorStatus" storage="f:\src\adiam_cloud_nightly_tester\bins\debug\amd64\syncfabric\tests\testrunprofile\microsoft.activedirectory.connector.test.testrunprofile.dll" id="dc279dc7-7352-6c97-b480-4e7a5f8da47c">      <Execution id="aedcb655-d5ce-47a7-b3cd-56136788f833" />      <TestMethod codeBase="f:\src\Adiam_Cloud_Nightly_Tester\bins\debug\amd64\SyncFabric\Tests\TestRunProfile\Microsoft.ActiveDirectory.Connector.Test.TestRunProfile.dll" adapterTypeName="Microsoft.VisualStudio.TestTools.TestTypes.Unit.UnitTestAdapter" className="Microsoft.ActiveDirectory.Connector.Test.RunProfileUnitTest" name="TestDeserializeLegacyConnectorStatus" />    </UnitTest>    <UnitTest name="TestDeserializeNoVersion" storage="f:\src\adiam_cloud_nightly_tester\bins\debug\amd64\syncfabric\tests\testrunprofile\microsoft.activedirectory.connector.test.testrunprofile.dll" id="772c1756-d080-2db9-6dd9-316a7e57de68">      <Execution id="e69af30b-0b89-4448-a6a1-c8066683052b" />      <TestMethod codeBase="f:\src\Adiam_Cloud_Nightly_Tester\bins\debug\amd64\SyncFabric\Tests\TestRunProfile\Microsoft.ActiveDirectory.Connector.Test.TestRunProfile.dll" adapterTypeName="Microsoft.VisualStudio.TestTools.TestTypes.Unit.UnitTestAdapter" className="Microsoft.ActiveDirectory.Connector.Test.RunProfileUnitTest" name="TestDeserializeNoVersion" />    </UnitTest>    <UnitTest name="TestMessage" storage="f:\src\adiam_cloud_nightly_tester\bins\debug\amd64\syncfabric\tests\testrunprofile\microsoft.activedirectory.connector.test.testrunprofile.dll" id="f07bf4fc-9608-5eef-1829-77aa6cf157aa">      <Execution id="5a5dade6-b127-45e5-b22f-2fcd8e72726a" />      <TestMethod codeBase="f:\src\Adiam_Cloud_Nightly_Tester\bins\debug\amd64\SyncFabric\Tests\TestRunProfile\Microsoft.ActiveDirectory.Connector.Test.TestRunProfile.dll" adapterTypeName="Microsoft.VisualStudio.TestTools.TestTypes.Unit.UnitTestAdapter" className="Microsoft.ActiveDirectory.Connector.Test.RunProfileUnitTest" name="TestMessage" />    </UnitTest>    <UnitTest name="TestExporterPaging" storage="f:\src\adiam_cloud_nightly_tester\bins\debug\amd64\syncfabric\tests\testrunprofile\microsoft.activedirectory.connector.test.testrunprofile.dll" id="539ccdc7-34e0-6e6a-622c-0fba7623f8e9">      <Execution id="0806fd20-9610-458c-8514-1b02174d03eb" />      <TestMethod codeBase="f:\src\Adiam_Cloud_Nightly_Tester\bins\debug\amd64\SyncFabric\Tests\TestRunProfile\Microsoft.ActiveDirectory.Connector.Test.TestRunProfile.dll" adapterTypeName="Microsoft.VisualStudio.TestTools.TestTypes.Unit.UnitTestAdapter" className="Microsoft.ActiveDirectory.Connector.Test.RunProfileUnitTest" name="TestExporterPaging" />    </UnitTest>    <UnitTest name="TestSerialize" storage="f:\src\adiam_cloud_nightly_tester\bins\debug\amd64\syncfabric\tests\testrunprofile\microsoft.activedirectory.connector.test.testrunprofile.dll" id="7f039267-543a-fa27-c064-dcfb93ec4a81">      <Execution id="d7936c79-2649-4e19-b527-7b540a88d3f1" />      <TestMethod codeBase="f:\src\Adiam_Cloud_Nightly_Tester\bins\debug\amd64\SyncFabric\Tests\TestRunProfile\Microsoft.ActiveDirectory.Connector.Test.TestRunProfile.dll" adapterTypeName="Microsoft.VisualStudio.TestTools.TestTypes.Unit.UnitTestAdapter" className="Microsoft.ActiveDirectory.Connector.Test.RunProfileUnitTest" name="TestSerialize" />    </UnitTest>    <UnitTest name="TestWatermarkReset" storage="f:\src\adiam_cloud_nightly_tester\bins\debug\amd64\syncfabric\tests\testrunprofile\microsoft.activedirectory.connector.test.testrunprofile.dll" id="f3a22ae9-62f6-6b29-34d3-3e501f2bf4b0">      <Execution id="5c978370-4bdd-452f-82fb-3305702d7304" />      <TestMethod codeBase="f:\src\Adiam_Cloud_Nightly_Tester\bins\debug\amd64\SyncFabric\Tests\TestRunProfile\Microsoft.ActiveDirectory.Connector.Test.TestRunProfile.dll" adapterTypeName="Microsoft.VisualStudio.TestTools.TestTypes.Unit.UnitTestAdapter" className="Microsoft.ActiveDirectory.Connector.Test.RunProfileUnitTest" name="TestWatermarkReset" />    </UnitTest>    <UnitTest name="TestVersioning" storage="f:\src\adiam_cloud_nightly_tester\bins\debug\amd64\syncfabric\tests\testrunprofile\microsoft.activedirectory.connector.test.testrunprofile.dll" id="6cae51db-cb1d-4bef-6d96-8aec681fb27b">      <Execution id="4879d86b-103d-445c-863e-09691c713348" />      <TestMethod codeBase="f:\src\Adiam_Cloud_Nightly_Tester\bins\debug\amd64\SyncFabric\Tests\TestRunProfile\Microsoft.ActiveDirectory.Connector.Test.TestRunProfile.dll" adapterTypeName="Microsoft.VisualStudio.TestTools.TestTypes.Unit.UnitTestAdapter" className="Microsoft.ActiveDirectory.Connector.Test.RunProfileUnitTest" name="TestVersioning" />    </UnitTest>    <UnitTest name="TestDeserializeQuickBooksOnline" storage="f:\src\adiam_cloud_nightly_tester\bins\debug\amd64\syncfabric\tests\testrunprofile\microsoft.activedirectory.connector.test.testrunprofile.dll" id="c84cd775-8597-263e-8d25-5495a1a4be47">      <Execution id="c821d1ed-de52-41e9-8d56-3cb521745586" />      <TestMethod codeBase="f:\src\Adiam_Cloud_Nightly_Tester\bins\debug\amd64\SyncFabric\Tests\TestRunProfile\Microsoft.ActiveDirectory.Connector.Test.TestRunProfile.dll" adapterTypeName="Microsoft.VisualStudio.TestTools.TestTypes.Unit.UnitTestAdapter" className="Microsoft.ActiveDirectory.Connector.Test.SynchronizationRuleUnitTest" name="TestDeserializeQuickBooksOnline" />    </UnitTest>    <UnitTest name="TestDeserializeSalesForce" storage="f:\src\adiam_cloud_nightly_tester\bins\debug\amd64\syncfabric\tests\testrunprofile\microsoft.activedirectory.connector.test.testrunprofile.dll" id="1235b514-c144-0c70-8ed1-8e44f69a90ff">      <Execution id="c510d1ed-ec56-4278-b353-40f94233f4fe" />      <TestMethod codeBase="f:\src\Adiam_Cloud_Nightly_Tester\bins\debug\amd64\SyncFabric\Tests\TestRunProfile\Microsoft.ActiveDirectory.Connector.Test.TestRunProfile.dll" adapterTypeName="Microsoft.VisualStudio.TestTools.TestTypes.Unit.UnitTestAdapter" className="Microsoft.ActiveDirectory.Connector.Test.SynchronizationRuleUnitTest" name="TestDeserializeSalesForce" />    </UnitTest>    <UnitTest name="TestSerializeQuickBooksOnline" storage="f:\src\adiam_cloud_nightly_tester\bins\debug\amd64\syncfabric\tests\testrunprofile\microsoft.activedirectory.connector.test.testrunprofile.dll" id="72ca6348-e3e1-ffab-55f7-81b5a55416b5">      <Execution id="9bf5db7f-46d0-4616-9f16-6dd7d0faeb87" />      <TestMethod codeBase="f:\src\Adiam_Cloud_Nightly_Tester\bins\debug\amd64\SyncFabric\Tests\TestRunProfile\Microsoft.ActiveDirectory.Connector.Test.TestRunProfile.dll" adapterTypeName="Microsoft.VisualStudio.TestTools.TestTypes.Unit.UnitTestAdapter" className="Microsoft.ActiveDirectory.Connector.Test.SynchronizationRuleUnitTest" name="TestSerializeQuickBooksOnline" />    </UnitTest>    <UnitTest name="TestSerializeSalesForce" storage="f:\src\adiam_cloud_nightly_tester\bins\debug\amd64\syncfabric\tests\testrunprofile\microsoft.activedirectory.connector.test.testrunprofile.dll" id="dfc190d4-e3cc-e599-4219-0478ddd2c871">      <Execution id="f6f934d5-41e1-42bb-8407-5a4dc390c4fb" />      <TestMethod codeBase="f:\src\Adiam_Cloud_Nightly_Tester\bins\debug\amd64\SyncFabric\Tests\TestRunProfile\Microsoft.ActiveDirectory.Connector.Test.TestRunProfile.dll" adapterTypeName="Microsoft.VisualStudio.TestTools.TestTypes.Unit.UnitTestAdapter" className="Microsoft.ActiveDirectory.Connector.Test.SynchronizationRuleUnitTest" name="TestSerializeSalesForce" />    </UnitTest>    <UnitTest name="TestDeserialize" storage="f:\src\adiam_cloud_nightly_tester\bins\debug\amd64\syncfabric\tests\testrunprofile\microsoft.activedirectory.connector.test.testrunprofile.dll" id="b6ca8dcf-6172-e862-6a18-cdb23bb6c687">      <Execution id="8295a542-731c-4d34-8e59-b18e29804317" />      <TestMethod codeBase="f:\src\Adiam_Cloud_Nightly_Tester\bins\debug\amd64\SyncFabric\Tests\TestRunProfile\Microsoft.ActiveDirectory.Connector.Test.TestRunProfile.dll" adapterTypeName="Microsoft.VisualStudio.TestTools.TestTypes.Unit.UnitTestAdapter" className="Microsoft.ActiveDirectory.Connector.Test.EscrowedEntryUnitTest" name="TestDeserialize" />    </UnitTest>    <UnitTest name="TestSerialize" storage="f:\src\adiam_cloud_nightly_tester\bins\debug\amd64\syncfabric\tests\testrunprofile\microsoft.activedirectory.connector.test.testrunprofile.dll" id="b3020c94-f365-f694-6bcf-1496fd071604">      <Execution id="97b9801a-0d79-4cc5-bde0-aed84f9e3ac8" />      <TestMethod codeBase="f:\src\Adiam_Cloud_Nightly_Tester\bins\debug\amd64\SyncFabric\Tests\TestRunProfile\Microsoft.ActiveDirectory.Connector.Test.TestRunProfile.dll" adapterTypeName="Microsoft.VisualStudio.TestTools.TestTypes.Unit.UnitTestAdapter" className="Microsoft.ActiveDirectory.Connector.Test.EscrowedEntryUnitTest" name="TestSerialize" />    </UnitTest>    <UnitTest name="TestCreation" storage="f:\src\adiam_cloud_nightly_tester\bins\debug\amd64\syncfabric\tests\testrunprofile\microsoft.activedirectory.connector.test.testrunprofile.dll" id="c89abfa0-b55a-24c6-c97d-0e4769696f83">      <Execution id="ec55e96d-f808-4313-bd6d-1da580b134cc" />      <TestMethod codeBase="f:\src\Adiam_Cloud_Nightly_Tester\bins\debug\amd64\SyncFabric\Tests\TestRunProfile\Microsoft.ActiveDirectory.Connector.Test.TestRunProfile.dll" adapterTypeName="Microsoft.VisualStudio.TestTools.TestTypes.Unit.UnitTestAdapter" className="Microsoft.ActiveDirectory.Connector.Test.EscrowedEntryUnitTest" name="TestCreation" />    </UnitTest>    <UnitTest name="TestGetEntries" storage="f:\src\adiam_cloud_nightly_tester\bins\debug\amd64\syncfabric\tests\testrunprofile\microsoft.activedirectory.connector.test.testrunprofile.dll" id="ec6200fc-c3cb-8017-c7df-ba5489248b4c">      <Execution id="d0e3e0da-fa34-44db-8dca-fe8151632dc9" />      <TestMethod codeBase="f:\src\Adiam_Cloud_Nightly_Tester\bins\debug\amd64\SyncFabric\Tests\TestRunProfile\Microsoft.ActiveDirectory.Connector.Test.TestRunProfile.dll" adapterTypeName="Microsoft.VisualStudio.TestTools.TestTypes.Unit.UnitTestAdapter" className="Microsoft.ActiveDirectory.Connector.Test.TransportUnitTest" name="TestGetEntries" />    </UnitTest>    <UnitTest name="TestPutExportEntries" storage="f:\src\adiam_cloud_nightly_tester\bins\debug\amd64\syncfabric\tests\testrunprofile\microsoft.activedirectory.connector.test.testrunprofile.dll" id="a748cff0-f727-2f92-e63c-97ade7e3f150">      <Execution id="0cfa515c-7ef5-4407-972e-019143770a09" />      <TestMethod codeBase="f:\src\Adiam_Cloud_Nightly_Tester\bins\debug\amd64\SyncFabric\Tests\TestRunProfile\Microsoft.ActiveDirectory.Connector.Test.TestRunProfile.dll" adapterTypeName="Microsoft.VisualStudio.TestTools.TestTypes.Unit.UnitTestAdapter" className="Microsoft.ActiveDirectory.Connector.Test.TransportUnitTest" name="TestPutExportEntries" />    </UnitTest>    <UnitTest name="TestSynchronizeDelta" storage="f:\src\adiam_cloud_nightly_tester\bins\debug\amd64\syncfabric\tests\testrunprofile\microsoft.activedirectory.connector.test.testrunprofile.dll" id="078c4570-fe14-6243-4d53-73f71257145f">      <Execution id="85c2f444-1b08-4f88-bfcf-43e052cdbf42" />      <TestMethod codeBase="f:\src\Adiam_Cloud_Nightly_Tester\bins\debug\amd64\SyncFabric\Tests\TestRunProfile\Microsoft.ActiveDirectory.Connector.Test.TestRunProfile.dll" adapterTypeName="Microsoft.VisualStudio.TestTools.TestTypes.Unit.UnitTestAdapter" className="Microsoft.ActiveDirectory.Connector.Test.TransportUnitTest" name="TestSynchronizeDelta" />    </UnitTest>    <UnitTest name="TestSynchronizeFull" storage="f:\src\adiam_cloud_nightly_tester\bins\debug\amd64\syncfabric\tests\testrunprofile\microsoft.activedirectory.connector.test.testrunprofile.dll" id="ea41c9ae-eee2-2dcc-3fab-596c10c52245">      <Execution id="046145dd-9a28-46bc-bcc7-edc62f9c1e82" />      <TestMethod codeBase="f:\src\Adiam_Cloud_Nightly_Tester\bins\debug\amd64\SyncFabric\Tests\TestRunProfile\Microsoft.ActiveDirectory.Connector.Test.TestRunProfile.dll" adapterTypeName="Microsoft.VisualStudio.TestTools.TestTypes.Unit.UnitTestAdapter" className="Microsoft.ActiveDirectory.Connector.Test.TransportUnitTest" name="TestSynchronizeFull" />    </UnitTest>  </TestDefinitions>  <TestEntries>    <TestEntry testId="f9f5e9cf-77a3-044e-f334-7f46f1a2b1b7" executionId="2c01d5e8-fafa-4093-be88-241deee10e72" testListId="8c84fa94-04c1-424b-9868-57a2d4851a1d" />    <TestEntry testId="28d5d07c-01de-0904-82c1-ac180a5203c2" executionId="40832ab4-51f8-4bfe-afcb-704b7ce6f30a" testListId="8c84fa94-04c1-424b-9868-57a2d4851a1d" />    <TestEntry testId="8f2791d3-9770-6d20-251f-4fac2d4c521e" executionId="689a552a-e07f-4b8c-a461-60610bd80617" testListId="8c84fa94-04c1-424b-9868-57a2d4851a1d" />    <TestEntry testId="5599880a-251c-6214-45e4-911a1bb9646c" executionId="3bd53fde-363e-41dc-ace0-105b929b366b" testListId="8c84fa94-04c1-424b-9868-57a2d4851a1d" />    <TestEntry testId="853abd7b-ee31-d683-d6d2-37099e454b94" executionId="e5793072-f86f-4362-8d6f-0a1c01b90a4a" testListId="8c84fa94-04c1-424b-9868-57a2d4851a1d" />    <TestEntry testId="fc18ea1e-6b3e-4f7c-b0d3-d9e6efabdeac" executionId="0fa45708-f6d5-438c-91e2-6739386a3c11" testListId="8c84fa94-04c1-424b-9868-57a2d4851a1d" />    <TestEntry testId="a9c12a84-ba82-52df-8378-c9af1dfb8403" executionId="982c0b8b-e8c6-4445-ac47-18e7c2becc72" testListId="8c84fa94-04c1-424b-9868-57a2d4851a1d" />    <TestEntry testId="17e1148f-9cb9-30f1-449a-ba3931933ae7" executionId="9b78b86d-251e-43f9-af17-ef163a3a528d" testListId="8c84fa94-04c1-424b-9868-57a2d4851a1d" />    <TestEntry testId="7941fc65-96b0-9d89-61ac-0cfdfa8afe41" executionId="496b672e-331d-44f1-8049-6cb5602aee8a" testListId="8c84fa94-04c1-424b-9868-57a2d4851a1d" />    <TestEntry testId="46e210ff-108a-db8a-d82a-217f1bea6d01" executionId="27d377d7-dfcc-4b23-95c3-0a5bb515c324" testListId="8c84fa94-04c1-424b-9868-57a2d4851a1d" />    <TestEntry testId="523b454a-6300-effd-fea9-5c4fc00a2f50" executionId="93f3c9f3-49c3-4eb5-994b-564617976c13" testListId="8c84fa94-04c1-424b-9868-57a2d4851a1d" />    <TestEntry testId="bb158ed2-d162-4013-4727-09aaf50c6872" executionId="f5303b7c-4e87-41b1-bb37-98b018f2579d" testListId="8c84fa94-04c1-424b-9868-57a2d4851a1d" />    <TestEntry testId="1aa68fa2-c2a1-63dc-75bb-32ae90005e07" executionId="0f1f36fa-2bb2-4595-954e-2b1a774afe7b" testListId="8c84fa94-04c1-424b-9868-57a2d4851a1d" />    <TestEntry testId="a8b1c482-9544-1ec7-b283-a3c167a9f977" executionId="1bda5247-e8dd-461b-a51c-84ac6f5e5e67" testListId="8c84fa94-04c1-424b-9868-57a2d4851a1d" />    <TestEntry testId="5e6ab9be-2026-1b39-d160-f37bce9b58ba" executionId="4cda4778-833f-436e-a020-e18dfbdffff1" testListId="8c84fa94-04c1-424b-9868-57a2d4851a1d" />    <TestEntry testId="de825c03-6f03-5d15-170c-3df85d0a6a26" executionId="cdcfe1cf-1cfd-4d57-8049-8086c61283d5" testListId="8c84fa94-04c1-424b-9868-57a2d4851a1d" />    <TestEntry testId="1ba69f03-4c54-adb7-d4d5-95c7280e48fb" executionId="120f5573-5533-4a9c-8f9e-b61c07b1ce77" testListId="8c84fa94-04c1-424b-9868-57a2d4851a1d" />    <TestEntry testId="dce90559-5c26-13ca-7e93-da2caaab92ee" executionId="f348e7c0-1681-40d9-af80-9b7ba7bfa66e" testListId="8c84fa94-04c1-424b-9868-57a2d4851a1d" />    <TestEntry testId="ada4a13e-50a6-96b8-c7f0-ae6a94d7fe4e" executionId="19b60c0c-54d1-4f24-9528-8b14259a6cf3" testListId="8c84fa94-04c1-424b-9868-57a2d4851a1d" />    <TestEntry testId="05eebf05-11c8-1deb-04c7-76a3bcc362f3" executionId="88738828-d4e2-48d0-894b-9393a66dcb55" testListId="8c84fa94-04c1-424b-9868-57a2d4851a1d" />    <TestEntry testId="94f0b2a7-1d61-9f85-d48b-8e6b8c878b28" executionId="c8ea1927-2b80-4b21-afd1-8f59c38c065e" testListId="8c84fa94-04c1-424b-9868-57a2d4851a1d" />    <TestEntry testId="e9bb32c6-9418-3162-3f7c-b054d003e0ec" executionId="a3623583-7ee2-435f-a3c9-c61c1e2ab5e7" testListId="8c84fa94-04c1-424b-9868-57a2d4851a1d" />    <TestEntry testId="b6f84d84-1b99-8981-a141-9a6a943e0e61" executionId="e9ace4e2-53cb-4997-b0de-42ca77104b4e" testListId="8c84fa94-04c1-424b-9868-57a2d4851a1d" />    <TestEntry testId="76474685-2af2-33ba-2c90-02e19c5d0a1f" executionId="f540ea12-6019-4867-b814-5febfcce1661" testListId="8c84fa94-04c1-424b-9868-57a2d4851a1d" />    <TestEntry testId="78dcb742-f031-1d5b-b982-87aa6e1e6446" executionId="405080ec-36b6-4172-bda7-68ea584d8945" testListId="8c84fa94-04c1-424b-9868-57a2d4851a1d" />    <TestEntry testId="ffecb73a-db60-90a7-f0c2-d60f5b178046" executionId="98eeb9d7-7525-4f08-9a05-951a31953d07" testListId="8c84fa94-04c1-424b-9868-57a2d4851a1d" />    <TestEntry testId="3e8b8c1d-ced9-6c82-77fa-ed9b1560e71c" executionId="0a7f4c44-d9a9-4f6f-a3b5-931b5a8c8777" testListId="8c84fa94-04c1-424b-9868-57a2d4851a1d" />    <TestEntry testId="06f11a04-819d-d6c3-8bf7-32401b1b9605" executionId="ce2d36e0-7f2d-46d8-9e31-adb0430ba367" testListId="8c84fa94-04c1-424b-9868-57a2d4851a1d" />    <TestEntry testId="a45c2967-286b-7c37-f401-359209262feb" executionId="a0b72ae2-12c6-4316-b61f-79294831c085" testListId="8c84fa94-04c1-424b-9868-57a2d4851a1d" />    <TestEntry testId="5cd67ce4-99c6-7674-3400-719523694478" executionId="3765cec7-e92d-4aeb-9511-21217a192a1e" testListId="8c84fa94-04c1-424b-9868-57a2d4851a1d" />    <TestEntry testId="787dcca7-5c2b-2e8e-1388-23167085f2b0" executionId="33047fe4-c43d-4f39-ba25-0d38ba096746" testListId="8c84fa94-04c1-424b-9868-57a2d4851a1d" />    <TestEntry testId="d69e4c11-b254-1ecd-28cb-95e371dce10a" executionId="abf5311e-709f-46e5-ab20-ad28b5df9f22" testListId="8c84fa94-04c1-424b-9868-57a2d4851a1d" />    <TestEntry testId="959c0057-799d-03df-ec56-e2335203dfa3" executionId="05ea3f3d-6aed-453c-be96-6588a1c947df" testListId="8c84fa94-04c1-424b-9868-57a2d4851a1d" />    <TestEntry testId="75cc9708-40f0-0027-3fe2-020475f2ffd1" executionId="598c14cd-34c3-471c-94e8-0047103a820c" testListId="8c84fa94-04c1-424b-9868-57a2d4851a1d" />    <TestEntry testId="a4ea69ff-9527-d13d-d388-b37035301378" executionId="1730976d-c911-419c-a53f-65c60eaf5a0e" testListId="8c84fa94-04c1-424b-9868-57a2d4851a1d" />    <TestEntry testId="56fb6329-543b-5aed-4800-814beb2dd128" executionId="7dc5fb37-34d8-4b94-9ba8-4253db4651fd" testListId="8c84fa94-04c1-424b-9868-57a2d4851a1d" />    <TestEntry testId="8419adf9-bc34-8240-c945-4587eeaf6525" executionId="27085a83-64f0-4031-afe2-8441e438a241" testListId="8c84fa94-04c1-424b-9868-57a2d4851a1d" />    <TestEntry testId="f25986ac-0cda-aa59-3b5d-791997d447b3" executionId="1c6aeca7-4bcf-4d1a-a6f6-4ce030a99def" testListId="8c84fa94-04c1-424b-9868-57a2d4851a1d" />    <TestEntry testId="dc279dc7-7352-6c97-b480-4e7a5f8da47c" executionId="aedcb655-d5ce-47a7-b3cd-56136788f833" testListId="8c84fa94-04c1-424b-9868-57a2d4851a1d" />    <TestEntry testId="772c1756-d080-2db9-6dd9-316a7e57de68" executionId="e69af30b-0b89-4448-a6a1-c8066683052b" testListId="8c84fa94-04c1-424b-9868-57a2d4851a1d" />    <TestEntry testId="f07bf4fc-9608-5eef-1829-77aa6cf157aa" executionId="5a5dade6-b127-45e5-b22f-2fcd8e72726a" testListId="8c84fa94-04c1-424b-9868-57a2d4851a1d" />    <TestEntry testId="539ccdc7-34e0-6e6a-622c-0fba7623f8e9" executionId="0806fd20-9610-458c-8514-1b02174d03eb" testListId="8c84fa94-04c1-424b-9868-57a2d4851a1d" />    <TestEntry testId="7f039267-543a-fa27-c064-dcfb93ec4a81" executionId="d7936c79-2649-4e19-b527-7b540a88d3f1" testListId="8c84fa94-04c1-424b-9868-57a2d4851a1d" />    <TestEntry testId="f3a22ae9-62f6-6b29-34d3-3e501f2bf4b0" executionId="5c978370-4bdd-452f-82fb-3305702d7304" testListId="8c84fa94-04c1-424b-9868-57a2d4851a1d" />    <TestEntry testId="6cae51db-cb1d-4bef-6d96-8aec681fb27b" executionId="4879d86b-103d-445c-863e-09691c713348" testListId="8c84fa94-04c1-424b-9868-57a2d4851a1d" />    <TestEntry testId="c84cd775-8597-263e-8d25-5495a1a4be47" executionId="c821d1ed-de52-41e9-8d56-3cb521745586" testListId="8c84fa94-04c1-424b-9868-57a2d4851a1d" />    <TestEntry testId="1235b514-c144-0c70-8ed1-8e44f69a90ff" executionId="c510d1ed-ec56-4278-b353-40f94233f4fe" testListId="8c84fa94-04c1-424b-9868-57a2d4851a1d" />    <TestEntry testId="72ca6348-e3e1-ffab-55f7-81b5a55416b5" executionId="9bf5db7f-46d0-4616-9f16-6dd7d0faeb87" testListId="8c84fa94-04c1-424b-9868-57a2d4851a1d" />    <TestEntry testId="dfc190d4-e3cc-e599-4219-0478ddd2c871" executionId="f6f934d5-41e1-42bb-8407-5a4dc390c4fb" testListId="8c84fa94-04c1-424b-9868-57a2d4851a1d" />    <TestEntry testId="b6ca8dcf-6172-e862-6a18-cdb23bb6c687" executionId="8295a542-731c-4d34-8e59-b18e29804317" testListId="8c84fa94-04c1-424b-9868-57a2d4851a1d" />    <TestEntry testId="b3020c94-f365-f694-6bcf-1496fd071604" executionId="97b9801a-0d79-4cc5-bde0-aed84f9e3ac8" testListId="8c84fa94-04c1-424b-9868-57a2d4851a1d" />    <TestEntry testId="c89abfa0-b55a-24c6-c97d-0e4769696f83" executionId="ec55e96d-f808-4313-bd6d-1da580b134cc" testListId="8c84fa94-04c1-424b-9868-57a2d4851a1d" />    <TestEntry testId="ec6200fc-c3cb-8017-c7df-ba5489248b4c" executionId="d0e3e0da-fa34-44db-8dca-fe8151632dc9" testListId="8c84fa94-04c1-424b-9868-57a2d4851a1d" />    <TestEntry testId="a748cff0-f727-2f92-e63c-97ade7e3f150" executionId="0cfa515c-7ef5-4407-972e-019143770a09" testListId="8c84fa94-04c1-424b-9868-57a2d4851a1d" />    <TestEntry testId="078c4570-fe14-6243-4d53-73f71257145f" executionId="85c2f444-1b08-4f88-bfcf-43e052cdbf42" testListId="8c84fa94-04c1-424b-9868-57a2d4851a1d" />    <TestEntry testId="ea41c9ae-eee2-2dcc-3fab-596c10c52245" executionId="046145dd-9a28-46bc-bcc7-edc62f9c1e82" testListId="8c84fa94-04c1-424b-9868-57a2d4851a1d" />  </TestEntries>  <TestLists>    <TestList name="Results Not in a List" id="8c84fa94-04c1-424b-9868-57a2d4851a1d" />    <TestList name="All Loaded Results" id="19431567-8539-422a-85d7-44ee4e166bda" />  </TestLists>  <ResultSummary outcome="Completed">    <Counters total="56" executed="56" passed="56" failed="0" error="0" timeout="0" aborted="0" inconclusive="0" passedButRunAborted="0" notRunnable="0" notExecuted="0" disconnected="0" warning="0" completed="0" inProgress="0" pending="0" />  </ResultSummary></TestRun>