<?xml version="1.0" encoding="UTF-8"?><TestRun>  <Times creation="2014-08-08T11:38:13.3798691-07:00" queuing="2014-08-08T11:38:13.3798691-07:00" start="2014-08-08T11:38:13.3858691-07:00" finish="2014-08-08T11:42:12.2558691-07:00" />  <TestSettings name="default" id="b2ecc793-0c73-479d-9dba-3c8e6b7afb9c">    <Execution>      <TestTypeSpecific />    </Execution>    <Deployment runDeploymentRoot="pranayp_PRANAY-TEST 2014-08-08 11_38_13" />  </TestSettings>  <Results>    <UnitTestResult executionId="f284a4ec-a131-49d7-bccc-6ce77a7d1a5b" testId="bd4c1bcc-2110-8a63-3270-3eb25d652b5f" testName="TestAuthentication" computerName="PRANAY-TEST" duration="00:00:34.9442367" startTime="2014-08-08T11:37:38.2008691-07:00" endTime="2014-08-08T11:38:13.2368691-07:00" testType="13cdc9d9-ddb5-4fa4-a97d-d965ccfc6d4b" outcome="Passed" testListId="8c84fa94-04c1-424b-9868-57a2d4851a1d" relativeResultsDirectory="f284a4ec-a131-49d7-bccc-6ce77a7d1a5b" />    <UnitTestResult executionId="734155b7-5e7f-4ddd-828e-157414139ad1" testId="b663b28e-2efe-9bdc-3671-e97ae3be48a5" testName="TestParsingCompanies" computerName="PRANAY-TEST" duration="00:00:01.1274302" startTime="2014-08-08T11:38:13.2578691-07:00" endTime="2014-08-08T11:38:14.4048691-07:00" testType="13cdc9d9-ddb5-4fa4-a97d-d965ccfc6d4b" outcome="Passed" testListId="8c84fa94-04c1-424b-9868-57a2d4851a1d" relativeResultsDirectory="734155b7-5e7f-4ddd-828e-157414139ad1" />    <UnitTestResult executionId="902a96e3-bbe4-4ef8-88b0-bb42bc9bdb62" testId="e730d1dc-1d3d-43fd-33ff-4a1176abe636" testName="TestRawGraphProxy" computerName="PRANAY-TEST" duration="00:03:03.6082584" startTime="2014-08-08T11:38:14.4048691-07:00" endTime="2014-08-08T11:41:18.0028691-07:00" testType="13cdc9d9-ddb5-4fa4-a97d-d965ccfc6d4b" outcome="Passed" testListId="8c84fa94-04c1-424b-9868-57a2d4851a1d" relativeResultsDirectory="902a96e3-bbe4-4ef8-88b0-bb42bc9bdb62" />    <UnitTestResult executionId="b2516d1d-289a-43a7-9822-323cb7e54bb0" testId="8bba806a-ef9f-63b1-8a84-bb8b3dd16858" testName="TestRawGraphProxyBatches" computerName="PRANAY-TEST" duration="00:00:53.6300054" startTime="2014-08-08T11:41:18.0038691-07:00" endTime="2014-08-08T11:42:11.6308691-07:00" testType="13cdc9d9-ddb5-4fa4-a97d-d965ccfc6d4b" outcome="Passed" testListId="8c84fa94-04c1-424b-9868-57a2d4851a1d" relativeResultsDirectory="b2516d1d-289a-43a7-9822-323cb7e54bb0" />  </Results>  <TestDefinitions>    <UnitTest name="TestAuthentication" storage="f:\src\adiam_cloud_nightly_tester\bins\debug\amd64\syncfabric\tests\testgraphproxy\microsoft.activedirectory.connector.test.testgraphproxy.dll" id="bd4c1bcc-2110-8a63-3270-3eb25d652b5f">      <Execution id="f284a4ec-a131-49d7-bccc-6ce77a7d1a5b" />      <TestMethod codeBase="f:\src\Adiam_Cloud_Nightly_Tester\bins\debug\amd64\SyncFabric\Tests\TestGraphProxy\Microsoft.ActiveDirectory.Connector.Test.TestGraphProxy.dll" adapterTypeName="Microsoft.VisualStudio.TestTools.TestTypes.Unit.UnitTestAdapter" className="Microsoft.ActiveDirectory.Connector.Test.AuthenticationUnitTest" name="TestAuthentication" />    </UnitTest>    <UnitTest name="TestParsingCompanies" storage="f:\src\adiam_cloud_nightly_tester\bins\debug\amd64\syncfabric\tests\testgraphproxy\microsoft.activedirectory.connector.test.testgraphproxy.dll" id="b663b28e-2efe-9bdc-3671-e97ae3be48a5">      <Execution id="734155b7-5e7f-4ddd-828e-157414139ad1" />      <TestMethod codeBase="f:\src\Adiam_Cloud_Nightly_Tester\bins\debug\amd64\SyncFabric\Tests\TestGraphProxy\Microsoft.ActiveDirectory.Connector.Test.TestGraphProxy.dll" adapterTypeName="Microsoft.VisualStudio.TestTools.TestTypes.Unit.UnitTestAdapter" className="Microsoft.ActiveDirectory.Connector.Test.RawGraphProxyUnitTest" name="TestParsingCompanies" />    </UnitTest>    <UnitTest name="TestRawGraphProxy" storage="f:\src\adiam_cloud_nightly_tester\bins\debug\amd64\syncfabric\tests\testgraphproxy\microsoft.activedirectory.connector.test.testgraphproxy.dll" id="e730d1dc-1d3d-43fd-33ff-4a1176abe636">      <Execution id="902a96e3-bbe4-4ef8-88b0-bb42bc9bdb62" />      <TestMethod codeBase="f:\src\Adiam_Cloud_Nightly_Tester\bins\debug\amd64\SyncFabric\Tests\TestGraphProxy\Microsoft.ActiveDirectory.Connector.Test.TestGraphProxy.dll" adapterTypeName="Microsoft.VisualStudio.TestTools.TestTypes.Unit.UnitTestAdapter" className="Microsoft.ActiveDirectory.Connector.Test.RawGraphProxyUnitTest" name="TestRawGraphProxy" />    </UnitTest>    <UnitTest name="TestRawGraphProxyBatches" storage="f:\src\adiam_cloud_nightly_tester\bins\debug\amd64\syncfabric\tests\testgraphproxy\microsoft.activedirectory.connector.test.testgraphproxy.dll" id="8bba806a-ef9f-63b1-8a84-bb8b3dd16858">      <Execution id="b2516d1d-289a-43a7-9822-323cb7e54bb0" />      <TestMethod codeBase="f:\src\Adiam_Cloud_Nightly_Tester\bins\debug\amd64\SyncFabric\Tests\TestGraphProxy\Microsoft.ActiveDirectory.Connector.Test.TestGraphProxy.dll" adapterTypeName="Microsoft.VisualStudio.TestTools.TestTypes.Unit.UnitTestAdapter" className="Microsoft.ActiveDirectory.Connector.Test.RawGraphProxyUnitTest" name="TestRawGraphProxyBatches" />    </UnitTest>  </TestDefinitions>  <TestEntries>    <TestEntry testId="bd4c1bcc-2110-8a63-3270-3eb25d652b5f" executionId="f284a4ec-a131-49d7-bccc-6ce77a7d1a5b" testListId="8c84fa94-04c1-424b-9868-57a2d4851a1d" />    <TestEntry testId="b663b28e-2efe-9bdc-3671-e97ae3be48a5" executionId="734155b7-5e7f-4ddd-828e-157414139ad1" testListId="8c84fa94-04c1-424b-9868-57a2d4851a1d" />    <TestEntry testId="e730d1dc-1d3d-43fd-33ff-4a1176abe636" executionId="902a96e3-bbe4-4ef8-88b0-bb42bc9bdb62" testListId="8c84fa94-04c1-424b-9868-57a2d4851a1d" />    <TestEntry testId="8bba806a-ef9f-63b1-8a84-bb8b3dd16858" executionId="b2516d1d-289a-43a7-9822-323cb7e54bb0" testListId="8c84fa94-04c1-424b-9868-57a2d4851a1d" />  </TestEntries>  <TestLists>    <TestList name="Results Not in a List" id="8c84fa94-04c1-424b-9868-57a2d4851a1d" />    <TestList name="All Loaded Results" id="19431567-8539-422a-85d7-44ee4e166bda" />  </TestLists>  <ResultSummary outcome="Completed">    <Counters total="4" executed="4" passed="4" failed="0" error="0" timeout="0" aborted="0" inconclusive="0" passedButRunAborted="0" notRunnable="0" notExecuted="0" disconnected="0" warning="0" completed="0" inProgress="0" pending="0" />  </ResultSummary></TestRun>