<?xml version="1.0" encoding="UTF-8"?>
<TestRun id="2308f07c-9c43-49cb-8999-08f711a573fe" name="pranayp@PRANAY-TEST 2014-08-08 11:41:41" runUser="REDMOND\pranayp" xmlns="http://microsoft.com/schemas/VisualStudio/TeamTest/2010">
  <Times creation="2014-08-08T11:41:41.3528691-07:00" queuing="2014-08-08T11:41:41.3528691-07:00" start="2014-08-08T11:41:41.3578691-07:00" finish="2014-08-08T11:42:08.3118691-07:00" />
  <TestSettings name="default" id="88b3d2b1-49ba-4ce2-add1-3d0ac10b521f">
    <Execution>
      <TestTypeSpecific />
    </Execution>
    <Deployment runDeploymentRoot="pranayp_PRANAY-TEST 2014-08-08 11_41_41" />
  </TestSettings>
  <Results>
    <UnitTestResult executionId="a519c3f8-ac5f-40d5-8769-534c0b81eca1" testId="25a910de-9d69-618c-70e4-4ec581434bab" testName="TestUpdateWithInboundProfileWithCloudStorage" computerName="PRANAY-TEST" duration="00:03:44.4676726" startTime="2014-08-08T11:37:45.1338691-07:00" endTime="2014-08-08T11:41:41.2908691-07:00" testType="13cdc9d9-ddb5-4fa4-a97d-d965ccfc6d4b" outcome="Passed" testListId="8c84fa94-04c1-424b-9868-57a2d4851a1d" relativeResultsDirectory="a519c3f8-ac5f-40d5-8769-534c0b81eca1">
      <Output>
        <StdOut>"To: craigmcm@microsoft.com Body: &lt;?xml version="1.0" encoding="utf-16"?&gt;&lt;Fault xmlns="http://schemas.microsoft.com/ws/2005/05/envelope/none"&gt;&lt;Code&gt;&lt;Value xmlns:a="http://schemas.microsoft.com/2006/11/IdentityManagement/DirectoryAccess/fault"&gt;a:UnwillingToPerform&lt;/Value&gt;&lt;/Code&gt;&lt;Reason&gt;&lt;Text xml:lang=""&gt;An error occurred executing the run profile with this identifier: QBOInMock.52e5937e28b549db8eec4e0de038d8f6  Time: 08/08/2014 11:41:37  Thread: 9&lt;/Text&gt;&lt;/Reason&gt;&lt;Detail&gt;&lt;FaultDetail xmlns:i="http://www.w3.org/2001/XMLSchema-instance" xmlns="http://schemas.datacontract.org/2004/07/Microsoft.ActiveDirectory.Connector"&gt;&lt;ErrorCode&gt;UnSpecified&lt;/ErrorCode&gt;&lt;ErrorSource&gt;None&lt;/ErrorSource&gt;&lt;Exception i:nil="true" /&gt;&lt;ExceptionMessage&gt;&lt;/ExceptionMessage&gt;&lt;Scope&gt;None&lt;/Scope&gt;&lt;TenantActionable&gt;false&lt;/TenantActionable&gt;&lt;Transient&gt;false&lt;/Transient&gt;&lt;/FaultDetail&gt;&lt;/Detail&gt;&lt;/Fault&gt;"
"To: craigmcm@microsoft.com Body: &lt;?xml version="1.0" encoding="utf-16"?&gt;&lt;Fault xmlns="http://schemas.microsoft.com/ws/2005/05/envelope/none"&gt;&lt;Code&gt;&lt;Value xmlns:a="http://schemas.microsoft.com/2006/11/IdentityManagement/DirectoryAccess/fault"&gt;a:UnwillingToPerform&lt;/Value&gt;&lt;/Code&gt;&lt;Reason&gt;&lt;Text xml:lang=""&gt;An error occurred executing the run profile with this identifier: QBOInMock.52e5937e28b549db8eec4e0de038d8f6  Time: 08/08/2014 11:41:37  Thread: 9&lt;/Text&gt;&lt;/Reason&gt;&lt;Detail&gt;&lt;FaultDetail xmlns:i="http://www.w3.org/2001/XMLSchema-instance" xmlns="http://schemas.datacontract.org/2004/07/Microsoft.ActiveDirectory.Connector"&gt;&lt;ErrorCode&gt;UnSpecified&lt;/ErrorCode&gt;&lt;ErrorSource&gt;None&lt;/ErrorSource&gt;&lt;Exception i:nil="true" /&gt;&lt;ExceptionMessage&gt;&lt;/ExceptionMessage&gt;&lt;Scope&gt;None&lt;/Scope&gt;&lt;TenantActionable&gt;false&lt;/TenantActionable&gt;&lt;Transient&gt;false&lt;/Transient&gt;&lt;/FaultDetail&gt;&lt;/Detail&gt;&lt;/Fault&gt;"



Debug Trace:
"To: craigmcm@microsoft.com Body: &lt;?xml version="1.0" encoding="utf-16"?&gt;&lt;Fault xmlns="http://schemas.microsoft.com/ws/2005/05/envelope/none"&gt;&lt;Code&gt;&lt;Value xmlns:a="http://schemas.microsoft.com/2006/11/IdentityManagement/DirectoryAccess/fault"&gt;a:UnwillingToPerform&lt;/Value&gt;&lt;/Code&gt;&lt;Reason&gt;&lt;Text xml:lang=""&gt;An error occurred executing the run profile with this identifier: QBOInMock.52e5937e28b549db8eec4e0de038d8f6  Time: 08/08/2014 11:41:37  Thread: 9&lt;/Text&gt;&lt;/Reason&gt;&lt;Detail&gt;&lt;FaultDetail xmlns:i="http://www.w3.org/2001/XMLSchema-instance" xmlns="http://schemas.datacontract.org/2004/07/Microsoft.ActiveDirectory.Connector"&gt;&lt;ErrorCode&gt;UnSpecified&lt;/ErrorCode&gt;&lt;ErrorSource&gt;None&lt;/ErrorSource&gt;&lt;Exception i:nil="true" /&gt;&lt;ExceptionMessage&gt;&lt;/ExceptionMessage&gt;&lt;Scope&gt;None&lt;/Scope&gt;&lt;TenantActionable&gt;false&lt;/TenantActionable&gt;&lt;Transient&gt;false&lt;/Transient&gt;&lt;/FaultDetail&gt;&lt;/Detail&gt;&lt;/Fault&gt;"
"To: craigmcm@microsoft.com Body: &lt;?xml version="1.0" encoding="utf-16"?&gt;&lt;Fault xmlns="http://schemas.microsoft.com/ws/2005/05/envelope/none"&gt;&lt;Code&gt;&lt;Value xmlns:a="http://schemas.microsoft.com/2006/11/IdentityManagement/DirectoryAccess/fault"&gt;a:UnwillingToPerform&lt;/Value&gt;&lt;/Code&gt;&lt;Reason&gt;&lt;Text xml:lang=""&gt;An error occurred executing the run profile with this identifier: QBOInMock.52e5937e28b549db8eec4e0de038d8f6  Time: 08/08/2014 11:41:37  Thread: 9&lt;/Text&gt;&lt;/Reason&gt;&lt;Detail&gt;&lt;FaultDetail xmlns:i="http://www.w3.org/2001/XMLSchema-instance" xmlns="http://schemas.datacontract.org/2004/07/Microsoft.ActiveDirectory.Connector"&gt;&lt;ErrorCode&gt;UnSpecified&lt;/ErrorCode&gt;&lt;ErrorSource&gt;None&lt;/ErrorSource&gt;&lt;Exception i:nil="true" /&gt;&lt;ExceptionMessage&gt;&lt;/ExceptionMessage&gt;&lt;Scope&gt;None&lt;/Scope&gt;&lt;TenantActionable&gt;false&lt;/TenantActionable&gt;&lt;Transient&gt;false&lt;/Transient&gt;&lt;/FaultDetail&gt;&lt;/Detail&gt;&lt;/Fault&gt;"</StdOut>
      </Output>
    </UnitTestResult>
    <UnitTestResult executionId="7ae42763-aceb-4b96-9928-2c0529bcc3fb" testId="f7fd82f3-34c3-839c-70af-0804d4a21f9e" testName="TestUpdateWithOutboundProfileWithCloudStorage" computerName="PRANAY-TEST" duration="00:00:07.0979537" startTime="2014-08-08T11:41:41.3098691-07:00" endTime="2014-08-08T11:41:48.4078691-07:00" testType="13cdc9d9-ddb5-4fa4-a97d-d965ccfc6d4b" outcome="Passed" testListId="8c84fa94-04c1-424b-9868-57a2d4851a1d" relativeResultsDirectory="7ae42763-aceb-4b96-9928-2c0529bcc3fb" />
    <UnitTestResult executionId="716d40de-9116-41eb-adcc-8465ad476540" testId="cbbbc49c-e46b-81b6-83b8-8e0b2144fdc4" testName="TestRunProfileLifeCycle" computerName="PRANAY-TEST" duration="00:00:18.7448645" startTime="2014-08-08T11:41:48.4078691-07:00" endTime="2014-08-08T11:42:07.1518691-07:00" testType="13cdc9d9-ddb5-4fa4-a97d-d965ccfc6d4b" outcome="Passed" testListId="8c84fa94-04c1-424b-9868-57a2d4851a1d" relativeResultsDirectory="716d40de-9116-41eb-adcc-8465ad476540" />
  </Results>
  <TestDefinitions>
    <UnitTest name="TestUpdateWithInboundProfileWithCloudStorage" storage="f:\src\adiam_cloud_nightly_tester\bins\debug\amd64\syncfabric\tests\testsynchronizationworkerwithcloudstorage\microsoft.activedirectory.connector.test.testsynchronizationworkerwithcloudstorage.dll" id="25a910de-9d69-618c-70e4-4ec581434bab">
      <Execution id="a519c3f8-ac5f-40d5-8769-534c0b81eca1" />
      <TestMethod codeBase="f:\src\Adiam_Cloud_Nightly_Tester\bins\debug\amd64\SyncFabric\Tests\TestSynchronizationWorkerWithCloudStorage\Microsoft.ActiveDirectory.Connector.Test.TestSynchronizationWorkerWithCloudStorage.dll" adapterTypeName="Microsoft.VisualStudio.TestTools.TestTypes.Unit.UnitTestAdapter" className="Microsoft.ActiveDirectory.Connector.Test.RunControllerUnitTestWithCloudStorage" name="TestUpdateWithInboundProfileWithCloudStorage" />
    </UnitTest>
    <UnitTest name="TestUpdateWithOutboundProfileWithCloudStorage" storage="f:\src\adiam_cloud_nightly_tester\bins\debug\amd64\syncfabric\tests\testsynchronizationworkerwithcloudstorage\microsoft.activedirectory.connector.test.testsynchronizationworkerwithcloudstorage.dll" id="f7fd82f3-34c3-839c-70af-0804d4a21f9e">
      <Execution id="7ae42763-aceb-4b96-9928-2c0529bcc3fb" />
      <TestMethod codeBase="f:\src\Adiam_Cloud_Nightly_Tester\bins\debug\amd64\SyncFabric\Tests\TestSynchronizationWorkerWithCloudStorage\Microsoft.ActiveDirectory.Connector.Test.TestSynchronizationWorkerWithCloudStorage.dll" adapterTypeName="Microsoft.VisualStudio.TestTools.TestTypes.Unit.UnitTestAdapter" className="Microsoft.ActiveDirectory.Connector.Test.RunControllerUnitTestWithCloudStorage" name="TestUpdateWithOutboundProfileWithCloudStorage" />
    </UnitTest>
    <UnitTest name="TestRunProfileLifeCycle" storage="f:\src\adiam_cloud_nightly_tester\bins\debug\amd64\syncfabric\tests\testsynchronizationworkerwithcloudstorage\microsoft.activedirectory.connector.test.testsynchronizationworkerwithcloudstorage.dll" id="cbbbc49c-e46b-81b6-83b8-8e0b2144fdc4">
      <Execution id="716d40de-9116-41eb-adcc-8465ad476540" />
      <TestMethod codeBase="f:\src\Adiam_Cloud_Nightly_Tester\bins\debug\amd64\SyncFabric\Tests\TestSynchronizationWorkerWithCloudStorage\Microsoft.ActiveDirectory.Connector.Test.TestSynchronizationWorkerWithCloudStorage.dll" adapterTypeName="Microsoft.VisualStudio.TestTools.TestTypes.Unit.UnitTestAdapter" className="Microsoft.ActiveDirectory.Connector.Test.RunControllerUnitTestWithCloudStorage" name="TestRunProfileLifeCycle" />
    </UnitTest>
  </TestDefinitions>
  <TestEntries>
    <TestEntry testId="25a910de-9d69-618c-70e4-4ec581434bab" executionId="a519c3f8-ac5f-40d5-8769-534c0b81eca1" testListId="8c84fa94-04c1-424b-9868-57a2d4851a1d" />
    <TestEntry testId="f7fd82f3-34c3-839c-70af-0804d4a21f9e" executionId="7ae42763-aceb-4b96-9928-2c0529bcc3fb" testListId="8c84fa94-04c1-424b-9868-57a2d4851a1d" />
    <TestEntry testId="cbbbc49c-e46b-81b6-83b8-8e0b2144fdc4" executionId="716d40de-9116-41eb-adcc-8465ad476540" testListId="8c84fa94-04c1-424b-9868-57a2d4851a1d" />
  </TestEntries>
  <TestLists>
    <TestList name="Results Not in a List" id="8c84fa94-04c1-424b-9868-57a2d4851a1d" />
    <TestList name="All Loaded Results" id="19431567-8539-422a-85d7-44ee4e166bda" />
  </TestLists>
  <ResultSummary outcome="Completed">
    <Counters total="3" executed="3" passed="3" failed="0" error="0" timeout="0" aborted="0" inconclusive="0" passedButRunAborted="0" notRunnable="0" notExecuted="0" disconnected="0" warning="0" completed="0" inProgress="0" pending="0" />
  </ResultSummary>
</TestRun>