<?xml version="1.0" encoding="UTF-8"?>
<TestRun id="5489685a-8c7b-49a4-af9d-b8d0965ec23e" name="pranayp@PRANAY-TEST 2014-08-08 11:38:05" runUser="REDMOND\pranayp" xmlns="http://microsoft.com/schemas/VisualStudio/TeamTest/2010">
  <Times creation="2014-08-08T11:38:05.1368691-07:00" queuing="2014-08-08T11:38:05.1368691-07:00" start="2014-08-08T11:38:05.1418691-07:00" finish="2014-08-08T11:38:06.9598691-07:00" />
  <TestSettings name="default" id="4ad4f87b-89ba-4ef5-9c70-de9b5f87fb04">
    <Execution>
      <TestTypeSpecific />
    </Execution>
    <Deployment runDeploymentRoot="pranayp_PRANAY-TEST 2014-08-08 11_38_05" />
  </TestSettings>
  <Results>
    <UnitTestResult executionId="e6e4b0e5-743e-4151-b5b2-d1b485b977f7" testId="1f593a90-111c-3721-321a-0c6f9489efee" testName="TestOutboundProvisioning" computerName="PRANAY-TEST" duration="00:00:00.2297405" startTime="2014-08-08T11:37:52.2428691-07:00" endTime="2014-08-08T11:38:04.9978691-07:00" testType="13cdc9d9-ddb5-4fa4-a97d-d965ccfc6d4b" outcome="Failed" testListId="8c84fa94-04c1-424b-9868-57a2d4851a1d" relativeResultsDirectory="e6e4b0e5-743e-4151-b5b2-d1b485b977f7">
      <Output>
        <ErrorInfo>
          <Message>Initialization method Microsoft.ActiveDirectory.Connector.Test.CloudQueueScenarioTest.Initialize threw exception. System.TypeInitializationException: System.TypeInitializationException: The type initializer for 'Microsoft.WindowsAzure.ServiceRuntime.RoleEnvironment' threw an exception. ---&gt; System.IO.FileNotFoundException: Could not load file or assembly 'msshrtmi, Version=2.3.0.0, Culture=neutral, PublicKeyToken=31bf3856ad364e35' or one of its dependencies. The system cannot find the file specified.WRN: Assembly binding logging is turned OFF.
To enable assembly bind failure logging, set the registry value [HKLM\Software\Microsoft\Fusion!EnableLog] (DWORD) to 1.
Note: There is some performance penalty associated with assembly bind failure logging.
To turn this feature off, remove the registry value [HKLM\Software\Microsoft\Fusion!EnableLog].
.</Message>
          <StackTrace>    at Microsoft.WindowsAzure.ServiceRuntime.RoleEnvironment.InitializeEnvironment()
   at Microsoft.WindowsAzure.ServiceRuntime.RoleEnvironment..cctor()
 --- End of inner exception stack trace ---
    at Microsoft.WindowsAzure.ServiceRuntime.RoleEnvironment.get_IsAvailable()
   at Microsoft.ActiveDirectory.Connector.Host.ResetWebServer() in f:\src\Adiam_Cloud_Nightly_Tester\sources\dev\Services\SyncFabric\Controller\Utility\Host.cs:line 236
   at Microsoft.ActiveDirectory.Connector.Test.CloudQueueScenarioTest.Initialize() in f:\src\Adiam_Cloud_Nightly_Tester\sources\test\Services\SyncFabric\Controller\ScenarioTests\TestScenarioWithCloudQueue\CloudQueueScenarioTest.cs:line 86
</StackTrace>
        </ErrorInfo>
      </Output>
    </UnitTestResult>
  </Results>
  <TestDefinitions>
    <UnitTest name="TestOutboundProvisioning" storage="f:\src\adiam_cloud_nightly_tester\bins\debug\amd64\syncfabric\tests\testscenariowithcloudqueue\microsoft.activedirectory.connector.test.testscenariowithcloudqueue.dll" id="1f593a90-111c-3721-321a-0c6f9489efee">
      <Execution id="e6e4b0e5-743e-4151-b5b2-d1b485b977f7" />
      <TestMethod codeBase="f:\src\Adiam_Cloud_Nightly_Tester\bins\debug\amd64\SyncFabric\Tests\TestScenarioWithCloudQueue\Microsoft.ActiveDirectory.Connector.Test.TestScenarioWithCloudQueue.dll" adapterTypeName="Microsoft.VisualStudio.TestTools.TestTypes.Unit.UnitTestAdapter" className="Microsoft.ActiveDirectory.Connector.Test.CloudQueueScenarioTest" name="TestOutboundProvisioning" />
    </UnitTest>
  </TestDefinitions>
  <TestEntries>
    <TestEntry testId="1f593a90-111c-3721-321a-0c6f9489efee" executionId="e6e4b0e5-743e-4151-b5b2-d1b485b977f7" testListId="8c84fa94-04c1-424b-9868-57a2d4851a1d" />
  </TestEntries>
  <TestLists>
    <TestList name="Results Not in a List" id="8c84fa94-04c1-424b-9868-57a2d4851a1d" />
    <TestList name="All Loaded Results" id="19431567-8539-422a-85d7-44ee4e166bda" />
  </TestLists>
  <ResultSummary outcome="Failed">
    <Counters total="1" executed="1" passed="0" failed="1" error="0" timeout="0" aborted="0" inconclusive="0" passedButRunAborted="0" notRunnable="0" notExecuted="0" disconnected="0" warning="0" completed="0" inProgress="0" pending="0" />
  </ResultSummary>
</TestRun>