<?xml version="1.0" encoding="UTF-8"?>
<TestRun id="77d4c123-188b-4763-a691-c9ea9992c800" name="pranayp@PRANAY-TEST 2014-08-08 11:37:46" runUser="REDMOND\pranayp" xmlns="http://microsoft.com/schemas/VisualStudio/TeamTest/2010">
  <Times creation="2014-08-08T11:37:46.6808691-07:00" queuing="2014-08-08T11:37:46.6808691-07:00" start="2014-08-08T11:37:46.6868691-07:00" finish="2014-08-08T11:56:30.1308691-07:00" />
  <TestSettings name="default" id="97fc0f56-19c2-401c-abaf-db8a0736eec5">
    <Execution>
      <TestTypeSpecific />
    </Execution>
    <Deployment runDeploymentRoot="pranayp_PRANAY-TEST 2014-08-08 11_37_46" />
  </TestSettings>
  <Results>
    <UnitTestResult executionId="66b4aa5c-88e1-4893-a304-4f9a285e719c" testId="4970fbbb-83fc-b503-3769-d340eb13a0b4" testName="TestEvaluationDeltaAddEntrySoftDeleteUnspecified" computerName="PRANAY-TEST" duration="00:00:25.3699822" startTime="2014-08-08T11:37:21.0828691-07:00" endTime="2014-08-08T11:37:46.5048691-07:00" testType="13cdc9d9-ddb5-4fa4-a97d-d965ccfc6d4b" outcome="Passed" testListId="8c84fa94-04c1-424b-9868-57a2d4851a1d" relativeResultsDirectory="66b4aa5c-88e1-4893-a304-4f9a285e719c" />
    <UnitTestResult executionId="0ee03bfe-1d9d-49b1-acd1-6eb2f2fc481b" testId="09f12975-9a0d-fce8-c101-382eca057836" testName="TestEvaluationDeltaAddEntry" computerName="PRANAY-TEST" duration="00:00:07.6447242" startTime="2014-08-08T11:37:46.5238691-07:00" endTime="2014-08-08T11:37:54.1688691-07:00" testType="13cdc9d9-ddb5-4fa4-a97d-d965ccfc6d4b" outcome="Passed" testListId="8c84fa94-04c1-424b-9868-57a2d4851a1d" relativeResultsDirectory="0ee03bfe-1d9d-49b1-acd1-6eb2f2fc481b" />
    <UnitTestResult executionId="42e2f67c-f3f3-4dd5-9456-89b2fdba164e" testId="a12da05e-386c-d963-205f-d22afd97c64d" testName="TestEvaluationDeltaUpdateEntry" computerName="PRANAY-TEST" duration="00:00:09.7735273" startTime="2014-08-08T11:37:54.1698691-07:00" endTime="2014-08-08T11:38:03.9428691-07:00" testType="13cdc9d9-ddb5-4fa4-a97d-d965ccfc6d4b" outcome="Passed" testListId="8c84fa94-04c1-424b-9868-57a2d4851a1d" relativeResultsDirectory="42e2f67c-f3f3-4dd5-9456-89b2fdba164e" />
    <UnitTestResult executionId="e2db3958-cb30-4052-9143-1f17580cf518" testId="ab1d1200-c9ce-cd2b-f079-fc16717eee2d" testName="TestEvaluationDeltaUpdateEntryNoUserName" computerName="PRANAY-TEST" duration="00:00:19.1090081" startTime="2014-08-08T11:38:03.9438691-07:00" endTime="2014-08-08T11:38:23.0518691-07:00" testType="13cdc9d9-ddb5-4fa4-a97d-d965ccfc6d4b" outcome="Passed" testListId="8c84fa94-04c1-424b-9868-57a2d4851a1d" relativeResultsDirectory="e2db3958-cb30-4052-9143-1f17580cf518" />
    <UnitTestResult executionId="c6eeb941-dc51-44ee-ba1d-1b4590abe574" testId="13181342-9e51-1fd2-e42d-fe5aaca2a84d" testName="TestEvaluationDeltaDeleteEntry" computerName="PRANAY-TEST" duration="00:00:15.6131339" startTime="2014-08-08T11:38:23.0528691-07:00" endTime="2014-08-08T11:38:38.6648691-07:00" testType="13cdc9d9-ddb5-4fa4-a97d-d965ccfc6d4b" outcome="Passed" testListId="8c84fa94-04c1-424b-9868-57a2d4851a1d" relativeResultsDirectory="c6eeb941-dc51-44ee-ba1d-1b4590abe574" />
    <UnitTestResult executionId="e60ca775-5387-4b16-bbed-d8a6ea47c08f" testId="4e87804c-92d3-e11c-2aa7-7757ec1ad9b4" testName="TestEvaluationDeltaEntitlementGrants" computerName="PRANAY-TEST" duration="00:00:12.3612999" startTime="2014-08-08T11:38:38.6658691-07:00" endTime="2014-08-08T11:38:51.0268691-07:00" testType="13cdc9d9-ddb5-4fa4-a97d-d965ccfc6d4b" outcome="Passed" testListId="8c84fa94-04c1-424b-9868-57a2d4851a1d" relativeResultsDirectory="e60ca775-5387-4b16-bbed-d8a6ea47c08f" />
    <UnitTestResult executionId="91e12b2d-9533-443b-8b1d-cee1ba6f66f5" testId="169ee8de-30b5-3246-1822-e0d2c0fbc2c1" testName="TestEvaluationUpdateEntryModifyJoiningPropertyBox" computerName="PRANAY-TEST" duration="00:00:18.7160836" startTime="2014-08-08T11:38:51.0268691-07:00" endTime="2014-08-08T11:39:10.0378691-07:00" testType="13cdc9d9-ddb5-4fa4-a97d-d965ccfc6d4b" outcome="Passed" testListId="8c84fa94-04c1-424b-9868-57a2d4851a1d" relativeResultsDirectory="91e12b2d-9533-443b-8b1d-cee1ba6f66f5" />
    <UnitTestResult executionId="d98ea427-ec24-446e-9a7b-2302e1457191" testId="525c64de-27e3-4b6a-b1fc-4003890433f9" testName="TestEvaluationDeltaAddEntryWithCustomSchema" computerName="PRANAY-TEST" duration="00:00:41.3159193" startTime="2014-08-08T11:39:10.0378691-07:00" endTime="2014-08-08T11:39:51.3518691-07:00" testType="13cdc9d9-ddb5-4fa4-a97d-d965ccfc6d4b" outcome="Passed" testListId="8c84fa94-04c1-424b-9868-57a2d4851a1d" relativeResultsDirectory="d98ea427-ec24-446e-9a7b-2302e1457191" />
    <UnitTestResult executionId="a96166c0-d729-45a8-ab08-ad3390dae75b" testId="81c66a64-3176-f482-1e71-085c4d24bfcd" testName="TestEvaluationDeltaAddEntrySoftDeleteUnspecified" computerName="PRANAY-TEST" duration="00:00:34.8672630" startTime="2014-08-08T11:39:51.3528691-07:00" endTime="2014-08-08T11:40:26.2178691-07:00" testType="13cdc9d9-ddb5-4fa4-a97d-d965ccfc6d4b" outcome="Failed" testListId="8c84fa94-04c1-424b-9868-57a2d4851a1d" relativeResultsDirectory="a96166c0-d729-45a8-ab08-ad3390dae75b">
      <Output>
        <ErrorInfo>
          <Message>Assert.AreEqual failed. Expected:&lt;2&gt;. Actual:&lt;3&gt;. </Message>
          <StackTrace>   at Microsoft.ActiveDirectory.Connector.Test.ServiceNowOutboundDeltaSyncRuleUnitTest.&lt;&gt;c__DisplayClass44.&lt;TestEvaluationDeltaAddEntrySoftDeleteUnspecified&gt;b__38(IEnumerable`1 results) in f:\src\Adiam_Cloud_Nightly_Tester\sources\test\Services\SyncFabric\Controller\UnitTests\TestRuleProcessor\ServiceNowOutboundDeltaSyncRuleUnitTest.cs:line 489
   at Microsoft.ActiveDirectory.Connector.Test.RuleEvaluationTest.Execute(ISynchronizationRule rule, Guid tenantIdentifier, Boolean fullImport, String runProfileIdentifier) in f:\src\Adiam_Cloud_Nightly_Tester\sources\test\Services\SyncFabric\Controller\UnitTests\TestRuleProcessor\RuleEvaluationTest.cs:line 256
   at Microsoft.ActiveDirectory.Connector.Test.ServiceNowOutboundDeltaSyncRuleUnitTest.TestEvaluationDeltaAddEntrySoftDeleteUnspecified() in f:\src\Adiam_Cloud_Nightly_Tester\sources\test\Services\SyncFabric\Controller\UnitTests\TestRuleProcessor\ServiceNowOutboundDeltaSyncRuleUnitTest.cs:line 562
   at Microsoft.ActiveDirectory.Connector.Test.ServiceNowOutboundDeltaSyncRuleUnitTestReal.TestEvaluationDeltaAddEntrySoftDeleteUnspecified() in f:\src\Adiam_Cloud_Nightly_Tester\sources\test\Services\SyncFabric\Controller\UnitTests\TestRuleProcessorWithRealProxies\ServiceNowOutboundDeltaSyncRuleUnitTestReal.cs:line 69
</StackTrace>
        </ErrorInfo>
      </Output>
    </UnitTestResult>
    <UnitTestResult executionId="17b20f1a-91e2-49bd-a0ba-b38a21834eeb" testId="ea91d8db-11d2-9582-9fdc-6a6ee6550842" testName="TestEvaluationDeltaAddUser" computerName="PRANAY-TEST" duration="00:00:27.5449477" startTime="2014-08-08T11:40:26.2188691-07:00" endTime="2014-08-08T11:40:53.7628691-07:00" testType="13cdc9d9-ddb5-4fa4-a97d-d965ccfc6d4b" outcome="Failed" testListId="8c84fa94-04c1-424b-9868-57a2d4851a1d" relativeResultsDirectory="17b20f1a-91e2-49bd-a0ba-b38a21834eeb">
      <Output>
        <ErrorInfo>
          <Message>Assert.AreEqual failed. Expected:&lt;1&gt;. Actual:&lt;2&gt;. </Message>
          <StackTrace>   at Microsoft.ActiveDirectory.Connector.Test.ServiceNowOutboundDeltaSyncRuleUnitTest.&lt;&gt;c__DisplayClass68.&lt;TestEvaluationDeltaAddUser&gt;b__5d(IEnumerable`1 results) in f:\src\Adiam_Cloud_Nightly_Tester\sources\test\Services\SyncFabric\Controller\UnitTests\TestRuleProcessor\ServiceNowOutboundDeltaSyncRuleUnitTest.cs:line 723
   at Microsoft.ActiveDirectory.Connector.Test.RuleEvaluationTest.Execute(ISynchronizationRule rule, Guid tenantIdentifier, Boolean fullImport, String runProfileIdentifier) in f:\src\Adiam_Cloud_Nightly_Tester\sources\test\Services\SyncFabric\Controller\UnitTests\TestRuleProcessor\RuleEvaluationTest.cs:line 256
   at Microsoft.ActiveDirectory.Connector.Test.ServiceNowOutboundDeltaSyncRuleUnitTest.TestEvaluationDeltaAddUser() in f:\src\Adiam_Cloud_Nightly_Tester\sources\test\Services\SyncFabric\Controller\UnitTests\TestRuleProcessor\ServiceNowOutboundDeltaSyncRuleUnitTest.cs:line 775
   at Microsoft.ActiveDirectory.Connector.Test.ServiceNowOutboundDeltaSyncRuleUnitTestReal.TestEvaluationDeltaAddUser() in f:\src\Adiam_Cloud_Nightly_Tester\sources\test\Services\SyncFabric\Controller\UnitTests\TestRuleProcessorWithRealProxies\ServiceNowOutboundDeltaSyncRuleUnitTestReal.cs:line 89
</StackTrace>
        </ErrorInfo>
      </Output>
    </UnitTestResult>
    <UnitTestResult executionId="854dca39-3b5e-4fd0-be8f-270c182b6479" testId="e219f0e1-9a95-7896-18d6-f90edf6632e1" testName="TestEvaluationDeltaUpdateEntry" computerName="PRANAY-TEST" duration="00:00:32.3100999" startTime="2014-08-08T11:40:53.7628691-07:00" endTime="2014-08-08T11:41:26.0708691-07:00" testType="13cdc9d9-ddb5-4fa4-a97d-d965ccfc6d4b" outcome="Failed" testListId="8c84fa94-04c1-424b-9868-57a2d4851a1d" relativeResultsDirectory="854dca39-3b5e-4fd0-be8f-270c182b6479">
      <Output>
        <ErrorInfo>
          <Message>Assert.IsFalse failed. </Message>
          <StackTrace>   at Microsoft.ActiveDirectory.Connector.Test.RuleEvaluationTest.Execute(ISynchronizationRule rule, Guid tenantIdentifier, Boolean fullImport, String runProfileIdentifier) in f:\src\Adiam_Cloud_Nightly_Tester\sources\test\Services\SyncFabric\Controller\UnitTests\TestRuleProcessor\RuleEvaluationTest.cs:line 251
   at Microsoft.ActiveDirectory.Connector.Test.ServiceNowOutboundDeltaSyncRuleUnitTest.TestEvaluationDeltaUpdateEntry() in f:\src\Adiam_Cloud_Nightly_Tester\sources\test\Services\SyncFabric\Controller\UnitTests\TestRuleProcessor\ServiceNowOutboundDeltaSyncRuleUnitTest.cs:line 962
   at Microsoft.ActiveDirectory.Connector.Test.ServiceNowOutboundDeltaSyncRuleUnitTestReal.TestEvaluationDeltaUpdateEntry() in f:\src\Adiam_Cloud_Nightly_Tester\sources\test\Services\SyncFabric\Controller\UnitTests\TestRuleProcessorWithRealProxies\ServiceNowOutboundDeltaSyncRuleUnitTestReal.cs:line 109
</StackTrace>
        </ErrorInfo>
      </Output>
    </UnitTestResult>
    <UnitTestResult executionId="832bc607-f3c9-4ec2-937e-d6e712438791" testId="c216cd42-c5e4-89d7-4a6c-d6a49c527ebc" testName="TestEvaluationDeltaUpdateEntryNoUserName" computerName="PRANAY-TEST" duration="00:01:05.6285587" startTime="2014-08-08T11:41:26.0718691-07:00" endTime="2014-08-08T11:42:31.6968691-07:00" testType="13cdc9d9-ddb5-4fa4-a97d-d965ccfc6d4b" outcome="Passed" testListId="8c84fa94-04c1-424b-9868-57a2d4851a1d" relativeResultsDirectory="832bc607-f3c9-4ec2-937e-d6e712438791" />
    <UnitTestResult executionId="e66b26b6-908f-4982-8897-ec6302915c78" testId="31c30cd7-4531-fb5a-d21e-42f4fef8a3f7" testName="TestEvaluationDeltaDeleteEntry" computerName="PRANAY-TEST" duration="00:00:20.5266861" startTime="2014-08-08T11:42:31.6968691-07:00" endTime="2014-08-08T11:42:52.2228691-07:00" testType="13cdc9d9-ddb5-4fa4-a97d-d965ccfc6d4b" outcome="Failed" testListId="8c84fa94-04c1-424b-9868-57a2d4851a1d" relativeResultsDirectory="e66b26b6-908f-4982-8897-ec6302915c78">
      <Output>
        <ErrorInfo>
          <Message>Assert.AreEqual failed. Expected:&lt;GivenName'1FamilyName1@testing.com&gt;. Actual:&lt;GivenName'1FamilyName1@testing.com_Deleted_3f1b6178-f65f-472d-9cb2-dff3d8384c02&gt;. </Message>
          <StackTrace>   at Microsoft.ActiveDirectory.Connector.Test.ServiceNowOutboundDeltaSyncRuleUnitTest.&lt;&gt;c__DisplayClassd3.&lt;TestEvaluationDeltaDeleteEntryReal&gt;b__c9(IEnumerable`1 results) in f:\src\Adiam_Cloud_Nightly_Tester\sources\test\Services\SyncFabric\Controller\UnitTests\TestRuleProcessor\ServiceNowOutboundDeltaSyncRuleUnitTest.cs:line 1360
   at Microsoft.ActiveDirectory.Connector.Test.RuleEvaluationTest.Execute(ISynchronizationRule rule, Guid tenantIdentifier, Boolean fullImport, String runProfileIdentifier) in f:\src\Adiam_Cloud_Nightly_Tester\sources\test\Services\SyncFabric\Controller\UnitTests\TestRuleProcessor\RuleEvaluationTest.cs:line 256
   at Microsoft.ActiveDirectory.Connector.Test.ServiceNowOutboundDeltaSyncRuleUnitTest.TestEvaluationDeltaDeleteEntryReal() in f:\src\Adiam_Cloud_Nightly_Tester\sources\test\Services\SyncFabric\Controller\UnitTests\TestRuleProcessor\ServiceNowOutboundDeltaSyncRuleUnitTest.cs:line 1390
   at Microsoft.ActiveDirectory.Connector.Test.ServiceNowOutboundDeltaSyncRuleUnitTestReal.TestEvaluationDeltaDeleteEntry() in f:\src\Adiam_Cloud_Nightly_Tester\sources\test\Services\SyncFabric\Controller\UnitTests\TestRuleProcessorWithRealProxies\ServiceNowOutboundDeltaSyncRuleUnitTestReal.cs:line 151
</StackTrace>
        </ErrorInfo>
      </Output>
    </UnitTestResult>
    <UnitTestResult executionId="042068a5-8852-4762-a2c8-caf20d6754c8" testId="c907f7ac-fb4b-f160-15cc-eaa66b9b984e" testName="TestEvaluationDeltaRuleAddEntriesFullImport" computerName="PRANAY-TEST" duration="00:02:11.2889084" startTime="2014-08-08T11:42:52.2228691-07:00" endTime="2014-08-08T11:45:03.5058691-07:00" testType="13cdc9d9-ddb5-4fa4-a97d-d965ccfc6d4b" outcome="Passed" testListId="8c84fa94-04c1-424b-9868-57a2d4851a1d" relativeResultsDirectory="042068a5-8852-4762-a2c8-caf20d6754c8" />
    <UnitTestResult executionId="22caf04b-8a0d-4ba8-8036-9ba33c5fe21d" testId="02923289-b603-df04-2e31-dd3780c3e91b" testName="TestEvaluationDeltaRuleAddEntry" computerName="PRANAY-TEST" duration="00:01:06.4823922" startTime="2014-08-08T11:45:03.5058691-07:00" endTime="2014-08-08T11:46:09.9848691-07:00" testType="13cdc9d9-ddb5-4fa4-a97d-d965ccfc6d4b" outcome="Passed" testListId="8c84fa94-04c1-424b-9868-57a2d4851a1d" relativeResultsDirectory="22caf04b-8a0d-4ba8-8036-9ba33c5fe21d" />
    <UnitTestResult executionId="fc80568e-24d2-4bfb-9d7c-67c8021beb33" testId="292dbb6e-fb23-aac3-e4f8-5b44ae6e6362" testName="TestEvaluationDeltaRuleUpdateEntry" computerName="PRANAY-TEST" duration="00:02:08.9647187" startTime="2014-08-08T11:46:09.9848691-07:00" endTime="2014-08-08T11:48:18.9428691-07:00" testType="13cdc9d9-ddb5-4fa4-a97d-d965ccfc6d4b" outcome="Passed" testListId="8c84fa94-04c1-424b-9868-57a2d4851a1d" relativeResultsDirectory="fc80568e-24d2-4bfb-9d7c-67c8021beb33" />
    <UnitTestResult executionId="2ab0f9dc-2f15-4085-a289-99903cd213cc" testId="4dd4c439-4453-5158-d4fd-176a2bc1ff83" testName="TestEvaluationDeltaRuleUpdateEntrySuspendUser" computerName="PRANAY-TEST" duration="00:03:12.6350476" startTime="2014-08-08T11:48:18.9428691-07:00" endTime="2014-08-08T11:51:31.5678691-07:00" testType="13cdc9d9-ddb5-4fa4-a97d-d965ccfc6d4b" outcome="Passed" testListId="8c84fa94-04c1-424b-9868-57a2d4851a1d" relativeResultsDirectory="2ab0f9dc-2f15-4085-a289-99903cd213cc" />
    <UnitTestResult executionId="c8dafa66-9b3f-4bb8-ba87-38bb3a2117d1" testId="27097705-5d32-a8b2-de56-c3f74c7a6f12" testName="TestEvaluationDeltaRuleUpdateEntryModifyJoiningProperty" computerName="PRANAY-TEST" duration="00:03:14.1335637" startTime="2014-08-08T11:51:31.5678691-07:00" endTime="2014-08-08T11:54:45.6908691-07:00" testType="13cdc9d9-ddb5-4fa4-a97d-d965ccfc6d4b" outcome="Passed" testListId="8c84fa94-04c1-424b-9868-57a2d4851a1d" relativeResultsDirectory="c8dafa66-9b3f-4bb8-ba87-38bb3a2117d1" />
    <UnitTestResult executionId="035ca9b0-a493-4c56-a26a-00440b29d6aa" testId="695eddaf-1ea6-a810-71f8-7bf8f31ee3db" testName="TestEvaluationDeltaRuleDeleteEntry" computerName="PRANAY-TEST" duration="00:00:07.2537430" startTime="2014-08-08T11:54:45.6908691-07:00" endTime="2014-08-08T11:54:52.9448691-07:00" testType="13cdc9d9-ddb5-4fa4-a97d-d965ccfc6d4b" outcome="Passed" testListId="8c84fa94-04c1-424b-9868-57a2d4851a1d" relativeResultsDirectory="035ca9b0-a493-4c56-a26a-00440b29d6aa" />
    <UnitTestResult executionId="e6953cb1-1b2c-4ae6-b604-8b77c567c47f" testId="93616a37-f469-4ec9-5252-7f1b57b3202e" testName="TestEvaluationAddUserEmptyFamilyAndGivenNameGoogleApps" computerName="PRANAY-TEST" duration="00:00:28.7716625" startTime="2014-08-08T11:54:52.9448691-07:00" endTime="2014-08-08T11:55:21.9728691-07:00" testType="13cdc9d9-ddb5-4fa4-a97d-d965ccfc6d4b" outcome="Passed" testListId="8c84fa94-04c1-424b-9868-57a2d4851a1d" relativeResultsDirectory="e6953cb1-1b2c-4ae6-b604-8b77c567c47f" />
    <UnitTestResult executionId="313a3799-405f-43d1-be0c-699fea4a7c05" testId="8f767e44-4994-e58c-2f79-7d414fa9f3f3" testName="TestEvaluationAddUserMissingFamilyAndGivenNameGoogleApps" computerName="PRANAY-TEST" duration="00:00:07.4482789" startTime="2014-08-08T11:55:21.9728691-07:00" endTime="2014-08-08T11:55:29.6558691-07:00" testType="13cdc9d9-ddb5-4fa4-a97d-d965ccfc6d4b" outcome="Passed" testListId="8c84fa94-04c1-424b-9868-57a2d4851a1d" relativeResultsDirectory="313a3799-405f-43d1-be0c-699fea4a7c05" />
    <UnitTestResult executionId="cba941aa-ae94-4951-901b-4a0aa67b132a" testId="95ed299e-020a-4d41-8b39-9b307b384307" testName="TestEvaluationAddEntriesFullImport" computerName="PRANAY-TEST" duration="00:00:09.8766991" startTime="2014-08-08T11:55:29.6558691-07:00" endTime="2014-08-08T11:55:39.5328691-07:00" testType="13cdc9d9-ddb5-4fa4-a97d-d965ccfc6d4b" outcome="Passed" testListId="8c84fa94-04c1-424b-9868-57a2d4851a1d" relativeResultsDirectory="cba941aa-ae94-4951-901b-4a0aa67b132a" />
    <UnitTestResult executionId="b63d2056-a767-4322-9747-cbd62d5c1bcf" testId="1652264c-8ee9-4003-8734-6b5b3ecd2ded" testName="TestEvaluationAddEntry" computerName="PRANAY-TEST" duration="00:00:02.6484186" startTime="2014-08-08T11:55:39.5328691-07:00" endTime="2014-08-08T11:55:42.1808691-07:00" testType="13cdc9d9-ddb5-4fa4-a97d-d965ccfc6d4b" outcome="Passed" testListId="8c84fa94-04c1-424b-9868-57a2d4851a1d" relativeResultsDirectory="b63d2056-a767-4322-9747-cbd62d5c1bcf" />
    <UnitTestResult executionId="fa6629fa-89be-409c-9f9f-e82085b7b85b" testId="b1afc68b-e911-99cd-1477-ff2c98c96be2" testName="TestEvaluationAddUpdateEntryWithLastNameEmpty" computerName="PRANAY-TEST" duration="00:00:03.6064295" startTime="2014-08-08T11:55:42.1808691-07:00" endTime="2014-08-08T11:55:45.7878691-07:00" testType="13cdc9d9-ddb5-4fa4-a97d-d965ccfc6d4b" outcome="Passed" testListId="8c84fa94-04c1-424b-9868-57a2d4851a1d" relativeResultsDirectory="fa6629fa-89be-409c-9f9f-e82085b7b85b" />
    <UnitTestResult executionId="b02990fd-5326-4597-995e-9302f7dd3178" testId="cab39cf9-5984-b317-863b-1b65e8c30eb9" testName="TestEvaluationAddEntryForExistingSoftDeletedUser" computerName="PRANAY-TEST" duration="00:00:02.6935564" startTime="2014-08-08T11:55:45.7878691-07:00" endTime="2014-08-08T11:55:48.4818691-07:00" testType="13cdc9d9-ddb5-4fa4-a97d-d965ccfc6d4b" outcome="Passed" testListId="8c84fa94-04c1-424b-9868-57a2d4851a1d" relativeResultsDirectory="b02990fd-5326-4597-995e-9302f7dd3178" />
    <UnitTestResult executionId="9adad31a-163e-4815-849b-c7c3b075638a" testId="18e3cf6c-9984-0c70-1787-e37621f81c99" testName="TestEvaluationAddUpdateEntryWithEntitlements" computerName="PRANAY-TEST" duration="00:00:06.5316497" startTime="2014-08-08T11:55:48.4818691-07:00" endTime="2014-08-08T11:55:55.0128691-07:00" testType="13cdc9d9-ddb5-4fa4-a97d-d965ccfc6d4b" outcome="Passed" testListId="8c84fa94-04c1-424b-9868-57a2d4851a1d" relativeResultsDirectory="9adad31a-163e-4815-849b-c7c3b075638a" />
    <UnitTestResult executionId="e5aa3768-fb58-4878-bc5b-d60b1f627440" testId="de2995e4-e433-a29c-ba2f-f62f1d0f5dca" testName="TestEvaluationDeleteEntry" computerName="PRANAY-TEST" duration="00:00:03.1818358" startTime="2014-08-08T11:55:55.0128691-07:00" endTime="2014-08-08T11:55:58.1948691-07:00" testType="13cdc9d9-ddb5-4fa4-a97d-d965ccfc6d4b" outcome="Passed" testListId="8c84fa94-04c1-424b-9868-57a2d4851a1d" relativeResultsDirectory="e5aa3768-fb58-4878-bc5b-d60b1f627440" />
    <UnitTestResult executionId="24ac4a74-4c82-424f-a25d-1770c47f6bfa" testId="a77f831c-92f8-b67c-4844-5d3be7056e01" testName="TestEvaluationUpdateEntry" computerName="PRANAY-TEST" duration="00:00:05.3711317" startTime="2014-08-08T11:55:58.1958691-07:00" endTime="2014-08-08T11:56:03.5668691-07:00" testType="13cdc9d9-ddb5-4fa4-a97d-d965ccfc6d4b" outcome="Passed" testListId="8c84fa94-04c1-424b-9868-57a2d4851a1d" relativeResultsDirectory="24ac4a74-4c82-424f-a25d-1770c47f6bfa" />
    <UnitTestResult executionId="c7992898-d67f-4ac1-af83-036e6c5eba85" testId="9667aae0-3c98-e813-e369-893e11c50f02" testName="TestEvaluationDeltaUpdateEntryAddModifyRemoveSingleValued" computerName="PRANAY-TEST" duration="00:00:04.6025576" startTime="2014-08-08T11:56:03.5668691-07:00" endTime="2014-08-08T11:56:08.1698691-07:00" testType="13cdc9d9-ddb5-4fa4-a97d-d965ccfc6d4b" outcome="Passed" testListId="8c84fa94-04c1-424b-9868-57a2d4851a1d" relativeResultsDirectory="c7992898-d67f-4ac1-af83-036e6c5eba85" />
    <UnitTestResult executionId="64d27304-94b8-47c7-8a4b-6f9b3195c704" testId="f8eead5b-18e9-701e-20a6-80578dc7ea1b" testName="TestEvaluationDeltaAddEntryAddModifyRemoveSingleValued" computerName="PRANAY-TEST" duration="00:00:03.0121950" startTime="2014-08-08T11:56:08.1698691-07:00" endTime="2014-08-08T11:56:11.1818691-07:00" testType="13cdc9d9-ddb5-4fa4-a97d-d965ccfc6d4b" outcome="Passed" testListId="8c84fa94-04c1-424b-9868-57a2d4851a1d" relativeResultsDirectory="64d27304-94b8-47c7-8a4b-6f9b3195c704" />
    <UnitTestResult executionId="a91add3e-808e-429d-9982-adcbc080b29e" testId="aced851a-c8de-50fb-74d3-a9c231d575db" testName="TestEvaluationDeltaAddEntry" computerName="PRANAY-TEST" duration="00:00:02.9610112" startTime="2014-08-08T11:56:11.1818691-07:00" endTime="2014-08-08T11:56:14.1438691-07:00" testType="13cdc9d9-ddb5-4fa4-a97d-d965ccfc6d4b" outcome="Passed" testListId="8c84fa94-04c1-424b-9868-57a2d4851a1d" relativeResultsDirectory="a91add3e-808e-429d-9982-adcbc080b29e" />
    <UnitTestResult executionId="04f5e93f-06a1-43a6-8280-1fa179ed5bda" testId="8eb73f68-35cc-16e8-a459-c8824d163c29" testName="TestEvaluationDeltaAddUpdateEntryWithEmptyLast" computerName="PRANAY-TEST" duration="00:00:05.8755281" startTime="2014-08-08T11:56:14.1438691-07:00" endTime="2014-08-08T11:56:20.0188691-07:00" testType="13cdc9d9-ddb5-4fa4-a97d-d965ccfc6d4b" outcome="Passed" testListId="8c84fa94-04c1-424b-9868-57a2d4851a1d" relativeResultsDirectory="04f5e93f-06a1-43a6-8280-1fa179ed5bda" />
    <UnitTestResult executionId="19617558-2914-49d4-bdaf-d46df650446c" testId="7caafb94-3b81-c9c0-ebcf-430f354013ee" testName="TestEvaluationDeltaDeleteEntry" computerName="PRANAY-TEST" duration="00:00:04.4132706" startTime="2014-08-08T11:56:20.0188691-07:00" endTime="2014-08-08T11:56:24.4318691-07:00" testType="13cdc9d9-ddb5-4fa4-a97d-d965ccfc6d4b" outcome="Passed" testListId="8c84fa94-04c1-424b-9868-57a2d4851a1d" relativeResultsDirectory="19617558-2914-49d4-bdaf-d46df650446c" />
    <UnitTestResult executionId="e425d944-dc58-433c-97a7-4de2c5bb3a64" testId="d16f8a8d-228b-cf4b-09b8-cbc732ae3091" testName="TestEvaluationDeltaAddEntrySoftDeleteReactivation" computerName="PRANAY-TEST" duration="00:00:04.5591287" startTime="2014-08-08T11:56:24.4328691-07:00" endTime="2014-08-08T11:56:28.9918691-07:00" testType="13cdc9d9-ddb5-4fa4-a97d-d965ccfc6d4b" outcome="Passed" testListId="8c84fa94-04c1-424b-9868-57a2d4851a1d" relativeResultsDirectory="e425d944-dc58-433c-97a7-4de2c5bb3a64" />
  </Results>
  <TestDefinitions>
    <UnitTest name="TestEvaluationDeltaAddEntrySoftDeleteUnspecified" storage="f:\src\adiam_cloud_nightly_tester\bins\debug\amd64\syncfabric\tests\testruleprocessorwithrealproxies\microsoft.activedirectory.connector.test.testruleprocessorwithrealproxies.dll" id="4970fbbb-83fc-b503-3769-d340eb13a0b4">
      <Execution id="66b4aa5c-88e1-4893-a304-4f9a285e719c" />
      <TestMethod codeBase="f:\src\Adiam_Cloud_Nightly_Tester\bins\debug\amd64\SyncFabric\Tests\TestRuleProcessorWithRealProxies\Microsoft.ActiveDirectory.Connector.Test.TestRuleProcessorWithRealProxies.dll" adapterTypeName="Microsoft.VisualStudio.TestTools.TestTypes.Unit.UnitTestAdapter" className="Microsoft.ActiveDirectory.Connector.Test.BoxOutboundDeltaSyncRuleUnitTestReal" name="TestEvaluationDeltaAddEntrySoftDeleteUnspecified" />
    </UnitTest>
    <UnitTest name="TestEvaluationDeltaAddEntry" storage="f:\src\adiam_cloud_nightly_tester\bins\debug\amd64\syncfabric\tests\testruleprocessorwithrealproxies\microsoft.activedirectory.connector.test.testruleprocessorwithrealproxies.dll" id="09f12975-9a0d-fce8-c101-382eca057836">
      <Execution id="0ee03bfe-1d9d-49b1-acd1-6eb2f2fc481b" />
      <TestMethod codeBase="f:\src\Adiam_Cloud_Nightly_Tester\bins\debug\amd64\SyncFabric\Tests\TestRuleProcessorWithRealProxies\Microsoft.ActiveDirectory.Connector.Test.TestRuleProcessorWithRealProxies.dll" adapterTypeName="Microsoft.VisualStudio.TestTools.TestTypes.Unit.UnitTestAdapter" className="Microsoft.ActiveDirectory.Connector.Test.BoxOutboundDeltaSyncRuleUnitTestReal" name="TestEvaluationDeltaAddEntry" />
    </UnitTest>
    <UnitTest name="TestEvaluationDeltaUpdateEntry" storage="f:\src\adiam_cloud_nightly_tester\bins\debug\amd64\syncfabric\tests\testruleprocessorwithrealproxies\microsoft.activedirectory.connector.test.testruleprocessorwithrealproxies.dll" id="a12da05e-386c-d963-205f-d22afd97c64d">
      <Execution id="42e2f67c-f3f3-4dd5-9456-89b2fdba164e" />
      <TestMethod codeBase="f:\src\Adiam_Cloud_Nightly_Tester\bins\debug\amd64\SyncFabric\Tests\TestRuleProcessorWithRealProxies\Microsoft.ActiveDirectory.Connector.Test.TestRuleProcessorWithRealProxies.dll" adapterTypeName="Microsoft.VisualStudio.TestTools.TestTypes.Unit.UnitTestAdapter" className="Microsoft.ActiveDirectory.Connector.Test.BoxOutboundDeltaSyncRuleUnitTestReal" name="TestEvaluationDeltaUpdateEntry" />
    </UnitTest>
    <UnitTest name="TestEvaluationDeltaUpdateEntryNoUserName" storage="f:\src\adiam_cloud_nightly_tester\bins\debug\amd64\syncfabric\tests\testruleprocessorwithrealproxies\microsoft.activedirectory.connector.test.testruleprocessorwithrealproxies.dll" id="ab1d1200-c9ce-cd2b-f079-fc16717eee2d">
      <Execution id="e2db3958-cb30-4052-9143-1f17580cf518" />
      <TestMethod codeBase="f:\src\Adiam_Cloud_Nightly_Tester\bins\debug\amd64\SyncFabric\Tests\TestRuleProcessorWithRealProxies\Microsoft.ActiveDirectory.Connector.Test.TestRuleProcessorWithRealProxies.dll" adapterTypeName="Microsoft.VisualStudio.TestTools.TestTypes.Unit.UnitTestAdapter" className="Microsoft.ActiveDirectory.Connector.Test.BoxOutboundDeltaSyncRuleUnitTestReal" name="TestEvaluationDeltaUpdateEntryNoUserName" />
    </UnitTest>
    <UnitTest name="TestEvaluationDeltaDeleteEntry" storage="f:\src\adiam_cloud_nightly_tester\bins\debug\amd64\syncfabric\tests\testruleprocessorwithrealproxies\microsoft.activedirectory.connector.test.testruleprocessorwithrealproxies.dll" id="13181342-9e51-1fd2-e42d-fe5aaca2a84d">
      <Execution id="c6eeb941-dc51-44ee-ba1d-1b4590abe574" />
      <TestMethod codeBase="f:\src\Adiam_Cloud_Nightly_Tester\bins\debug\amd64\SyncFabric\Tests\TestRuleProcessorWithRealProxies\Microsoft.ActiveDirectory.Connector.Test.TestRuleProcessorWithRealProxies.dll" adapterTypeName="Microsoft.VisualStudio.TestTools.TestTypes.Unit.UnitTestAdapter" className="Microsoft.ActiveDirectory.Connector.Test.BoxOutboundDeltaSyncRuleUnitTestReal" name="TestEvaluationDeltaDeleteEntry" />
    </UnitTest>
    <UnitTest name="TestEvaluationDeltaEntitlementGrants" storage="f:\src\adiam_cloud_nightly_tester\bins\debug\amd64\syncfabric\tests\testruleprocessorwithrealproxies\microsoft.activedirectory.connector.test.testruleprocessorwithrealproxies.dll" id="4e87804c-92d3-e11c-2aa7-7757ec1ad9b4">
      <Execution id="e60ca775-5387-4b16-bbed-d8a6ea47c08f" />
      <TestMethod codeBase="f:\src\Adiam_Cloud_Nightly_Tester\bins\debug\amd64\SyncFabric\Tests\TestRuleProcessorWithRealProxies\Microsoft.ActiveDirectory.Connector.Test.TestRuleProcessorWithRealProxies.dll" adapterTypeName="Microsoft.VisualStudio.TestTools.TestTypes.Unit.UnitTestAdapter" className="Microsoft.ActiveDirectory.Connector.Test.BoxOutboundDeltaSyncRuleUnitTestReal" name="TestEvaluationDeltaEntitlementGrants" />
    </UnitTest>
    <UnitTest name="TestEvaluationUpdateEntryModifyJoiningPropertyBox" storage="f:\src\adiam_cloud_nightly_tester\bins\debug\amd64\syncfabric\tests\testruleprocessorwithrealproxies\microsoft.activedirectory.connector.test.testruleprocessorwithrealproxies.dll" id="169ee8de-30b5-3246-1822-e0d2c0fbc2c1">
      <Execution id="91e12b2d-9533-443b-8b1d-cee1ba6f66f5" />
      <TestMethod codeBase="f:\src\Adiam_Cloud_Nightly_Tester\bins\debug\amd64\SyncFabric\Tests\TestRuleProcessorWithRealProxies\Microsoft.ActiveDirectory.Connector.Test.TestRuleProcessorWithRealProxies.dll" adapterTypeName="Microsoft.VisualStudio.TestTools.TestTypes.Unit.UnitTestAdapter" className="Microsoft.ActiveDirectory.Connector.Test.BoxOutboundSyncRuleUnitTestReal" name="TestEvaluationUpdateEntryModifyJoiningPropertyBox" />
    </UnitTest>
    <UnitTest name="TestEvaluationDeltaAddEntryWithCustomSchema" storage="f:\src\adiam_cloud_nightly_tester\bins\debug\amd64\syncfabric\tests\testruleprocessorwithrealproxies\microsoft.activedirectory.connector.test.testruleprocessorwithrealproxies.dll" id="525c64de-27e3-4b6a-b1fc-4003890433f9">
      <Execution id="d98ea427-ec24-446e-9a7b-2302e1457191" />
      <TestMethod codeBase="f:\src\Adiam_Cloud_Nightly_Tester\bins\debug\amd64\SyncFabric\Tests\TestRuleProcessorWithRealProxies\Microsoft.ActiveDirectory.Connector.Test.TestRuleProcessorWithRealProxies.dll" adapterTypeName="Microsoft.VisualStudio.TestTools.TestTypes.Unit.UnitTestAdapter" className="Microsoft.ActiveDirectory.Connector.Test.ServiceNowOutboundDeltaSyncRuleUnitTestReal" name="TestEvaluationDeltaAddEntryWithCustomSchema" />
    </UnitTest>
    <UnitTest name="TestEvaluationDeltaAddEntrySoftDeleteUnspecified" storage="f:\src\adiam_cloud_nightly_tester\bins\debug\amd64\syncfabric\tests\testruleprocessorwithrealproxies\microsoft.activedirectory.connector.test.testruleprocessorwithrealproxies.dll" id="81c66a64-3176-f482-1e71-085c4d24bfcd">
      <Execution id="a96166c0-d729-45a8-ab08-ad3390dae75b" />
      <TestMethod codeBase="f:\src\Adiam_Cloud_Nightly_Tester\bins\debug\amd64\SyncFabric\Tests\TestRuleProcessorWithRealProxies\Microsoft.ActiveDirectory.Connector.Test.TestRuleProcessorWithRealProxies.dll" adapterTypeName="Microsoft.VisualStudio.TestTools.TestTypes.Unit.UnitTestAdapter" className="Microsoft.ActiveDirectory.Connector.Test.ServiceNowOutboundDeltaSyncRuleUnitTestReal" name="TestEvaluationDeltaAddEntrySoftDeleteUnspecified" />
    </UnitTest>
    <UnitTest name="TestEvaluationDeltaAddUser" storage="f:\src\adiam_cloud_nightly_tester\bins\debug\amd64\syncfabric\tests\testruleprocessorwithrealproxies\microsoft.activedirectory.connector.test.testruleprocessorwithrealproxies.dll" id="ea91d8db-11d2-9582-9fdc-6a6ee6550842">
      <Execution id="17b20f1a-91e2-49bd-a0ba-b38a21834eeb" />
      <TestMethod codeBase="f:\src\Adiam_Cloud_Nightly_Tester\bins\debug\amd64\SyncFabric\Tests\TestRuleProcessorWithRealProxies\Microsoft.ActiveDirectory.Connector.Test.TestRuleProcessorWithRealProxies.dll" adapterTypeName="Microsoft.VisualStudio.TestTools.TestTypes.Unit.UnitTestAdapter" className="Microsoft.ActiveDirectory.Connector.Test.ServiceNowOutboundDeltaSyncRuleUnitTestReal" name="TestEvaluationDeltaAddUser" />
    </UnitTest>
    <UnitTest name="TestEvaluationDeltaUpdateEntry" storage="f:\src\adiam_cloud_nightly_tester\bins\debug\amd64\syncfabric\tests\testruleprocessorwithrealproxies\microsoft.activedirectory.connector.test.testruleprocessorwithrealproxies.dll" id="e219f0e1-9a95-7896-18d6-f90edf6632e1">
      <Execution id="854dca39-3b5e-4fd0-be8f-270c182b6479" />
      <TestMethod codeBase="f:\src\Adiam_Cloud_Nightly_Tester\bins\debug\amd64\SyncFabric\Tests\TestRuleProcessorWithRealProxies\Microsoft.ActiveDirectory.Connector.Test.TestRuleProcessorWithRealProxies.dll" adapterTypeName="Microsoft.VisualStudio.TestTools.TestTypes.Unit.UnitTestAdapter" className="Microsoft.ActiveDirectory.Connector.Test.ServiceNowOutboundDeltaSyncRuleUnitTestReal" name="TestEvaluationDeltaUpdateEntry" />
    </UnitTest>
    <UnitTest name="TestEvaluationDeltaUpdateEntryNoUserName" storage="f:\src\adiam_cloud_nightly_tester\bins\debug\amd64\syncfabric\tests\testruleprocessorwithrealproxies\microsoft.activedirectory.connector.test.testruleprocessorwithrealproxies.dll" id="c216cd42-c5e4-89d7-4a6c-d6a49c527ebc">
      <Execution id="832bc607-f3c9-4ec2-937e-d6e712438791" />
      <TestMethod codeBase="f:\src\Adiam_Cloud_Nightly_Tester\bins\debug\amd64\SyncFabric\Tests\TestRuleProcessorWithRealProxies\Microsoft.ActiveDirectory.Connector.Test.TestRuleProcessorWithRealProxies.dll" adapterTypeName="Microsoft.VisualStudio.TestTools.TestTypes.Unit.UnitTestAdapter" className="Microsoft.ActiveDirectory.Connector.Test.ServiceNowOutboundDeltaSyncRuleUnitTestReal" name="TestEvaluationDeltaUpdateEntryNoUserName" />
    </UnitTest>
    <UnitTest name="TestEvaluationDeltaDeleteEntry" storage="f:\src\adiam_cloud_nightly_tester\bins\debug\amd64\syncfabric\tests\testruleprocessorwithrealproxies\microsoft.activedirectory.connector.test.testruleprocessorwithrealproxies.dll" id="31c30cd7-4531-fb5a-d21e-42f4fef8a3f7">
      <Execution id="e66b26b6-908f-4982-8897-ec6302915c78" />
      <TestMethod codeBase="f:\src\Adiam_Cloud_Nightly_Tester\bins\debug\amd64\SyncFabric\Tests\TestRuleProcessorWithRealProxies\Microsoft.ActiveDirectory.Connector.Test.TestRuleProcessorWithRealProxies.dll" adapterTypeName="Microsoft.VisualStudio.TestTools.TestTypes.Unit.UnitTestAdapter" className="Microsoft.ActiveDirectory.Connector.Test.ServiceNowOutboundDeltaSyncRuleUnitTestReal" name="TestEvaluationDeltaDeleteEntry" />
    </UnitTest>
    <UnitTest name="TestEvaluationDeltaRuleAddEntriesFullImport" storage="f:\src\adiam_cloud_nightly_tester\bins\debug\amd64\syncfabric\tests\testruleprocessorwithrealproxies\microsoft.activedirectory.connector.test.testruleprocessorwithrealproxies.dll" id="c907f7ac-fb4b-f160-15cc-eaa66b9b984e">
      <Execution id="042068a5-8852-4762-a2c8-caf20d6754c8" />
      <TestMethod codeBase="f:\src\Adiam_Cloud_Nightly_Tester\bins\debug\amd64\SyncFabric\Tests\TestRuleProcessorWithRealProxies\Microsoft.ActiveDirectory.Connector.Test.TestRuleProcessorWithRealProxies.dll" adapterTypeName="Microsoft.VisualStudio.TestTools.TestTypes.Unit.UnitTestAdapter" className="Microsoft.ActiveDirectory.Connector.Test.GoogleAppsOutboundDeltaSyncRuleUnitTestReal" name="TestEvaluationDeltaRuleAddEntriesFullImport" />
    </UnitTest>
    <UnitTest name="TestEvaluationDeltaRuleAddEntry" storage="f:\src\adiam_cloud_nightly_tester\bins\debug\amd64\syncfabric\tests\testruleprocessorwithrealproxies\microsoft.activedirectory.connector.test.testruleprocessorwithrealproxies.dll" id="02923289-b603-df04-2e31-dd3780c3e91b">
      <Execution id="22caf04b-8a0d-4ba8-8036-9ba33c5fe21d" />
      <TestMethod codeBase="f:\src\Adiam_Cloud_Nightly_Tester\bins\debug\amd64\SyncFabric\Tests\TestRuleProcessorWithRealProxies\Microsoft.ActiveDirectory.Connector.Test.TestRuleProcessorWithRealProxies.dll" adapterTypeName="Microsoft.VisualStudio.TestTools.TestTypes.Unit.UnitTestAdapter" className="Microsoft.ActiveDirectory.Connector.Test.GoogleAppsOutboundDeltaSyncRuleUnitTestReal" name="TestEvaluationDeltaRuleAddEntry" />
    </UnitTest>
    <UnitTest name="TestEvaluationDeltaRuleUpdateEntry" storage="f:\src\adiam_cloud_nightly_tester\bins\debug\amd64\syncfabric\tests\testruleprocessorwithrealproxies\microsoft.activedirectory.connector.test.testruleprocessorwithrealproxies.dll" id="292dbb6e-fb23-aac3-e4f8-5b44ae6e6362">
      <Execution id="fc80568e-24d2-4bfb-9d7c-67c8021beb33" />
      <TestMethod codeBase="f:\src\Adiam_Cloud_Nightly_Tester\bins\debug\amd64\SyncFabric\Tests\TestRuleProcessorWithRealProxies\Microsoft.ActiveDirectory.Connector.Test.TestRuleProcessorWithRealProxies.dll" adapterTypeName="Microsoft.VisualStudio.TestTools.TestTypes.Unit.UnitTestAdapter" className="Microsoft.ActiveDirectory.Connector.Test.GoogleAppsOutboundDeltaSyncRuleUnitTestReal" name="TestEvaluationDeltaRuleUpdateEntry" />
    </UnitTest>
    <UnitTest name="TestEvaluationDeltaRuleUpdateEntrySuspendUser" storage="f:\src\adiam_cloud_nightly_tester\bins\debug\amd64\syncfabric\tests\testruleprocessorwithrealproxies\microsoft.activedirectory.connector.test.testruleprocessorwithrealproxies.dll" id="4dd4c439-4453-5158-d4fd-176a2bc1ff83">
      <Execution id="2ab0f9dc-2f15-4085-a289-99903cd213cc" />
      <TestMethod codeBase="f:\src\Adiam_Cloud_Nightly_Tester\bins\debug\amd64\SyncFabric\Tests\TestRuleProcessorWithRealProxies\Microsoft.ActiveDirectory.Connector.Test.TestRuleProcessorWithRealProxies.dll" adapterTypeName="Microsoft.VisualStudio.TestTools.TestTypes.Unit.UnitTestAdapter" className="Microsoft.ActiveDirectory.Connector.Test.GoogleAppsOutboundDeltaSyncRuleUnitTestReal" name="TestEvaluationDeltaRuleUpdateEntrySuspendUser" />
    </UnitTest>
    <UnitTest name="TestEvaluationDeltaRuleUpdateEntryModifyJoiningProperty" storage="f:\src\adiam_cloud_nightly_tester\bins\debug\amd64\syncfabric\tests\testruleprocessorwithrealproxies\microsoft.activedirectory.connector.test.testruleprocessorwithrealproxies.dll" id="27097705-5d32-a8b2-de56-c3f74c7a6f12">
      <Execution id="c8dafa66-9b3f-4bb8-ba87-38bb3a2117d1" />
      <TestMethod codeBase="f:\src\Adiam_Cloud_Nightly_Tester\bins\debug\amd64\SyncFabric\Tests\TestRuleProcessorWithRealProxies\Microsoft.ActiveDirectory.Connector.Test.TestRuleProcessorWithRealProxies.dll" adapterTypeName="Microsoft.VisualStudio.TestTools.TestTypes.Unit.UnitTestAdapter" className="Microsoft.ActiveDirectory.Connector.Test.GoogleAppsOutboundDeltaSyncRuleUnitTestReal" name="TestEvaluationDeltaRuleUpdateEntryModifyJoiningProperty" />
    </UnitTest>
    <UnitTest name="TestEvaluationDeltaRuleDeleteEntry" storage="f:\src\adiam_cloud_nightly_tester\bins\debug\amd64\syncfabric\tests\testruleprocessorwithrealproxies\microsoft.activedirectory.connector.test.testruleprocessorwithrealproxies.dll" id="695eddaf-1ea6-a810-71f8-7bf8f31ee3db">
      <Execution id="035ca9b0-a493-4c56-a26a-00440b29d6aa" />
      <TestMethod codeBase="f:\src\Adiam_Cloud_Nightly_Tester\bins\debug\amd64\SyncFabric\Tests\TestRuleProcessorWithRealProxies\Microsoft.ActiveDirectory.Connector.Test.TestRuleProcessorWithRealProxies.dll" adapterTypeName="Microsoft.VisualStudio.TestTools.TestTypes.Unit.UnitTestAdapter" className="Microsoft.ActiveDirectory.Connector.Test.GoogleAppsOutboundDeltaSyncRuleUnitTestReal" name="TestEvaluationDeltaRuleDeleteEntry" />
    </UnitTest>
    <UnitTest name="TestEvaluationAddUserEmptyFamilyAndGivenNameGoogleApps" storage="f:\src\adiam_cloud_nightly_tester\bins\debug\amd64\syncfabric\tests\testruleprocessorwithrealproxies\microsoft.activedirectory.connector.test.testruleprocessorwithrealproxies.dll" id="93616a37-f469-4ec9-5252-7f1b57b3202e">
      <Execution id="e6953cb1-1b2c-4ae6-b604-8b77c567c47f" />
      <TestMethod codeBase="f:\src\Adiam_Cloud_Nightly_Tester\bins\debug\amd64\SyncFabric\Tests\TestRuleProcessorWithRealProxies\Microsoft.ActiveDirectory.Connector.Test.TestRuleProcessorWithRealProxies.dll" adapterTypeName="Microsoft.VisualStudio.TestTools.TestTypes.Unit.UnitTestAdapter" className="Microsoft.ActiveDirectory.Connector.Test.GoogleAppsOutboundFullSyncRuleUnitTestReal" name="TestEvaluationAddUserEmptyFamilyAndGivenNameGoogleApps" />
    </UnitTest>
    <UnitTest name="TestEvaluationAddUserMissingFamilyAndGivenNameGoogleApps" storage="f:\src\adiam_cloud_nightly_tester\bins\debug\amd64\syncfabric\tests\testruleprocessorwithrealproxies\microsoft.activedirectory.connector.test.testruleprocessorwithrealproxies.dll" id="8f767e44-4994-e58c-2f79-7d414fa9f3f3">
      <Execution id="313a3799-405f-43d1-be0c-699fea4a7c05" />
      <TestMethod codeBase="f:\src\Adiam_Cloud_Nightly_Tester\bins\debug\amd64\SyncFabric\Tests\TestRuleProcessorWithRealProxies\Microsoft.ActiveDirectory.Connector.Test.TestRuleProcessorWithRealProxies.dll" adapterTypeName="Microsoft.VisualStudio.TestTools.TestTypes.Unit.UnitTestAdapter" className="Microsoft.ActiveDirectory.Connector.Test.GoogleAppsOutboundFullSyncRuleUnitTestReal" name="TestEvaluationAddUserMissingFamilyAndGivenNameGoogleApps" />
    </UnitTest>
    <UnitTest name="TestEvaluationAddEntriesFullImport" storage="f:\src\adiam_cloud_nightly_tester\bins\debug\amd64\syncfabric\tests\testruleprocessorwithrealproxies\microsoft.activedirectory.connector.test.testruleprocessorwithrealproxies.dll" id="95ed299e-020a-4d41-8b39-9b307b384307">
      <Execution id="cba941aa-ae94-4951-901b-4a0aa67b132a" />
      <TestMethod codeBase="f:\src\Adiam_Cloud_Nightly_Tester\bins\debug\amd64\SyncFabric\Tests\TestRuleProcessorWithRealProxies\Microsoft.ActiveDirectory.Connector.Test.TestRuleProcessorWithRealProxies.dll" adapterTypeName="Microsoft.VisualStudio.TestTools.TestTypes.Unit.UnitTestAdapter" className="Microsoft.ActiveDirectory.Connector.Test.SalesForceOutboundFullSynchronizationRuleRealUnitTest" name="TestEvaluationAddEntriesFullImport" />
    </UnitTest>
    <UnitTest name="TestEvaluationAddEntry" storage="f:\src\adiam_cloud_nightly_tester\bins\debug\amd64\syncfabric\tests\testruleprocessorwithrealproxies\microsoft.activedirectory.connector.test.testruleprocessorwithrealproxies.dll" id="1652264c-8ee9-4003-8734-6b5b3ecd2ded">
      <Execution id="b63d2056-a767-4322-9747-cbd62d5c1bcf" />
      <TestMethod codeBase="f:\src\Adiam_Cloud_Nightly_Tester\bins\debug\amd64\SyncFabric\Tests\TestRuleProcessorWithRealProxies\Microsoft.ActiveDirectory.Connector.Test.TestRuleProcessorWithRealProxies.dll" adapterTypeName="Microsoft.VisualStudio.TestTools.TestTypes.Unit.UnitTestAdapter" className="Microsoft.ActiveDirectory.Connector.Test.SalesForceOutboundFullSynchronizationRuleRealUnitTest" name="TestEvaluationAddEntry" />
    </UnitTest>
    <UnitTest name="TestEvaluationAddUpdateEntryWithLastNameEmpty" storage="f:\src\adiam_cloud_nightly_tester\bins\debug\amd64\syncfabric\tests\testruleprocessorwithrealproxies\microsoft.activedirectory.connector.test.testruleprocessorwithrealproxies.dll" id="b1afc68b-e911-99cd-1477-ff2c98c96be2">
      <Execution id="fa6629fa-89be-409c-9f9f-e82085b7b85b" />
      <TestMethod codeBase="f:\src\Adiam_Cloud_Nightly_Tester\bins\debug\amd64\SyncFabric\Tests\TestRuleProcessorWithRealProxies\Microsoft.ActiveDirectory.Connector.Test.TestRuleProcessorWithRealProxies.dll" adapterTypeName="Microsoft.VisualStudio.TestTools.TestTypes.Unit.UnitTestAdapter" className="Microsoft.ActiveDirectory.Connector.Test.SalesForceOutboundFullSynchronizationRuleRealUnitTest" name="TestEvaluationAddUpdateEntryWithLastNameEmpty" />
    </UnitTest>
    <UnitTest name="TestEvaluationAddEntryForExistingSoftDeletedUser" storage="f:\src\adiam_cloud_nightly_tester\bins\debug\amd64\syncfabric\tests\testruleprocessorwithrealproxies\microsoft.activedirectory.connector.test.testruleprocessorwithrealproxies.dll" id="cab39cf9-5984-b317-863b-1b65e8c30eb9">
      <Execution id="b02990fd-5326-4597-995e-9302f7dd3178" />
      <TestMethod codeBase="f:\src\Adiam_Cloud_Nightly_Tester\bins\debug\amd64\SyncFabric\Tests\TestRuleProcessorWithRealProxies\Microsoft.ActiveDirectory.Connector.Test.TestRuleProcessorWithRealProxies.dll" adapterTypeName="Microsoft.VisualStudio.TestTools.TestTypes.Unit.UnitTestAdapter" className="Microsoft.ActiveDirectory.Connector.Test.SalesForceOutboundFullSynchronizationRuleRealUnitTest" name="TestEvaluationAddEntryForExistingSoftDeletedUser" />
    </UnitTest>
    <UnitTest name="TestEvaluationAddUpdateEntryWithEntitlements" storage="f:\src\adiam_cloud_nightly_tester\bins\debug\amd64\syncfabric\tests\testruleprocessorwithrealproxies\microsoft.activedirectory.connector.test.testruleprocessorwithrealproxies.dll" id="18e3cf6c-9984-0c70-1787-e37621f81c99">
      <Execution id="9adad31a-163e-4815-849b-c7c3b075638a" />
      <TestMethod codeBase="f:\src\Adiam_Cloud_Nightly_Tester\bins\debug\amd64\SyncFabric\Tests\TestRuleProcessorWithRealProxies\Microsoft.ActiveDirectory.Connector.Test.TestRuleProcessorWithRealProxies.dll" adapterTypeName="Microsoft.VisualStudio.TestTools.TestTypes.Unit.UnitTestAdapter" className="Microsoft.ActiveDirectory.Connector.Test.SalesForceOutboundFullSynchronizationRuleRealUnitTest" name="TestEvaluationAddUpdateEntryWithEntitlements" />
    </UnitTest>
    <UnitTest name="TestEvaluationDeleteEntry" storage="f:\src\adiam_cloud_nightly_tester\bins\debug\amd64\syncfabric\tests\testruleprocessorwithrealproxies\microsoft.activedirectory.connector.test.testruleprocessorwithrealproxies.dll" id="de2995e4-e433-a29c-ba2f-f62f1d0f5dca">
      <Execution id="e5aa3768-fb58-4878-bc5b-d60b1f627440" />
      <TestMethod codeBase="f:\src\Adiam_Cloud_Nightly_Tester\bins\debug\amd64\SyncFabric\Tests\TestRuleProcessorWithRealProxies\Microsoft.ActiveDirectory.Connector.Test.TestRuleProcessorWithRealProxies.dll" adapterTypeName="Microsoft.VisualStudio.TestTools.TestTypes.Unit.UnitTestAdapter" className="Microsoft.ActiveDirectory.Connector.Test.SalesForceOutboundFullSynchronizationRuleRealUnitTest" name="TestEvaluationDeleteEntry" />
    </UnitTest>
    <UnitTest name="TestEvaluationUpdateEntry" storage="f:\src\adiam_cloud_nightly_tester\bins\debug\amd64\syncfabric\tests\testruleprocessorwithrealproxies\microsoft.activedirectory.connector.test.testruleprocessorwithrealproxies.dll" id="a77f831c-92f8-b67c-4844-5d3be7056e01">
      <Execution id="24ac4a74-4c82-424f-a25d-1770c47f6bfa" />
      <TestMethod codeBase="f:\src\Adiam_Cloud_Nightly_Tester\bins\debug\amd64\SyncFabric\Tests\TestRuleProcessorWithRealProxies\Microsoft.ActiveDirectory.Connector.Test.TestRuleProcessorWithRealProxies.dll" adapterTypeName="Microsoft.VisualStudio.TestTools.TestTypes.Unit.UnitTestAdapter" className="Microsoft.ActiveDirectory.Connector.Test.SalesForceOutboundFullSynchronizationRuleRealUnitTest" name="TestEvaluationUpdateEntry" />
    </UnitTest>
    <UnitTest name="TestEvaluationDeltaUpdateEntryAddModifyRemoveSingleValued" storage="f:\src\adiam_cloud_nightly_tester\bins\debug\amd64\syncfabric\tests\testruleprocessorwithrealproxies\microsoft.activedirectory.connector.test.testruleprocessorwithrealproxies.dll" id="9667aae0-3c98-e813-e369-893e11c50f02">
      <Execution id="c7992898-d67f-4ac1-af83-036e6c5eba85" />
      <TestMethod codeBase="f:\src\Adiam_Cloud_Nightly_Tester\bins\debug\amd64\SyncFabric\Tests\TestRuleProcessorWithRealProxies\Microsoft.ActiveDirectory.Connector.Test.TestRuleProcessorWithRealProxies.dll" adapterTypeName="Microsoft.VisualStudio.TestTools.TestTypes.Unit.UnitTestAdapter" className="Microsoft.ActiveDirectory.Connector.Test.SalesForceOutboundDeltaSynchronizationRuleUnitTestReal" name="TestEvaluationDeltaUpdateEntryAddModifyRemoveSingleValued" />
    </UnitTest>
    <UnitTest name="TestEvaluationDeltaAddEntryAddModifyRemoveSingleValued" storage="f:\src\adiam_cloud_nightly_tester\bins\debug\amd64\syncfabric\tests\testruleprocessorwithrealproxies\microsoft.activedirectory.connector.test.testruleprocessorwithrealproxies.dll" id="f8eead5b-18e9-701e-20a6-80578dc7ea1b">
      <Execution id="64d27304-94b8-47c7-8a4b-6f9b3195c704" />
      <TestMethod codeBase="f:\src\Adiam_Cloud_Nightly_Tester\bins\debug\amd64\SyncFabric\Tests\TestRuleProcessorWithRealProxies\Microsoft.ActiveDirectory.Connector.Test.TestRuleProcessorWithRealProxies.dll" adapterTypeName="Microsoft.VisualStudio.TestTools.TestTypes.Unit.UnitTestAdapter" className="Microsoft.ActiveDirectory.Connector.Test.SalesForceOutboundDeltaSynchronizationRuleUnitTestReal" name="TestEvaluationDeltaAddEntryAddModifyRemoveSingleValued" />
    </UnitTest>
    <UnitTest name="TestEvaluationDeltaAddEntry" storage="f:\src\adiam_cloud_nightly_tester\bins\debug\amd64\syncfabric\tests\testruleprocessorwithrealproxies\microsoft.activedirectory.connector.test.testruleprocessorwithrealproxies.dll" id="aced851a-c8de-50fb-74d3-a9c231d575db">
      <Execution id="a91add3e-808e-429d-9982-adcbc080b29e" />
      <TestMethod codeBase="f:\src\Adiam_Cloud_Nightly_Tester\bins\debug\amd64\SyncFabric\Tests\TestRuleProcessorWithRealProxies\Microsoft.ActiveDirectory.Connector.Test.TestRuleProcessorWithRealProxies.dll" adapterTypeName="Microsoft.VisualStudio.TestTools.TestTypes.Unit.UnitTestAdapter" className="Microsoft.ActiveDirectory.Connector.Test.SalesForceOutboundDeltaSynchronizationRuleUnitTestReal" name="TestEvaluationDeltaAddEntry" />
    </UnitTest>
    <UnitTest name="TestEvaluationDeltaAddUpdateEntryWithEmptyLast" storage="f:\src\adiam_cloud_nightly_tester\bins\debug\amd64\syncfabric\tests\testruleprocessorwithrealproxies\microsoft.activedirectory.connector.test.testruleprocessorwithrealproxies.dll" id="8eb73f68-35cc-16e8-a459-c8824d163c29">
      <Execution id="04f5e93f-06a1-43a6-8280-1fa179ed5bda" />
      <TestMethod codeBase="f:\src\Adiam_Cloud_Nightly_Tester\bins\debug\amd64\SyncFabric\Tests\TestRuleProcessorWithRealProxies\Microsoft.ActiveDirectory.Connector.Test.TestRuleProcessorWithRealProxies.dll" adapterTypeName="Microsoft.VisualStudio.TestTools.TestTypes.Unit.UnitTestAdapter" className="Microsoft.ActiveDirectory.Connector.Test.SalesForceOutboundDeltaSynchronizationRuleUnitTestReal" name="TestEvaluationDeltaAddUpdateEntryWithEmptyLast" />
    </UnitTest>
    <UnitTest name="TestEvaluationDeltaDeleteEntry" storage="f:\src\adiam_cloud_nightly_tester\bins\debug\amd64\syncfabric\tests\testruleprocessorwithrealproxies\microsoft.activedirectory.connector.test.testruleprocessorwithrealproxies.dll" id="7caafb94-3b81-c9c0-ebcf-430f354013ee">
      <Execution id="19617558-2914-49d4-bdaf-d46df650446c" />
      <TestMethod codeBase="f:\src\Adiam_Cloud_Nightly_Tester\bins\debug\amd64\SyncFabric\Tests\TestRuleProcessorWithRealProxies\Microsoft.ActiveDirectory.Connector.Test.TestRuleProcessorWithRealProxies.dll" adapterTypeName="Microsoft.VisualStudio.TestTools.TestTypes.Unit.UnitTestAdapter" className="Microsoft.ActiveDirectory.Connector.Test.SalesForceOutboundDeltaSynchronizationRuleUnitTestReal" name="TestEvaluationDeltaDeleteEntry" />
    </UnitTest>
    <UnitTest name="TestEvaluationDeltaAddEntrySoftDeleteReactivation" storage="f:\src\adiam_cloud_nightly_tester\bins\debug\amd64\syncfabric\tests\testruleprocessorwithrealproxies\microsoft.activedirectory.connector.test.testruleprocessorwithrealproxies.dll" id="d16f8a8d-228b-cf4b-09b8-cbc732ae3091">
      <Execution id="e425d944-dc58-433c-97a7-4de2c5bb3a64" />
      <TestMethod codeBase="f:\src\Adiam_Cloud_Nightly_Tester\bins\debug\amd64\SyncFabric\Tests\TestRuleProcessorWithRealProxies\Microsoft.ActiveDirectory.Connector.Test.TestRuleProcessorWithRealProxies.dll" adapterTypeName="Microsoft.VisualStudio.TestTools.TestTypes.Unit.UnitTestAdapter" className="Microsoft.ActiveDirectory.Connector.Test.SalesForceOutboundDeltaSynchronizationRuleUnitTestReal" name="TestEvaluationDeltaAddEntrySoftDeleteReactivation" />
    </UnitTest>
  </TestDefinitions>
  <TestEntries>
    <TestEntry testId="4970fbbb-83fc-b503-3769-d340eb13a0b4" executionId="66b4aa5c-88e1-4893-a304-4f9a285e719c" testListId="8c84fa94-04c1-424b-9868-57a2d4851a1d" />
    <TestEntry testId="09f12975-9a0d-fce8-c101-382eca057836" executionId="0ee03bfe-1d9d-49b1-acd1-6eb2f2fc481b" testListId="8c84fa94-04c1-424b-9868-57a2d4851a1d" />
    <TestEntry testId="a12da05e-386c-d963-205f-d22afd97c64d" executionId="42e2f67c-f3f3-4dd5-9456-89b2fdba164e" testListId="8c84fa94-04c1-424b-9868-57a2d4851a1d" />
    <TestEntry testId="ab1d1200-c9ce-cd2b-f079-fc16717eee2d" executionId="e2db3958-cb30-4052-9143-1f17580cf518" testListId="8c84fa94-04c1-424b-9868-57a2d4851a1d" />
    <TestEntry testId="13181342-9e51-1fd2-e42d-fe5aaca2a84d" executionId="c6eeb941-dc51-44ee-ba1d-1b4590abe574" testListId="8c84fa94-04c1-424b-9868-57a2d4851a1d" />
    <TestEntry testId="4e87804c-92d3-e11c-2aa7-7757ec1ad9b4" executionId="e60ca775-5387-4b16-bbed-d8a6ea47c08f" testListId="8c84fa94-04c1-424b-9868-57a2d4851a1d" />
    <TestEntry testId="169ee8de-30b5-3246-1822-e0d2c0fbc2c1" executionId="91e12b2d-9533-443b-8b1d-cee1ba6f66f5" testListId="8c84fa94-04c1-424b-9868-57a2d4851a1d" />
    <TestEntry testId="525c64de-27e3-4b6a-b1fc-4003890433f9" executionId="d98ea427-ec24-446e-9a7b-2302e1457191" testListId="8c84fa94-04c1-424b-9868-57a2d4851a1d" />
    <TestEntry testId="81c66a64-3176-f482-1e71-085c4d24bfcd" executionId="a96166c0-d729-45a8-ab08-ad3390dae75b" testListId="8c84fa94-04c1-424b-9868-57a2d4851a1d" />
    <TestEntry testId="ea91d8db-11d2-9582-9fdc-6a6ee6550842" executionId="17b20f1a-91e2-49bd-a0ba-b38a21834eeb" testListId="8c84fa94-04c1-424b-9868-57a2d4851a1d" />
    <TestEntry testId="e219f0e1-9a95-7896-18d6-f90edf6632e1" executionId="854dca39-3b5e-4fd0-be8f-270c182b6479" testListId="8c84fa94-04c1-424b-9868-57a2d4851a1d" />
    <TestEntry testId="c216cd42-c5e4-89d7-4a6c-d6a49c527ebc" executionId="832bc607-f3c9-4ec2-937e-d6e712438791" testListId="8c84fa94-04c1-424b-9868-57a2d4851a1d" />
    <TestEntry testId="31c30cd7-4531-fb5a-d21e-42f4fef8a3f7" executionId="e66b26b6-908f-4982-8897-ec6302915c78" testListId="8c84fa94-04c1-424b-9868-57a2d4851a1d" />
    <TestEntry testId="c907f7ac-fb4b-f160-15cc-eaa66b9b984e" executionId="042068a5-8852-4762-a2c8-caf20d6754c8" testListId="8c84fa94-04c1-424b-9868-57a2d4851a1d" />
    <TestEntry testId="02923289-b603-df04-2e31-dd3780c3e91b" executionId="22caf04b-8a0d-4ba8-8036-9ba33c5fe21d" testListId="8c84fa94-04c1-424b-9868-57a2d4851a1d" />
    <TestEntry testId="292dbb6e-fb23-aac3-e4f8-5b44ae6e6362" executionId="fc80568e-24d2-4bfb-9d7c-67c8021beb33" testListId="8c84fa94-04c1-424b-9868-57a2d4851a1d" />
    <TestEntry testId="4dd4c439-4453-5158-d4fd-176a2bc1ff83" executionId="2ab0f9dc-2f15-4085-a289-99903cd213cc" testListId="8c84fa94-04c1-424b-9868-57a2d4851a1d" />
    <TestEntry testId="27097705-5d32-a8b2-de56-c3f74c7a6f12" executionId="c8dafa66-9b3f-4bb8-ba87-38bb3a2117d1" testListId="8c84fa94-04c1-424b-9868-57a2d4851a1d" />
    <TestEntry testId="695eddaf-1ea6-a810-71f8-7bf8f31ee3db" executionId="035ca9b0-a493-4c56-a26a-00440b29d6aa" testListId="8c84fa94-04c1-424b-9868-57a2d4851a1d" />
    <TestEntry testId="93616a37-f469-4ec9-5252-7f1b57b3202e" executionId="e6953cb1-1b2c-4ae6-b604-8b77c567c47f" testListId="8c84fa94-04c1-424b-9868-57a2d4851a1d" />
    <TestEntry testId="8f767e44-4994-e58c-2f79-7d414fa9f3f3" executionId="313a3799-405f-43d1-be0c-699fea4a7c05" testListId="8c84fa94-04c1-424b-9868-57a2d4851a1d" />
    <TestEntry testId="95ed299e-020a-4d41-8b39-9b307b384307" executionId="cba941aa-ae94-4951-901b-4a0aa67b132a" testListId="8c84fa94-04c1-424b-9868-57a2d4851a1d" />
    <TestEntry testId="1652264c-8ee9-4003-8734-6b5b3ecd2ded" executionId="b63d2056-a767-4322-9747-cbd62d5c1bcf" testListId="8c84fa94-04c1-424b-9868-57a2d4851a1d" />
    <TestEntry testId="b1afc68b-e911-99cd-1477-ff2c98c96be2" executionId="fa6629fa-89be-409c-9f9f-e82085b7b85b" testListId="8c84fa94-04c1-424b-9868-57a2d4851a1d" />
    <TestEntry testId="cab39cf9-5984-b317-863b-1b65e8c30eb9" executionId="b02990fd-5326-4597-995e-9302f7dd3178" testListId="8c84fa94-04c1-424b-9868-57a2d4851a1d" />
    <TestEntry testId="18e3cf6c-9984-0c70-1787-e37621f81c99" executionId="9adad31a-163e-4815-849b-c7c3b075638a" testListId="8c84fa94-04c1-424b-9868-57a2d4851a1d" />
    <TestEntry testId="de2995e4-e433-a29c-ba2f-f62f1d0f5dca" executionId="e5aa3768-fb58-4878-bc5b-d60b1f627440" testListId="8c84fa94-04c1-424b-9868-57a2d4851a1d" />
    <TestEntry testId="a77f831c-92f8-b67c-4844-5d3be7056e01" executionId="24ac4a74-4c82-424f-a25d-1770c47f6bfa" testListId="8c84fa94-04c1-424b-9868-57a2d4851a1d" />
    <TestEntry testId="9667aae0-3c98-e813-e369-893e11c50f02" executionId="c7992898-d67f-4ac1-af83-036e6c5eba85" testListId="8c84fa94-04c1-424b-9868-57a2d4851a1d" />
    <TestEntry testId="f8eead5b-18e9-701e-20a6-80578dc7ea1b" executionId="64d27304-94b8-47c7-8a4b-6f9b3195c704" testListId="8c84fa94-04c1-424b-9868-57a2d4851a1d" />
    <TestEntry testId="aced851a-c8de-50fb-74d3-a9c231d575db" executionId="a91add3e-808e-429d-9982-adcbc080b29e" testListId="8c84fa94-04c1-424b-9868-57a2d4851a1d" />
    <TestEntry testId="8eb73f68-35cc-16e8-a459-c8824d163c29" executionId="04f5e93f-06a1-43a6-8280-1fa179ed5bda" testListId="8c84fa94-04c1-424b-9868-57a2d4851a1d" />
    <TestEntry testId="7caafb94-3b81-c9c0-ebcf-430f354013ee" executionId="19617558-2914-49d4-bdaf-d46df650446c" testListId="8c84fa94-04c1-424b-9868-57a2d4851a1d" />
    <TestEntry testId="d16f8a8d-228b-cf4b-09b8-cbc732ae3091" executionId="e425d944-dc58-433c-97a7-4de2c5bb3a64" testListId="8c84fa94-04c1-424b-9868-57a2d4851a1d" />
  </TestEntries>
  <TestLists>
    <TestList name="Results Not in a List" id="8c84fa94-04c1-424b-9868-57a2d4851a1d" />
    <TestList name="All Loaded Results" id="19431567-8539-422a-85d7-44ee4e166bda" />
  </TestLists>
  <ResultSummary outcome="Failed">
    <Counters total="34" executed="34" passed="30" failed="4" error="0" timeout="0" aborted="0" inconclusive="0" passedButRunAborted="0" notRunnable="0" notExecuted="0" disconnected="0" warning="0" completed="0" inProgress="0" pending="0" />
  </ResultSummary>
</TestRun>