<?xml version="1.0" encoding="UTF-8"?>
<TestRun id="2cfa6f67-f10d-474c-81fc-b1209a562564" name="pranayp@PRANAY-TEST 2014-08-08 11:37:32" runUser="REDMOND\pranayp" xmlns="http://microsoft.com/schemas/VisualStudio/TeamTest/2010">
  <Times creation="2014-08-08T11:37:32.6598691-07:00" queuing="2014-08-08T11:37:32.6598691-07:00" start="2014-08-08T11:37:32.6648691-07:00" finish="2014-08-08T11:37:47.9348691-07:00" />
  <TestSettings name="default" id="b221e149-d8cd-4869-86ba-f69cfa2d810d">
    <Execution>
      <TestTypeSpecific />
    </Execution>
    <Deployment runDeploymentRoot="pranayp_PRANAY-TEST 2014-08-08 11_37_32" />
  </TestSettings>
  <Results>
    <UnitTestResult executionId="1c785e66-7c91-4bec-b28c-e93b81078423" testId="4759d957-76b0-dd02-0544-53db89b17c13" testName="TestCancellation" computerName="PRANAY-TEST" duration="00:00:01.2732957" startTime="2014-08-08T11:37:31.2728691-07:00" endTime="2014-08-08T11:37:32.5958691-07:00" testType="13cdc9d9-ddb5-4fa4-a97d-d965ccfc6d4b" outcome="Passed" testListId="8c84fa94-04c1-424b-9868-57a2d4851a1d" relativeResultsDirectory="1c785e66-7c91-4bec-b28c-e93b81078423" />
    <UnitTestResult executionId="187eb6f3-1055-40d1-a120-10f8cabe0817" testId="513e1d13-bc54-06ff-ce58-63e069de757e" testName="TestDeferment" computerName="PRANAY-TEST" duration="00:00:11.9900230" startTime="2014-08-08T11:37:32.6148691-07:00" endTime="2014-08-08T11:37:44.6048691-07:00" testType="13cdc9d9-ddb5-4fa4-a97d-d965ccfc6d4b" outcome="Passed" testListId="8c84fa94-04c1-424b-9868-57a2d4851a1d" relativeResultsDirectory="187eb6f3-1055-40d1-a120-10f8cabe0817" />
    <UnitTestResult executionId="86d1b3f6-dc7d-4e4f-940c-049a97a1cdc0" testId="f2924994-b9f3-8f93-4999-d913b3b479db" testName="TestDefermentMinimum" computerName="PRANAY-TEST" duration="00:00:00.1614743" startTime="2014-08-08T11:37:44.6058691-07:00" endTime="2014-08-08T11:37:44.7678691-07:00" testType="13cdc9d9-ddb5-4fa4-a97d-d965ccfc6d4b" outcome="Passed" testListId="8c84fa94-04c1-424b-9868-57a2d4851a1d" relativeResultsDirectory="86d1b3f6-dc7d-4e4f-940c-049a97a1cdc0" />
    <UnitTestResult executionId="ead612a7-01da-485e-b0e4-f59cf2cc6b99" testId="9bee1e3e-0b58-16d5-2690-5dc5243a9d09" testName="TestEnqueue" computerName="PRANAY-TEST" duration="00:00:00.1103104" startTime="2014-08-08T11:37:44.7678691-07:00" endTime="2014-08-08T11:37:44.8778691-07:00" testType="13cdc9d9-ddb5-4fa4-a97d-d965ccfc6d4b" outcome="Passed" testListId="8c84fa94-04c1-424b-9868-57a2d4851a1d" relativeResultsDirectory="ead612a7-01da-485e-b0e4-f59cf2cc6b99" />
    <UnitTestResult executionId="148aa0fd-e661-448e-81a3-a8d07de4d176" testId="551afdef-aee4-3d80-7a14-c0434deb5f78" testName="TestUpdate" computerName="PRANAY-TEST" duration="00:00:00.1116316" startTime="2014-08-08T11:37:44.8778691-07:00" endTime="2014-08-08T11:37:44.9898691-07:00" testType="13cdc9d9-ddb5-4fa4-a97d-d965ccfc6d4b" outcome="Passed" testListId="8c84fa94-04c1-424b-9868-57a2d4851a1d" relativeResultsDirectory="148aa0fd-e661-448e-81a3-a8d07de4d176" />
  </Results>
  <TestDefinitions>
    <UnitTest name="TestCancellation" storage="f:\src\adiam_cloud_nightly_tester\bins\debug\amd64\syncfabric\tests\testcloudqueueadapter\microsoft.activedirectory.connector.test.testcloudqueueadapter.dll" id="4759d957-76b0-dd02-0544-53db89b17c13">
      <Execution id="1c785e66-7c91-4bec-b28c-e93b81078423" />
      <TestMethod codeBase="f:\src\Adiam_Cloud_Nightly_Tester\bins\debug\amd64\SyncFabric\Tests\TestCloudQueueAdapter\Microsoft.ActiveDirectory.Connector.Test.TestCloudQueueAdapter.dll" adapterTypeName="Microsoft.VisualStudio.TestTools.TestTypes.Unit.UnitTestAdapter" className="Microsoft.ActiveDirectory.Connector.Test.CloudQueueAdapterUnitTest" name="TestCancellation" />
    </UnitTest>
    <UnitTest name="TestDeferment" storage="f:\src\adiam_cloud_nightly_tester\bins\debug\amd64\syncfabric\tests\testcloudqueueadapter\microsoft.activedirectory.connector.test.testcloudqueueadapter.dll" id="513e1d13-bc54-06ff-ce58-63e069de757e">
      <Execution id="187eb6f3-1055-40d1-a120-10f8cabe0817" />
      <TestMethod codeBase="f:\src\Adiam_Cloud_Nightly_Tester\bins\debug\amd64\SyncFabric\Tests\TestCloudQueueAdapter\Microsoft.ActiveDirectory.Connector.Test.TestCloudQueueAdapter.dll" adapterTypeName="Microsoft.VisualStudio.TestTools.TestTypes.Unit.UnitTestAdapter" className="Microsoft.ActiveDirectory.Connector.Test.CloudQueueAdapterUnitTest" name="TestDeferment" />
    </UnitTest>
    <UnitTest name="TestDefermentMinimum" storage="f:\src\adiam_cloud_nightly_tester\bins\debug\amd64\syncfabric\tests\testcloudqueueadapter\microsoft.activedirectory.connector.test.testcloudqueueadapter.dll" id="f2924994-b9f3-8f93-4999-d913b3b479db">
      <Execution id="86d1b3f6-dc7d-4e4f-940c-049a97a1cdc0" />
      <TestMethod codeBase="f:\src\Adiam_Cloud_Nightly_Tester\bins\debug\amd64\SyncFabric\Tests\TestCloudQueueAdapter\Microsoft.ActiveDirectory.Connector.Test.TestCloudQueueAdapter.dll" adapterTypeName="Microsoft.VisualStudio.TestTools.TestTypes.Unit.UnitTestAdapter" className="Microsoft.ActiveDirectory.Connector.Test.CloudQueueAdapterUnitTest" name="TestDefermentMinimum" />
    </UnitTest>
    <UnitTest name="TestEnqueue" storage="f:\src\adiam_cloud_nightly_tester\bins\debug\amd64\syncfabric\tests\testcloudqueueadapter\microsoft.activedirectory.connector.test.testcloudqueueadapter.dll" id="9bee1e3e-0b58-16d5-2690-5dc5243a9d09">
      <Execution id="ead612a7-01da-485e-b0e4-f59cf2cc6b99" />
      <TestMethod codeBase="f:\src\Adiam_Cloud_Nightly_Tester\bins\debug\amd64\SyncFabric\Tests\TestCloudQueueAdapter\Microsoft.ActiveDirectory.Connector.Test.TestCloudQueueAdapter.dll" adapterTypeName="Microsoft.VisualStudio.TestTools.TestTypes.Unit.UnitTestAdapter" className="Microsoft.ActiveDirectory.Connector.Test.CloudQueueAdapterUnitTest" name="TestEnqueue" />
    </UnitTest>
    <UnitTest name="TestUpdate" storage="f:\src\adiam_cloud_nightly_tester\bins\debug\amd64\syncfabric\tests\testcloudqueueadapter\microsoft.activedirectory.connector.test.testcloudqueueadapter.dll" id="551afdef-aee4-3d80-7a14-c0434deb5f78">
      <Execution id="148aa0fd-e661-448e-81a3-a8d07de4d176" />
      <TestMethod codeBase="f:\src\Adiam_Cloud_Nightly_Tester\bins\debug\amd64\SyncFabric\Tests\TestCloudQueueAdapter\Microsoft.ActiveDirectory.Connector.Test.TestCloudQueueAdapter.dll" adapterTypeName="Microsoft.VisualStudio.TestTools.TestTypes.Unit.UnitTestAdapter" className="Microsoft.ActiveDirectory.Connector.Test.CloudQueueAdapterUnitTest" name="TestUpdate" />
    </UnitTest>
  </TestDefinitions>
  <TestEntries>
    <TestEntry testId="4759d957-76b0-dd02-0544-53db89b17c13" executionId="1c785e66-7c91-4bec-b28c-e93b81078423" testListId="8c84fa94-04c1-424b-9868-57a2d4851a1d" />
    <TestEntry testId="513e1d13-bc54-06ff-ce58-63e069de757e" executionId="187eb6f3-1055-40d1-a120-10f8cabe0817" testListId="8c84fa94-04c1-424b-9868-57a2d4851a1d" />
    <TestEntry testId="f2924994-b9f3-8f93-4999-d913b3b479db" executionId="86d1b3f6-dc7d-4e4f-940c-049a97a1cdc0" testListId="8c84fa94-04c1-424b-9868-57a2d4851a1d" />
    <TestEntry testId="9bee1e3e-0b58-16d5-2690-5dc5243a9d09" executionId="ead612a7-01da-485e-b0e4-f59cf2cc6b99" testListId="8c84fa94-04c1-424b-9868-57a2d4851a1d" />
    <TestEntry testId="551afdef-aee4-3d80-7a14-c0434deb5f78" executionId="148aa0fd-e661-448e-81a3-a8d07de4d176" testListId="8c84fa94-04c1-424b-9868-57a2d4851a1d" />
  </TestEntries>
  <TestLists>
    <TestList name="Results Not in a List" id="8c84fa94-04c1-424b-9868-57a2d4851a1d" />
    <TestList name="All Loaded Results" id="19431567-8539-422a-85d7-44ee4e166bda" />
  </TestLists>
  <ResultSummary outcome="Completed">
    <Counters total="5" executed="5" passed="5" failed="0" error="0" timeout="0" aborted="0" inconclusive="0" passedButRunAborted="0" notRunnable="0" notExecuted="0" disconnected="0" warning="0" completed="0" inProgress="0" pending="0" />
  </ResultSummary>
</TestRun>