<?xml version="1.0" encoding="UTF-8"?>
<TestRun id="cb7ef417-23dc-4a99-a104-ceeb905a6143" name="pranayp@PRANAY-TEST 2014-08-08 11:38:49" runUser="REDMOND\pranayp" xmlns="http://microsoft.com/schemas/VisualStudio/TeamTest/2010">
  <Times creation="2014-08-08T11:38:49.8058691-07:00" queuing="2014-08-08T11:38:49.8088691-07:00" start="2014-08-08T11:38:49.8158691-07:00" finish="2014-08-08T11:59:35.5788691-07:00" />
  <TestSettings name="default" id="e3305b93-73b9-49e0-a60d-a626d7768a29">
    <Execution>
      <TestTypeSpecific />
    </Execution>
    <Deployment runDeploymentRoot="pranayp_PRANAY-TEST 2014-08-08 11_38_49" />
  </TestSettings>
  <Results>
    <UnitTestResult executionId="7ea1c2c0-1755-4195-9f29-de21af269d98" testId="d54a60cc-1693-e88f-0a93-3cd5bb956a43" testName="TestDifferentialQueryWatermark" computerName="PRANAY-TEST" duration="00:00:06.4573870" startTime="2014-08-08T11:38:40.8978691-07:00" endTime="2014-08-08T11:38:49.4018691-07:00" testType="13cdc9d9-ddb5-4fa4-a97d-d965ccfc6d4b" outcome="Passed" testListId="8c84fa94-04c1-424b-9868-57a2d4851a1d" relativeResultsDirectory="7ea1c2c0-1755-4195-9f29-de21af269d98" />
    <UnitTestResult executionId="3d9afec0-2669-4c09-b246-cd2d5b961102" testId="6d99f68a-c9a0-e966-8a8b-e7c4a7f11fdc" testName="TestDeltaImport" computerName="PRANAY-TEST" duration="00:01:22.1132042" startTime="2014-08-08T11:38:49.8208691-07:00" endTime="2014-08-08T11:40:11.9308691-07:00" testType="13cdc9d9-ddb5-4fa4-a97d-d965ccfc6d4b" outcome="Passed" testListId="8c84fa94-04c1-424b-9868-57a2d4851a1d" relativeResultsDirectory="3d9afec0-2669-4c09-b246-cd2d5b961102" />
    <UnitTestResult executionId="86273a5b-2874-440e-9a08-989fb466a10a" testId="8ea3f5d9-be79-50f8-78ac-1ac4d6d30ab7" testName="TestExport" computerName="PRANAY-TEST" duration="00:04:38.2540960" startTime="2014-08-08T11:40:11.9438691-07:00" endTime="2014-08-08T11:44:50.1828691-07:00" testType="13cdc9d9-ddb5-4fa4-a97d-d965ccfc6d4b" outcome="Passed" testListId="8c84fa94-04c1-424b-9868-57a2d4851a1d" relativeResultsDirectory="86273a5b-2874-440e-9a08-989fb466a10a" />
    <UnitTestResult executionId="5e7d5788-b78d-41b5-8a16-833302cfdb6f" testId="fc02a497-819a-3f32-2224-23488af73a07" testName="TestImportFullBoxOutboundProfile" computerName="PRANAY-TEST" duration="00:00:35.4132251" startTime="2014-08-08T11:44:50.1978691-07:00" endTime="2014-08-08T11:45:25.6098691-07:00" testType="13cdc9d9-ddb5-4fa4-a97d-d965ccfc6d4b" outcome="Passed" testListId="8c84fa94-04c1-424b-9868-57a2d4851a1d" relativeResultsDirectory="5e7d5788-b78d-41b5-8a16-833302cfdb6f" />
    <UnitTestResult executionId="e85e22c3-edad-487e-b00a-5c57ed2d099c" testId="e1c4a37f-8828-fd4e-cd61-cc5c2bcbf4ff" testName="TestImportFullSalesForceOutboundProfile" computerName="PRANAY-TEST" duration="00:00:37.6355326" startTime="2014-08-08T11:45:25.6188691-07:00" endTime="2014-08-08T11:46:03.2528691-07:00" testType="13cdc9d9-ddb5-4fa4-a97d-d965ccfc6d4b" outcome="Passed" testListId="8c84fa94-04c1-424b-9868-57a2d4851a1d" relativeResultsDirectory="e85e22c3-edad-487e-b00a-5c57ed2d099c" />
    <UnitTestResult executionId="21de5329-505d-4404-b726-6acf981a6f43" testId="530bd776-bb5e-db46-0c08-27e58ba5835c" testName="TestImportingByJoiningProperty" computerName="PRANAY-TEST" duration="00:00:59.6052893" startTime="2014-08-08T11:46:03.2608691-07:00" endTime="2014-08-08T11:47:02.8628691-07:00" testType="13cdc9d9-ddb5-4fa4-a97d-d965ccfc6d4b" outcome="Failed" testListId="8c84fa94-04c1-424b-9868-57a2d4851a1d" relativeResultsDirectory="21de5329-505d-4404-b726-6acf981a6f43">
      <Output>
        <ErrorInfo>
          <Message>Test method Microsoft.ActiveDirectory.Connector.Test.MicrosoftOnlineDirectoryServiceGraphProxyAdapterUnitTest.TestImportingByJoiningProperty threw exception: 
System.InvalidOperationException: Sequence contains no matching element</Message>
          <StackTrace>    at System.Linq.Enumerable.Single[TSource](IEnumerable`1 source, Func`2 predicate)
   at Microsoft.ActiveDirectory.Connector.MicrosoftOnlineDirectoryServiceProxyAdapterGraph.IdentifyDefaultDomain() in f:\src\Adiam_Cloud_Nightly_Tester\sources\dev\Services\SyncFabric\Controller\RunProfile\AzureDirectory\MicrosoftOnlineDirectoryServiceProxyAdapterGraph.cs:line 884
   at System.Threading.LazyInitializer.EnsureInitializedCore[T](T&amp; target, Func`1 valueFactory)
   at System.Threading.LazyInitializer.EnsureInitialized[T](T&amp; target, Func`1 valueFactory)
   at Microsoft.ActiveDirectory.Connector.MicrosoftOnlineDirectoryServiceProxyAdapterGraph.get_DefaultDomain() in f:\src\Adiam_Cloud_Nightly_Tester\sources\dev\Services\SyncFabric\Controller\RunProfile\AzureDirectory\MicrosoftOnlineDirectoryServiceProxyAdapterGraph.cs:line 186
   at Microsoft.ActiveDirectory.Connector.MicrosoftOnlineDirectoryServiceProxyAdapterGraph.&lt;DoImport&gt;d__3d.MoveNext() in f:\src\Adiam_Cloud_Nightly_Tester\sources\dev\Services\SyncFabric\Controller\RunProfile\AzureDirectory\MicrosoftOnlineDirectoryServiceProxyAdapterGraph.cs:line 390
   at Microsoft.ActiveDirectory.Connector.ProxyAdapterTemplate.&lt;Import&gt;d__1e.MoveNext() in f:\src\Adiam_Cloud_Nightly_Tester\sources\dev\Services\SyncFabric\Controller\RunProfile\ProxyAdapterTemplate.cs:line 542
   at System.Linq.Enumerable.Any[TSource](IEnumerable`1 source)
   at Microsoft.ActiveDirectory.Connector.Test.MicrosoftOnlineDirectoryServiceGraphProxyAdapterUnitTest.TestImportingByJoiningProperty(IProxyAdapter proxy) in f:\src\Adiam_Cloud_Nightly_Tester\sources\test\Services\SyncFabric\Controller\UnitTests\TestMsodsGraphProxyAdapter\MicrosoftOnlineDirectoryServiceGraphProxyAdapterUnitTest.cs:line 630
   at Microsoft.ActiveDirectory.Connector.Test.MicrosoftOnlineDirectoryServiceGraphProxyAdapterUnitTest.ExecuteTest(Action`1 test, PerformanceCounterCategoryFacade counters) in f:\src\Adiam_Cloud_Nightly_Tester\sources\test\Services\SyncFabric\Controller\UnitTests\TestMsodsGraphProxyAdapter\MicrosoftOnlineDirectoryServiceGraphProxyAdapterUnitTest.cs:line 1746
   at Microsoft.ActiveDirectory.Connector.Test.MicrosoftOnlineDirectoryServiceGraphProxyAdapterUnitTest.TestImportingByJoiningProperty() in f:\src\Adiam_Cloud_Nightly_Tester\sources\test\Services\SyncFabric\Controller\UnitTests\TestMsodsGraphProxyAdapter\MicrosoftOnlineDirectoryServiceGraphProxyAdapterUnitTest.cs:line 2400
</StackTrace>
        </ErrorInfo>
      </Output>
    </UnitTestResult>
    <UnitTestResult executionId="65f120a2-ef38-4444-a52d-0566e3d7e1bc" testId="d69cacd7-76cd-e3b3-0b3e-beb0b1e9e32c" testName="TestImportingDeltas" computerName="PRANAY-TEST" duration="00:03:17.7614204" startTime="2014-08-08T11:47:02.8758691-07:00" endTime="2014-08-08T11:50:20.6268691-07:00" testType="13cdc9d9-ddb5-4fa4-a97d-d965ccfc6d4b" outcome="Passed" testListId="8c84fa94-04c1-424b-9868-57a2d4851a1d" relativeResultsDirectory="65f120a2-ef38-4444-a52d-0566e3d7e1bc" />
    <UnitTestResult executionId="8d295a3b-9551-4d01-95d1-e417b31f0d01" testId="b8d8be7b-85e8-23ce-f926-1d21f70bed79" testName="TestImportingPluralAttributes" computerName="PRANAY-TEST" duration="00:03:57.8699631" startTime="2014-08-08T11:50:20.6378691-07:00" endTime="2014-08-08T11:54:18.4948691-07:00" testType="13cdc9d9-ddb5-4fa4-a97d-d965ccfc6d4b" outcome="Passed" testListId="8c84fa94-04c1-424b-9868-57a2d4851a1d" relativeResultsDirectory="8d295a3b-9551-4d01-95d1-e417b31f0d01" />
    <UnitTestResult executionId="7ef8c01f-fd3c-4cd1-a6b9-ee10ccda7389" testId="db6f10f8-6eea-e6a6-0b10-5df452de536b" testName="TestImportingReferences" computerName="PRANAY-TEST" duration="00:02:32.2169765" startTime="2014-08-08T11:54:18.5058691-07:00" endTime="2014-08-08T11:56:50.7148691-07:00" testType="13cdc9d9-ddb5-4fa4-a97d-d965ccfc6d4b" outcome="Passed" testListId="8c84fa94-04c1-424b-9868-57a2d4851a1d" relativeResultsDirectory="7ef8c01f-fd3c-4cd1-a6b9-ee10ccda7389" />
    <UnitTestResult executionId="ad77842c-de74-4b4f-babd-cc2af0ebad92" testId="0de871b3-8216-81a4-99e8-8422673d63fc" testName="TestImportingSoftDeletes" computerName="PRANAY-TEST" duration="00:02:42.5222707" startTime="2014-08-08T11:56:50.7268691-07:00" endTime="2014-08-08T11:59:33.2408691-07:00" testType="13cdc9d9-ddb5-4fa4-a97d-d965ccfc6d4b" outcome="Passed" testListId="8c84fa94-04c1-424b-9868-57a2d4851a1d" relativeResultsDirectory="ad77842c-de74-4b4f-babd-cc2af0ebad92" />
    <UnitTestResult executionId="3e11cb86-f159-40ae-8d0e-84cbc447b907" testId="f8603f2f-c400-71f6-18e9-dc2a12f786fb" testName="TestImportingSystemObjects" computerName="PRANAY-TEST" duration="00:00:01.1135910" startTime="2014-08-08T11:59:33.2518691-07:00" endTime="2014-08-08T11:59:34.3668691-07:00" testType="13cdc9d9-ddb5-4fa4-a97d-d965ccfc6d4b" outcome="Passed" testListId="8c84fa94-04c1-424b-9868-57a2d4851a1d" relativeResultsDirectory="3e11cb86-f159-40ae-8d0e-84cbc447b907" />
    <UnitTestResult executionId="5d1d6c93-3b67-4f18-b01f-5898c8e3c959" testId="ab8de816-35c8-4afc-3718-aa6e536880d5" testName="TestImportingTenantDetail" computerName="PRANAY-TEST" duration="00:00:00.0534131" startTime="2014-08-08T11:59:34.3688691-07:00" endTime="2014-08-08T11:59:34.4228691-07:00" testType="13cdc9d9-ddb5-4fa4-a97d-d965ccfc6d4b" outcome="Failed" testListId="8c84fa94-04c1-424b-9868-57a2d4851a1d" relativeResultsDirectory="5d1d6c93-3b67-4f18-b01f-5898c8e3c959">
      <Output>
        <ErrorInfo>
          <Message>Assert.IsTrue failed. </Message>
          <StackTrace>   at Microsoft.ActiveDirectory.Connector.Test.MicrosoftOnlineDirectoryServiceGraphProxyAdapterUnitTest.TestImportingTenantDetail() in f:\src\Adiam_Cloud_Nightly_Tester\sources\test\Services\SyncFabric\Controller\UnitTests\TestMsodsGraphProxyAdapter\MicrosoftOnlineDirectoryServiceGraphProxyAdapterUnitTest.cs:line 2605
</StackTrace>
        </ErrorInfo>
      </Output>
    </UnitTestResult>
  </Results>
  <TestDefinitions>
    <UnitTest name="TestDifferentialQueryWatermark" storage="f:\src\adiam_cloud_nightly_tester\bins\debug\amd64\syncfabric\tests\testintegrationenvironment\microsoft.activedirectory.connector.test.testmicrosoftgraphproxyadapter.dll" id="d54a60cc-1693-e88f-0a93-3cd5bb956a43">
      <Execution id="7ea1c2c0-1755-4195-9f29-de21af269d98" />
      <TestMethod codeBase="f:\src\Adiam_Cloud_Nightly_Tester\bins\debug\amd64\SyncFabric\Tests\TestIntegrationEnvironment\Microsoft.ActiveDirectory.Connector.Test.TestMicrosoftGraphProxyAdapter.dll" adapterTypeName="Microsoft.VisualStudio.TestTools.TestTypes.Unit.UnitTestAdapter" className="Microsoft.ActiveDirectory.Connector.Test.MicrosoftOnlineDirectoryServiceGraphProxyAdapterUnitTest" name="TestDifferentialQueryWatermark" />
    </UnitTest>
    <UnitTest name="TestDeltaImport" storage="f:\src\adiam_cloud_nightly_tester\bins\debug\amd64\syncfabric\tests\testintegrationenvironment\microsoft.activedirectory.connector.test.testmicrosoftgraphproxyadapter.dll" id="6d99f68a-c9a0-e966-8a8b-e7c4a7f11fdc">
      <Execution id="3d9afec0-2669-4c09-b246-cd2d5b961102" />
      <TestMethod codeBase="f:\src\Adiam_Cloud_Nightly_Tester\bins\debug\amd64\SyncFabric\Tests\TestIntegrationEnvironment\Microsoft.ActiveDirectory.Connector.Test.TestMicrosoftGraphProxyAdapter.dll" adapterTypeName="Microsoft.VisualStudio.TestTools.TestTypes.Unit.UnitTestAdapter" className="Microsoft.ActiveDirectory.Connector.Test.MicrosoftOnlineDirectoryServiceGraphProxyAdapterUnitTest" name="TestDeltaImport" />
    </UnitTest>
    <UnitTest name="TestExport" storage="f:\src\adiam_cloud_nightly_tester\bins\debug\amd64\syncfabric\tests\testintegrationenvironment\microsoft.activedirectory.connector.test.testmicrosoftgraphproxyadapter.dll" id="8ea3f5d9-be79-50f8-78ac-1ac4d6d30ab7">
      <Execution id="86273a5b-2874-440e-9a08-989fb466a10a" />
      <TestMethod codeBase="f:\src\Adiam_Cloud_Nightly_Tester\bins\debug\amd64\SyncFabric\Tests\TestIntegrationEnvironment\Microsoft.ActiveDirectory.Connector.Test.TestMicrosoftGraphProxyAdapter.dll" adapterTypeName="Microsoft.VisualStudio.TestTools.TestTypes.Unit.UnitTestAdapter" className="Microsoft.ActiveDirectory.Connector.Test.MicrosoftOnlineDirectoryServiceGraphProxyAdapterUnitTest" name="TestExport" />
    </UnitTest>
    <UnitTest name="TestImportFullBoxOutboundProfile" storage="f:\src\adiam_cloud_nightly_tester\bins\debug\amd64\syncfabric\tests\testintegrationenvironment\microsoft.activedirectory.connector.test.testmicrosoftgraphproxyadapter.dll" id="fc02a497-819a-3f32-2224-23488af73a07">
      <Execution id="5e7d5788-b78d-41b5-8a16-833302cfdb6f" />
      <TestMethod codeBase="f:\src\Adiam_Cloud_Nightly_Tester\bins\debug\amd64\SyncFabric\Tests\TestIntegrationEnvironment\Microsoft.ActiveDirectory.Connector.Test.TestMicrosoftGraphProxyAdapter.dll" adapterTypeName="Microsoft.VisualStudio.TestTools.TestTypes.Unit.UnitTestAdapter" className="Microsoft.ActiveDirectory.Connector.Test.MicrosoftOnlineDirectoryServiceGraphProxyAdapterUnitTest" name="TestImportFullBoxOutboundProfile" />
    </UnitTest>
    <UnitTest name="TestImportFullSalesForceOutboundProfile" storage="f:\src\adiam_cloud_nightly_tester\bins\debug\amd64\syncfabric\tests\testintegrationenvironment\microsoft.activedirectory.connector.test.testmicrosoftgraphproxyadapter.dll" id="e1c4a37f-8828-fd4e-cd61-cc5c2bcbf4ff">
      <Execution id="e85e22c3-edad-487e-b00a-5c57ed2d099c" />
      <TestMethod codeBase="f:\src\Adiam_Cloud_Nightly_Tester\bins\debug\amd64\SyncFabric\Tests\TestIntegrationEnvironment\Microsoft.ActiveDirectory.Connector.Test.TestMicrosoftGraphProxyAdapter.dll" adapterTypeName="Microsoft.VisualStudio.TestTools.TestTypes.Unit.UnitTestAdapter" className="Microsoft.ActiveDirectory.Connector.Test.MicrosoftOnlineDirectoryServiceGraphProxyAdapterUnitTest" name="TestImportFullSalesForceOutboundProfile" />
    </UnitTest>
    <UnitTest name="TestImportingByJoiningProperty" storage="f:\src\adiam_cloud_nightly_tester\bins\debug\amd64\syncfabric\tests\testintegrationenvironment\microsoft.activedirectory.connector.test.testmicrosoftgraphproxyadapter.dll" id="530bd776-bb5e-db46-0c08-27e58ba5835c">
      <Execution id="21de5329-505d-4404-b726-6acf981a6f43" />
      <TestMethod codeBase="f:\src\Adiam_Cloud_Nightly_Tester\bins\debug\amd64\SyncFabric\Tests\TestIntegrationEnvironment\Microsoft.ActiveDirectory.Connector.Test.TestMicrosoftGraphProxyAdapter.dll" adapterTypeName="Microsoft.VisualStudio.TestTools.TestTypes.Unit.UnitTestAdapter" className="Microsoft.ActiveDirectory.Connector.Test.MicrosoftOnlineDirectoryServiceGraphProxyAdapterUnitTest" name="TestImportingByJoiningProperty" />
    </UnitTest>
    <UnitTest name="TestImportingDeltas" storage="f:\src\adiam_cloud_nightly_tester\bins\debug\amd64\syncfabric\tests\testintegrationenvironment\microsoft.activedirectory.connector.test.testmicrosoftgraphproxyadapter.dll" id="d69cacd7-76cd-e3b3-0b3e-beb0b1e9e32c">
      <Execution id="65f120a2-ef38-4444-a52d-0566e3d7e1bc" />
      <TestMethod codeBase="f:\src\Adiam_Cloud_Nightly_Tester\bins\debug\amd64\SyncFabric\Tests\TestIntegrationEnvironment\Microsoft.ActiveDirectory.Connector.Test.TestMicrosoftGraphProxyAdapter.dll" adapterTypeName="Microsoft.VisualStudio.TestTools.TestTypes.Unit.UnitTestAdapter" className="Microsoft.ActiveDirectory.Connector.Test.MicrosoftOnlineDirectoryServiceGraphProxyAdapterUnitTest" name="TestImportingDeltas" />
    </UnitTest>
    <UnitTest name="TestImportingPluralAttributes" storage="f:\src\adiam_cloud_nightly_tester\bins\debug\amd64\syncfabric\tests\testintegrationenvironment\microsoft.activedirectory.connector.test.testmicrosoftgraphproxyadapter.dll" id="b8d8be7b-85e8-23ce-f926-1d21f70bed79">
      <Execution id="8d295a3b-9551-4d01-95d1-e417b31f0d01" />
      <TestMethod codeBase="f:\src\Adiam_Cloud_Nightly_Tester\bins\debug\amd64\SyncFabric\Tests\TestIntegrationEnvironment\Microsoft.ActiveDirectory.Connector.Test.TestMicrosoftGraphProxyAdapter.dll" adapterTypeName="Microsoft.VisualStudio.TestTools.TestTypes.Unit.UnitTestAdapter" className="Microsoft.ActiveDirectory.Connector.Test.MicrosoftOnlineDirectoryServiceGraphProxyAdapterUnitTest" name="TestImportingPluralAttributes" />
    </UnitTest>
    <UnitTest name="TestImportingReferences" storage="f:\src\adiam_cloud_nightly_tester\bins\debug\amd64\syncfabric\tests\testintegrationenvironment\microsoft.activedirectory.connector.test.testmicrosoftgraphproxyadapter.dll" id="db6f10f8-6eea-e6a6-0b10-5df452de536b">
      <Execution id="7ef8c01f-fd3c-4cd1-a6b9-ee10ccda7389" />
      <TestMethod codeBase="f:\src\Adiam_Cloud_Nightly_Tester\bins\debug\amd64\SyncFabric\Tests\TestIntegrationEnvironment\Microsoft.ActiveDirectory.Connector.Test.TestMicrosoftGraphProxyAdapter.dll" adapterTypeName="Microsoft.VisualStudio.TestTools.TestTypes.Unit.UnitTestAdapter" className="Microsoft.ActiveDirectory.Connector.Test.MicrosoftOnlineDirectoryServiceGraphProxyAdapterUnitTest" name="TestImportingReferences" />
    </UnitTest>
    <UnitTest name="TestImportingSoftDeletes" storage="f:\src\adiam_cloud_nightly_tester\bins\debug\amd64\syncfabric\tests\testintegrationenvironment\microsoft.activedirectory.connector.test.testmicrosoftgraphproxyadapter.dll" id="0de871b3-8216-81a4-99e8-8422673d63fc">
      <Execution id="ad77842c-de74-4b4f-babd-cc2af0ebad92" />
      <TestMethod codeBase="f:\src\Adiam_Cloud_Nightly_Tester\bins\debug\amd64\SyncFabric\Tests\TestIntegrationEnvironment\Microsoft.ActiveDirectory.Connector.Test.TestMicrosoftGraphProxyAdapter.dll" adapterTypeName="Microsoft.VisualStudio.TestTools.TestTypes.Unit.UnitTestAdapter" className="Microsoft.ActiveDirectory.Connector.Test.MicrosoftOnlineDirectoryServiceGraphProxyAdapterUnitTest" name="TestImportingSoftDeletes" />
    </UnitTest>
    <UnitTest name="TestImportingSystemObjects" storage="f:\src\adiam_cloud_nightly_tester\bins\debug\amd64\syncfabric\tests\testintegrationenvironment\microsoft.activedirectory.connector.test.testmicrosoftgraphproxyadapter.dll" id="f8603f2f-c400-71f6-18e9-dc2a12f786fb">
      <Execution id="3e11cb86-f159-40ae-8d0e-84cbc447b907" />
      <TestMethod codeBase="f:\src\Adiam_Cloud_Nightly_Tester\bins\debug\amd64\SyncFabric\Tests\TestIntegrationEnvironment\Microsoft.ActiveDirectory.Connector.Test.TestMicrosoftGraphProxyAdapter.dll" adapterTypeName="Microsoft.VisualStudio.TestTools.TestTypes.Unit.UnitTestAdapter" className="Microsoft.ActiveDirectory.Connector.Test.MicrosoftOnlineDirectoryServiceGraphProxyAdapterUnitTest" name="TestImportingSystemObjects" />
    </UnitTest>
    <UnitTest name="TestImportingTenantDetail" storage="f:\src\adiam_cloud_nightly_tester\bins\debug\amd64\syncfabric\tests\testintegrationenvironment\microsoft.activedirectory.connector.test.testmicrosoftgraphproxyadapter.dll" id="ab8de816-35c8-4afc-3718-aa6e536880d5">
      <Execution id="5d1d6c93-3b67-4f18-b01f-5898c8e3c959" />
      <TestMethod codeBase="f:\src\Adiam_Cloud_Nightly_Tester\bins\debug\amd64\SyncFabric\Tests\TestIntegrationEnvironment\Microsoft.ActiveDirectory.Connector.Test.TestMicrosoftGraphProxyAdapter.dll" adapterTypeName="Microsoft.VisualStudio.TestTools.TestTypes.Unit.UnitTestAdapter" className="Microsoft.ActiveDirectory.Connector.Test.MicrosoftOnlineDirectoryServiceGraphProxyAdapterUnitTest" name="TestImportingTenantDetail" />
    </UnitTest>
  </TestDefinitions>
  <TestEntries>
    <TestEntry testId="d54a60cc-1693-e88f-0a93-3cd5bb956a43" executionId="7ea1c2c0-1755-4195-9f29-de21af269d98" testListId="8c84fa94-04c1-424b-9868-57a2d4851a1d" />
    <TestEntry testId="6d99f68a-c9a0-e966-8a8b-e7c4a7f11fdc" executionId="3d9afec0-2669-4c09-b246-cd2d5b961102" testListId="8c84fa94-04c1-424b-9868-57a2d4851a1d" />
    <TestEntry testId="8ea3f5d9-be79-50f8-78ac-1ac4d6d30ab7" executionId="86273a5b-2874-440e-9a08-989fb466a10a" testListId="8c84fa94-04c1-424b-9868-57a2d4851a1d" />
    <TestEntry testId="fc02a497-819a-3f32-2224-23488af73a07" executionId="5e7d5788-b78d-41b5-8a16-833302cfdb6f" testListId="8c84fa94-04c1-424b-9868-57a2d4851a1d" />
    <TestEntry testId="e1c4a37f-8828-fd4e-cd61-cc5c2bcbf4ff" executionId="e85e22c3-edad-487e-b00a-5c57ed2d099c" testListId="8c84fa94-04c1-424b-9868-57a2d4851a1d" />
    <TestEntry testId="530bd776-bb5e-db46-0c08-27e58ba5835c" executionId="21de5329-505d-4404-b726-6acf981a6f43" testListId="8c84fa94-04c1-424b-9868-57a2d4851a1d" />
    <TestEntry testId="d69cacd7-76cd-e3b3-0b3e-beb0b1e9e32c" executionId="65f120a2-ef38-4444-a52d-0566e3d7e1bc" testListId="8c84fa94-04c1-424b-9868-57a2d4851a1d" />
    <TestEntry testId="b8d8be7b-85e8-23ce-f926-1d21f70bed79" executionId="8d295a3b-9551-4d01-95d1-e417b31f0d01" testListId="8c84fa94-04c1-424b-9868-57a2d4851a1d" />
    <TestEntry testId="db6f10f8-6eea-e6a6-0b10-5df452de536b" executionId="7ef8c01f-fd3c-4cd1-a6b9-ee10ccda7389" testListId="8c84fa94-04c1-424b-9868-57a2d4851a1d" />
    <TestEntry testId="0de871b3-8216-81a4-99e8-8422673d63fc" executionId="ad77842c-de74-4b4f-babd-cc2af0ebad92" testListId="8c84fa94-04c1-424b-9868-57a2d4851a1d" />
    <TestEntry testId="f8603f2f-c400-71f6-18e9-dc2a12f786fb" executionId="3e11cb86-f159-40ae-8d0e-84cbc447b907" testListId="8c84fa94-04c1-424b-9868-57a2d4851a1d" />
    <TestEntry testId="ab8de816-35c8-4afc-3718-aa6e536880d5" executionId="5d1d6c93-3b67-4f18-b01f-5898c8e3c959" testListId="8c84fa94-04c1-424b-9868-57a2d4851a1d" />
  </TestEntries>
  <TestLists>
    <TestList name="Results Not in a List" id="8c84fa94-04c1-424b-9868-57a2d4851a1d" />
    <TestList name="All Loaded Results" id="19431567-8539-422a-85d7-44ee4e166bda" />
  </TestLists>
  <ResultSummary outcome="Failed">
    <Counters total="12" executed="12" passed="10" failed="2" error="0" timeout="0" aborted="0" inconclusive="0" passedButRunAborted="0" notRunnable="0" notExecuted="0" disconnected="0" warning="0" completed="0" inProgress="0" pending="0" />
  </ResultSummary>
</TestRun>