<?xml version="1.0" encoding="UTF-8"?>
<TestRun id="f53cef71-98ec-4765-b6c3-5c004c687afa" name="pranayp@PRANAY-TEST 2014-08-08 11:39:23" runUser="REDMOND\pranayp" xmlns="http://microsoft.com/schemas/VisualStudio/TeamTest/2010">
  <Times creation="2014-08-08T11:39:23.7938691-07:00" queuing="2014-08-08T11:39:23.7938691-07:00" start="2014-08-08T11:39:23.7998691-07:00" finish="2014-08-08T11:42:29.9668691-07:00" />
  <TestSettings name="default" id="19535996-2c69-4816-b95e-fb65d1711ac4">
    <Execution>
      <TestTypeSpecific />
    </Execution>
    <Deployment runDeploymentRoot="pranayp_PRANAY-TEST 2014-08-08 11_39_23" />
  </TestSettings>
  <Results>
    <UnitTestResult executionId="8816a4da-58da-44ee-ac57-90f09cd4bad9" testId="c836e576-0f71-7f0e-53a5-57acc6dc6284" testName="PerformanceScaleSalesforceScenarioTestRunProfileExecution" computerName="PRANAY-TEST" duration="00:00:26.8527178" startTime="2014-08-08T11:38:56.3858691-07:00" endTime="2014-08-08T11:39:23.6168691-07:00" testType="13cdc9d9-ddb5-4fa4-a97d-d965ccfc6d4b" outcome="Passed" testListId="8c84fa94-04c1-424b-9868-57a2d4851a1d" relativeResultsDirectory="8816a4da-58da-44ee-ac57-90f09cd4bad9" />
    <UnitTestResult executionId="1a28388a-c9c2-4299-9a9e-8c56b63998b1" testId="e308f587-625a-831a-d20a-eb69ba7be13c" testName="TestOutboundProvisioning" computerName="PRANAY-TEST" duration="00:01:19.9696865" startTime="2014-08-08T11:39:23.7908691-07:00" endTime="2014-08-08T11:40:43.7578691-07:00" testType="13cdc9d9-ddb5-4fa4-a97d-d965ccfc6d4b" outcome="Passed" testListId="8c84fa94-04c1-424b-9868-57a2d4851a1d" relativeResultsDirectory="1a28388a-c9c2-4299-9a9e-8c56b63998b1" />
    <UnitTestResult executionId="1e797a45-a2fe-4f85-8233-aa1d721e855c" testId="ef168c4e-ac87-78c4-a831-e03e6abfeb17" testName="TestOutboundProvisioningProfileFull" computerName="PRANAY-TEST" duration="00:00:28.4843647" startTime="2014-08-08T11:40:43.7828691-07:00" endTime="2014-08-08T11:41:12.2668691-07:00" testType="13cdc9d9-ddb5-4fa4-a97d-d965ccfc6d4b" outcome="Passed" testListId="8c84fa94-04c1-424b-9868-57a2d4851a1d" relativeResultsDirectory="1e797a45-a2fe-4f85-8233-aa1d721e855c" />
    <UnitTestResult executionId="1ac6d165-19f4-4068-8a5f-4c9f56666697" testId="6bf88a82-0f93-8616-bf65-9701b0c2b7c8" testName="TestOutboundProvisioningProfileWithException" computerName="PRANAY-TEST" duration="00:00:24.2344189" startTime="2014-08-08T11:41:12.2808691-07:00" endTime="2014-08-08T11:41:36.5148691-07:00" testType="13cdc9d9-ddb5-4fa4-a97d-d965ccfc6d4b" outcome="Passed" testListId="8c84fa94-04c1-424b-9868-57a2d4851a1d" relativeResultsDirectory="1ac6d165-19f4-4068-8a5f-4c9f56666697" />
    <UnitTestResult executionId="265906c5-0bf2-4de6-9641-bbfa9558d6d9" testId="41ec8cd2-0829-01cb-39cf-54d3e934ee5a" testName="TestOutboundProvisioningProfileDelta" computerName="PRANAY-TEST" duration="00:00:26.4738119" startTime="2014-08-08T11:41:36.5288691-07:00" endTime="2014-08-08T11:42:03.0028691-07:00" testType="13cdc9d9-ddb5-4fa4-a97d-d965ccfc6d4b" outcome="Passed" testListId="8c84fa94-04c1-424b-9868-57a2d4851a1d" relativeResultsDirectory="265906c5-0bf2-4de6-9641-bbfa9558d6d9" />
    <UnitTestResult executionId="5d8a34cd-b8b9-4eef-9d07-a5c3e187d409" testId="86c8b915-4c57-8408-ef00-ea4926a70ec8" testName="TestOutboundProvisioningProfileDeltaWithInboundEntitlements" computerName="PRANAY-TEST" duration="00:00:25.6485749" startTime="2014-08-08T11:42:03.0148691-07:00" endTime="2014-08-08T11:42:28.6628691-07:00" testType="13cdc9d9-ddb5-4fa4-a97d-d965ccfc6d4b" outcome="Passed" testListId="8c84fa94-04c1-424b-9868-57a2d4851a1d" relativeResultsDirectory="5d8a34cd-b8b9-4eef-9d07-a5c3e187d409" />
  </Results>
  <TestDefinitions>
    <UnitTest name="PerformanceScaleSalesforceScenarioTestRunProfileExecution" storage="f:\src\adiam_cloud_nightly_tester\bins\debug\amd64\syncfabric\tests\testscenariooutboundprovisioningsalesforcefromgraph\microsoft.activedirectory.connector.test.testscenariooutboundsffromgraph.dll" id="c836e576-0f71-7f0e-53a5-57acc6dc6284">
      <Execution id="8816a4da-58da-44ee-ac57-90f09cd4bad9" />
      <TestMethod codeBase="f:\src\Adiam_Cloud_Nightly_Tester\bins\debug\amd64\SyncFabric\Tests\TestScenarioOutboundProvisioningSalesForceFromGraph\Microsoft.ActiveDirectory.Connector.Test.TestScenarioOutboundSFFromGraph.dll" adapterTypeName="Microsoft.VisualStudio.TestTools.TestTypes.Unit.UnitTestAdapter" className="Microsoft.ActiveDirectory.Connector.Test.PerformanceScaleSalesforceScenarioTest" name="PerformanceScaleSalesforceScenarioTestRunProfileExecution" />
    </UnitTest>
    <UnitTest name="TestOutboundProvisioning" storage="f:\src\adiam_cloud_nightly_tester\bins\debug\amd64\syncfabric\tests\testscenariooutboundprovisioningsalesforcefromgraph\microsoft.activedirectory.connector.test.testscenariooutboundsffromgraph.dll" id="e308f587-625a-831a-d20a-eb69ba7be13c">
      <Execution id="1a28388a-c9c2-4299-9a9e-8c56b63998b1" />
      <TestMethod codeBase="f:\src\Adiam_Cloud_Nightly_Tester\bins\debug\amd64\SyncFabric\Tests\TestScenarioOutboundProvisioningSalesForceFromGraph\Microsoft.ActiveDirectory.Connector.Test.TestScenarioOutboundSFFromGraph.dll" adapterTypeName="Microsoft.VisualStudio.TestTools.TestTypes.Unit.UnitTestAdapter" className="Microsoft.ActiveDirectory.Connector.Test.SalesForceOutboundProvisioningFromGraphScenarioTest" name="TestOutboundProvisioning" />
    </UnitTest>
    <UnitTest name="TestOutboundProvisioningProfileFull" storage="f:\src\adiam_cloud_nightly_tester\bins\debug\amd64\syncfabric\tests\testscenariooutboundprovisioningsalesforcefromgraph\microsoft.activedirectory.connector.test.testscenariooutboundsffromgraph.dll" id="ef168c4e-ac87-78c4-a831-e03e6abfeb17">
      <Execution id="1e797a45-a2fe-4f85-8233-aa1d721e855c" />
      <TestMethod codeBase="f:\src\Adiam_Cloud_Nightly_Tester\bins\debug\amd64\SyncFabric\Tests\TestScenarioOutboundProvisioningSalesForceFromGraph\Microsoft.ActiveDirectory.Connector.Test.TestScenarioOutboundSFFromGraph.dll" adapterTypeName="Microsoft.VisualStudio.TestTools.TestTypes.Unit.UnitTestAdapter" className="Microsoft.ActiveDirectory.Connector.Test.SalesForceOutboundProvisioningFromGraphScenarioTest" name="TestOutboundProvisioningProfileFull" />
    </UnitTest>
    <UnitTest name="TestOutboundProvisioningProfileWithException" storage="f:\src\adiam_cloud_nightly_tester\bins\debug\amd64\syncfabric\tests\testscenariooutboundprovisioningsalesforcefromgraph\microsoft.activedirectory.connector.test.testscenariooutboundsffromgraph.dll" id="6bf88a82-0f93-8616-bf65-9701b0c2b7c8">
      <Execution id="1ac6d165-19f4-4068-8a5f-4c9f56666697" />
      <TestMethod codeBase="f:\src\Adiam_Cloud_Nightly_Tester\bins\debug\amd64\SyncFabric\Tests\TestScenarioOutboundProvisioningSalesForceFromGraph\Microsoft.ActiveDirectory.Connector.Test.TestScenarioOutboundSFFromGraph.dll" adapterTypeName="Microsoft.VisualStudio.TestTools.TestTypes.Unit.UnitTestAdapter" className="Microsoft.ActiveDirectory.Connector.Test.SalesForceOutboundProvisioningFromGraphScenarioTest" name="TestOutboundProvisioningProfileWithException" />
    </UnitTest>
    <UnitTest name="TestOutboundProvisioningProfileDelta" storage="f:\src\adiam_cloud_nightly_tester\bins\debug\amd64\syncfabric\tests\testscenariooutboundprovisioningsalesforcefromgraph\microsoft.activedirectory.connector.test.testscenariooutboundsffromgraph.dll" id="41ec8cd2-0829-01cb-39cf-54d3e934ee5a">
      <Execution id="265906c5-0bf2-4de6-9641-bbfa9558d6d9" />
      <TestMethod codeBase="f:\src\Adiam_Cloud_Nightly_Tester\bins\debug\amd64\SyncFabric\Tests\TestScenarioOutboundProvisioningSalesForceFromGraph\Microsoft.ActiveDirectory.Connector.Test.TestScenarioOutboundSFFromGraph.dll" adapterTypeName="Microsoft.VisualStudio.TestTools.TestTypes.Unit.UnitTestAdapter" className="Microsoft.ActiveDirectory.Connector.Test.SalesForceOutboundProvisioningFromGraphScenarioTest" name="TestOutboundProvisioningProfileDelta" />
    </UnitTest>
    <UnitTest name="TestOutboundProvisioningProfileDeltaWithInboundEntitlements" storage="f:\src\adiam_cloud_nightly_tester\bins\debug\amd64\syncfabric\tests\testscenariooutboundprovisioningsalesforcefromgraph\microsoft.activedirectory.connector.test.testscenariooutboundsffromgraph.dll" id="86c8b915-4c57-8408-ef00-ea4926a70ec8">
      <Execution id="5d8a34cd-b8b9-4eef-9d07-a5c3e187d409" />
      <TestMethod codeBase="f:\src\Adiam_Cloud_Nightly_Tester\bins\debug\amd64\SyncFabric\Tests\TestScenarioOutboundProvisioningSalesForceFromGraph\Microsoft.ActiveDirectory.Connector.Test.TestScenarioOutboundSFFromGraph.dll" adapterTypeName="Microsoft.VisualStudio.TestTools.TestTypes.Unit.UnitTestAdapter" className="Microsoft.ActiveDirectory.Connector.Test.SalesForceOutboundProvisioningFromGraphScenarioTest" name="TestOutboundProvisioningProfileDeltaWithInboundEntitlements" />
    </UnitTest>
  </TestDefinitions>
  <TestEntries>
    <TestEntry testId="c836e576-0f71-7f0e-53a5-57acc6dc6284" executionId="8816a4da-58da-44ee-ac57-90f09cd4bad9" testListId="8c84fa94-04c1-424b-9868-57a2d4851a1d" />
    <TestEntry testId="e308f587-625a-831a-d20a-eb69ba7be13c" executionId="1a28388a-c9c2-4299-9a9e-8c56b63998b1" testListId="8c84fa94-04c1-424b-9868-57a2d4851a1d" />
    <TestEntry testId="ef168c4e-ac87-78c4-a831-e03e6abfeb17" executionId="1e797a45-a2fe-4f85-8233-aa1d721e855c" testListId="8c84fa94-04c1-424b-9868-57a2d4851a1d" />
    <TestEntry testId="6bf88a82-0f93-8616-bf65-9701b0c2b7c8" executionId="1ac6d165-19f4-4068-8a5f-4c9f56666697" testListId="8c84fa94-04c1-424b-9868-57a2d4851a1d" />
    <TestEntry testId="41ec8cd2-0829-01cb-39cf-54d3e934ee5a" executionId="265906c5-0bf2-4de6-9641-bbfa9558d6d9" testListId="8c84fa94-04c1-424b-9868-57a2d4851a1d" />
    <TestEntry testId="86c8b915-4c57-8408-ef00-ea4926a70ec8" executionId="5d8a34cd-b8b9-4eef-9d07-a5c3e187d409" testListId="8c84fa94-04c1-424b-9868-57a2d4851a1d" />
  </TestEntries>
  <TestLists>
    <TestList name="Results Not in a List" id="8c84fa94-04c1-424b-9868-57a2d4851a1d" />
    <TestList name="All Loaded Results" id="19431567-8539-422a-85d7-44ee4e166bda" />
  </TestLists>
  <ResultSummary outcome="Completed">
    <Counters total="6" executed="6" passed="6" failed="0" error="0" timeout="0" aborted="0" inconclusive="0" passedButRunAborted="0" notRunnable="0" notExecuted="0" disconnected="0" warning="0" completed="0" inProgress="0" pending="0" />
    <RunInfos>
      <RunInfo computerName="PRANAY-TEST" outcome="Warning" timestamp="2014-08-08T11:38:55.8668691-07:00">
        <Text>Test Run deployment issue: Failed to get the file for deployment item 'ClientCertificate.pfx': System.IO.FileNotFoundException: Could not find file 'f:\src\Adiam_Cloud_Nightly_Tester\bins\debug\amd64\SyncFabric\Tests\TestScenarioOutboundProvisioningSalesForceFromGraph\ClientCertificate.pfx'.</Text>
      </RunInfo>
    </RunInfos>
  </ResultSummary>
</TestRun>