<?xml version="1.0" encoding="UTF-8"?>
<TestRun id="b5b70a8c-7a24-4a4c-9914-f2a30cff5543" name="pranayp@PRANAY-TEST 2014-08-08 11:39:49" runUser="REDMOND\pranayp" xmlns="http://microsoft.com/schemas/VisualStudio/TeamTest/2010">
  <Times creation="2014-08-08T11:39:49.7758691-07:00" queuing="2014-08-08T11:39:49.7758691-07:00" start="2014-08-08T11:39:49.7818691-07:00" finish="2014-08-08T11:39:54.3798691-07:00" />
  <TestSettings name="default" id="ecf628f4-33d4-4f48-a6de-eeac95609998">
    <Execution>
      <TestTypeSpecific />
    </Execution>
    <Deployment runDeploymentRoot="pranayp_PRANAY-TEST 2014-08-08 11_39_49" />
  </TestSettings>
  <Results>
    <UnitTestResult executionId="fe3339a2-70a6-4708-8a6c-d654bb3af110" testId="a7e477ce-f9e6-2282-4a8e-c4ac96f9ed22" testName="TestOutboundProvisioning" computerName="PRANAY-TEST" duration="00:02:01.0144905" startTime="2014-08-08T11:37:36.7148691-07:00" endTime="2014-08-08T11:39:49.7118691-07:00" testType="13cdc9d9-ddb5-4fa4-a97d-d965ccfc6d4b" outcome="Failed" testListId="8c84fa94-04c1-424b-9868-57a2d4851a1d" relativeResultsDirectory="fe3339a2-70a6-4708-8a6c-d654bb3af110">
      <Output>
        <ErrorInfo>
          <Message>Assert.IsNull failed. </Message>
          <StackTrace>   at Microsoft.ActiveDirectory.Connector.Test.ServiceNowOutboundProvisioningScenarioTestBase.TestOutboundProvisioning() in f:\src\Adiam_Cloud_Nightly_Tester\sources\test\Services\SyncFabric\Controller\ScenarioTests\TestScenarioOutboundProvisioningServiceNow\ServiceNowOutboundProvisioningScenarioTestBase.cs:line 53
</StackTrace>
        </ErrorInfo>
      </Output>
    </UnitTestResult>
  </Results>
  <TestDefinitions>
    <UnitTest name="TestOutboundProvisioning" storage="f:\src\adiam_cloud_nightly_tester\bins\debug\amd64\syncfabric\tests\testscenariooutboundprovisioningservicenow\microsoft.activedirectory.connector.test.testscenariooutboundsn.dll" id="a7e477ce-f9e6-2282-4a8e-c4ac96f9ed22">
      <Execution id="fe3339a2-70a6-4708-8a6c-d654bb3af110" />
      <TestMethod codeBase="f:\src\Adiam_Cloud_Nightly_Tester\bins\debug\amd64\SyncFabric\Tests\TestScenarioOutboundProvisioningServiceNow\Microsoft.ActiveDirectory.Connector.Test.TestScenarioOutboundSN.dll" adapterTypeName="Microsoft.VisualStudio.TestTools.TestTypes.Unit.UnitTestAdapter" className="Microsoft.ActiveDirectory.Connector.Test.ServiceNowOutboundProvisioningScenarioTest" name="TestOutboundProvisioning" />
    </UnitTest>
  </TestDefinitions>
  <TestEntries>
    <TestEntry testId="a7e477ce-f9e6-2282-4a8e-c4ac96f9ed22" executionId="fe3339a2-70a6-4708-8a6c-d654bb3af110" testListId="8c84fa94-04c1-424b-9868-57a2d4851a1d" />
  </TestEntries>
  <TestLists>
    <TestList name="Results Not in a List" id="8c84fa94-04c1-424b-9868-57a2d4851a1d" />
    <TestList name="All Loaded Results" id="19431567-8539-422a-85d7-44ee4e166bda" />
  </TestLists>
  <ResultSummary outcome="Failed">
    <Counters total="1" executed="1" passed="0" failed="1" error="0" timeout="0" aborted="0" inconclusive="0" passedButRunAborted="0" notRunnable="0" notExecuted="0" disconnected="0" warning="0" completed="0" inProgress="0" pending="0" />
  </ResultSummary>
</TestRun>