<?xml version="1.0" encoding="UTF-8"?>
<TestRun id="658f83bb-858c-45bf-bba0-49e63da0c764" name="pranayp@PRANAY-TEST 2014-08-08 11:41:46" runUser="REDMOND\pranayp" xmlns="http://microsoft.com/schemas/VisualStudio/TeamTest/2010">
  <Times creation="2014-08-08T11:41:46.5288691-07:00" queuing="2014-08-08T11:41:46.5288691-07:00" start="2014-08-08T11:41:46.5338691-07:00" finish="2014-08-08T11:41:47.5778691-07:00" />
  <TestSettings name="default" id="094d455b-afa7-4424-b21b-605d2c8a622c">
    <Execution>
      <TestTypeSpecific />
    </Execution>
    <Deployment runDeploymentRoot="pranayp_PRANAY-TEST 2014-08-08 11_41_46" />
  </TestSettings>
  <Results>
    <UnitTestResult executionId="ff7531ff-5e68-4545-b65e-14e9a27420ce" testId="87227436-3e9e-5e9c-161b-25d02aa8c1cc" testName="TestResumeMonitoringQueue" computerName="PRANAY-TEST" duration="00:04:07.7262426" startTime="2014-08-08T11:37:38.6428691-07:00" endTime="2014-08-08T11:41:46.4048691-07:00" testType="13cdc9d9-ddb5-4fa4-a97d-d965ccfc6d4b" outcome="Passed" testListId="8c84fa94-04c1-424b-9868-57a2d4851a1d" relativeResultsDirectory="ff7531ff-5e68-4545-b65e-14e9a27420ce" />
  </Results>
  <TestDefinitions>
    <UnitTest name="TestResumeMonitoringQueue" storage="f:\src\adiam_cloud_nightly_tester\bins\debug\amd64\syncfabric\tests\testcloudqueueadapterservicebusresumption\microsoft.activedirectory.connector.test.testcloudqueueadapterservicebusresumption.dll" id="87227436-3e9e-5e9c-161b-25d02aa8c1cc">
      <Execution id="ff7531ff-5e68-4545-b65e-14e9a27420ce" />
      <TestMethod codeBase="f:\src\Adiam_Cloud_Nightly_Tester\bins\debug\amd64\SyncFabric\Tests\TestCloudQueueAdapterServiceBusResumption\Microsoft.ActiveDirectory.Connector.Test.TestCloudQueueAdapterServiceBusResumption.dll" adapterTypeName="Microsoft.VisualStudio.TestTools.TestTypes.Unit.UnitTestAdapter" className="Microsoft.ActiveDirectory.Connector.Test.CloudQueueAdapterServiceBusUnitTestResumption" name="TestResumeMonitoringQueue" />
    </UnitTest>
  </TestDefinitions>
  <TestEntries>
    <TestEntry testId="87227436-3e9e-5e9c-161b-25d02aa8c1cc" executionId="ff7531ff-5e68-4545-b65e-14e9a27420ce" testListId="8c84fa94-04c1-424b-9868-57a2d4851a1d" />
  </TestEntries>
  <TestLists>
    <TestList name="Results Not in a List" id="8c84fa94-04c1-424b-9868-57a2d4851a1d" />
    <TestList name="All Loaded Results" id="19431567-8539-422a-85d7-44ee4e166bda" />
  </TestLists>
  <ResultSummary outcome="Completed">
    <Counters total="1" executed="1" passed="1" failed="0" error="0" timeout="0" aborted="0" inconclusive="0" passedButRunAborted="0" notRunnable="0" notExecuted="0" disconnected="0" warning="0" completed="0" inProgress="0" pending="0" />
  </ResultSummary>
</TestRun>