<?xml version="1.0" encoding="UTF-8"?>
<TestRun id="01f54926-5522-4699-8f0d-963e0c09bdb8" name="pranayp@PRANAY-TEST 2014-08-08 11:38:14" runUser="REDMOND\pranayp" xmlns="http://microsoft.com/schemas/VisualStudio/TeamTest/2010">
  <Times creation="2014-08-08T11:38:14.7408691-07:00" queuing="2014-08-08T11:38:14.7408691-07:00" start="2014-08-08T11:38:14.7458691-07:00" finish="2014-08-08T11:38:59.1948691-07:00" />
  <TestSettings name="default" id="5b45ec92-fce1-4023-bdc3-ebfb172643bc">
    <Execution>
      <TestTypeSpecific />
    </Execution>
    <Deployment runDeploymentRoot="pranayp_PRANAY-TEST 2014-08-08 11_38_14" />
  </TestSettings>
  <Results>
    <UnitTestResult executionId="b375864b-3172-47ad-a86a-e4facd461d1a" testId="bfcb452d-d63a-d378-eb12-d5d2fbc6ea05" testName="TestQuickBooksProxyAdapterImportByAnchor" computerName="PRANAY-TEST" duration="00:00:22.8763973" startTime="2014-08-08T11:37:51.7198691-07:00" endTime="2014-08-08T11:38:14.6648691-07:00" testType="13cdc9d9-ddb5-4fa4-a97d-d965ccfc6d4b" outcome="Passed" testListId="8c84fa94-04c1-424b-9868-57a2d4851a1d" relativeResultsDirectory="b375864b-3172-47ad-a86a-e4facd461d1a" />
  </Results>
  <TestDefinitions>
    <UnitTest name="TestQuickBooksProxyAdapterImportByAnchor" storage="f:\src\adiam_cloud_nightly_tester\bins\debug\amd64\syncfabric\tests\testquickbooksproxyadapter\microsoft.activedirectory.connector.test.testquickbooksproxyadapter.dll" id="bfcb452d-d63a-d378-eb12-d5d2fbc6ea05">
      <Execution id="b375864b-3172-47ad-a86a-e4facd461d1a" />
      <TestMethod codeBase="f:\src\Adiam_Cloud_Nightly_Tester\bins\debug\amd64\SyncFabric\Tests\TestQuickBooksProxyAdapter\Microsoft.ActiveDirectory.Connector.Test.TestQuickBooksProxyAdapter.dll" adapterTypeName="Microsoft.VisualStudio.TestTools.TestTypes.Unit.UnitTestAdapter" className="Microsoft.ActiveDirectory.Connector.Test.QuickBooksProxyAdapterUnitTest" name="TestQuickBooksProxyAdapterImportByAnchor" />
    </UnitTest>
  </TestDefinitions>
  <TestEntries>
    <TestEntry testId="bfcb452d-d63a-d378-eb12-d5d2fbc6ea05" executionId="b375864b-3172-47ad-a86a-e4facd461d1a" testListId="8c84fa94-04c1-424b-9868-57a2d4851a1d" />
  </TestEntries>
  <TestLists>
    <TestList name="Results Not in a List" id="8c84fa94-04c1-424b-9868-57a2d4851a1d" />
    <TestList name="All Loaded Results" id="19431567-8539-422a-85d7-44ee4e166bda" />
  </TestLists>
  <ResultSummary outcome="Completed">
    <Counters total="1" executed="1" passed="1" failed="0" error="0" timeout="0" aborted="0" inconclusive="0" passedButRunAborted="0" notRunnable="0" notExecuted="0" disconnected="0" warning="0" completed="0" inProgress="0" pending="0" />
  </ResultSummary>
</TestRun>