<?xml version="1.0" encoding="UTF-8"?>
<TestRun id="034dc6d2-9c21-43e1-8b9b-d91e7840bfff" name="pranayp@PRANAY-TEST 2014-08-08 11:40:37" runUser="REDMOND\pranayp" xmlns="http://microsoft.com/schemas/VisualStudio/TeamTest/2010">
  <Times creation="2014-08-08T11:40:37.7478691-07:00" queuing="2014-08-08T11:40:37.7478691-07:00" start="2014-08-08T11:40:37.7528691-07:00" finish="2014-08-08T11:41:41.1118691-07:00" />
  <TestSettings name="default" id="ff229ace-d1ba-4a86-b086-5015297a5e45">
    <Execution>
      <TestTypeSpecific />
    </Execution>
    <Deployment runDeploymentRoot="pranayp_PRANAY-TEST 2014-08-08 11_40_37" />
  </TestSettings>
  <Results>
    <UnitTestResult executionId="8dc81eba-afc5-4a99-9b5c-db5d9dcd5591" testId="aa7bbb35-ba7c-a656-3bb0-aca6a0df3cc1" testName="TestInitializeError" computerName="PRANAY-TEST" duration="00:03:04.5382475" startTime="2014-08-08T11:37:33.0358691-07:00" endTime="2014-08-08T11:40:37.6888691-07:00" testType="13cdc9d9-ddb5-4fa4-a97d-d965ccfc6d4b" outcome="Passed" testListId="8c84fa94-04c1-424b-9868-57a2d4851a1d" relativeResultsDirectory="8dc81eba-afc5-4a99-9b5c-db5d9dcd5591" />
    <UnitTestResult executionId="2eb4b52a-8c33-4805-b752-6ccba9e3c8d2" testId="66fff366-0a40-720c-5230-1229347cfe4c" testName="TestAddUserError" computerName="PRANAY-TEST" duration="00:00:08.9945813" startTime="2014-08-08T11:40:37.7478691-07:00" endTime="2014-08-08T11:40:46.7418691-07:00" testType="13cdc9d9-ddb5-4fa4-a97d-d965ccfc6d4b" outcome="Passed" testListId="8c84fa94-04c1-424b-9868-57a2d4851a1d" relativeResultsDirectory="2eb4b52a-8c33-4805-b752-6ccba9e3c8d2" />
    <UnitTestResult executionId="b83abc7d-b1a7-482b-a144-3da3a68dde3c" testId="8c0c2798-7019-6e57-70d5-b03b9711759b" testName="TestDeleteUserError" computerName="PRANAY-TEST" duration="00:00:22.6934978" startTime="2014-08-08T11:40:46.7428691-07:00" endTime="2014-08-08T11:41:09.4348691-07:00" testType="13cdc9d9-ddb5-4fa4-a97d-d965ccfc6d4b" outcome="Passed" testListId="8c84fa94-04c1-424b-9868-57a2d4851a1d" relativeResultsDirectory="b83abc7d-b1a7-482b-a144-3da3a68dde3c" />
    <UnitTestResult executionId="5f22c3ba-97f4-4f92-b65f-9e59fdf104d3" testId="a4742de9-39bf-5d5f-4df7-8c29d6441ab0" testName="TestEnumerateUsersError" computerName="PRANAY-TEST" duration="00:00:07.3802971" startTime="2014-08-08T11:41:09.4358691-07:00" endTime="2014-08-08T11:41:16.8158691-07:00" testType="13cdc9d9-ddb5-4fa4-a97d-d965ccfc6d4b" outcome="Passed" testListId="8c84fa94-04c1-424b-9868-57a2d4851a1d" relativeResultsDirectory="5f22c3ba-97f4-4f92-b65f-9e59fdf104d3" />
    <UnitTestResult executionId="8155cc27-7284-4dd5-b4e6-29b28afb9bc2" testId="df233803-875d-9714-f397-054679fa0b52" testName="TestUpdateUserError" computerName="PRANAY-TEST" duration="00:00:22.8031304" startTime="2014-08-08T11:41:16.8158691-07:00" endTime="2014-08-08T11:41:39.6178691-07:00" testType="13cdc9d9-ddb5-4fa4-a97d-d965ccfc6d4b" outcome="Passed" testListId="8c84fa94-04c1-424b-9868-57a2d4851a1d" relativeResultsDirectory="8155cc27-7284-4dd5-b4e6-29b28afb9bc2" />
  </Results>
  <TestDefinitions>
    <UnitTest name="TestInitializeError" storage="f:\src\adiam_cloud_nightly_tester\bins\debug\amd64\syncfabric\tests\testboxerrorreporting\microsoft.activedirectory.connector.test.testboxerrorreporting.dll" id="aa7bbb35-ba7c-a656-3bb0-aca6a0df3cc1">
      <Execution id="8dc81eba-afc5-4a99-9b5c-db5d9dcd5591" />
      <TestMethod codeBase="f:\src\Adiam_Cloud_Nightly_Tester\bins\debug\amd64\SyncFabric\Tests\TestBoxErrorReporting\Microsoft.ActiveDirectory.Connector.Test.TestBoxErrorReporting.dll" adapterTypeName="Microsoft.VisualStudio.TestTools.TestTypes.Unit.UnitTestAdapter" className="Microsoft.ActiveDirectory.Connector.Test.BoxErrorReportingUnitTest" name="TestInitializeError" />
    </UnitTest>
    <UnitTest name="TestAddUserError" storage="f:\src\adiam_cloud_nightly_tester\bins\debug\amd64\syncfabric\tests\testboxerrorreporting\microsoft.activedirectory.connector.test.testboxerrorreporting.dll" id="66fff366-0a40-720c-5230-1229347cfe4c">
      <Execution id="2eb4b52a-8c33-4805-b752-6ccba9e3c8d2" />
      <TestMethod codeBase="f:\src\Adiam_Cloud_Nightly_Tester\bins\debug\amd64\SyncFabric\Tests\TestBoxErrorReporting\Microsoft.ActiveDirectory.Connector.Test.TestBoxErrorReporting.dll" adapterTypeName="Microsoft.VisualStudio.TestTools.TestTypes.Unit.UnitTestAdapter" className="Microsoft.ActiveDirectory.Connector.Test.BoxErrorReportingUnitTest" name="TestAddUserError" />
    </UnitTest>
    <UnitTest name="TestDeleteUserError" storage="f:\src\adiam_cloud_nightly_tester\bins\debug\amd64\syncfabric\tests\testboxerrorreporting\microsoft.activedirectory.connector.test.testboxerrorreporting.dll" id="8c0c2798-7019-6e57-70d5-b03b9711759b">
      <Execution id="b83abc7d-b1a7-482b-a144-3da3a68dde3c" />
      <TestMethod codeBase="f:\src\Adiam_Cloud_Nightly_Tester\bins\debug\amd64\SyncFabric\Tests\TestBoxErrorReporting\Microsoft.ActiveDirectory.Connector.Test.TestBoxErrorReporting.dll" adapterTypeName="Microsoft.VisualStudio.TestTools.TestTypes.Unit.UnitTestAdapter" className="Microsoft.ActiveDirectory.Connector.Test.BoxErrorReportingUnitTest" name="TestDeleteUserError" />
    </UnitTest>
    <UnitTest name="TestEnumerateUsersError" storage="f:\src\adiam_cloud_nightly_tester\bins\debug\amd64\syncfabric\tests\testboxerrorreporting\microsoft.activedirectory.connector.test.testboxerrorreporting.dll" id="a4742de9-39bf-5d5f-4df7-8c29d6441ab0">
      <Execution id="5f22c3ba-97f4-4f92-b65f-9e59fdf104d3" />
      <TestMethod codeBase="f:\src\Adiam_Cloud_Nightly_Tester\bins\debug\amd64\SyncFabric\Tests\TestBoxErrorReporting\Microsoft.ActiveDirectory.Connector.Test.TestBoxErrorReporting.dll" adapterTypeName="Microsoft.VisualStudio.TestTools.TestTypes.Unit.UnitTestAdapter" className="Microsoft.ActiveDirectory.Connector.Test.BoxErrorReportingUnitTest" name="TestEnumerateUsersError" />
    </UnitTest>
    <UnitTest name="TestUpdateUserError" storage="f:\src\adiam_cloud_nightly_tester\bins\debug\amd64\syncfabric\tests\testboxerrorreporting\microsoft.activedirectory.connector.test.testboxerrorreporting.dll" id="df233803-875d-9714-f397-054679fa0b52">
      <Execution id="8155cc27-7284-4dd5-b4e6-29b28afb9bc2" />
      <TestMethod codeBase="f:\src\Adiam_Cloud_Nightly_Tester\bins\debug\amd64\SyncFabric\Tests\TestBoxErrorReporting\Microsoft.ActiveDirectory.Connector.Test.TestBoxErrorReporting.dll" adapterTypeName="Microsoft.VisualStudio.TestTools.TestTypes.Unit.UnitTestAdapter" className="Microsoft.ActiveDirectory.Connector.Test.BoxErrorReportingUnitTest" name="TestUpdateUserError" />
    </UnitTest>
  </TestDefinitions>
  <TestEntries>
    <TestEntry testId="aa7bbb35-ba7c-a656-3bb0-aca6a0df3cc1" executionId="8dc81eba-afc5-4a99-9b5c-db5d9dcd5591" testListId="8c84fa94-04c1-424b-9868-57a2d4851a1d" />
    <TestEntry testId="66fff366-0a40-720c-5230-1229347cfe4c" executionId="2eb4b52a-8c33-4805-b752-6ccba9e3c8d2" testListId="8c84fa94-04c1-424b-9868-57a2d4851a1d" />
    <TestEntry testId="8c0c2798-7019-6e57-70d5-b03b9711759b" executionId="b83abc7d-b1a7-482b-a144-3da3a68dde3c" testListId="8c84fa94-04c1-424b-9868-57a2d4851a1d" />
    <TestEntry testId="a4742de9-39bf-5d5f-4df7-8c29d6441ab0" executionId="5f22c3ba-97f4-4f92-b65f-9e59fdf104d3" testListId="8c84fa94-04c1-424b-9868-57a2d4851a1d" />
    <TestEntry testId="df233803-875d-9714-f397-054679fa0b52" executionId="8155cc27-7284-4dd5-b4e6-29b28afb9bc2" testListId="8c84fa94-04c1-424b-9868-57a2d4851a1d" />
  </TestEntries>
  <TestLists>
    <TestList name="Results Not in a List" id="8c84fa94-04c1-424b-9868-57a2d4851a1d" />
    <TestList name="All Loaded Results" id="19431567-8539-422a-85d7-44ee4e166bda" />
  </TestLists>
  <ResultSummary outcome="Completed">
    <Counters total="5" executed="5" passed="5" failed="0" error="0" timeout="0" aborted="0" inconclusive="0" passedButRunAborted="0" notRunnable="0" notExecuted="0" disconnected="0" warning="0" completed="0" inProgress="0" pending="0" />
  </ResultSummary>
</TestRun>